[14:48:44] Command: --outdir /home/fatemeh/Desktop/prokka/ENC --locustag ENC --genus Enterobacter --species cloacae --kingdom Bacteria --gram neg /home/fatemeh/EnTrI/data/fasta-genome/chromosome/ENC.fa
[14:48:44] Looking for 'aragorn' - found /usr/bin/aragorn
[14:48:44] Determined aragorn version is 1.2
[14:48:44] Looking for 'blastp' - found /usr/bin/blastp
[14:48:45] Determined blastp version is 2.2
[14:48:45] Looking for 'cmpress' - found /usr/local/bin/cmpress
[14:48:46] Determined cmpress version is 1.1
[14:48:46] Looking for 'cmscan' - found /usr/local/bin/cmscan
[14:48:46] Determined cmscan version is 1.1
[14:48:46] Looking for 'egrep' - found /bin/egrep
[14:48:46] Looking for 'find' - found /usr/bin/find
[14:48:46] Looking for 'grep' - found /bin/grep
[14:48:46] Looking for 'hmmpress' - found /usr/local/bin/hmmpress
[14:48:46] Determined hmmpress version is 3.1
[14:48:46] Looking for 'hmmscan' - found /usr/local/bin/hmmscan
[14:48:46] Determined hmmscan version is 3.1
[14:48:46] Looking for 'less' - found /usr/bin/less
[14:48:46] Looking for 'makeblastdb' - found /usr/bin/makeblastdb
[14:48:46] Determined makeblastdb version is 2.2
[14:48:46] Looking for 'minced' - found /home/fatemeh/program-bank/prokka-1.11/bin/../binaries/linux/../common/minced
[14:48:46] Determined minced version is 1.6
[14:48:46] Looking for 'parallel' - found /usr/bin/parallel
[14:48:46] Determined parallel version is 20130922
[14:48:46] Looking for 'prodigal' - found /usr/bin/prodigal
[14:48:46] Determined prodigal version is 2.6
[14:48:46] Looking for 'prokka-genbank_to_fasta_db' - found /home/fatemeh/program-bank/prokka-1.11/bin/prokka-genbank_to_fasta_db
[14:48:46] Looking for 'sed' - found /bin/sed
[14:48:46] Looking for 'signalp' - found /home/fatemeh/program-bank/signalp
[14:48:47] Determined signalp version is 4.1
[14:48:47] Looking for 'tbl2asn' - found /home/fatemeh/program-bank/tbl2asn
[14:48:47] Determined tbl2asn version is 23.9
[14:48:47] Using genetic code table 11.
[14:48:47] Loading and checking input file: /home/fatemeh/EnTrI/data/fasta-genome/chromosome/ENC.fa
[14:48:48] Wrote 1 contigs
[14:48:48] Predicting tRNAs and tmRNAs
[14:48:48] Running: aragorn -gc11  -w \/home\/fatemeh\/Desktop\/prokka\/ENC\/ENC_03082017\.fna
[14:48:50] 1 tRNA-Thr c[151404,151479] 34 (ggt)
[14:48:50] 2 tRNA-Gly c[151486,151560] 34 (tcc)
[14:48:50] 3 tRNA-Tyr c[151677,151761] 35 (gta)
[14:48:50] 4 tRNA-Thr c[151770,151845] 34 (tgt)
[14:48:50] 5 tRNA-Pro c[160527,160603] 35 (tgg)
[14:48:50] 6 tRNA-Pro c[217528,217604] 35 (tgg)
[14:48:50] 7 tRNA-Ser c[217649,217735] 35 (cag)
[14:48:50] 8 tRNA-His c[217757,217832] 34 (gtg)
[14:48:50] 9 tRNA-Arg c[217900,217976] 35 (ccg)
[14:48:50] 10 tRNA-seC [299485,299579] 35 (tca)
[14:48:50] 11 tRNA-Thr [390499,390583] 31 (cgt)
[14:48:50] 12 tRNA-Gly [595770,595845] 34 (gcc)
[14:48:50] 13 tRNA-Cys [595897,595970] 33 (gca)
[14:48:50] 14 tRNA-Leu [595982,596068] 35 (taa)
[14:48:50] 15 tRNA-Tyr c[831743,831827] 35 (gta)
[14:48:50] 16 tRNA-Tyr c[831862,831946] 35 (gta)
[14:48:50] 17 tRNA-Leu c[1011787,1011864] 32 (taa)
[14:48:50] 18 tRNA-Val [1396695,1396771] 35 (gac)
[14:48:50] 19 tRNA-Val [1396776,1396852] 35 (gac)
[14:48:50] 20 tRNA-Ser [1649357,1649444] 35 (gga)
[14:48:50] 21 tRNA-Ser [1652405,1652492] 35 (gga)
[14:48:50] 22 tRNA-Ser c[1688023,1688110] 35 (tga)
[14:48:50] 23 tRNA-Ser c[1693564,1693651] 35 (tga)
[14:48:50] 24 tRNA-Arg c[1766496,1766572] 35 (tct)
[14:48:50] 25 tRNA-Lys c[2038220,2038295] 34 (ttt)
[14:48:50] 26 tRNA-Lys c[2038327,2038402] 34 (ttt)
[14:48:50] 27 tRNA-Lys c[2038444,2038519] 34 (ttt)
[14:48:50] 28 tRNA-Val c[2038523,2038598] 34 (tac)
[14:48:50] 29 tRNA-Lys c[2038626,2038701] 34 (ttt)
[14:48:50] 30 tRNA-Met [2102449,2102525] 35 (cat)
[14:48:50] 31 tRNA-Leu [2102534,2102618] 35 (tag)
[14:48:50] 32 tRNA-Gln [2102642,2102716] 33 (ttg)
[14:48:50] 33 tRNA-Gln [2102749,2102823] 33 (ttg)
[14:48:50] 34 tRNA-Met [2102841,2102917] 35 (cat)
[14:48:50] 35 tRNA-Gln [2102959,2103033] 33 (ctg)
[14:48:50] 36 tRNA-Gln [2103068,2103142] 33 (ctg)
[14:48:50] 37 tRNA-Arg c[2255833,2255909] 35 (tct)
[14:48:50] 38 tRNA-Thr c[2499620,2499695] 34 (cgt)
[14:48:50] 39 tRNA-Asp c[2529123,2529199] 35 (gtc)
[14:48:50] 40 tRNA-Asp c[2538557,2538633] 35 (gtc)
[14:48:50] 41 tRNA-Asn [2539130,2539205] 34 (gtt)
[14:48:50] 42 tmRNA [2847458,2847821] 91,126 ANDENYALAA**
[14:48:50] 43 tRNA-Arg [2966547,2966619] 31 (tcg)
[14:48:50] 44 tRNA-Arg c[2966559,2966635] 35 (acg)
[14:48:50] 45 tRNA-Ser c[2966640,2966732] 35 (gct)
[14:48:50] 46 tRNA-Gly c[3154036,3154109] 33 (ccc)
[14:48:50] 47 tRNA-Phe [3253837,3253912] 34 (gaa)
[14:48:50] 48 tRNA-Met c[3458020,3458096] 35 (cat)
[14:48:50] 49 tRNA-Leu c[3459917,3460003] 35 (gag)
[14:48:50] 50 tRNA-Thr c[3568055,3568130] 34 (ggt)
[14:48:50] 51 tRNA-Gln [3574558,3574654] 35 (ctg)
[14:48:50] 52 tRNA-Lys c[3896135,3896210] 34 (ttt)
[14:48:50] 53 tRNA-Val c[3896215,3896290] 34 (tac)
[14:48:50] 54 tRNA-Val c[3896320,3896395] 34 (tac)
[14:48:50] 55 tRNA-Val c[3896437,3896512] 34 (tac)
[14:48:50] 56 tRNA-Ala [3899648,3899723] 34 (ggc)
[14:48:50] 57 tRNA-Ala [3899765,3899840] 34 (ggc)
[14:48:50] 58 tRNA-Arg c[3918663,3918735] 34 (cct)
[14:48:50] 59 tRNA-Asn [4234366,4234441] 34 (gtt)
[14:48:50] 60 tRNA-Asn c[4248123,4248198] 34 (gtt)
[14:48:50] 61 tRNA-Asn c[4259067,4259142] 34 (gtt)
[14:48:50] 62 tRNA-Phe c[4310488,4310563] 34 (gaa)
[14:48:50] 63 tRNA-Leu [4472538,4472622] 35 (caa)
[14:48:50] 64 tRNA-Ser c[4575402,4575488] 35 (cag)
[14:48:50] 65 tRNA-Ser c[4575521,4575605] 35 (cag)
[14:48:50] 66 tRNA-Ser c[4575634,4575720] 35 (cag)
[14:48:50] 67 tRNA-Trp c[4908348,4908423] 34 (cca)
[14:48:50] 68 tRNA-Asp c[4908476,4908552] 35 (gtc)
[14:48:50] Found 68 tRNAs
[14:48:50] Predicting Ribosomal RNAs
[14:48:50] You need either Barrnap or RNAmmer installed to predict rRNAs!
[14:48:50] Skipping ncRNA search, enable with --rfam if desired.
[14:48:50] Total of 67 tRNA + rRNA features
[14:48:50] Searching for CRISPR repeats
[14:48:52] CRISPR1 FP929040 1840054 with 10 spacers
[14:48:52] Found 1 CRISPRs
[14:48:52] Predicting coding sequences
[14:48:52] Contigs total 4908759 bp, so using single mode
[14:48:52] Running: prodigal -i \/home\/fatemeh\/Desktop\/prokka\/ENC\/ENC_03082017\.fna -c -m -g 11 -p single -f sco -q
[14:49:00] Excluding CDS which overlaps existing RNA (tRNA) at FP929040:389486..390772 on + strand
[14:49:01] Excluding CDS which overlaps existing RNA (tRNA) at FP929040:1011239..1012171 on + strand
[14:49:02] Excluding CDS which overlaps existing RNA (repeat_region) at FP929040:1840089..1840670 on - strand
[14:49:05] Excluding CDS which overlaps existing RNA (tRNA) at FP929040:3574034..3574837 on + strand
[14:49:06] Excluding CDS which overlaps existing RNA (tRNA) at FP929040:4234409..4234633 on + strand
[14:49:06] Found 4571 CDS
[14:49:06] Connecting features back to sequences
[14:49:06] Looking for signal peptides at start of predicted proteins
[14:49:06] Treating Bacteria as gram-
[14:49:13] Running: signalp -t gram- -f short  \/home\/fatemeh\/Desktop\/prokka\/ENC\/signalp\.faa 2> /dev/null
[14:52:46] Found 443 signal peptides
[14:52:46] Deleting unwanted file: /home/fatemeh/Desktop/prokka/ENC/signalp.faa
[14:52:46] Not using genus-specific database. Try --usegenus to enable it.
[14:52:46] Annotating CDS, please be patient.
[14:52:46] Will use 4 CPUs for similarity searching.
[14:52:51] There are still 4571 unannotated CDS left (started with 4571)
[14:52:51] Will use blast to search against /home/fatemeh/program-bank/prokka-1.11/bin/../db/kingdom/Bacteria/sprot with 4 CPUs
[14:52:51] Running: cat \/home\/fatemeh\/Desktop\/prokka\/ENC\/sprot\.faa | parallel --gnu --plain -j 4 --block 171627 --recstart '>' --pipe blastp -query - -db /home/fatemeh/program-bank/prokka-1.11/bin/../db/kingdom/Bacteria/sprot -evalue 1e-06 -num_threads 1 -num_descriptions 1 -num_alignments 1 -seg no > \/home\/fatemeh\/Desktop\/prokka\/ENC\/sprot\.blast 2> /dev/null
[14:56:13] Modify product: Probable transport protein HsrA => putative transport protein HsrA
[14:56:14] Modify product: Uncharacterized symporter YjmB => putative symporter YjmB
[14:56:14] Modify product: Probable transcriptional regulatory protein YebC => putative transcriptional regulatory protein YebC
[14:56:14] Modify product: Uncharacterized HTH-type transcriptional regulator YbbH => putative HTH-type transcriptional regulator YbbH
[14:56:14] Modify product: Probable manganese efflux pump MntP => putative manganese efflux pump MntP
[14:56:14] Modify product: Probable ATP-dependent helicase DinG => putative ATP-dependent helicase DinG
[14:56:14] Modify product: Uncharacterized acyl-CoA thioester hydrolase HI_0827 => putative acyl-CoA thioester hydrolase
[14:56:14] Modify product: Probable intracellular septation protein A => putative intracellular septation protein A
[14:56:14] Modify product: Uncharacterized oxidoreductase YciK => putative oxidoreductase YciK
[14:56:14] Modify product: Probable protease SohB => putative protease SohB
[14:56:14] Modify product: Probable diguanylate cyclase YcdT => putative diguanylate cyclase YcdT
[14:56:14] Modify product: Probable D,D-dipeptide transport ATP-binding protein DdpD => putative D,D-dipeptide transport ATP-binding protein DdpD
[14:56:14] Modify product: Uncharacterized oxidoreductase YcjS => putative oxidoreductase YcjS
[14:56:14] Modify product: Uncharacterized HTH-type transcriptional regulator YdcR => putative HTH-type transcriptional regulator YdcR
[14:56:14] Modify product: Uncharacterized hydrolase YxeP => putative hydrolase YxeP
[14:56:14] Modify product: Probable nitrate reductase molybdenum cofactor assembly chaperone NarW => putative nitrate reductase molybdenum cofactor assembly chaperone NarW
[14:56:14] Modify product: NADH dehydrogenase-like protein Rv1812c/MT1860 => NADH dehydrogenase-like protein/MT1860
[14:56:14] Modify product: Probable D,D-dipeptide transport ATP-binding protein DdpF => putative D,D-dipeptide transport ATP-binding protein DdpF
[14:56:14] Modify product: Probable D,D-dipeptide transport ATP-binding protein DdpD => putative D,D-dipeptide transport ATP-binding protein DdpD
[14:56:14] Modify product: Probable D,D-dipeptide transport system permease protein DdpC => putative D,D-dipeptide transport system permease protein DdpC
[14:56:14] Modify product: Probable D,D-dipeptide transport system permease protein DdpB => putative D,D-dipeptide transport system permease protein DdpB
[14:56:14] Modify product: Probable D,D-dipeptide-binding periplasmic protein DdpA precursor => putative D,D-dipeptide-binding periplasmic protein DdpA precursor
[14:56:14] Modify product: Probable quorum-quenching lactonase YtnP => putative quorum-quenching lactonase YtnP
[14:56:14] Modify product: Uncharacterized oxidoreductase YghA => putative oxidoreductase YghA
[14:56:14] Modify product: Probable transport protein HsrA => putative transport protein HsrA
[14:56:14] Modify product: Probable diguanylate cyclase AdrA => putative diguanylate cyclase AdrA
[14:56:14] Modify product: Uncharacterized N-acetyltransferase YsnE => putative N-acetyltransferase YsnE
[14:56:14] Modify product: Uncharacterized isomerase YddE => putative isomerase YddE
[14:56:14] Modify product: Probable amino-acid metabolite efflux pump => putative amino-acid metabolite efflux pump
[14:56:14] Modify product: Uncharacterized protease YhbU precursor => putative protease YhbU precursor
[14:56:14] Modify product: Uncharacterized oxidoreductase YdgJ => putative oxidoreductase YdgJ
[14:56:14] Modify product: Probable multidrug resistance protein EmrY => putative multidrug resistance protein EmrY
[14:56:14] Modify product: Putative O-methyltransferase MSMEG_5073/MSMEI_4947 => Putative O-methyltransferase/MSMEI_4947
[14:56:14] Modify product: Putative acetyltransferase SACOL2570 => Putative acetyltransferase
[14:56:14] Modify product: Uncharacterized lipoprotein YbjP precursor => putative lipoprotein YbjP precursor
[14:56:15] Modify product: Uncharacterized ABC transporter ATP-binding protein YheS => putative ABC transporter ATP-binding protein YheS
[14:56:15] Modify product: Probable L,D-transpeptidase YbiS precursor => putative L,D-transpeptidase YbiS precursor
[14:56:15] Modify product: Putative multidrug export ATP-binding/permease protein SAV1866 => Putative multidrug export ATP-binding/permease protein
[14:56:15] Modify product: Uncharacterized fimbrial-like protein YcbV precursor => putative fimbrial-like protein YcbV precursor
[14:56:15] Modify product: Probable ATP-dependent helicase DinG => putative ATP-dependent helicase DinG
[14:56:15] Modify product: Uncharacterized ABC transporter ATP-binding protein YbhF => putative ABC transporter ATP-binding protein YbhF
[14:56:15] Modify product: Uncharacterized ABC transporter ATP-binding protein YlmA => putative ABC transporter ATP-binding protein YlmA
[14:56:15] Modify product: Probable glutamine ABC transporter permease protein GlnM => putative glutamine ABC transporter permease protein GlnM
[14:56:15] Modify product: Uncharacterized HTH-type transcriptional regulator YbdO => putative HTH-type transcriptional regulator YbdO
[14:56:15] Modify product: Uncharacterized peptidase SA1530 => putative peptidase
[14:56:15] Modify product: Uncharacterized HTH-type transcriptional regulator YbdO => putative HTH-type transcriptional regulator YbdO
[14:56:15] Modify product: Probable siderophore transport system ATP-binding protein YusV => putative siderophore transport system ATP-binding protein YusV
[14:56:15] Modify product: Uncharacterized ABC transporter ATP-binding protein HI_1470 => putative ABC transporter ATP-binding protein
[14:56:15] Modify product: Uncharacterized periplasmic iron-binding protein HI_0362 precursor => putative periplasmic iron-binding protein precursor
[14:56:15] Modify product: Probable D,D-dipeptide-binding periplasmic protein DdpA precursor => putative D,D-dipeptide-binding periplasmic protein DdpA precursor
[14:56:15] Modify product: Probable D,D-dipeptide transport system permease protein DdpB => putative D,D-dipeptide transport system permease protein DdpB
[14:56:15] Modify product: Probable D,D-dipeptide transport system permease protein DdpC => putative D,D-dipeptide transport system permease protein DdpC
[14:56:15] Modify product: Probable cation-transporting ATPase F => putative cation-transporting ATPase F
[14:56:15] Modify product: Uncharacterized fimbrial-like protein ElfG precursor => putative fimbrial-like protein ElfG precursor
[14:56:15] Modify product: Bifunctional protein FolD => Bifunctional protein FolD protein
[14:56:15] Modify product: Uncharacterized ABC transporter ATP-binding protein YbbL => putative ABC transporter ATP-binding protein YbbL
[14:56:15] Modify product: Uncharacterized membrane protein YjcC => putative membrane protein YjcC
[14:56:15] Modify product: Uncharacterized HTH-type transcriptional regulator YdcR => putative HTH-type transcriptional regulator YdcR
[14:56:15] Modify product: Probable multidrug resistance ABC transporter ATP-binding/permease protein YheI => putative multidrug resistance ABC transporter ATP-binding/permease protein YheI
[14:56:15] Modify product: Probable siderophore biosynthesis protein SbnA => putative siderophore biosynthesis protein SbnA
[14:56:15] Modify product: Probable 6-phospho-beta-glucosidase => putative 6-phospho-beta-glucosidase
[14:56:15] Modify product: Uncharacterized HTH-type transcriptional regulator YidP => putative HTH-type transcriptional regulator YidP
[14:56:15] Modify product: Uncharacterized lipoprotein YajI precursor => putative lipoprotein YajI precursor
[14:56:15] Modify product: Probable peroxiredoxin => putative peroxiredoxin
[14:56:15] Modify product: Probable diguanylate cyclase AdrA => putative diguanylate cyclase AdrA
[14:56:16] Modify product: Probable diguanylate cyclase AdrA => putative diguanylate cyclase AdrA
[14:56:16] Modify product: Uncharacterized HTH-type transcriptional regulator CBU_1416 => putative HTH-type transcriptional regulator
[14:56:16] Modify product: Probable acyltransferase YihG => putative acyltransferase YihG
[14:56:16] Modify product: Probable GTP-binding protein EngB => putative GTP-binding protein EngB
[14:56:16] Modify product: Uncharacterized sugar isomerase YihS => putative sugar isomerase YihS
[14:56:16] Modify product: Uncharacterized aldolase YihT => putative aldolase YihT
[14:56:16] Modify product: Transcription termination/antitermination protein NusG => hypothetical protein
[14:56:16] Modify product: Uncharacterized MFS-type transporter YhjX => putative MFS-type transporter YhjX
[14:56:16] Modify product: Uncharacterized N-acetyltransferase YjaB => putative N-acetyltransferase YjaB
[14:56:16] Modify product: Probable lipoprotein YiaD precursor => putative lipoprotein YiaD precursor
[14:56:16] Modify product: Uncharacterized ABC transporter ATP-binding protein YjjK => putative ABC transporter ATP-binding protein YjjK
[14:56:16] Modify product: Probable protein kinase UbiB => putative protein kinase UbiB
[14:56:16] Modify product: Probable transport protein YifK => putative transport protein YifK
[14:56:16] Modify product: Transcription termination factor Rho => hypothetical protein
[14:56:16] Modify product: Uncharacterized glycosyltransferase EpsJ => putative glycosyltransferase EpsJ
[14:56:16] Modify product: Uncharacterized lipoprotein GfcB precursor => putative lipoprotein GfcB precursor
[14:56:16] Modify product: Uncharacterized N-acetyltransferase YjaB => putative N-acetyltransferase YjaB
[14:56:16] Modify product: Probable fimbrial chaperone protein ElfD precursor => putative fimbrial chaperone protein ElfD precursor
[14:56:16] Modify product: Fimbrillin MatB homolog precursor => hypothetical protein
[14:56:16] Modify product: Uncharacterized HTH-type transcriptional regulator YfiR => putative HTH-type transcriptional regulator YfiR
[14:56:16] Modify product: Uncharacterized inner membrane transporter YicL => putative inner membrane transporter YicL
[14:56:16] Modify product: Uncharacterized HTH-type transcriptional regulator YidP => putative HTH-type transcriptional regulator YidP
[14:56:16] Modify product: Probable adenine permease PurP => putative adenine permease PurP
[14:56:16] Modify product: Uncharacterized fimbrial-like protein ElfG precursor => putative fimbrial-like protein ElfG precursor
[14:56:16] Modify product: Probable outer membrane usher protein ElfC precursor => putative outer membrane usher protein ElfC precursor
[14:56:16] Modify product: Probable transport protein HsrA => putative transport protein HsrA
[14:56:16] Modify product: Uncharacterized lipoprotein GfcB precursor => putative lipoprotein GfcB precursor
[14:56:16] Modify product: Probable tRNA-dihydrouridine synthase => putative tRNA-dihydrouridine synthase
[14:56:16] Modify product: Uncharacterized membrane protein YjcC => putative membrane protein YjcC
[14:56:16] Modify product: Uncharacterized sugar kinase YdjH => putative sugar kinase YdjH
[14:56:16] Modify product: Probable fructose-bisphosphate aldolase => putative fructose-bisphosphate aldolase
[14:56:16] Modify product: Probable transcriptional regulator PhnF => putative transcriptional regulator PhnF
[14:56:16] Modify product: Uncharacterized HTH-type transcriptional regulator YdfH => putative HTH-type transcriptional regulator YdfH
[14:56:16] Modify product: Uncharacterized zinc-type alcohol dehydrogenase-like protein YjmD => putative zinc-type alcohol dehydrogenase-like protein YjmD
[14:56:16] Modify product: Probable DNA endonuclease SmrA => putative DNA endonuclease SmrA
[14:56:16] Modify product: DNA replication terminus site-binding protein => hypothetical protein
[14:56:16] Modify product: Uncharacterized oxidoreductase YdgJ => putative oxidoreductase YdgJ
[14:56:16] Modify product: Probable diguanylate cyclase YcdT => putative diguanylate cyclase YcdT
[14:56:17] Modify product: Probable glutamine ABC transporter permease protein GlnP => putative glutamine ABC transporter permease protein GlnP
[14:56:17] Modify product: Putative cystathionine beta-synthase Rv1077 => Putative cystathionine beta-synthase
[14:56:17] Modify product: Probable L,D-transpeptidase YnhG precursor => putative L,D-transpeptidase YnhG precursor
[14:56:17] Modify product: Probable ATP-dependent transporter SufC => putative ATP-dependent transporter SufC
[14:56:17] Modify product: Probable two-component-system connector protein YcgZ => putative two-component-system connector protein YcgZ
[14:56:17] Modify product: Probable two-component-system connector protein AriR => putative two-component-system connector protein AriR
[14:56:17] Modify product: Probable outer membrane usher protein ElfC precursor => putative outer membrane usher protein ElfC precursor
[14:56:17] Modify product: Stress response UPF0229 protein YhbH => hypothetical protein
[14:56:17] Modify product: Probable diguanylate cyclase YeaP => putative diguanylate cyclase YeaP
[14:56:17] Modify product: Uncharacterized membrane protein YoaK => putative membrane protein YoaK
[14:56:17] Modify product: Uncharacterized membrane protein YjcC => putative membrane protein YjcC
[14:56:17] Modify product: Uncharacterized deoxyribonuclease YcfH => putative deoxyribonuclease YcfH
[14:56:17] Modify product: Probable peptidoglycan biosynthesis protein MurJ => putative peptidoglycan biosynthesis protein MurJ
[14:56:17] Modify product: Uncharacterized lipoprotein YceB precursor => putative lipoprotein YceB precursor
[14:56:17] Modify product: Probable adenylyltransferase/sulfurtransferase MoeZ => putative adenylyltransferase/sulfurtransferase MoeZ
[14:56:17] Modify product: Probable phosphatase YcdX => putative phosphatase YcdX
[14:56:17] Modify product: Probable malonic semialdehyde reductase RutE => putative malonic semialdehyde reductase RutE
[14:56:17] Modify product: Uncharacterized HTH-type transcriptional regulator YtcD => putative HTH-type transcriptional regulator YtcD
[14:56:17] Modify product: Uncharacterized MscS family protein HI_0195.1 precursor => putative MscS family protein.1 precursor
[14:56:17] Modify product: Probable ABC transporter permease protein HI_1471 => putative ABC transporter permease protein
[14:56:17] Modify product: Probable siderophore transport system ATP-binding protein YusV => putative siderophore transport system ATP-binding protein YusV
[14:56:17] Modify product: Probable metallo-hydrolase M6_Spy0554 => putative metallo-hydrolase
[14:56:17] Modify product: Probable formate transporter 1 => putative formate transporter 1
[14:56:17] Modify product: Uncharacterized MFS-type transporter YcaD => putative MFS-type transporter YcaD
[14:56:17] Modify product: Putative multidrug export ATP-binding/permease protein SAV1866 => Putative multidrug export ATP-binding/permease protein
[14:56:17] Modify product: Uncharacterized methyltransferase YcgJ => putative methyltransferase YcgJ
[14:56:17] Modify product: Uncharacterized ABC transporter ATP-binding protein YheS => putative ABC transporter ATP-binding protein YheS
[14:56:17] Modify product: Probable adenosine monophosphate-protein transferase fic => putative adenosine monophosphate-protein transferase fic
[14:56:17] Modify product: Uncharacterized oxidoreductase YhhX => putative oxidoreductase YhhX
[14:56:17] Modify product: Probable 4-amino-4-deoxy-L-arabinose-phosphoundecaprenol flippase subunit ArnF => putative 4-amino-4-deoxy-L-arabinose-phosphoundecaprenol flippase subunit ArnF
[14:56:17] Modify product: Probable 4-amino-4-deoxy-L-arabinose-phosphoundecaprenol flippase subunit ArnE => putative 4-amino-4-deoxy-L-arabinose-phosphoundecaprenol flippase subunit ArnE
[14:56:17] Modify product: Probable 4-deoxy-4-formamido-L-arabinose-phosphoundecaprenol deformylase ArnD => putative 4-deoxy-4-formamido-L-arabinose-phosphoundecaprenol deformylase ArnD
[14:56:18] Modify product: Probable diguanylate cyclase YfiN => putative diguanylate cyclase YfiN
[14:56:18] Modify product: Probable inorganic polyphosphate/ATP-NAD kinase => putative inorganic polyphosphate/ATP-NAD kinase
[14:56:18] Modify product: Uncharacterized multiple-sugar transport system permease YteP => putative multiple-sugar transport system permease YteP
[14:56:18] Modify product: Probable HTH-type transcriptional repressor ExuR => putative HTH-type transcriptional repressor ExuR
[14:56:18] Modify product: Uncharacterized HTH-type transcriptional regulator YbaQ => putative HTH-type transcriptional regulator YbaQ
[14:56:18] Modify product: Probable aromatic acid decarboxylase => putative aromatic acid decarboxylase
[14:56:18] Modify product: Uncharacterized hydrolase YxeP => putative hydrolase YxeP
[14:56:18] Modify product: Uncharacterized HTH-type transcriptional regulator YbbH => putative HTH-type transcriptional regulator YbbH
[14:56:18] Modify product: Probable glucarate transporter => putative glucarate transporter
[14:56:18] Modify product: Uncharacterized lipoprotein YgdR precursor => putative lipoprotein YgdR precursor
[14:56:18] Modify product: Probable L-ascorbate-6-phosphate lactonase UlaG => putative L-ascorbate-6-phosphate lactonase UlaG
[14:56:18] Modify product: Uncharacterized oxidoreductase YcjS => putative oxidoreductase YcjS
[14:56:18] Modify product: Uncharacterized oxidoreductase YcjS => putative oxidoreductase YcjS
[14:56:18] Modify product: Probable licABCH operon regulator => putative licABCH operon regulator
[14:56:18] Modify product: Probable N-acetylneuraminic acid outer membrane channel protein NanC precursor => putative N-acetylneuraminic acid outer membrane channel protein NanC precursor
[14:56:18] Modify product: Probable 2-keto-3-deoxy-galactonate aldolase YagE => putative 2-keto-3-deoxy-galactonate aldolase YagE
[14:56:18] Modify product: Uncharacterized HTH-type transcriptional regulator YjiR => putative HTH-type transcriptional regulator YjiR
[14:56:18] Modify product: Uncharacterized GTP-binding protein YjiA => putative GTP-binding protein YjiA
[14:56:18] Modify product: Probable diguanylate cyclase YcdT => putative diguanylate cyclase YcdT
[14:56:18] Modify product: Uncharacterized deoxyribonuclease YjjV => putative deoxyribonuclease YjjV
[14:56:18] Modify product: DNA repair protein RadA homolog => hypothetical protein
[14:56:18] Modify product: Zinc-type alcohol dehydrogenase-like protein SA1988 => Zinc-type alcohol dehydrogenase-like protein
[14:56:18] Modify product: Uncharacterized ABC transporter ATP-binding protein YjjK => putative ABC transporter ATP-binding protein YjjK
[14:56:18] Modify product: Uncharacterized tRNA/rRNA methyltransferase HI_0380 => putative tRNA/rRNA methyltransferase
[14:56:18] Modify product: Probable mannose-6-phosphate isomerase GmuF => putative mannose-6-phosphate isomerase GmuF
[14:56:18] Modify product: Uncharacterized lipoprotein YgdR precursor => putative lipoprotein YgdR precursor
[14:56:19] Modify product: Uncharacterized fimbrial-like protein YcbV precursor => putative fimbrial-like protein YcbV precursor
[14:56:19] Modify product: Probable tRNA (adenine(37)-N6)-methyltransferase => putative tRNA (adenine(37)-N6)-methyltransferase
[14:56:19] Modify product: Uncharacterized GST-like protein YibF => putative GST-like protein YibF
[14:56:19] Modify product: Uncharacterized lipoprotein YgdR precursor => putative lipoprotein YgdR precursor
[14:56:19] Modify product: Probable sulfoacetate transporter SauU => putative sulfoacetate transporter SauU
[14:56:19] Modify product: Probable Fe(2+)-trafficking protein => putative Fe(2+)-trafficking protein
[14:56:19] Modify product: Uncharacterized membrane protein YdfK => putative membrane protein YdfK
[14:56:19] Modify product: Probable quinol monooxygenase YgiN => putative quinol monooxygenase YgiN
[14:56:19] Modify product: Uncharacterized HTH-type transcriptional regulator YbbH => putative HTH-type transcriptional regulator YbbH
[14:56:19] Modify product: Probable siderophore transport system permease protein YfiZ precursor => putative siderophore transport system permease protein YfiZ precursor
[14:56:19] Modify product: Probable siderophore transport system ATP-binding protein YusV => putative siderophore transport system ATP-binding protein YusV
[14:56:19] Modify product: Probable glycerol-3-phosphate acyltransferase => putative glycerol-3-phosphate acyltransferase
[14:56:19] Modify product: Probable metabolite transport protein CsbC => putative metabolite transport protein CsbC
[14:56:19] Modify product: Probable outer membrane usher protein ElfC precursor => putative outer membrane usher protein ElfC precursor
[14:56:19] Modify product: Uncharacterized fimbrial-like protein ElfG precursor => putative fimbrial-like protein ElfG precursor
[14:56:19] Modify product: Uncharacterized fimbrial-like protein YcbU precursor => putative fimbrial-like protein YcbU precursor
[14:56:19] Modify product: Uncharacterized fimbrial-like protein YcbV precursor => putative fimbrial-like protein YcbV precursor
[14:56:19] Modify product: Uncharacterized fimbrial chaperone YcbF precursor => putative fimbrial chaperone YcbF precursor
[14:56:19] Modify product: Uncharacterized protease YhbU precursor => putative protease YhbU precursor
[14:56:20] Modify product: Transcription termination/antitermination protein NusA => hypothetical protein
[14:56:20] Modify product: Uncharacterized inner membrane transporter YhbE => putative inner membrane transporter YhbE
[14:56:20] Modify product: Probable phospholipid ABC transporter-binding protein MlaB => putative phospholipid ABC transporter-binding protein MlaB
[14:56:20] Modify product: Probable phospholipid-binding protein MlaC precursor => putative phospholipid-binding protein MlaC precursor
[14:56:20] Modify product: Probable phospholipid ABC transporter-binding protein MlaD => putative phospholipid ABC transporter-binding protein MlaD
[14:56:20] Modify product: Probable phospholipid ABC transporter permease protein MlaE => putative phospholipid ABC transporter permease protein MlaE
[14:56:20] Modify product: Probable phospholipid import ATP-binding protein MlaF => putative phospholipid import ATP-binding protein MlaF
[14:56:20] Modify product: Probable acrylyl-CoA reductase AcuI => putative acrylyl-CoA reductase AcuI
[14:56:20] Modify product: Probable acrEF/envCD operon repressor => putative acrEF/envCD operon repressor
[14:56:20] Modify product: Probable copper-binding protein PcoE precursor => putative copper-binding protein PcoE precursor
[14:56:20] Modify product: Zinc-type alcohol dehydrogenase-like protein SA1988 => Zinc-type alcohol dehydrogenase-like protein
[14:56:20] Modify product: Zinc-type alcohol dehydrogenase-like protein SA1988 => Zinc-type alcohol dehydrogenase-like protein
[14:56:20] Modify product: Probable siderophore transport system ATP-binding protein YusV => putative siderophore transport system ATP-binding protein YusV
[14:56:20] Modify product: Probable RNA polymerase sigma factor FecI => putative RNA polymerase sigma factor FecI
[14:56:20] Modify product: Uncharacterized ferredoxin-like protein YfhL => putative ferredoxin-like protein YfhL
[14:56:20] Modify product: PTS system EIIBC component SA0186 => PTS system EIIBC component
[14:56:20] Modify product: Probable 3-phenylpropionic acid transporter => putative 3-phenylpropionic acid transporter
[14:56:20] Modify product: Probable deferrochelatase/peroxidase YfeX => putative deferrochelatase/peroxidase YfeX
[14:56:20] Modify product: Probable phospholipid-binding lipoprotein MlaA precursor => putative phospholipid-binding lipoprotein MlaA precursor
[14:56:20] Modify product: Epimerase family protein SA0724 => Epimerase family protein
[14:56:20] Modify product: Uncharacterized Nudix hydrolase YfcD => putative Nudix hydrolase YfcD
[14:56:20] Modify product: Uncharacterized GTP-binding protein YjiA => putative GTP-binding protein YjiA
[14:56:20] Modify product: Probable D,D-dipeptide-binding periplasmic protein DdpA precursor => putative D,D-dipeptide-binding periplasmic protein DdpA precursor
[14:56:21] Modify product: Probable D,D-dipeptide transport system permease protein DdpC => putative D,D-dipeptide transport system permease protein DdpC
[14:56:21] Modify product: Probable lipid kinase YegS => putative lipid kinase YegS
[14:56:21] Modify product: Uncharacterized protease YhbU precursor => putative protease YhbU precursor
[14:56:21] Modify product: Probable diguanylate cyclase YegE => putative diguanylate cyclase YegE
[14:56:21] Modify product: PGL/p-HBAD biosynthesis glycosyltransferase Rv2957/MT3031 => PGL/p-HBAD biosynthesis glycosyltransferase/MT3031
[14:56:21] Modify product: Putative acetyltransferase SACOL2570 => Putative acetyltransferase
[14:56:21] Modify product: Probable cation-transporting ATPase F => putative cation-transporting ATPase F
[14:56:21] Modify product: Probable L,D-transpeptidase ErfK/SrfK precursor => putative L,D-transpeptidase ErfK/SrfK precursor
[14:56:21] Modify product: Uncharacterized inner membrane transporter YedA => putative inner membrane transporter YedA
[14:56:21] Cleaned 212 /product names
[14:56:21] Deleting unwanted file: /home/fatemeh/Desktop/prokka/ENC/sprot.faa
[14:56:21] Deleting unwanted file: /home/fatemeh/Desktop/prokka/ENC/sprot.blast
[14:56:23] There are still 1361 unannotated CDS left (started with 4571)
[14:56:23] Will use hmmer3 to search against /home/fatemeh/program-bank/prokka-1.11/bin/../db/hmm/CLUSTERS.hmm with 4 CPUs
[14:56:23] Running: cat \/home\/fatemeh\/Desktop\/prokka\/ENC\/CLUSTERS\.hmm\.faa | parallel --gnu --plain -j 4 --block 35400 --recstart '>' --pipe hmmscan --noali --notextw --acc -E 1e-06 --cpu 1 /home/fatemeh/program-bank/prokka-1.11/bin/../db/hmm/CLUSTERS.hmm /dev/stdin > \/home\/fatemeh\/Desktop\/prokka\/ENC\/CLUSTERS\.hmm\.hmmer3 2> /dev/null
[15:00:34] Deleting unwanted file: /home/fatemeh/Desktop/prokka/ENC/CLUSTERS.hmm.faa
[15:00:34] Deleting unwanted file: /home/fatemeh/Desktop/prokka/ENC/CLUSTERS.hmm.hmmer3
[15:00:35] There are still 1022 unannotated CDS left (started with 4571)
[15:00:35] Will use hmmer3 to search against /home/fatemeh/program-bank/prokka-1.11/bin/../db/hmm/HAMAP.hmm with 4 CPUs
[15:00:35] Running: cat \/home\/fatemeh\/Desktop\/prokka\/ENC\/HAMAP\.hmm\.faa | parallel --gnu --plain -j 4 --block 25577 --recstart '>' --pipe hmmscan --noali --notextw --acc -E 1e-06 --cpu 1 /home/fatemeh/program-bank/prokka-1.11/bin/../db/hmm/HAMAP.hmm /dev/stdin > \/home\/fatemeh\/Desktop\/prokka\/ENC\/HAMAP\.hmm\.hmmer3 2> /dev/null
[15:01:50] Deleting unwanted file: /home/fatemeh/Desktop/prokka/ENC/HAMAP.hmm.faa
[15:01:50] Deleting unwanted file: /home/fatemeh/Desktop/prokka/ENC/HAMAP.hmm.hmmer3
[15:01:52] There are still 1012 unannotated CDS left (started with 4571)
[15:01:52] Will use hmmer3 to search against /home/fatemeh/program-bank/prokka-1.11/bin/../db/hmm/Pfam.hmm with 4 CPUs
[15:01:52] Running: cat \/home\/fatemeh\/Desktop\/prokka\/ENC\/Pfam\.hmm\.faa | parallel --gnu --plain -j 4 --block 25371 --recstart '>' --pipe hmmscan --noali --notextw --acc -E 1e-06 --cpu 1 /home/fatemeh/program-bank/prokka-1.11/bin/../db/hmm/Pfam.hmm /dev/stdin > \/home\/fatemeh\/Desktop\/prokka\/ENC\/Pfam\.hmm\.hmmer3 2> /dev/null
[15:08:54] Modify product: SCP-2 sterol transfer family => SCP-2 sterol transfer family protein
[15:08:54] Modify product: EamA-like transporter family => EamA-like transporter family protein
[15:08:54] Modify product: EamA-like transporter family => EamA-like transporter family protein
[15:08:54] Modify product: Ash protein family => Ash protein family protein
[15:08:54] Modify product: Poxvirus D5 protein-like => Poxvirus D5 protein-like protein
[15:08:54] Modify product: KAP family P-loop domain => KAP family P-loop domain protein
[15:08:54] Modify product: EAL domain => EAL domain protein
[15:08:54] Modify product: Acetyltransferase (GNAT) family => Acetyltransferase (GNAT) family protein
[15:08:54] Modify product: Acetyltransferase (GNAT) family => Acetyltransferase (GNAT) family protein
[15:08:54] Modify product: EamA-like transporter family => EamA-like transporter family protein
[15:08:54] Modify product: Sodium Bile acid symporter family => Sodium Bile acid symporter family protein
[15:08:54] Modify product: Cupin domain => Cupin domain protein
[15:08:54] Modify product: Sel1 repeat => Sel1 repeat protein
[15:08:54] Modify product: NAD dependent epimerase/dehydratase family => NAD dependent epimerase/dehydratase family protein
[15:08:54] Modify product: Spore Coat Protein U domain => Spore Coat Protein U domain protein
[15:08:54] Modify product: Spore Coat Protein U domain => Spore Coat Protein U domain protein
[15:08:54] Modify product: Spore Coat Protein U domain => Spore Coat Protein U domain protein
[15:08:54] Modify product: ImpA-related N-terminal => hypothetical protein
[15:08:54] Modify product: FHA domain => FHA domain protein
[15:08:54] Modify product: DsrE/DsrF-like family => DsrE/DsrF-like family protein
[15:08:54] Modify product: ImpA-related N-terminal => hypothetical protein
[15:08:54] Modify product: Cupin domain => Cupin domain protein
[15:08:54] Modify product: Helix-turn-helix domain => Helix-turn-helix domain protein
[15:08:54] Modify product: Flavin reductase like domain => Flavin reductase like domain protein
[15:08:54] Modify product: Glyoxalase/Bleomycin resistance protein/Dioxygenase superfamily => Glyoxalase/Bleomycin resistance protein/Dioxygenase superfamily protein
[15:08:54] Modify product: Metallo-beta-lactamase superfamily => Metallo-beta-lactamase superfamily protein
[15:08:54] Modify product: Terminase-like family => Terminase-like family protein
[15:08:54] Modify product: P63C domain => P63C domain protein
[15:08:54] Modify product: Transglycosylase SLT domain => Transglycosylase SLT domain protein
[15:08:54] Modify product: PAP2 superfamily => PAP2 superfamily protein
[15:08:54] Modify product: Flavin reductase like domain => Flavin reductase like domain protein
[15:08:54] Modify product: ParB-like nuclease domain => ParB-like nuclease domain protein
[15:08:54] Modify product: Helix-turn-helix domain => Helix-turn-helix domain protein
[15:08:54] Modify product: Activator of Hsp90 ATPase homolog 1-like protein => hypothetical protein
[15:08:54] Modify product: LVIVD repeat => LVIVD repeat protein
[15:08:54] Modify product: Periplasmic binding proteins and sugar binding domain of LacI family => Periplasmic binding proteins and sugar binding domain of LacI family protein
[15:08:54] Modify product: 'Cold-shock' DNA-binding domain => 'Cold-shock' DNA-binding domain protein
[15:08:54] Modify product: Autotransporter beta-domain => Autotransporter beta-domain protein
[15:08:54] Modify product: FtsX-like permease family => FtsX-like permease family protein
[15:08:54] Modify product: TraB family => TraB family protein
[15:08:54] Modify product: Glyoxalase-like domain => Glyoxalase-like domain protein
[15:08:54] Modify product: Extensin-like protein C-terminus => hypothetical protein
[15:08:54] Modify product: Acetyltransferase (GNAT) family => Acetyltransferase (GNAT) family protein
[15:08:54] Modify product: Rhodanese-like domain => Rhodanese-like domain protein
[15:08:54] Modify product: Metallo-beta-lactamase superfamily => Metallo-beta-lactamase superfamily protein
[15:08:54] Modify product: SCP-2 sterol transfer family => SCP-2 sterol transfer family protein
[15:08:54] Modify product: GnsA/GnsB family => GnsA/GnsB family protein
[15:08:54] Modify product: Alpha/beta hydrolase family => Alpha/beta hydrolase family protein
[15:08:54] Modify product: Carboxymuconolactone decarboxylase family => Carboxymuconolactone decarboxylase family protein
[15:08:54] Modify product: PrkA AAA domain => PrkA AAA domain protein
[15:08:54] Modify product: YbaK / prolyl-tRNA synthetases associated domain => YbaK / prolyl-tRNA synthetases associated domain protein
[15:08:54] Modify product: Major Facilitator Superfamily => Major Facilitator Superfamily protein
[15:08:54] Modify product: Isochorismatase family => Isochorismatase family protein
[15:08:54] Modify product: Stress-induced bacterial acidophilic repeat motif => Stress-induced bacterial acidophilic repeat motif protein
[15:08:54] Modify product: NlpC/P60 family => NlpC/P60 family protein
[15:08:54] Modify product: Oxidoreductase molybdopterin binding domain => Oxidoreductase molybdopterin binding domain protein
[15:08:54] Modify product: Transglycosylase SLT domain => Transglycosylase SLT domain protein
[15:08:54] Modify product: PD-(D/E)XK nuclease superfamily => PD-(D/E)XK nuclease superfamily protein
[15:08:54] Modify product: VRR-NUC domain => VRR-NUC domain protein
[15:08:54] Modify product: SNF2 family N-terminal domain => hypothetical protein
[15:08:54] Modify product: Methyltransferase domain => Methyltransferase domain protein
[15:08:54] Modify product: YheO-like PAS domain => YheO-like PAS domain protein
[15:08:54] Modify product: MMPL family => MMPL family protein
[15:08:54] Modify product: Peptidase M16 inactive domain => Peptidase M16 inactive domain protein
[15:08:54] Modify product: AP2 domain => AP2 domain protein
[15:08:54] Modify product: Terminase-like family => Terminase-like family protein
[15:08:54] Modify product: NlpC/P60 family => NlpC/P60 family protein
[15:08:54] Modify product: SnoaL-like domain => SnoaL-like domain protein
[15:08:54] Modify product: Acetyltransferase (GNAT) family => Acetyltransferase (GNAT) family protein
[15:08:54] Modify product: Cupin domain => Cupin domain protein
[15:08:54] Modify product: Bacterial Transmembrane Pair family => Bacterial Transmembrane Pair family protein
[15:08:54] Modify product: Stress-induced bacterial acidophilic repeat motif => Stress-induced bacterial acidophilic repeat motif protein
[15:08:54] Modify product: Metallo-beta-lactamase superfamily => Metallo-beta-lactamase superfamily protein
[15:08:54] Modify product: Isochorismatase family => Isochorismatase family protein
[15:08:54] Modify product: Alanine racemase, N-terminal domain => hypothetical protein
[15:08:54] Modify product: YGGT family => YGGT family protein
[15:08:54] Modify product: Divergent AAA domain => Divergent AAA domain protein
[15:08:54] Modify product: B3/4 domain => B3/4 domain protein
[15:08:54] Modify product: SCP-2 sterol transfer family => SCP-2 sterol transfer family protein
[15:08:54] Modify product: Acetyltransferase (GNAT) family => Acetyltransferase (GNAT) family protein
[15:08:54] Modify product: AAA-like domain => AAA-like domain protein
[15:08:54] Modify product: AAA-like domain => AAA-like domain protein
[15:08:54] Modify product: Integrase core domain => Integrase core domain protein
[15:08:54] Modify product: Integrase core domain => Integrase core domain protein
[15:08:54] Modify product: Carboxymuconolactone decarboxylase family => Carboxymuconolactone decarboxylase family protein
[15:08:55] Modify product: Transglycosylase SLT domain => Transglycosylase SLT domain protein
[15:08:55] Modify product: Arc-like DNA binding domain => Arc-like DNA binding domain protein
[15:08:55] Modify product: TraG-like protein, N-terminal region => hypothetical protein
[15:08:55] Modify product: DSBA-like thioredoxin domain => DSBA-like thioredoxin domain protein
[15:08:55] Modify product: Integrase core domain => Integrase core domain protein
[15:08:55] Modify product: DTW domain => DTW domain protein
[15:08:55] Modify product: Alpha-2-macroglobulin family N-terminal region => hypothetical protein
[15:08:55] Modify product: Sodium Bile acid symporter family => Sodium Bile acid symporter family protein
[15:08:55] Modify product: Tripartite tricarboxylate transporter TctA family => Tripartite tricarboxylate transporter TctA family protein
[15:08:55] Modify product: Tripartite tricarboxylate transporter TctB family => Tripartite tricarboxylate transporter TctB family protein
[15:08:55] Modify product: YadA-like C-terminal region => hypothetical protein
[15:08:55] Modify product: NAD dependent epimerase/dehydratase family => NAD dependent epimerase/dehydratase family protein
[15:08:55] Modify product: Acyltransferase family => Acyltransferase family protein
[15:08:55] Modify product: Major Facilitator Superfamily => Major Facilitator Superfamily protein
[15:08:55] Modify product: Opacity-associated protein A LysM-like domain => Opacity-associated protein A LysM-like domain protein
[15:08:55] Modify product: Oxidoreductase family, C-terminal alpha/beta domain => hypothetical protein
[15:08:55] Modify product: PRD domain => PRD domain protein
[15:08:55] Modify product: Ash protein family => Ash protein family protein
[15:08:55] Modify product: AAA-like domain => AAA-like domain protein
[15:08:55] Modify product: RecF/RecN/SMC N terminal domain => hypothetical protein
[15:08:55] Modify product: Sugar-binding cellulase-like => Sugar-binding cellulase-like protein
[15:08:55] Modify product: Isochorismatase family => Isochorismatase family protein
[15:08:55] Modify product: Glyoxalase-like domain => Glyoxalase-like domain protein
[15:08:55] Modify product: Helix-turn-helix domain => Helix-turn-helix domain protein
[15:08:55] Modify product: HTH domain => HTH domain protein
[15:08:55] Modify product: Acetyltransferase (GNAT) family => Acetyltransferase (GNAT) family protein
[15:08:55] Cleaned 111 /product names
[15:08:55] Deleting unwanted file: /home/fatemeh/Desktop/prokka/ENC/Pfam.hmm.faa
[15:08:55] Deleting unwanted file: /home/fatemeh/Desktop/prokka/ENC/Pfam.hmm.hmmer3
[15:08:55] Labelling remaining 760 proteins as 'hypothetical protein'
[15:08:55] Possible /pseudo 'Inner membrane symporter YihP' at FP929040 position 19833
[15:08:55] Possible /pseudo 'Formate dehydrogenase-O major subunit precursor' at FP929040 position 37961
[15:08:55] Possible /pseudo '6-N-hydroxylaminopurine resistance protein' at FP929040 position 65600
[15:08:55] Possible /pseudo 'Formate dehydrogenase H' at FP929040 position 541783
[15:08:55] Possible /pseudo 'Non-heme chloroperoxidase' at FP929040 position 600651
[15:08:55] Possible /pseudo 'Arabinose import ATP-binding protein AraG' at FP929040 position 620250
[15:08:55] Possible /pseudo 'Spore Coat Protein U domain protein' at FP929040 position 633128
[15:08:55] Possible /pseudo 'Protease 2' at FP929040 position 680704
[15:08:55] Possible /pseudo 'Cyclic di-GMP phosphodiesterase Gmr' at FP929040 position 893767
[15:08:55] Possible /pseudo 'ATP-dependent RNA helicase DbpA' at FP929040 position 969936
[15:08:55] Possible /pseudo 'Pyruvate-flavodoxin oxidoreductase' at FP929040 position 976650
[15:08:55] Possible /pseudo 'NADPH-dependent curcumin reductase' at FP929040 position 998444
[15:08:55] Possible /pseudo 'Phenylacetate-coenzyme A ligase' at FP929040 position 1220861
[15:08:55] Possible /pseudo '3-hydroxyadipyl-CoA dehydrogenase' at FP929040 position 1223966
[15:08:55] Possible /pseudo 'Uronate isomerase' at FP929040 position 1267443
[15:08:55] Possible /pseudo 'Tyrosine--tRNA ligase' at FP929040 position 1368710
[15:08:55] Possible /pseudo 'Multidrug resistance protein MdtK' at FP929040 position 1395474
[15:08:55] Possible /pseudo 'putative DNA-binding transcriptional regulator' at FP929040 position 1437552
[15:08:55] Possible /pseudo 'HTH-type transcriptional regulator MurR' at FP929040 position 1511131
[15:08:55] Possible /pseudo 'Lipoprotein-releasing system transmembrane protein LolE' at FP929040 position 1565895
[15:08:55] Possible /pseudo 'Glucose-1-phosphatase precursor' at FP929040 position 1683721
[15:08:55] Possible /pseudo 'Outer-membrane lipoprotein carrier protein precursor' at FP929040 position 1828237
[15:08:55] Possible /pseudo '23S rRNA (uracil(747)-C(5))-methyltransferase RlmC' at FP929040 position 1890463
[15:08:55] Possible /pseudo 'Glutathione import ATP-binding protein GsiA' at FP929040 position 1920344
[15:08:55] Possible /pseudo 'Molybdopterin-synthase adenylyltransferase' at FP929040 position 1923981
[15:08:55] Possible /pseudo 'Deoxyribodipyrimidine photo-lyase' at FP929040 position 2070523
[15:08:55] Possible /pseudo 'Alkyl hydroperoxide reductase subunit F' at FP929040 position 2156436
[15:08:55] Possible /pseudo 'Manganese transport system membrane protein MntB' at FP929040 position 2199407
[15:08:55] Possible /pseudo '2-dehydropantoate 2-reductase' at FP929040 position 2223274
[15:08:55] Possible /pseudo 'Type-1 fimbrial protein, A chain precursor' at FP929040 position 2264983
[15:08:55] Possible /pseudo 'ATP-dependent Clp protease proteolytic subunit precursor' at FP929040 position 2354542
[15:08:55] Possible /pseudo 'putative hydrolase' at FP929040 position 2589037
[15:08:55] Possible /pseudo 'Aminodeoxychorismate synthase component 2' at FP929040 position 2596431
[15:08:55] Possible /pseudo 'High-affinity branched-chain amino acid transport system permease protein LivH' at FP929040 position 2680211
[15:08:55] Possible /pseudo 'Motility protein A' at FP929040 position 2859528
[15:08:55] Possible /pseudo '2-isopropylmalate synthase' at FP929040 position 2960919
[15:08:55] Possible /pseudo 'tRNA pseudouridine synthase D' at FP929040 position 3022555
[15:08:55] Possible /pseudo 'Fructose-1,6-bisphosphatase 2 class 2' at FP929040 position 3194993
[15:08:55] Possible /pseudo 'PTS system mannitol-specific EIICBA component' at FP929040 position 3197809
[15:08:55] Possible /pseudo 'Putrescine aminotransferase' at FP929040 position 3363155
[15:08:55] Possible /pseudo 'Ribonuclease G' at FP929040 position 3542339
[15:08:55] Possible /pseudo 'Rod shape-determining protein MreB' at FP929040 position 3545615
[15:08:55] Possible /pseudo 'Serine 3-dehydrogenase' at FP929040 position 3640821
[15:08:55] Possible /pseudo 'Multifunctional conjugation protein TraI' at FP929040 position 3683354
[15:08:55] Possible /pseudo 'Zinc-type alcohol dehydrogenase-like protein' at FP929040 position 3693920
[15:08:55] Possible /pseudo 'Uracil-DNA glycosylase' at FP929040 position 3722089
[15:08:55] Possible /pseudo 'Multidrug efflux pump subunit AcrB' at FP929040 position 3850270
[15:08:55] Possible /pseudo 'Inner membrane protein YejM' at FP929040 position 4042151
[15:08:55] Possible /pseudo 'Inner membrane protein YeiU' at FP929040 position 4058107
[15:08:55] Possible /pseudo 'Multidrug resistance outer membrane protein MdtP precursor' at FP929040 position 4090646
[15:08:55] Possible /pseudo 'Trifunctional nucleotide phosphoesterase protein YfkN precursor' at FP929040 position 4253295
[15:08:55] Possible /pseudo 'tRNA dimethylallyltransferase' at FP929040 position 4352404
[15:08:55] Possible /pseudo 'GTPase HflX' at FP929040 position 4353663
[15:08:55] Possible /pseudo 'Putative acyl-CoA dehydrogenase AidB' at FP929040 position 4364651
[15:08:55] Possible /pseudo 'putative oxidoreductase YcjS' at FP929040 position 4400353
[15:08:55] Possible /pseudo 'Translocation and assembly module TamB' at FP929040 position 4405560
[15:08:55] Possible /pseudo 'Prophage CP4-57 integrase' at FP929040 position 4484416
[15:08:55] Possible /pseudo 'glucose-6-phosphate isomerase' at FP929040 position 4633045
[15:08:55] Found 2572 unique /gene codes.
[15:08:55] Fixed 2 duplicate /gene - iscA_1 iscA_2
[15:08:55] Fixed 2 duplicate /gene - yggF_1 yggF_2
[15:08:55] Fixed 3 duplicate /gene - yhbU_1 yhbU_2 yhbU_3
[15:08:55] Fixed 3 duplicate /gene - oppF_1 oppF_2 oppF_3
[15:08:55] Fixed 3 duplicate /gene - yjcC_1 yjcC_2 yjcC_3
[15:08:55] Fixed 2 duplicate /gene - livJ_1 livJ_2
[15:08:55] Fixed 2 duplicate /gene - tsx_1 tsx_2
[15:08:55] Fixed 2 duplicate /gene - kgtP_1 kgtP_2
[15:08:55] Fixed 5 duplicate /gene - fimD_1 fimD_2 fimD_3 fimD_4 fimD_5
[15:08:55] Fixed 2 duplicate /gene - mtnD_1 mtnD_2
[15:08:55] Fixed 2 duplicate /gene - sdaC_1 sdaC_2
[15:08:55] Fixed 2 duplicate /gene - fliF_1 fliF_2
[15:08:55] Fixed 2 duplicate /gene - dxs_1 dxs_2
[15:08:55] Fixed 2 duplicate /gene - lamB_1 lamB_2
[15:08:55] Fixed 2 duplicate /gene - tqsA_1 tqsA_2
[15:08:55] Fixed 2 duplicate /gene - lsrD_1 lsrD_2
[15:08:55] Fixed 2 duplicate /gene - tusA_1 tusA_2
[15:08:55] Fixed 2 duplicate /gene - glvR_1 glvR_2
[15:08:55] Fixed 3 duplicate /gene - trxA_1 trxA_2 trxA_3
[15:08:55] Fixed 2 duplicate /gene - citG_1 citG_2
[15:08:55] Fixed 2 duplicate /gene - sfaS_1 sfaS_2
[15:08:55] Fixed 6 duplicate /gene - licC_1 licC_2 licC_3 licC_4 licC_5 licC_6
[15:08:55] Fixed 2 duplicate /gene - tsaA_1 tsaA_2
[15:08:55] Fixed 2 duplicate /gene - hflK_1 hflK_2
[15:08:55] Fixed 3 duplicate /gene - stp_1 stp_2 stp_3
[15:08:55] Fixed 2 duplicate /gene - gltD_1 gltD_2
[15:08:55] Fixed 3 duplicate /gene - murR_1 murR_2 murR_3
[15:08:55] Fixed 3 duplicate /gene - ycbV_1 ycbV_2 ycbV_3
[15:08:55] Fixed 2 duplicate /gene - murQ_1 murQ_2
[15:08:55] Fixed 2 duplicate /gene - pepT_1 pepT_2
[15:08:55] Fixed 2 duplicate /gene - metC_1 metC_2
[15:08:55] Fixed 2 duplicate /gene - miaA_1 miaA_2
[15:08:55] Fixed 2 duplicate /gene - flgA_1 flgA_2
[15:08:55] Fixed 2 duplicate /gene - kefC_1 kefC_2
[15:08:55] Fixed 2 duplicate /gene - rcsA_1 rcsA_2
[15:08:55] Fixed 2 duplicate /gene - phoP_1 phoP_2
[15:08:55] Fixed 2 duplicate /gene - flgF_1 flgF_2
[15:08:55] Fixed 4 duplicate /gene - yicI_1 yicI_2 yicI_3 yicI_4
[15:08:55] Fixed 2 duplicate /gene - hflX_1 hflX_2
[15:08:55] Fixed 2 duplicate /gene - paaK_1 paaK_2
[15:08:55] Fixed 2 duplicate /gene - degS_1 degS_2
[15:08:55] Fixed 2 duplicate /gene - intS_1 intS_2
[15:08:55] Fixed 3 duplicate /gene - cra_1 cra_2 cra_3
[15:08:55] Fixed 2 duplicate /gene - cusA_1 cusA_2
[15:08:55] Fixed 3 duplicate /gene - ydhP_1 ydhP_2 ydhP_3
[15:08:55] Fixed 2 duplicate /gene - exsA_1 exsA_2
[15:08:55] Fixed 2 duplicate /gene - bepE_1 bepE_2
[15:08:55] Fixed 2 duplicate /gene - dbpA_1 dbpA_2
[15:08:55] Fixed 2 duplicate /gene - tolC_1 tolC_2
[15:08:55] Fixed 3 duplicate /gene - symE_1 symE_2 symE_3
[15:08:55] Fixed 2 duplicate /gene - yjjK_1 yjjK_2
[15:08:55] Fixed 2 duplicate /gene - patB_1 patB_2
[15:08:55] Fixed 2 duplicate /gene - exuT_1 exuT_2
[15:08:55] Fixed 2 duplicate /gene - znuC_1 znuC_2
[15:08:55] Fixed 2 duplicate /gene - truD_1 truD_2
[15:08:55] Fixed 2 duplicate /gene - etk_1 etk_2
[15:08:55] Fixed 2 duplicate /gene - outO_1 outO_2
[15:08:55] Fixed 3 duplicate /gene - elfG_1 elfG_2 elfG_3
[15:08:55] Fixed 2 duplicate /gene - ulaE_1 ulaE_2
[15:08:55] Fixed 2 duplicate /gene - cheY_1 cheY_2
[15:08:55] Fixed 6 duplicate /gene - allS_1 allS_2 allS_3 allS_4 allS_5 allS_6
[15:08:55] Fixed 2 duplicate /gene - pyrG_1 pyrG_2
[15:08:55] Fixed 2 duplicate /gene - fhuD_1 fhuD_2
[15:08:55] Fixed 2 duplicate /gene - bioD1_1 bioD1_2
[15:08:55] Fixed 2 duplicate /gene - fbaA_1 fbaA_2
[15:08:55] Fixed 2 duplicate /gene - yidP_1 yidP_2
[15:08:55] Fixed 2 duplicate /gene - ybdL_1 ybdL_2
[15:08:55] Fixed 2 duplicate /gene - ftsI_1 ftsI_2
[15:08:55] Fixed 2 duplicate /gene - tamB_1 tamB_2
[15:08:55] Fixed 2 duplicate /gene - flhC_1 flhC_2
[15:08:55] Fixed 2 duplicate /gene - rhtC_1 rhtC_2
[15:08:55] Fixed 2 duplicate /gene - metE_1 metE_2
[15:08:55] Fixed 2 duplicate /gene - flgB_1 flgB_2
[15:08:55] Fixed 2 duplicate /gene - traI_1 traI_2
[15:08:55] Fixed 2 duplicate /gene - alsT_1 alsT_2
[15:08:55] Fixed 4 duplicate /gene - oppD_1 oppD_2 oppD_3 oppD_4
[15:08:55] Fixed 6 duplicate /gene - rbsA_1 rbsA_2 rbsA_3 rbsA_4 rbsA_5 rbsA_6
[15:08:55] Fixed 2 duplicate /gene - patA_1 patA_2
[15:08:55] Fixed 2 duplicate /gene - minD_1 minD_2
[15:08:55] Fixed 4 duplicate /gene - cdhR_1 cdhR_2 cdhR_3 cdhR_4
[15:08:55] Fixed 3 duplicate /gene - tabA_1 tabA_2 tabA_3
[15:08:55] Fixed 2 duplicate /gene - lacZ_1 lacZ_2
[15:08:55] Fixed 2 duplicate /gene - tetA_1 tetA_2
[15:08:55] Fixed 2 duplicate /gene - hemN_1 hemN_2
[15:08:55] Fixed 2 duplicate /gene - ptrB_1 ptrB_2
[15:08:55] Fixed 2 duplicate /gene - mreB_1 mreB_2
[15:08:55] Fixed 3 duplicate /gene - ttuB_1 ttuB_2 ttuB_3
[15:08:55] Fixed 2 duplicate /gene - ftnA_1 ftnA_2
[15:08:55] Fixed 2 duplicate /gene - lsrB_1 lsrB_2
[15:08:55] Fixed 2 duplicate /gene - gltR_1 gltR_2
[15:08:55] Fixed 2 duplicate /gene - coaA_1 coaA_2
[15:08:55] Fixed 2 duplicate /gene - pncC_1 pncC_2
[15:08:55] Fixed 3 duplicate /gene - chbA_1 chbA_2 chbA_3
[15:08:55] Fixed 5 duplicate /gene - gltC_1 gltC_2 gltC_3 gltC_4 gltC_5
[15:08:55] Fixed 2 duplicate /gene - ogt_1 ogt_2
[15:08:55] Fixed 2 duplicate /gene - selA_1 selA_2
[15:08:55] Fixed 4 duplicate /gene - livH_1 livH_2 livH_3 livH_4
[15:08:55] Fixed 3 duplicate /gene - clpB_1 clpB_2 clpB_3
[15:08:55] Fixed 2 duplicate /gene - dnaB_1 dnaB_2
[15:08:55] Fixed 2 duplicate /gene - acpP_1 acpP_2
[15:08:55] Fixed 3 duplicate /gene - ompR_1 ompR_2 ompR_3
[15:08:55] Fixed 3 duplicate /gene - macA_1 macA_2 macA_3
[15:08:55] Fixed 2 duplicate /gene - garK_1 garK_2
[15:08:55] Fixed 2 duplicate /gene - opuCB_1 opuCB_2
[15:08:55] Fixed 2 duplicate /gene - flgH_1 flgH_2
[15:08:55] Fixed 2 duplicate /gene - metQ_1 metQ_2
[15:08:55] Fixed 2 duplicate /gene - adrB_1 adrB_2
[15:08:55] Fixed 2 duplicate /gene - apbE_1 apbE_2
[15:08:55] Fixed 2 duplicate /gene - yohK_1 yohK_2
[15:08:55] Fixed 2 duplicate /gene - dmsA_1 dmsA_2
[15:08:55] Fixed 2 duplicate /gene - ilvB_1 ilvB_2
[15:08:55] Fixed 2 duplicate /gene - gstA_1 gstA_2
[15:08:55] Fixed 5 duplicate /gene - gsiA_1 gsiA_2 gsiA_3 gsiA_4 gsiA_5
[15:08:55] Fixed 2 duplicate /gene - yajL_1 yajL_2
[15:08:55] Fixed 3 duplicate /gene - srlR_1 srlR_2 srlR_3
[15:08:55] Fixed 2 duplicate /gene - arcC1_1 arcC1_2
[15:08:55] Fixed 2 duplicate /gene - cysE_1 cysE_2
[15:08:55] Fixed 3 duplicate /gene - fes_1 fes_2 fes_3
[15:08:55] Fixed 2 duplicate /gene - gldA_1 gldA_2
[15:08:55] Fixed 2 duplicate /gene - sgrR_1 sgrR_2
[15:08:55] Fixed 4 duplicate /gene - yusV_1 yusV_2 yusV_3 yusV_4
[15:08:55] Fixed 3 duplicate /gene - lptB_1 lptB_2 lptB_3
[15:08:55] Fixed 2 duplicate /gene - flgJ_1 flgJ_2
[15:08:55] Fixed 4 duplicate /gene - glpR_1 glpR_2 glpR_3 glpR_4
[15:08:55] Fixed 5 duplicate /gene - lutR_1 lutR_2 lutR_3 lutR_4 lutR_5
[15:08:55] Fixed 3 duplicate /gene - corC_1 corC_2 corC_3
[15:08:55] Fixed 2 duplicate /gene - gntR_1 gntR_2
[15:08:55] Fixed 2 duplicate /gene - rluA_1 rluA_2
[15:08:55] Fixed 2 duplicate /gene - hpsN_1 hpsN_2
[15:08:55] Fixed 2 duplicate /gene - ahpF_1 ahpF_2
[15:08:55] Fixed 2 duplicate /gene - agp_1 agp_2
[15:08:55] Fixed 3 duplicate /gene - yqjA_1 yqjA_2 yqjA_3
[15:08:55] Fixed 2 duplicate /gene - yfgF_1 yfgF_2
[15:08:55] Fixed 3 duplicate /gene - bhsA_1 bhsA_2 bhsA_3
[15:08:55] Fixed 2 duplicate /gene - aspT_1 aspT_2
[15:08:55] Fixed 2 duplicate /gene - glnD_1 glnD_2
[15:08:55] Fixed 2 duplicate /gene - pqiB_1 pqiB_2
[15:08:55] Fixed 4 duplicate /gene - rhaS_1 rhaS_2 rhaS_3 rhaS_4
[15:08:55] Fixed 2 duplicate /gene - cheA_1 cheA_2
[15:08:55] Fixed 2 duplicate /gene - cusS_1 cusS_2
[15:08:55] Fixed 2 duplicate /gene - flhB_1 flhB_2
[15:08:55] Fixed 2 duplicate /gene - glnQ_1 glnQ_2
[15:08:55] Fixed 2 duplicate /gene - exbB_1 exbB_2
[15:08:55] Fixed 3 duplicate /gene - htrE_1 htrE_2 htrE_3
[15:08:55] Fixed 2 duplicate /gene - copA_1 copA_2
[15:08:55] Fixed 5 duplicate /gene - tar_1 tar_2 tar_3 tar_4 tar_5
[15:08:55] Fixed 4 duplicate /gene - hcpA_1 hcpA_2 hcpA_3 hcpA_4
[15:08:55] Fixed 2 duplicate /gene - rssB_1 rssB_2
[15:08:55] Fixed 2 duplicate /gene - rlmB_1 rlmB_2
[15:08:55] Fixed 2 duplicate /gene - bsdC_1 bsdC_2
[15:08:55] Fixed 2 duplicate /gene - hydN_1 hydN_2
[15:08:55] Fixed 3 duplicate /gene - betB_1 betB_2 betB_3
[15:08:55] Fixed 2 duplicate /gene - aaeA_1 aaeA_2
[15:08:55] Fixed 2 duplicate /gene - rutR_1 rutR_2
[15:08:55] Fixed 2 duplicate /gene - fliP_1 fliP_2
[15:08:55] Fixed 2 duplicate /gene - yegT_1 yegT_2
[15:08:55] Fixed 3 duplicate /gene - sfaG_1 sfaG_2 sfaG_3
[15:08:55] Fixed 5 duplicate /gene - fimA_1 fimA_2 fimA_3 fimA_4 fimA_5
[15:08:55] Fixed 2 duplicate /gene - ctpF_1 ctpF_2
[15:08:55] Fixed 3 duplicate /gene - gcvA_1 gcvA_2 gcvA_3
[15:08:55] Fixed 2 duplicate /gene - dppB_1 dppB_2
[15:08:55] Fixed 3 duplicate /gene - glnP_1 glnP_2 glnP_3
[15:08:55] Fixed 3 duplicate /gene - uxaC_1 uxaC_2 uxaC_3
[15:08:55] Fixed 2 duplicate /gene - gsiB_1 gsiB_2
[15:08:55] Fixed 2 duplicate /gene - moeB_1 moeB_2
[15:08:55] Fixed 2 duplicate /gene - mdtK_1 mdtK_2
[15:08:55] Fixed 3 duplicate /gene - ybbH_1 ybbH_2 ybbH_3
[15:08:55] Fixed 2 duplicate /gene - dinG_1 dinG_2
[15:08:55] Fixed 2 duplicate /gene - levE_1 levE_2
[15:08:55] Fixed 2 duplicate /gene - iraM_1 iraM_2
[15:08:55] Fixed 2 duplicate /gene - gsiD_1 gsiD_2
[15:08:55] Fixed 2 duplicate /gene - sugC_1 sugC_2
[15:08:55] Fixed 2 duplicate /gene - slyA_1 slyA_2
[15:08:55] Fixed 2 duplicate /gene - yhjE_1 yhjE_2
[15:08:55] Fixed 2 duplicate /gene - ydgJ_1 ydgJ_2
[15:08:55] Fixed 2 duplicate /gene - dinI_1 dinI_2
[15:08:55] Fixed 3 duplicate /gene - emrA_1 emrA_2 emrA_3
[15:08:55] Fixed 3 duplicate /gene - fabF_1 fabF_2 fabF_3
[15:08:55] Fixed 2 duplicate /gene - yihP_1 yihP_2
[15:08:55] Fixed 2 duplicate /gene - aidB_1 aidB_2
[15:08:55] Fixed 2 duplicate /gene - yjaB_1 yjaB_2
[15:08:55] Fixed 2 duplicate /gene - mepS_1 mepS_2
[15:08:55] Fixed 2 duplicate /gene - apxIB_1 apxIB_2
[15:08:55] Fixed 2 duplicate /gene - cpo_1 cpo_2
[15:08:55] Fixed 2 duplicate /gene - ycfD_1 ycfD_2
[15:08:55] Fixed 2 duplicate /gene - dusC_1 dusC_2
[15:08:55] Fixed 2 duplicate /gene - fecA_1 fecA_2
[15:08:55] Fixed 2 duplicate /gene - manZ_1 manZ_2
[15:08:55] Fixed 2 duplicate /gene - lsrR_1 lsrR_2
[15:08:55] Fixed 2 duplicate /gene - potA_1 potA_2
[15:08:55] Fixed 3 duplicate /gene - clpP_1 clpP_2 clpP_3
[15:08:55] Fixed 2 duplicate /gene - aaeB_1 aaeB_2
[15:08:55] Fixed 2 duplicate /gene - fliN_1 fliN_2
[15:08:55] Fixed 3 duplicate /gene - kdgR_1 kdgR_2 kdgR_3
[15:08:55] Fixed 2 duplicate /gene - cheR_1 cheR_2
[15:08:55] Fixed 4 duplicate /gene - trg_1 trg_2 trg_3 trg_4
[15:08:55] Fixed 2 duplicate /gene - kdgK_1 kdgK_2
[15:08:55] Fixed 3 duplicate /gene - motB_1 motB_2 motB_3
[15:08:55] Fixed 2 duplicate /gene - soxS_1 soxS_2
[15:08:55] Fixed 2 duplicate /gene - lolA_1 lolA_2
[15:08:55] Fixed 2 duplicate /gene - pfeA_1 pfeA_2
[15:08:55] Fixed 2 duplicate /gene - mdtA_1 mdtA_2
[15:08:55] Fixed 2 duplicate /gene - lrp_1 lrp_2
[15:08:55] Fixed 2 duplicate /gene - gfcB_1 gfcB_2
[15:08:55] Fixed 3 duplicate /gene - ptsI_1 ptsI_2 ptsI_3
[15:08:55] Fixed 2 duplicate /gene - fusA_1 fusA_2
[15:08:55] Fixed 3 duplicate /gene - marA_1 marA_2 marA_3
[15:08:55] Fixed 2 duplicate /gene - aroG_1 aroG_2
[15:08:55] Fixed 2 duplicate /gene - lon_1 lon_2
[15:08:55] Fixed 2 duplicate /gene - flhD_1 flhD_2
[15:08:55] Fixed 2 duplicate /gene - flgD_1 flgD_2
[15:08:55] Fixed 2 duplicate /gene - rbsR_1 rbsR_2
[15:08:55] Fixed 3 duplicate /gene - elfC_1 elfC_2 elfC_3
[15:08:55] Fixed 2 duplicate /gene - phrB_1 phrB_2
[15:08:55] Fixed 2 duplicate /gene - exbD_1 exbD_2
[15:08:55] Fixed 2 duplicate /gene - mdtB_1 mdtB_2
[15:08:55] Fixed 2 duplicate /gene - hcaR_1 hcaR_2
[15:08:55] Fixed 2 duplicate /gene - oppA_1 oppA_2
[15:08:55] Fixed 2 duplicate /gene - narX_1 narX_2
[15:08:55] Fixed 3 duplicate /gene - emrB_1 emrB_2 emrB_3
[15:08:55] Fixed 4 duplicate /gene - malP_1 malP_2 malP_3 malP_4
[15:08:55] Fixed 2 duplicate /gene - fadL_1 fadL_2
[15:08:55] Fixed 2 duplicate /gene - arsB_1 arsB_2
[15:08:55] Fixed 2 duplicate /gene - rlmC_1 rlmC_2
[15:08:55] Fixed 2 duplicate /gene - ascG_1 ascG_2
[15:08:55] Fixed 2 duplicate /gene - ddpD_1 ddpD_2
[15:08:55] Fixed 3 duplicate /gene - lexA_1 lexA_2 lexA_3
[15:08:55] Fixed 3 duplicate /gene - speG_1 speG_2 speG_3
[15:08:55] Fixed 3 duplicate /gene - gmr_1 gmr_2 gmr_3
[15:08:55] Fixed 2 duplicate /gene - cydB_1 cydB_2
[15:08:55] Fixed 2 duplicate /gene - pagP_1 pagP_2
[15:08:55] Fixed 2 duplicate /gene - yeiU_1 yeiU_2
[15:08:55] Fixed 2 duplicate /gene - silE_1 silE_2
[15:08:55] Fixed 2 duplicate /gene - ompA_1 ompA_2
[15:08:55] Fixed 3 duplicate /gene - benM_1 benM_2 benM_3
[15:08:55] Fixed 2 duplicate /gene - glnH_1 glnH_2
[15:08:55] Fixed 3 duplicate /gene - htrB_1 htrB_2 htrB_3
[15:08:55] Fixed 2 duplicate /gene - malX_1 malX_2
[15:08:55] Fixed 2 duplicate /gene - manX_1 manX_2
[15:08:55] Fixed 2 duplicate /gene - mglA_1 mglA_2
[15:08:55] Fixed 2 duplicate /gene - ynfM_1 ynfM_2
[15:08:55] Fixed 2 duplicate /gene - lacI_1 lacI_2
[15:08:55] Fixed 2 duplicate /gene - yxeP_1 yxeP_2
[15:08:55] Fixed 2 duplicate /gene - fliD_1 fliD_2
[15:08:55] Fixed 2 duplicate /gene - flgI_1 flgI_2
[15:08:55] Fixed 2 duplicate /gene - fdoG_1 fdoG_2
[15:08:55] Fixed 2 duplicate /gene - afr_1 afr_2
[15:08:55] Fixed 2 duplicate /gene - bioC_1 bioC_2
[15:08:55] Fixed 2 duplicate /gene - cysG_1 cysG_2
[15:08:55] Fixed 3 duplicate /gene - dmsC_1 dmsC_2 dmsC_3
[15:08:55] Fixed 3 duplicate /gene - prtR_1 prtR_2 prtR_3
[15:08:55] Fixed 2 duplicate /gene - tap_1 tap_2
[15:08:55] Fixed 2 duplicate /gene - paaH_1 paaH_2
[15:08:55] Fixed 3 duplicate /gene - lacY_1 lacY_2 lacY_3
[15:08:55] Fixed 4 duplicate /gene - fhuA_1 fhuA_2 fhuA_3 fhuA_4
[15:08:55] Fixed 4 duplicate /gene - livF_1 livF_2 livF_3 livF_4
[15:08:55] Fixed 2 duplicate /gene - amiC_1 amiC_2
[15:08:55] Fixed 2 duplicate /gene - fabD_1 fabD_2
[15:08:55] Fixed 3 duplicate /gene - cytR_1 cytR_2 cytR_3
[15:08:55] Fixed 2 duplicate /gene - cueR_1 cueR_2
[15:08:55] Fixed 2 duplicate /gene - nudK_1 nudK_2
[15:08:55] Fixed 2 duplicate /gene - macB_1 macB_2
[15:08:55] Fixed 2 duplicate /gene - fdnG_1 fdnG_2
[15:08:55] Fixed 2 duplicate /gene - hpcH_1 hpcH_2
[15:08:55] Fixed 2 duplicate /gene - artM_1 artM_2
[15:08:55] Fixed 2 duplicate /gene - nepI_1 nepI_2
[15:08:55] Fixed 3 duplicate /gene - rbsB_1 rbsB_2 rbsB_3
[15:08:55] Fixed 2 duplicate /gene - tyrS_1 tyrS_2
[15:08:55] Fixed 2 duplicate /gene - nagA_1 nagA_2
[15:08:55] Fixed 2 duplicate /gene - gtf1_1 gtf1_2
[15:08:55] Fixed 2 duplicate /gene - cydA_1 cydA_2
[15:08:55] Fixed 2 duplicate /gene - gabR_1 gabR_2
[15:08:55] Fixed 2 duplicate /gene - flgK_1 flgK_2
[15:08:55] Fixed 2 duplicate /gene - osmY_1 osmY_2
[15:08:55] Fixed 2 duplicate /gene - gsiC_1 gsiC_2
[15:08:55] Fixed 3 duplicate /gene - mtlA_1 mtlA_2 mtlA_3
[15:08:55] Fixed 2 duplicate /gene - araG_1 araG_2
[15:08:55] Fixed 3 duplicate /gene - dppA_1 dppA_2 dppA_3
[15:08:55] Fixed 3 duplicate /gene - fdhF_1 fdhF_2 fdhF_3
[15:08:55] Fixed 2 duplicate /gene - thiQ_1 thiQ_2
[15:08:55] Fixed 2 duplicate /gene - flhA_1 flhA_2
[15:08:55] Fixed 2 duplicate /gene - qseC_1 qseC_2
[15:08:55] Fixed 6 duplicate /gene - rbsC_1 rbsC_2 rbsC_3 rbsC_4 rbsC_5 rbsC_6
[15:08:55] Fixed 2 duplicate /gene - ulaA_1 ulaA_2
[15:08:55] Fixed 2 duplicate /gene - ydcR_1 ydcR_2
[15:08:55] Fixed 2 duplicate /gene - mepM_1 mepM_2
[15:08:55] Fixed 3 duplicate /gene - ddpA_1 ddpA_2 ddpA_3
[15:08:55] Fixed 2 duplicate /gene - xylA_1 xylA_2
[15:08:55] Fixed 2 duplicate /gene - purR_1 purR_2
[15:08:55] Fixed 2 duplicate /gene - cusF_1 cusF_2
[15:08:55] Fixed 2 duplicate /gene - curA_1 curA_2
[15:08:55] Fixed 2 duplicate /gene - xylB_1 xylB_2
[15:08:55] Fixed 4 duplicate /gene - ptsG_1 ptsG_2 ptsG_3 ptsG_4
[15:08:55] Fixed 2 duplicate /gene - hrsA_1 hrsA_2
[15:08:55] Fixed 6 duplicate /gene - yicJ_1 yicJ_2 yicJ_3 yicJ_4 yicJ_5 yicJ_6
[15:08:55] Fixed 2 duplicate /gene - ung_1 ung_2
[15:08:55] Fixed 2 duplicate /gene - rcsB_1 rcsB_2
[15:08:55] Fixed 2 duplicate /gene - ilvD_1 ilvD_2
[15:08:55] Fixed 2 duplicate /gene - mtlR_1 mtlR_2
[15:08:55] Fixed 2 duplicate /gene - fliS_1 fliS_2
[15:08:55] Fixed 2 duplicate /gene - yjiA_1 yjiA_2
[15:08:55] Fixed 2 duplicate /gene - tsaC_1 tsaC_2
[15:08:55] Fixed 2 duplicate /gene - fliI_1 fliI_2
[15:08:55] Fixed 2 duplicate /gene - fliJ_1 fliJ_2
[15:08:55] Fixed 2 duplicate /gene - fliM_1 fliM_2
[15:08:55] Fixed 3 duplicate /gene - ugpC_1 ugpC_2 ugpC_3
[15:08:55] Fixed 2 duplicate /gene - cynR_1 cynR_2
[15:08:55] Fixed 3 duplicate /gene - ddpC_1 ddpC_2 ddpC_3
[15:08:55] Fixed 2 duplicate /gene - fryC_1 fryC_2
[15:08:55] Fixed 2 duplicate /gene - cmpR_1 cmpR_2
[15:08:55] Fixed 2 duplicate /gene - cheB_1 cheB_2
[15:08:55] Fixed 2 duplicate /gene - dctA_1 dctA_2
[15:08:55] Fixed 2 duplicate /gene - chiA_1 chiA_2
[15:08:55] Fixed 2 duplicate /gene - rhaR_1 rhaR_2
[15:08:55] Fixed 2 duplicate /gene - flgE_1 flgE_2
[15:08:55] Fixed 3 duplicate /gene - hsrA_1 hsrA_2 hsrA_3
[15:08:55] Fixed 2 duplicate /gene - ycgF_1 ycgF_2
[15:08:55] Fixed 2 duplicate /gene - alx_1 alx_2
[15:08:55] Fixed 3 duplicate /gene - adrA_1 adrA_2 adrA_3
[15:08:55] Fixed 2 duplicate /gene - yecS_1 yecS_2
[15:08:55] Fixed 2 duplicate /gene - nupC_1 nupC_2
[15:08:55] Fixed 2 duplicate /gene - ybdO_1 ybdO_2
[15:08:55] Fixed 3 duplicate /gene - yfkN_1 yfkN_2 yfkN_3
[15:08:55] Fixed 2 duplicate /gene - por_1 por_2
[15:08:55] Fixed 2 duplicate /gene - fhuE_1 fhuE_2
[15:08:55] Fixed 3 duplicate /gene - acrB_1 acrB_2 acrB_3
[15:08:55] Fixed 2 duplicate /gene - hrpB_1 hrpB_2
[15:08:55] Fixed 2 duplicate /gene - lolE_1 lolE_2
[15:08:55] Fixed 2 duplicate /gene - bssD_1 bssD_2
[15:08:55] Fixed 2 duplicate /gene - bglA_1 bglA_2
[15:08:55] Fixed 2 duplicate /gene - yejM_1 yejM_2
[15:08:55] Fixed 2 duplicate /gene - cheW_1 cheW_2
[15:08:55] Fixed 2 duplicate /gene - fliO_1 fliO_2
[15:08:55] Fixed 4 duplicate /gene - araB_1 araB_2 araB_3 araB_4
[15:08:55] Fixed 3 duplicate /gene - motA_1 motA_2 motA_3
[15:08:55] Fixed 2 duplicate /gene - nlpD_1 nlpD_2
[15:08:55] Fixed 2 duplicate /gene - rob_1 rob_2
[15:08:55] Fixed 2 duplicate /gene - pabA_1 pabA_2
[15:08:55] Fixed 4 duplicate /gene - cph2_1 cph2_2 cph2_3 cph2_4
[15:08:55] Fixed 3 duplicate /gene - phoR_1 phoR_2 phoR_3
[15:08:55] Fixed 2 duplicate /gene - ydcV_1 ydcV_2
[15:08:55] Fixed 2 duplicate /gene - nuoI_1 nuoI_2
[15:08:55] Fixed 2 duplicate /gene - pgl_1 pgl_2
[15:08:55] Fixed 2 duplicate /gene - rstA_1 rstA_2
[15:08:55] Fixed 2 duplicate /gene - ompN_1 ompN_2
[15:08:55] Fixed 2 duplicate /gene - modB_1 modB_2
[15:08:55] Fixed 4 duplicate /gene - malI_1 malI_2 malI_3 malI_4
[15:08:55] Fixed 2 duplicate /gene - argF_1 argF_2
[15:08:55] Fixed 2 duplicate /gene - pspB_1 pspB_2
[15:08:55] Fixed 2 duplicate /gene - arcA_1 arcA_2
[15:08:55] Fixed 2 duplicate /gene - flgG_1 flgG_2
[15:08:55] Fixed 2 duplicate /gene - ydaF_1 ydaF_2
[15:08:55] Fixed 3 duplicate /gene - ycdT_1 ycdT_2 ycdT_3
[15:08:55] Fixed 3 duplicate /gene - intA_1 intA_2 intA_3
[15:08:55] Fixed 2 duplicate /gene - nudF_1 nudF_2
[15:08:55] Fixed 2 duplicate /gene - flgL_1 flgL_2
[15:08:55] Fixed 2 duplicate /gene - sdh_1 sdh_2
[15:08:55] Fixed 3 duplicate /gene - dinB_1 dinB_2 dinB_3
[15:08:55] Fixed 2 duplicate /gene - nodD2_1 nodD2_2
[15:08:55] Fixed 3 duplicate /gene - ygdR_1 ygdR_2 ygdR_3
[15:08:55] Fixed 2 duplicate /gene - nagC_1 nagC_2
[15:08:55] Fixed 2 duplicate /gene - rng_1 rng_2
[15:08:55] Fixed 2 duplicate /gene - ecpD_1 ecpD_2
[15:08:55] Fixed 3 duplicate /gene - uspG_1 uspG_2 uspG_3
[15:08:55] Fixed 4 duplicate /gene - tsr_1 tsr_2 tsr_3 tsr_4
[15:08:55] Fixed 6 duplicate /gene - fimC_1 fimC_2 fimC_3 fimC_4 fimC_5 fimC_6
[15:08:55] Fixed 2 duplicate /gene - sadH_1 sadH_2
[15:08:55] Fixed 2 duplicate /gene - nifJ_1 nifJ_2
[15:08:55] Fixed 2 duplicate /gene - fliK_1 fliK_2
[15:08:55] Fixed 3 duplicate /gene - arsC_1 arsC_2 arsC_3
[15:08:55] Fixed 2 duplicate /gene - pepA_1 pepA_2
[15:08:55] Fixed 6 duplicate /gene - fabG_1 fabG_2 fabG_3 fabG_4 fabG_5 fabG_6
[15:08:55] Fixed 2 duplicate /gene - ompL_1 ompL_2
[15:08:55] Fixed 2 duplicate /gene - yniC_1 yniC_2
[15:08:55] Fixed 3 duplicate /gene - kduD_1 kduD_2 kduD_3
[15:08:55] Fixed 3 duplicate /gene - rbsK_1 rbsK_2 rbsK_3
[15:08:55] Fixed 2 duplicate /gene - xerC_1 xerC_2
[15:08:55] Fixed 2 duplicate /gene - pdhR_1 pdhR_2
[15:08:55] Fixed 3 duplicate /gene - ycjS_1 ycjS_2 ycjS_3
[15:08:55] Fixed 4 duplicate /gene - proP_1 proP_2 proP_3 proP_4
[15:08:55] Fixed 2 duplicate /gene - pbpG_1 pbpG_2
[15:08:55] Fixed 4 duplicate /gene - oxyR_1 oxyR_2 oxyR_3 oxyR_4
[15:08:55] Fixed 2 duplicate /gene - nsrR_1 nsrR_2
[15:08:55] Fixed 2 duplicate /gene - ddpB_1 ddpB_2
[15:08:55] Fixed 2 duplicate /gene - lolD_1 lolD_2
[15:08:55] Fixed 2 duplicate /gene - ybeZ_1 ybeZ_2
[15:08:55] Fixed 2 duplicate /gene - treA_1 treA_2
[15:08:55] Fixed 2 duplicate /gene - blc_1 blc_2
[15:08:55] Fixed 2 duplicate /gene - fliA_1 fliA_2
[15:08:55] Fixed 2 duplicate /gene - argR_1 argR_2
[15:08:55] Fixed 2 duplicate /gene - gmuD_1 gmuD_2
[15:08:55] Fixed 3 duplicate /gene - oprM_1 oprM_2 oprM_3
[15:08:55] Fixed 4 duplicate /gene - gpr_1 gpr_2 gpr_3 gpr_4
[15:08:55] Fixed 2 duplicate /gene - manY_1 manY_2
[15:08:55] Fixed 14 duplicate /gene - dmlR_1 dmlR_2 dmlR_3 dmlR_4 dmlR_5 dmlR_6 dmlR_7 dmlR_8 dmlR_9 dmlR_10 dmlR_11 dmlR_12 dmlR_13 dmlR_14
[15:08:55] Fixed 2 duplicate /gene - mdtP_1 mdtP_2
[15:08:55] Fixed 2 duplicate /gene - flgC_1 flgC_2
[15:08:55] Fixed 2 duplicate /gene - nasD_1 nasD_2
[15:08:55] Fixed 2 duplicate /gene - argT_1 argT_2
[15:08:55] Fixed 2 duplicate /gene - fliG_1 fliG_2
[15:08:55] Fixed 2 duplicate /gene - fliE_1 fliE_2
[15:08:55] Fixed 2 duplicate /gene - higA_1 higA_2
[15:08:55] Fixed 3 duplicate /gene - ycgE_1 ycgE_2 ycgE_3
[15:08:55] Fixed 2 duplicate /gene - flhE_1 flhE_2
[15:08:55] Fixed 2 duplicate /gene - etp_1 etp_2
[15:08:55] Fixed 2 duplicate /gene - ssuC_1 ssuC_2
[15:08:55] Fixed 2 duplicate /gene - sucD_1 sucD_2
[15:08:55] Fixed 3 duplicate /gene - leuA_1 leuA_2 leuA_3
[15:08:55] Fixed 2 duplicate /gene - rssA_1 rssA_2
[15:08:55] Fixed 3 duplicate /gene - mntB_1 mntB_2 mntB_3
[15:08:55] Fixed 2 duplicate /gene - bcr_1 bcr_2
[15:08:55] Fixed 2 duplicate /gene - tlyC_1 tlyC_2
[15:08:55] Fixed 2 duplicate /gene - metN_1 metN_2
[15:08:55] Fixed 2 duplicate /gene - yheS_1 yheS_2
[15:08:55] Fixed 3 duplicate /gene - cysJ_1 cysJ_2 cysJ_3
[15:08:55] Fixed 2 duplicate /gene - yccS_1 yccS_2
[15:08:55] Fixed 2 duplicate /gene - yhhW_1 yhhW_2
[15:08:55] Fixed 2 duplicate /gene - gmuB_1 gmuB_2
[15:08:55] Fixed 2 duplicate /gene - dnaK_1 dnaK_2
[15:08:55] Fixed 419 colliding /gene names.
[15:08:55] Adding /locus_tag identifiers
[15:08:55] Assigned 4639 locus_tags to CDS and RNA features.
[15:08:55] Writing outputs to /home/fatemeh/Desktop/prokka/ENC/
[15:09:08] Generating annotation statistics file
[15:09:08] Generating Genbank and Sequin files
[15:09:08] Running: tbl2asn -V b -a r10k -l paired-ends -M n -N 1 -y 'Annotated using prokka 1.11 from http://www.vicbioinformatics.com' -Z \/home\/fatemeh\/Desktop\/prokka\/ENC\/ENC_03082017\.err -i \/home\/fatemeh\/Desktop\/prokka\/ENC\/ENC_03082017\.fsa 2> /dev/null
[15:09:35] Could not run command: tbl2asn -V b -a r10k -l paired-ends -M n -N 1 -y 'Annotated using prokka 1.11 from http://www.vicbioinformatics.com' -Z \/home\/fatemeh\/Desktop\/prokka\/ENC\/ENC_03082017\.err -i \/home\/fatemeh\/Desktop\/prokka\/ENC\/ENC_03082017\.fsa 2> /dev/null
