[17:27:44] Command: --outdir results/prokka/ROD --locustag ROD --genus Citrobacter --species rodentium --kingdom Bacteria --gram neg /home/fatemeh/EnTrI/data/fasta-genome/chromosome/ROD.fa
[17:27:44] Looking for 'aragorn' - found /usr/bin/aragorn
[17:27:44] Determined aragorn version is 1.2
[17:27:44] Looking for 'blastp' - found /usr/bin/blastp
[17:27:44] Determined blastp version is 2.2
[17:27:44] Looking for 'cmpress' - found /usr/local/bin/cmpress
[17:27:44] Determined cmpress version is 1.1
[17:27:44] Looking for 'cmscan' - found /usr/local/bin/cmscan
[17:27:44] Determined cmscan version is 1.1
[17:27:44] Looking for 'egrep' - found /bin/egrep
[17:27:44] Looking for 'find' - found /usr/bin/find
[17:27:44] Looking for 'grep' - found /bin/grep
[17:27:44] Looking for 'hmmpress' - found /usr/local/bin/hmmpress
[17:27:44] Determined hmmpress version is 3.1
[17:27:44] Looking for 'hmmscan' - found /usr/local/bin/hmmscan
[17:27:44] Determined hmmscan version is 3.1
[17:27:44] Looking for 'less' - found /usr/bin/less
[17:27:44] Looking for 'makeblastdb' - found /usr/bin/makeblastdb
[17:27:44] Determined makeblastdb version is 2.2
[17:27:44] Looking for 'minced' - found /home/fatemeh/program-bank/prokka-1.11/bin/../binaries/linux/../common/minced
[17:27:44] Determined minced version is 1.6
[17:27:44] Looking for 'parallel' - found /usr/bin/parallel
[17:27:45] Determined parallel version is 20130922
[17:27:45] Looking for 'prodigal' - found /usr/bin/prodigal
[17:27:45] Determined prodigal version is 2.6
[17:27:45] Looking for 'prokka-genbank_to_fasta_db' - found /home/fatemeh/program-bank/prokka-1.11/bin/prokka-genbank_to_fasta_db
[17:27:45] Looking for 'sed' - found /bin/sed
[17:27:45] Looking for 'signalp' - found /home/fatemeh/program-bank/signalp
[17:27:46] Determined signalp version is 4.1
[17:27:46] Looking for 'tbl2asn' - found /home/fatemeh/program-bank/tbl2asn
[17:27:46] Determined tbl2asn version is 23.9
[17:27:46] Using genetic code table 11.
[17:27:46] Loading and checking input file: /home/fatemeh/EnTrI/data/fasta-genome/chromosome/ROD.fa
[17:27:46] Wrote 1 contigs
[17:27:46] Predicting tRNAs and tmRNAs
[17:27:46] Running: aragorn -gc11  -w results\/prokka\/ROD\/ROD_03142017\.fna
[17:27:51] 1 tRNA-Glu [249629,249704] 35 (ttc)
[17:27:51] 2 tRNA-Asp [253378,253454] 35 (gtc)
[17:27:51] 3 tRNA-Asp [266085,266161] 35 (gtc)
[17:27:51] 4 tRNA-Thr [363498,363573] 34 (cgt)
[17:27:51] 5 tRNA-Arg [625075,625151] 35 (tct)
[17:27:51] 6 tRNA-Gln c[736647,736721] 33 (ctg)
[17:27:51] 7 tRNA-Gln c[736820,736894] 33 (ctg)
[17:27:51] 8 tRNA-Met c[737010,737086] 35 (cat)
[17:27:51] 9 tRNA-Gln c[737102,737176] 33 (ttg)
[17:27:51] 10 tRNA-Gln c[737211,737285] 33 (ttg)
[17:27:51] 11 tRNA-Leu c[737340,737424] 35 (tag)
[17:27:51] 12 tRNA-Met c[737433,737509] 35 (cat)
[17:27:51] 13 tRNA-Lys [811043,811118] 34 (ttt)
[17:27:51] 14 tRNA-Lys [811261,811336] 34 (ttt)
[17:27:51] 15 tRNA-Lys [811467,811542] 34 (ttt)
[17:27:51] 16 tRNA-Ser c[1036633,1036720] 35 (gga)
[17:27:51] 17 tRNA-Ser [1143035,1143122] 35 (tga)
[17:27:51] 18 tRNA-Ser c[1194888,1194975] 35 (gga)
[17:27:51] 19 tRNA-Gln [1333476,1333550] 35 (ttg)
[17:27:51] 20 tRNA-Val c[1505276,1505352] 35 (gac)
[17:27:51] 21 tRNA-Val c[1505364,1505440] 35 (gac)
[17:27:51] 22 tRNA-Tyr [1884905,1884989] 35 (gta)
[17:27:51] 23 tRNA-Tyr [1885200,1885284] 35 (gta)
[17:27:51] 24 tRNA-Leu c[2084684,2084770] 35 (taa)
[17:27:51] 25 tRNA-Cys c[2084783,2084856] 33 (gca)
[17:27:51] 26 tRNA-Gly c[2084907,2084982] 34 (gcc)
[17:27:51] 27 tRNA-Ser c[2164231,2164320] 35 (cga)
[17:27:51] 28 tRNA-Asn [2165311,2165386] 34 (gtt)
[17:27:51] 29 tRNA-Asn [2167719,2167794] 34 (gtt)
[17:27:51] 30 tRNA-Asn c[2198410,2198485] 34 (gtt)
[17:27:51] 31 tRNA-Asn [2200232,2200307] 34 (gtt)
[17:27:51] 32 tRNA-Pro [2439857,2439933] 35 (ggg)
[17:27:51] 33 tRNA-Glu c[2676136,2676211] 35 (ttc)
[17:27:51] 34 tmRNA [2730065,2730429] 92,127 ANDENYALAA**
[17:27:51] 35 tRNA-Arg [2904074,2904148] 34 (cct)
[17:27:51] 36 tRNA-Ala c[2977021,2977096] 34 (ggc)
[17:27:51] 37 tRNA-Ala c[2977135,2977210] 34 (ggc)
[17:27:51] 38 tRNA-Ala c[2977249,2977324] 34 (ggc)
[17:27:51] 39 tRNA-Ala c[2977363,2977438] 34 (ggc)
[17:27:51] 40 tRNA-Ala c[2977477,2977552] 34 (ggc)
[17:27:51] 41 tRNA-Val [2980274,2980349] 34 (tac)
[17:27:51] 42 tRNA-Val [2980395,2980470] 34 (tac)
[17:27:51] 43 tRNA-Lys [2980475,2980550] 34 (ttt)
[17:27:51] 44 tRNA-Met [3022747,3022823] 35 (cat)
[17:27:51] 45 tRNA-Met [3022868,3022944] 35 (cat)
[17:27:51] 46 tRNA-Met [3022988,3023064] 35 (cat)
[17:27:51] 47 tRNA-Ser [3287369,3287461] 35 (gct)
[17:27:51] 48 tRNA-Arg [3287465,3287541] 35 (acg)
[17:27:51] 49 tRNA-Arg [3287603,3287679] 35 (acg)
[17:27:51] 50 tRNA-Arg [3287741,3287817] 35 (acg)
[17:27:51] 51 tRNA-Arg c[3287757,3287829] 31 (tcg)
[17:27:51] 52 tRNA-Arg [3287880,3287956] 35 (acg)
[17:27:51] 53 tRNA-Arg [3288152,3288228] 35 (acg)
[17:27:51] 54 tRNA-Phe c[3370074,3370149] 34 (gaa)
[17:27:51] 55 tRNA-Gly [3403644,3403719] 34 (gcc)
[17:27:51] 56 tRNA-Gly [3403756,3403831] 34 (gcc)
[17:27:51] 57 tRNA-Leu [3517004,3517088] 35 (caa)
[17:27:51] 58 tRNA-Met [3814881,3814956] 34 (cat)
[17:27:51] 59 tRNA-Ser [3827654,3827730] 35 (gct)
[17:27:51] 60 tRNA-Glu c[3933754,3933829] 35 (ttc)
[17:27:51] 61 tRNA-Val c[3942579,3942655] 35 (cac)
[17:27:51] 62 tRNA-Thr c[3967348,3967423] 34 (ggt)
[17:27:51] 63 tRNA-Gly c[3967429,3967503] 34 (tcc)
[17:27:51] 64 tRNA-Tyr c[3967619,3967703] 35 (gta)
[17:27:51] 65 tRNA-Thr c[3967712,3967787] 34 (tgt)
[17:27:51] 66 tRNA-Ala c[3974968,3975043] 34 (tgc)
[17:27:51] 67 tRNA-Ile c[3975156,3975232] 35 (gat)
[17:27:51] 68 tRNA-Ala c[4121790,4121865] 34 (tgc)
[17:27:51] 69 tRNA-Ile c[4121978,4122054] 35 (gat)
[17:27:51] 70 tRNA-Pro c[4172551,4172627] 35 (tgg)
[17:27:51] 71 tRNA-Ser c[4172670,4172756] 35 (cag)
[17:27:51] 72 tRNA-His c[4172776,4172851] 34 (gtg)
[17:27:51] 73 tRNA-Arg c[4172908,4172984] 35 (ccg)
[17:27:51] 74 tRNA-Trp c[4211589,4211664] 34 (cca)
[17:27:51] 75 tRNA-Asp c[4211673,4211749] 35 (gtc)
[17:27:51] 76 tRNA-Glu c[4215286,4215361] 35 (ttc)
[17:27:51] 77 tRNA-seC c[4384194,4384288] 35 (tca)
[17:27:51] 78 tRNA-Pro [4497537,4497613] 35 (cgg)
[17:27:51] 79 tRNA-Ile [4783319,4783395] 35 (gat)
[17:27:51] 80 tRNA-Ala [4783506,4783581] 34 (tgc)
[17:27:51] 81 tRNA-Thr [4787067,4787142] 34 (ggt)
[17:27:51] 82 tRNA-Leu [4913209,4913295] 35 (gag)
[17:27:51] 83 tRNA-Met [4917911,4917987] 35 (cat)
[17:27:51] 84 tRNA-Ser c[5142859,5142945] 35 (cag)
[17:27:51] 85 tRNA-Ser c[5142978,5143064] 35 (cag)
[17:27:51] 86 tRNA-Ser c[5143093,5143179] 35 (cag)
[17:27:51] 87 tRNA-Gly [5207272,5207345] 33 (ccc)
[17:27:51] 88 tRNA-Phe c[5271712,5271787] 34 (gaa)
[17:27:51] Found 88 tRNAs
[17:27:51] Predicting Ribosomal RNAs
[17:27:51] You need either Barrnap or RNAmmer installed to predict rRNAs!
[17:27:51] Skipping ncRNA search, enable with --rfam if desired.
[17:27:51] Total of 87 tRNA + rRNA features
[17:27:51] Searching for CRISPR repeats
[17:27:53] CRISPR1 FN543502 3203907 with 17 spacers
[17:27:53] CRISPR2 FN543502 3224982 with 8 spacers
[17:27:53] Found 2 CRISPRs
[17:27:53] Predicting coding sequences
[17:27:53] Contigs total 5346659 bp, so using single mode
[17:27:53] Running: prodigal -i results\/prokka\/ROD\/ROD_03142017\.fna -c -m -g 11 -p single -f sco -q
[17:28:09] Excluding CDS which overlaps existing RNA (tRNA) at FN543502:625081..625206 on - strand
[17:28:10] Excluding CDS which overlaps existing RNA (tRNA) at FN543502:736533..736727 on + strand
[17:28:11] Excluding CDS which overlaps existing RNA (tRNA) at FN543502:1036059..1036706 on - strand
[17:28:14] Excluding CDS which overlaps existing RNA (tRNA) at FN543502:1884896..1885168 on - strand
[17:28:17] Excluding CDS which overlaps existing RNA (tRNA) at FN543502:3023043..3023201 on - strand
[17:28:18] Excluding CDS which overlaps existing RNA (repeat_region) at FN543502:3224963..3225460 on - strand
[17:28:18] Excluding CDS which overlaps existing RNA (tRNA) at FN543502:3287453..3287818 on - strand
[17:28:20] Excluding CDS which overlaps existing RNA (tRNA) at FN543502:3827527..3827874 on - strand
[17:28:20] Excluding CDS which overlaps existing RNA (tRNA) at FN543502:3942557..3943255 on - strand
[17:28:22] Excluding CDS which overlaps existing RNA (tRNA) at FN543502:4384153..4384254 on + strand
[17:28:24] Found 4936 CDS
[17:28:24] Connecting features back to sequences
[17:28:24] Looking for signal peptides at start of predicted proteins
[17:28:24] Treating Bacteria as gram-
[17:28:35] Running: signalp -t gram- -f short  results\/prokka\/ROD\/signalp\.faa 2> /dev/null
[17:41:33] Found 420 signal peptides
[17:41:33] Deleting unwanted file: results/prokka/ROD/signalp.faa
[17:41:33] Not using genus-specific database. Try --usegenus to enable it.
[17:41:33] Annotating CDS, please be patient.
[17:41:33] Will use 4 CPUs for similarity searching.
[17:41:45] There are still 4936 unannotated CDS left (started with 4936)
[17:41:45] Will use blast to search against /home/fatemeh/program-bank/prokka-1.11/bin/../db/kingdom/Bacteria/sprot with 4 CPUs
[17:41:45] Running: cat results\/prokka\/ROD\/sprot\.faa | parallel --gnu --plain -j 4 --block 198346 --recstart '>' --pipe blastp -query - -db /home/fatemeh/program-bank/prokka-1.11/bin/../db/kingdom/Bacteria/sprot -evalue 1e-06 -num_threads 1 -num_descriptions 1 -num_alignments 1 -seg no > results\/prokka\/ROD\/sprot\.blast 2> /dev/null
[17:55:25] Modify product: Uncharacterized HTH-type transcriptional regulator YbbH => putative HTH-type transcriptional regulator YbbH
[17:55:25] Modify product: Probable transcriptional regulatory protein YebC => putative transcriptional regulatory protein YebC
[17:55:25] Modify product: Uncharacterized symporter YjmB => putative symporter YjmB
[17:55:25] Modify product: Probable ferritin-1 => putative ferritin-1
[17:55:25] Modify product: Probable transport protein HsrA => putative transport protein HsrA
[17:55:26] Modify product: Probable diguanylate cyclase YedQ => putative diguanylate cyclase YedQ
[17:55:26] Modify product: Uncharacterized inner membrane transporter YedA => putative inner membrane transporter YedA
[17:55:26] Modify product: Probable L,D-transpeptidase ErfK/SrfK precursor => putative L,D-transpeptidase ErfK/SrfK precursor
[17:55:26] Modify product: Probable cobalt-precorrin-6Y C(15)-methyltransferase [decarboxylating] => putative cobalt-precorrin-6Y C(15)-methyltransferase [decarboxylating]
[17:55:26] Modify product: Probable cobalt-precorrin-6Y C(5)-methyltransferase => putative cobalt-precorrin-6Y C(5)-methyltransferase
[17:55:26] Modify product: Carbon dioxide-concentrating mechanism protein CcmK homolog 2 => hypothetical protein
[17:55:26] Modify product: Carbon dioxide-concentrating mechanism protein CcmK homolog 1 => hypothetical protein
[17:55:26] Modify product: Probable propionate kinase => putative propionate kinase
[17:55:26] Modify product: Putative acetyltransferase SACOL2570 => Putative acetyltransferase
[17:55:26] Modify product: PGL/p-HBAD biosynthesis glycosyltransferase Rv2957/MT3031 => PGL/p-HBAD biosynthesis glycosyltransferase/MT3031
[17:55:26] Modify product: Probable diguanylate cyclase YegE => putative diguanylate cyclase YegE
[17:55:26] Modify product: Uncharacterized protease YhbU precursor => putative protease YhbU precursor
[17:55:26] Modify product: Probable D,D-dipeptide transport system permease protein DdpC => putative D,D-dipeptide transport system permease protein DdpC
[17:55:26] Modify product: Probable D,D-dipeptide transport system permease protein DdpB => putative D,D-dipeptide transport system permease protein DdpB
[17:55:26] Modify product: Probable D,D-dipeptide-binding periplasmic protein DdpA precursor => putative D,D-dipeptide-binding periplasmic protein DdpA precursor
[17:55:26] Modify product: Uncharacterized HTH-type transcriptional regulator YegW => putative HTH-type transcriptional regulator YegW
[17:55:26] Modify product: Uncharacterized GTP-binding protein YjiA => putative GTP-binding protein YjiA
[17:55:26] Modify product: Uncharacterized glycosyltransferase EpsJ => putative glycosyltransferase EpsJ
[17:55:26] Modify product: Uncharacterized HTH-type transcriptional regulator YjiR => putative HTH-type transcriptional regulator YjiR
[17:55:27] Modify product: Probable deferrochelatase/peroxidase YfeX => putative deferrochelatase/peroxidase YfeX
[17:55:27] Modify product: Probable 3-phenylpropionic acid transporter => putative 3-phenylpropionic acid transporter
[17:55:27] Modify product: PTS system EIIBC component SA0186 => PTS system EIIBC component
[17:55:27] Modify product: Uncharacterized ferredoxin-like protein YfhL => putative ferredoxin-like protein YfhL
[17:55:27] Modify product: Probable glucarate transporter => putative glucarate transporter
[17:55:27] Modify product: Probable S-adenosyl-L-methionine-dependent methyltransferase TehB => putative S-adenosyl-L-methionine-dependent methyltransferase TehB
[17:55:27] Modify product: Uncharacterized membrane protein YoaK => putative membrane protein YoaK
[17:55:27] Modify product: Stress response UPF0229 protein YhbH => hypothetical protein
[17:55:27] Modify product: Uncharacterized oxidoreductase YtbE => putative oxidoreductase YtbE
[17:55:27] Modify product: Probable fructose-bisphosphate aldolase => putative fructose-bisphosphate aldolase
[17:55:27] Modify product: Uncharacterized sugar kinase YdjH => putative sugar kinase YdjH
[17:55:27] Modify product: Uncharacterized FAD-linked oxidoreductase Rv2280 => putative FAD-linked oxidoreductase
[17:55:27] Modify product: Probable ATP-dependent transporter SufC => putative ATP-dependent transporter SufC
[17:55:27] Modify product: Probable L,D-transpeptidase YnhG precursor => putative L,D-transpeptidase YnhG precursor
[17:55:27] Modify product: Uncharacterized ferredoxin-like protein YdhY => putative ferredoxin-like protein YdhY
[17:55:27] Modify product: Uncharacterized oxidoreductase YdhV => putative oxidoreductase YdhV
[17:55:27] Modify product: Uncharacterized ferredoxin-like protein YdhX precursor => putative ferredoxin-like protein YdhX precursor
[17:55:27] Modify product: Probable glutamine ABC transporter permease protein GlnP => putative glutamine ABC transporter permease protein GlnP
[17:55:27] Modify product: Probable glutamine ABC transporter permease protein GlnM => putative glutamine ABC transporter permease protein GlnM
[17:55:27] Modify product: Uncharacterized oxidoreductase YdgJ => putative oxidoreductase YdgJ
[17:55:28] Modify product: DNA replication terminus site-binding protein => hypothetical protein
[17:55:28] Modify product: Uncharacterized zinc-type alcohol dehydrogenase-like protein YjmD => putative zinc-type alcohol dehydrogenase-like protein YjmD
[17:55:28] Modify product: Uncharacterized symporter YjmB => putative symporter YjmB
[17:55:28] Modify product: Uncharacterized HTH-type transcriptional regulator YdfH => putative HTH-type transcriptional regulator YdfH
[17:55:28] Modify product: Probable amino-acid metabolite efflux pump => putative amino-acid metabolite efflux pump
[17:55:28] Modify product: Uncharacterized isomerase YddE => putative isomerase YddE
[17:55:28] Modify product: Probable diguanylate cyclase YdaM => putative diguanylate cyclase YdaM
[17:55:28] Modify product: Probable two-component-system connector protein YcgZ => putative two-component-system connector protein YcgZ
[17:55:28] Modify product: Probable two-component-system connector protein AriR => putative two-component-system connector protein AriR
[17:55:28] Modify product: Probable succinyl-CoA:3-ketoacid coenzyme A transferase subunit B => putative succinyl-CoA:3-ketoacid coenzyme A transferase subunit B
[17:55:28] Modify product: Uncharacterized HTH-type transcriptional regulator YddM => putative HTH-type transcriptional regulator YddM
[17:55:28] Modify product: Uncharacterized HTH-type transcriptional regulator YfiR => putative HTH-type transcriptional regulator YfiR
[17:55:28] Modify product: Probable nitrate reductase molybdenum cofactor assembly chaperone NarW => putative nitrate reductase molybdenum cofactor assembly chaperone NarW
[17:55:28] Modify product: Uncharacterized HTH-type transcriptional regulator YdcR => putative HTH-type transcriptional regulator YdcR
[17:55:28] Modify product: Uncharacterized protease YhbU precursor => putative protease YhbU precursor
[17:55:28] Modify product: Probable diguanylate cyclase YdaM => putative diguanylate cyclase YdaM
[17:55:28] Modify product: Probable DNA endonuclease SmrA => putative DNA endonuclease SmrA
[17:55:28] Modify product: Uncharacterized oxidoreductase YcjS => putative oxidoreductase YcjS
[17:55:28] Modify product: Probable D,D-dipeptide transport ATP-binding protein DdpD => putative D,D-dipeptide transport ATP-binding protein DdpD
[17:55:28] Modify product: Probable protease SohB => putative protease SohB
[17:55:28] Modify product: Uncharacterized oxidoreductase YciK => putative oxidoreductase YciK
[17:55:28] Modify product: Probable intracellular septation protein A => putative intracellular septation protein A
[17:55:28] Modify product: Uncharacterized acyl-CoA thioester hydrolase HI_0827 => putative acyl-CoA thioester hydrolase
[17:55:29] Modify product: Probable S-adenosyl-L-methionine-dependent methyltransferase TehB => putative S-adenosyl-L-methionine-dependent methyltransferase TehB
[17:55:29] Modify product: Probable ATP-dependent helicase DinG => putative ATP-dependent helicase DinG
[17:55:29] Modify product: Probable manganese efflux pump MntP => putative manganese efflux pump MntP
[17:55:29] Modify product: Uncharacterized HTH-type transcriptional regulator YbdO => putative HTH-type transcriptional regulator YbdO
[17:55:29] Modify product: Uncharacterized HTH-type transcriptional regulator YbdO => putative HTH-type transcriptional regulator YbdO
[17:55:29] Modify product: Probable glutamine ABC transporter permease protein GlnM => putative glutamine ABC transporter permease protein GlnM
[17:55:29] Modify product: Probable siderophore transport system ATP-binding protein YusV => putative siderophore transport system ATP-binding protein YusV
[17:55:29] Modify product: Uncharacterized ABC transporter ATP-binding protein YlmA => putative ABC transporter ATP-binding protein YlmA
[17:55:29] Modify product: Uncharacterized ABC transporter ATP-binding protein YbhF => putative ABC transporter ATP-binding protein YbhF
[17:55:29] Modify product: Probable galactarate transporter => putative galactarate transporter
[17:55:29] Modify product: Probable ATP-dependent helicase DinG => putative ATP-dependent helicase DinG
[17:55:29] Modify product: Probable L,D-transpeptidase YbiS precursor => putative L,D-transpeptidase YbiS precursor
[17:55:29] Modify product: Uncharacterized ABC transporter ATP-binding protein YheS => putative ABC transporter ATP-binding protein YheS
[17:55:30] Modify product: Uncharacterized lipoprotein YbjP precursor => putative lipoprotein YbjP precursor
[17:55:30] Modify product: Probable ABC transporter ATP-binding protein HI_0664 => putative ABC transporter ATP-binding protein
[17:55:30] Modify product: Uncharacterized MFS-type transporter YcaD => putative MFS-type transporter YcaD
[17:55:30] Modify product: Probable formate transporter 1 => putative formate transporter 1
[17:55:30] Modify product: Probable metallo-hydrolase M6_Spy0554 => putative metallo-hydrolase
[17:55:30] Modify product: Probable transcriptional regulatory protein YeeN => putative transcriptional regulatory protein YeeN
[17:55:30] Modify product: Probable phosphatase YcdX => putative phosphatase YcdX
[17:55:30] Modify product: Cytochrome b561 homolog 2 => hypothetical protein
[17:55:30] Modify product: Uncharacterized lipoprotein YceB precursor => putative lipoprotein YceB precursor
[17:55:30] Modify product: Probable peptidoglycan biosynthesis protein MurJ => putative peptidoglycan biosynthesis protein MurJ
[17:55:30] Modify product: Uncharacterized deoxyribonuclease YcfH => putative deoxyribonuclease YcfH
[17:55:30] Modify product: Probable fimbrial chaperone protein ElfD precursor => putative fimbrial chaperone protein ElfD precursor
[17:55:30] Modify product: Probable L,D-transpeptidase YcfS precursor => putative L,D-transpeptidase YcfS precursor
[17:55:30] Modify product: Probable autotransporter ROD_p1121 precursor => putative autotransporter precursor
[17:55:30] Modify product: Probable tartrate dehydrogenase/decarboxylase TtuC' => putative tartrate dehydrogenase/decarboxylase TtuC'
[17:55:31] Modify product: Probable mannose-6-phosphate isomerase GmuF => putative mannose-6-phosphate isomerase GmuF
[17:55:31] Modify product: Uncharacterized lipoprotein YgdR precursor => putative lipoprotein YgdR precursor
[17:55:31] Modify product: Probable tRNA (adenine(37)-N6)-methyltransferase => putative tRNA (adenine(37)-N6)-methyltransferase
[17:55:31] Modify product: Uncharacterized methyltransferase YcgJ => putative methyltransferase YcgJ
[17:55:31] Modify product: Probable endopeptidase YafL precursor => putative endopeptidase YafL precursor
[17:55:32] Modify product: Probable autotransporter ROD_p1121 precursor => putative autotransporter precursor
[17:55:32] Modify product: Probable sulfoacetate transporter SauU => putative sulfoacetate transporter SauU
[17:55:32] Modify product: Probable diguanylate cyclase AdrA => putative diguanylate cyclase AdrA
[17:55:32] Modify product: Probable peroxiredoxin => putative peroxiredoxin
[17:55:32] Modify product: Uncharacterized lipoprotein YajI precursor => putative lipoprotein YajI precursor
[17:55:32] Modify product: Probable siderophore biosynthesis protein SbnA => putative siderophore biosynthesis protein SbnA
[17:55:32] Modify product: Probable multidrug resistance ABC transporter ATP-binding/permease protein YheI => putative multidrug resistance ABC transporter ATP-binding/permease protein YheI
[17:55:32] Modify product: Uncharacterized membrane protein YjcC => putative membrane protein YjcC
[17:55:32] Modify product: Uncharacterized ABC transporter ATP-binding protein YbbL => putative ABC transporter ATP-binding protein YbbL
[17:55:32] Modify product: Bifunctional protein FolD => Bifunctional protein FolD protein
[17:55:32] Modify product: Probable siderophore transport system ATP-binding protein YusV => putative siderophore transport system ATP-binding protein YusV
[17:55:32] Modify product: Probable L-ascorbate-6-phosphate lactonase UlaG => putative L-ascorbate-6-phosphate lactonase UlaG
[17:55:33] Modify product: Uncharacterized oxidoreductase YcjS => putative oxidoreductase YcjS
[17:55:33] Modify product: Probable licABCH operon regulator => putative licABCH operon regulator
[17:55:33] Modify product: Probable type I restriction enzyme BthVORF4518P M protein => putative type I restriction enzymeP M protein
[17:55:33] Modify product: Probable xanthine dehydrogenase subunit D => putative xanthine dehydrogenase subunit D
[17:55:33] Modify product: Probable xanthine dehydrogenase subunit A => putative xanthine dehydrogenase subunit A
[17:55:33] Modify product: Probable cation-transporting ATPase F => putative cation-transporting ATPase F
[17:55:33] Modify product: Probable RNA polymerase sigma factor FecI => putative RNA polymerase sigma factor FecI
[17:55:33] Modify product: Uncharacterized membrane protein YjcC => putative membrane protein YjcC
[17:55:33] Modify product: Uncharacterized ferredoxin-like protein YdhX precursor => putative ferredoxin-like protein YdhX precursor
[17:55:33] Modify product: Probable Ni/Fe-hydrogenase 2 b-type cytochrome subunit => putative Ni/Fe-hydrogenase 2 b-type cytochrome subunit
[17:55:33] Modify product: Uncharacterized oxidoreductase YghA => putative oxidoreductase YghA
[17:55:33] Modify product: Probable quinol monooxygenase YgiN => putative quinol monooxygenase YgiN
[17:55:33] Modify product: Probable glycerol-3-phosphate acyltransferase => putative glycerol-3-phosphate acyltransferase
[17:55:33] Modify product: Probable tRNA-dihydrouridine synthase => putative tRNA-dihydrouridine synthase
[17:55:34] Modify product: Uncharacterized oxidoreductase YhhX => putative oxidoreductase YhhX
[17:55:34] Modify product: Uncharacterized lipoprotein GfcB precursor => putative lipoprotein GfcB precursor
[17:55:34] Modify product: Uncharacterized N-acetyltransferase YjaB => putative N-acetyltransferase YjaB
[17:55:34] Modify product: Transcription termination/antitermination protein NusG => hypothetical protein
[17:55:34] Modify product: Uncharacterized tRNA/rRNA methyltransferase HI_0380 => putative tRNA/rRNA methyltransferase
[17:55:34] Modify product: Uncharacterized DapA-like lyase => putative DapA-like lyase
[17:55:34] Modify product: Probable diguanylate cyclase YfiN => putative diguanylate cyclase YfiN
[17:55:34] Modify product: Probable inorganic polyphosphate/ATP-NAD kinase => putative inorganic polyphosphate/ATP-NAD kinase
[17:55:34] Modify product: Uncharacterized HTH-type transcriptional regulator HI_1476 => putative HTH-type transcriptional regulator
[17:55:34] Modify product: Uncharacterized HTH-type transcriptional regulator RhmR => putative HTH-type transcriptional regulator RhmR
[17:55:34] Modify product: Uncharacterized Nudix hydrolase YfcD => putative Nudix hydrolase YfcD
[17:55:34] Modify product: Epimerase family protein SA0724 => Epimerase family protein
[17:55:34] Modify product: Probable galactarate transporter => putative galactarate transporter
[17:55:34] Modify product: Probable phospholipid-binding lipoprotein MlaA precursor => putative phospholipid-binding lipoprotein MlaA precursor
[17:55:34] Modify product: Probable deoxyribonuclease RhsA => putative deoxyribonuclease RhsA
[17:55:34] Modify product: Probable hemoglobin and hemoglobin-haptoglobin-binding protein 3 precursor => putative hemoglobin and hemoglobin-haptoglobin-binding protein 3 precursor
[17:55:34] Modify product: Probable lipoprotein YiaD precursor => putative lipoprotein YiaD precursor
[17:55:34] Modify product: Uncharacterized peptidase SA1530 => putative peptidase
[17:55:35] Modify product: Uncharacterized lipoprotein YgdR precursor => putative lipoprotein YgdR precursor
[17:55:35] Modify product: Uncharacterized lipoprotein YgdR precursor => putative lipoprotein YgdR precursor
[17:55:35] Modify product: Uncharacterized membrane protein YjcC => putative membrane protein YjcC
[17:55:35] Modify product: Fimbrillin MatB homolog precursor => hypothetical protein
[17:55:35] Modify product: Probable ATP synthase YscN => putative ATP synthase YscN
[17:55:35] Modify product: Probable glucarate transporter => putative glucarate transporter
[17:55:35] Modify product: Uncharacterized hydrolase YxeP => putative hydrolase YxeP
[17:55:35] Modify product: Probable aromatic acid decarboxylase => putative aromatic acid decarboxylase
[17:55:35] Modify product: Uncharacterized periplasmic iron-binding protein HI_0362 precursor => putative periplasmic iron-binding protein precursor
[17:55:35] Modify product: Probable HTH-type transcriptional regulator YgaV => putative HTH-type transcriptional regulator YgaV
[17:55:35] Modify product: Probable 2-keto-3-deoxy-galactonate aldolase YagE => putative 2-keto-3-deoxy-galactonate aldolase YagE
[17:55:36] Modify product: Probable phosphotransferase enzyme IIB component M6_Spy0801 => putative phosphotransferase enzyme IIB component
[17:55:36] Modify product: Uncharacterized aldolase YihT => putative aldolase YihT
[17:55:36] Modify product: Uncharacterized sugar isomerase YihS => putative sugar isomerase YihS
[17:55:36] Modify product: Probable GTP-binding protein EngB => putative GTP-binding protein EngB
[17:55:36] Modify product: Probable acyltransferase YihG => putative acyltransferase YihG
[17:55:36] Modify product: Probable protein kinase UbiB => putative protein kinase UbiB
[17:55:36] Modify product: Probable transport protein YifK => putative transport protein YifK
[17:55:36] Modify product: Transcription termination factor Rho => hypothetical protein
[17:55:36] Modify product: Probable transport protein HsrA => putative transport protein HsrA
[17:55:36] Modify product: Probable adenine permease PurP => putative adenine permease PurP
[17:55:36] Modify product: Uncharacterized HTH-type transcriptional regulator YidP => putative HTH-type transcriptional regulator YidP
[17:55:36] Modify product: Uncharacterized HTH-type transcriptional regulator YidP => putative HTH-type transcriptional regulator YidP
[17:55:36] Modify product: Uncharacterized symporter YidK => putative symporter YidK
[17:55:36] Modify product: Uncharacterized inner membrane transporter YicL => putative inner membrane transporter YicL
[17:55:36] Modify product: Putative conjugal transfer protein Rv3659c/MT3759 => Putative conjugal transfer protein/MT3759
[17:55:36] Modify product: Probable poly(glycerol-phosphate) alpha-glucosyltransferase => putative poly(glycerol-phosphate) alpha-glucosyltransferase
[17:55:36] Modify product: Uncharacterized glycosyltransferase EpsJ => putative glycosyltransferase EpsJ
[17:55:36] Modify product: Probable glucarate transporter => putative glucarate transporter
[17:55:36] Modify product: Uncharacterized GST-like protein YibF => putative GST-like protein YibF
[17:55:37] Modify product: Probable lipoprotein YiaD precursor => putative lipoprotein YiaD precursor
[17:55:37] Modify product: Uncharacterized N-acetyltransferase YjaB => putative N-acetyltransferase YjaB
[17:55:37] Modify product: Uncharacterized MFS-type transporter YhjX => putative MFS-type transporter YhjX
[17:55:37] Modify product: Uncharacterized oxidoreductase YhhX => putative oxidoreductase YhhX
[17:55:37] Modify product: Probable adenosine monophosphate-protein transferase fic => putative adenosine monophosphate-protein transferase fic
[17:55:37] Modify product: Uncharacterized ABC transporter ATP-binding protein YheS => putative ABC transporter ATP-binding protein YheS
[17:55:37] Modify product: Probable bifunctional chitinase/lysozyme precursor => putative bifunctional chitinase/lysozyme precursor
[17:55:37] Modify product: Probable glutamine ABC transporter permease protein GlnM => putative glutamine ABC transporter permease protein GlnM
[17:55:37] Modify product: Probable acrEF/envCD operon repressor => putative acrEF/envCD operon repressor
[17:55:37] Modify product: Probable acrylyl-CoA reductase AcuI => putative acrylyl-CoA reductase AcuI
[17:55:38] Modify product: Uncharacterized zinc-type alcohol dehydrogenase-like protein YjmD => putative zinc-type alcohol dehydrogenase-like protein YjmD
[17:55:38] Modify product: Probable phospholipid import ATP-binding protein MlaF => putative phospholipid import ATP-binding protein MlaF
[17:55:38] Modify product: Probable phospholipid ABC transporter permease protein MlaE => putative phospholipid ABC transporter permease protein MlaE
[17:55:38] Modify product: Probable phospholipid ABC transporter-binding protein MlaD => putative phospholipid ABC transporter-binding protein MlaD
[17:55:38] Modify product: Probable phospholipid-binding protein MlaC precursor => putative phospholipid-binding protein MlaC precursor
[17:55:38] Modify product: Probable phospholipid ABC transporter-binding protein MlaB => putative phospholipid ABC transporter-binding protein MlaB
[17:55:38] Modify product: Uncharacterized inner membrane transporter YhbE => putative inner membrane transporter YhbE
[17:55:38] Modify product: Transcription termination/antitermination protein NusA => hypothetical protein
[17:55:38] Modify product: Uncharacterized protease YhbU precursor => putative protease YhbU precursor
[17:55:38] Modify product: Probable 9-O-acetyl-N-acetylneuraminic acid deacetylase precursor => putative 9-O-acetyl-N-acetylneuraminic acid deacetylase precursor
[17:55:38] Modify product: Uncharacterized GTP-binding protein YjiA => putative GTP-binding protein YjiA
[17:55:38] Modify product: Probable HTH-type transcriptional regulator YjjM => putative HTH-type transcriptional regulator YjjM
[17:55:38] Modify product: Probable diguanylate cyclase AdrA => putative diguanylate cyclase AdrA
[17:55:38] Modify product: Uncharacterized deoxyribonuclease YjjV => putative deoxyribonuclease YjjV
[17:55:38] Modify product: DNA repair protein RadA homolog => hypothetical protein
[17:55:38] Modify product: Uncharacterized deoxyribonuclease YcfH => putative deoxyribonuclease YcfH
[17:55:38] Modify product: Uncharacterized membrane protein YdfK => putative membrane protein YdfK
[17:55:38] Modify product: Probable Fe(2+)-trafficking protein => putative Fe(2+)-trafficking protein
[17:55:38] Modify product: Probable sensor-like histidine kinase YedV => putative sensor-like histidine kinase YedV
[17:55:38] Modify product: Probable transcriptional regulatory protein YedW => putative transcriptional regulatory protein YedW
[17:55:39] Modify product: Uncharacterized ABC transporter ATP-binding protein YjjK => putative ABC transporter ATP-binding protein YjjK
[17:55:39] Cleaned 205 /product names
[17:55:39] Deleting unwanted file: results/prokka/ROD/sprot.faa
[17:55:39] Deleting unwanted file: results/prokka/ROD/sprot.blast
[17:55:42] There are still 1633 unannotated CDS left (started with 4936)
[17:55:42] Will use hmmer3 to search against /home/fatemeh/program-bank/prokka-1.11/bin/../db/hmm/CLUSTERS.hmm with 4 CPUs
[17:55:42] Running: cat results\/prokka\/ROD\/CLUSTERS\.hmm\.faa | parallel --gnu --plain -j 4 --block 48988 --recstart '>' --pipe hmmscan --noali --notextw --acc -E 1e-06 --cpu 1 /home/fatemeh/program-bank/prokka-1.11/bin/../db/hmm/CLUSTERS.hmm /dev/stdin > results\/prokka\/ROD\/CLUSTERS\.hmm\.hmmer3 2> /dev/null
[18:05:23] Deleting unwanted file: results/prokka/ROD/CLUSTERS.hmm.faa
[18:05:23] Deleting unwanted file: results/prokka/ROD/CLUSTERS.hmm.hmmer3
[18:05:26] There are still 1231 unannotated CDS left (started with 4936)
[18:05:26] Will use hmmer3 to search against /home/fatemeh/program-bank/prokka-1.11/bin/../db/hmm/HAMAP.hmm with 4 CPUs
[18:05:26] Running: cat results\/prokka\/ROD\/HAMAP\.hmm\.faa | parallel --gnu --plain -j 4 --block 36850 --recstart '>' --pipe hmmscan --noali --notextw --acc -E 1e-06 --cpu 1 /home/fatemeh/program-bank/prokka-1.11/bin/../db/hmm/HAMAP.hmm /dev/stdin > results\/prokka\/ROD\/HAMAP\.hmm\.hmmer3 2> /dev/null
[18:07:42] Deleting unwanted file: results/prokka/ROD/HAMAP.hmm.faa
[18:07:42] Deleting unwanted file: results/prokka/ROD/HAMAP.hmm.hmmer3
[18:07:46] There are still 1215 unannotated CDS left (started with 4936)
[18:07:46] Will use hmmer3 to search against /home/fatemeh/program-bank/prokka-1.11/bin/../db/hmm/Pfam.hmm with 4 CPUs
[18:07:46] Running: cat results\/prokka\/ROD\/Pfam\.hmm\.faa | parallel --gnu --plain -j 4 --block 35651 --recstart '>' --pipe hmmscan --noali --notextw --acc -E 1e-06 --cpu 1 /home/fatemeh/program-bank/prokka-1.11/bin/../db/hmm/Pfam.hmm /dev/stdin > results\/prokka\/ROD\/Pfam\.hmm\.hmmer3 2> /dev/null
[18:15:59] Modify product: Insertion element 4 transposase N-terminal => hypothetical protein
[18:15:59] Modify product: Transposase IS116/IS110/IS902 family => Transposase IS116/IS110/IS902 family protein
[18:15:59] Modify product: Transposase IS116/IS110/IS902 family => Transposase IS116/IS110/IS902 family protein
[18:15:59] Modify product: Transposase IS66 family => Transposase IS66 family protein
[18:15:59] Modify product: Alpha-2-macroglobulin family N-terminal region => hypothetical protein
[18:15:59] Modify product: Tetratricopeptide repeat => Tetratricopeptide repeat protein
[18:15:59] Modify product: Transposase IS116/IS110/IS902 family => Transposase IS116/IS110/IS902 family protein
[18:15:59] Modify product: DTW domain => DTW domain protein
[18:15:59] Modify product: Insertion element 4 transposase N-terminal => hypothetical protein
[18:15:59] Modify product: Phage Tail Collar Domain => Phage Tail Collar Domain protein
[18:15:59] Modify product: DNA circulation protein N-terminus => hypothetical protein
[18:16:00] Modify product: Conserved phage C-terminus (Phg_2220_C) => hypothetical protein
[18:16:00] Modify product: Phage antirepressor protein KilAC domain => Phage antirepressor protein KilAC domain protein
[18:16:00] Modify product: Integrase core domain => Integrase core domain protein
[18:16:00] Modify product: Transposase IS66 family => Transposase IS66 family protein
[18:16:00] Modify product: Transposase IS66 family => Transposase IS66 family protein
[18:16:00] Modify product: Insertion element 4 transposase N-terminal => hypothetical protein
[18:16:00] Modify product: Acetyltransferase (GNAT) family => Acetyltransferase (GNAT) family protein
[18:16:00] Modify product: ImpA-related N-terminal => hypothetical protein
[18:16:00] Modify product: putative Peptidoglycan domain => putative Peptidoglycan domain protein
[18:16:00] Modify product: Transposase IS116/IS110/IS902 family => Transposase IS116/IS110/IS902 family protein
[18:16:00] Modify product: Transposase IS116/IS110/IS902 family => Transposase IS116/IS110/IS902 family protein
[18:16:00] Modify product: Transposase IS66 family => Transposase IS66 family protein
[18:16:00] Modify product: YadA-like C-terminal region => hypothetical protein
[18:16:00] Modify product: Insertion element 4 transposase N-terminal => hypothetical protein
[18:16:00] Modify product: Methyltransferase domain => Methyltransferase domain protein
[18:16:00] Modify product: Prophage tail fibre N-terminal => hypothetical protein
[18:16:00] Modify product: Phage tail fibre repeat => Phage tail fibre repeat protein
[18:16:00] Modify product: DNA circulation protein N-terminus => hypothetical protein
[18:16:00] Modify product: Phage virion morphogenesis family => Phage virion morphogenesis family protein
[18:16:00] Modify product: putative Peptidoglycan domain => putative Peptidoglycan domain protein
[18:16:00] Modify product: Insertion element 4 transposase N-terminal => hypothetical protein
[18:16:00] Modify product: Mor transcription activator family => Mor transcription activator family protein
[18:16:00] Modify product: Transposase DDE domain => Transposase DDE domain protein
[18:16:00] Modify product: Mu transposase, C-terminal => hypothetical protein
[18:16:00] Modify product: MacB-like periplasmic core domain => MacB-like periplasmic core domain protein
[18:16:00] Modify product: XdhC and CoxI family => XdhC and CoxI family protein
[18:16:00] Modify product: Extensin-like protein C-terminus => hypothetical protein
[18:16:00] Modify product: Transposase IS116/IS110/IS902 family => Transposase IS116/IS110/IS902 family protein
[18:16:00] Modify product: Glyoxalase-like domain => Glyoxalase-like domain protein
[18:16:00] Modify product: NIPSNAP => hypothetical protein
[18:16:00] Modify product: Transposase DDE domain => Transposase DDE domain protein
[18:16:00] Modify product: TraB family => TraB family protein
[18:16:00] Modify product: FtsX-like permease family => FtsX-like permease family protein
[18:16:00] Modify product: Insertion element 4 transposase N-terminal => hypothetical protein
[18:16:00] Modify product: Transposase IS66 family => Transposase IS66 family protein
[18:16:00] Modify product: Transposase IS66 family => Transposase IS66 family protein
[18:16:00] Modify product: Transposase DDE domain => Transposase DDE domain protein
[18:16:00] Modify product: Insertion element 4 transposase N-terminal => hypothetical protein
[18:16:00] Modify product: Insertion element 4 transposase N-terminal => hypothetical protein
[18:16:00] Modify product: Sugar-binding cellulase-like => Sugar-binding cellulase-like protein
[18:16:00] Modify product: NIPSNAP => hypothetical protein
[18:16:00] Modify product: Transposase IS66 family => Transposase IS66 family protein
[18:16:00] Modify product: Phage Tail Collar Domain => Phage Tail Collar Domain protein
[18:16:00] Modify product: Phage virion morphogenesis family => Phage virion morphogenesis family protein
[18:16:00] Modify product: Terminase-like family => Terminase-like family protein
[18:16:00] Modify product: IclR helix-turn-helix domain => IclR helix-turn-helix domain protein
[18:16:00] Modify product: Integrase core domain => Integrase core domain protein
[18:16:00] Modify product: Mor transcription activator family => Mor transcription activator family protein
[18:16:00] Modify product: Phage integrase family => Phage integrase family protein
[18:16:00] Modify product: Transposase IS66 family => Transposase IS66 family protein
[18:16:00] Modify product: Stress-induced bacterial acidophilic repeat motif => Stress-induced bacterial acidophilic repeat motif protein
[18:16:00] Modify product: ShET2 enterotoxin, N-terminal region => hypothetical protein
[18:16:00] Modify product: Transposase IS200 like => Transposase IS200 like protein
[18:16:00] Modify product: Insertion element 4 transposase N-terminal => hypothetical protein
[18:16:00] Modify product: Transposase IS200 like => Transposase IS200 like protein
[18:16:00] Modify product: Transposase DDE domain => Transposase DDE domain protein
[18:16:00] Modify product: Transposase IS116/IS110/IS902 family => Transposase IS116/IS110/IS902 family protein
[18:16:00] Modify product: Insertion element 4 transposase N-terminal => hypothetical protein
[18:16:00] Modify product: Acetyltransferase (GNAT) family => Acetyltransferase (GNAT) family protein
[18:16:00] Modify product: Prophage tail fibre N-terminal => hypothetical protein
[18:16:00] Modify product: Putative prophage tail fibre C-terminus => hypothetical protein
[18:16:00] Modify product: Putative prophage tail fibre C-terminus => hypothetical protein
[18:16:00] Modify product: Transposase IS116/IS110/IS902 family => Transposase IS116/IS110/IS902 family protein
[18:16:00] Modify product: Transposase IS116/IS110/IS902 family => Transposase IS116/IS110/IS902 family protein
[18:16:00] Modify product: PrkA AAA domain => PrkA AAA domain protein
[18:16:00] Modify product: Transposase IS66 family => Transposase IS66 family protein
[18:16:00] Modify product: Transposase IS116/IS110/IS902 family => Transposase IS116/IS110/IS902 family protein
[18:16:00] Modify product: Carboxymuconolactone decarboxylase family => Carboxymuconolactone decarboxylase family protein
[18:16:00] Modify product: Transposase IS66 family => Transposase IS66 family protein
[18:16:00] Modify product: Metallo-beta-lactamase superfamily => Metallo-beta-lactamase superfamily protein
[18:16:00] Modify product: Glyoxalase/Bleomycin resistance protein/Dioxygenase superfamily => Glyoxalase/Bleomycin resistance protein/Dioxygenase superfamily protein
[18:16:00] Modify product: Rieske [2Fe-2S] domain => Rieske [2Fe-2S] domain protein
[18:16:00] Modify product: Fumarylacetoacetate (FAA) hydrolase family => Fumarylacetoacetate (FAA) hydrolase family protein
[18:16:00] Modify product: Integral membrane protein TerC family => Integral membrane protein TerC family protein
[18:16:00] Modify product: Flavin reductase like domain => Flavin reductase like domain protein
[18:16:00] Modify product: Putative prophage tail fibre C-terminus => hypothetical protein
[18:16:00] Modify product: Phage integrase family => Phage integrase family protein
[18:16:00] Modify product: Carboxymuconolactone decarboxylase family => Carboxymuconolactone decarboxylase family protein
[18:16:00] Modify product: Isochorismatase family => Isochorismatase family protein
[18:16:00] Modify product: Stress-induced bacterial acidophilic repeat motif => Stress-induced bacterial acidophilic repeat motif protein
[18:16:00] Modify product: Insertion element 4 transposase N-terminal => hypothetical protein
[18:16:00] Modify product: DsrE/DsrF-like family => DsrE/DsrF-like family protein
[18:16:00] Modify product: Insertion element 4 transposase N-terminal => hypothetical protein
[18:16:00] Modify product: Spore Coat Protein U domain => Spore Coat Protein U domain protein
[18:16:00] Modify product: Spore Coat Protein U domain => Spore Coat Protein U domain protein
[18:16:00] Modify product: Spore Coat Protein U domain => Spore Coat Protein U domain protein
[18:16:00] Modify product: Integrase core domain => Integrase core domain protein
[18:16:00] Modify product: TM2 domain => TM2 domain protein
[18:16:00] Modify product: Ash protein family => Ash protein family protein
[18:16:00] Modify product: SPFH domain / Band 7 family => SPFH domain / Band 7 family protein
[18:16:00] Modify product: Transposase DDE domain => Transposase DDE domain protein
[18:16:00] Modify product: PAP2 superfamily => PAP2 superfamily protein
[18:16:00] Modify product: Radical SAM superfamily => Radical SAM superfamily protein
[18:16:00] Modify product: Radical SAM superfamily => Radical SAM superfamily protein
[18:16:00] Modify product: B12 binding domain => B12 binding domain protein
[18:16:00] Modify product: Transposase IS200 like => Transposase IS200 like protein
[18:16:00] Modify product: NAD dependent epimerase/dehydratase family => NAD dependent epimerase/dehydratase family protein
[18:16:00] Modify product: Transposase DDE domain => Transposase DDE domain protein
[18:16:00] Modify product: 'Cold-shock' DNA-binding domain => 'Cold-shock' DNA-binding domain protein
[18:16:00] Modify product: Helix-turn-helix domain => Helix-turn-helix domain protein
[18:16:00] Modify product: Transposase IS66 family => Transposase IS66 family protein
[18:16:00] Modify product: Transposase IS66 family => Transposase IS66 family protein
[18:16:00] Modify product: Transposase IS116/IS110/IS902 family => Transposase IS116/IS110/IS902 family protein
[18:16:00] Modify product: Transposase DDE domain => Transposase DDE domain protein
[18:16:00] Modify product: Integral membrane protein TerC family => Integral membrane protein TerC family protein
[18:16:00] Modify product: Cupin domain => Cupin domain protein
[18:16:00] Modify product: Transposase DDE domain => Transposase DDE domain protein
[18:16:00] Modify product: Transcriptional regulatory protein, C terminal => hypothetical protein
[18:16:00] Modify product: Transposase DDE domain => Transposase DDE domain protein
[18:16:00] Modify product: Transposase DDE domain => Transposase DDE domain protein
[18:16:00] Modify product: EspF protein repeat => EspF protein repeat protein
[18:16:00] Modify product: Type III secretion needle MxiH like => Type III secretion needle MxiH like protein
[18:16:00] Modify product: Secretion system effector C (SseC) like family => Secretion system effector C (SseC) like family protein
[18:16:00] Modify product: HrpJ-like domain => HrpJ-like domain protein
[18:16:00] Modify product: IpaB/EvcA family => IpaB/EvcA family protein
[18:16:00] Modify product: Type III secretion needle MxiH like => Type III secretion needle MxiH like protein
[18:16:00] Modify product: H-NS histone family => H-NS histone family protein
[18:16:00] Modify product: Transposase IS66 family => Transposase IS66 family protein
[18:16:00] Modify product: Transposase IS116/IS110/IS902 family => Transposase IS116/IS110/IS902 family protein
[18:16:00] Modify product: Tripartite tricarboxylate transporter TctA family => Tripartite tricarboxylate transporter TctA family protein
[18:16:00] Modify product: Tripartite tricarboxylate transporter TctB family => Tripartite tricarboxylate transporter TctB family protein
[18:16:00] Modify product: Transposase DDE domain => Transposase DDE domain protein
[18:16:00] Modify product: Putative prophage tail fibre C-terminus => hypothetical protein
[18:16:00] Modify product: Putative prophage tail fibre C-terminus => hypothetical protein
[18:16:00] Modify product: IpaB/EvcA family => IpaB/EvcA family protein
[18:16:00] Modify product: Integrase core domain => Integrase core domain protein
[18:16:00] Modify product: Transposase IS66 family => Transposase IS66 family protein
[18:16:00] Modify product: Phage integrase, N-terminal => hypothetical protein
[18:16:00] Modify product: EamA-like transporter family => EamA-like transporter family protein
[18:16:00] Modify product: Opacity-associated protein A LysM-like domain => Opacity-associated protein A LysM-like domain protein
[18:16:00] Modify product: Oxidoreductase family, C-terminal alpha/beta domain => hypothetical protein
[18:16:00] Modify product: Transposase IS116/IS110/IS902 family => Transposase IS116/IS110/IS902 family protein
[18:16:00] Modify product: AAA-like domain => AAA-like domain protein
[18:16:00] Modify product: Transposase DDE domain => Transposase DDE domain protein
[18:16:00] Modify product: TraG-like protein, N-terminal region => hypothetical protein
[18:16:00] Modify product: CobQ/CobB/MinD/ParA nucleotide binding domain => CobQ/CobB/MinD/ParA nucleotide binding domain protein
[18:16:00] Modify product: ImpA-related N-terminal => hypothetical protein
[18:16:00] Modify product: Transposase IS66 family => Transposase IS66 family protein
[18:16:00] Modify product: Sel1 repeat => Sel1 repeat protein
[18:16:00] Modify product: Transposase IS116/IS110/IS902 family => Transposase IS116/IS110/IS902 family protein
[18:16:00] Modify product: HD domain => HD domain protein
[18:16:00] Modify product: Transposase DDE domain => Transposase DDE domain protein
[18:16:00] Modify product: Glyoxalase-like domain => Glyoxalase-like domain protein
[18:16:00] Modify product: Transposase IS66 family => Transposase IS66 family protein
[18:16:00] Modify product: AraC-type transcriptional regulator N-terminus => hypothetical protein
[18:16:00] Modify product: Transposase IS116/IS110/IS902 family => Transposase IS116/IS110/IS902 family protein
[18:16:00] Modify product: CYTH domain => CYTH domain protein
[18:16:00] Modify product: Transposase IS200 like => Transposase IS200 like protein
[18:16:00] Modify product: Transposase IS66 family => Transposase IS66 family protein
[18:16:00] Modify product: Insertion element 4 transposase N-terminal => hypothetical protein
[18:16:00] Modify product: Phage tail fibre repeat => Phage tail fibre repeat protein
[18:16:00] Modify product: Phage virion morphogenesis family => Phage virion morphogenesis family protein
[18:16:00] Modify product: putative Peptidoglycan domain => putative Peptidoglycan domain protein
[18:16:00] Modify product: Terminase-like family => Terminase-like family protein
[18:16:00] Modify product: HTH domain => HTH domain protein
[18:16:00] Modify product: Sodium Bile acid symporter family => Sodium Bile acid symporter family protein
[18:16:00] Modify product: Transposase IS116/IS110/IS902 family => Transposase IS116/IS110/IS902 family protein
[18:16:00] Modify product: Transposase IS116/IS110/IS902 family => Transposase IS116/IS110/IS902 family protein
[18:16:00] Modify product: Transposase DDE domain => Transposase DDE domain protein
[18:16:00] Modify product: Transposase IS66 family => Transposase IS66 family protein
[18:16:00] Modify product: SCP-2 sterol transfer family => SCP-2 sterol transfer family protein
[18:16:00] Modify product: EamA-like transporter family => EamA-like transporter family protein
[18:16:00] Modify product: EamA-like transporter family => EamA-like transporter family protein
[18:16:00] Modify product: Transposase IS116/IS110/IS902 family => Transposase IS116/IS110/IS902 family protein
[18:16:00] Modify product: Insertion element 4 transposase N-terminal => hypothetical protein
[18:16:00] Modify product: EamA-like transporter family => EamA-like transporter family protein
[18:16:00] Modify product: Transposase IS66 family => Transposase IS66 family protein
[18:16:00] Modify product: IpaB/EvcA family => IpaB/EvcA family protein
[18:16:00] Modify product: IpaB/EvcA family => IpaB/EvcA family protein
[18:16:00] Modify product: Transposase DDE domain => Transposase DDE domain protein
[18:16:00] Modify product: Bacterial type II secretion system protein F domain => Bacterial type II secretion system protein F domain protein
[18:16:00] Modify product: Bacterial type II secretion system protein F domain => Bacterial type II secretion system protein F domain protein
[18:16:00] Modify product: Regulator of chromosome condensation (RCC1) repeat => Regulator of chromosome condensation (RCC1) repeat protein
[18:16:00] Modify product: AsmA family => AsmA family protein
[18:16:00] Modify product: Insertion element 4 transposase N-terminal => hypothetical protein
[18:16:00] Modify product: Transcriptional regulatory protein, C terminal => hypothetical protein
[18:16:00] Modify product: Insertion element 4 transposase N-terminal => hypothetical protein
[18:16:00] Modify product: Peptidase M16 inactive domain => Peptidase M16 inactive domain protein
[18:16:00] Modify product: HicB family => HicB family protein
[18:16:00] Modify product: MMPL family => MMPL family protein
[18:16:00] Modify product: Fic/DOC family => Fic/DOC family protein
[18:16:00] Modify product: YheO-like PAS domain => YheO-like PAS domain protein
[18:16:00] Modify product: Transposase DDE domain => Transposase DDE domain protein
[18:16:00] Modify product: Transposase IS66 family => Transposase IS66 family protein
[18:16:00] Modify product: SCP-2 sterol transfer family => SCP-2 sterol transfer family protein
[18:16:00] Modify product: Mu transposase, C-terminal => hypothetical protein
[18:16:00] Modify product: Mu B transposition protein, C terminal => hypothetical protein
[18:16:00] Modify product: Insertion element 4 transposase N-terminal => hypothetical protein
[18:16:00] Modify product: Mor transcription activator family => Mor transcription activator family protein
[18:16:00] Modify product: Terminase-like family => Terminase-like family protein
[18:16:00] Modify product: Phage virion morphogenesis family => Phage virion morphogenesis family protein
[18:16:00] Modify product: DNA circulation protein N-terminus => hypothetical protein
[18:16:00] Modify product: Transposase IS66 family => Transposase IS66 family protein
[18:16:00] Modify product: Major Facilitator Superfamily => Major Facilitator Superfamily protein
[18:16:00] Modify product: Integrase core domain => Integrase core domain protein
[18:16:00] Modify product: Integrase core domain => Integrase core domain protein
[18:16:00] Modify product: ImpA-related N-terminal => hypothetical protein
[18:16:00] Modify product: KAP family P-loop domain => KAP family P-loop domain protein
[18:16:00] Modify product: Transposase IS66 family => Transposase IS66 family protein
[18:16:00] Modify product: Transposase IS66 family => Transposase IS66 family protein
[18:16:00] Modify product: YGGT family => YGGT family protein
[18:16:00] Modify product: Alanine racemase, N-terminal domain => hypothetical protein
[18:16:00] Modify product: Transposase DDE domain => Transposase DDE domain protein
[18:16:00] Cleaned 214 /product names
[18:16:00] Deleting unwanted file: results/prokka/ROD/Pfam.hmm.faa
[18:16:00] Deleting unwanted file: results/prokka/ROD/Pfam.hmm.hmmer3
[18:16:00] Labelling remaining 756 proteins as 'hypothetical protein'
[18:16:00] Possible /pseudo 'Phenylalanine-specific permease' at FN543502 position 629284
[18:16:00] Possible /pseudo 'Transposase' at FN543502 position 637354
[18:16:00] Possible /pseudo 'Caudovirales tail fibre assembly protein' at FN543502 position 994624
[18:16:00] Possible /pseudo 'Multidrug resistance protein MdtH' at FN543502 position 1221811
[18:16:00] Possible /pseudo 'Putative oxidoreductase YceM' at FN543502 position 1224748
[18:16:00] Possible /pseudo 'High-affinity branched-chain amino acid transport ATP-binding protein LivF' at FN543502 position 1599690
[18:16:00] Possible /pseudo 'Formate dehydrogenase, nitrate-inducible, major subunit precursor' at FN543502 position 1659722
[18:16:00] Possible /pseudo 'sn-glycerol-3-phosphate import ATP-binding protein UgpC' at FN543502 position 1801716
[18:16:00] Possible /pseudo 'putative DNA-binding transcriptional regulator' at FN543502 position 1938386
[18:16:00] Possible /pseudo 'Putative deoxyribonuclease RhsC' at FN543502 position 2046791
[18:16:00] Possible /pseudo 'Spore Coat Protein U domain protein' at FN543502 position 2058965
[18:16:00] Possible /pseudo 'Arabinose import ATP-binding protein AraG' at FN543502 position 2071830
[18:16:00] Possible /pseudo 'Aldehyde-alcohol dehydrogenase' at FN543502 position 2235674
[18:16:00] Possible /pseudo 'Inner membrane protein YeeA' at FN543502 position 2242657
[18:16:00] Possible /pseudo 'tRNA-dihydrouridine synthase C' at FN543502 position 2376732
[18:16:00] Possible /pseudo 'Transposase IS116/IS110/IS902 family protein' at FN543502 position 2417327
[18:16:00] Possible /pseudo 'Multidrug efflux pump subunit AcrB' at FN543502 position 2543999
[18:16:00] Possible /pseudo 'IS2 repressor TnpA' at FN543502 position 2791860
[18:16:00] Possible /pseudo 'Putative deoxyribonuclease RhsC' at FN543502 position 2795042
[18:16:00] Possible /pseudo 'Putative deoxyribonuclease RhsC' at FN543502 position 2796394
[18:16:00] Possible /pseudo 'Ribonuclease BN' at FN543502 position 2823272
[18:16:00] Possible /pseudo 'Intracellular multiplication and human macrophage-killing' at FN543502 position 2921823
[18:16:00] Possible /pseudo 'Putative deoxyribonuclease RhsC' at FN543502 position 2984999
[18:16:00] Possible /pseudo 'Putative deoxyribonuclease RhsC' at FN543502 position 2986391
[18:16:00] Possible /pseudo 'Tyrosine recombinase XerC' at FN543502 position 3080505
[18:16:00] Possible /pseudo 'Transposase, Mutator family' at FN543502 position 3154849
[18:16:00] Possible /pseudo 'tRNA pseudouridine synthase C' at FN543502 position 3185003
[18:16:00] Possible /pseudo 'Manganese transport system membrane protein MntB' at FN543502 position 3244818
[18:16:00] Possible /pseudo 'Putative prophage CPS-53 integrase' at FN543502 position 3369173
[18:16:00] Possible /pseudo 'Formate dehydrogenase H' at FN543502 position 3567940
[18:16:00] Possible /pseudo 'Formate dehydrogenase H' at FN543502 position 3662123
[18:16:00] Possible /pseudo 'Disulfide-bond oxidoreductase YghU' at FN543502 position 3730569
[18:16:00] Possible /pseudo 'Lactose permease' at FN543502 position 3764283
[18:16:00] Possible /pseudo 'Caudovirales tail fibre assembly protein' at FN543502 position 3849582
[18:16:00] Possible /pseudo 'Formate dehydrogenase-O major subunit precursor' at FN543502 position 4070559
[18:16:00] Possible /pseudo 'Inner membrane symporter YihP' at FN543502 position 4099077
[18:16:00] Possible /pseudo 'putative HTH-type transcriptional regulator YidP' at FN543502 position 4281676
[18:16:00] Possible /pseudo 'Putative deoxyribonuclease RhsC' at FN543502 position 4308571
[18:16:00] Possible /pseudo 'Bacterial type II secretion system protein F domain protein' at FN543502 position 4373149
[18:16:00] Possible /pseudo 'General stress protein A' at FN543502 position 4418866
[18:16:00] Possible /pseudo 'L-lactate dehydrogenase [cytochrome]' at FN543502 position 4442918
[18:16:00] Possible /pseudo 'Dipeptide and tripeptide permease B' at FN543502 position 4552020
[18:16:00] Possible /pseudo 'Chitinase A1 precursor' at FN543502 position 4738734
[18:16:00] Possible /pseudo 'Chitinase A1 precursor' at FN543502 position 4741124
[18:16:00] Possible /pseudo 'Putative deoxyribonuclease RhsC' at FN543502 position 4830462
[18:16:00] Possible /pseudo '6-phospho-beta-glucosidase BglA' at FN543502 position 5195278
[18:16:01] Found 2674 unique /gene codes.
[18:16:01] Fixed 5 duplicate /gene - dxs_1 dxs_2 dxs_3 dxs_4 dxs_5
[18:16:01] Fixed 2 duplicate /gene - acpP_1 acpP_2
[18:16:01] Fixed 2 duplicate /gene - ftsI_1 ftsI_2
[18:16:01] Fixed 2 duplicate /gene - oppF_1 oppF_2
[18:16:01] Fixed 2 duplicate /gene - bglX_1 bglX_2
[18:16:01] Fixed 2 duplicate /gene - fimA_1 fimA_2
[18:16:01] Fixed 2 duplicate /gene - bepC_1 bepC_2
[18:16:01] Fixed 2 duplicate /gene - sppA_1 sppA_2
[18:16:01] Fixed 2 duplicate /gene - yjmD_1 yjmD_2
[18:16:01] Fixed 2 duplicate /gene - acnA_1 acnA_2
[18:16:01] Fixed 2 duplicate /gene - cysW_1 cysW_2
[18:16:01] Fixed 2 duplicate /gene - pheP_1 pheP_2
[18:16:01] Fixed 2 duplicate /gene - rbsB_1 rbsB_2
[18:16:01] Fixed 3 duplicate /gene - cytR_1 cytR_2 cytR_3
[18:16:01] Fixed 2 duplicate /gene - ftsA_1 ftsA_2
[18:16:01] Fixed 2 duplicate /gene - ywlF_1 ywlF_2
[18:16:01] Fixed 2 duplicate /gene - yjaB_1 yjaB_2
[18:16:01] Fixed 2 duplicate /gene - xylE_1 xylE_2
[18:16:01] Fixed 2 duplicate /gene - panF_1 panF_2
[18:16:01] Fixed 3 duplicate /gene - ydcV_1 ydcV_2 ydcV_3
[18:16:01] Fixed 3 duplicate /gene - tehB_1 tehB_2 tehB_3
[18:16:01] Fixed 2 duplicate /gene - adhB_1 adhB_2
[18:16:01] Fixed 2 duplicate /gene - flgC_1 flgC_2
[18:16:01] Fixed 2 duplicate /gene - mepM_1 mepM_2
[18:16:01] Fixed 2 duplicate /gene - queC_1 queC_2
[18:16:01] Fixed 2 duplicate /gene - proA_1 proA_2
[18:16:01] Fixed 2 duplicate /gene - yfcG_1 yfcG_2
[18:16:01] Fixed 2 duplicate /gene - yccM_1 yccM_2
[18:16:01] Fixed 2 duplicate /gene - ssuB_1 ssuB_2
[18:16:01] Fixed 8 duplicate /gene - dmlR_1 dmlR_2 dmlR_3 dmlR_4 dmlR_5 dmlR_6 dmlR_7 dmlR_8
[18:16:01] Fixed 2 duplicate /gene - lrp_1 lrp_2
[18:16:01] Fixed 2 duplicate /gene - znuC_1 znuC_2
[18:16:01] Fixed 2 duplicate /gene - tktB_1 tktB_2
[18:16:01] Fixed 3 duplicate /gene - tsr_1 tsr_2 tsr_3
[18:16:01] Fixed 3 duplicate /gene - fhaB_1 fhaB_2 fhaB_3
[18:16:01] Fixed 2 duplicate /gene - hrpB_1 hrpB_2
[18:16:01] Fixed 2 duplicate /gene - matA_1 matA_2
[18:16:01] Fixed 2 duplicate /gene - ybhI_1 ybhI_2
[18:16:01] Fixed 3 duplicate /gene - glnH_1 glnH_2 glnH_3
[18:16:01] Fixed 3 duplicate /gene - dusC_1 dusC_2 dusC_3
[18:16:01] Fixed 2 duplicate /gene - minD_1 minD_2
[18:16:01] Fixed 3 duplicate /gene - lolD_1 lolD_2 lolD_3
[18:16:01] Fixed 5 duplicate /gene - glnQ_1 glnQ_2 glnQ_3 glnQ_4 glnQ_5
[18:16:01] Fixed 2 duplicate /gene - ptsH_1 ptsH_2
[18:16:01] Fixed 3 duplicate /gene - ygdR_1 ygdR_2 ygdR_3
[18:16:01] Fixed 2 duplicate /gene - citG_1 citG_2
[18:16:01] Fixed 2 duplicate /gene - osmY_1 osmY_2
[18:16:01] Fixed 2 duplicate /gene - frlB_1 frlB_2
[18:16:01] Fixed 2 duplicate /gene - yceM_1 yceM_2
[18:16:01] Fixed 2 duplicate /gene - pncC_1 pncC_2
[18:16:01] Fixed 4 duplicate /gene - fimD_1 fimD_2 fimD_3 fimD_4
[18:16:01] Fixed 3 duplicate /gene - gntR_1 gntR_2 gntR_3
[18:16:01] Fixed 2 duplicate /gene - vnfA_1 vnfA_2
[18:16:01] Fixed 2 duplicate /gene - macB_1 macB_2
[18:16:01] Fixed 2 duplicate /gene - rbn_1 rbn_2
[18:16:01] Fixed 2 duplicate /gene - yccS_1 yccS_2
[18:16:01] Fixed 2 duplicate /gene - gstB_1 gstB_2
[18:16:01] Fixed 2 duplicate /gene - fimC_1 fimC_2
[18:16:01] Fixed 2 duplicate /gene - cdsA_1 cdsA_2
[18:16:01] Fixed 2 duplicate /gene - flgB_1 flgB_2
[18:16:01] Fixed 2 duplicate /gene - agaC_1 agaC_2
[18:16:01] Fixed 2 duplicate /gene - rnfC_1 rnfC_2
[18:16:01] Fixed 2 duplicate /gene - cls_1 cls_2
[18:16:01] Fixed 2 duplicate /gene - narX_1 narX_2
[18:16:01] Fixed 2 duplicate /gene - uxuA_1 uxuA_2
[18:16:01] Fixed 2 duplicate /gene - selA_1 selA_2
[18:16:01] Fixed 2 duplicate /gene - hflK_1 hflK_2
[18:16:01] Fixed 2 duplicate /gene - pflA_1 pflA_2
[18:16:01] Fixed 3 duplicate /gene - yicI_1 yicI_2 yicI_3
[18:16:01] Fixed 2 duplicate /gene - ybaB_1 ybaB_2
[18:16:01] Fixed 2 duplicate /gene - ydhP_1 ydhP_2
[18:16:01] Fixed 2 duplicate /gene - flgK_1 flgK_2
[18:16:01] Fixed 3 duplicate /gene - gltC_1 gltC_2 gltC_3
[18:16:01] Fixed 2 duplicate /gene - tyrP_1 tyrP_2
[18:16:01] Fixed 2 duplicate /gene - higA_1 higA_2
[18:16:01] Fixed 3 duplicate /gene - prsE_1 prsE_2 prsE_3
[18:16:01] Fixed 2 duplicate /gene - ptsG_1 ptsG_2
[18:16:01] Fixed 3 duplicate /gene - yihP_1 yihP_2 yihP_3
[18:16:01] Fixed 3 duplicate /gene - garK_1 garK_2 garK_3
[18:16:01] Fixed 3 duplicate /gene - yjcC_1 yjcC_2 yjcC_3
[18:16:01] Fixed 2 duplicate /gene - gatB_1 gatB_2
[18:16:01] Fixed 3 duplicate /gene - gbpR_1 gbpR_2 gbpR_3
[18:16:01] Fixed 2 duplicate /gene - malI_1 malI_2
[18:16:01] Fixed 2 duplicate /gene - cvaA_1 cvaA_2
[18:16:01] Fixed 2 duplicate /gene - rimL_1 rimL_2
[18:16:01] Fixed 2 duplicate /gene - argE_1 argE_2
[18:16:01] Fixed 2 duplicate /gene - recF_1 recF_2
[18:16:01] Fixed 2 duplicate /gene - exbB_1 exbB_2
[18:16:01] Fixed 2 duplicate /gene - gfo_1 gfo_2
[18:16:01] Fixed 2 duplicate /gene - gltR_1 gltR_2
[18:16:01] Fixed 3 duplicate /gene - cysJ_1 cysJ_2 cysJ_3
[18:16:01] Fixed 2 duplicate /gene - yajR_1 yajR_2
[18:16:01] Fixed 2 duplicate /gene - ppa_1 ppa_2
[18:16:01] Fixed 3 duplicate /gene - srlR_1 srlR_2 srlR_3
[18:16:01] Fixed 2 duplicate /gene - pyrG_1 pyrG_2
[18:16:01] Fixed 4 duplicate /gene - manX_1 manX_2 manX_3 manX_4
[18:16:01] Fixed 2 duplicate /gene - uhpA_1 uhpA_2
[18:16:01] Fixed 3 duplicate /gene - glnM_1 glnM_2 glnM_3
[18:16:01] Fixed 5 duplicate /gene - hin_1 hin_2 hin_3 hin_4 hin_5
[18:16:01] Fixed 2 duplicate /gene - tpiA_1 tpiA_2
[18:16:01] Fixed 6 duplicate /gene - chiA1_1 chiA1_2 chiA1_3 chiA1_4 chiA1_5 chiA1_6
[18:16:01] Fixed 3 duplicate /gene - bhsA_1 bhsA_2 bhsA_3
[18:16:01] Fixed 2 duplicate /gene - uspG_1 uspG_2
[18:16:01] Fixed 2 duplicate /gene - ulaC_1 ulaC_2
[18:16:01] Fixed 2 duplicate /gene - ltrA_1 ltrA_2
[18:16:01] Fixed 2 duplicate /gene - serA_1 serA_2
[18:16:01] Fixed 2 duplicate /gene - fryB_1 fryB_2
[18:16:01] Fixed 2 duplicate /gene - srlE_1 srlE_2
[18:16:01] Fixed 2 duplicate /gene - era_1 era_2
[18:16:01] Fixed 4 duplicate /gene - gcvA_1 gcvA_2 gcvA_3 gcvA_4
[18:16:01] Fixed 2 duplicate /gene - glcR_1 glcR_2
[18:16:01] Fixed 2 duplicate /gene - fbaA_1 fbaA_2
[18:16:01] Fixed 2 duplicate /gene - cysT_1 cysT_2
[18:16:01] Fixed 2 duplicate /gene - gutB_1 gutB_2
[18:16:01] Fixed 3 duplicate /gene - araC_1 araC_2 araC_3
[18:16:01] Fixed 2 duplicate /gene - yiaH_1 yiaH_2
[18:16:01] Fixed 2 duplicate /gene - fabD_1 fabD_2
[18:16:01] Fixed 2 duplicate /gene - caf1A_1 caf1A_2
[18:16:01] Fixed 3 duplicate /gene - hydN_1 hydN_2 hydN_3
[18:16:01] Fixed 3 duplicate /gene - smfA_1 smfA_2 smfA_3
[18:16:01] Fixed 2 duplicate /gene - tkt_1 tkt_2
[18:16:01] Fixed 3 duplicate /gene - livF_1 livF_2 livF_3
[18:16:01] Fixed 2 duplicate /gene - yfgF_1 yfgF_2
[18:16:01] Fixed 2 duplicate /gene - ompC_1 ompC_2
[18:16:01] Fixed 2 duplicate /gene - bglA_1 bglA_2
[18:16:01] Fixed 2 duplicate /gene - yajL_1 yajL_2
[18:16:01] Fixed 2 duplicate /gene - truC_1 truC_2
[18:16:01] Fixed 2 duplicate /gene - nagC_1 nagC_2
[18:16:01] Fixed 2 duplicate /gene - uspF_1 uspF_2
[18:16:01] Fixed 3 duplicate /gene - kduD_1 kduD_2 kduD_3
[18:16:01] Fixed 2 duplicate /gene - dgoA_1 dgoA_2
[18:16:01] Fixed 2 duplicate /gene - iraM_1 iraM_2
[18:16:01] Fixed 14 duplicate /gene - rhsC_1 rhsC_2 rhsC_3 rhsC_4 rhsC_5 rhsC_6 rhsC_7 rhsC_8 rhsC_9 rhsC_10 rhsC_11 rhsC_12 rhsC_13 rhsC_14
[18:16:01] Fixed 3 duplicate /gene - malP_1 malP_2 malP_3
[18:16:01] Fixed 2 duplicate /gene - livH_1 livH_2
[18:16:01] Fixed 3 duplicate /gene - potA_1 potA_2 potA_3
[18:16:01] Fixed 3 duplicate /gene - soxS_1 soxS_2 soxS_3
[18:16:01] Fixed 2 duplicate /gene - uhpC_1 uhpC_2
[18:16:01] Fixed 5 duplicate /gene - rhaS_1 rhaS_2 rhaS_3 rhaS_4 rhaS_5
[18:16:01] Fixed 2 duplicate /gene - tqsA_1 tqsA_2
[18:16:01] Fixed 3 duplicate /gene - yhbU_1 yhbU_2 yhbU_3
[18:16:01] Fixed 2 duplicate /gene - hns_1 hns_2
[18:16:01] Fixed 2 duplicate /gene - gatD_1 gatD_2
[18:16:01] Fixed 2 duplicate /gene - gatC_1 gatC_2
[18:16:01] Fixed 2 duplicate /gene - artM_1 artM_2
[18:16:01] Fixed 2 duplicate /gene - cysL_1 cysL_2
[18:16:01] Fixed 2 duplicate /gene - nagK_1 nagK_2
[18:16:01] Fixed 2 duplicate /gene - aspT_1 aspT_2
[18:16:01] Fixed 3 duplicate /gene - dctA_1 dctA_2 dctA_3
[18:16:01] Fixed 2 duplicate /gene - ibpB_1 ibpB_2
[18:16:01] Fixed 2 duplicate /gene - dtpB_1 dtpB_2
[18:16:01] Fixed 2 duplicate /gene - ccmF_1 ccmF_2
[18:16:01] Fixed 2 duplicate /gene - mdh_1 mdh_2
[18:16:01] Fixed 2 duplicate /gene - wfgD_1 wfgD_2
[18:16:01] Fixed 2 duplicate /gene - leuO_1 leuO_2
[18:16:01] Fixed 2 duplicate /gene - cydB_1 cydB_2
[18:16:01] Fixed 2 duplicate /gene - rbsK_1 rbsK_2
[18:16:01] Fixed 2 duplicate /gene - rlmB_1 rlmB_2
[18:16:01] Fixed 2 duplicate /gene - kdgK_1 kdgK_2
[18:16:01] Fixed 2 duplicate /gene - fliI_1 fliI_2
[18:16:01] Fixed 4 duplicate /gene - ugpC_1 ugpC_2 ugpC_3 ugpC_4
[18:16:01] Fixed 2 duplicate /gene - topA_1 topA_2
[18:16:01] Fixed 2 duplicate /gene - yidP_1 yidP_2
[18:16:01] Fixed 2 duplicate /gene - tabA_1 tabA_2
[18:16:01] Fixed 2 duplicate /gene - rrrD_1 rrrD_2
[18:16:01] Fixed 4 duplicate /gene - hcpA_1 hcpA_2 hcpA_3 hcpA_4
[18:16:01] Fixed 2 duplicate /gene - fliQ_1 fliQ_2
[18:16:01] Fixed 5 duplicate /gene - proP_1 proP_2 proP_3 proP_4 proP_5
[18:16:01] Fixed 2 duplicate /gene - nuoI_1 nuoI_2
[18:16:01] Fixed 2 duplicate /gene - mntB_1 mntB_2
[18:16:01] Fixed 2 duplicate /gene - ybdO_1 ybdO_2
[18:16:01] Fixed 6 duplicate /gene - allS_1 allS_2 allS_3 allS_4 allS_5 allS_6
[18:16:01] Fixed 2 duplicate /gene - garP_1 garP_2
[18:16:01] Fixed 2 duplicate /gene - kefC_1 kefC_2
[18:16:01] Fixed 2 duplicate /gene - birA_1 birA_2
[18:16:01] Fixed 4 duplicate /gene - fabF_1 fabF_2 fabF_3 fabF_4
[18:16:01] Fixed 2 duplicate /gene - cobB_1 cobB_2
[18:16:01] Fixed 2 duplicate /gene - crp_1 crp_2
[18:16:01] Fixed 2 duplicate /gene - pspB_1 pspB_2
[18:16:01] Fixed 3 duplicate /gene - ydjE_1 ydjE_2 ydjE_3
[18:16:01] Fixed 2 duplicate /gene - alsB_1 alsB_2
[18:16:01] Fixed 2 duplicate /gene - trxA_1 trxA_2
[18:16:01] Fixed 2 duplicate /gene - xerD_1 xerD_2
[18:16:01] Fixed 2 duplicate /gene - metN_1 metN_2
[18:16:01] Fixed 2 duplicate /gene - degS_1 degS_2
[18:16:01] Fixed 2 duplicate /gene - nlpD_1 nlpD_2
[18:16:01] Fixed 3 duplicate /gene - lacY_1 lacY_2 lacY_3
[18:16:01] Fixed 2 duplicate /gene - benM_1 benM_2
[18:16:01] Fixed 2 duplicate /gene - pduA_1 pduA_2
[18:16:01] Fixed 2 duplicate /gene - ycfH_1 ycfH_2
[18:16:01] Fixed 2 duplicate /gene - cptA_1 cptA_2
[18:16:01] Fixed 2 duplicate /gene - fecA_1 fecA_2
[18:16:01] Fixed 2 duplicate /gene - uxaC_1 uxaC_2
[18:16:01] Fixed 3 duplicate /gene - oppD_1 oppD_2 oppD_3
[18:16:01] Fixed 4 duplicate /gene - dapA_1 dapA_2 dapA_3 dapA_4
[18:16:01] Fixed 2 duplicate /gene - dnaK_1 dnaK_2
[18:16:01] Fixed 2 duplicate /gene - metC_1 metC_2
[18:16:01] Fixed 2 duplicate /gene - ftnA_1 ftnA_2
[18:16:01] Fixed 2 duplicate /gene - yjmB_1 yjmB_2
[18:16:01] Fixed 2 duplicate /gene - tsaA_1 tsaA_2
[18:16:01] Fixed 3 duplicate /gene - yvoA_1 yvoA_2 yvoA_3
[18:16:01] Fixed 2 duplicate /gene - ompN_1 ompN_2
[18:16:01] Fixed 2 duplicate /gene - fliD_1 fliD_2
[18:16:01] Fixed 3 duplicate /gene - exuT_1 exuT_2 exuT_3
[18:16:01] Fixed 2 duplicate /gene - yghU_1 yghU_2
[18:16:01] Fixed 2 duplicate /gene - ytpA_1 ytpA_2
[18:16:01] Fixed 2 duplicate /gene - hypBA1_1 hypBA1_2
[18:16:01] Fixed 2 duplicate /gene - metQ_1 metQ_2
[18:16:01] Fixed 2 duplicate /gene - ycjS_1 ycjS_2
[18:16:01] Fixed 2 duplicate /gene - purR_1 purR_2
[18:16:01] Fixed 2 duplicate /gene - yqjA_1 yqjA_2
[18:16:01] Fixed 3 duplicate /gene - rpiR_1 rpiR_2 rpiR_3
[18:16:01] Fixed 3 duplicate /gene - kdgT_1 kdgT_2 kdgT_3
[18:16:01] Fixed 2 duplicate /gene - nasD_1 nasD_2
[18:16:01] Fixed 2 duplicate /gene - sfaS_1 sfaS_2
[18:16:01] Fixed 2 duplicate /gene - yjiG_1 yjiG_2
[18:16:01] Fixed 2 duplicate /gene - tuf1_1 tuf1_2
[18:16:01] Fixed 2 duplicate /gene - cysA_1 cysA_2
[18:16:01] Fixed 2 duplicate /gene - aroG_1 aroG_2
[18:16:01] Fixed 4 duplicate /gene - intA_1 intA_2 intA_3 intA_4
[18:16:01] Fixed 2 duplicate /gene - dinB_1 dinB_2
[18:16:01] Fixed 2 duplicate /gene - aroE_1 aroE_2
[18:16:01] Fixed 4 duplicate /gene - manZ_1 manZ_2 manZ_3 manZ_4
[18:16:01] Fixed 2 duplicate /gene - dsbA_1 dsbA_2
[18:16:01] Fixed 2 duplicate /gene - cydA_1 cydA_2
[18:16:01] Fixed 2 duplicate /gene - ydaM_1 ydaM_2
[18:16:01] Fixed 2 duplicate /gene - mdtK_1 mdtK_2
[18:16:01] Fixed 4 duplicate /gene - ptsI_1 ptsI_2 ptsI_3 ptsI_4
[18:16:01] Fixed 2 duplicate /gene - cra_1 cra_2
[18:16:01] Fixed 5 duplicate /gene - apxIB_1 apxIB_2 apxIB_3 apxIB_4 apxIB_5
[18:16:01] Fixed 2 duplicate /gene - dcuD_1 dcuD_2
[18:16:01] Fixed 2 duplicate /gene - ssuA_1 ssuA_2
[18:16:01] Fixed 2 duplicate /gene - amiC_1 amiC_2
[18:16:01] Fixed 2 duplicate /gene - glnP_1 glnP_2
[18:16:01] Fixed 2 duplicate /gene - hypC_1 hypC_2
[18:16:01] Fixed 4 duplicate /gene - dmsA_1 dmsA_2 dmsA_3 dmsA_4
[18:16:01] Fixed 3 duplicate /gene - gspA_1 gspA_2 gspA_3
[18:16:01] Fixed 2 duplicate /gene - flhB_1 flhB_2
[18:16:01] Fixed 2 duplicate /gene - fliG_1 fliG_2
[18:16:01] Fixed 4 duplicate /gene - pcaK_1 pcaK_2 pcaK_3 pcaK_4
[18:16:01] Fixed 7 duplicate /gene - fabG_1 fabG_2 fabG_3 fabG_4 fabG_5 fabG_6 fabG_7
[18:16:01] Fixed 9 duplicate /gene - icsA_1 icsA_2 icsA_3 icsA_4 icsA_5 icsA_6 icsA_7 icsA_8 icsA_9
[18:16:01] Fixed 2 duplicate /gene - nanK_1 nanK_2
[18:16:01] Fixed 2 duplicate /gene - sgrR_1 sgrR_2
[18:16:01] Fixed 2 duplicate /gene - pduV_1 pduV_2
[18:16:01] Fixed 3 duplicate /gene - acrB_1 acrB_2 acrB_3
[18:16:01] Fixed 2 duplicate /gene - yhjE_1 yhjE_2
[18:16:01] Fixed 3 duplicate /gene - adrB_1 adrB_2 adrB_3
[18:16:01] Fixed 2 duplicate /gene - yeeA_1 yeeA_2
[18:16:01] Fixed 2 duplicate /gene - exbD_1 exbD_2
[18:16:01] Fixed 2 duplicate /gene - tusA_1 tusA_2
[18:16:01] Fixed 3 duplicate /gene - fliP_1 fliP_2 fliP_3
[18:16:01] Fixed 2 duplicate /gene - ogt_1 ogt_2
[18:16:01] Fixed 3 duplicate /gene - htrE_1 htrE_2 htrE_3
[18:16:01] Fixed 2 duplicate /gene - fhuA_1 fhuA_2
[18:16:01] Fixed 2 duplicate /gene - dmsD_1 dmsD_2
[18:16:01] Fixed 2 duplicate /gene - ycgE_1 ycgE_2
[18:16:01] Fixed 2 duplicate /gene - lptB_1 lptB_2
[18:16:01] Fixed 2 duplicate /gene - yesO_1 yesO_2
[18:16:01] Fixed 2 duplicate /gene - cynR_1 cynR_2
[18:16:01] Fixed 2 duplicate /gene - pdhR_1 pdhR_2
[18:16:01] Fixed 3 duplicate /gene - mepS_1 mepS_2 mepS_3
[18:16:01] Fixed 2 duplicate /gene - rhtC_1 rhtC_2
[18:16:01] Fixed 3 duplicate /gene - chbA_1 chbA_2 chbA_3
[18:16:01] Fixed 2 duplicate /gene - aaeB_1 aaeB_2
[18:16:01] Fixed 6 duplicate /gene - yicJ_1 yicJ_2 yicJ_3 yicJ_4 yicJ_5 yicJ_6
[18:16:01] Fixed 4 duplicate /gene - tolC_1 tolC_2 tolC_3 tolC_4
[18:16:01] Fixed 5 duplicate /gene - ecpD_1 ecpD_2 ecpD_3 ecpD_4 ecpD_5
[18:16:01] Fixed 2 duplicate /gene - fliN_1 fliN_2
[18:16:01] Fixed 2 duplicate /gene - plsC_1 plsC_2
[18:16:01] Fixed 3 duplicate /gene - lutR_1 lutR_2 lutR_3
[18:16:01] Fixed 2 duplicate /gene - opuCB_1 opuCB_2
[18:16:01] Fixed 2 duplicate /gene - citN_1 citN_2
[18:16:01] Fixed 2 duplicate /gene - artQ_1 artQ_2
[18:16:01] Fixed 2 duplicate /gene - dinI_1 dinI_2
[18:16:01] Fixed 3 duplicate /gene - ssuC_1 ssuC_2 ssuC_3
[18:16:01] Fixed 2 duplicate /gene - fdnH_1 fdnH_2
[18:16:01] Fixed 2 duplicate /gene - ydhX_1 ydhX_2
[18:16:01] Fixed 2 duplicate /gene - fliS_1 fliS_2
[18:16:01] Fixed 3 duplicate /gene - macA_1 macA_2 macA_3
[18:16:01] Fixed 2 duplicate /gene - galD_1 galD_2
[18:16:01] Fixed 2 duplicate /gene - qseC_1 qseC_2
[18:16:01] Fixed 2 duplicate /gene - glmS_1 glmS_2
[18:16:01] Fixed 3 duplicate /gene - dmsB_1 dmsB_2 dmsB_3
[18:16:01] Fixed 2 duplicate /gene - tktA_1 tktA_2
[18:16:01] Fixed 2 duplicate /gene - sfaG_1 sfaG_2
[18:16:01] Fixed 2 duplicate /gene - yesS_1 yesS_2
[18:16:01] Fixed 2 duplicate /gene - ail_1 ail_2
[18:16:01] Fixed 2 duplicate /gene - ulaB_1 ulaB_2
[18:16:01] Fixed 3 duplicate /gene - glpR_1 glpR_2 glpR_3
[18:16:01] Fixed 2 duplicate /gene - sfaA_1 sfaA_2
[18:16:01] Fixed 2 duplicate /gene - proS_1 proS_2
[18:16:01] Fixed 2 duplicate /gene - adrA_1 adrA_2
[18:16:01] Fixed 2 duplicate /gene - pfeA_1 pfeA_2
[18:16:01] Fixed 2 duplicate /gene - htrB_1 htrB_2
[18:16:01] Fixed 2 duplicate /gene - rimO_1 rimO_2
[18:16:01] Fixed 3 duplicate /gene - pdxA2_1 pdxA2_2 pdxA2_3
[18:16:01] Fixed 4 duplicate /gene - gsiA_1 gsiA_2 gsiA_3 gsiA_4
[18:16:01] Fixed 4 duplicate /gene - corC_1 corC_2 corC_3 corC_4
[18:16:01] Fixed 2 duplicate /gene - iadA_1 iadA_2
[18:16:01] Fixed 5 duplicate /gene - rbsA_1 rbsA_2 rbsA_3 rbsA_4 rbsA_5
[18:16:01] Fixed 3 duplicate /gene - intS_1 intS_2 intS_3
[18:16:01] Fixed 2 duplicate /gene - mobA_1 mobA_2
[18:16:01] Fixed 2 duplicate /gene - yusV_1 yusV_2
[18:16:01] Fixed 2 duplicate /gene - prpR_1 prpR_2
[18:16:01] Fixed 2 duplicate /gene - glgX_1 glgX_2
[18:16:01] Fixed 2 duplicate /gene - flhA_1 flhA_2
[18:16:01] Fixed 2 duplicate /gene - puuR_1 puuR_2
[18:16:01] Fixed 3 duplicate /gene - bssD_1 bssD_2 bssD_3
[18:16:01] Fixed 2 duplicate /gene - flgL_1 flgL_2
[18:16:01] Fixed 2 duplicate /gene - xylA_1 xylA_2
[18:16:01] Fixed 2 duplicate /gene - blc_1 blc_2
[18:16:01] Fixed 2 duplicate /gene - ugl_1 ugl_2
[18:16:01] Fixed 3 duplicate /gene - dmsC_1 dmsC_2 dmsC_3
[18:16:01] Fixed 2 duplicate /gene - potF_1 potF_2
[18:16:01] Fixed 3 duplicate /gene - dpnA_1 dpnA_2 dpnA_3
[18:16:01] Fixed 2 duplicate /gene - lon_1 lon_2
[18:16:01] Fixed 2 duplicate /gene - dinG_1 dinG_2
[18:16:01] Fixed 2 duplicate /gene - lldR_1 lldR_2
[18:16:01] Fixed 2 duplicate /gene - ybeZ_1 ybeZ_2
[18:16:01] Fixed 2 duplicate /gene - pbpG_1 pbpG_2
[18:16:01] Fixed 2 duplicate /gene - rbsR_1 rbsR_2
[18:16:01] Fixed 2 duplicate /gene - kdgM_1 kdgM_2
[18:16:01] Fixed 2 duplicate /gene - lldD_1 lldD_2
[18:16:01] Fixed 5 duplicate /gene - xerC_1 xerC_2 xerC_3 xerC_4 xerC_5
[18:16:01] Fixed 2 duplicate /gene - talB_1 talB_2
[18:16:01] Fixed 2 duplicate /gene - manY_1 manY_2
[18:16:01] Fixed 2 duplicate /gene - fucA_1 fucA_2
[18:16:01] Fixed 2 duplicate /gene - epsJ_1 epsJ_2
[18:16:01] Fixed 2 duplicate /gene - araG_1 araG_2
[18:16:01] Fixed 2 duplicate /gene - lamB_1 lamB_2
[18:16:01] Fixed 2 duplicate /gene - slt_1 slt_2
[18:16:01] Fixed 2 duplicate /gene - cdaR_1 cdaR_2
[18:16:01] Fixed 2 duplicate /gene - trg_1 trg_2
[18:16:01] Fixed 2 duplicate /gene - trpA_1 trpA_2
[18:16:01] Fixed 2 duplicate /gene - chbF_1 chbF_2
[18:16:01] Fixed 2 duplicate /gene - psuK_1 psuK_2
[18:16:01] Fixed 2 duplicate /gene - treA_1 treA_2
[18:16:01] Fixed 2 duplicate /gene - emtA_1 emtA_2
[18:16:01] Fixed 2 duplicate /gene - bioD1_1 bioD1_2
[18:16:01] Fixed 2 duplicate /gene - yhaH_1 yhaH_2
[18:16:01] Fixed 4 duplicate /gene - cysE_1 cysE_2 cysE_3 cysE_4
[18:16:01] Fixed 2 duplicate /gene - glnG_1 glnG_2
[18:16:01] Fixed 2 duplicate /gene - yesR_1 yesR_2
[18:16:01] Fixed 2 duplicate /gene - outO_1 outO_2
[18:16:01] Fixed 5 duplicate /gene - oxyR_1 oxyR_2 oxyR_3 oxyR_4 oxyR_5
[18:16:01] Fixed 3 duplicate /gene - araB_1 araB_2 araB_3
[18:16:01] Fixed 2 duplicate /gene - yiaD_1 yiaD_2
[18:16:01] Fixed 4 duplicate /gene - gltD_1 gltD_2 gltD_3 gltD_4
[18:16:01] Fixed 2 duplicate /gene - fdnG_1 fdnG_2
[18:16:01] Fixed 2 duplicate /gene - dnaB_1 dnaB_2
[18:16:01] Fixed 2 duplicate /gene - argR_1 argR_2
[18:16:01] Fixed 3 duplicate /gene - tar_1 tar_2 tar_3
[18:16:01] Fixed 2 duplicate /gene - prn_1 prn_2
[18:16:01] Fixed 3 duplicate /gene - chbR_1 chbR_2 chbR_3
[18:16:01] Fixed 2 duplicate /gene - galM_1 galM_2
[18:16:01] Fixed 5 duplicate /gene - adhE_1 adhE_2 adhE_3 adhE_4 adhE_5
[18:16:01] Fixed 2 duplicate /gene - mdtH_1 mdtH_2
[18:16:01] Fixed 2 duplicate /gene - hemN_1 hemN_2
[18:16:01] Fixed 2 duplicate /gene - iscA_1 iscA_2
[18:16:01] Fixed 2 duplicate /gene - ccmH_1 ccmH_2
[18:16:01] Fixed 3 duplicate /gene - gpr_1 gpr_2 gpr_3
[18:16:01] Fixed 2 duplicate /gene - ynfM_1 ynfM_2
[18:16:01] Fixed 5 duplicate /gene - rbsC_1 rbsC_2 rbsC_3 rbsC_4 rbsC_5
[18:16:01] Fixed 3 duplicate /gene - lexA_1 lexA_2 lexA_3
[18:16:01] Fixed 3 duplicate /gene - gudP_1 gudP_2 gudP_3
[18:16:01] Fixed 2 duplicate /gene - hha_1 hha_2
[18:16:01] Fixed 3 duplicate /gene - ubiG_1 ubiG_2 ubiG_3
[18:16:01] Fixed 2 duplicate /gene - speG_1 speG_2
[18:16:01] Fixed 2 duplicate /gene - chbC_1 chbC_2
[18:16:01] Fixed 2 duplicate /gene - yheS_1 yheS_2
[18:16:01] Fixed 2 duplicate /gene - hsrA_1 hsrA_2
[18:16:01] Fixed 2 duplicate /gene - ansB_1 ansB_2
[18:16:01] Fixed 3 duplicate /gene - glpK_1 glpK_2 glpK_3
[18:16:01] Fixed 2 duplicate /gene - mglA_1 mglA_2
[18:16:01] Fixed 2 duplicate /gene - yjiA_1 yjiA_2
[18:16:01] Fixed 4 duplicate /gene - ulaA_1 ulaA_2 ulaA_3 ulaA_4
[18:16:01] Fixed 2 duplicate /gene - dppA_1 dppA_2
[18:16:01] Fixed 2 duplicate /gene - degU_1 degU_2
[18:16:01] Fixed 2 duplicate /gene - fliF_1 fliF_2
[18:16:01] Fixed 2 duplicate /gene - yhdN_1 yhdN_2
[18:16:01] Fixed 2 duplicate /gene - glmU_1 glmU_2
[18:16:01] Fixed 2 duplicate /gene - arfA_1 arfA_2
[18:16:01] Fixed 3 duplicate /gene - dcuA_1 dcuA_2 dcuA_3
[18:16:01] Fixed 3 duplicate /gene - chiA_1 chiA_2 chiA_3
[18:16:01] Fixed 4 duplicate /gene - fdhF_1 fdhF_2 fdhF_3 fdhF_4
[18:16:01] Fixed 2 duplicate /gene - clpB_1 clpB_2
[18:16:01] Fixed 3 duplicate /gene - rcsB_1 rcsB_2 rcsB_3
[18:16:01] Fixed 2 duplicate /gene - aaeA_1 aaeA_2
[18:16:01] Fixed 3 duplicate /gene - pgl_1 pgl_2 pgl_3
[18:16:01] Fixed 2 duplicate /gene - araQ_1 araQ_2
[18:16:01] Fixed 2 duplicate /gene - ccpA_1 ccpA_2
[18:16:01] Fixed 2 duplicate /gene - yhhX_1 yhhX_2
[18:16:01] Fixed 2 duplicate /gene - fdoG_1 fdoG_2
[18:16:01] Fixed 3 duplicate /gene - manP_1 manP_2 manP_3
[18:16:01] Fixed 2 duplicate /gene - pqiB_1 pqiB_2
[18:16:01] Fixed 396 colliding /gene names.
[18:16:01] Adding /locus_tag identifiers
[18:16:01] Assigned 5024 locus_tags to CDS and RNA features.
[18:16:01] Writing outputs to results/prokka/ROD/
[18:16:15] Generating annotation statistics file
[18:16:15] Generating Genbank and Sequin files
[18:16:15] Running: tbl2asn -V b -a r10k -l paired-ends -M n -N 1 -y 'Annotated using prokka 1.11 from http://www.vicbioinformatics.com' -Z results\/prokka\/ROD\/ROD_03142017\.err -i results\/prokka\/ROD\/ROD_03142017\.fsa 2> /dev/null
[18:16:36] Could not run command: tbl2asn -V b -a r10k -l paired-ends -M n -N 1 -y 'Annotated using prokka 1.11 from http://www.vicbioinformatics.com' -Z results\/prokka\/ROD\/ROD_03142017\.err -i results\/prokka\/ROD\/ROD_03142017\.fsa 2> /dev/null
