This is pdfTeX, Version 3.1415926-2.5-1.40.14 (TeX Live 2013/Debian) (format=pdflatex 2014.12.16)  14 JUL 2016 17:35
entering extended mode
 restricted \write18 enabled.
 %&-line parsing enabled.
**manuscript.tex
(./manuscript.tex
LaTeX2e <2011/06/27>
Babel <3.9h> and hyphenation patterns for 4 languages loaded.
(./pnastwo.cls


 Two Column Journal Style for the
 Proceedings of the National Academy of Science 
 Written by Amy Hendrickson, TeXnology, Inc., 9/04
 
 This version is dated October 04, 2013


Document Class: pnastwo 
\affilcount=\count79
\saveaffilcount=\count80
\c@fnaffilcount=\count81
\c@part=\count82
\c@section=\count83
\c@subsection=\count84
\c@subsubsection=\count85
\c@paragraph=\count86
\c@subparagraph=\count87
\c@figure=\count88
\c@table=\count89
\abovecaptionskip=\skip41
\belowcaptionskip=\skip42
\bibindent=\dimen102
\bibskip=\skip43
\c@cms=\count90
\footnum=\count91
\savefootnum=\count92
\abovefigcaptionskip=\skip44
\abovetabcaptionskip=\skip45
\abovetableskip=\skip46
\belowtabcaptionskip=\dimen103
\saveparskip=\dimen104
\captionskip=\dimen105
\PushOneColTopFig=\dimen106
\PushOneColBotFig=\dimen107
\PushOneColTopTab=\dimen108
\PushOneColBotTab=\dimen109
\PushTwoColTopFig=\dimen110
\PushTwoColBotFig=\dimen111
\PushTwoColTopTab=\dimen112
\PushTwoColBotTab=\dimen113
\intextfloatskip=\skip47
\c@appfigure=\count93
\c@apptable=\count94
\c@appplate=\count95
\checkforspace=\dimen114
\savetopinsert=\box26
\savebotinsert=\box27
\secondsavetopinsert=\box28
\secondsavebotinsert=\box29
\firstcolbox=\box30
\secondcolbox=\box31
\thefirstbox=\box32
\thesecondbox=\box33
\firstcol=\dimen115
\secondcol=\dimen116
\checkheight=\dimen117
\loopnum=\count96
\firstcolsavefignum=\count97
\footnotebox=\box34
\ColUsed=\dimen118
\FigSpace=\dimen119
\testdblbotins=\box35
\pageloopnum=\count98
\endcolsavetopinsert=\box36
\endcolsavebotinsert=\box37
\testpagesize=\box38
\savelastskip=\dimen120
\partialpage=\box39
\figandtabnumber=\count99
\figandtabbox=\box40
\pagefloatnumber=\count100
\sizeoffloat=\box41
\bogus=\count101
\figinsert=\insert233
\herebox=\box42
\endfigbox=\box43
\spanbox=\box44
\dbltopins=\box45
\dblbotins=\box46
\dblbotskip=\skip48
\dblfigandtabnumber=\count102
\dblfigandtabbox=\box47
\dblloopnum=\count103
\savedblfigandtabnumber=\count104
\dblspanherebox=\box48
(/usr/share/texlive/texmf-dist/tex/latex/graphics/graphicx.sty
Package: graphicx 1999/02/16 v1.0f Enhanced LaTeX Graphics (DPC,SPQR)

(/usr/share/texlive/texmf-dist/tex/latex/graphics/keyval.sty
Package: keyval 1999/03/16 v1.13 key=value parser (DPC)
\KV@toks@=\toks14
)
(/usr/share/texlive/texmf-dist/tex/latex/graphics/graphics.sty
Package: graphics 2009/02/05 v1.0o Standard LaTeX Graphics (DPC,SPQR)

(/usr/share/texlive/texmf-dist/tex/latex/graphics/trig.sty
Package: trig 1999/03/16 v1.09 sin cos tan (DPC)
)
(/usr/share/texlive/texmf-dist/tex/latex/latexconfig/graphics.cfg
File: graphics.cfg 2010/04/23 v1.9 graphics configuration of TeX Live
)
Package graphics Info: Driver file: pdftex.def on input line 91.

(/usr/share/texlive/texmf-dist/tex/latex/pdftex-def/pdftex.def
File: pdftex.def 2011/05/27 v0.06d Graphics/color for pdfTeX

(/usr/share/texlive/texmf-dist/tex/generic/oberdiek/infwarerr.sty
Package: infwarerr 2010/04/08 v1.3 Providing info/warning/error messages (HO)
)
(/usr/share/texlive/texmf-dist/tex/generic/oberdiek/ltxcmds.sty
Package: ltxcmds 2011/11/09 v1.22 LaTeX kernel commands for general use (HO)
)
\Gread@gobject=\count105
))
\Gin@req@height=\dimen121
\Gin@req@width=\dimen122
)
(/usr/share/texlive/texmf-dist/tex/latex/oberdiek/epstopdf.sty
Package: epstopdf 2010/02/09 v2.5 Conversion with epstopdf on the fly (HO)

(/usr/share/texlive/texmf-dist/tex/latex/oberdiek/epstopdf-base.sty
Package: epstopdf-base 2010/02/09 v2.5 Base part for package epstopdf

(/usr/share/texlive/texmf-dist/tex/latex/oberdiek/grfext.sty
Package: grfext 2010/08/19 v1.1 Manage graphics extensions (HO)

(/usr/share/texlive/texmf-dist/tex/generic/oberdiek/kvdefinekeys.sty
Package: kvdefinekeys 2011/04/07 v1.3 Define keys (HO)
))
(/usr/share/texlive/texmf-dist/tex/latex/oberdiek/kvoptions.sty
Package: kvoptions 2011/06/30 v3.11 Key value format for package options (HO)

(/usr/share/texlive/texmf-dist/tex/generic/oberdiek/kvsetkeys.sty
Package: kvsetkeys 2012/04/25 v1.16 Key value parser (HO)

(/usr/share/texlive/texmf-dist/tex/generic/oberdiek/etexcmds.sty
Package: etexcmds 2011/02/16 v1.5 Avoid name clashes with e-TeX commands (HO)

(/usr/share/texlive/texmf-dist/tex/generic/oberdiek/ifluatex.sty
Package: ifluatex 2010/03/01 v1.3 Provides the ifluatex switch (HO)
Package ifluatex Info: LuaTeX not detected.
)
Package etexcmds Info: Could not find \expanded.
(etexcmds)             That can mean that you are not using pdfTeX 1.50 or
(etexcmds)             that some package has redefined \expanded.
(etexcmds)             In the latter case, load this package earlier.
)))
(/usr/share/texlive/texmf-dist/tex/generic/oberdiek/pdftexcmds.sty
Package: pdftexcmds 2011/11/29 v0.20 Utility functions of pdfTeX for LuaTeX (HO
)

(/usr/share/texlive/texmf-dist/tex/generic/oberdiek/ifpdf.sty
Package: ifpdf 2011/01/30 v2.3 Provides the ifpdf switch (HO)
Package ifpdf Info: pdfTeX in PDF mode is detected.
)
Package pdftexcmds Info: LuaTeX not detected.
Package pdftexcmds Info: \pdf@primitive is available.
Package pdftexcmds Info: \pdf@ifprimitive is available.
Package pdftexcmds Info: \pdfdraftmode found.
)
Package grfext Info: Graphics extension search list:
(grfext)             [.png,.pdf,.jpg,.mps,.jpeg,.jbig2,.jb2,.PNG,.PDF,.JPG,.JPE
G,.JBIG2,.JB2,.eps]
(grfext)             \AppendGraphicsExtensions on input line 452.

(/usr/share/texlive/texmf-dist/tex/latex/latexconfig/epstopdf-sys.cfg
File: epstopdf-sys.cfg 2010/07/13 v1.3 Configuration of (r)epstopdf for TeX Liv
e
)))
(/usr/share/texlive/texmf-dist/tex/latex/amsfonts/amssymb.sty
Package: amssymb 2013/01/14 v3.01 AMS font symbols

(/usr/share/texlive/texmf-dist/tex/latex/amsfonts/amsfonts.sty
Package: amsfonts 2013/01/14 v3.01 Basic AMSFonts support
\@emptytoks=\toks15
\symAMSa=\mathgroup4
\symAMSb=\mathgroup5
LaTeX Font Info:    Overwriting math alphabet `\mathfrak' in version `bold'
(Font)                  U/euf/m/n --> U/euf/b/n on input line 106.
))
(/usr/share/texlive/texmf-dist/tex/latex/amsmath/amsmath.sty
Package: amsmath 2013/01/14 v2.14 AMS math features
\@mathmargin=\skip49

For additional information on amsmath, use the `?' option.
(/usr/share/texlive/texmf-dist/tex/latex/amsmath/amstext.sty
Package: amstext 2000/06/29 v2.01

(/usr/share/texlive/texmf-dist/tex/latex/amsmath/amsgen.sty
File: amsgen.sty 1999/11/30 v2.0
\@emptytoks=\toks16
\ex@=\dimen123
))
(/usr/share/texlive/texmf-dist/tex/latex/amsmath/amsbsy.sty
Package: amsbsy 1999/11/29 v1.2d
\pmbraise@=\dimen124
)
(/usr/share/texlive/texmf-dist/tex/latex/amsmath/amsopn.sty
Package: amsopn 1999/12/14 v2.01 operator names
)
\inf@bad=\count106
LaTeX Info: Redefining \frac on input line 210.
\uproot@=\count107
\leftroot@=\count108
LaTeX Info: Redefining \overline on input line 306.
\classnum@=\count109
\DOTSCASE@=\count110
LaTeX Info: Redefining \ldots on input line 378.
LaTeX Info: Redefining \dots on input line 381.
LaTeX Info: Redefining \cdots on input line 466.
\Mathstrutbox@=\box49
\strutbox@=\box50
\big@size=\dimen125
LaTeX Font Info:    Redeclaring font encoding OML on input line 566.
LaTeX Font Info:    Redeclaring font encoding OMS on input line 567.
\macc@depth=\count111
\c@MaxMatrixCols=\count112
\dotsspace@=\muskip10
\c@parentequation=\count113
\dspbrk@lvl=\count114
\tag@help=\toks17
\row@=\count115
\column@=\count116
\maxfields@=\count117
\andhelp@=\toks18
\eqnshift@=\dimen126
\alignsep@=\dimen127
\tagshift@=\dimen128
\tagwidth@=\dimen129
\totwidth@=\dimen130
\lineht@=\dimen131
\@envbody=\toks19
\multlinegap=\skip50
\multlinetaggap=\skip51
\mathdisplay@stack=\toks20
LaTeX Info: Redefining \[ on input line 2665.
LaTeX Info: Redefining \] on input line 2666.
)
(/usr/share/texmf/tex/latex/xcolor/xcolor.sty
Package: xcolor 2007/01/21 v2.11 LaTeX color extensions (UK)

(/usr/share/texlive/texmf-dist/tex/latex/latexconfig/color.cfg
File: color.cfg 2007/01/18 v1.5 color configuration of teTeX/TeXLive
)
Package xcolor Info: Package option `usenames' ignored on input line 216.
Package xcolor Info: Driver file: pdftex.def on input line 225.
Package xcolor Info: Model `cmy' substituted by `cmy0' on input line 1337.
Package xcolor Info: Model `hsb' substituted by `rgb' on input line 1341.
Package xcolor Info: Model `RGB' extended on input line 1353.
Package xcolor Info: Model `HTML' substituted by `rgb' on input line 1355.
Package xcolor Info: Model `Hsb' substituted by `hsb' on input line 1356.
Package xcolor Info: Model `tHsb' substituted by `hsb' on input line 1357.
Package xcolor Info: Model `HSB' substituted by `hsb' on input line 1358.
Package xcolor Info: Model `Gray' substituted by `gray' on input line 1359.
Package xcolor Info: Model `wave' substituted by `hsb' on input line 1360.
)
\captionwidth=\dimen132
\widecaptionwidth=\dimen133
\tablenoteloopnum=\count118
\tablenotenum=\count119
\c@theorem=\count120
\c@lemma=\count121
\c@definition=\count122
\c@claim=\count123
\c@alemma=\count124
\c@remark=\count125
\tablewide=\box51
)
(/usr/share/texlive/texmf-dist/tex/latex/float/float.sty
Package: float 2001/11/08 v1.3d Float enhancements (AL)
\c@float@type=\count126
\float@exts=\toks21
\float@box=\box52
\@float@everytoks=\toks22
\@floatcapt=\box53
)
(/usr/share/texlive/texmf-dist/tex/latex/caption/caption.sty
Package: caption 2013/05/02 v3.3-89 Customizing captions (AR)

(/usr/share/texlive/texmf-dist/tex/latex/caption/caption3.sty
Package: caption3 2013/05/02 v1.6-88 caption3 kernel (AR)
Package caption3 Info: TeX engine: e-TeX on input line 57.
\captionmargin=\dimen134
\captionmargin@=\dimen135
\captionwidth=\dimen136
\caption@tempdima=\dimen137
\caption@indent=\dimen138
\caption@parindent=\dimen139
\caption@hangindent=\dimen140
Package caption Info: Unknown document class (or package),
(caption)             standard defaults will be used.
)

Package caption Warning: Unsupported document class (or package) detected,
(caption)                usage of the caption package is not recommended.
See the caption package documentation for explanation.

Package caption Info: \@makecaption = \long macro:#1#2->\ifx \@captype \xtable 
\let \currtabcaption \relax \vskip \abovecaptionskip \sbox \@tempboxa {\tabnumf
ont #1.\tabtextfont \hskip 8\p@ \relax #2}\ifdim \wd \@tempboxa >\hsize \tabnum
font \relax #1.\tabtextfont \hskip 8\p@ \relax #2\par \else \global \@minipagef
alse \hb@xt@ \hsize {\hfil \box \@tempboxa \hfil }\fi \else \vskip \abovecaptio
nskip \sbox \@tempboxa {\fignumfont #1.\figtextfont \hskip 8\p@ \relax #2}\ifdi
m \wd \@tempboxa >\hsize \fignumfont \relax #1.\figtextfont \hskip 8\p@ \relax 
#2\par \else \global \@minipagefalse \hb@xt@ \hsize {\hfil \box \@tempboxa \hfi
l }\fi \fi .
\c@ContinuedFloat=\count127
Package caption Info: float package is loaded.
) (./manuscript.aux)
\openout1 = `manuscript.aux'.

LaTeX Font Info:    Checking defaults for OML/cmm/m/it on input line 122.
LaTeX Font Info:    ... okay on input line 122.
LaTeX Font Info:    Checking defaults for T1/cmr/m/n on input line 122.
LaTeX Font Info:    ... okay on input line 122.
LaTeX Font Info:    Checking defaults for OT1/cmr/m/n on input line 122.
LaTeX Font Info:    ... okay on input line 122.
LaTeX Font Info:    Checking defaults for OMS/cmsy/m/n on input line 122.
LaTeX Font Info:    ... okay on input line 122.
LaTeX Font Info:    Checking defaults for OMX/cmex/m/n on input line 122.
LaTeX Font Info:    ... okay on input line 122.
LaTeX Font Info:    Checking defaults for U/cmr/m/n on input line 122.
LaTeX Font Info:    ... okay on input line 122.
 (/usr/share/texlive/texmf-dist/tex/latex/crop/crop.sty
Package: crop 2003/05/20 v1.9 crop marks (mf)
\stockwidth=\dimen141
\stockheight=\dimen142
\CROP@index=\count128
Package crop Info: requested driver: `' on input line 123.
Package crop Info: detected driver: `pdftex' on input line 123.
\CROP@offset=\count129
Package crop Info: Local config file crop.cfg used on input line 605.

(/usr/share/texlive/texmf-dist/tex/xelatex/xetexconfig/crop.cfg)
Package crop Info: using `pdftex' graphics driver on input line 607.
)
(/usr/share/texlive/texmf-dist/tex/context/base/supp-pdf.mkii
[Loading MPS to PDF converter (version 2006.09.02).]
\scratchcounter=\count130
\scratchdimen=\dimen143
\scratchbox=\box54
\nofMPsegments=\count131
\nofMParguments=\count132
\everyMPshowfont=\toks23
\MPscratchCnt=\count133
\MPscratchDim=\dimen144
\MPnumerator=\count134
\makeMPintoPDFobject=\count135
\everyMPtoPDFconversion=\toks24
)
Package caption Info: Begin \AtBeginDocument code.
Package caption Info: End \AtBeginDocument code.
LaTeX Font Info:    Try loading font information for U+msa on input line 166.
 (/usr/share/texlive/texmf-dist/tex/latex/amsfonts/umsa.fd
File: umsa.fd 2013/01/14 v3.01 AMS symbols A
)
LaTeX Font Info:    Try loading font information for U+msb on input line 166.

(/usr/share/texlive/texmf-dist/tex/latex/amsfonts/umsb.fd
File: umsb.fd 2013/01/14 v3.01 AMS symbols B
)
LaTeX Font Info:    Try loading font information for OMS+cmr on input line 208.


(/usr/share/texlive/texmf-dist/tex/latex/base/omscmr.fd
File: omscmr.fd 1999/05/25 v2.5h Standard LaTeX font definitions
)
LaTeX Font Info:    Font shape `OMS/cmr/m/n' in size <9> not available
(Font)              Font shape `OMS/cmsy/m/n' tried instead on input line 208.
LaTeX Font Info:    Font shape `OMS/cmr/m/n' in size <8> not available
(Font)              Font shape `OMS/cmsy/m/n' tried instead on input line 214.
Missing character: There is no â in font cmr9!
Missing character: There is no € in font cmr9!
Missing character: There is no ™ in font cmr9!
Missing character: There is no â in font cmr9!
Missing character: There is no € in font cmr9!
Missing character: There is no ™ in font cmr9!
 (./manuscript.bbl
Missing character: There is no Â in font cmssbx10!
Missing character: There is no   in font cmssbx10!
Missing character: There is no Â in font cmssbx10!
Missing character: There is no   in font cmssbx10!
Missing character: There is no Â in font cmssbx10!
Missing character: There is no   in font cmssbx10!
Missing character: There is no Â in font cmssbx10!
Missing character: There is no   in font cmssbx10!
Missing character: There is no Â in font cmssbx10!
Missing character: There is no   in font cmssbx10!
Missing character: There is no Â in font cmssbx10!
Missing character: There is no   in font cmssbx10!
Missing character: There is no Â in font cmssbx10!
Missing character: There is no   in font cmssbx10!
Missing character: There is no Â in font cmssbx10!
Missing character: There is no   in font cmssbx10!
Missing character: There is no Â in font cmssbx10!
Missing character: There is no   in font cmssbx10!
Missing character: There is no Â in font cmssbx10!
Missing character: There is no   in font cmssbx10!
Missing character: There is no Â in font cmssbx10!
Missing character: There is no   in font cmssbx10!
Missing character: There is no Â in font cmssbx10!
Missing character: There is no   in font cmssbx10!

Overfull \vbox (20.55154pt too high) has occurred while \output is active []


[1{/var/lib/texmf/fonts/map/pdftex/updmap/pdftex.map}

]
Missing character: There is no Â in font cmssbx10!
Missing character: There is no ® in font cmssbx10!
Missing character: There is no Ã in font cmssbx10!
Missing character: There is no © in font cmssbx10!
Missing character: There is no Ã in font cmssbx10!
Missing character: There is no © in font cmssbx10!
Missing character: There is no Ã in font cmssbx10!
Missing character: There is no ¶ in font cmssbx10!
Missing character: There is no Ã in font cmssbx10!
Missing character: There is no ³ in font cmssbx10!
) [2]
<../figures/phylosift-aa-raxmlbootstrap.pdf, id=19, 1630.09pt x 934.49126pt>
File: ../figures/phylosift-aa-raxmlbootstrap.pdf Graphic file (type pdf)

<use ../figures/phylosift-aa-raxmlbootstrap.pdf>
Package pdftex.def Info: ../figures/phylosift-aa-raxmlbootstrap.pdf used on inp
ut line 313.
(pdftex.def)             Requested size: 489.03078pt x 280.34953pt.

Overfull \hbox (213.03078pt too wide) in paragraph at lines 313--314
[][] 
 []


Overfull \hbox (234.0pt too wide) in paragraph at lines 314--314
[] [] 
 []

<../figures/biases.pdf, id=20, page=2, 505.89pt x 505.89pt>
File: ../figures/biases.pdf Graphic file (type pdf)

<use ../figures/biases.pdf, page 2>
Package pdftex.def Info: ../figures/biases.pdf, page2 used on input line 321.
(pdftex.def)             Requested size: 126.47218pt x 126.47218pt.

<../figures/biases.pdf, id=21, page=5, 505.89pt x 505.89pt>
File: ../figures/biases.pdf Graphic file (type pdf)

<use ../figures/biases.pdf, page 5>
Package pdftex.def Info: ../figures/biases.pdf, page5 used on input line 322.
(pdftex.def)             Requested size: 126.47218pt x 126.47218pt.

<../figures/biases.pdf, id=22, page=8, 505.89pt x 505.89pt>
File: ../figures/biases.pdf Graphic file (type pdf)

<use ../figures/biases.pdf, page 8>
Package pdftex.def Info: ../figures/biases.pdf, page8 used on input line 323.
(pdftex.def)             Requested size: 126.47218pt x 126.47218pt.

<../figures/biases.pdf, id=23, page=11, 505.89pt x 505.89pt>
File: ../figures/biases.pdf Graphic file (type pdf)

<use ../figures/biases.pdf, page 11>
Package pdftex.def Info: ../figures/biases.pdf, page11 used on input line 324.
(pdftex.def)             Requested size: 126.47218pt x 126.47218pt.

<../figures/biases.pdf, id=24, page=14, 505.89pt x 505.89pt>
File: ../figures/biases.pdf Graphic file (type pdf)

<use ../figures/biases.pdf, page 14>
Package pdftex.def Info: ../figures/biases.pdf, page14 used on input line 325.
(pdftex.def)             Requested size: 126.47218pt x 126.47218pt.

<../figures/biases.pdf, id=25, page=17, 505.89pt x 505.89pt>
File: ../figures/biases.pdf Graphic file (type pdf)

<use ../figures/biases.pdf, page 17>
Package pdftex.def Info: ../figures/biases.pdf, page17 used on input line 326.
(pdftex.def)             Requested size: 126.47218pt x 126.47218pt.

<../figures/biases.pdf, id=26, page=20, 505.89pt x 505.89pt>
File: ../figures/biases.pdf Graphic file (type pdf)

<use ../figures/biases.pdf, page 20>
Package pdftex.def Info: ../figures/biases.pdf, page20 used on input line 327.
(pdftex.def)             Requested size: 126.47218pt x 126.47218pt.

<../figures/biases.pdf, id=27, page=23, 505.89pt x 505.89pt>
File: ../figures/biases.pdf Graphic file (type pdf)

<use ../figures/biases.pdf, page 23>
Package pdftex.def Info: ../figures/biases.pdf, page23 used on input line 328.
(pdftex.def)             Requested size: 126.47218pt x 126.47218pt.

<../figures/biases.pdf, id=28, page=26, 505.89pt x 505.89pt>
File: ../figures/biases.pdf Graphic file (type pdf)

<use ../figures/biases.pdf, page 26>
Package pdftex.def Info: ../figures/biases.pdf, page26 used on input line 329.
(pdftex.def)             Requested size: 126.47218pt x 126.47218pt.

<../figures/biases.pdf, id=29, page=29, 505.89pt x 505.89pt>
File: ../figures/biases.pdf Graphic file (type pdf)

<use ../figures/biases.pdf, page 29>
Package pdftex.def Info: ../figures/biases.pdf, page29 used on input line 330.
(pdftex.def)             Requested size: 126.47218pt x 126.47218pt.

<../figures/biases.pdf, id=30, page=32, 505.89pt x 505.89pt>
File: ../figures/biases.pdf Graphic file (type pdf)

<use ../figures/biases.pdf, page 32>
Package pdftex.def Info: ../figures/biases.pdf, page32 used on input line 331.
(pdftex.def)             Requested size: 126.47218pt x 126.47218pt.

<../figures/biases.pdf, id=31, page=35, 505.89pt x 505.89pt>
File: ../figures/biases.pdf Graphic file (type pdf)

<use ../figures/biases.pdf, page 35>
Package pdftex.def Info: ../figures/biases.pdf, page35 used on input line 332.
(pdftex.def)             Requested size: 126.47218pt x 126.47218pt.

<../figures/biases.pdf, id=32, page=38, 505.89pt x 505.89pt>
File: ../figures/biases.pdf Graphic file (type pdf)

<use ../figures/biases.pdf, page 38>
Package pdftex.def Info: ../figures/biases.pdf, page38 used on input line 333.
(pdftex.def)             Requested size: 126.47218pt x 126.47218pt.


LaTeX Warning: Float too large for page by 3.9611pt on input line 337.

<../figures/100logo-bits.pdf, id=33, 385.44pt x 107.40125pt>
File: ../figures/100logo-bits.pdf Graphic file (type pdf)

<use ../figures/100logo-bits.pdf>
Package pdftex.def Info: ../figures/100logo-bits.pdf used on input line 341.
(pdftex.def)             Requested size: 231.26578pt x 64.44122pt.

<../figures/100logo-prob.pdf, id=34, 385.44pt x 107.40125pt>
File: ../figures/100logo-prob.pdf Graphic file (type pdf)

<use ../figures/100logo-prob.pdf>
Package pdftex.def Info: ../figures/100logo-prob.pdf used on input line 342.
(pdftex.def)             Requested size: 231.26578pt x 64.44122pt.

<../figures/biases.pdf, id=35, page=1, 505.89pt x 505.89pt>
File: ../figures/biases.pdf Graphic file (type pdf)

<use ../figures/biases.pdf, page 1>
Package pdftex.def Info: ../figures/biases.pdf, page1 used on input line 351.
(pdftex.def)             Requested size: 126.47218pt x 126.47218pt.

<../figures/biases.pdf, id=36, page=4, 505.89pt x 505.89pt>
File: ../figures/biases.pdf Graphic file (type pdf)

<use ../figures/biases.pdf, page 4>
Package pdftex.def Info: ../figures/biases.pdf, page4 used on input line 352.
(pdftex.def)             Requested size: 126.47218pt x 126.47218pt.

<../figures/biases.pdf, id=37, page=7, 505.89pt x 505.89pt>
File: ../figures/biases.pdf Graphic file (type pdf)

<use ../figures/biases.pdf, page 7>
Package pdftex.def Info: ../figures/biases.pdf, page7 used on input line 353.
(pdftex.def)             Requested size: 126.47218pt x 126.47218pt.

<../figures/biases.pdf, id=38, page=10, 505.89pt x 505.89pt>
File: ../figures/biases.pdf Graphic file (type pdf)

<use ../figures/biases.pdf, page 10>
Package pdftex.def Info: ../figures/biases.pdf, page10 used on input line 354.
(pdftex.def)             Requested size: 126.47218pt x 126.47218pt.

<../figures/biases.pdf, id=39, page=13, 505.89pt x 505.89pt>
File: ../figures/biases.pdf Graphic file (type pdf)

<use ../figures/biases.pdf, page 13>
Package pdftex.def Info: ../figures/biases.pdf, page13 used on input line 355.
(pdftex.def)             Requested size: 126.47218pt x 126.47218pt.

<../figures/biases.pdf, id=40, page=16, 505.89pt x 505.89pt>
File: ../figures/biases.pdf Graphic file (type pdf)

<use ../figures/biases.pdf, page 16>
Package pdftex.def Info: ../figures/biases.pdf, page16 used on input line 356.
(pdftex.def)             Requested size: 126.47218pt x 126.47218pt.

<../figures/biases.pdf, id=41, page=19, 505.89pt x 505.89pt>
File: ../figures/biases.pdf Graphic file (type pdf)

<use ../figures/biases.pdf, page 19>
Package pdftex.def Info: ../figures/biases.pdf, page19 used on input line 357.
(pdftex.def)             Requested size: 126.47218pt x 126.47218pt.

<../figures/biases.pdf, id=42, page=22, 505.89pt x 505.89pt>
File: ../figures/biases.pdf Graphic file (type pdf)

<use ../figures/biases.pdf, page 22>
Package pdftex.def Info: ../figures/biases.pdf, page22 used on input line 358.
(pdftex.def)             Requested size: 126.47218pt x 126.47218pt.

<../figures/biases.pdf, id=43, page=25, 505.89pt x 505.89pt>
File: ../figures/biases.pdf Graphic file (type pdf)

<use ../figures/biases.pdf, page 25>
Package pdftex.def Info: ../figures/biases.pdf, page25 used on input line 359.
(pdftex.def)             Requested size: 126.47218pt x 126.47218pt.

<../figures/biases.pdf, id=44, page=28, 505.89pt x 505.89pt>
File: ../figures/biases.pdf Graphic file (type pdf)

<use ../figures/biases.pdf, page 28>
Package pdftex.def Info: ../figures/biases.pdf, page28 used on input line 360.
(pdftex.def)             Requested size: 126.47218pt x 126.47218pt.

<../figures/biases.pdf, id=45, page=31, 505.89pt x 505.89pt>
File: ../figures/biases.pdf Graphic file (type pdf)

<use ../figures/biases.pdf, page 31>
Package pdftex.def Info: ../figures/biases.pdf, page31 used on input line 361.
(pdftex.def)             Requested size: 126.47218pt x 126.47218pt.

<../figures/biases.pdf, id=46, page=34, 505.89pt x 505.89pt>
File: ../figures/biases.pdf Graphic file (type pdf)

<use ../figures/biases.pdf, page 34>
Package pdftex.def Info: ../figures/biases.pdf, page34 used on input line 362.
(pdftex.def)             Requested size: 126.47218pt x 126.47218pt.

<../figures/biases.pdf, id=47, page=37, 505.89pt x 505.89pt>
File: ../figures/biases.pdf Graphic file (type pdf)

<use ../figures/biases.pdf, page 37>
Package pdftex.def Info: ../figures/biases.pdf, page37 used on input line 363.
(pdftex.def)             Requested size: 126.47218pt x 126.47218pt.

<../figures/insertion-position-bias.pdf, id=48, page=1, 505.89pt x 505.89pt>
File: ../figures/insertion-position-bias.pdf Graphic file (type pdf)

<use ../figures/insertion-position-bias.pdf, page 1>
Package pdftex.def Info: ../figures/insertion-position-bias.pdf, page1 used on 
input line 371.
(pdftex.def)             Requested size: 252.94437pt x 252.94437pt.

<../figures/insertion-position-bias.pdf, id=49, page=2, 505.89pt x 505.89pt>
File: ../figures/insertion-position-bias.pdf Graphic file (type pdf)

<use ../figures/insertion-position-bias.pdf, page 2>
Package pdftex.def Info: ../figures/insertion-position-bias.pdf, page2 used on 
input line 372.
(pdftex.def)             Requested size: 252.94437pt x 252.94437pt.

<../figures/insertion-position-bias.pdf, id=50, page=3, 505.89pt x 505.89pt>
File: ../figures/insertion-position-bias.pdf Graphic file (type pdf)

<use ../figures/insertion-position-bias.pdf, page 3>
Package pdftex.def Info: ../figures/insertion-position-bias.pdf, page3 used on 
input line 373.
(pdftex.def)             Requested size: 252.94437pt x 252.94437pt.

<../figures/insertion-position-bias.pdf, id=51, page=4, 505.89pt x 505.89pt>
File: ../figures/insertion-position-bias.pdf Graphic file (type pdf)

<use ../figures/insertion-position-bias.pdf, page 4>
Package pdftex.def Info: ../figures/insertion-position-bias.pdf, page4 used on 
input line 374.
(pdftex.def)             Requested size: 252.94437pt x 252.94437pt.
Missing character: There is no â in font cmr9!
Missing character: There is no € in font cmr9!
Missing character: There is no ™ in font cmr9!
Missing character: There is no â in font cmr9!
Missing character: There is no € in font cmr9!
Missing character: There is no ™ in font cmr9!
Missing character: There is no â in font cmr9!
Missing character: There is no € in font cmr9!
Missing character: There is no ™ in font cmr9!
Missing character: There is no â in font cmr9!
Missing character: There is no € in font cmr9!
Missing character: There is no ™ in font cmr9!

<../figures/upsetr.pdf, id=52, page=1, 505.89pt x 505.89pt>
File: ../figures/upsetr.pdf Graphic file (type pdf)

<use ../figures/upsetr.pdf, page 1>
Package pdftex.def Info: ../figures/upsetr.pdf, page1 used on input line 383.
(pdftex.def)             Requested size: 328.82458pt x 328.82458pt.

Overfull \hbox (52.82458pt too wide) in paragraph at lines 383--383
 [][] 
 []

<../figures/upsetr.pdf, id=53, page=2, 505.89pt x 505.89pt>
File: ../figures/upsetr.pdf Graphic file (type pdf)

<use ../figures/upsetr.pdf, page 2>
Package pdftex.def Info: ../figures/upsetr.pdf, page2 used on input line 384.
(pdftex.def)             Requested size: 328.82458pt x 328.82458pt.

Overfull \hbox (52.82458pt too wide) in paragraph at lines 384--385
 [][] 
 []


Overfull \hbox (234.0pt too wide) in paragraph at lines 385--385
[] [] 
 []


LaTeX Warning: Float too large for page by 10.2492pt on input line 387.

[3 <../figures/phylosift-aa-raxmlbootstrap.pdf>] [4 <../figures/biases.pdf> <..
/figures/biases.pdf> <../figures/biases.pdf> <../figures/biases.pdf> <../figure
s/biases.pdf> <../figures/biases.pdf> <../figures/biases.pdf> <../figures/biase
s.pdf> <../figures/biases.pdf> <../figures/biases.pdf> <../figures/biases.pdf> 
<../figures/biases.pdf> <../figures/biases.pdf>] [5 <../figures/100logo-bits.pd
f> <../figures/100logo-prob.pdf>] [6 <../figures/biases.pdf> <../figures/biases
.pdf> <../figures/biases.pdf> <../figures/biases.pdf> <../figures/biases.pdf> <
../figures/biases.pdf> <../figures/biases.pdf> <../figures/biases.pdf> <../figu
res/biases.pdf> <../figures/biases.pdf> <../figures/biases.pdf> <../figures/bia
ses.pdf> <../figures/biases.pdf>] [7 <../figures/insertion-position-bias.pdf> <
../figures/insertion-position-bias.pdf> <../figures/insertion-position-bias.pdf
> <../figures/insertion-position-bias.pdf>] [8 <../figures/upsetr.pdf> <../figu
res/upsetr.pdf>] (./manuscript.aux) ) 
Here is how much of TeX's memory you used:
 4688 strings out of 494985
 67732 string characters out of 6180355
 150199 words of memory out of 5000000
 7839 multiletter control sequences out of 15000+600000
 14324 words of font info for 52 fonts, out of 8000000 for 9000
 36 hyphenation exceptions out of 8191
 49i,13n,38p,1528b,350s stack positions out of 5000i,500n,10000p,200000b,80000s
</usr/share/texlive/texmf-dist/fonts/type1
/public/amsfonts/cm/cmr9.pfb></usr/share/texlive/texmf-dist/fonts/type1/public/
amsfonts/cm/cmss10.pfb></usr/share/texlive/texmf-dist/fonts/type1/public/amsfon
ts/cm/cmssbx10.pfb></usr/share/texlive/texmf-dist/fonts/type1/public/amsfonts/c
m/cmssi10.pfb></usr/share/texlive/texmf-dist/fonts/type1/public/amsfonts/cm/cms
y5.pfb></usr/share/texlive/texmf-dist/fonts/type1/public/amsfonts/cm/cmsy6.pfb>
</usr/share/texlive/texmf-dist/fonts/type1/public/amsfonts/cm/cmsy8.pfb></usr/s
hare/texlive/texmf-dist/fonts/type1/public/amsfonts/cm/cmsy9.pfb></usr/share/te
xlive/texmf-dist/fonts/type1/public/amsfonts/cm/cmti9.pfb></usr/share/texlive/t
exmf-dist/fonts/type1/public/amsfonts/latxfont/lcircle1.pfb>
Output written on manuscript.pdf (8 pages, 938254 bytes).
PDF statistics:
 150 PDF objects out of 1000 (max. 8388607)
 86 compressed objects within 1 object stream
 0 named destinations out of 1000 (max. 500000)
 176 words of extra memory for PDF output out of 10000 (max. 10000000)

