clust1038	0.148492
clust1060	0.148492
clust1119	0.148492
clust1137	0.148492
clust1145	0.145272
clust115	0.148492
clust1183	0.148492
clust1188	0.145899
clust1224	0.145899
clust124	0.148492
clust1251	0.148492
clust1260	0.145899
clust1265	0.148492
clust1269	0.145272
clust1278	0.148492
clust1296	0.145899
clust12	0.148492
clust1301	0.145272
clust1308	0.148492
clust132	0.148492
clust1331	0.148492
clust1335	0.142838
clust1341	0.145899
clust1358	0.148492
clust1359	0.146569
clust1363	0.148492
clust1370	0.142838
clust1388	0.148492
clust1448	0.145899
clust145	0.148492
clust1460	0.148492
clust1461	0.145272
clust1477	0.148492
clust1485	0.148492
clust1489	0.142838
clust1491	0.145272
clust1512	0.148492
clust1515	0.148492
clust151	0.148492
clust1524	0.148492
clust1530	0.148492
clust153	0.148492
clust1582	0.148492
clust1584	0.145899
clust158	0.145899
clust1618	0.145272
clust1629	0.146569
clust162	0.148492
clust1630	0.140755
clust1654	0.148492
clust1655	0.145899
clust1660	0.148492
clust166	0.148492
clust1696	0.148492
clust1721	0.148492
clust1730	0.148492
clust1738	0.148492
clust1743	0.148492
clust1768	0.148492
clust176	0.148492
clust1821	0.148492
clust1835	0.145899
clust1836	0.148492
clust1864	0.148492
clust1865	0.148492
clust188	0.148492
clust1890	0.145899
clust1906	0.148492
clust1913	0.139443
clust1942	0.145899
clust1960	0.148492
clust197	0.148492
clust1989	0.145899
clust2003	0.145899
clust203	0.145899
clust2050	0.148492
clust2059	0.148492
clust2061	0.148492
clust2063	0.145899
clust2077	0.148492
clust2084	0.148492
clust2094	0.148492
clust2099	0.146569
clust2105	0.148492
clust2106	0.148492
clust2115	0.148492
clust2140	0.148492
clust2147	0.145272
clust2163	0.148492
clust2164	0.148492
clust217	0.148492
clust218	0.145899
clust2243	0.145899
clust2248	0.148492
clust2250	0.145272
clust2253	0.145899
clust2255	0.145899
clust2279	0.145272
clust2280	0.148492
clust2299	0.148492
clust230	0.148492
clust231	0.148492
clust2326	0.148492
clust2334	0.148492
clust2349	0.145899
clust2362	0.148492
clust236	0.148492
clust2372	0.148492
clust2373	0.148492
clust2378	0.148492
clust239	0.148492
clust2415	0.148492
clust2417	0.03326
clust241	0.148492
clust2425	0.148492
clust2447	0.145272
clust2448	0.148492
clust2462	0.148492
clust246	0.148492
clust247	0.148492
clust2480	0.148492
clust2481	0.148492
clust24	0.148492
clust2509	0.148492
clust2514	0.148492
clust2517	0.146569
clust2537	0.148492
clust2568	0.148492
clust2578	0.146569
clust2585	0.148492
clust2614	0.148492
clust261	0.145899
clust2623	0.145899
clust2633	0.148492
clust2642	0.148492
clust2643	0.148492
clust2647	0.148492
clust2660	0.148492
clust2662	0.148492
clust2706	0.148492
clust2713	0.148492
clust2726	0.148492
clust2739	0.148492
clust2756	0.148492
clust2764	0.145272
clust2768	0.148492
clust2774	0.148492
clust2820	0.148492
clust282	0.148492
clust284	0.148492
clust2857	0.148492
clust2859	0.148492
clust2860	0.148492
clust2864	0.148492
clust2868	0.131979
clust2876	0.148492
clust2877	0.148492
clust2884	0.148492
clust2909	0.148492
clust2912	0.148492
clust2922	0.148492
clust2938	0.148492
clust2950	0.148492
clust2	0.148492
clust3058	0.148492
clust3062	0.148492
clust3111	0.148492
clust32	0.148492
clust346	0.148492
clust373	0.145899
clust378	0.148492
clust379	0.148492
clust383	0.148492
clust394	0.145899
clust397	0.148492
clust398	0.148492
clust403	0.148492
clust405	0.148492
clust411	0.148492
clust41	0.148492
clust42	0.148492
clust44	0.148492
clust459	0.145899
clust45	0.145272
clust462	0.148492
clust475	0.148492
clust477	0.148492
clust519	0.148492
clust51	0.148492
clust529	0.148492
clust531	0.148492
clust535	0.145899
clust547	0.148492
clust551	0.148492
clust55	0.148492
clust581	0.148492
clust588	0.148492
clust5	0.148492
clust600	0.145899
clust610	0.148492
clust616	0.148492
clust61	0.148492
clust657	0.148492
clust662	0.148492
clust664	0.148492
clust66	0.148492
clust679	0.145272
clust682	0.145899
clust696	0.148492
clust701	0.145899
clust708	0.148492
clust714	0.145899
clust725	0.148492
clust727	0.148492
clust747	0.148492
clust748	0.145272
clust763	0.142838
clust765	0.145272
clust768	0.145899
clust779	0.145899
clust782	0.148492
clust783	0.148492
clust791	0.148492
clust809	0.148492
clust827	0.142838
clust840	0.145272
clust843	0.145899
clust84	0.148492
clust867	0.148492
clust86	0.148492
clust875	0.148492
clust917	0.145272
clust91	0.145899
clust934	0.145899
clust943	0.148492
clust962	0.148492
clust965	0.148492
clust967	0.148492
clust970	0.148492
clust981	0.148492
clust990	0.148492
clust1000	0.120434
clust1037	0.118885
clust1064	0.120434
clust1075	0.145899
clust1085	0.097155
clust1089	0.118885
clust1097	0.118885
clust1106	0.120434
clust1158	0.120434
clust116	0.118885
clust1177	0.120434
clust1236	0.148492
clust1300	0.054328
clust1303	0.144857
clust1321	0.118885
clust1376	0.120434
clust1438	0.118885
clust1442	0.120434
clust1562	0.120434
clust1748	0.120434
clust1823	0.144857
clust1853	0.118885
clust1929	0.139443
clust2136	0.120434
clust2138	0.120434
clust2281	0.118885
clust2370	0.120434
clust2443	0.118885
clust2470	0.145899
clust2495	0.120434
clust2684	0.120434
clust276	0.120434
clust316	0.120434
clust402	0.118885
clust500	0.120434
clust685	0.100938
clust740	0.118885
clust780	0.118885
clust806	0.118885
clust844	0.097155
clust85	0.120434
clust866	0.118885
clust1208	0.113112
clust1217	0.113112
clust213	0.113112
clust2234	0.118216
clust2397	0.113112
clust2432	0.113112
clust2620	0.148492
clust1723	0
clust1579	0.071032
