[14:57:05] Command: --outdir /home/fatemeh/Desktop/prokka/NCTC13441 --locustag NCTC13441 --genus Escherichia --species coli --kingdom Bacteria --gram neg /home/fatemeh/EnTrI/data/fasta-genome/chromosome/NCTC13441.fa --force
[14:57:05] Looking for 'aragorn' - found /usr/bin/aragorn
[14:57:05] Determined aragorn version is 1.2
[14:57:05] Looking for 'blastp' - found /usr/bin/blastp
[14:57:05] Determined blastp version is 2.2
[14:57:05] Looking for 'cmpress' - found /usr/local/bin/cmpress
[14:57:05] Determined cmpress version is 1.1
[14:57:05] Looking for 'cmscan' - found /usr/local/bin/cmscan
[14:57:05] Determined cmscan version is 1.1
[14:57:05] Looking for 'egrep' - found /bin/egrep
[14:57:05] Looking for 'find' - found /usr/bin/find
[14:57:05] Looking for 'grep' - found /bin/grep
[14:57:05] Looking for 'hmmpress' - found /usr/local/bin/hmmpress
[14:57:05] Determined hmmpress version is 3.1
[14:57:05] Looking for 'hmmscan' - found /usr/local/bin/hmmscan
[14:57:05] Determined hmmscan version is 3.1
[14:57:05] Looking for 'less' - found /usr/bin/less
[14:57:05] Looking for 'makeblastdb' - found /usr/bin/makeblastdb
[14:57:05] Determined makeblastdb version is 2.2
[14:57:05] Looking for 'minced' - found /home/fatemeh/program-bank/prokka-1.11/bin/../binaries/linux/../common/minced
[14:57:05] Determined minced version is 1.6
[14:57:05] Looking for 'parallel' - found /usr/bin/parallel
[14:57:05] Determined parallel version is 20130922
[14:57:05] Looking for 'prodigal' - found /usr/bin/prodigal
[14:57:05] Determined prodigal version is 2.6
[14:57:05] Looking for 'prokka-genbank_to_fasta_db' - found /home/fatemeh/program-bank/prokka-1.11/bin/prokka-genbank_to_fasta_db
[14:57:05] Looking for 'sed' - found /bin/sed
[14:57:05] Looking for 'signalp' - found /home/fatemeh/program-bank/signalp
[14:57:06] Determined signalp version is 4.1
[14:57:06] Looking for 'tbl2asn' - found /home/fatemeh/program-bank/tbl2asn
[14:57:06] Determined tbl2asn version is 23.9
[14:57:06] Using genetic code table 11.
[14:57:06] Loading and checking input file: /home/fatemeh/EnTrI/data/fasta-genome/chromosome/NCTC13441.fa
[14:57:06] Wrote 1 contigs
[14:57:06] Predicting tRNAs and tmRNAs
[14:57:06] Running: aragorn -gc11  -w \/home\/fatemeh\/Desktop\/prokka\/NCTC13441\/NCTC13441_03082017\.fna
[14:57:10] 1 tRNA-seC c[25417,25511] 35 (tca)
[14:57:10] 2 tRNA-Pro [156338,156414] 35 (cgg)
[14:57:10] 3 tRNA-Ile [434490,434566] 35 (gat)
[14:57:10] 4 tRNA-Ala [434609,434684] 34 (tgc)
[14:57:10] 5 tRNA-Thr [438003,438078] 34 (ggt)
[14:57:10] 6 tRNA-Leu [537462,537548] 35 (gag)
[14:57:10] 7 tRNA-Met [541329,541405] 35 (cat)
[14:57:10] 8 tRNA-Met c[640485,640560] 34 (cat)
[14:57:10] 9 tRNA-Phe c[807083,807158] 34 (gaa)
[14:57:10] 10 tRNA-Gly [921122,921195] 33 (ccc)
[14:57:10] 11 tRNA-Met c[1008290,1008366] 35 (cat)
[14:57:10] 12 tRNA-Met c[1008400,1008476] 35 (cat)
[14:57:10] 13 tRNA-Met c[1008510,1008586] 35 (cat)
[14:57:10] 14 tRNA-Ser [1132573,1132665] 35 (gct)
[14:57:10] 15 tRNA-Arg [1132669,1132745] 35 (acg)
[14:57:10] 16 tRNA-Arg [1132810,1132886] 35 (acg)
[14:57:10] 17 tRNA-Arg [1132949,1133025] 35 (acg)
[14:57:10] 18 tRNA-Arg [1133089,1133165] 35 (acg)
[14:57:10] 19 tmRNA c[1164714,1165076] 90,125 ANDENYALAA**
[14:57:10] 20 tRNA-Glu [1191024,1191099] 35 (ttc)
[14:57:10] 21 tRNA-Lys c[1380662,1380737] 34 (ttt)
[14:57:10] 22 tRNA-Val c[1380742,1380817] 34 (tac)
[14:57:10] 23 tRNA-Val c[1380864,1380939] 34 (tac)
[14:57:10] 24 tRNA-Val c[1380984,1381059] 34 (tac)
[14:57:10] 25 tRNA-Ala [1383758,1383833] 34 (ggc)
[14:57:10] 26 tRNA-Ala [1383873,1383948] 34 (ggc)
[14:57:10] 27 tRNA-Arg c[1435085,1435159] 34 (cct)
[14:57:10] 28 tRNA-Pro c[1604983,1605059] 35 (ggg)
[14:57:10] 29 tRNA-Asn c[1867038,1867113] 34 (gtt)
[14:57:10] 30 tRNA-Asn c[1869447,1869522] 34 (gtt)
[14:57:10] 31 tRNA-Asn [1871271,1871346] 34 (gtt)
[14:57:10] 32 tRNA-Asn c[1911163,1911238] 34 (gtt)
[14:57:10] 33 tRNA-Ser [1912230,1912319] 35 (cga)
[14:57:10] 34 tRNA-Met [1925403,1925478] 34 (cat)
[14:57:10] 35 tRNA-Arg [1925579,1925653] 35 (tct)
[14:57:10] 36 tRNA-Gly [2005684,2005759] 34 (gcc)
[14:57:10] 37 tRNA-Cys [2005813,2005886] 33 (gca)
[14:57:10] 38 tRNA-Leu [2005899,2005985] 35 (taa)
[14:57:10] 39 tRNA-Val c[2283880,2283956] 35 (gac)
[14:57:10] 40 tRNA-Val c[2283961,2284037] 35 (gac)
[14:57:10] 41 tRNA-Arg c[2639282,2639358] 35 (tct)
[14:57:10] 42 tRNA-Met c[2639459,2639534] 34 (cat)
[14:57:10] 43 tRNA-Tyr [2681280,2681364] 35 (gta)
[14:57:10] 44 tRNA-Ser [2933945,2934032] 35 (gga)
[14:57:10] 45 tRNA-Ser [2985957,2986044] 35 (tga)
[14:57:10] 46 tRNA-Ser [3156979,3157066] 35 (gga)
[14:57:10] 47 tRNA-Lys c[3298588,3298663] 34 (ttt)
[14:57:10] 48 tRNA-Lys c[3298697,3298772] 34 (ttt)
[14:57:10] 49 tRNA-Lys c[3298821,3298896] 34 (ttt)
[14:57:10] 50 tRNA-Val c[3298900,3298975] 34 (tac)
[14:57:10] 51 tRNA-Lys c[3299027,3299102] 34 (ttt)
[14:57:10] 52 tRNA-Val c[3299105,3299180] 34 (tac)
[14:57:10] 53 tRNA-Lys c[3299216,3299291] 34 (ttt)
[14:57:10] 54 tRNA-Met [3385316,3385392] 35 (cat)
[14:57:10] 55 tRNA-Leu [3385403,3385487] 35 (tag)
[14:57:10] 56 tRNA-Gln [3385511,3385585] 33 (ttg)
[14:57:10] 57 tRNA-Gln [3385620,3385694] 33 (ttg)
[14:57:10] 58 tRNA-Met [3385710,3385786] 35 (cat)
[14:57:10] 59 tRNA-Gln [3385835,3385909] 33 (ctg)
[14:57:10] 60 tRNA-Gln [3385947,3386021] 33 (ctg)
[14:57:10] 61 tRNA-Arg c[3505015,3505091] 35 (tct)
[14:57:10] 62 tRNA-Ser c[3706385,3706465] 38 (gga)
[14:57:10] 63 tRNA-Thr c[3774482,3774557] 34 (cgt)
[14:57:10] 64 tRNA-Asp c[3835010,3835086] 35 (gtc)
[14:57:10] 65 tRNA-Asp c[3843235,3843311] 35 (gtc)
[14:57:10] 66 tRNA-Ala c[3846671,3846746] 34 (tgc)
[14:57:10] 67 tRNA-Ile c[3846789,3846865] 35 (gat)
[14:57:10] 68 tRNA-Ser [4124417,4124503] 35 (cag)
[14:57:10] 69 tRNA-Ser [4124532,4124618] 35 (cag)
[14:57:10] 70 tRNA-Ser [4124653,4124739] 35 (cag)
[14:57:10] 71 tRNA-Leu c[4281052,4281136] 35 (caa)
[14:57:10] 72 tRNA-Gly c[4387500,4387575] 34 (gcc)
[14:57:10] 73 tRNA-Gly c[4387611,4387686] 34 (gcc)
[14:57:10] 74 tRNA-Gly c[4387723,4387798] 34 (gcc)
[14:57:10] 75 tRNA-Phe [4416956,4417031] 34 (gaa)
[14:57:10] 76 tRNA-Glu c[4609200,4609275] 35 (ttc)
[14:57:10] 77 tRNA-Thr c[4642154,4642229] 34 (ggt)
[14:57:10] 78 tRNA-Gly c[4642236,4642310] 34 (tcc)
[14:57:10] 79 tRNA-Tyr c[4642427,4642511] 35 (gta)
[14:57:10] 80 tRNA-Thr c[4642520,4642595] 34 (tgt)
[14:57:10] 81 tRNA-Ala c[4649366,4649441] 34 (tgc)
[14:57:10] 82 tRNA-Ile c[4649484,4649560] 35 (gat)
[14:57:10] 83 tRNA-Glu c[4778523,4778598] 35 (ttc)
[14:57:10] 84 tRNA-Pro c[4854583,4854659] 35 (tgg)
[14:57:10] 85 tRNA-Ser c[4854702,4854788] 35 (cag)
[14:57:10] 86 tRNA-His c[4854809,4854884] 34 (gtg)
[14:57:10] 87 tRNA-Arg c[4854943,4855019] 35 (ccg)
[14:57:10] 88 tRNA-Trp c[4889488,4889563] 34 (cca)
[14:57:10] 89 tRNA-Asp c[4889572,4889648] 35 (gtc)
[14:57:10] 90 tRNA-Glu c[4893018,4893093] 35 (ttc)
[14:57:10] Found 90 tRNAs
[14:57:10] Predicting Ribosomal RNAs
[14:57:10] You need either Barrnap or RNAmmer installed to predict rRNAs!
[14:57:10] Skipping ncRNA search, enable with --rfam if desired.
[14:57:10] Total of 89 tRNA + rRNA features
[14:57:10] Searching for CRISPR repeats
[14:57:12] Found 0 CRISPRs
[14:57:12] Predicting coding sequences
[14:57:12] Contigs total 5174631 bp, so using single mode
[14:57:12] Running: prodigal -i \/home\/fatemeh\/Desktop\/prokka\/NCTC13441\/NCTC13441_03082017\.fna -c -m -g 11 -p single -f sco -q
[14:57:28] Excluding CDS which overlaps existing RNA (tRNA) at Escherichia_coliUPEC:437883..438155 on - strand
[14:57:31] Excluding CDS which overlaps existing RNA (tRNA) at Escherichia_coliUPEC:1132376..1133026 on - strand
[14:57:31] Excluding CDS which overlaps existing RNA (tRNA) at Escherichia_coliUPEC:1383909..1386344 on + strand
[14:57:44] Found 4858 CDS
[14:57:44] Connecting features back to sequences
[14:57:44] Looking for signal peptides at start of predicted proteins
[14:57:44] Treating Bacteria as gram-
[14:57:57] Running: signalp -t gram- -f short  \/home\/fatemeh\/Desktop\/prokka\/NCTC13441\/signalp\.faa 2> /dev/null
[15:06:29] Found 440 signal peptides
[15:06:29] Deleting unwanted file: /home/fatemeh/Desktop/prokka/NCTC13441/signalp.faa
[15:06:29] Not using genus-specific database. Try --usegenus to enable it.
[15:06:29] Annotating CDS, please be patient.
[15:06:29] Will use 4 CPUs for similarity searching.
[15:06:39] There are still 4858 unannotated CDS left (started with 4858)
[15:06:39] Will use blast to search against /home/fatemeh/program-bank/prokka-1.11/bin/../db/kingdom/Bacteria/sprot with 4 CPUs
[15:06:39] Running: cat \/home\/fatemeh\/Desktop\/prokka\/NCTC13441\/sprot\.faa | parallel --gnu --plain -j 4 --block 192832 --recstart '>' --pipe blastp -query - -db /home/fatemeh/program-bank/prokka-1.11/bin/../db/kingdom/Bacteria/sprot -evalue 1e-06 -num_threads 1 -num_descriptions 1 -num_alignments 1 -seg no > \/home\/fatemeh\/Desktop\/prokka\/NCTC13441\/sprot\.blast 2> /dev/null
[15:16:50] Modify product: Probable glycerol-3-phosphate acyltransferase => putative glycerol-3-phosphate acyltransferase
[15:16:50] Modify product: Probable siderophore transport system ATP-binding protein YusV => putative siderophore transport system ATP-binding protein YusV
[15:16:50] Modify product: Probable siderophore transport system permease protein YfiZ precursor => putative siderophore transport system permease protein YfiZ precursor
[15:16:50] Modify product: Uncharacterized HTH-type transcriptional regulator YbbH => putative HTH-type transcriptional regulator YbbH
[15:16:50] Modify product: Probable quinol monooxygenase YgiN => putative quinol monooxygenase YgiN
[15:16:50] Modify product: Uncharacterized oxidoreductase YjmC => putative oxidoreductase YjmC
[15:16:50] Modify product: Uncharacterized oxidoreductase YghA => putative oxidoreductase YghA
[15:16:50] Modify product: Probable Ni/Fe-hydrogenase 2 b-type cytochrome subunit => putative Ni/Fe-hydrogenase 2 b-type cytochrome subunit
[15:16:50] Modify product: Putative ligase Rv1013 => Putative ligase
[15:16:50] Modify product: Uncharacterized FAD-linked oxidoreductase Rv2280 => putative FAD-linked oxidoreductase
[15:16:50] Modify product: Uncharacterized FAD-linked oxidoreductase Rv2280 => putative FAD-linked oxidoreductase
[15:16:50] Modify product: Uncharacterized membrane protein YdfK => putative membrane protein YdfK
[15:16:50] Modify product: Probable Fe(2+)-trafficking protein => putative Fe(2+)-trafficking protein
[15:16:50] Modify product: Probable xanthine dehydrogenase subunit A => putative xanthine dehydrogenase subunit A
[15:16:50] Modify product: Uncharacterized lipoprotein YgdR precursor => putative lipoprotein YgdR precursor
[15:16:50] Modify product: Probable lipoprotein YiaD precursor => putative lipoprotein YiaD precursor
[15:16:50] Modify product: Uncharacterized lipoprotein YgdR precursor => putative lipoprotein YgdR precursor
[15:16:50] Modify product: Probable glucarate transporter => putative glucarate transporter
[15:16:50] Modify product: Uncharacterized FAD-linked oxidoreductase Rv2280 => putative FAD-linked oxidoreductase
[15:16:51] Modify product: Probable HTH-type transcriptional regulator YgaV => putative HTH-type transcriptional regulator YgaV
[15:16:51] Modify product: Probable inorganic polyphosphate/ATP-NAD kinase => putative inorganic polyphosphate/ATP-NAD kinase
[15:16:51] Modify product: Probable diguanylate cyclase YfiN => putative diguanylate cyclase YfiN
[15:16:51] Modify product: Uncharacterized ferredoxin-like protein YfhL => putative ferredoxin-like protein YfhL
[15:16:51] Modify product: Probable 3-phenylpropionic acid transporter => putative 3-phenylpropionic acid transporter
[15:16:51] Modify product: Probable fructose-bisphosphate aldolase => putative fructose-bisphosphate aldolase
[15:16:51] Modify product: Probable poly(glycerol-phosphate) alpha-glucosyltransferase => putative poly(glycerol-phosphate) alpha-glucosyltransferase
[15:16:51] Modify product: Uncharacterized glycosyltransferase EpsJ => putative glycosyltransferase EpsJ
[15:16:51] Modify product: Uncharacterized GST-like protein YibF => putative GST-like protein YibF
[15:16:51] Modify product: Probable lipoprotein YiaD precursor => putative lipoprotein YiaD precursor
[15:16:51] Modify product: Uncharacterized N-acetyltransferase YjaB => putative N-acetyltransferase YjaB
[15:16:51] Modify product: Uncharacterized MFS-type transporter YhjX => putative MFS-type transporter YhjX
[15:16:51] Modify product: Probable multidrug resistance protein EmrK => putative multidrug resistance protein EmrK
[15:16:51] Modify product: Uncharacterized ABC transporter ATP-binding protein YbhF => putative ABC transporter ATP-binding protein YbhF
[15:16:51] Modify product: Uncharacterized oxidoreductase YhhX => putative oxidoreductase YhhX
[15:16:52] Modify product: Putative membrane protein IgaA homolog => hypothetical protein
[15:16:52] Modify product: Phosphotriesterase homology protein => hypothetical protein
[15:16:52] Modify product: Probable adenosine monophosphate-protein transferase fic => putative adenosine monophosphate-protein transferase fic
[15:16:52] Modify product: Uncharacterized ABC transporter ATP-binding protein YheS => putative ABC transporter ATP-binding protein YheS
[15:16:52] Modify product: Probable bifunctional chitinase/lysozyme precursor => putative bifunctional chitinase/lysozyme precursor
[15:16:52] Modify product: Probable glutamine ABC transporter permease protein GlnM => putative glutamine ABC transporter permease protein GlnM
[15:16:52] Modify product: Probable acrEF/envCD operon repressor => putative acrEF/envCD operon repressor
[15:16:52] Modify product: Probable acrylyl-CoA reductase AcuI => putative acrylyl-CoA reductase AcuI
[15:16:52] Modify product: Probable phospholipid import ATP-binding protein MlaF => putative phospholipid import ATP-binding protein MlaF
[15:16:52] Modify product: Probable phospholipid ABC transporter permease protein MlaE => putative phospholipid ABC transporter permease protein MlaE
[15:16:52] Modify product: Probable phospholipid ABC transporter-binding protein MlaD => putative phospholipid ABC transporter-binding protein MlaD
[15:16:52] Modify product: Probable phospholipid-binding protein MlaC precursor => putative phospholipid-binding protein MlaC precursor
[15:16:52] Modify product: Probable phospholipid ABC transporter-binding protein MlaB => putative phospholipid ABC transporter-binding protein MlaB
[15:16:52] Modify product: Uncharacterized inner membrane transporter YhbE => putative inner membrane transporter YhbE
[15:16:52] Modify product: Transcription termination/antitermination protein NusA => hypothetical protein
[15:16:52] Modify product: Uncharacterized protease YhbU precursor => putative protease YhbU precursor
[15:16:52] Modify product: Probable galactarate transporter => putative galactarate transporter
[15:16:52] Modify product: Probable deferrochelatase/peroxidase YfeX => putative deferrochelatase/peroxidase YfeX
[15:16:52] Modify product: Uncharacterized peptidase SA1530 => putative peptidase
[15:16:52] Modify product: Probable oxalyl-CoA decarboxylase => putative oxalyl-CoA decarboxylase
[15:16:53] Modify product: Probable multidrug resistance protein EmrK => putative multidrug resistance protein EmrK
[15:16:53] Modify product: Probable multidrug resistance protein EmrY => putative multidrug resistance protein EmrY
[15:16:53] Modify product: Probable phospholipid-binding lipoprotein MlaA precursor => putative phospholipid-binding lipoprotein MlaA precursor
[15:16:53] Modify product: Probable galactarate transporter => putative galactarate transporter
[15:16:53] Modify product: Epimerase family protein SA0724 => Epimerase family protein
[15:16:53] Modify product: Uncharacterized Nudix hydrolase YfcD => putative Nudix hydrolase YfcD
[15:16:53] Modify product: Probable 4-amino-4-deoxy-L-arabinose-phosphoundecaprenol flippase subunit ArnF => putative 4-amino-4-deoxy-L-arabinose-phosphoundecaprenol flippase subunit ArnF
[15:16:53] Modify product: Probable 4-amino-4-deoxy-L-arabinose-phosphoundecaprenol flippase subunit ArnE => putative 4-amino-4-deoxy-L-arabinose-phosphoundecaprenol flippase subunit ArnE
[15:16:53] Modify product: Probable 4-deoxy-4-formamido-L-arabinose-phosphoundecaprenol deformylase ArnD => putative 4-deoxy-4-formamido-L-arabinose-phosphoundecaprenol deformylase ArnD
[15:16:53] Modify product: Uncharacterized HTH-type transcriptional regulator RhmR => putative HTH-type transcriptional regulator RhmR
[15:16:53] Modify product: Uncharacterized lipoprotein YehR precursor => putative lipoprotein YehR precursor
[15:16:53] Modify product: Uncharacterized HTH-type transcriptional regulator YegW => putative HTH-type transcriptional regulator YegW
[15:16:53] Modify product: Uncharacterized protease YhbU precursor => putative protease YhbU precursor
[15:16:53] Modify product: Probable diguanylate cyclase YegE => putative diguanylate cyclase YegE
[15:16:53] Modify product: PGL/p-HBAD biosynthesis glycosyltransferase Rv2957/MT3031 => PGL/p-HBAD biosynthesis glycosyltransferase/MT3031
[15:16:53] Modify product: Putative acetyltransferase SACOL2570 => Putative acetyltransferase
[15:16:53] Modify product: Probable siderophore transport system ATP-binding protein YusV => putative siderophore transport system ATP-binding protein YusV
[15:16:53] Modify product: Phosphotriesterase homology protein => hypothetical protein
[15:16:53] Modify product: Probable L,D-transpeptidase ErfK/SrfK precursor => putative L,D-transpeptidase ErfK/SrfK precursor
[15:16:53] Modify product: Probable transcriptional regulatory protein YeeN => putative transcriptional regulatory protein YeeN
[15:16:53] Modify product: Putative multidrug export ATP-binding/permease protein SAV1866 => Putative multidrug export ATP-binding/permease protein
[15:16:53] Modify product: Probable transcriptional regulatory protein YedW => putative transcriptional regulatory protein YedW
[15:16:53] Modify product: Probable sensor-like histidine kinase YedV => putative sensor-like histidine kinase YedV
[15:16:53] Modify product: Uncharacterized inner membrane transporter YedA => putative inner membrane transporter YedA
[15:16:53] Modify product: Probable diguanylate cyclase YedQ => putative diguanylate cyclase YedQ
[15:16:54] Modify product: Probable transcriptional regulatory protein YebC => putative transcriptional regulatory protein YebC
[15:16:54] Modify product: Uncharacterized HTH-type transcriptional regulator YbbH => putative HTH-type transcriptional regulator YbbH
[15:16:54] Modify product: Probable manganese efflux pump MntP => putative manganese efflux pump MntP
[15:16:54] Modify product: Probable ATP-dependent helicase DinG => putative ATP-dependent helicase DinG
[15:16:54] Modify product: Probable S-adenosyl-L-methionine-dependent methyltransferase TehB => putative S-adenosyl-L-methionine-dependent methyltransferase TehB
[15:16:54] Modify product: Probable diguanylate cyclase YeaP => putative diguanylate cyclase YeaP
[15:16:54] Modify product: Stress response UPF0229 protein YhbH => hypothetical protein
[15:16:54] Modify product: Probable fructose-bisphosphate aldolase => putative fructose-bisphosphate aldolase
[15:16:54] Modify product: Uncharacterized sugar kinase YdjH => putative sugar kinase YdjH
[15:16:54] Modify product: Uncharacterized FAD-linked oxidoreductase Rv2280 => putative FAD-linked oxidoreductase
[15:16:54] Modify product: Probable ATP-dependent transporter SufC => putative ATP-dependent transporter SufC
[15:16:54] Modify product: Probable L,D-transpeptidase YnhG precursor => putative L,D-transpeptidase YnhG precursor
[15:16:54] Modify product: Uncharacterized ferredoxin-like protein YdhY => putative ferredoxin-like protein YdhY
[15:16:54] Modify product: Uncharacterized oxidoreductase YdhV => putative oxidoreductase YdhV
[15:16:54] Modify product: Uncharacterized ferredoxin-like protein YdhX precursor => putative ferredoxin-like protein YdhX precursor
[15:16:54] Modify product: Probable autotransporter ROD_p1121 precursor => putative autotransporter precursor
[15:16:54] Modify product: Uncharacterized oxidoreductase YdgJ => putative oxidoreductase YdgJ
[15:16:54] Modify product: DNA replication terminus site-binding protein => hypothetical protein
[15:16:54] Modify product: Probable dimethyl sulfoxide reductase chain YnfF precursor => putative dimethyl sulfoxide reductase chain YnfF precursor
[15:16:54] Modify product: Probable dimethyl sulfoxide reductase chain YnfF precursor => putative dimethyl sulfoxide reductase chain YnfF precursor
[15:16:54] Modify product: Uncharacterized zinc-type alcohol dehydrogenase-like protein YjmD => putative zinc-type alcohol dehydrogenase-like protein YjmD
[15:16:54] Modify product: Uncharacterized HTH-type transcriptional regulator YdfH => putative HTH-type transcriptional regulator YdfH
[15:16:54] Modify product: Probable amino-acid metabolite efflux pump => putative amino-acid metabolite efflux pump
[15:16:54] Modify product: Probable diguanylate cyclase YedQ => putative diguanylate cyclase YedQ
[15:16:54] Modify product: Anaerobic sulfatase-maturating enzyme homolog YdeM => hypothetical protein
[15:16:54] Modify product: Probable glutamate/gamma-aminobutyrate antiporter => putative glutamate/gamma-aminobutyrate antiporter
[15:16:54] Modify product: Uncharacterized HTH-type transcriptional regulator YddM => putative HTH-type transcriptional regulator YddM
[15:16:54] Modify product: Probable nitrate reductase molybdenum cofactor assembly chaperone NarW => putative nitrate reductase molybdenum cofactor assembly chaperone NarW
[15:16:54] Modify product: Uncharacterized isomerase YddE => putative isomerase YddE
[15:16:55] Modify product: Uncharacterized HTH-type transcriptional regulator YdcR => putative HTH-type transcriptional regulator YdcR
[15:16:55] Modify product: Uncharacterized protease YhbU precursor => putative protease YhbU precursor
[15:16:55] Modify product: Probable autotransporter ROD_p1121 precursor => putative autotransporter precursor
[15:16:55] Modify product: Probable diguanylate cyclase YdaM => putative diguanylate cyclase YdaM
[15:16:55] Modify product: Probable DNA endonuclease SmrA => putative DNA endonuclease SmrA
[15:16:55] Modify product: Probable multidrug resistance protein EmrK => putative multidrug resistance protein EmrK
[15:16:55] Modify product: Uncharacterized oxidoreductase YcjS => putative oxidoreductase YcjS
[15:16:55] Modify product: Probable D,D-dipeptide transport ATP-binding protein DdpD => putative D,D-dipeptide transport ATP-binding protein DdpD
[15:16:55] Modify product: Probable efflux pump outer membrane protein TtgC precursor => putative efflux pump outer membrane protein TtgC precursor
[15:16:55] Modify product: Uncharacterized HTH-type transcriptional regulator YfiR => putative HTH-type transcriptional regulator YfiR
[15:16:55] Modify product: Probable protease SohB => putative protease SohB
[15:16:55] Modify product: Uncharacterized oxidoreductase YciK => putative oxidoreductase YciK
[15:16:55] Modify product: Probable 9-O-acetyl-N-acetylneuraminic acid deacetylase precursor => putative 9-O-acetyl-N-acetylneuraminic acid deacetylase precursor
[15:16:55] Modify product: Uncharacterized HTH-type transcriptional regulator CBU_1416 => putative HTH-type transcriptional regulator
[15:16:55] Modify product: Probable intracellular septation protein A => putative intracellular septation protein A
[15:16:55] Modify product: Uncharacterized acyl-CoA thioester hydrolase HI_0827 => putative acyl-CoA thioester hydrolase
[15:16:55] Modify product: Probable ABC transporter permease protein HI_1471 => putative ABC transporter permease protein
[15:16:55] Modify product: Uncharacterized ABC transporter ATP-binding protein HI_1470 => putative ABC transporter ATP-binding protein
[15:16:55] Modify product: Probable autotransporter ROD_p1121 precursor => putative autotransporter precursor
[15:16:55] Modify product: Probable two-component-system connector protein AriR => putative two-component-system connector protein AriR
[15:16:55] Modify product: Probable two-component-system connector protein YcgZ => putative two-component-system connector protein YcgZ
[15:16:55] Modify product: Uncharacterized periplasmic iron-binding protein HI_0362 precursor => putative periplasmic iron-binding protein precursor
[15:16:55] Modify product: Uncharacterized ABC transporter ATP-binding protein HI_1470 => putative ABC transporter ATP-binding protein
[15:16:55] Modify product: Probable L,D-transpeptidase YcfS precursor => putative L,D-transpeptidase YcfS precursor
[15:16:55] Modify product: Uncharacterized deoxyribonuclease YcfH => putative deoxyribonuclease YcfH
[15:16:55] Modify product: Probable peptidoglycan biosynthesis protein MurJ => putative peptidoglycan biosynthesis protein MurJ
[15:16:55] Modify product: Uncharacterized lipoprotein YceB precursor => putative lipoprotein YceB precursor
[15:16:55] Modify product: Cytochrome b561 homolog 2 => hypothetical protein
[15:16:55] Modify product: Probable adenylyltransferase/sulfurtransferase MoeZ => putative adenylyltransferase/sulfurtransferase MoeZ
[15:16:55] Modify product: Probable phosphatase YcdX => putative phosphatase YcdX
[15:16:55] Modify product: Probable diguanylate cyclase YcdT => putative diguanylate cyclase YcdT
[15:16:55] Modify product: Probable malonic semialdehyde reductase RutE => putative malonic semialdehyde reductase RutE
[15:16:55] Modify product: Probable Ni/Fe-hydrogenase 1 B-type cytochrome subunit => putative Ni/Fe-hydrogenase 1 B-type cytochrome subunit
[15:16:56] Modify product: Probable metallo-hydrolase M6_Spy0554 => putative metallo-hydrolase
[15:16:56] Modify product: Probable formate transporter 1 => putative formate transporter 1
[15:16:56] Modify product: Uncharacterized MFS-type transporter YcaD => putative MFS-type transporter YcaD
[15:16:56] Modify product: Probable 9-O-acetyl-N-acetylneuraminic acid deacetylase precursor => putative 9-O-acetyl-N-acetylneuraminic acid deacetylase precursor
[15:16:56] Modify product: Uncharacterized lipoprotein YbjP precursor => putative lipoprotein YbjP precursor
[15:16:56] Modify product: Uncharacterized ferredoxin-like protein YdhX precursor => putative ferredoxin-like protein YdhX precursor
[15:16:56] Modify product: Uncharacterized membrane protein YjcC => putative membrane protein YjcC
[15:16:56] Modify product: Probable enoyl-CoA hydratase => putative enoyl-CoA hydratase
[15:16:56] Modify product: Probable tRNA-dihydrouridine synthase => putative tRNA-dihydrouridine synthase
[15:16:56] Modify product: Uncharacterized lipoprotein GfcB precursor => putative lipoprotein GfcB precursor
[15:16:56] Modify product: Uncharacterized N-acetyltransferase YjaB => putative N-acetyltransferase YjaB
[15:16:56] Modify product: Transcription termination/antitermination protein NusG => hypothetical protein
[15:16:56] Modify product: Uncharacterized hydrolase YxeP => putative hydrolase YxeP
[15:16:56] Modify product: Uncharacterized inner membrane transporter yiJE => putative inner membrane transporter yiJE
[15:16:56] Modify product: Uncharacterized zinc-type alcohol dehydrogenase-like protein YjmD => putative zinc-type alcohol dehydrogenase-like protein YjmD
[15:16:56] Modify product: Uncharacterized aldolase YihT => putative aldolase YihT
[15:16:56] Modify product: Probable GTP-binding protein EngB => putative GTP-binding protein EngB
[15:16:56] Modify product: Probable acyltransferase YihG => putative acyltransferase YihG
[15:16:56] Modify product: Probable protein kinase UbiB => putative protein kinase UbiB
[15:16:56] Modify product: Uncharacterized HTH-type transcriptional regulator YbbH => putative HTH-type transcriptional regulator YbbH
[15:16:57] Modify product: Probable transport protein YifK => putative transport protein YifK
[15:16:57] Modify product: Transcription termination factor Rho => hypothetical protein
[15:16:57] Modify product: Probable transport protein HsrA => putative transport protein HsrA
[15:16:57] Modify product: Probable adenine permease PurP => putative adenine permease PurP
[15:16:57] Modify product: Uncharacterized symporter YidK => putative symporter YidK
[15:16:57] Modify product: Uncharacterized inner membrane transporter YicL => putative inner membrane transporter YicL
[15:16:57] Modify product: Probable 9-O-acetyl-N-acetylneuraminic acid deacetylase precursor => putative 9-O-acetyl-N-acetylneuraminic acid deacetylase precursor
[15:16:57] Modify product: Probable N-acetylneuraminic acid outer membrane channel protein NanC precursor => putative N-acetylneuraminic acid outer membrane channel protein NanC precursor
[15:16:57] Modify product: Probable 9-O-acetyl-N-acetylneuraminic acid deacetylase precursor => putative 9-O-acetyl-N-acetylneuraminic acid deacetylase precursor
[15:16:57] Modify product: Probable 9-O-acetyl-N-acetylneuraminic acid deacetylase precursor => putative 9-O-acetyl-N-acetylneuraminic acid deacetylase precursor
[15:16:57] Modify product: Uncharacterized tRNA/rRNA methyltransferase HI_0380 => putative tRNA/rRNA methyltransferase
[15:16:57] Modify product: Uncharacterized ABC transporter ATP-binding protein YjjK => putative ABC transporter ATP-binding protein YjjK
[15:16:57] Modify product: DNA repair protein RadA homolog => hypothetical protein
[15:16:57] Modify product: Uncharacterized deoxyribonuclease YjjV => putative deoxyribonuclease YjjV
[15:16:58] Modify product: Probable HTH-type transcriptional regulator YjjM => putative HTH-type transcriptional regulator YjjM
[15:16:58] Modify product: Uncharacterized GTP-binding protein YjiA => putative GTP-binding protein YjiA
[15:16:58] Modify product: Uncharacterized HTH-type transcriptional regulator YjiR => putative HTH-type transcriptional regulator YjiR
[15:16:58] Modify product: Probable N-acetylneuraminic acid outer membrane channel protein NanC precursor => putative N-acetylneuraminic acid outer membrane channel protein NanC precursor
[15:16:58] Modify product: Probable 9-O-acetyl-N-acetylneuraminic acid deacetylase precursor => putative 9-O-acetyl-N-acetylneuraminic acid deacetylase precursor
[15:16:58] Modify product: Probable 2-keto-3-deoxy-galactonate aldolase YagE => putative 2-keto-3-deoxy-galactonate aldolase YagE
[15:16:58] Modify product: Probable RNA polymerase sigma factor FecI => putative RNA polymerase sigma factor FecI
[15:16:58] Modify product: Probable siderophore transport system ATP-binding protein YusV => putative siderophore transport system ATP-binding protein YusV
[15:16:58] Modify product: Probable sulfoacetate transporter SauU => putative sulfoacetate transporter SauU
[15:16:58] Modify product: Probable 2-keto-3-deoxy-galactonate aldolase YagE => putative 2-keto-3-deoxy-galactonate aldolase YagE
[15:16:58] Modify product: Uncharacterized HTH-type transcriptional regulator RhmR => putative HTH-type transcriptional regulator RhmR
[15:16:58] Modify product: Probable L-ascorbate-6-phosphate lactonase UlaG => putative L-ascorbate-6-phosphate lactonase UlaG
[15:16:58] Modify product: Probable cadaverine/lysine antiporter => putative cadaverine/lysine antiporter
[15:16:58] Modify product: Probable dipeptide and tripeptide permease YjdL => putative dipeptide and tripeptide permease YjdL
[15:16:58] Modify product: Probable fimbrial chaperone protein ElfD precursor => putative fimbrial chaperone protein ElfD precursor
[15:16:58] Modify product: Probable transcriptional regulator PhnF => putative transcriptional regulator PhnF
[15:16:58] Modify product: Probable D,D-dipeptide-binding periplasmic protein DdpA precursor => putative D,D-dipeptide-binding periplasmic protein DdpA precursor
[15:16:58] Modify product: Probable D,D-dipeptide transport system permease protein DdpC => putative D,D-dipeptide transport system permease protein DdpC
[15:16:58] Modify product: Probable D,D-dipeptide transport ATP-binding protein DdpD => putative D,D-dipeptide transport ATP-binding protein DdpD
[15:16:58] Modify product: Uncharacterized ABC transporter ATP-binding protein YheS => putative ABC transporter ATP-binding protein YheS
[15:16:58] Modify product: Probable L,D-transpeptidase YbiS precursor => putative L,D-transpeptidase YbiS precursor
[15:16:58] Modify product: PKHD-type hydroxylase Sbal_3634 => PKHD-type hydroxylase
[15:16:58] Modify product: Uncharacterized oxidoreductase YbiC => putative oxidoreductase YbiC
[15:16:58] Modify product: Probable ATP-dependent helicase DinG => putative ATP-dependent helicase DinG
[15:16:58] Modify product: Uncharacterized ABC transporter ATP-binding protein YbhF => putative ABC transporter ATP-binding protein YbhF
[15:16:58] Modify product: Uncharacterized ABC transporter ATP-binding protein YlmA => putative ABC transporter ATP-binding protein YlmA
[15:16:58] Modify product: Uncharacterized zinc-type alcohol dehydrogenase-like protein YjmD => putative zinc-type alcohol dehydrogenase-like protein YjmD
[15:16:59] Modify product: Uncharacterized lipoprotein ChiQ precursor => putative lipoprotein ChiQ precursor
[15:16:59] Modify product: Probable glutamine ABC transporter permease protein GlnM => putative glutamine ABC transporter permease protein GlnM
[15:16:59] Modify product: Uncharacterized HTH-type transcriptional regulator YbdO => putative HTH-type transcriptional regulator YbdO
[15:16:59] Modify product: Probable siderophore transport system ATP-binding protein YusV => putative siderophore transport system ATP-binding protein YusV
[15:16:59] Modify product: Bifunctional protein FolD => Bifunctional protein FolD protein
[15:16:59] Modify product: Uncharacterized ABC transporter ATP-binding protein YbbL => putative ABC transporter ATP-binding protein YbbL
[15:16:59] Modify product: Uncharacterized HTH-type transcriptional regulator YbaQ => putative HTH-type transcriptional regulator YbaQ
[15:16:59] Modify product: Uncharacterized membrane protein YjcC => putative membrane protein YjcC
[15:16:59] Modify product: Probable multidrug resistance ABC transporter ATP-binding/permease protein YheI => putative multidrug resistance ABC transporter ATP-binding/permease protein YheI
[15:16:59] Modify product: Uncharacterized lipoprotein YajI precursor => putative lipoprotein YajI precursor
[15:16:59] Modify product: Probable diguanylate cyclase AdrA => putative diguanylate cyclase AdrA
[15:16:59] Modify product: Probable autotransporter ROD_p1121 precursor => putative autotransporter precursor
[15:16:59] Modify product: Uncharacterized oxidoreductase YtbE => putative oxidoreductase YtbE
[15:16:59] Modify product: Uncharacterized membrane protein YkgR => putative membrane protein YkgR
[15:16:59] Modify product: Probable type I restriction enzyme BthVORF4518P M protein => putative type I restriction enzymeP M protein
[15:16:59] Modify product: Uncharacterized N-acetyltransferase YafP => putative N-acetyltransferase YafP
[15:17:00] Modify product: Probable endopeptidase YafL precursor => putative endopeptidase YafL precursor
[15:17:00] Modify product: Uncharacterized methyltransferase YcgJ => putative methyltransferase YcgJ
[15:17:00] Modify product: Probable tRNA (adenine(37)-N6)-methyltransferase => putative tRNA (adenine(37)-N6)-methyltransferase
[15:17:00] Cleaned 221 /product names
[15:17:00] Deleting unwanted file: /home/fatemeh/Desktop/prokka/NCTC13441/sprot.faa
[15:17:00] Deleting unwanted file: /home/fatemeh/Desktop/prokka/NCTC13441/sprot.blast
[15:17:02] There are still 1476 unannotated CDS left (started with 4858)
[15:17:02] Will use hmmer3 to search against /home/fatemeh/program-bank/prokka-1.11/bin/../db/hmm/CLUSTERS.hmm with 4 CPUs
[15:17:02] Running: cat \/home\/fatemeh\/Desktop\/prokka\/NCTC13441\/CLUSTERS\.hmm\.faa | parallel --gnu --plain -j 4 --block 42775 --recstart '>' --pipe hmmscan --noali --notextw --acc -E 1e-06 --cpu 1 /home/fatemeh/program-bank/prokka-1.11/bin/../db/hmm/CLUSTERS.hmm /dev/stdin > \/home\/fatemeh\/Desktop\/prokka\/NCTC13441\/CLUSTERS\.hmm\.hmmer3 2> /dev/null
[15:23:34] Deleting unwanted file: /home/fatemeh/Desktop/prokka/NCTC13441/CLUSTERS.hmm.faa
[15:23:34] Deleting unwanted file: /home/fatemeh/Desktop/prokka/NCTC13441/CLUSTERS.hmm.hmmer3
[15:23:36] There are still 1080 unannotated CDS left (started with 4858)
[15:23:36] Will use hmmer3 to search against /home/fatemeh/program-bank/prokka-1.11/bin/../db/hmm/HAMAP.hmm with 4 CPUs
[15:23:36] Running: cat \/home\/fatemeh\/Desktop\/prokka\/NCTC13441\/HAMAP\.hmm\.faa | parallel --gnu --plain -j 4 --block 30822 --recstart '>' --pipe hmmscan --noali --notextw --acc -E 1e-06 --cpu 1 /home/fatemeh/program-bank/prokka-1.11/bin/../db/hmm/HAMAP.hmm /dev/stdin > \/home\/fatemeh\/Desktop\/prokka\/NCTC13441\/HAMAP\.hmm\.hmmer3 2> /dev/null
[15:25:02] Deleting unwanted file: /home/fatemeh/Desktop/prokka/NCTC13441/HAMAP.hmm.faa
[15:25:02] Deleting unwanted file: /home/fatemeh/Desktop/prokka/NCTC13441/HAMAP.hmm.hmmer3
[15:25:04] There are still 1067 unannotated CDS left (started with 4858)
[15:25:04] Will use hmmer3 to search against /home/fatemeh/program-bank/prokka-1.11/bin/../db/hmm/Pfam.hmm with 4 CPUs
[15:25:04] Running: cat \/home\/fatemeh\/Desktop\/prokka\/NCTC13441\/Pfam\.hmm\.faa | parallel --gnu --plain -j 4 --block 30353 --recstart '>' --pipe hmmscan --noali --notextw --acc -E 1e-06 --cpu 1 /home/fatemeh/program-bank/prokka-1.11/bin/../db/hmm/Pfam.hmm /dev/stdin > \/home\/fatemeh\/Desktop\/prokka\/NCTC13441\/Pfam\.hmm\.hmmer3 2> /dev/null
[15:31:16] Modify product: ImpA-related N-terminal => hypothetical protein
[15:31:16] Modify product: Integrase core domain => Integrase core domain protein
[15:31:16] Modify product: Transglycosylase SLT domain => Transglycosylase SLT domain protein
[15:31:16] Modify product: Metallo-beta-lactamase superfamily => Metallo-beta-lactamase superfamily protein
[15:31:16] Modify product: DTW domain => DTW domain protein
[15:31:16] Modify product: Alpha/beta hydrolase family => Alpha/beta hydrolase family protein
[15:31:16] Modify product: Alpha-2-macroglobulin family N-terminal region => hypothetical protein
[15:31:16] Modify product: Glycine zipper 2TM domain => Glycine zipper 2TM domain protein
[15:31:16] Modify product: Helix-turn-helix domain => Helix-turn-helix domain protein
[15:31:16] Modify product: Ash protein family => Ash protein family protein
[15:31:16] Modify product: MG2 domain => MG2 domain protein
[15:31:16] Modify product: PglZ domain => PglZ domain protein
[15:31:16] Modify product: AsmA family => AsmA family protein
[15:31:16] Modify product: Fic/DOC family => Fic/DOC family protein
[15:31:16] Modify product: Peptidase M16 inactive domain => Peptidase M16 inactive domain protein
[15:31:16] Modify product: ChuX-like family => ChuX-like family protein
[15:31:16] Modify product: Probable transposase => putative transposase
[15:31:16] Modify product: Alanine racemase, N-terminal domain => hypothetical protein
[15:31:16] Modify product: YheO-like PAS domain => YheO-like PAS domain protein
[15:31:16] Modify product: SCP-2 sterol transfer family => SCP-2 sterol transfer family protein
[15:31:16] Modify product: Integrase core domain => Integrase core domain protein
[15:31:16] Modify product: Integrase core domain => Integrase core domain protein
[15:31:16] Modify product: CYTH domain => CYTH domain protein
[15:31:16] Modify product: Lumazine-binding domain => Lumazine-binding domain protein
[15:31:16] Modify product: InsA C-terminal domain => hypothetical protein
[15:31:16] Modify product: Major Facilitator Superfamily => Major Facilitator Superfamily protein
[15:31:16] Modify product: Integrase core domain => Integrase core domain protein
[15:31:16] Modify product: InsA C-terminal domain => hypothetical protein
[15:31:16] Modify product: InsA C-terminal domain => hypothetical protein
[15:31:16] Modify product: YGGT family => YGGT family protein
[15:31:16] Modify product: Alanine racemase, N-terminal domain => hypothetical protein
[15:31:16] Modify product: LysR substrate binding domain => LysR substrate binding domain protein
[15:31:16] Modify product: Integral membrane protein TerC family => Integral membrane protein TerC family protein
[15:31:16] Modify product: WGR domain => WGR domain protein
[15:31:16] Modify product: WGR domain => WGR domain protein
[15:31:16] Modify product: InsA C-terminal domain => hypothetical protein
[15:31:16] Modify product: von Willebrand factor type A domain => von Willebrand factor type A domain protein
[15:31:16] Modify product: NAD dependent epimerase/dehydratase family => NAD dependent epimerase/dehydratase family protein
[15:31:16] Modify product: Transposase IS200 like => Transposase IS200 like protein
[15:31:16] Modify product: Integrase core domain => Integrase core domain protein
[15:31:16] Modify product: Transposase IS66 family => Transposase IS66 family protein
[15:31:16] Modify product: Integrase core domain => Integrase core domain protein
[15:31:16] Modify product: Transposase IS116/IS110/IS902 family => Transposase IS116/IS110/IS902 family protein
[15:31:16] Modify product: ParB-like nuclease domain => ParB-like nuclease domain protein
[15:31:16] Modify product: Phage capsid family => Phage capsid family protein
[15:31:16] Modify product: NlpC/P60 family => NlpC/P60 family protein
[15:31:16] Modify product: Transposase IS200 like => Transposase IS200 like protein
[15:31:16] Modify product: Prophage tail fibre N-terminal => hypothetical protein
[15:31:16] Modify product: Integrase core domain => Integrase core domain protein
[15:31:16] Modify product: Transposase IS200 like => Transposase IS200 like protein
[15:31:16] Modify product: Helix-turn-helix domain => Helix-turn-helix domain protein
[15:31:16] Modify product: Phage integrase family => Phage integrase family protein
[15:31:16] Modify product: ORF6N domain => ORF6N domain protein
[15:31:16] Modify product: Integrase core domain => Integrase core domain protein
[15:31:16] Modify product: PrkA AAA domain => PrkA AAA domain protein
[15:31:16] Modify product: Carboxymuconolactone decarboxylase family => Carboxymuconolactone decarboxylase family protein
[15:31:16] Modify product: Peptidase M16 inactive domain => Peptidase M16 inactive domain protein
[15:31:16] Modify product: Transposase DDE domain => Transposase DDE domain protein
[15:31:16] Modify product: Alpha/beta hydrolase family => Alpha/beta hydrolase family protein
[15:31:16] Modify product: NmrA-like family => NmrA-like family protein
[15:31:16] Modify product: Methyltransferase domain => Methyltransferase domain protein
[15:31:16] Modify product: Integrase core domain => Integrase core domain protein
[15:31:16] Modify product: NlpC/P60 family => NlpC/P60 family protein
[15:31:16] Modify product: Immunoglobulin I-set domain => Immunoglobulin I-set domain protein
[15:31:16] Modify product: Bacteriophage lambda integrase, N-terminal domain => hypothetical protein
[15:31:16] Modify product: Insertion element 4 transposase N-terminal => hypothetical protein
[15:31:16] Modify product: Fatty acid hydroxylase superfamily => Fatty acid hydroxylase superfamily protein
[15:31:16] Modify product: PAP2 superfamily => PAP2 superfamily protein
[15:31:16] Modify product: DsrE/DsrF-like family => DsrE/DsrF-like family protein
[15:31:16] Modify product: Fels-1 Prophage Protein-like => Fels-1 Prophage Protein-like protein
[15:31:16] Modify product: Prophage tail fibre N-terminal => hypothetical protein
[15:31:16] Modify product: NlpC/P60 family => NlpC/P60 family protein
[15:31:16] Modify product: RecT family => RecT family protein
[15:31:16] Modify product: YqaJ-like viral recombinase domain => YqaJ-like viral recombinase domain protein
[15:31:16] Modify product: Bacteriophage lambda integrase, N-terminal domain => hypothetical protein
[15:31:16] Modify product: Stress-induced bacterial acidophilic repeat motif => Stress-induced bacterial acidophilic repeat motif protein
[15:31:16] Modify product: GnsA/GnsB family => GnsA/GnsB family protein
[15:31:16] Modify product: HupH hydrogenase expression protein, C-terminal conserved region => hypothetical protein
[15:31:16] Modify product: Mor transcription activator family => Mor transcription activator family protein
[15:31:16] Modify product: Integrase core domain => Integrase core domain protein
[15:31:16] Modify product: Terminase-like family => Terminase-like family protein
[15:31:16] Modify product: Phage virion morphogenesis family => Phage virion morphogenesis family protein
[15:31:16] Modify product: Phage tail fibre repeat => Phage tail fibre repeat protein
[15:31:16] Modify product: Terminase-like family => Terminase-like family protein
[15:31:16] Modify product: Phage virion morphogenesis family => Phage virion morphogenesis family protein
[15:31:16] Modify product: Phage tail fibre repeat => Phage tail fibre repeat protein
[15:31:16] Modify product: Integral membrane protein TerC family => Integral membrane protein TerC family protein
[15:31:16] Modify product: BNR/Asp-box repeat => BNR/Asp-box repeat protein
[15:31:16] Modify product: Sel1 repeat => Sel1 repeat protein
[15:31:16] Modify product: Methyltransferase domain => Methyltransferase domain protein
[15:31:16] Modify product: Phage integrase family => Phage integrase family protein
[15:31:17] Modify product: FtsX-like permease family => FtsX-like permease family protein
[15:31:17] Modify product: TraB family => TraB family protein
[15:31:17] Modify product: Alpha/beta hydrolase family => Alpha/beta hydrolase family protein
[15:31:17] Modify product: EamA-like transporter family => EamA-like transporter family protein
[15:31:17] Modify product: EamA-like transporter family => EamA-like transporter family protein
[15:31:17] Modify product: Integrase core domain => Integrase core domain protein
[15:31:17] Modify product: Transposase IS66 family => Transposase IS66 family protein
[15:31:17] Modify product: Transposase IS66 family => Transposase IS66 family protein
[15:31:17] Modify product: Transposase IS66 family => Transposase IS66 family protein
[15:31:17] Modify product: Transposase IS66 family => Transposase IS66 family protein
[15:31:17] Modify product: Integrase core domain => Integrase core domain protein
[15:31:17] Modify product: PglZ domain => PglZ domain protein
[15:31:17] Modify product: InsA C-terminal domain => hypothetical protein
[15:31:17] Modify product: Integrase core domain => Integrase core domain protein
[15:31:17] Modify product: Integrase core domain => Integrase core domain protein
[15:31:17] Modify product: Transposase IS66 family => Transposase IS66 family protein
[15:31:17] Modify product: Transposase IS66 family => Transposase IS66 family protein
[15:31:17] Modify product: Integrase core domain => Integrase core domain protein
[15:31:17] Modify product: Phage tail fibre repeat => Phage tail fibre repeat protein
[15:31:17] Modify product: Phage virion morphogenesis family => Phage virion morphogenesis family protein
[15:31:17] Modify product: Integrase core domain => Integrase core domain protein
[15:31:17] Modify product: Methyltransferase domain => Methyltransferase domain protein
[15:31:17] Modify product: Tripartite tricarboxylate transporter TctA family => Tripartite tricarboxylate transporter TctA family protein
[15:31:17] Modify product: Tripartite tricarboxylate transporter TctB family => Tripartite tricarboxylate transporter TctB family protein
[15:31:17] Modify product: Type I restriction modification DNA specificity domain => Type I restriction modification DNA specificity domain protein
[15:31:17] Modify product: Major Facilitator Superfamily => Major Facilitator Superfamily protein
[15:31:17] Modify product: Integrase core domain => Integrase core domain protein
[15:31:17] Modify product: Acetyltransferase (GNAT) family => Acetyltransferase (GNAT) family protein
[15:31:17] Modify product: Putative zinc ribbon domain => Putative zinc ribbon domain protein
[15:31:17] Modify product: Integrase core domain => Integrase core domain protein
[15:31:17] Modify product: Transposase IS66 family => Transposase IS66 family protein
[15:31:17] Modify product: Integrase core domain => Integrase core domain protein
[15:31:17] Modify product: Integrase core domain => Integrase core domain protein
[15:31:17] Modify product: Transposase IS66 family => Transposase IS66 family protein
[15:31:17] Modify product: AAA-like domain => AAA-like domain protein
[15:31:17] Modify product: Acetyltransferase (GNAT) family => Acetyltransferase (GNAT) family protein
[15:31:17] Modify product: Opacity-associated protein A LysM-like domain => Opacity-associated protein A LysM-like domain protein
[15:31:17] Modify product: PspA/IM30 family => PspA/IM30 family protein
[15:31:17] Modify product: Acetyltransferase (GNAT) family => Acetyltransferase (GNAT) family protein
[15:31:17] Modify product: Acetyltransferase (GNAT) family => Acetyltransferase (GNAT) family protein
[15:31:17] Modify product: Metallo-beta-lactamase superfamily => Metallo-beta-lactamase superfamily protein
[15:31:17] Modify product: Sel1 repeat => Sel1 repeat protein
[15:31:17] Modify product: SCP-2 sterol transfer family => SCP-2 sterol transfer family protein
[15:31:17] Modify product: Tripartite tricarboxylate transporter TctB family => Tripartite tricarboxylate transporter TctB family protein
[15:31:17] Modify product: Tripartite tricarboxylate transporter TctA family => Tripartite tricarboxylate transporter TctA family protein
[15:31:17] Cleaned 136 /product names
[15:31:17] Deleting unwanted file: /home/fatemeh/Desktop/prokka/NCTC13441/Pfam.hmm.faa
[15:31:17] Deleting unwanted file: /home/fatemeh/Desktop/prokka/NCTC13441/Pfam.hmm.hmmer3
[15:31:17] Labelling remaining 653 proteins as 'hypothetical protein'
[15:31:17] Possible /pseudo 'General stress protein A' at Escherichia_coliUPEC position 65742
[15:31:17] Possible /pseudo 'Small toxic polypeptide LdrD' at Escherichia_coliUPEC position 165258
[15:31:17] Possible /pseudo 'Small toxic polypeptide LdrD' at Escherichia_coliUPEC position 165741
[15:31:17] Possible /pseudo 'putative FAD-linked oxidoreductase' at Escherichia_coliUPEC position 753750
[15:31:17] Possible /pseudo 'Transposase' at Escherichia_coliUPEC position 797574
[15:31:17] Possible /pseudo 'Pap fimbrial major pilin protein precursor' at Escherichia_coliUPEC position 800809
[15:31:17] Possible /pseudo 'Energy-coupling factor transporter ATP-binding protein EcfA1' at Escherichia_coliUPEC position 849457
[15:31:17] Possible /pseudo 'WGR domain protein' at Escherichia_coliUPEC position 1694013
[15:31:17] Possible /pseudo 'Galactitol permease IIC component' at Escherichia_coliUPEC position 1721395
[15:31:17] Possible /pseudo 'Glucuronide carrier protein' at Escherichia_coliUPEC position 2332491
[15:31:17] Possible /pseudo 'Membrane-associated protein UidC precursor' at Escherichia_coliUPEC position 2333637
[15:31:17] Possible /pseudo 'putative dimethyl sulfoxide reductase chain YnfF precursor' at Escherichia_coliUPEC position 2363937
[15:31:17] Possible /pseudo 'Formate dehydrogenase, nitrate-inducible, major subunit precursor' at Escherichia_coliUPEC position 2430314
[15:31:17] Possible /pseudo 'Caudovirales tail fibre assembly protein' at Escherichia_coliUPEC position 2605685
[15:31:17] Possible /pseudo 'Manganese transport system membrane protein MntB' at Escherichia_coliUPEC position 2791953
[15:31:17] Possible /pseudo 'Caudovirales tail fibre assembly protein' at Escherichia_coliUPEC position 3132383
[15:31:17] Possible /pseudo 'Inner membrane protein YbhL' at Escherichia_coliUPEC position 3260042
[15:31:17] Possible /pseudo 'small toxic polypeptide' at Escherichia_coliUPEC position 3480616
[15:31:17] Possible /pseudo 'HTH-type transcriptional regulator DmlR' at Escherichia_coliUPEC position 3749013
[15:31:17] Possible /pseudo 'Colicin-E7 immunity protein' at Escherichia_coliUPEC position 3955188
[15:31:17] Possible /pseudo 'Colicin-E7 immunity protein' at Escherichia_coliUPEC position 3955887
[15:31:17] Possible /pseudo 'Colicin-E7 immunity protein' at Escherichia_coliUPEC position 3956585
[15:31:17] Possible /pseudo 'Type-1 fimbrial protein, A chain precursor' at Escherichia_coliUPEC position 4179988
[15:31:17] Possible /pseudo 'Transposase' at Escherichia_coliUPEC position 4270077
[15:31:17] Possible /pseudo 'Formate dehydrogenase H' at Escherichia_coliUPEC position 4493930
[15:31:17] Possible /pseudo 'Formate dehydrogenase-O major subunit precursor' at Escherichia_coliUPEC position 4733747
[15:31:17] Possible /pseudo 'Transposase IS66 family protein' at Escherichia_coliUPEC position 5032541
[15:31:17] Possible /pseudo 'N(6)-hydroxylysine O-acetyltransferase' at Escherichia_coliUPEC position 5053909
[15:31:17] Possible /pseudo 'N(6)-hydroxylysine O-acetyltransferase' at Escherichia_coliUPEC position 5054216
[15:31:17] Possible /pseudo 'Aerobactin synthase' at Escherichia_coliUPEC position 5054588
[15:31:17] Possible /pseudo 'Aerobactin synthase' at Escherichia_coliUPEC position 5055498
[15:31:17] Possible /pseudo 'Aerobactin synthase' at Escherichia_coliUPEC position 5055719
[15:31:17] Possible /pseudo 'Ferric aerobactin receptor precursor' at Escherichia_coliUPEC position 5058749
[15:31:17] Possible /pseudo 'Ferric aerobactin receptor precursor' at Escherichia_coliUPEC position 5059154
[15:31:17] Possible /pseudo 'Ferric aerobactin receptor precursor' at Escherichia_coliUPEC position 5059473
[15:31:17] Possible /pseudo 'Serine protease sat autotransporter precursor' at Escherichia_coliUPEC position 5061030
[15:31:17] Possible /pseudo 'Integrase core domain protein' at Escherichia_coliUPEC position 5067182
[15:31:17] Possible /pseudo 'N-acetylneuraminate epimerase precursor' at Escherichia_coliUPEC position 5081001
[15:31:17] Possible /pseudo 'N-acetylmannosamine kinase' at Escherichia_coliUPEC position 5085357
[15:31:17] Possible /pseudo 'Transposase IS66 family protein' at Escherichia_coliUPEC position 5089282
[15:31:17] Possible /pseudo 'Phage late control gene D protein (GPD)' at Escherichia_coliUPEC position 5126555
[15:31:17] Possible /pseudo 'Phage tail tube protein FII' at Escherichia_coliUPEC position 5128334
[15:31:17] Possible /pseudo 'Caudovirales tail fibre assembly protein' at Escherichia_coliUPEC position 5134806
[15:31:17] Possible /pseudo 'putative 9-O-acetyl-N-acetylneuraminic acid deacetylase precursor' at Escherichia_coliUPEC position 5142015
[15:31:17] Possible /pseudo 'Caudovirales tail fibre assembly protein' at Escherichia_coliUPEC position 5158762
[15:31:17] Found 2804 unique /gene codes.
[15:31:17] Fixed 4 duplicate /gene - cbeA_1 cbeA_2 cbeA_3 cbeA_4
[15:31:17] Fixed 4 duplicate /gene - manZ_1 manZ_2 manZ_3 manZ_4
[15:31:17] Fixed 4 duplicate /gene - corC_1 corC_2 corC_3 corC_4
[15:31:17] Fixed 2 duplicate /gene - flgB_1 flgB_2
[15:31:17] Fixed 6 duplicate /gene - allS_1 allS_2 allS_3 allS_4 allS_5 allS_6
[15:31:17] Fixed 2 duplicate /gene - htrB_1 htrB_2
[15:31:17] Fixed 2 duplicate /gene - lacA_1 lacA_2
[15:31:17] Fixed 2 duplicate /gene - sfaH_1 sfaH_2
[15:31:17] Fixed 2 duplicate /gene - mngR_1 mngR_2
[15:31:17] Fixed 2 duplicate /gene - fadB_1 fadB_2
[15:31:17] Fixed 4 duplicate /gene - klcA_1 klcA_2 klcA_3 klcA_4
[15:31:17] Fixed 2 duplicate /gene - codB_1 codB_2
[15:31:17] Fixed 2 duplicate /gene - ftsA_1 ftsA_2
[15:31:17] Fixed 2 duplicate /gene - yjjN_1 yjjN_2
[15:31:17] Fixed 2 duplicate /gene - tqsA_1 tqsA_2
[15:31:17] Fixed 2 duplicate /gene - dinB_1 dinB_2
[15:31:17] Fixed 2 duplicate /gene - pdxA2_1 pdxA2_2
[15:31:17] Fixed 2 duplicate /gene - fliF_1 fliF_2
[15:31:17] Fixed 2 duplicate /gene - cysA_1 cysA_2
[15:31:17] Fixed 2 duplicate /gene - ccmH_1 ccmH_2
[15:31:17] Fixed 2 duplicate /gene - etfA_1 etfA_2
[15:31:17] Fixed 2 duplicate /gene - gsiA_1 gsiA_2
[15:31:17] Fixed 2 duplicate /gene - mglA_1 mglA_2
[15:31:17] Fixed 3 duplicate /gene - nagC_1 nagC_2 nagC_3
[15:31:17] Fixed 2 duplicate /gene - gldA_1 gldA_2
[15:31:17] Fixed 2 duplicate /gene - yjcC_1 yjcC_2
[15:31:17] Fixed 3 duplicate /gene - yhdN_1 yhdN_2 yhdN_3
[15:31:17] Fixed 2 duplicate /gene - virF_1 virF_2
[15:31:17] Fixed 2 duplicate /gene - cca_1 cca_2
[15:31:17] Fixed 2 duplicate /gene - rhmR_1 rhmR_2
[15:31:17] Fixed 5 duplicate /gene - rbsK_1 rbsK_2 rbsK_3 rbsK_4 rbsK_5
[15:31:17] Fixed 2 duplicate /gene - sucC_1 sucC_2
[15:31:17] Fixed 2 duplicate /gene - dusC_1 dusC_2
[15:31:17] Fixed 2 duplicate /gene - sgrR_1 sgrR_2
[15:31:17] Fixed 2 duplicate /gene - recQ_1 recQ_2
[15:31:17] Fixed 3 duplicate /gene - cytR_1 cytR_2 cytR_3
[15:31:17] Fixed 2 duplicate /gene - deoB_1 deoB_2
[15:31:17] Fixed 2 duplicate /gene - kdsD_1 kdsD_2
[15:31:17] Fixed 2 duplicate /gene - htrE_1 htrE_2
[15:31:17] Fixed 2 duplicate /gene - trpA_1 trpA_2
[15:31:17] Fixed 3 duplicate /gene - xerD_1 xerD_2 xerD_3
[15:31:17] Fixed 2 duplicate /gene - minD_1 minD_2
[15:31:17] Fixed 3 duplicate /gene - fucA_1 fucA_2 fucA_3
[15:31:17] Fixed 2 duplicate /gene - cysE_1 cysE_2
[15:31:17] Fixed 2 duplicate /gene - nlhH_1 nlhH_2
[15:31:17] Fixed 2 duplicate /gene - btuB_1 btuB_2
[15:31:17] Fixed 2 duplicate /gene - ydhP_1 ydhP_2
[15:31:17] Fixed 2 duplicate /gene - yiaJ_1 yiaJ_2
[15:31:17] Fixed 2 duplicate /gene - loiP_1 loiP_2
[15:31:17] Fixed 5 duplicate /gene - kdgK_1 kdgK_2 kdgK_3 kdgK_4 kdgK_5
[15:31:17] Fixed 3 duplicate /gene - intS_1 intS_2 intS_3
[15:31:17] Fixed 2 duplicate /gene - flgE_1 flgE_2
[15:31:17] Fixed 2 duplicate /gene - yohK_1 yohK_2
[15:31:17] Fixed 2 duplicate /gene - clpB_1 clpB_2
[15:31:17] Fixed 2 duplicate /gene - adrB_1 adrB_2
[15:31:17] Fixed 2 duplicate /gene - betI_1 betI_2
[15:31:17] Fixed 5 duplicate /gene - bhsA_1 bhsA_2 bhsA_3 bhsA_4 bhsA_5
[15:31:17] Fixed 2 duplicate /gene - sorC_1 sorC_2
[15:31:17] Fixed 2 duplicate /gene - rrrD_1 rrrD_2
[15:31:17] Fixed 2 duplicate /gene - tktA_1 tktA_2
[15:31:17] Fixed 3 duplicate /gene - yiaM_1 yiaM_2 yiaM_3
[15:31:17] Fixed 2 duplicate /gene - flgH_1 flgH_2
[15:31:17] Fixed 2 duplicate /gene - flgC_1 flgC_2
[15:31:17] Fixed 4 duplicate /gene - pdhR_1 pdhR_2 pdhR_3 pdhR_4
[15:31:17] Fixed 3 duplicate /gene - xerC_1 xerC_2 xerC_3
[15:31:17] Fixed 2 duplicate /gene - sucA_1 sucA_2
[15:31:17] Fixed 2 duplicate /gene - zraS_1 zraS_2
[15:31:17] Fixed 4 duplicate /gene - sucD_1 sucD_2 sucD_3 sucD_4
[15:31:17] Fixed 2 duplicate /gene - ftnA_1 ftnA_2
[15:31:17] Fixed 3 duplicate /gene - rhaR_1 rhaR_2 rhaR_3
[15:31:17] Fixed 2 duplicate /gene - fliG_1 fliG_2
[15:31:17] Fixed 2 duplicate /gene - lptG_1 lptG_2
[15:31:17] Fixed 5 duplicate /gene - iucC_1 iucC_2 iucC_3 iucC_4 iucC_5
[15:31:17] Fixed 2 duplicate /gene - rhtC_1 rhtC_2
[15:31:17] Fixed 4 duplicate /gene - ptsI_1 ptsI_2 ptsI_3 ptsI_4
[15:31:17] Fixed 2 duplicate /gene - ulaA_1 ulaA_2
[15:31:17] Fixed 2 duplicate /gene - ydjE_1 ydjE_2
[15:31:17] Fixed 2 duplicate /gene - yiaD_1 yiaD_2
[15:31:17] Fixed 3 duplicate /gene - fdhF_1 fdhF_2 fdhF_3
[15:31:17] Fixed 3 duplicate /gene - atsA_1 atsA_2 atsA_3
[15:31:17] Fixed 2 duplicate /gene - nanC_1 nanC_2
[15:31:17] Fixed 2 duplicate /gene - flgK_1 flgK_2
[15:31:17] Fixed 3 duplicate /gene - lldR_1 lldR_2 lldR_3
[15:31:17] Fixed 2 duplicate /gene - rfaP_1 rfaP_2
[15:31:17] Fixed 3 duplicate /gene - exuT_1 exuT_2 exuT_3
[15:31:17] Fixed 2 duplicate /gene - ygdR_1 ygdR_2
[15:31:17] Fixed 2 duplicate /gene - trxA_1 trxA_2
[15:31:17] Fixed 2 duplicate /gene - ydhX_1 ydhX_2
[15:31:17] Fixed 4 duplicate /gene - ompX_1 ompX_2 ompX_3 ompX_4
[15:31:17] Fixed 2 duplicate /gene - recB_1 recB_2
[15:31:17] Fixed 4 duplicate /gene - oppF_1 oppF_2 oppF_3 oppF_4
[15:31:17] Fixed 3 duplicate /gene - hin_1 hin_2 hin_3
[15:31:17] Fixed 3 duplicate /gene - nagB_1 nagB_2 nagB_3
[15:31:17] Fixed 2 duplicate /gene - aroG_1 aroG_2
[15:31:17] Fixed 2 duplicate /gene - kduD_1 kduD_2
[15:31:17] Fixed 2 duplicate /gene - manY_1 manY_2
[15:31:17] Fixed 2 duplicate /gene - yicJ_1 yicJ_2
[15:31:17] Fixed 4 duplicate /gene - siaT_1 siaT_2 siaT_3 siaT_4
[15:31:17] Fixed 3 duplicate /gene - mntB_1 mntB_2 mntB_3
[15:31:17] Fixed 2 duplicate /gene - bcr_1 bcr_2
[15:31:17] Fixed 2 duplicate /gene - nadR_1 nadR_2
[15:31:17] Fixed 2 duplicate /gene - coaA_1 coaA_2
[15:31:17] Fixed 2 duplicate /gene - pspB_1 pspB_2
[15:31:17] Fixed 4 duplicate /gene - gltD_1 gltD_2 gltD_3 gltD_4
[15:31:17] Fixed 2 duplicate /gene - kefC_1 kefC_2
[15:31:17] Fixed 3 duplicate /gene - rbsB_1 rbsB_2 rbsB_3
[15:31:17] Fixed 4 duplicate /gene - yusV_1 yusV_2 yusV_3 yusV_4
[15:31:17] Fixed 2 duplicate /gene - arsC_1 arsC_2
[15:31:17] Fixed 2 duplicate /gene - iucA_1 iucA_2
[15:31:17] Fixed 2 duplicate /gene - ulaE_1 ulaE_2
[15:31:17] Fixed 3 duplicate /gene - garR_1 garR_2 garR_3
[15:31:17] Fixed 2 duplicate /gene - ddpD_1 ddpD_2
[15:31:17] Fixed 2 duplicate /gene - ydjZ_1 ydjZ_2
[15:31:17] Fixed 2 duplicate /gene - betT_1 betT_2
[15:31:17] Fixed 2 duplicate /gene - potF_1 potF_2
[15:31:17] Fixed 3 duplicate /gene - ybbH_1 ybbH_2 ybbH_3
[15:31:17] Fixed 4 duplicate /gene - intA_1 intA_2 intA_3 intA_4
[15:31:17] Fixed 3 duplicate /gene - fruA_1 fruA_2 fruA_3
[15:31:17] Fixed 2 duplicate /gene - ecfA1_1 ecfA1_2
[15:31:17] Fixed 2 duplicate /gene - iraM_1 iraM_2
[15:31:17] Fixed 2 duplicate /gene - xylA_1 xylA_2
[15:31:17] Fixed 2 duplicate /gene - ndhF_1 ndhF_2
[15:31:17] Fixed 2 duplicate /gene - mepS_1 mepS_2
[15:31:17] Fixed 2 duplicate /gene - emrB_1 emrB_2
[15:31:17] Fixed 2 duplicate /gene - hrpB_1 hrpB_2
[15:31:17] Fixed 2 duplicate /gene - caiA_1 caiA_2
[15:31:17] Fixed 2 duplicate /gene - dnaK_1 dnaK_2
[15:31:17] Fixed 2 duplicate /gene - lpp_1 lpp_2
[15:31:17] Fixed 2 duplicate /gene - serA_1 serA_2
[15:31:17] Fixed 2 duplicate /gene - narX_1 narX_2
[15:31:17] Fixed 2 duplicate /gene - thlA_1 thlA_2
[15:31:17] Fixed 4 duplicate /gene - fimD_1 fimD_2 fimD_3 fimD_4
[15:31:17] Fixed 2 duplicate /gene - yvgN_1 yvgN_2
[15:31:17] Fixed 3 duplicate /gene - etfB_1 etfB_2 etfB_3
[15:31:17] Fixed 3 duplicate /gene - ydiF_1 ydiF_2 ydiF_3
[15:31:17] Fixed 2 duplicate /gene - hybD_1 hybD_2
[15:31:17] Fixed 2 duplicate /gene - epsE_1 epsE_2
[15:31:17] Fixed 2 duplicate /gene - narL_1 narL_2
[15:31:17] Fixed 2 duplicate /gene - flgI_1 flgI_2
[15:31:17] Fixed 2 duplicate /gene - agaC_1 agaC_2
[15:31:17] Fixed 3 duplicate /gene - oxyR_1 oxyR_2 oxyR_3
[15:31:17] Fixed 2 duplicate /gene - fhuD_1 fhuD_2
[15:31:17] Fixed 4 duplicate /gene - glpR_1 glpR_2 glpR_3 glpR_4
[15:31:17] Fixed 2 duplicate /gene - fliS_1 fliS_2
[15:31:17] Fixed 2 duplicate /gene - iscA_1 iscA_2
[15:31:17] Fixed 3 duplicate /gene - proP_1 proP_2 proP_3
[15:31:17] Fixed 2 duplicate /gene - ynfM_1 ynfM_2
[15:31:17] Fixed 2 duplicate /gene - higA-2_1 higA-2_2
[15:31:17] Fixed 2 duplicate /gene - rfaG_1 rfaG_2
[15:31:17] Fixed 2 duplicate /gene - rhaS_1 rhaS_2
[15:31:17] Fixed 2 duplicate /gene - fliP_1 fliP_2
[15:31:17] Fixed 2 duplicate /gene - dgoA_1 dgoA_2
[15:31:17] Fixed 2 duplicate /gene - argE_1 argE_2
[15:31:17] Fixed 2 duplicate /gene - flgJ_1 flgJ_2
[15:31:17] Fixed 2 duplicate /gene - rpe_1 rpe_2
[15:31:17] Fixed 3 duplicate /gene - kbaY_1 kbaY_2 kbaY_3
[15:31:17] Fixed 2 duplicate /gene - prfA_1 prfA_2
[15:31:17] Fixed 2 duplicate /gene - patB_1 patB_2
[15:31:17] Fixed 2 duplicate /gene - garD_1 garD_2
[15:31:17] Fixed 2 duplicate /gene - flgG_1 flgG_2
[15:31:17] Fixed 2 duplicate /gene - dmsC_1 dmsC_2
[15:31:17] Fixed 2 duplicate /gene - mdtP_1 mdtP_2
[15:31:17] Fixed 2 duplicate /gene - flhA_1 flhA_2
[15:31:17] Fixed 2 duplicate /gene - hmuU_1 hmuU_2
[15:31:17] Fixed 2 duplicate /gene - yhjE_1 yhjE_2
[15:31:17] Fixed 2 duplicate /gene - pitA_1 pitA_2
[15:31:17] Fixed 2 duplicate /gene - fabH_1 fabH_2
[15:31:17] Fixed 2 duplicate /gene - ybhI_1 ybhI_2
[15:31:17] Fixed 2 duplicate /gene - trpC_1 trpC_2
[15:31:17] Fixed 2 duplicate /gene - aspT_1 aspT_2
[15:31:17] Fixed 4 duplicate /gene - gatC_1 gatC_2 gatC_3 gatC_4
[15:31:17] Fixed 2 duplicate /gene - fdoG_1 fdoG_2
[15:31:17] Fixed 2 duplicate /gene - nanA_1 nanA_2
[15:31:17] Fixed 2 duplicate /gene - trpB_1 trpB_2
[15:31:17] Fixed 2 duplicate /gene - tusA_1 tusA_2
[15:31:17] Fixed 2 duplicate /gene - fliQ_1 fliQ_2
[15:31:17] Fixed 2 duplicate /gene - pqiB_1 pqiB_2
[15:31:17] Fixed 2 duplicate /gene - lolD_1 lolD_2
[15:31:17] Fixed 3 duplicate /gene - gatB_1 gatB_2 gatB_3
[15:31:17] Fixed 2 duplicate /gene - yfkN_1 yfkN_2
[15:31:17] Fixed 2 duplicate /gene - dnaB_1 dnaB_2
[15:31:17] Fixed 3 duplicate /gene - flu_1 flu_2 flu_3
[15:31:17] Fixed 2 duplicate /gene - glmU_1 glmU_2
[15:31:17] Fixed 2 duplicate /gene - bioF_1 bioF_2
[15:31:17] Fixed 2 duplicate /gene - acrB_1 acrB_2
[15:31:17] Fixed 2 duplicate /gene - icd_1 icd_2
[15:31:17] Fixed 2 duplicate /gene - yiaO_1 yiaO_2
[15:31:17] Fixed 2 duplicate /gene - degS_1 degS_2
[15:31:17] Fixed 3 duplicate /gene - por_1 por_2 por_3
[15:31:17] Fixed 2 duplicate /gene - tehB_1 tehB_2
[15:31:17] Fixed 2 duplicate /gene - xdhA_1 xdhA_2
[15:31:17] Fixed 3 duplicate /gene - kdgR_1 kdgR_2 kdgR_3
[15:31:17] Fixed 2 duplicate /gene - papA_1 papA_2
[15:31:17] Fixed 3 duplicate /gene - fbaA_1 fbaA_2 fbaA_3
[15:31:17] Fixed 2 duplicate /gene - uidB_1 uidB_2
[15:31:17] Fixed 2 duplicate /gene - flgL_1 flgL_2
[15:31:17] Fixed 3 duplicate /gene - sppA_1 sppA_2 sppA_3
[15:31:17] Fixed 2 duplicate /gene - dppA_1 dppA_2
[15:31:17] Fixed 3 duplicate /gene - gltR_1 gltR_2 gltR_3
[15:31:17] Fixed 2 duplicate /gene - gadX_1 gadX_2
[15:31:17] Fixed 2 duplicate /gene - yagE_1 yagE_2
[15:31:17] Fixed 2 duplicate /gene - ywlC_1 ywlC_2
[15:31:17] Fixed 3 duplicate /gene - ptsG_1 ptsG_2 ptsG_3
[15:31:17] Fixed 2 duplicate /gene - pnuC_1 pnuC_2
[15:31:17] Fixed 2 duplicate /gene - hflK_1 hflK_2
[15:31:17] Fixed 4 duplicate /gene - iucB_1 iucB_2 iucB_3 iucB_4
[15:31:17] Fixed 4 duplicate /gene - tabA_1 tabA_2 tabA_3 tabA_4
[15:31:17] Fixed 4 duplicate /gene - arcC1_1 arcC1_2 arcC1_3 arcC1_4
[15:31:17] Fixed 3 duplicate /gene - ygcS_1 ygcS_2 ygcS_3
[15:31:17] Fixed 2 duplicate /gene - fdnH_1 fdnH_2
[15:31:17] Fixed 2 duplicate /gene - leuO_1 leuO_2
[15:31:17] Fixed 2 duplicate /gene - mprA_1 mprA_2
[15:31:17] Fixed 2 duplicate /gene - ccmF_1 ccmF_2
[15:31:17] Fixed 2 duplicate /gene - lutA_1 lutA_2
[15:31:17] Fixed 2 duplicate /gene - psuK_1 psuK_2
[15:31:17] Fixed 2 duplicate /gene - yheS_1 yheS_2
[15:31:17] Fixed 2 duplicate /gene - ilvD_1 ilvD_2
[15:31:17] Fixed 2 duplicate /gene - yccM_1 yccM_2
[15:31:17] Fixed 2 duplicate /gene - ybeZ_1 ybeZ_2
[15:31:17] Fixed 3 duplicate /gene - mtlR_1 mtlR_2 mtlR_3
[15:31:17] Fixed 2 duplicate /gene - msbA_1 msbA_2
[15:31:17] Fixed 2 duplicate /gene - rutB_1 rutB_2
[15:31:17] Fixed 2 duplicate /gene - fliD_1 fliD_2
[15:31:17] Fixed 3 duplicate /gene - dnaJ_1 dnaJ_2 dnaJ_3
[15:31:17] Fixed 3 duplicate /gene - ydcV_1 ydcV_2 ydcV_3
[15:31:17] Fixed 3 duplicate /gene - emrK_1 emrK_2 emrK_3
[15:31:17] Fixed 2 duplicate /gene - slp_1 slp_2
[15:31:17] Fixed 2 duplicate /gene - fryB_1 fryB_2
[15:31:17] Fixed 2 duplicate /gene - glnM_1 glnM_2
[15:31:17] Fixed 2 duplicate /gene - nagA_1 nagA_2
[15:31:17] Fixed 6 duplicate /gene - srlR_1 srlR_2 srlR_3 srlR_4 srlR_5 srlR_6
[15:31:17] Fixed 2 duplicate /gene - ompF_1 ompF_2
[15:31:17] Fixed 3 duplicate /gene - hemN_1 hemN_2 hemN_3
[15:31:17] Fixed 4 duplicate /gene - fimA_1 fimA_2 fimA_3 fimA_4
[15:31:17] Fixed 2 duplicate /gene - sucB_1 sucB_2
[15:31:17] Fixed 3 duplicate /gene - manP_1 manP_2 manP_3
[15:31:17] Fixed 2 duplicate /gene - chuR_1 chuR_2
[15:31:17] Fixed 2 duplicate /gene - rluB_1 rluB_2
[15:31:17] Fixed 2 duplicate /gene - aaeB_1 aaeB_2
[15:31:17] Fixed 2 duplicate /gene - xylB_1 xylB_2
[15:31:17] Fixed 5 duplicate /gene - iutA_1 iutA_2 iutA_3 iutA_4 iutA_5
[15:31:17] Fixed 2 duplicate /gene - flgF_1 flgF_2
[15:31:17] Fixed 2 duplicate /gene - malP_1 malP_2
[15:31:17] Fixed 2 duplicate /gene - malX_1 malX_2
[15:31:17] Fixed 3 duplicate /gene - dapA_1 dapA_2 dapA_3
[15:31:17] Fixed 5 duplicate /gene - rbsA_1 rbsA_2 rbsA_3 rbsA_4 rbsA_5
[15:31:17] Fixed 2 duplicate /gene - gcvA_1 gcvA_2
[15:31:17] Fixed 2 duplicate /gene - dmsB_1 dmsB_2
[15:31:17] Fixed 2 duplicate /gene - ulaC_1 ulaC_2
[15:31:17] Fixed 2 duplicate /gene - ynfF_1 ynfF_2
[15:31:17] Fixed 2 duplicate /gene - yjaB_1 yjaB_2
[15:31:17] Fixed 2 duplicate /gene - dinG_1 dinG_2
[15:31:17] Fixed 2 duplicate /gene - recF_1 recF_2
[15:31:17] Fixed 2 duplicate /gene - ssuC_1 ssuC_2
[15:31:17] Fixed 2 duplicate /gene - yedQ_1 yedQ_2
[15:31:17] Fixed 2 duplicate /gene - mtlA_1 mtlA_2
[15:31:17] Fixed 3 duplicate /gene - deoR_1 deoR_2 deoR_3
[15:31:17] Fixed 3 duplicate /gene - potA_1 potA_2 potA_3
[15:31:17] Fixed 2 duplicate /gene - bioD1_1 bioD1_2
[15:31:17] Fixed 2 duplicate /gene - frc_1 frc_2
[15:31:17] Fixed 4 duplicate /gene - imm_1 imm_2 imm_3 imm_4
[15:31:17] Fixed 6 duplicate /gene - nanS_1 nanS_2 nanS_3 nanS_4 nanS_5 nanS_6
[15:31:17] Fixed 3 duplicate /gene - cysJ_1 cysJ_2 cysJ_3
[15:31:17] Fixed 2 duplicate /gene - aroP_1 aroP_2
[15:31:17] Fixed 2 duplicate /gene - nadC_1 nadC_2
[15:31:17] Fixed 2 duplicate /gene - uidC_1 uidC_2
[15:31:17] Fixed 2 duplicate /gene - cmpR_1 cmpR_2
[15:31:17] Fixed 3 duplicate /gene - nanK_1 nanK_2 nanK_3
[15:31:17] Fixed 7 duplicate /gene - dmlR_1 dmlR_2 dmlR_3 dmlR_4 dmlR_5 dmlR_6 dmlR_7
[15:31:17] Fixed 2 duplicate /gene - garP_1 garP_2
[15:31:17] Fixed 2 duplicate /gene - fliI_1 fliI_2
[15:31:17] Fixed 5 duplicate /gene - fabG_1 fabG_2 fabG_3 fabG_4 fabG_5
[15:31:17] Fixed 2 duplicate /gene - flgD_1 flgD_2
[15:31:17] Fixed 2 duplicate /gene - crfC_1 crfC_2
[15:31:17] Fixed 2 duplicate /gene - epsF_1 epsF_2
[15:31:17] Fixed 2 duplicate /gene - treA_1 treA_2
[15:31:17] Fixed 2 duplicate /gene - topA_1 topA_2
[15:31:17] Fixed 2 duplicate /gene - rlmB_1 rlmB_2
[15:31:17] Fixed 3 duplicate /gene - glnQ_1 glnQ_2 glnQ_3
[15:31:17] Fixed 2 duplicate /gene - ogt_1 ogt_2
[15:31:17] Fixed 2 duplicate /gene - zraR_1 zraR_2
[15:31:17] Fixed 2 duplicate /gene - ybhL_1 ybhL_2
[15:31:17] Fixed 4 duplicate /gene - lutR_1 lutR_2 lutR_3 lutR_4
[15:31:17] Fixed 2 duplicate /gene - exbD_1 exbD_2
[15:31:17] Fixed 2 duplicate /gene - higA_1 higA_2
[15:31:17] Fixed 2 duplicate /gene - hsdR_1 hsdR_2
[15:31:17] Fixed 3 duplicate /gene - bssD_1 bssD_2 bssD_3
[15:31:17] Fixed 2 duplicate /gene - papD_1 papD_2
[15:31:17] Fixed 2 duplicate /gene - hflC_1 hflC_2
[15:31:17] Fixed 2 duplicate /gene - hypC_1 hypC_2
[15:31:17] Fixed 2 duplicate /gene - mak_1 mak_2
[15:31:17] Fixed 4 duplicate /gene - ldrD_1 ldrD_2 ldrD_3 ldrD_4
[15:31:17] Fixed 4 duplicate /gene - gutB_1 gutB_2 gutB_3 gutB_4
[15:31:17] Fixed 2 duplicate /gene - flhB_1 flhB_2
[15:31:17] Fixed 2 duplicate /gene - acrA_1 acrA_2
[15:31:17] Fixed 2 duplicate /gene - cls_1 cls_2
[15:31:17] Fixed 2 duplicate /gene - oppD_1 oppD_2
[15:31:17] Fixed 4 duplicate /gene - sat_1 sat_2 sat_3 sat_4
[15:31:17] Fixed 2 duplicate /gene - appA_1 appA_2
[15:31:17] Fixed 2 duplicate /gene - cra_1 cra_2
[15:31:17] Fixed 2 duplicate /gene - ybhF_1 ybhF_2
[15:31:17] Fixed 2 duplicate /gene - iucD_1 iucD_2
[15:31:17] Fixed 2 duplicate /gene - lexA_1 lexA_2
[15:31:17] Fixed 2 duplicate /gene - uxaA_1 uxaA_2
[15:31:17] Fixed 2 duplicate /gene - kgtP_1 kgtP_2
[15:31:17] Fixed 2 duplicate /gene - mntH_1 mntH_2
[15:31:17] Fixed 3 duplicate /gene - gltC_1 gltC_2 gltC_3
[15:31:17] Fixed 2 duplicate /gene - fecA_1 fecA_2
[15:31:17] Fixed 3 duplicate /gene - lon_1 lon_2 lon_3
[15:31:17] Fixed 3 duplicate /gene - yjmD_1 yjmD_2 yjmD_3
[15:31:17] Fixed 2 duplicate /gene - glpK_1 glpK_2
[15:31:17] Fixed 2 duplicate /gene - fucP_1 fucP_2
[15:31:17] Fixed 2 duplicate /gene - fimC_1 fimC_2
[15:31:17] Fixed 3 duplicate /gene - nanM_1 nanM_2 nanM_3
[15:31:17] Fixed 2 duplicate /gene - papC_1 papC_2
[15:31:17] Fixed 2 duplicate /gene - lptB_1 lptB_2
[15:31:17] Fixed 2 duplicate /gene - trpE_1 trpE_2
[15:31:17] Fixed 4 duplicate /gene - era_1 era_2 era_3 era_4
[15:31:17] Fixed 2 duplicate /gene - ecpD_1 ecpD_2
[15:31:17] Fixed 3 duplicate /gene - gspA_1 gspA_2 gspA_3
[15:31:17] Fixed 2 duplicate /gene - gatY_1 gatY_2
[15:31:17] Fixed 2 duplicate /gene - yhaO_1 yhaO_2
[15:31:17] Fixed 2 duplicate /gene - nlpD_1 nlpD_2
[15:31:17] Fixed 2 duplicate /gene - ugpC_1 ugpC_2
[15:31:17] Fixed 2 duplicate /gene - adhE_1 adhE_2
[15:31:17] Fixed 2 duplicate /gene - dppB_1 dppB_2
[15:31:17] Fixed 2 duplicate /gene - gpr_1 gpr_2
[15:31:17] Fixed 2 duplicate /gene - aaeA_1 aaeA_2
[15:31:17] Fixed 2 duplicate /gene - trpGD_1 trpGD_2
[15:31:17] Fixed 2 duplicate /gene - fhuA_1 fhuA_2
[15:31:17] Fixed 2 duplicate /gene - axeA1_1 axeA1_2
[15:31:17] Fixed 2 duplicate /gene - rob_1 rob_2
[15:31:17] Fixed 2 duplicate /gene - lrp_1 lrp_2
[15:31:17] Fixed 2 duplicate /gene - exbB_1 exbB_2
[15:31:17] Fixed 3 duplicate /gene - hydN_1 hydN_2 hydN_3
[15:31:17] Fixed 2 duplicate /gene - glcR_1 glcR_2
[15:31:17] Fixed 2 duplicate /gene - gspK_1 gspK_2
[15:31:17] Fixed 2 duplicate /gene - yqjA_1 yqjA_2
[15:31:17] Fixed 5 duplicate /gene - rbsC_1 rbsC_2 rbsC_3 rbsC_4 rbsC_5
[15:31:17] Fixed 2 duplicate /gene - sfaG_1 sfaG_2
[15:31:17] Fixed 2 duplicate /gene - hcaR_1 hcaR_2
[15:31:17] Fixed 2 duplicate /gene - yjcD_1 yjcD_2
[15:31:17] Fixed 2 duplicate /gene - fliN_1 fliN_2
[15:31:17] Fixed 2 duplicate /gene - pbpG_1 pbpG_2
[15:31:17] Fixed 2 duplicate /gene - ydeH_1 ydeH_2
[15:31:17] Fixed 2 duplicate /gene - dxs_1 dxs_2
[15:31:17] Fixed 2 duplicate /gene - ripA_1 ripA_2
[15:31:17] Fixed 2 duplicate /gene - cysW_1 cysW_2
[15:31:17] Fixed 3 duplicate /gene - hcpA_1 hcpA_2 hcpA_3
[15:31:17] Fixed 3 duplicate /gene - yicI_1 yicI_2 yicI_3
[15:31:17] Fixed 2 duplicate /gene - ycgE_1 ycgE_2
[15:31:17] Fixed 2 duplicate /gene - sfaS_1 sfaS_2
[15:31:17] Fixed 3 duplicate /gene - rusA_1 rusA_2 rusA_3
[15:31:17] Fixed 2 duplicate /gene - osmY_1 osmY_2
[15:31:17] Fixed 2 duplicate /gene - dnaC_1 dnaC_2
[15:31:17] Fixed 2 duplicate /gene - nanT_1 nanT_2
[15:31:17] Fixed 2 duplicate /gene - proS_1 proS_2
[15:31:17] Fixed 2 duplicate /gene - lptF_1 lptF_2
[15:31:17] Fixed 2 duplicate /gene - yahA_1 yahA_2
[15:31:17] Fixed 2 duplicate /gene - fdnG_1 fdnG_2
[15:31:17] Fixed 2 duplicate /gene - artM_1 artM_2
[15:31:17] Fixed 4 duplicate /gene - cbtA_1 cbtA_2 cbtA_3 cbtA_4
[15:31:17] Fixed 3 duplicate /gene - yhbU_1 yhbU_2 yhbU_3
[15:31:17] Fixed 2 duplicate /gene - recE_1 recE_2
[15:31:17] Fixed 2 duplicate /gene - macA_1 macA_2
[15:31:17] Fixed 2 duplicate /gene - clcD_1 clcD_2
[15:31:17] Fixed 5 duplicate /gene - manX_1 manX_2 manX_3 manX_4 manX_5
[15:31:17] Fixed 2 duplicate /gene - mdh_1 mdh_2
[15:31:17] Fixed 2 duplicate /gene - yccS_1 yccS_2
[15:31:17] Fixed 3 duplicate /gene - cirA_1 cirA_2 cirA_3
[15:31:17] Fixed 370 colliding /gene names.
[15:31:17] Adding /locus_tag identifiers
[15:31:17] Assigned 4948 locus_tags to CDS and RNA features.
[15:31:17] Writing outputs to /home/fatemeh/Desktop/prokka/NCTC13441/
[15:31:32] Generating annotation statistics file
[15:31:32] Generating Genbank and Sequin files
[15:31:32] Running: tbl2asn -V b -a r10k -l paired-ends -M n -N 1 -y 'Annotated using prokka 1.11 from http://www.vicbioinformatics.com' -Z \/home\/fatemeh\/Desktop\/prokka\/NCTC13441\/NCTC13441_03082017\.err -i \/home\/fatemeh\/Desktop\/prokka\/NCTC13441\/NCTC13441_03082017\.fsa 2> /dev/null
[15:31:55] Could not run command: tbl2asn -V b -a r10k -l paired-ends -M n -N 1 -y 'Annotated using prokka 1.11 from http://www.vicbioinformatics.com' -Z \/home\/fatemeh\/Desktop\/prokka\/NCTC13441\/NCTC13441_03082017\.err -i \/home\/fatemeh\/Desktop\/prokka\/NCTC13441\/NCTC13441_03082017\.fsa 2> /dev/null
