[17:30:21] Command: --outdir results/prokka/SL1344 --locustag SL1344 --genus Salmonella --species enterica --kingdom Bacteria --gram neg /home/fatemeh/EnTrI/data/fasta-genome/chromosome/SL1344.fa
[17:30:21] Looking for 'aragorn' - found /usr/bin/aragorn
[17:30:21] Determined aragorn version is 1.2
[17:30:21] Looking for 'blastp' - found /usr/bin/blastp
[17:30:21] Determined blastp version is 2.2
[17:30:21] Looking for 'cmpress' - found /usr/local/bin/cmpress
[17:30:21] Determined cmpress version is 1.1
[17:30:21] Looking for 'cmscan' - found /usr/local/bin/cmscan
[17:30:21] Determined cmscan version is 1.1
[17:30:21] Looking for 'egrep' - found /bin/egrep
[17:30:21] Looking for 'find' - found /usr/bin/find
[17:30:21] Looking for 'grep' - found /bin/grep
[17:30:21] Looking for 'hmmpress' - found /usr/local/bin/hmmpress
[17:30:21] Determined hmmpress version is 3.1
[17:30:21] Looking for 'hmmscan' - found /usr/local/bin/hmmscan
[17:30:21] Determined hmmscan version is 3.1
[17:30:21] Looking for 'less' - found /usr/bin/less
[17:30:21] Looking for 'makeblastdb' - found /usr/bin/makeblastdb
[17:30:21] Determined makeblastdb version is 2.2
[17:30:21] Looking for 'minced' - found /home/fatemeh/program-bank/prokka-1.11/bin/../binaries/linux/../common/minced
[17:30:21] Determined minced version is 1.6
[17:30:21] Looking for 'parallel' - found /usr/bin/parallel
[17:30:22] Determined parallel version is 20130922
[17:30:22] Looking for 'prodigal' - found /usr/bin/prodigal
[17:30:22] Determined prodigal version is 2.6
[17:30:22] Looking for 'prokka-genbank_to_fasta_db' - found /home/fatemeh/program-bank/prokka-1.11/bin/prokka-genbank_to_fasta_db
[17:30:22] Looking for 'sed' - found /bin/sed
[17:30:22] Looking for 'signalp' - found /home/fatemeh/program-bank/signalp
[17:30:23] Determined signalp version is 4.1
[17:30:23] Looking for 'tbl2asn' - found /home/fatemeh/program-bank/tbl2asn
[17:30:23] Determined tbl2asn version is 23.9
[17:30:23] Using genetic code table 11.
[17:30:23] Loading and checking input file: /home/fatemeh/EnTrI/data/fasta-genome/chromosome/SL1344.fa
[17:30:23] Wrote 1 contigs
[17:30:23] Predicting tRNAs and tmRNAs
[17:30:23] Running: aragorn -gc11  -w results\/prokka\/SL1344\/SL1344_03142017\.fna
[17:30:29] 1 tRNA-Ile [290781,290857] 35 (gat)
[17:30:29] 2 tRNA-Ala [290967,291042] 34 (tgc)
[17:30:29] 3 tRNA-Asp [294819,294895] 35 (gtc)
[17:30:29] 4 tRNA-Asp [304258,304334] 35 (gtc)
[17:30:29] 5 tRNA-Thr [368274,368349] 34 (cgt)
[17:30:29] 6 tRNA-Arg [613046,613122] 35 (tct)
[17:30:29] 7 tRNA-Gln c[737419,737493] 33 (ctg)
[17:30:29] 8 tRNA-Gln c[737537,737611] 33 (ctg)
[17:30:29] 9 tRNA-Met c[737658,737734] 35 (cat)
[17:30:29] 10 tRNA-Gln c[737750,737824] 33 (ttg)
[17:30:29] 11 tRNA-Gln c[737860,737934] 33 (ttg)
[17:30:29] 12 tRNA-Leu c[737958,738042] 35 (tag)
[17:30:29] 13 tRNA-Met c[738051,738127] 35 (cat)
[17:30:29] 14 tRNA-Lys [818189,818264] 34 (ttt)
[17:30:29] 15 tRNA-Val [818396,818471] 34 (tac)
[17:30:29] 16 tRNA-Lys [818475,818550] 34 (ttt)
[17:30:29] 17 tRNA-Lys [818600,818675] 34 (ttt)
[17:30:29] 18 tRNA-Lys [818810,818885] 34 (ttt)
[17:30:29] 19 tRNA-Ser c[983980,984067] 35 (gga)
[17:30:29] 20 tRNA-Ser [1131644,1131731] 35 (tga)
[17:30:29] 21 tRNA-Ser c[1180881,1180968] 35 (gga)
[17:30:29] 22 tRNA-Arg [1290067,1290143] 35 (cct)
[17:30:29] 23 tRNA-Arg [1302505,1302581] 35 (tct)
[17:30:29] 24 tRNA-Val c[1458499,1458575] 35 (gac)
[17:30:29] 25 tRNA-Val c[1458586,1458662] 35 (gac)
[17:30:29] 26 tRNA-Tyr [1809422,1809506] 35 (gta)
[17:30:29] 27 tRNA-Tyr [1809711,1809795] 35 (gta)
[17:30:29] 28 tRNA-Leu c[1992930,1993016] 35 (taa)
[17:30:29] 29 tRNA-Cys c[1993028,1993101] 33 (gca)
[17:30:29] 30 tRNA-Gly c[1993154,1993229] 34 (gcc)
[17:30:29] 31 tRNA-Ser c[2079888,2079977] 35 (cga)
[17:30:29] 32 tRNA-Asn [2080964,2081039] 34 (gtt)
[17:30:29] 33 tRNA-Asn [2081934,2082009] 34 (gtt)
[17:30:29] 34 tRNA-Asn c[2091876,2091951] 34 (gtt)
[17:30:29] 35 tRNA-Asn [2093709,2093784] 34 (gtt)
[17:30:29] 36 tRNA-Pro [2328470,2328546] 35 (ggg)
[17:30:29] 37 tRNA-Arg [2503540,2503614] 34 (cct)
[17:30:29] 38 tRNA-Ala c[2526654,2526729] 34 (ggc)
[17:30:29] 39 tRNA-Ala c[2526772,2526847] 34 (ggc)
[17:30:29] 40 tRNA-Val [2529553,2529628] 34 (tac)
[17:30:29] 41 tRNA-Val [2529674,2529749] 34 (tac)
[17:30:29] 42 tRNA-Val [2529791,2529866] 34 (tac)
[17:30:29] 43 tRNA-Lys [2529871,2529946] 34 (ttt)
[17:30:29] 44 tRNA-Arg c[2759335,2759411] 35 (tct)
[17:30:29] 45 tRNA-Glu c[2800371,2800446] 35 (ttc)
[17:30:29] 46 tmRNA [2855136,2855498] 91,126 ANDETYALAA**
[17:30:29] 47 tRNA-Arg c[2992503,2992579] 35 (acg)
[17:30:29] 48 tRNA-Arg c[2992773,2992849] 35 (acg)
[17:30:29] 49 tRNA-Arg c[2992912,2992988] 35 (acg)
[17:30:29] 50 tRNA-Arg c[2993051,2993127] 35 (acg)
[17:30:29] 51 tRNA-Ser c[2993131,2993223] 35 (gct)
[17:30:29] 52 tRNA-Met [3162526,3162602] 35 (cat)
[17:30:29] 53 tRNA-Met [3162632,3162708] 35 (cat)
[17:30:29] 54 tRNA-Gly c[3218142,3218215] 33 (ccc)
[17:30:29] 55 tRNA-Phe [3296849,3296924] 34 (gaa)
[17:30:29] 56 tRNA-Met [3399709,3399784] 34 (cat)
[17:30:29] 57 tRNA-Met c[3479208,3479284] 35 (cat)
[17:30:29] 58 tRNA-Leu c[3482457,3482543] 35 (gag)
[17:30:29] 59 tRNA-Thr c[3588202,3588277] 34 (ggt)
[17:30:29] 60 tRNA-Glu c[3591787,3591862] 35 (ttc)
[17:30:29] 61 tRNA-Pro c[3841734,3841810] 35 (cgg)
[17:30:29] 62 tRNA-seC [3969890,3969984] 35 (tca)
[17:30:29] 63 tRNA-Glu [4123066,4123141] 35 (ttc)
[17:30:29] 64 tRNA-Asp [4126828,4126904] 35 (gtc)
[17:30:29] 65 tRNA-Trp [4126913,4126988] 34 (cca)
[17:30:29] 66 tRNA-Arg [4162453,4162529] 35 (ccg)
[17:30:29] 67 tRNA-His [4162584,4162659] 34 (gtg)
[17:30:29] 68 tRNA-Ser [4162680,4162766] 35 (cag)
[17:30:29] 69 tRNA-Pro [4162809,4162885] 35 (tgg)
[17:30:29] 70 tRNA-Ile [4219215,4219291] 35 (gat)
[17:30:29] 71 tRNA-Ala [4219403,4219478] 34 (tgc)
[17:30:29] 72 tRNA-Ile [4374179,4374255] 35 (gat)
[17:30:29] 73 tRNA-Ala [4374367,4374442] 34 (tgc)
[17:30:29] 74 tRNA-Thr [4381377,4381452] 34 (tgt)
[17:30:29] 75 tRNA-Tyr [4381461,4381545] 35 (gta)
[17:30:29] 76 tRNA-Gly [4381662,4381736] 34 (tcc)
[17:30:29] 77 tRNA-Thr [4381743,4381818] 34 (ggt)
[17:30:29] 78 tRNA-Glu [4417635,4417710] 35 (ttc)
[17:30:29] 79 tRNA-Phe c[4587160,4587235] 34 (gaa)
[17:30:29] 80 tRNA-Gly [4617001,4617076] 34 (gcc)
[17:30:29] 81 tRNA-Gly [4617233,4617308] 34 (gcc)
[17:30:29] 82 tRNA-Gly [4617465,4617540] 34 (gcc)
[17:30:29] 83 tRNA-Leu [4751594,4751678] 35 (caa)
[17:30:29] 84 tRNA-Ser c[4831212,4831298] 35 (cag)
[17:30:29] 85 tRNA-Ser c[4831330,4831416] 35 (cag)
[17:30:29] 86 tRNA-Ser c[4831444,4831530] 35 (cag)
[17:30:29] 87 tRNA-Gly [4862913,4863006] 37 (tcc)
[17:30:29] Found 87 tRNAs
[17:30:29] Predicting Ribosomal RNAs
[17:30:29] You need either Barrnap or RNAmmer installed to predict rRNAs!
[17:30:29] Skipping ncRNA search, enable with --rfam if desired.
[17:30:29] Total of 86 tRNA + rRNA features
[17:30:29] Searching for CRISPR repeats
[17:30:31] CRISPR1 FQ312003 3099172 with 7 spacers
[17:30:31] CRISPR2 FQ312003 3099580 with 10 spacers
[17:30:31] CRISPR3 FQ312003 3116291 with 24 spacers
[17:30:31] Found 3 CRISPRs
[17:30:31] Predicting coding sequences
[17:30:31] Contigs total 4878012 bp, so using single mode
[17:30:31] Running: prodigal -i results\/prokka\/SL1344\/SL1344_03142017\.fna -c -m -g 11 -p single -f sco -q
[17:30:50] Excluding CDS which overlaps existing RNA (tRNA) at FQ312003:368226..368363 on - strand
[17:31:10] Excluding CDS which overlaps existing RNA (tRNA) at FQ312003:4862602..4863249 on + strand
[17:31:10] Found 4547 CDS
[17:31:10] Connecting features back to sequences
[17:31:10] Looking for signal peptides at start of predicted proteins
[17:31:10] Treating Bacteria as gram-
[17:31:26] Running: signalp -t gram- -f short  results\/prokka\/SL1344\/signalp\.faa 2> /dev/null
[17:43:47] Found 427 signal peptides
[17:43:47] Deleting unwanted file: results/prokka/SL1344/signalp.faa
[17:43:47] Not using genus-specific database. Try --usegenus to enable it.
[17:43:47] Annotating CDS, please be patient.
[17:43:47] Will use 4 CPUs for similarity searching.
[17:43:57] There are still 4547 unannotated CDS left (started with 4547)
[17:43:57] Will use blast to search against /home/fatemeh/program-bank/prokka-1.11/bin/../db/kingdom/Bacteria/sprot with 4 CPUs
[17:43:57] Running: cat results\/prokka\/SL1344\/sprot\.faa | parallel --gnu --plain -j 4 --block 180942 --recstart '>' --pipe blastp -query - -db /home/fatemeh/program-bank/prokka-1.11/bin/../db/kingdom/Bacteria/sprot -evalue 1e-06 -num_threads 1 -num_descriptions 1 -num_alignments 1 -seg no > results\/prokka\/SL1344\/sprot\.blast 2> /dev/null
[17:56:07] Modify product: Probable Ni/Fe-hydrogenase 1 B-type cytochrome subunit => putative Ni/Fe-hydrogenase 1 B-type cytochrome subunit
[17:56:07] Modify product: Probable S-adenosyl-L-methionine-dependent methyltransferase TehB => putative S-adenosyl-L-methionine-dependent methyltransferase TehB
[17:56:07] Modify product: Probable ATP-dependent helicase DinG => putative ATP-dependent helicase DinG
[17:56:07] Modify product: Probable manganese efflux pump MntP => putative manganese efflux pump MntP
[17:56:08] Modify product: Uncharacterized inner membrane transporter YedA => putative inner membrane transporter YedA
[17:56:08] Modify product: Uncharacterized HTH-type transcriptional regulator YbbH => putative HTH-type transcriptional regulator YbbH
[17:56:08] Modify product: Probable transcriptional regulatory protein YebC => putative transcriptional regulatory protein YebC
[17:56:08] Modify product: Probable diguanylate cyclase YedQ => putative diguanylate cyclase YedQ
[17:56:08] Modify product: Uncharacterized inner membrane transporter YedA => putative inner membrane transporter YedA
[17:56:08] Modify product: Uncharacterized HTH-type transcriptional regulator HI_1476 => putative HTH-type transcriptional regulator
[17:56:08] Modify product: Probable L,D-transpeptidase ErfK/SrfK precursor => putative L,D-transpeptidase ErfK/SrfK precursor
[17:56:08] Modify product: Probable cobalt-precorrin-6Y C(15)-methyltransferase [decarboxylating] => putative cobalt-precorrin-6Y C(15)-methyltransferase [decarboxylating]
[17:56:08] Modify product: Probable cobalt-precorrin-6Y C(5)-methyltransferase => putative cobalt-precorrin-6Y C(5)-methyltransferase
[17:56:08] Modify product: Carbon dioxide-concentrating mechanism protein CcmK homolog 1 => hypothetical protein
[17:56:08] Modify product: Carbon dioxide-concentrating mechanism protein CcmK homolog 2 => hypothetical protein
[17:56:08] Modify product: Probable propionate kinase => putative propionate kinase
[17:56:08] Modify product: Uncharacterized ferredoxin-like protein YdhX precursor => putative ferredoxin-like protein YdhX precursor
[17:56:09] Modify product: Uncharacterized sugar transferase EpsL => putative sugar transferase EpsL
[17:56:09] Modify product: Putative acetyltransferase SACOL2570 => Putative acetyltransferase
[17:56:09] Modify product: PGL/p-HBAD biosynthesis glycosyltransferase Rv2957/MT3031 => PGL/p-HBAD biosynthesis glycosyltransferase/MT3031
[17:56:09] Modify product: Probable diguanylate cyclase YegE => putative diguanylate cyclase YegE
[17:56:09] Modify product: Uncharacterized protease YhbU precursor => putative protease YhbU precursor
[17:56:09] Modify product: Probable lipid kinase YegS => putative lipid kinase YegS
[17:56:09] Modify product: Uncharacterized HTH-type transcriptional regulator YegW => putative HTH-type transcriptional regulator YegW
[17:56:09] Modify product: Uncharacterized lipoprotein YehR precursor => putative lipoprotein YehR precursor
[17:56:09] Modify product: Uncharacterized lipoprotein YehR precursor => putative lipoprotein YehR precursor
[17:56:10] Modify product: Uncharacterized HTH-type transcriptional regulator YdfH => putative HTH-type transcriptional regulator YdfH
[17:56:10] Modify product: Uncharacterized HTH-type transcriptional regulator RhmR => putative HTH-type transcriptional regulator RhmR
[17:56:10] Modify product: Probable 4-deoxy-4-formamido-L-arabinose-phosphoundecaprenol deformylase ArnD => putative 4-deoxy-4-formamido-L-arabinose-phosphoundecaprenol deformylase ArnD
[17:56:10] Modify product: Probable 4-amino-4-deoxy-L-arabinose-phosphoundecaprenol flippase subunit ArnE => putative 4-amino-4-deoxy-L-arabinose-phosphoundecaprenol flippase subunit ArnE
[17:56:10] Modify product: Probable 4-amino-4-deoxy-L-arabinose-phosphoundecaprenol flippase subunit ArnF => putative 4-amino-4-deoxy-L-arabinose-phosphoundecaprenol flippase subunit ArnF
[17:56:10] Modify product: Uncharacterized fimbrial-like protein ElfG precursor => putative fimbrial-like protein ElfG precursor
[17:56:10] Modify product: Bactoprenol glucosyl transferase homolog from prophage CPS-53 => hypothetical protein
[17:56:10] Modify product: Bactoprenol-linked glucose translocase homolog from prophage CPS-53 => hypothetical protein
[17:56:10] Modify product: Probable siderophore transport system ATP-binding protein YusV => putative siderophore transport system ATP-binding protein YusV
[17:56:10] Modify product: Uncharacterized HTH-type transcriptional regulator YbdO => putative HTH-type transcriptional regulator YbdO
[17:56:10] Modify product: Uncharacterized HTH-type transcriptional regulator YbdO => putative HTH-type transcriptional regulator YbdO
[17:56:10] Modify product: Probable glutamine ABC transporter permease protein GlnM => putative glutamine ABC transporter permease protein GlnM
[17:56:10] Modify product: Uncharacterized lipoprotein ChiQ precursor => putative lipoprotein ChiQ precursor
[17:56:10] Modify product: Probable siderophore transport system ATP-binding protein YusV => putative siderophore transport system ATP-binding protein YusV
[17:56:10] Modify product: Uncharacterized ABC transporter ATP-binding protein YlmA => putative ABC transporter ATP-binding protein YlmA
[17:56:11] Modify product: Uncharacterized ABC transporter ATP-binding protein YbhF => putative ABC transporter ATP-binding protein YbhF
[17:56:11] Modify product: Probable ATP-dependent helicase DinG => putative ATP-dependent helicase DinG
[17:56:11] Modify product: Probable L,D-transpeptidase YbiS precursor => putative L,D-transpeptidase YbiS precursor
[17:56:11] Modify product: Uncharacterized ABC transporter ATP-binding protein YheS => putative ABC transporter ATP-binding protein YheS
[17:56:11] Modify product: Uncharacterized lipoprotein YbjP precursor => putative lipoprotein YbjP precursor
[17:56:11] Modify product: Probable multidrug resistance ABC transporter ATP-binding/permease protein YheH => putative multidrug resistance ABC transporter ATP-binding/permease protein YheH
[17:56:11] Modify product: Uncharacterized MFS-type transporter YcaD => putative MFS-type transporter YcaD
[17:56:11] Modify product: Probable formate transporter 1 => putative formate transporter 1
[17:56:11] Modify product: Probable metallo-hydrolase M6_Spy0554 => putative metallo-hydrolase
[17:56:11] Modify product: Probable sensor-like histidine kinase YedV => putative sensor-like histidine kinase YedV
[17:56:11] Modify product: Probable transcriptional regulatory protein YedW => putative transcriptional regulatory protein YedW
[17:56:11] Modify product: Uncharacterized HTH-type transcriptional regulator YbbH => putative HTH-type transcriptional regulator YbbH
[17:56:11] Modify product: Probable phosphatase YcdX => putative phosphatase YcdX
[17:56:11] Modify product: Probable cardiolipin synthase YwiE => putative cardiolipin synthase YwiE
[17:56:11] Modify product: Cytochrome b561 homolog 2 => hypothetical protein
[17:56:11] Modify product: Uncharacterized lipoprotein YceB precursor => putative lipoprotein YceB precursor
[17:56:12] Modify product: Probable peptidoglycan biosynthesis protein MurJ => putative peptidoglycan biosynthesis protein MurJ
[17:56:12] Modify product: Uncharacterized deoxyribonuclease YcfH => putative deoxyribonuclease YcfH
[17:56:12] Modify product: Probable L,D-transpeptidase YcfS precursor => putative L,D-transpeptidase YcfS precursor
[17:56:12] Modify product: Cytochrome b561 homolog 1 => hypothetical protein
[17:56:12] Modify product: Probable two-component-system connector protein AriR => putative two-component-system connector protein AriR
[17:56:12] Modify product: Stress response UPF0229 protein YhbH => hypothetical protein
[17:56:12] Modify product: Uncharacterized oxidoreductase YtbE => putative oxidoreductase YtbE
[17:56:12] Modify product: Uncharacterized FAD-linked oxidoreductase Rv2280 => putative FAD-linked oxidoreductase
[17:56:12] Modify product: Probable ATP-dependent transporter SufC => putative ATP-dependent transporter SufC
[17:56:12] Modify product: Probable L,D-transpeptidase YnhG precursor => putative L,D-transpeptidase YnhG precursor
[17:56:12] Modify product: Probable ATP synthase YscN => putative ATP synthase YscN
[17:56:12] Modify product: Uncharacterized oxidoreductase YdgJ => putative oxidoreductase YdgJ
[17:56:12] Modify product: DNA replication terminus site-binding protein => hypothetical protein
[17:56:13] Modify product: Probable dimethyl sulfoxide reductase chain YnfF precursor => putative dimethyl sulfoxide reductase chain YnfF precursor
[17:56:13] Modify product: Uncharacterized zinc-type alcohol dehydrogenase-like protein YjmD => putative zinc-type alcohol dehydrogenase-like protein YjmD
[17:56:13] Modify product: Uncharacterized HTH-type transcriptional regulator YdfH => putative HTH-type transcriptional regulator YdfH
[17:56:13] Modify product: Probable amino-acid metabolite efflux pump => putative amino-acid metabolite efflux pump
[17:56:13] Modify product: Probable Ni/Fe-hydrogenase 1 B-type cytochrome subunit => putative Ni/Fe-hydrogenase 1 B-type cytochrome subunit
[17:56:13] Modify product: Uncharacterized zinc-type alcohol dehydrogenase-like protein YjmD => putative zinc-type alcohol dehydrogenase-like protein YjmD
[17:56:13] Modify product: Probable nitrate reductase molybdenum cofactor assembly chaperone NarW => putative nitrate reductase molybdenum cofactor assembly chaperone NarW
[17:56:13] Modify product: Uncharacterized isomerase YddE => putative isomerase YddE
[17:56:13] Modify product: Uncharacterized lipoprotein YgdR precursor => putative lipoprotein YgdR precursor
[17:56:13] Modify product: Uncharacterized HTH-type transcriptional regulator YdcR => putative HTH-type transcriptional regulator YdcR
[17:56:13] Modify product: Uncharacterized protease YhbU precursor => putative protease YhbU precursor
[17:56:13] Modify product: Probable DNA endonuclease SmrA => putative DNA endonuclease SmrA
[17:56:13] Modify product: Probable thiol peroxidase => putative thiol peroxidase
[17:56:13] Modify product: Uncharacterized lipoprotein YgdR precursor => putative lipoprotein YgdR precursor
[17:56:13] Modify product: Uncharacterized oxidoreductase YtbE => putative oxidoreductase YtbE
[17:56:13] Modify product: Probable D,D-dipeptide transport ATP-binding protein DdpD => putative D,D-dipeptide transport ATP-binding protein DdpD
[17:56:13] Modify product: Probable protease SohB => putative protease SohB
[17:56:13] Modify product: Uncharacterized oxidoreductase YciK => putative oxidoreductase YciK
[17:56:13] Modify product: Probable intracellular septation protein A => putative intracellular septation protein A
[17:56:13] Modify product: Uncharacterized acyl-CoA thioester hydrolase HI_0827 => putative acyl-CoA thioester hydrolase
[17:56:13] Modify product: Uncharacterized HTH-type transcriptional regulator YbdO => putative HTH-type transcriptional regulator YbdO
[17:56:13] Modify product: Probable outer membrane usher protein ElfC precursor => putative outer membrane usher protein ElfC precursor
[17:56:13] Modify product: Uncharacterized fimbrial-like protein ElfG precursor => putative fimbrial-like protein ElfG precursor
[17:56:13] Modify product: Uncharacterized fimbrial-like protein YcbU precursor => putative fimbrial-like protein YcbU precursor
[17:56:13] Modify product: Uncharacterized fimbrial-like protein YcbV precursor => putative fimbrial-like protein YcbV precursor
[17:56:13] Modify product: Uncharacterized fimbrial chaperone YcbF precursor => putative fimbrial chaperone YcbF precursor
[17:56:14] Modify product: Uncharacterized lipoprotein YgdR precursor => putative lipoprotein YgdR precursor
[17:56:14] Modify product: Uncharacterized fimbrial-like protein ElfG precursor => putative fimbrial-like protein ElfG precursor
[17:56:14] Modify product: Probable tRNA (adenine(37)-N6)-methyltransferase => putative tRNA (adenine(37)-N6)-methyltransferase
[17:56:14] Modify product: Uncharacterized methyltransferase YcgJ => putative methyltransferase YcgJ
[17:56:14] Modify product: Probable deoxyribonuclease RhsA => putative deoxyribonuclease RhsA
[17:56:14] Modify product: Probable diguanylate cyclase AdrA => putative diguanylate cyclase AdrA
[17:56:14] Modify product: Probable peroxiredoxin => putative peroxiredoxin
[17:56:15] Modify product: Uncharacterized lipoprotein YajI precursor => putative lipoprotein YajI precursor
[17:56:15] Modify product: Probable siderophore biosynthesis protein SbnA => putative siderophore biosynthesis protein SbnA
[17:56:15] Modify product: Probable multidrug resistance ABC transporter ATP-binding/permease protein YheI => putative multidrug resistance ABC transporter ATP-binding/permease protein YheI
[17:56:15] Modify product: Uncharacterized membrane protein YjcC => putative membrane protein YjcC
[17:56:15] Modify product: Uncharacterized ABC transporter ATP-binding protein YbbL => putative ABC transporter ATP-binding protein YbbL
[17:56:15] Modify product: Probable sulfoacetate transporter SauU => putative sulfoacetate transporter SauU
[17:56:15] Modify product: Bifunctional protein FolD => Bifunctional protein FolD protein
[17:56:15] Modify product: Uncharacterized Nudix hydrolase YfcD => putative Nudix hydrolase YfcD
[17:56:15] Modify product: Epimerase family protein SA0724 => Epimerase family protein
[17:56:15] Modify product: Probable galactarate transporter => putative galactarate transporter
[17:56:15] Modify product: Probable phospholipid-binding lipoprotein MlaA precursor => putative phospholipid-binding lipoprotein MlaA precursor
[17:56:15] Modify product: Uncharacterized HTH-type transcriptional regulator YdcR => putative HTH-type transcriptional regulator YdcR
[17:56:15] Modify product: Probable deferrochelatase/peroxidase YfeX => putative deferrochelatase/peroxidase YfeX
[17:56:16] Modify product: Probable 3-phenylpropionic acid transporter => putative 3-phenylpropionic acid transporter
[17:56:16] Modify product: Probable cadaverine/lysine antiporter => putative cadaverine/lysine antiporter
[17:56:16] Modify product: Probable dipeptide and tripeptide permease YjdL => putative dipeptide and tripeptide permease YjdL
[17:56:16] Modify product: PTS system EIIBC component SA0186 => PTS system EIIBC component
[17:56:16] Modify product: Uncharacterized MFS-type transporter YhjX => putative MFS-type transporter YhjX
[17:56:16] Modify product: Uncharacterized ferredoxin-like protein YfhL => putative ferredoxin-like protein YfhL
[17:56:16] Modify product: Probable diguanylate cyclase YfiN => putative diguanylate cyclase YfiN
[17:56:16] Modify product: Probable inorganic polyphosphate/ATP-NAD kinase => putative inorganic polyphosphate/ATP-NAD kinase
[17:56:16] Modify product: Putative multidrug export ATP-binding/permease protein SAV1866 => Putative multidrug export ATP-binding/permease protein
[17:56:16] Modify product: Probable HTH-type transcriptional regulator YgaV => putative HTH-type transcriptional regulator YgaV
[17:56:16] Modify product: Uncharacterized periplasmic iron-binding protein HI_0362 precursor => putative periplasmic iron-binding protein precursor
[17:56:16] Modify product: Probable ATP synthase SpaL => putative ATP synthase SpaL
[17:56:17] Modify product: Probable aromatic acid decarboxylase => putative aromatic acid decarboxylase
[17:56:17] Modify product: Probable glucarate transporter => putative glucarate transporter
[17:56:17] Modify product: Uncharacterized lipoprotein YgdR precursor => putative lipoprotein YgdR precursor
[17:56:17] Modify product: Uncharacterized lipoprotein YgdR precursor => putative lipoprotein YgdR precursor
[17:56:17] Modify product: Uncharacterized oxidoreductase YjmC => putative oxidoreductase YjmC
[17:56:17] Modify product: Probable Fe(2+)-trafficking protein => putative Fe(2+)-trafficking protein
[17:56:17] Modify product: Uncharacterized membrane protein YdfK => putative membrane protein YdfK
[17:56:17] Modify product: Virulence protein STM3117 => Virulence protein
[17:56:17] Modify product: Probable Ni/Fe-hydrogenase 2 b-type cytochrome subunit => putative Ni/Fe-hydrogenase 2 b-type cytochrome subunit
[17:56:17] Modify product: Uncharacterized oxidoreductase YghA => putative oxidoreductase YghA
[17:56:17] Modify product: Probable quinol monooxygenase YgiN => putative quinol monooxygenase YgiN
[17:56:17] Modify product: Probable glycerol-3-phosphate acyltransferase => putative glycerol-3-phosphate acyltransferase
[17:56:18] Modify product: Uncharacterized protease YhbU precursor => putative protease YhbU precursor
[17:56:18] Modify product: Transcription termination/antitermination protein NusA => hypothetical protein
[17:56:18] Modify product: Uncharacterized inner membrane transporter YhbE => putative inner membrane transporter YhbE
[17:56:18] Modify product: Probable phospholipid ABC transporter-binding protein MlaB => putative phospholipid ABC transporter-binding protein MlaB
[17:56:18] Modify product: Probable phospholipid-binding protein MlaC precursor => putative phospholipid-binding protein MlaC precursor
[17:56:18] Modify product: Probable phospholipid ABC transporter-binding protein MlaD => putative phospholipid ABC transporter-binding protein MlaD
[17:56:18] Modify product: Probable phospholipid ABC transporter permease protein MlaE => putative phospholipid ABC transporter permease protein MlaE
[17:56:18] Modify product: Probable phospholipid import ATP-binding protein MlaF => putative phospholipid import ATP-binding protein MlaF
[17:56:18] Modify product: Uncharacterized HTH-type transcriptional regulator YdfH => putative HTH-type transcriptional regulator YdfH
[17:56:18] Modify product: Probable acrylyl-CoA reductase AcuI => putative acrylyl-CoA reductase AcuI
[17:56:18] Modify product: Probable acrEF/envCD operon repressor => putative acrEF/envCD operon repressor
[17:56:18] Modify product: Uncharacterized ABC transporter ATP-binding protein YheS => putative ABC transporter ATP-binding protein YheS
[17:56:18] Modify product: Probable adenosine monophosphate-protein transferase fic => putative adenosine monophosphate-protein transferase fic
[17:56:18] Modify product: Uncharacterized tRNA/rRNA methyltransferase HI_0380 => putative tRNA/rRNA methyltransferase
[17:56:18] Modify product: 60 kDa SS-A/Ro ribonucleoprotein homolog => hypothetical protein
[17:56:18] Modify product: Probable 2-keto-3-deoxy-galactonate aldolase YagE => putative 2-keto-3-deoxy-galactonate aldolase YagE
[17:56:18] Modify product: Uncharacterized HTH-type transcriptional regulator RhmR => putative HTH-type transcriptional regulator RhmR
[17:56:18] Modify product: Uncharacterized oxidoreductase YhhX => putative oxidoreductase YhhX
[17:56:18] Modify product: Phosphotriesterase homology protein => hypothetical protein
[17:56:19] Modify product: Uncharacterized ABC transporter ATP-binding protein YbhF => putative ABC transporter ATP-binding protein YbhF
[17:56:19] Modify product: Uncharacterized fimbrial-like protein ElfG precursor => putative fimbrial-like protein ElfG precursor
[17:56:19] Modify product: Probable outer membrane usher protein ElfC precursor => putative outer membrane usher protein ElfC precursor
[17:56:19] Modify product: Uncharacterized N-acetyltransferase YjaB => putative N-acetyltransferase YjaB
[17:56:19] Modify product: Probable lipoprotein YiaD precursor => putative lipoprotein YiaD precursor
[17:56:19] Modify product: Uncharacterized N-acetyltransferase YafP => putative N-acetyltransferase YafP
[17:56:19] Modify product: Uncharacterized GST-like protein YibF => putative GST-like protein YibF
[17:56:19] Modify product: Probable glucarate transporter => putative glucarate transporter
[17:56:19] Modify product: Uncharacterized glycosyltransferase EpsJ => putative glycosyltransferase EpsJ
[17:56:19] Modify product: Uncharacterized HTH-type transcriptional regulator YbdO => putative HTH-type transcriptional regulator YbdO
[17:56:19] Modify product: Uncharacterized inner membrane transporter YicL => putative inner membrane transporter YicL
[17:56:19] Modify product: Probable sulfoacetate transporter SauU => putative sulfoacetate transporter SauU
[17:56:19] Modify product: Probable adenine permease PurP => putative adenine permease PurP
[17:56:19] Modify product: Shikimate 5-dehydrogenase-like protein HI_0607 => Shikimate 5-dehydrogenase-like protein
[17:56:19] Modify product: Probable transport protein HsrA => putative transport protein HsrA
[17:56:19] Modify product: Probable transport protein HsrA => putative transport protein HsrA
[17:56:19] Modify product: Probable transport protein HsrA => putative transport protein HsrA
[17:56:19] Modify product: Transcription termination factor Rho => hypothetical protein
[17:56:20] Modify product: Probable transport protein YifK => putative transport protein YifK
[17:56:20] Modify product: Probable protein kinase UbiB => putative protein kinase UbiB
[17:56:20] Modify product: Probable acyltransferase YihG => putative acyltransferase YihG
[17:56:20] Modify product: Probable GTP-binding protein EngB => putative GTP-binding protein EngB
[17:56:20] Modify product: Uncharacterized sugar isomerase YihS => putative sugar isomerase YihS
[17:56:20] Modify product: Uncharacterized aldolase YihT => putative aldolase YihT
[17:56:20] Modify product: Uncharacterized aldolase LsrF => putative aldolase LsrF
[17:56:20] Modify product: Transcription termination/antitermination protein NusG => hypothetical protein
[17:56:20] Modify product: Uncharacterized N-acetyltransferase YjaB => putative N-acetyltransferase YjaB
[17:56:20] Modify product: Bactoprenol glucosyl transferase homolog from prophage CPS-53 => hypothetical protein
[17:56:20] Modify product: Uncharacterized lipoprotein GfcB precursor => putative lipoprotein GfcB precursor
[17:56:20] Modify product: Probable tRNA-dihydrouridine synthase => putative tRNA-dihydrouridine synthase
[17:56:20] Modify product: Uncharacterized membrane protein YjcC => putative membrane protein YjcC
[17:56:20] Modify product: Uncharacterized ferredoxin-like protein YdhX precursor => putative ferredoxin-like protein YdhX precursor
[17:56:21] Modify product: Probable L-ascorbate-6-phosphate lactonase UlaG => putative L-ascorbate-6-phosphate lactonase UlaG
[17:56:21] Modify product: Probable amino-acid metabolite efflux pump => putative amino-acid metabolite efflux pump
[17:56:21] Modify product: Probable sulfoacetate transporter SauU => putative sulfoacetate transporter SauU
[17:56:21] Modify product: Uncharacterized HTH-type transcriptional regulator YbbH => putative HTH-type transcriptional regulator YbbH
[17:56:21] Modify product: Probable licABCH operon regulator => putative licABCH operon regulator
[17:56:21] Modify product: Probable transcriptional regulatory protein YeeN => putative transcriptional regulatory protein YeeN
[17:56:21] Modify product: Probable amino-acid racemase => putative amino-acid racemase
[17:56:21] Modify product: Uncharacterized GTP-binding protein YjiA => putative GTP-binding protein YjiA
[17:56:21] Modify product: Probable phosphotransferase enzyme IIB component M6_Spy0801 => putative phosphotransferase enzyme IIB component
[17:56:21] Modify product: Probable diguanylate cyclase YcdT => putative diguanylate cyclase YcdT
[17:56:21] Modify product: Uncharacterized deoxyribonuclease YjjV => putative deoxyribonuclease YjjV
[17:56:21] Modify product: DNA repair protein RadA homolog => hypothetical protein
[17:56:21] Modify product: Uncharacterized ABC transporter ATP-binding protein YjjK => putative ABC transporter ATP-binding protein YjjK
[17:56:21] Cleaned 204 /product names
[17:56:21] Deleting unwanted file: results/prokka/SL1344/sprot.faa
[17:56:21] Deleting unwanted file: results/prokka/SL1344/sprot.blast
[17:56:25] There are still 1309 unannotated CDS left (started with 4547)
[17:56:25] Will use hmmer3 to search against /home/fatemeh/program-bank/prokka-1.11/bin/../db/hmm/CLUSTERS.hmm with 4 CPUs
[17:56:25] Running: cat results\/prokka\/SL1344\/CLUSTERS\.hmm\.faa | parallel --gnu --plain -j 4 --block 37963 --recstart '>' --pipe hmmscan --noali --notextw --acc -E 1e-06 --cpu 1 /home/fatemeh/program-bank/prokka-1.11/bin/../db/hmm/CLUSTERS.hmm /dev/stdin > results\/prokka\/SL1344\/CLUSTERS\.hmm\.hmmer3 2> /dev/null
[18:04:16] Deleting unwanted file: results/prokka/SL1344/CLUSTERS.hmm.faa
[18:04:16] Deleting unwanted file: results/prokka/SL1344/CLUSTERS.hmm.hmmer3
[18:04:18] There are still 956 unannotated CDS left (started with 4547)
[18:04:18] Will use hmmer3 to search against /home/fatemeh/program-bank/prokka-1.11/bin/../db/hmm/HAMAP.hmm with 4 CPUs
[18:04:18] Running: cat results\/prokka\/SL1344\/HAMAP\.hmm\.faa | parallel --gnu --plain -j 4 --block 27553 --recstart '>' --pipe hmmscan --noali --notextw --acc -E 1e-06 --cpu 1 /home/fatemeh/program-bank/prokka-1.11/bin/../db/hmm/HAMAP.hmm /dev/stdin > results\/prokka\/SL1344\/HAMAP\.hmm\.hmmer3 2> /dev/null
[18:05:58] Deleting unwanted file: results/prokka/SL1344/HAMAP.hmm.faa
[18:05:58] Deleting unwanted file: results/prokka/SL1344/HAMAP.hmm.hmmer3
[18:06:00] There are still 941 unannotated CDS left (started with 4547)
[18:06:00] Will use hmmer3 to search against /home/fatemeh/program-bank/prokka-1.11/bin/../db/hmm/Pfam.hmm with 4 CPUs
[18:06:00] Running: cat results\/prokka\/SL1344\/Pfam\.hmm\.faa | parallel --gnu --plain -j 4 --block 26929 --recstart '>' --pipe hmmscan --noali --notextw --acc -E 1e-06 --cpu 1 /home/fatemeh/program-bank/prokka-1.11/bin/../db/hmm/Pfam.hmm /dev/stdin > results\/prokka\/SL1344\/Pfam\.hmm\.hmmer3 2> /dev/null
[18:12:16] Modify product: KilA-N domain => KilA-N domain protein
[18:12:16] Modify product: KilA-N domain => KilA-N domain protein
[18:12:16] Modify product: Ash protein family => Ash protein family protein
[18:12:16] Modify product: Phage integrase family => Phage integrase family protein
[18:12:16] Modify product: Phage integrase, N-terminal => hypothetical protein
[18:12:16] Modify product: NAD dependent epimerase/dehydratase family => NAD dependent epimerase/dehydratase family protein
[18:12:16] Modify product: KAP family P-loop domain => KAP family P-loop domain protein
[18:12:16] Modify product: Phage tail fibre repeat => Phage tail fibre repeat protein
[18:12:16] Modify product: Alanine racemase, N-terminal domain => hypothetical protein
[18:12:16] Modify product: Helix-turn-helix domain => Helix-turn-helix domain protein
[18:12:16] Modify product: Sodium Bile acid symporter family => Sodium Bile acid symporter family protein
[18:12:16] Modify product: Transposase IS200 like => Transposase IS200 like protein
[18:12:16] Modify product: Integrase core domain => Integrase core domain protein
[18:12:16] Modify product: NAD-dependent DNA ligase C4 zinc finger domain => NAD-dependent DNA ligase C4 zinc finger domain protein
[18:12:16] Modify product: putative Peptidoglycan domain => putative Peptidoglycan domain protein
[18:12:16] Modify product: DSBA-like thioredoxin domain => DSBA-like thioredoxin domain protein
[18:12:16] Modify product: Transcriptional regulatory protein, C terminal => hypothetical protein
[18:12:17] Modify product: ImpA-related N-terminal => hypothetical protein
[18:12:17] Modify product: Integrase core domain => Integrase core domain protein
[18:12:17] Modify product: Heavy-metal-associated domain => Heavy-metal-associated domain protein
[18:12:17] Modify product: Extensin-like protein C-terminus => hypothetical protein
[18:12:17] Modify product: Glyoxalase-like domain => Glyoxalase-like domain protein
[18:12:17] Modify product: HTH domain => HTH domain protein
[18:12:17] Modify product: TraB family => TraB family protein
[18:12:17] Modify product: FtsX-like permease family => FtsX-like permease family protein
[18:12:17] Modify product: EAL domain => EAL domain protein
[18:12:17] Modify product: Transposase IS200 like => Transposase IS200 like protein
[18:12:17] Modify product: Integrase core domain => Integrase core domain protein
[18:12:17] Modify product: Isochorismatase family => Isochorismatase family protein
[18:12:17] Modify product: RecT family => RecT family protein
[18:12:17] Modify product: NlpC/P60 family => NlpC/P60 family protein
[18:12:17] Modify product: Prophage tail fibre N-terminal => hypothetical protein
[18:12:17] Modify product: Transposase IS66 family => Transposase IS66 family protein
[18:12:17] Modify product: DinI-like family => DinI-like family protein
[18:12:17] Modify product: Stress-induced bacterial acidophilic repeat motif => Stress-induced bacterial acidophilic repeat motif protein
[18:12:17] Modify product: Transposase IS200 like => Transposase IS200 like protein
[18:12:17] Modify product: PrkA AAA domain => PrkA AAA domain protein
[18:12:17] Modify product: Tetratricopeptide repeat => Tetratricopeptide repeat protein
[18:12:17] Modify product: Type III secretion needle MxiH like => Type III secretion needle MxiH like protein
[18:12:17] Modify product: Type III secretion needle MxiH like => Type III secretion needle MxiH like protein
[18:12:17] Modify product: HrpJ-like domain => HrpJ-like domain protein
[18:12:17] Modify product: Stress-induced bacterial acidophilic repeat motif => Stress-induced bacterial acidophilic repeat motif protein
[18:12:17] Modify product: HupF/HypC family => HupF/HypC family protein
[18:12:17] Modify product: Methyltransferase domain => Methyltransferase domain protein
[18:12:17] Modify product: B3/4 domain => B3/4 domain protein
[18:12:17] Modify product: NmrA-like family => NmrA-like family protein
[18:12:17] Modify product: Stress-induced bacterial acidophilic repeat motif => Stress-induced bacterial acidophilic repeat motif protein
[18:12:17] Modify product: DsrE/DsrF-like family => DsrE/DsrF-like family protein
[18:12:17] Modify product: HupH hydrogenase expression protein, C-terminal conserved region => hypothetical protein
[18:12:17] Modify product: GnsA/GnsB family => GnsA/GnsB family protein
[18:12:17] Modify product: Transposase IS200 like => Transposase IS200 like protein
[18:12:17] Modify product: Acetyltransferase (GNAT) family => Acetyltransferase (GNAT) family protein
[18:12:17] Modify product: Phage integrase family => Phage integrase family protein
[18:12:17] Modify product: Phage integrase family => Phage integrase family protein
[18:12:17] Modify product: Transposase IS200 like => Transposase IS200 like protein
[18:12:17] Modify product: DNA circulation protein N-terminus => hypothetical protein
[18:12:17] Modify product: Phage capsid family => Phage capsid family protein
[18:12:17] Modify product: Alpha-2-macroglobulin family N-terminal region => hypothetical protein
[18:12:17] Modify product: Alpha/beta hydrolase family => Alpha/beta hydrolase family protein
[18:12:17] Modify product: Prophage tail fibre N-terminal => hypothetical protein
[18:12:17] Modify product: NlpC/P60 family => NlpC/P60 family protein
[18:12:17] Modify product: Probable transposase => putative transposase
[18:12:17] Modify product: ORF6N domain => ORF6N domain protein
[18:12:17] Modify product: CobQ/CobB/MinD/ParA nucleotide binding domain => CobQ/CobB/MinD/ParA nucleotide binding domain protein
[18:12:17] Modify product: RecT family => RecT family protein
[18:12:17] Modify product: DTW domain => DTW domain protein
[18:12:17] Modify product: Y_Y_Y domain => Y_Y_Y domain protein
[18:12:17] Modify product: Phage virion morphogenesis family => Phage virion morphogenesis family protein
[18:12:17] Modify product: Terminase-like family => Terminase-like family protein
[18:12:17] Modify product: Mor transcription activator family => Mor transcription activator family protein
[18:12:17] Modify product: Y_Y_Y domain => Y_Y_Y domain protein
[18:12:17] Modify product: Sel1 repeat => Sel1 repeat protein
[18:12:17] Modify product: PspA/IM30 family => PspA/IM30 family protein
[18:12:17] Modify product: Acetyltransferase (GNAT) family => Acetyltransferase (GNAT) family protein
[18:12:17] Modify product: PglZ domain => PglZ domain protein
[18:12:17] Modify product: Dienelactone hydrolase family => Dienelactone hydrolase family protein
[18:12:17] Modify product: Major Facilitator Superfamily => Major Facilitator Superfamily protein
[18:12:17] Modify product: Bacteriophage CI repressor helix-turn-helix domain => Bacteriophage CI repressor helix-turn-helix domain protein
[18:12:17] Modify product: SEC-C motif => SEC-C motif protein
[18:12:18] Modify product: Integrase core domain => Integrase core domain protein
[18:12:18] Modify product: Tripartite tricarboxylate transporter TctB family => Tripartite tricarboxylate transporter TctB family protein
[18:12:18] Modify product: Tripartite tricarboxylate transporter TctA family => Tripartite tricarboxylate transporter TctA family protein
[18:12:18] Modify product: Type III secretion needle MxiH like => Type III secretion needle MxiH like protein
[18:12:18] Modify product: Transglycosylase SLT domain => Transglycosylase SLT domain protein
[18:12:18] Modify product: HrpJ-like domain => HrpJ-like domain protein
[18:12:18] Modify product: EamA-like transporter family => EamA-like transporter family protein
[18:12:18] Modify product: Integral membrane protein TerC family => Integral membrane protein TerC family protein
[18:12:18] Modify product: Bacterial Transmembrane Pair family => Bacterial Transmembrane Pair family protein
[18:12:18] Modify product: Alanine racemase, N-terminal domain => hypothetical protein
[18:12:18] Modify product: YGGT family => YGGT family protein
[18:12:18] Modify product: HIT domain => HIT domain protein
[18:12:18] Modify product: CYTH domain => CYTH domain protein
[18:12:18] Modify product: SCP-2 sterol transfer family => SCP-2 sterol transfer family protein
[18:12:18] Modify product: Transposase IS200 like => Transposase IS200 like protein
[18:12:18] Modify product: YheO-like PAS domain => YheO-like PAS domain protein
[18:12:18] Modify product: Transposase IS200 like => Transposase IS200 like protein
[18:12:18] Modify product: Fic/DOC family => Fic/DOC family protein
[18:12:18] Modify product: Peptidase M16 inactive domain => Peptidase M16 inactive domain protein
[18:12:18] Modify product: AsmA family => AsmA family protein
[18:12:18] Modify product: Isochorismatase family => Isochorismatase family protein
[18:12:18] Modify product: EamA-like transporter family => EamA-like transporter family protein
[18:12:18] Modify product: EamA-like transporter family => EamA-like transporter family protein
[18:12:18] Modify product: EamA-like transporter family => EamA-like transporter family protein
[18:12:18] Modify product: SCP-2 sterol transfer family => SCP-2 sterol transfer family protein
[18:12:18] Modify product: ATP-grasp domain => ATP-grasp domain protein
[18:12:18] Modify product: SnoaL-like domain => SnoaL-like domain protein
[18:12:18] Modify product: Cupin domain => Cupin domain protein
[18:12:18] Modify product: ASCH domain => ASCH domain protein
[18:12:18] Modify product: Sodium Bile acid symporter family => Sodium Bile acid symporter family protein
[18:12:18] Modify product: Phage tail fibre repeat => Phage tail fibre repeat protein
[18:12:18] Cleaned 110 /product names
[18:12:18] Deleting unwanted file: results/prokka/SL1344/Pfam.hmm.faa
[18:12:18] Deleting unwanted file: results/prokka/SL1344/Pfam.hmm.hmmer3
[18:12:18] Labelling remaining 616 proteins as 'hypothetical protein'
[18:12:18] Possible /pseudo 'Crotonobetainyl-CoA:carnitine CoA-transferase' at FQ312003 position 84504
[18:12:18] Possible /pseudo 'Diol dehydratase-reactivating factor alpha subunit' at FQ312003 position 369691
[18:12:18] Possible /pseudo 'Type-1 fimbrial protein, A chain precursor' at FQ312003 position 604236
[18:12:18] Possible /pseudo 'UDP-galactopyranose mutase precursor' at FQ312003 position 784391
[18:12:18] Possible /pseudo 'Inner membrane transport protein YdiN' at FQ312003 position 1398961
[18:12:18] Possible /pseudo 'Major outer membrane lipoprotein Lpp precursor' at FQ312003 position 1416231
[18:12:18] Possible /pseudo 'Formate dehydrogenase, nitrate-inducible, major subunit precursor' at FQ312003 position 1609755
[18:12:18] Possible /pseudo 'Transposase, Mutator family' at FQ312003 position 1914422
[18:12:18] Possible /pseudo 'Baseplate J-like protein' at FQ312003 position 2045059
[18:12:18] Possible /pseudo 'Aldehyde-alcohol dehydrogenase' at FQ312003 position 2125342
[18:12:18] Possible /pseudo 'putative lipoprotein YehR precursor' at FQ312003 position 2250359
[18:12:18] Possible /pseudo 'Caudovirales tail fibre assembly protein' at FQ312003 position 2332550
[18:12:18] Possible /pseudo 'Manganese transport system membrane protein MntB' at FQ312003 position 3031530
[18:12:18] Possible /pseudo 'Energy-coupling factor transporter ATP-binding protein EcfA1' at FQ312003 position 3256413
[18:12:18] Possible /pseudo 'Glycerol-3-phosphate regulon repressor' at FQ312003 position 3708195
[18:12:18] Possible /pseudo 'General stress protein A' at FQ312003 position 3934829
[18:12:18] Possible /pseudo 'Purine ribonucleoside efflux pump NepI' at FQ312003 position 3998848
[18:12:18] Possible /pseudo 'Prophage CP4-57 integrase' at FQ312003 position 4071657
[18:12:18] Possible /pseudo 'putative transport protein HsrA' at FQ312003 position 4119209
[18:12:18] Possible /pseudo 'putative transport protein HsrA' at FQ312003 position 4119997
[18:12:18] Possible /pseudo 'Inner membrane symporter YihP' at FQ312003 position 4248675
[18:12:18] Possible /pseudo 'Formate dehydrogenase-O major subunit precursor' at FQ312003 position 4268659
[18:12:18] Possible /pseudo 'Formate dehydrogenase H' at FQ312003 position 4548370
[18:12:18] Possible /pseudo 'Xylose isomerase-like TIM barrel' at FQ312003 position 4700822
[18:12:18] Possible /pseudo 'PTS system trehalose-specific EIIBC component' at FQ312003 position 4718221
[18:12:18] Found 2689 unique /gene codes.
[18:12:18] Fixed 2 duplicate /gene - ogt_1 ogt_2
[18:12:18] Fixed 5 duplicate /gene - rbsK_1 rbsK_2 rbsK_3 rbsK_4 rbsK_5
[18:12:18] Fixed 2 duplicate /gene - fdnG_1 fdnG_2
[18:12:18] Fixed 2 duplicate /gene - gntT_1 gntT_2
[18:12:18] Fixed 2 duplicate /gene - exuT_1 exuT_2
[18:12:18] Fixed 2 duplicate /gene - papD_1 papD_2
[18:12:18] Fixed 2 duplicate /gene - malP_1 malP_2
[18:12:18] Fixed 4 duplicate /gene - gntR_1 gntR_2 gntR_3 gntR_4
[18:12:18] Fixed 2 duplicate /gene - yfcG_1 yfcG_2
[18:12:18] Fixed 2 duplicate /gene - mngR_1 mngR_2
[18:12:18] Fixed 3 duplicate /gene - cysJ_1 cysJ_2 cysJ_3
[18:12:18] Fixed 4 duplicate /gene - ybdO_1 ybdO_2 ybdO_3 ybdO_4
[18:12:18] Fixed 2 duplicate /gene - ftsA_1 ftsA_2
[18:12:18] Fixed 3 duplicate /gene - fliP_1 fliP_2 fliP_3
[18:12:18] Fixed 2 duplicate /gene - ttdA_1 ttdA_2
[18:12:18] Fixed 2 duplicate /gene - fhuA_1 fhuA_2
[18:12:18] Fixed 2 duplicate /gene - hypC_1 hypC_2
[18:12:18] Fixed 2 duplicate /gene - elfC_1 elfC_2
[18:12:18] Fixed 2 duplicate /gene - prfB_1 prfB_2
[18:12:18] Fixed 6 duplicate /gene - fimC_1 fimC_2 fimC_3 fimC_4 fimC_5 fimC_6
[18:12:18] Fixed 2 duplicate /gene - symE_1 symE_2
[18:12:18] Fixed 3 duplicate /gene - hybD_1 hybD_2 hybD_3
[18:12:18] Fixed 2 duplicate /gene - acpP_1 acpP_2
[18:12:18] Fixed 2 duplicate /gene - yfaY_1 yfaY_2
[18:12:18] Fixed 3 duplicate /gene - lldR_1 lldR_2 lldR_3
[18:12:18] Fixed 2 duplicate /gene - deoR_1 deoR_2
[18:12:18] Fixed 2 duplicate /gene - citE_1 citE_2
[18:12:18] Fixed 2 duplicate /gene - mepS_1 mepS_2
[18:12:18] Fixed 2 duplicate /gene - cysW_1 cysW_2
[18:12:18] Fixed 2 duplicate /gene - minD_1 minD_2
[18:12:18] Fixed 2 duplicate /gene - ccmB_1 ccmB_2
[18:12:18] Fixed 2 duplicate /gene - cobB_1 cobB_2
[18:12:18] Fixed 2 duplicate /gene - ccmE_1 ccmE_2
[18:12:18] Fixed 2 duplicate /gene - yjiE_1 yjiE_2
[18:12:18] Fixed 4 duplicate /gene - dmsC_1 dmsC_2 dmsC_3 dmsC_4
[18:12:18] Fixed 2 duplicate /gene - phoC_1 phoC_2
[18:12:18] Fixed 2 duplicate /gene - hrpB_1 hrpB_2
[18:12:18] Fixed 3 duplicate /gene - gatB_1 gatB_2 gatB_3
[18:12:18] Fixed 2 duplicate /gene - exbB_1 exbB_2
[18:12:18] Fixed 2 duplicate /gene - ascD_1 ascD_2
[18:12:18] Fixed 2 duplicate /gene - hcaR_1 hcaR_2
[18:12:18] Fixed 2 duplicate /gene - xerC_1 xerC_2
[18:12:18] Fixed 2 duplicate /gene - dnaK_1 dnaK_2
[18:12:18] Fixed 2 duplicate /gene - kefC_1 kefC_2
[18:12:18] Fixed 2 duplicate /gene - appC_1 appC_2
[18:12:18] Fixed 2 duplicate /gene - gbpR_1 gbpR_2
[18:12:18] Fixed 2 duplicate /gene - nagC_1 nagC_2
[18:12:18] Fixed 2 duplicate /gene - dsbE_1 dsbE_2
[18:12:18] Fixed 2 duplicate /gene - lpp_1 lpp_2
[18:12:18] Fixed 2 duplicate /gene - lysA_1 lysA_2
[18:12:18] Fixed 2 duplicate /gene - loiP_1 loiP_2
[18:12:18] Fixed 2 duplicate /gene - iscA_1 iscA_2
[18:12:18] Fixed 2 duplicate /gene - ydiN_1 ydiN_2
[18:12:18] Fixed 2 duplicate /gene - dusC_1 dusC_2
[18:12:18] Fixed 2 duplicate /gene - agaC_1 agaC_2
[18:12:18] Fixed 2 duplicate /gene - yjcC_1 yjcC_2
[18:12:18] Fixed 2 duplicate /gene - topA_1 topA_2
[18:12:18] Fixed 2 duplicate /gene - tusA_1 tusA_2
[18:12:18] Fixed 2 duplicate /gene - citC_1 citC_2
[18:12:18] Fixed 2 duplicate /gene - yohK_1 yohK_2
[18:12:18] Fixed 2 duplicate /gene - garR_1 garR_2
[18:12:18] Fixed 2 duplicate /gene - yqjA_1 yqjA_2
[18:12:18] Fixed 2 duplicate /gene - ydcR_1 ydcR_2
[18:12:18] Fixed 2 duplicate /gene - ynfE_1 ynfE_2
[18:12:18] Fixed 2 duplicate /gene - ydhX_1 ydhX_2
[18:12:18] Fixed 2 duplicate /gene - lip-1_1 lip-1_2
[18:12:18] Fixed 2 duplicate /gene - aaeA_1 aaeA_2
[18:12:18] Fixed 2 duplicate /gene - tsr_1 tsr_2
[18:12:18] Fixed 2 duplicate /gene - bssD_1 bssD_2
[18:12:18] Fixed 2 duplicate /gene - ccmH_1 ccmH_2
[18:12:18] Fixed 2 duplicate /gene - znuC_1 znuC_2
[18:12:18] Fixed 2 duplicate /gene - dcuA_1 dcuA_2
[18:12:18] Fixed 2 duplicate /gene - marA_1 marA_2
[18:12:18] Fixed 2 duplicate /gene - pbpG_1 pbpG_2
[18:12:18] Fixed 5 duplicate /gene - srlR_1 srlR_2 srlR_3 srlR_4 srlR_5
[18:12:18] Fixed 3 duplicate /gene - etfB_1 etfB_2 etfB_3
[18:12:18] Fixed 2 duplicate /gene - ydhP_1 ydhP_2
[18:12:18] Fixed 2 duplicate /gene - adaA_1 adaA_2
[18:12:18] Fixed 2 duplicate /gene - nepI_1 nepI_2
[18:12:18] Fixed 2 duplicate /gene - chiA_1 chiA_2
[18:12:18] Fixed 8 duplicate /gene - fimA_1 fimA_2 fimA_3 fimA_4 fimA_5 fimA_6 fimA_7 fimA_8
[18:12:18] Fixed 2 duplicate /gene - panE_1 panE_2
[18:12:18] Fixed 2 duplicate /gene - yehR_1 yehR_2
[18:12:18] Fixed 2 duplicate /gene - fdhF_1 fdhF_2
[18:12:18] Fixed 2 duplicate /gene - dsbD_1 dsbD_2
[18:12:18] Fixed 2 duplicate /gene - fliC_1 fliC_2
[18:12:18] Fixed 2 duplicate /gene - uhpC_1 uhpC_2
[18:12:18] Fixed 2 duplicate /gene - ybhF_1 ybhF_2
[18:12:18] Fixed 2 duplicate /gene - ldrD_1 ldrD_2
[18:12:18] Fixed 2 duplicate /gene - papC_1 papC_2
[18:12:18] Fixed 2 duplicate /gene - rob_1 rob_2
[18:12:18] Fixed 2 duplicate /gene - mdtK_1 mdtK_2
[18:12:18] Fixed 2 duplicate /gene - narL_1 narL_2
[18:12:18] Fixed 2 duplicate /gene - glpK_1 glpK_2
[18:12:18] Fixed 3 duplicate /gene - yecS_1 yecS_2 yecS_3
[18:12:18] Fixed 2 duplicate /gene - dppB_1 dppB_2
[18:12:18] Fixed 2 duplicate /gene - lolD_1 lolD_2
[18:12:18] Fixed 2 duplicate /gene - ansB_1 ansB_2
[18:12:18] Fixed 3 duplicate /gene - yihP_1 yihP_2 yihP_3
[18:12:18] Fixed 3 duplicate /gene - macA_1 macA_2 macA_3
[18:12:18] Fixed 2 duplicate /gene - ompN_1 ompN_2
[18:12:18] Fixed 2 duplicate /gene - narX_1 narX_2
[18:12:18] Fixed 2 duplicate /gene - sppA_1 sppA_2
[18:12:18] Fixed 3 duplicate /gene - mdh_1 mdh_2 mdh_3
[18:12:18] Fixed 2 duplicate /gene - emrB_1 emrB_2
[18:12:18] Fixed 2 duplicate /gene - kdgT_1 kdgT_2
[18:12:18] Fixed 2 duplicate /gene - lacC_1 lacC_2
[18:12:18] Fixed 2 duplicate /gene - fliY_1 fliY_2
[18:12:18] Fixed 2 duplicate /gene - eamA_1 eamA_2
[18:12:18] Fixed 2 duplicate /gene - sifA_1 sifA_2
[18:12:18] Fixed 2 duplicate /gene - yhhW_1 yhhW_2
[18:12:18] Fixed 2 duplicate /gene - ccmA_1 ccmA_2
[18:12:18] Fixed 2 duplicate /gene - queA_1 queA_2
[18:12:18] Fixed 2 duplicate /gene - sseA_1 sseA_2
[18:12:18] Fixed 3 duplicate /gene - ybbH_1 ybbH_2 ybbH_3
[18:12:18] Fixed 2 duplicate /gene - tpx_1 tpx_2
[18:12:18] Fixed 6 duplicate /gene - intA_1 intA_2 intA_3 intA_4 intA_5 intA_6
[18:12:18] Fixed 3 duplicate /gene - ttuB_1 ttuB_2 ttuB_3
[18:12:18] Fixed 2 duplicate /gene - degS_1 degS_2
[18:12:18] Fixed 2 duplicate /gene - ulaB_1 ulaB_2
[18:12:18] Fixed 3 duplicate /gene - ptsG_1 ptsG_2 ptsG_3
[18:12:18] Fixed 4 duplicate /gene - glpR_1 glpR_2 glpR_3 glpR_4
[18:12:18] Fixed 2 duplicate /gene - fdnH_1 fdnH_2
[18:12:18] Fixed 2 duplicate /gene - caiB_1 caiB_2
[18:12:18] Fixed 2 duplicate /gene - ccmC_1 ccmC_2
[18:12:18] Fixed 2 duplicate /gene - hflK_1 hflK_2
[18:12:18] Fixed 3 duplicate /gene - cynR_1 cynR_2 cynR_3
[18:12:18] Fixed 3 duplicate /gene - frlB_1 frlB_2 frlB_3
[18:12:18] Fixed 3 duplicate /gene - hsrA_1 hsrA_2 hsrA_3
[18:12:18] Fixed 2 duplicate /gene - dppC_1 dppC_2
[18:12:18] Fixed 2 duplicate /gene - tetA_1 tetA_2
[18:12:18] Fixed 2 duplicate /gene - nagK_1 nagK_2
[18:12:18] Fixed 3 duplicate /gene - oppD_1 oppD_2 oppD_3
[18:12:18] Fixed 2 duplicate /gene - ulaE_1 ulaE_2
[18:12:18] Fixed 2 duplicate /gene - hmrR_1 hmrR_2
[18:12:18] Fixed 2 duplicate /gene - ybhA_1 ybhA_2
[18:12:18] Fixed 2 duplicate /gene - slyA_1 slyA_2
[18:12:18] Fixed 3 duplicate /gene - yhbU_1 yhbU_2 yhbU_3
[18:12:18] Fixed 2 duplicate /gene - btr_1 btr_2
[18:12:18] Fixed 2 duplicate /gene - argR_1 argR_2
[18:12:18] Fixed 4 duplicate /gene - pdhR_1 pdhR_2 pdhR_3 pdhR_4
[18:12:18] Fixed 4 duplicate /gene - oxyR_1 oxyR_2 oxyR_3 oxyR_4
[18:12:18] Fixed 2 duplicate /gene - pncC_1 pncC_2
[18:12:18] Fixed 4 duplicate /gene - xerD_1 xerD_2 xerD_3 xerD_4
[18:12:18] Fixed 3 duplicate /gene - fabG_1 fabG_2 fabG_3
[18:12:18] Fixed 2 duplicate /gene - hydN_1 hydN_2
[18:12:18] Fixed 2 duplicate /gene - tqsA_1 tqsA_2
[18:12:18] Fixed 3 duplicate /gene - yicJ_1 yicJ_2 yicJ_3
[18:12:18] Fixed 3 duplicate /gene - ddrA_1 ddrA_2 ddrA_3
[18:12:18] Fixed 2 duplicate /gene - potA_1 potA_2
[18:12:18] Fixed 2 duplicate /gene - higA-2_1 higA-2_2
[18:12:18] Fixed 2 duplicate /gene - osmY_1 osmY_2
[18:12:18] Fixed 2 duplicate /gene - benM_1 benM_2
[18:12:18] Fixed 2 duplicate /gene - tehB_1 tehB_2
[18:12:18] Fixed 3 duplicate /gene - rrrD_1 rrrD_2 rrrD_3
[18:12:18] Fixed 2 duplicate /gene - srlE_1 srlE_2
[18:12:18] Fixed 2 duplicate /gene - yheS_1 yheS_2
[18:12:18] Fixed 2 duplicate /gene - tolC_1 tolC_2
[18:12:18] Fixed 2 duplicate /gene - betC_1 betC_2
[18:12:18] Fixed 2 duplicate /gene - ytbE_1 ytbE_2
[18:12:18] Fixed 2 duplicate /gene - pflA_1 pflA_2
[18:12:18] Fixed 2 duplicate /gene - fruB_1 fruB_2
[18:12:18] Fixed 2 duplicate /gene - ompC_1 ompC_2
[18:12:18] Fixed 2 duplicate /gene - prsE_1 prsE_2
[18:12:18] Fixed 2 duplicate /gene - speG_1 speG_2
[18:12:18] Fixed 4 duplicate /gene - ail_1 ail_2 ail_3 ail_4
[18:12:18] Fixed 3 duplicate /gene - sauU_1 sauU_2 sauU_3
[18:12:18] Fixed 3 duplicate /gene - adrB_1 adrB_2 adrB_3
[18:12:18] Fixed 2 duplicate /gene - fliQ_1 fliQ_2
[18:12:18] Fixed 2 duplicate /gene - rtcB_1 rtcB_2
[18:12:18] Fixed 2 duplicate /gene - citF_1 citF_2
[18:12:18] Fixed 3 duplicate /gene - dgoD_1 dgoD_2 dgoD_3
[18:12:18] Fixed 8 duplicate /gene - dmlR_1 dmlR_2 dmlR_3 dmlR_4 dmlR_5 dmlR_6 dmlR_7 dmlR_8
[18:12:18] Fixed 2 duplicate /gene - exsA_1 exsA_2
[18:12:18] Fixed 2 duplicate /gene - xylA_1 xylA_2
[18:12:18] Fixed 3 duplicate /gene - selA_1 selA_2 selA_3
[18:12:18] Fixed 2 duplicate /gene - dinG_1 dinG_2
[18:12:18] Fixed 2 duplicate /gene - ptsH_1 ptsH_2
[18:12:18] Fixed 3 duplicate /gene - garK_1 garK_2 garK_3
[18:12:18] Fixed 2 duplicate /gene - rpe_1 rpe_2
[18:12:18] Fixed 2 duplicate /gene - caiA_1 caiA_2
[18:12:18] Fixed 2 duplicate /gene - serB_1 serB_2
[18:12:18] Fixed 5 duplicate /gene - ygdR_1 ygdR_2 ygdR_3 ygdR_4 ygdR_5
[18:12:18] Fixed 2 duplicate /gene - gntK_1 gntK_2
[18:12:18] Fixed 2 duplicate /gene - gltD_1 gltD_2
[18:12:18] Fixed 4 duplicate /gene - chuR_1 chuR_2 chuR_3 chuR_4
[18:12:18] Fixed 2 duplicate /gene - hyaB_1 hyaB_2
[18:12:18] Fixed 2 duplicate /gene - rcsA_1 rcsA_2
[18:12:18] Fixed 4 duplicate /gene - manX_1 manX_2 manX_3 manX_4
[18:12:18] Fixed 3 duplicate /gene - etfA_1 etfA_2 etfA_3
[18:12:18] Fixed 2 duplicate /gene - cysE_1 cysE_2
[18:12:18] Fixed 3 duplicate /gene - ulaA_1 ulaA_2 ulaA_3
[18:12:18] Fixed 2 duplicate /gene - yccS_1 yccS_2
[18:12:18] Fixed 2 duplicate /gene - sad_1 sad_2
[18:12:18] Fixed 4 duplicate /gene - gltC_1 gltC_2 gltC_3 gltC_4
[18:12:18] Fixed 2 duplicate /gene - sdaA_1 sdaA_2
[18:12:18] Fixed 2 duplicate /gene - relE_1 relE_2
[18:12:18] Fixed 2 duplicate /gene - ilvD_1 ilvD_2
[18:12:18] Fixed 2 duplicate /gene - idhA_1 idhA_2
[18:12:18] Fixed 2 duplicate /gene - ynaI_1 ynaI_2
[18:12:18] Fixed 2 duplicate /gene - yjmD_1 yjmD_2
[18:12:18] Fixed 2 duplicate /gene - ydiV_1 ydiV_2
[18:12:18] Fixed 5 duplicate /gene - dinI_1 dinI_2 dinI_3 dinI_4 dinI_5
[18:12:18] Fixed 3 duplicate /gene - ydfH_1 ydfH_2 ydfH_3
[18:12:18] Fixed 3 duplicate /gene - rfbD_1 rfbD_2 rfbD_3
[18:12:18] Fixed 2 duplicate /gene - ybeZ_1 ybeZ_2
[18:12:18] Fixed 2 duplicate /gene - gadX_1 gadX_2
[18:12:18] Fixed 2 duplicate /gene - fucP_1 fucP_2
[18:12:18] Fixed 2 duplicate /gene - hcpD_1 hcpD_2
[18:12:18] Fixed 2 duplicate /gene - rnfC_1 rnfC_2
[18:12:18] Fixed 2 duplicate /gene - metQ_1 metQ_2
[18:12:18] Fixed 3 duplicate /gene - trxA_1 trxA_2 trxA_3
[18:12:18] Fixed 3 duplicate /gene - hcpC_1 hcpC_2 hcpC_3
[18:12:18] Fixed 3 duplicate /gene - sdcS_1 sdcS_2 sdcS_3
[18:12:18] Fixed 3 duplicate /gene - trg_1 trg_2 trg_3
[18:12:18] Fixed 2 duplicate /gene - ydeO_1 ydeO_2
[18:12:18] Fixed 3 duplicate /gene - glnQ_1 glnQ_2 glnQ_3
[18:12:18] Fixed 2 duplicate /gene - ydcV_1 ydcV_2
[18:12:18] Fixed 3 duplicate /gene - ycgE_1 ycgE_2 ycgE_3
[18:12:18] Fixed 2 duplicate /gene - zraR_1 zraR_2
[18:12:18] Fixed 2 duplicate /gene - gcvA_1 gcvA_2
[18:12:18] Fixed 2 duplicate /gene - yajL_1 yajL_2
[18:12:18] Fixed 2 duplicate /gene - citD_1 citD_2
[18:12:18] Fixed 2 duplicate /gene - norR_1 norR_2
[18:12:18] Fixed 2 duplicate /gene - yusV_1 yusV_2
[18:12:18] Fixed 2 duplicate /gene - ecpD_1 ecpD_2
[18:12:18] Fixed 4 duplicate /gene - tabA_1 tabA_2 tabA_3 tabA_4
[18:12:18] Fixed 3 duplicate /gene - oppF_1 oppF_2 oppF_3
[18:12:18] Fixed 2 duplicate /gene - recF_1 recF_2
[18:12:18] Fixed 3 duplicate /gene - gatC_1 gatC_2 gatC_3
[18:12:18] Fixed 2 duplicate /gene - gltR_1 gltR_2
[18:12:18] Fixed 3 duplicate /gene - ptsI_1 ptsI_2 ptsI_3
[18:12:18] Fixed 2 duplicate /gene - acrB_1 acrB_2
[18:12:18] Fixed 2 duplicate /gene - csgD_1 csgD_2
[18:12:18] Fixed 2 duplicate /gene - manY_1 manY_2
[18:12:18] Fixed 2 duplicate /gene - ybhL_1 ybhL_2
[18:12:18] Fixed 3 duplicate /gene - kdgK_1 kdgK_2 kdgK_3
[18:12:18] Fixed 5 duplicate /gene - assT_1 assT_2 assT_3 assT_4 assT_5
[18:12:18] Fixed 2 duplicate /gene - glcR_1 glcR_2
[18:12:18] Fixed 2 duplicate /gene - rhtC_1 rhtC_2
[18:12:18] Fixed 2 duplicate /gene - gdhA_1 gdhA_2
[18:12:18] Fixed 3 duplicate /gene - glmS_1 glmS_2 glmS_3
[18:12:18] Fixed 2 duplicate /gene - dppA_1 dppA_2
[18:12:18] Fixed 3 duplicate /gene - ubiG_1 ubiG_2 ubiG_3
[18:12:18] Fixed 4 duplicate /gene - sgrR_1 sgrR_2 sgrR_3 sgrR_4
[18:12:18] Fixed 2 duplicate /gene - srlA_1 srlA_2
[18:12:18] Fixed 2 duplicate /gene - hyaE_1 hyaE_2
[18:12:18] Fixed 2 duplicate /gene - afr_1 afr_2
[18:12:18] Fixed 2 duplicate /gene - nuoI_1 nuoI_2
[18:12:18] Fixed 2 duplicate /gene - leuO_1 leuO_2
[18:12:18] Fixed 2 duplicate /gene - tsaA_1 tsaA_2
[18:12:18] Fixed 2 duplicate /gene - ftnA_1 ftnA_2
[18:12:18] Fixed 2 duplicate /gene - appB_1 appB_2
[18:12:18] Fixed 3 duplicate /gene - dmsD_1 dmsD_2 dmsD_3
[18:12:18] Fixed 2 duplicate /gene - apxIB_1 apxIB_2
[18:12:18] Fixed 3 duplicate /gene - bhsA_1 bhsA_2 bhsA_3
[18:12:18] Fixed 3 duplicate /gene - lon_1 lon_2 lon_3
[18:12:18] Fixed 3 duplicate /gene - ccmF_1 ccmF_2 ccmF_3
[18:12:18] Fixed 3 duplicate /gene - gsiA_1 gsiA_2 gsiA_3
[18:12:18] Fixed 2 duplicate /gene - tuf1_1 tuf1_2
[18:12:18] Fixed 2 duplicate /gene - alsT_1 alsT_2
[18:12:18] Fixed 2 duplicate /gene - ccmD_1 ccmD_2
[18:12:18] Fixed 2 duplicate /gene - pduA_1 pduA_2
[18:12:18] Fixed 2 duplicate /gene - ftsI_1 ftsI_2
[18:12:18] Fixed 2 duplicate /gene - araB_1 araB_2
[18:12:18] Fixed 3 duplicate /gene - lrp_1 lrp_2 lrp_3
[18:12:18] Fixed 2 duplicate /gene - fes_1 fes_2
[18:12:18] Fixed 2 duplicate /gene - iolC_1 iolC_2
[18:12:18] Fixed 2 duplicate /gene - actP_1 actP_2
[18:12:18] Fixed 3 duplicate /gene - ynfM_1 ynfM_2 ynfM_3
[18:12:18] Fixed 2 duplicate /gene - yfkN_1 yfkN_2
[18:12:18] Fixed 2 duplicate /gene - gpr_1 gpr_2
[18:12:18] Fixed 2 duplicate /gene - yiaM_1 yiaM_2
[18:12:18] Fixed 2 duplicate /gene - lptB_1 lptB_2
[18:12:18] Fixed 2 duplicate /gene - ibpA_1 ibpA_2
[18:12:18] Fixed 2 duplicate /gene - araC_1 araC_2
[18:12:18] Fixed 2 duplicate /gene - lexA_1 lexA_2
[18:12:18] Fixed 2 duplicate /gene - arcA_1 arcA_2
[18:12:18] Fixed 2 duplicate /gene - kdgM_1 kdgM_2
[18:12:18] Fixed 2 duplicate /gene - artJ_1 artJ_2
[18:12:18] Fixed 2 duplicate /gene - soxS_1 soxS_2
[18:12:18] Fixed 2 duplicate /gene - aroG_1 aroG_2
[18:12:18] Fixed 4 duplicate /gene - elfG_1 elfG_2 elfG_3 elfG_4
[18:12:18] Fixed 2 duplicate /gene - icsA_1 icsA_2
[18:12:18] Fixed 2 duplicate /gene - lutR_1 lutR_2
[18:12:18] Fixed 4 duplicate /gene - manZ_1 manZ_2 manZ_3 manZ_4
[18:12:18] Fixed 2 duplicate /gene - bioD1_1 bioD1_2
[18:12:18] Fixed 3 duplicate /gene - siaT_1 siaT_2 siaT_3
[18:12:18] Fixed 2 duplicate /gene - nlpD_1 nlpD_2
[18:12:18] Fixed 2 duplicate /gene - gudP_1 gudP_2
[18:12:18] Fixed 2 duplicate /gene - treB_1 treB_2
[18:12:18] Fixed 2 duplicate /gene - exbD_1 exbD_2
[18:12:18] Fixed 2 duplicate /gene - ybiV_1 ybiV_2
[18:12:18] Fixed 2 duplicate /gene - metN_1 metN_2
[18:12:18] Fixed 4 duplicate /gene - corC_1 corC_2 corC_3 corC_4
[18:12:18] Fixed 2 duplicate /gene - fucA_1 fucA_2
[18:12:18] Fixed 2 duplicate /gene - dnaC_1 dnaC_2
[18:12:18] Fixed 3 duplicate /gene - oadG_1 oadG_2 oadG_3
[18:12:18] Fixed 5 duplicate /gene - allS_1 allS_2 allS_3 allS_4 allS_5
[18:12:18] Fixed 3 duplicate /gene - nanT_1 nanT_2 nanT_3
[18:12:18] Fixed 2 duplicate /gene - caf1M_1 caf1M_2
[18:12:18] Fixed 2 duplicate /gene - ecfA1_1 ecfA1_2
[18:12:18] Fixed 3 duplicate /gene - recE_1 recE_2 recE_3
[18:12:18] Fixed 2 duplicate /gene - gspA_1 gspA_2
[18:12:18] Fixed 2 duplicate /gene - gmr_1 gmr_2
[18:12:18] Fixed 2 duplicate /gene - artM_1 artM_2
[18:12:18] Fixed 2 duplicate /gene - citX_1 citX_2
[18:12:18] Fixed 2 duplicate /gene - dinB_1 dinB_2
[18:12:18] Fixed 2 duplicate /gene - caf1A_1 caf1A_2
[18:12:18] Fixed 2 duplicate /gene - proS_1 proS_2
[18:12:18] Fixed 2 duplicate /gene - pduV_1 pduV_2
[18:12:18] Fixed 4 duplicate /gene - fimD_1 fimD_2 fimD_3 fimD_4
[18:12:18] Fixed 2 duplicate /gene - mscS_1 mscS_2
[18:12:18] Fixed 2 duplicate /gene - mntB_1 mntB_2
[18:12:18] Fixed 2 duplicate /gene - tcyP_1 tcyP_2
[18:12:18] Fixed 2 duplicate /gene - fdoG_1 fdoG_2
[18:12:18] Fixed 2 duplicate /gene - dnaJ_1 dnaJ_2
[18:12:18] Fixed 3 duplicate /gene - fruA_1 fruA_2 fruA_3
[18:12:18] Fixed 2 duplicate /gene - dam_1 dam_2
[18:12:18] Fixed 2 duplicate /gene - glgX_1 glgX_2
[18:12:18] Fixed 2 duplicate /gene - yiaO_1 yiaO_2
[18:12:18] Fixed 2 duplicate /gene - glmM_1 glmM_2
[18:12:18] Fixed 2 duplicate /gene - cysA_1 cysA_2
[18:12:18] Fixed 3 duplicate /gene - proP_1 proP_2 proP_3
[18:12:18] Fixed 3 duplicate /gene - citG_1 citG_2 citG_3
[18:12:18] Fixed 2 duplicate /gene - yedA_1 yedA_2
[18:12:18] Fixed 2 duplicate /gene - rcsC_1 rcsC_2
[18:12:18] Fixed 2 duplicate /gene - yvoA_1 yvoA_2
[18:12:18] Fixed 3 duplicate /gene - ulaC_1 ulaC_2 ulaC_3
[18:12:18] Fixed 5 duplicate /gene - dmsB_1 dmsB_2 dmsB_3 dmsB_4 dmsB_5
[18:12:18] Fixed 2 duplicate /gene - acs_1 acs_2
[18:12:18] Fixed 2 duplicate /gene - htrB_1 htrB_2
[18:12:18] Fixed 2 duplicate /gene - manP_1 manP_2
[18:12:18] Fixed 2 duplicate /gene - qseF_1 qseF_2
[18:12:18] Fixed 2 duplicate /gene - aaeB_1 aaeB_2
[18:12:18] Fixed 3 duplicate /gene - oadB_1 oadB_2 oadB_3
[18:12:18] Fixed 2 duplicate /gene - por_1 por_2
[18:12:18] Fixed 2 duplicate /gene - clpB_1 clpB_2
[18:12:18] Fixed 2 duplicate /gene - galS_1 galS_2
[18:12:18] Fixed 3 duplicate /gene - dmsA_1 dmsA_2 dmsA_3
[18:12:18] Fixed 2 duplicate /gene - rhmR_1 rhmR_2
[18:12:18] Fixed 2 duplicate /gene - sucD_1 sucD_2
[18:12:18] Fixed 2 duplicate /gene - rlmB_1 rlmB_2
[18:12:18] Fixed 2 duplicate /gene - yhjE_1 yhjE_2
[18:12:18] Fixed 2 duplicate /gene - yfgF_1 yfgF_2
[18:12:18] Fixed 3 duplicate /gene - yicI_1 yicI_2 yicI_3
[18:12:18] Fixed 4 duplicate /gene - adhE_1 adhE_2 adhE_3 adhE_4
[18:12:18] Fixed 2 duplicate /gene - hyaC_1 hyaC_2
[18:12:18] Fixed 3 duplicate /gene - hemN_1 hemN_2 hemN_3
[18:12:18] Fixed 2 duplicate /gene - tktA_1 tktA_2
[18:12:18] Fixed 2 duplicate /gene - fumB_1 fumB_2
[18:12:18] Fixed 2 duplicate /gene - appA_1 appA_2
[18:12:18] Fixed 3 duplicate /gene - gldA_1 gldA_2 gldA_3
[18:12:18] Fixed 2 duplicate /gene - xylE_1 xylE_2
[18:12:18] Fixed 2 duplicate /gene - pepD_1 pepD_2
[18:12:18] Fixed 2 duplicate /gene - aroP_1 aroP_2
[18:12:18] Fixed 2 duplicate /gene - dxs_1 dxs_2
[18:12:18] Fixed 2 duplicate /gene - aspT_1 aspT_2
[18:12:18] Fixed 2 duplicate /gene - pqiB_1 pqiB_2
[18:12:18] Fixed 2 duplicate /gene - cptA_1 cptA_2
[18:12:18] Fixed 2 duplicate /gene - treA_1 treA_2
[18:12:18] Fixed 2 duplicate /gene - qseC_1 qseC_2
[18:12:18] Fixed 2 duplicate /gene - sspH2_1 sspH2_2
[18:12:18] Fixed 2 duplicate /gene - yjaB_1 yjaB_2
[18:12:18] Fixed 364 colliding /gene names.
[18:12:18] Adding /locus_tag identifiers
[18:12:19] Assigned 4634 locus_tags to CDS and RNA features.
[18:12:19] Writing outputs to results/prokka/SL1344/
[18:12:41] Generating annotation statistics file
[18:12:41] Generating Genbank and Sequin files
[18:12:41] Running: tbl2asn -V b -a r10k -l paired-ends -M n -N 1 -y 'Annotated using prokka 1.11 from http://www.vicbioinformatics.com' -Z results\/prokka\/SL1344\/SL1344_03142017\.err -i results\/prokka\/SL1344\/SL1344_03142017\.fsa 2> /dev/null
[18:13:13] Could not run command: tbl2asn -V b -a r10k -l paired-ends -M n -N 1 -y 'Annotated using prokka 1.11 from http://www.vicbioinformatics.com' -Z results\/prokka\/SL1344\/SL1344_03142017\.err -i results\/prokka\/SL1344\/SL1344_03142017\.fsa 2> /dev/null
