[17:16:39] Command: --outdir results/prokka/EC958 --locustag EC958 --genus Escherichia --species coli --kingdom Bacteria --gram neg /home/fatemeh/EnTrI/data/fasta-genome/chromosome/EC958.fa
[17:16:39] Looking for 'aragorn' - found /usr/bin/aragorn
[17:16:39] Determined aragorn version is 1.2
[17:16:39] Looking for 'blastp' - found /usr/bin/blastp
[17:16:39] Determined blastp version is 2.2
[17:16:39] Looking for 'cmpress' - found /usr/local/bin/cmpress
[17:16:39] Determined cmpress version is 1.1
[17:16:39] Looking for 'cmscan' - found /usr/local/bin/cmscan
[17:16:39] Determined cmscan version is 1.1
[17:16:39] Looking for 'egrep' - found /bin/egrep
[17:16:39] Looking for 'find' - found /usr/bin/find
[17:16:39] Looking for 'grep' - found /bin/grep
[17:16:39] Looking for 'hmmpress' - found /usr/local/bin/hmmpress
[17:16:39] Determined hmmpress version is 3.1
[17:16:39] Looking for 'hmmscan' - found /usr/local/bin/hmmscan
[17:16:39] Determined hmmscan version is 3.1
[17:16:39] Looking for 'less' - found /usr/bin/less
[17:16:39] Looking for 'makeblastdb' - found /usr/bin/makeblastdb
[17:16:39] Determined makeblastdb version is 2.2
[17:16:39] Looking for 'minced' - found /home/fatemeh/program-bank/prokka-1.11/bin/../binaries/linux/../common/minced
[17:16:40] Determined minced version is 1.6
[17:16:40] Looking for 'parallel' - found /usr/bin/parallel
[17:16:40] Determined parallel version is 20130922
[17:16:40] Looking for 'prodigal' - found /usr/bin/prodigal
[17:16:40] Determined prodigal version is 2.6
[17:16:40] Looking for 'prokka-genbank_to_fasta_db' - found /home/fatemeh/program-bank/prokka-1.11/bin/prokka-genbank_to_fasta_db
[17:16:40] Looking for 'sed' - found /bin/sed
[17:16:40] Looking for 'signalp' - found /home/fatemeh/program-bank/signalp
[17:16:40] Determined signalp version is 4.1
[17:16:40] Looking for 'tbl2asn' - found /home/fatemeh/program-bank/tbl2asn
[17:16:40] Determined tbl2asn version is 23.9
[17:16:40] Using genetic code table 11.
[17:16:40] Loading and checking input file: /home/fatemeh/EnTrI/data/fasta-genome/chromosome/EC958.fa
[17:16:41] Wrote 1 contigs
[17:16:41] Predicting tRNAs and tmRNAs
[17:16:41] Running: aragorn -gc11  -w results\/prokka\/EC958\/EC958_03142017\.fna
[17:16:44] 1 tRNA-Ile [245105,245181] 35 (gat)
[17:16:44] 2 tRNA-Ala [245224,245299] 34 (tgc)
[17:16:44] 3 tRNA-Asp [248659,248735] 35 (gtc)
[17:16:44] 4 tRNA-Asp [256884,256960] 35 (gtc)
[17:16:44] 5 tRNA-Thr [317413,317488] 34 (cgt)
[17:16:44] 6 tRNA-Ser [385505,385585] 38 (gga)
[17:16:44] 7 tRNA-Arg [586871,586947] 35 (tct)
[17:16:44] 8 tRNA-Gln c[705941,706015] 33 (ctg)
[17:16:44] 9 tRNA-Gln c[706053,706127] 33 (ctg)
[17:16:44] 10 tRNA-Met c[706176,706252] 35 (cat)
[17:16:44] 11 tRNA-Gln c[706268,706342] 33 (ttg)
[17:16:44] 12 tRNA-Gln c[706377,706451] 33 (ttg)
[17:16:44] 13 tRNA-Leu c[706475,706559] 35 (tag)
[17:16:44] 14 tRNA-Met c[706570,706646] 35 (cat)
[17:16:44] 15 tRNA-Lys [792671,792746] 34 (ttt)
[17:16:44] 16 tRNA-Val [792782,792857] 34 (tac)
[17:16:44] 17 tRNA-Lys [792860,792935] 34 (ttt)
[17:16:44] 18 tRNA-Val [792987,793062] 34 (tac)
[17:16:44] 19 tRNA-Lys [793066,793141] 34 (ttt)
[17:16:44] 20 tRNA-Lys [793190,793265] 34 (ttt)
[17:16:44] 21 tRNA-Lys [793299,793374] 34 (ttt)
[17:16:44] 22 tRNA-Ser c[934896,934983] 35 (gga)
[17:16:44] 23 tRNA-Ser c[1105918,1106005] 35 (tga)
[17:16:44] 24 tRNA-Ser c[1157930,1158017] 35 (gga)
[17:16:44] 25 tRNA-Tyr c[1410598,1410682] 35 (gta)
[17:16:44] 26 tRNA-Met [1452428,1452503] 34 (cat)
[17:16:44] 27 tRNA-Arg [1452604,1452680] 35 (tct)
[17:16:44] 28 tRNA-Val [1807924,1808000] 35 (gac)
[17:16:44] 29 tRNA-Val [1808005,1808081] 35 (gac)
[17:16:44] 30 tRNA-Leu c[2085976,2086062] 35 (taa)
[17:16:44] 31 tRNA-Cys c[2086075,2086148] 33 (gca)
[17:16:44] 32 tRNA-Gly c[2086202,2086277] 34 (gcc)
[17:16:44] 33 tRNA-Arg c[2166308,2166382] 35 (tct)
[17:16:44] 34 tRNA-Met c[2166483,2166558] 34 (cat)
[17:16:44] 35 tRNA-Ser c[2179642,2179731] 35 (cga)
[17:16:44] 36 tRNA-Asn [2180723,2180798] 34 (gtt)
[17:16:44] 37 tRNA-Asn c[2220615,2220690] 34 (gtt)
[17:16:44] 38 tRNA-Asn [2222439,2222514] 34 (gtt)
[17:16:44] 39 tRNA-Asn [2224848,2224923] 34 (gtt)
[17:16:44] 40 tRNA-Pro [2486902,2486978] 35 (ggg)
[17:16:44] 41 tRNA-Arg [2656802,2656876] 34 (cct)
[17:16:44] 42 tRNA-Ala c[2708018,2708093] 34 (ggc)
[17:16:44] 43 tRNA-Ala c[2708133,2708208] 34 (ggc)
[17:16:44] 44 tRNA-Val [2710907,2710982] 34 (tac)
[17:16:44] 45 tRNA-Val [2711027,2711102] 34 (tac)
[17:16:44] 46 tRNA-Val [2711149,2711224] 34 (tac)
[17:16:44] 47 tRNA-Lys [2711229,2711304] 34 (ttt)
[17:16:44] 48 tRNA-Glu c[2900867,2900942] 35 (ttc)
[17:16:44] 49 tmRNA [2926890,2927252] 90,125 ANDENYALAA**
[17:16:44] 50 tRNA-Arg c[2958801,2958877] 35 (acg)
[17:16:44] 51 tRNA-Arg c[2958941,2959017] 35 (acg)
[17:16:44] 52 tRNA-Arg c[2959080,2959156] 35 (acg)
[17:16:44] 53 tRNA-Arg c[2959221,2959297] 35 (acg)
[17:16:44] 54 tRNA-Ser c[2959301,2959393] 35 (gct)
[17:16:44] 55 tRNA-Met [3083380,3083456] 35 (cat)
[17:16:44] 56 tRNA-Met [3083490,3083566] 35 (cat)
[17:16:44] 57 tRNA-Met [3083600,3083676] 35 (cat)
[17:16:44] 58 tRNA-Gly c[3170771,3170844] 33 (ccc)
[17:16:44] 59 tRNA-Phe [3284808,3284883] 34 (gaa)
[17:16:44] 60 tRNA-Met [3517423,3517498] 34 (cat)
[17:16:44] 61 tRNA-Met c[3615143,3615219] 35 (cat)
[17:16:44] 62 tRNA-Leu c[3619000,3619086] 35 (gag)
[17:16:44] 63 tRNA-Thr c[3718470,3718545] 34 (ggt)
[17:16:44] 64 tRNA-Ala c[3721864,3721939] 34 (tgc)
[17:16:44] 65 tRNA-Ile c[3721982,3722058] 35 (gat)
[17:16:44] 66 tRNA-Pro c[4000134,4000210] 35 (cgg)
[17:16:44] 67 tRNA-seC [4131037,4131131] 35 (tca)
[17:16:44] 68 tRNA-Glu [4301824,4301899] 35 (ttc)
[17:16:44] 69 tRNA-Asp [4305269,4305345] 35 (gtc)
[17:16:44] 70 tRNA-Trp [4305354,4305429] 34 (cca)
[17:16:44] 71 tRNA-Arg [4339898,4339974] 35 (ccg)
[17:16:44] 72 tRNA-His [4340033,4340108] 34 (gtg)
[17:16:44] 73 tRNA-Ser [4340129,4340215] 35 (cag)
[17:16:44] 74 tRNA-Pro [4340258,4340334] 35 (tgg)
[17:16:44] 75 tRNA-Glu [4416313,4416388] 35 (ttc)
[17:16:44] 76 tRNA-Ile [4545351,4545427] 35 (gat)
[17:16:44] 77 tRNA-Ala [4545470,4545545] 34 (tgc)
[17:16:44] 78 tRNA-Thr [4552316,4552391] 34 (tgt)
[17:16:44] 79 tRNA-Tyr [4552400,4552484] 35 (gta)
[17:16:44] 80 tRNA-Gly [4552601,4552675] 34 (tcc)
[17:16:44] 81 tRNA-Thr [4552682,4552757] 34 (ggt)
[17:16:44] 82 tRNA-Glu [4585636,4585711] 35 (ttc)
[17:16:44] 83 tRNA-Phe c[4777882,4777957] 34 (gaa)
[17:16:44] 84 tRNA-Gly [4807115,4807190] 34 (gcc)
[17:16:44] 85 tRNA-Gly [4807227,4807302] 34 (gcc)
[17:16:44] 86 tRNA-Gly [4807338,4807413] 34 (gcc)
[17:16:44] 87 tRNA-Leu [4913777,4913861] 35 (caa)
[17:16:44] 88 tRNA-Ser c[5074456,5074542] 35 (cag)
[17:16:44] 89 tRNA-Ser c[5074577,5074663] 35 (cag)
[17:16:44] 90 tRNA-Ser c[5074692,5074778] 35 (cag)
[17:16:44] Found 90 tRNAs
[17:16:44] Predicting Ribosomal RNAs
[17:16:44] You need either Barrnap or RNAmmer installed to predict rRNAs!
[17:16:44] Skipping ncRNA search, enable with --rfam if desired.
[17:16:44] Total of 89 tRNA + rRNA features
[17:16:44] Searching for CRISPR repeats
[17:16:46] Found 0 CRISPRs
[17:16:46] Predicting coding sequences
[17:16:46] Contigs total 5109767 bp, so using single mode
[17:16:46] Running: prodigal -i results\/prokka\/EC958\/EC958_03142017\.fna -c -m -g 11 -p single -f sco -q
[17:17:05] Excluding CDS which overlaps existing RNA (tRNA) at HG941718.1:2705622..2708057 on - strand
[17:17:06] Excluding CDS which overlaps existing RNA (tRNA) at HG941718.1:2958940..2959590 on + strand
[17:17:07] Excluding CDS which overlaps existing RNA (tRNA) at HG941718.1:3718393..3718665 on + strand
[17:17:10] Found 4769 CDS
[17:17:10] Connecting features back to sequences
[17:17:10] Looking for signal peptides at start of predicted proteins
[17:17:10] Treating Bacteria as gram-
[17:17:17] Running: signalp -t gram- -f short  results\/prokka\/EC958\/signalp\.faa 2> /dev/null
[17:22:09] Found 440 signal peptides
[17:22:09] Deleting unwanted file: results/prokka/EC958/signalp.faa
[17:22:09] Not using genus-specific database. Try --usegenus to enable it.
[17:22:09] Annotating CDS, please be patient.
[17:22:09] Will use 4 CPUs for similarity searching.
[17:22:16] There are still 4769 unannotated CDS left (started with 4769)
[17:22:16] Will use blast to search against /home/fatemeh/program-bank/prokka-1.11/bin/../db/kingdom/Bacteria/sprot with 4 CPUs
[17:22:16] Running: cat results\/prokka\/EC958\/sprot\.faa | parallel --gnu --plain -j 4 --block 190589 --recstart '>' --pipe blastp -query - -db /home/fatemeh/program-bank/prokka-1.11/bin/../db/kingdom/Bacteria/sprot -evalue 1e-06 -num_threads 1 -num_descriptions 1 -num_alignments 1 -seg no > results\/prokka\/EC958\/sprot\.blast 2> /dev/null
[17:27:01] Modify product: Uncharacterized HTH-type transcriptional regulator YbdO => putative HTH-type transcriptional regulator YbdO
[17:27:02] Modify product: Probable glutamine ABC transporter permease protein GlnM => putative glutamine ABC transporter permease protein GlnM
[17:27:02] Modify product: Uncharacterized lipoprotein ChiQ precursor => putative lipoprotein ChiQ precursor
[17:27:02] Modify product: Uncharacterized zinc-type alcohol dehydrogenase-like protein YjmD => putative zinc-type alcohol dehydrogenase-like protein YjmD
[17:27:02] Modify product: Uncharacterized ABC transporter ATP-binding protein YlmA => putative ABC transporter ATP-binding protein YlmA
[17:27:02] Modify product: Uncharacterized ABC transporter ATP-binding protein YbhF => putative ABC transporter ATP-binding protein YbhF
[17:27:02] Modify product: Probable ATP-dependent helicase DinG => putative ATP-dependent helicase DinG
[17:27:02] Modify product: Uncharacterized oxidoreductase YbiC => putative oxidoreductase YbiC
[17:27:02] Modify product: PKHD-type hydroxylase Sbal_3634 => PKHD-type hydroxylase
[17:27:02] Modify product: Probable L,D-transpeptidase YbiS precursor => putative L,D-transpeptidase YbiS precursor
[17:27:02] Modify product: Uncharacterized ABC transporter ATP-binding protein YheS => putative ABC transporter ATP-binding protein YheS
[17:27:02] Modify product: Uncharacterized lipoprotein YbjP precursor => putative lipoprotein YbjP precursor
[17:27:02] Modify product: Probable 9-O-acetyl-N-acetylneuraminic acid deacetylase precursor => putative 9-O-acetyl-N-acetylneuraminic acid deacetylase precursor
[17:27:02] Modify product: Uncharacterized MFS-type transporter YcaD => putative MFS-type transporter YcaD
[17:27:02] Modify product: Probable formate transporter 1 => putative formate transporter 1
[17:27:02] Modify product: Probable metallo-hydrolase M6_Spy0554 => putative metallo-hydrolase
[17:27:02] Modify product: Probable Ni/Fe-hydrogenase 1 B-type cytochrome subunit => putative Ni/Fe-hydrogenase 1 B-type cytochrome subunit
[17:27:03] Modify product: Probable malonic semialdehyde reductase RutE => putative malonic semialdehyde reductase RutE
[17:27:03] Modify product: Probable diguanylate cyclase YcdT => putative diguanylate cyclase YcdT
[17:27:03] Modify product: Probable phosphatase YcdX => putative phosphatase YcdX
[17:27:03] Modify product: Probable adenylyltransferase/sulfurtransferase MoeZ => putative adenylyltransferase/sulfurtransferase MoeZ
[17:27:03] Modify product: Cytochrome b561 homolog 2 => hypothetical protein
[17:27:03] Modify product: Uncharacterized lipoprotein YceB precursor => putative lipoprotein YceB precursor
[17:27:03] Modify product: Probable peptidoglycan biosynthesis protein MurJ => putative peptidoglycan biosynthesis protein MurJ
[17:27:03] Modify product: Uncharacterized deoxyribonuclease YcfH => putative deoxyribonuclease YcfH
[17:27:03] Modify product: Probable L,D-transpeptidase YcfS precursor => putative L,D-transpeptidase YcfS precursor
[17:27:03] Modify product: Uncharacterized ABC transporter ATP-binding protein HI_1470 => putative ABC transporter ATP-binding protein
[17:27:03] Modify product: Uncharacterized periplasmic iron-binding protein HI_0362 precursor => putative periplasmic iron-binding protein precursor
[17:27:03] Modify product: Probable two-component-system connector protein YcgZ => putative two-component-system connector protein YcgZ
[17:27:03] Modify product: Probable two-component-system connector protein AriR => putative two-component-system connector protein AriR
[17:27:03] Modify product: Probable autotransporter ROD_p1121 precursor => putative autotransporter precursor
[17:27:03] Modify product: Uncharacterized ABC transporter ATP-binding protein HI_1470 => putative ABC transporter ATP-binding protein
[17:27:03] Modify product: Probable ABC transporter permease protein HI_1471 => putative ABC transporter permease protein
[17:27:03] Modify product: Uncharacterized acyl-CoA thioester hydrolase HI_0827 => putative acyl-CoA thioester hydrolase
[17:27:03] Modify product: Probable intracellular septation protein A => putative intracellular septation protein A
[17:27:03] Modify product: Uncharacterized HTH-type transcriptional regulator CBU_1416 => putative HTH-type transcriptional regulator
[17:27:03] Modify product: Probable 9-O-acetyl-N-acetylneuraminic acid deacetylase precursor => putative 9-O-acetyl-N-acetylneuraminic acid deacetylase precursor
[17:27:03] Modify product: Uncharacterized oxidoreductase YciK => putative oxidoreductase YciK
[17:27:03] Modify product: Probable protease SohB => putative protease SohB
[17:27:03] Modify product: Uncharacterized HTH-type transcriptional regulator YfiR => putative HTH-type transcriptional regulator YfiR
[17:27:03] Modify product: Probable efflux pump outer membrane protein TtgC precursor => putative efflux pump outer membrane protein TtgC precursor
[17:27:03] Modify product: Probable D,D-dipeptide transport ATP-binding protein DdpD => putative D,D-dipeptide transport ATP-binding protein DdpD
[17:27:03] Modify product: Uncharacterized oxidoreductase YcjS => putative oxidoreductase YcjS
[17:27:03] Modify product: Probable multidrug resistance protein EmrK => putative multidrug resistance protein EmrK
[17:27:03] Modify product: Probable DNA endonuclease SmrA => putative DNA endonuclease SmrA
[17:27:03] Modify product: Probable diguanylate cyclase YdaM => putative diguanylate cyclase YdaM
[17:27:04] Modify product: Probable autotransporter ROD_p1121 precursor => putative autotransporter precursor
[17:27:04] Modify product: Uncharacterized protease YhbU precursor => putative protease YhbU precursor
[17:27:04] Modify product: Uncharacterized HTH-type transcriptional regulator YdcR => putative HTH-type transcriptional regulator YdcR
[17:27:04] Modify product: Uncharacterized isomerase YddE => putative isomerase YddE
[17:27:04] Modify product: Probable nitrate reductase molybdenum cofactor assembly chaperone NarW => putative nitrate reductase molybdenum cofactor assembly chaperone NarW
[17:27:04] Modify product: Uncharacterized HTH-type transcriptional regulator YddM => putative HTH-type transcriptional regulator YddM
[17:27:04] Modify product: Probable glutamate/gamma-aminobutyrate antiporter => putative glutamate/gamma-aminobutyrate antiporter
[17:27:04] Modify product: Anaerobic sulfatase-maturating enzyme homolog YdeM => hypothetical protein
[17:27:04] Modify product: Probable diguanylate cyclase YedQ => putative diguanylate cyclase YedQ
[17:27:04] Modify product: Probable amino-acid metabolite efflux pump => putative amino-acid metabolite efflux pump
[17:27:04] Modify product: Uncharacterized HTH-type transcriptional regulator YdfH => putative HTH-type transcriptional regulator YdfH
[17:27:04] Modify product: Uncharacterized zinc-type alcohol dehydrogenase-like protein YjmD => putative zinc-type alcohol dehydrogenase-like protein YjmD
[17:27:04] Modify product: Probable dimethyl sulfoxide reductase chain YnfF precursor => putative dimethyl sulfoxide reductase chain YnfF precursor
[17:27:04] Modify product: Probable dimethyl sulfoxide reductase chain YnfF precursor => putative dimethyl sulfoxide reductase chain YnfF precursor
[17:27:04] Modify product: DNA replication terminus site-binding protein => hypothetical protein
[17:27:04] Modify product: Uncharacterized oxidoreductase YdgJ => putative oxidoreductase YdgJ
[17:27:04] Modify product: Probable autotransporter ROD_p1121 precursor => putative autotransporter precursor
[17:27:04] Modify product: Uncharacterized ferredoxin-like protein YdhX precursor => putative ferredoxin-like protein YdhX precursor
[17:27:04] Modify product: Uncharacterized oxidoreductase YdhV => putative oxidoreductase YdhV
[17:27:04] Modify product: Uncharacterized ferredoxin-like protein YdhY => putative ferredoxin-like protein YdhY
[17:27:04] Modify product: Probable L,D-transpeptidase YnhG precursor => putative L,D-transpeptidase YnhG precursor
[17:27:04] Modify product: Probable ATP-dependent transporter SufC => putative ATP-dependent transporter SufC
[17:27:04] Modify product: Uncharacterized FAD-linked oxidoreductase Rv2280 => putative FAD-linked oxidoreductase
[17:27:04] Modify product: Uncharacterized sugar kinase YdjH => putative sugar kinase YdjH
[17:27:04] Modify product: Probable fructose-bisphosphate aldolase => putative fructose-bisphosphate aldolase
[17:27:04] Modify product: Stress response UPF0229 protein YhbH => hypothetical protein
[17:27:04] Modify product: Probable diguanylate cyclase YeaP => putative diguanylate cyclase YeaP
[17:27:04] Modify product: Probable S-adenosyl-L-methionine-dependent methyltransferase TehB => putative S-adenosyl-L-methionine-dependent methyltransferase TehB
[17:27:04] Modify product: Probable ATP-dependent helicase DinG => putative ATP-dependent helicase DinG
[17:27:04] Modify product: Probable manganese efflux pump MntP => putative manganese efflux pump MntP
[17:27:05] Modify product: Uncharacterized HTH-type transcriptional regulator YbbH => putative HTH-type transcriptional regulator YbbH
[17:27:05] Modify product: Probable transcriptional regulatory protein YebC => putative transcriptional regulatory protein YebC
[17:27:05] Modify product: Probable diguanylate cyclase YedQ => putative diguanylate cyclase YedQ
[17:27:05] Modify product: Uncharacterized inner membrane transporter YedA => putative inner membrane transporter YedA
[17:27:05] Modify product: Probable sensor-like histidine kinase YedV => putative sensor-like histidine kinase YedV
[17:27:05] Modify product: Probable transcriptional regulatory protein YedW => putative transcriptional regulatory protein YedW
[17:27:05] Modify product: Putative multidrug export ATP-binding/permease protein SAV1866 => Putative multidrug export ATP-binding/permease protein
[17:27:05] Modify product: Probable transcriptional regulatory protein YeeN => putative transcriptional regulatory protein YeeN
[17:27:05] Modify product: Probable L,D-transpeptidase ErfK/SrfK precursor => putative L,D-transpeptidase ErfK/SrfK precursor
[17:27:05] Modify product: Phosphotriesterase homology protein => hypothetical protein
[17:27:05] Modify product: Probable siderophore transport system ATP-binding protein YusV => putative siderophore transport system ATP-binding protein YusV
[17:27:05] Modify product: Putative acetyltransferase SACOL2570 => Putative acetyltransferase
[17:27:05] Modify product: PGL/p-HBAD biosynthesis glycosyltransferase Rv2957/MT3031 => PGL/p-HBAD biosynthesis glycosyltransferase/MT3031
[17:27:05] Modify product: Probable diguanylate cyclase YegE => putative diguanylate cyclase YegE
[17:27:05] Modify product: Uncharacterized protease YhbU precursor => putative protease YhbU precursor
[17:27:05] Modify product: Uncharacterized HTH-type transcriptional regulator YegW => putative HTH-type transcriptional regulator YegW
[17:27:05] Modify product: Uncharacterized lipoprotein YehR precursor => putative lipoprotein YehR precursor
[17:27:06] Modify product: Probable tRNA (adenine(37)-N6)-methyltransferase => putative tRNA (adenine(37)-N6)-methyltransferase
[17:27:06] Modify product: Uncharacterized methyltransferase YcgJ => putative methyltransferase YcgJ
[17:27:06] Modify product: Probable endopeptidase YafL precursor => putative endopeptidase YafL precursor
[17:27:06] Modify product: Uncharacterized N-acetyltransferase YafP => putative N-acetyltransferase YafP
[17:27:06] Modify product: Probable type I restriction enzyme BthVORF4518P M protein => putative type I restriction enzymeP M protein
[17:27:06] Modify product: Uncharacterized membrane protein YkgR => putative membrane protein YkgR
[17:27:06] Modify product: Uncharacterized oxidoreductase YtbE => putative oxidoreductase YtbE
[17:27:06] Modify product: Probable autotransporter ROD_p1121 precursor => putative autotransporter precursor
[17:27:07] Modify product: Probable diguanylate cyclase AdrA => putative diguanylate cyclase AdrA
[17:27:07] Modify product: Uncharacterized lipoprotein YajI precursor => putative lipoprotein YajI precursor
[17:27:07] Modify product: Probable multidrug resistance ABC transporter ATP-binding/permease protein YheI => putative multidrug resistance ABC transporter ATP-binding/permease protein YheI
[17:27:07] Modify product: Uncharacterized membrane protein YjcC => putative membrane protein YjcC
[17:27:07] Modify product: Uncharacterized HTH-type transcriptional regulator YbaQ => putative HTH-type transcriptional regulator YbaQ
[17:27:07] Modify product: Uncharacterized ABC transporter ATP-binding protein YbbL => putative ABC transporter ATP-binding protein YbbL
[17:27:07] Modify product: Bifunctional protein FolD => Bifunctional protein FolD protein
[17:27:07] Modify product: Probable siderophore transport system ATP-binding protein YusV => putative siderophore transport system ATP-binding protein YusV
[17:27:07] Modify product: Probable xanthine dehydrogenase subunit A => putative xanthine dehydrogenase subunit A
[17:27:07] Modify product: Probable Fe(2+)-trafficking protein => putative Fe(2+)-trafficking protein
[17:27:07] Modify product: Uncharacterized membrane protein YdfK => putative membrane protein YdfK
[17:27:07] Modify product: Probable 9-O-acetyl-N-acetylneuraminic acid deacetylase precursor => putative 9-O-acetyl-N-acetylneuraminic acid deacetylase precursor
[17:27:07] Modify product: Probable N-acetylneuraminic acid outer membrane channel protein NanC precursor => putative N-acetylneuraminic acid outer membrane channel protein NanC precursor
[17:27:08] Modify product: Uncharacterized FAD-linked oxidoreductase Rv2280 => putative FAD-linked oxidoreductase
[17:27:08] Modify product: Uncharacterized FAD-linked oxidoreductase Rv2280 => putative FAD-linked oxidoreductase
[17:27:08] Modify product: Putative ligase Rv1013 => Putative ligase
[17:27:08] Modify product: Probable Ni/Fe-hydrogenase 2 b-type cytochrome subunit => putative Ni/Fe-hydrogenase 2 b-type cytochrome subunit
[17:27:08] Modify product: Uncharacterized oxidoreductase YghA => putative oxidoreductase YghA
[17:27:08] Modify product: Uncharacterized oxidoreductase YjmC => putative oxidoreductase YjmC
[17:27:08] Modify product: Probable quinol monooxygenase YgiN => putative quinol monooxygenase YgiN
[17:27:08] Modify product: Uncharacterized HTH-type transcriptional regulator YbbH => putative HTH-type transcriptional regulator YbbH
[17:27:08] Modify product: Probable siderophore transport system permease protein YfiZ precursor => putative siderophore transport system permease protein YfiZ precursor
[17:27:08] Modify product: Probable siderophore transport system ATP-binding protein YusV => putative siderophore transport system ATP-binding protein YusV
[17:27:08] Modify product: Probable glycerol-3-phosphate acyltransferase => putative glycerol-3-phosphate acyltransferase
[17:27:08] Modify product: Probable galactarate transporter => putative galactarate transporter
[17:27:08] Modify product: Uncharacterized protease YhbU precursor => putative protease YhbU precursor
[17:27:08] Modify product: Transcription termination/antitermination protein NusA => hypothetical protein
[17:27:08] Modify product: Uncharacterized inner membrane transporter YhbE => putative inner membrane transporter YhbE
[17:27:08] Modify product: Probable phospholipid ABC transporter-binding protein MlaB => putative phospholipid ABC transporter-binding protein MlaB
[17:27:08] Modify product: Probable phospholipid-binding protein MlaC precursor => putative phospholipid-binding protein MlaC precursor
[17:27:08] Modify product: Probable phospholipid ABC transporter-binding protein MlaD => putative phospholipid ABC transporter-binding protein MlaD
[17:27:08] Modify product: Probable phospholipid ABC transporter permease protein MlaE => putative phospholipid ABC transporter permease protein MlaE
[17:27:08] Modify product: Probable phospholipid import ATP-binding protein MlaF => putative phospholipid import ATP-binding protein MlaF
[17:27:08] Modify product: Probable acrylyl-CoA reductase AcuI => putative acrylyl-CoA reductase AcuI
[17:27:08] Modify product: Probable acrEF/envCD operon repressor => putative acrEF/envCD operon repressor
[17:27:08] Modify product: Probable glutamine ABC transporter permease protein GlnM => putative glutamine ABC transporter permease protein GlnM
[17:27:09] Modify product: Probable bifunctional chitinase/lysozyme precursor => putative bifunctional chitinase/lysozyme precursor
[17:27:09] Modify product: Uncharacterized ABC transporter ATP-binding protein YheS => putative ABC transporter ATP-binding protein YheS
[17:27:09] Modify product: Probable adenosine monophosphate-protein transferase fic => putative adenosine monophosphate-protein transferase fic
[17:27:09] Modify product: Phosphotriesterase homology protein => hypothetical protein
[17:27:09] Modify product: Uncharacterized tRNA/rRNA methyltransferase HI_0380 => putative tRNA/rRNA methyltransferase
[17:27:09] Modify product: Uncharacterized HTH-type transcriptional regulator RhmR => putative HTH-type transcriptional regulator RhmR
[17:27:09] Modify product: Probable 4-deoxy-4-formamido-L-arabinose-phosphoundecaprenol deformylase ArnD => putative 4-deoxy-4-formamido-L-arabinose-phosphoundecaprenol deformylase ArnD
[17:27:09] Modify product: Probable 4-amino-4-deoxy-L-arabinose-phosphoundecaprenol flippase subunit ArnE => putative 4-amino-4-deoxy-L-arabinose-phosphoundecaprenol flippase subunit ArnE
[17:27:09] Modify product: Probable 4-amino-4-deoxy-L-arabinose-phosphoundecaprenol flippase subunit ArnF => putative 4-amino-4-deoxy-L-arabinose-phosphoundecaprenol flippase subunit ArnF
[17:27:09] Modify product: Uncharacterized Nudix hydrolase YfcD => putative Nudix hydrolase YfcD
[17:27:09] Modify product: Epimerase family protein SA0724 => Epimerase family protein
[17:27:09] Modify product: Probable galactarate transporter => putative galactarate transporter
[17:27:09] Modify product: Probable phospholipid-binding lipoprotein MlaA precursor => putative phospholipid-binding lipoprotein MlaA precursor
[17:27:09] Modify product: Probable multidrug resistance protein EmrY => putative multidrug resistance protein EmrY
[17:27:09] Modify product: Probable multidrug resistance protein EmrK => putative multidrug resistance protein EmrK
[17:27:09] Modify product: Probable oxalyl-CoA decarboxylase => putative oxalyl-CoA decarboxylase
[17:27:09] Modify product: Uncharacterized peptidase SA1530 => putative peptidase
[17:27:09] Modify product: Probable deferrochelatase/peroxidase YfeX => putative deferrochelatase/peroxidase YfeX
[17:27:09] Modify product: Probable 3-phenylpropionic acid transporter => putative 3-phenylpropionic acid transporter
[17:27:09] Modify product: Uncharacterized ferredoxin-like protein YfhL => putative ferredoxin-like protein YfhL
[17:27:10] Modify product: Probable diguanylate cyclase YfiN => putative diguanylate cyclase YfiN
[17:27:10] Modify product: Probable inorganic polyphosphate/ATP-NAD kinase => putative inorganic polyphosphate/ATP-NAD kinase
[17:27:10] Modify product: Probable HTH-type transcriptional regulator YgaV => putative HTH-type transcriptional regulator YgaV
[17:27:10] Modify product: Uncharacterized FAD-linked oxidoreductase Rv2280 => putative FAD-linked oxidoreductase
[17:27:10] Modify product: Probable glucarate transporter => putative glucarate transporter
[17:27:10] Modify product: Uncharacterized lipoprotein YgdR precursor => putative lipoprotein YgdR precursor
[17:27:10] Modify product: Probable lipoprotein YiaD precursor => putative lipoprotein YiaD precursor
[17:27:10] Modify product: Uncharacterized lipoprotein YgdR precursor => putative lipoprotein YgdR precursor
[17:27:10] Modify product: Putative membrane protein IgaA homolog => hypothetical protein
[17:27:10] Modify product: Uncharacterized oxidoreductase YhhX => putative oxidoreductase YhhX
[17:27:10] Modify product: Uncharacterized ABC transporter ATP-binding protein YbhF => putative ABC transporter ATP-binding protein YbhF
[17:27:10] Modify product: Probable multidrug resistance protein EmrK => putative multidrug resistance protein EmrK
[17:27:11] Modify product: Uncharacterized MFS-type transporter YhjX => putative MFS-type transporter YhjX
[17:27:11] Modify product: Uncharacterized N-acetyltransferase YjaB => putative N-acetyltransferase YjaB
[17:27:11] Modify product: Probable lipoprotein YiaD precursor => putative lipoprotein YiaD precursor
[17:27:11] Modify product: Uncharacterized GST-like protein YibF => putative GST-like protein YibF
[17:27:11] Modify product: Uncharacterized glycosyltransferase EpsJ => putative glycosyltransferase EpsJ
[17:27:11] Modify product: Probable poly(glycerol-phosphate) alpha-glucosyltransferase => putative poly(glycerol-phosphate) alpha-glucosyltransferase
[17:27:11] Modify product: Probable fructose-bisphosphate aldolase => putative fructose-bisphosphate aldolase
[17:27:11] Modify product: Uncharacterized inner membrane transporter YicL => putative inner membrane transporter YicL
[17:27:11] Modify product: Uncharacterized symporter YidK => putative symporter YidK
[17:27:11] Modify product: Probable adenine permease PurP => putative adenine permease PurP
[17:27:11] Modify product: Probable transport protein HsrA => putative transport protein HsrA
[17:27:11] Modify product: Transcription termination factor Rho => hypothetical protein
[17:27:11] Modify product: Probable transport protein YifK => putative transport protein YifK
[17:27:11] Modify product: Uncharacterized HTH-type transcriptional regulator YbbH => putative HTH-type transcriptional regulator YbbH
[17:27:11] Modify product: Probable protein kinase UbiB => putative protein kinase UbiB
[17:27:11] Modify product: Probable acyltransferase YihG => putative acyltransferase YihG
[17:27:11] Modify product: Probable GTP-binding protein EngB => putative GTP-binding protein EngB
[17:27:11] Modify product: Uncharacterized aldolase YihT => putative aldolase YihT
[17:27:11] Modify product: Uncharacterized zinc-type alcohol dehydrogenase-like protein YjmD => putative zinc-type alcohol dehydrogenase-like protein YjmD
[17:27:11] Modify product: Uncharacterized inner membrane transporter yiJE => putative inner membrane transporter yiJE
[17:27:11] Modify product: Uncharacterized hydrolase YxeP => putative hydrolase YxeP
[17:27:11] Modify product: Transcription termination/antitermination protein NusG => hypothetical protein
[17:27:12] Modify product: Uncharacterized N-acetyltransferase YjaB => putative N-acetyltransferase YjaB
[17:27:12] Modify product: Uncharacterized lipoprotein GfcB precursor => putative lipoprotein GfcB precursor
[17:27:12] Modify product: Probable tRNA-dihydrouridine synthase => putative tRNA-dihydrouridine synthase
[17:27:12] Modify product: Probable enoyl-CoA hydratase => putative enoyl-CoA hydratase
[17:27:12] Modify product: Uncharacterized membrane protein YjcC => putative membrane protein YjcC
[17:27:12] Modify product: Uncharacterized ferredoxin-like protein YdhX precursor => putative ferredoxin-like protein YdhX precursor
[17:27:12] Modify product: Probable D,D-dipeptide transport ATP-binding protein DdpD => putative D,D-dipeptide transport ATP-binding protein DdpD
[17:27:12] Modify product: Probable D,D-dipeptide transport system permease protein DdpC => putative D,D-dipeptide transport system permease protein DdpC
[17:27:12] Modify product: Probable D,D-dipeptide-binding periplasmic protein DdpA precursor => putative D,D-dipeptide-binding periplasmic protein DdpA precursor
[17:27:12] Modify product: Probable transcriptional regulator PhnF => putative transcriptional regulator PhnF
[17:27:12] Modify product: Probable fimbrial chaperone protein ElfD precursor => putative fimbrial chaperone protein ElfD precursor
[17:27:12] Modify product: Probable dipeptide and tripeptide permease YjdL => putative dipeptide and tripeptide permease YjdL
[17:27:12] Modify product: Probable cadaverine/lysine antiporter => putative cadaverine/lysine antiporter
[17:27:12] Modify product: Probable L-ascorbate-6-phosphate lactonase UlaG => putative L-ascorbate-6-phosphate lactonase UlaG
[17:27:12] Modify product: Uncharacterized HTH-type transcriptional regulator RhmR => putative HTH-type transcriptional regulator RhmR
[17:27:12] Modify product: Probable 2-keto-3-deoxy-galactonate aldolase YagE => putative 2-keto-3-deoxy-galactonate aldolase YagE
[17:27:12] Modify product: Probable sulfoacetate transporter SauU => putative sulfoacetate transporter SauU
[17:27:12] Modify product: Probable siderophore transport system ATP-binding protein YusV => putative siderophore transport system ATP-binding protein YusV
[17:27:12] Modify product: Probable RNA polymerase sigma factor FecI => putative RNA polymerase sigma factor FecI
[17:27:12] Modify product: Probable 2-keto-3-deoxy-galactonate aldolase YagE => putative 2-keto-3-deoxy-galactonate aldolase YagE
[17:27:12] Modify product: Probable 9-O-acetyl-N-acetylneuraminic acid deacetylase precursor => putative 9-O-acetyl-N-acetylneuraminic acid deacetylase precursor
[17:27:12] Modify product: Probable N-acetylneuraminic acid outer membrane channel protein NanC precursor => putative N-acetylneuraminic acid outer membrane channel protein NanC precursor
[17:27:12] Modify product: Uncharacterized HTH-type transcriptional regulator YjiR => putative HTH-type transcriptional regulator YjiR
[17:27:12] Modify product: Uncharacterized GTP-binding protein YjiA => putative GTP-binding protein YjiA
[17:27:12] Modify product: Probable HTH-type transcriptional regulator YjjM => putative HTH-type transcriptional regulator YjjM
[17:27:12] Modify product: Uncharacterized deoxyribonuclease YjjV => putative deoxyribonuclease YjjV
[17:27:12] Modify product: DNA repair protein RadA homolog => hypothetical protein
[17:27:12] Modify product: Uncharacterized ABC transporter ATP-binding protein YjjK => putative ABC transporter ATP-binding protein YjjK
[17:27:12] Cleaned 219 /product names
[17:27:12] Deleting unwanted file: results/prokka/EC958/sprot.faa
[17:27:12] Deleting unwanted file: results/prokka/EC958/sprot.blast
[17:27:14] There are still 1412 unannotated CDS left (started with 4769)
[17:27:14] Will use hmmer3 to search against /home/fatemeh/program-bank/prokka-1.11/bin/../db/hmm/CLUSTERS.hmm with 4 CPUs
[17:27:14] Running: cat results\/prokka\/EC958\/CLUSTERS\.hmm\.faa | parallel --gnu --plain -j 4 --block 41144 --recstart '>' --pipe hmmscan --noali --notextw --acc -E 1e-06 --cpu 1 /home/fatemeh/program-bank/prokka-1.11/bin/../db/hmm/CLUSTERS.hmm /dev/stdin > results\/prokka\/EC958\/CLUSTERS\.hmm\.hmmer3 2> /dev/null
[17:35:00] Deleting unwanted file: results/prokka/EC958/CLUSTERS.hmm.faa
[17:35:00] Deleting unwanted file: results/prokka/EC958/CLUSTERS.hmm.hmmer3
[17:35:02] There are still 1018 unannotated CDS left (started with 4769)
[17:35:02] Will use hmmer3 to search against /home/fatemeh/program-bank/prokka-1.11/bin/../db/hmm/HAMAP.hmm with 4 CPUs
[17:35:02] Running: cat results\/prokka\/EC958\/HAMAP\.hmm\.faa | parallel --gnu --plain -j 4 --block 29262 --recstart '>' --pipe hmmscan --noali --notextw --acc -E 1e-06 --cpu 1 /home/fatemeh/program-bank/prokka-1.11/bin/../db/hmm/HAMAP.hmm /dev/stdin > results\/prokka\/EC958\/HAMAP\.hmm\.hmmer3 2> /dev/null
[17:37:01] Deleting unwanted file: results/prokka/EC958/HAMAP.hmm.faa
[17:37:01] Deleting unwanted file: results/prokka/EC958/HAMAP.hmm.hmmer3
[17:37:03] There are still 1005 unannotated CDS left (started with 4769)
[17:37:03] Will use hmmer3 to search against /home/fatemeh/program-bank/prokka-1.11/bin/../db/hmm/Pfam.hmm with 4 CPUs
[17:37:03] Running: cat results\/prokka\/EC958\/Pfam\.hmm\.faa | parallel --gnu --plain -j 4 --block 28793 --recstart '>' --pipe hmmscan --noali --notextw --acc -E 1e-06 --cpu 1 /home/fatemeh/program-bank/prokka-1.11/bin/../db/hmm/Pfam.hmm /dev/stdin > results\/prokka\/EC958\/Pfam\.hmm\.hmmer3 2> /dev/null
[17:44:30] Modify product: Tripartite tricarboxylate transporter TctB family => Tripartite tricarboxylate transporter TctB family protein
[17:44:30] Modify product: Tripartite tricarboxylate transporter TctA family => Tripartite tricarboxylate transporter TctA family protein
[17:44:30] Modify product: Transposase IS66 family => Transposase IS66 family protein
[17:44:30] Modify product: Alpha/beta hydrolase family => Alpha/beta hydrolase family protein
[17:44:30] Modify product: TraB family => TraB family protein
[17:44:30] Modify product: FtsX-like permease family => FtsX-like permease family protein
[17:44:30] Modify product: Phage integrase family => Phage integrase family protein
[17:44:30] Modify product: Methyltransferase domain => Methyltransferase domain protein
[17:44:30] Modify product: Sel1 repeat => Sel1 repeat protein
[17:44:30] Modify product: BNR/Asp-box repeat => BNR/Asp-box repeat protein
[17:44:30] Modify product: Integral membrane protein TerC family => Integral membrane protein TerC family protein
[17:44:30] Modify product: Phage tail fibre repeat => Phage tail fibre repeat protein
[17:44:30] Modify product: Phage virion morphogenesis family => Phage virion morphogenesis family protein
[17:44:30] Modify product: Terminase-like family => Terminase-like family protein
[17:44:30] Modify product: Phage tail fibre repeat => Phage tail fibre repeat protein
[17:44:30] Modify product: Phage virion morphogenesis family => Phage virion morphogenesis family protein
[17:44:30] Modify product: Terminase-like family => Terminase-like family protein
[17:44:30] Modify product: Integrase core domain => Integrase core domain protein
[17:44:30] Modify product: Mor transcription activator family => Mor transcription activator family protein
[17:44:30] Modify product: HupH hydrogenase expression protein, C-terminal conserved region => hypothetical protein
[17:44:30] Modify product: GnsA/GnsB family => GnsA/GnsB family protein
[17:44:30] Modify product: Stress-induced bacterial acidophilic repeat motif => Stress-induced bacterial acidophilic repeat motif protein
[17:44:30] Modify product: Bacteriophage lambda integrase, N-terminal domain => hypothetical protein
[17:44:30] Modify product: YqaJ-like viral recombinase domain => YqaJ-like viral recombinase domain protein
[17:44:30] Modify product: RecT family => RecT family protein
[17:44:30] Modify product: NlpC/P60 family => NlpC/P60 family protein
[17:44:30] Modify product: Prophage tail fibre N-terminal => hypothetical protein
[17:44:30] Modify product: Fels-1 Prophage Protein-like => Fels-1 Prophage Protein-like protein
[17:44:30] Modify product: DsrE/DsrF-like family => DsrE/DsrF-like family protein
[17:44:30] Modify product: PAP2 superfamily => PAP2 superfamily protein
[17:44:30] Modify product: Fatty acid hydroxylase superfamily => Fatty acid hydroxylase superfamily protein
[17:44:30] Modify product: Insertion element 4 transposase N-terminal => hypothetical protein
[17:44:30] Modify product: Bacteriophage lambda integrase, N-terminal domain => hypothetical protein
[17:44:30] Modify product: Immunoglobulin I-set domain => Immunoglobulin I-set domain protein
[17:44:30] Modify product: NlpC/P60 family => NlpC/P60 family protein
[17:44:30] Modify product: Integrase core domain => Integrase core domain protein
[17:44:30] Modify product: Methyltransferase domain => Methyltransferase domain protein
[17:44:30] Modify product: NmrA-like family => NmrA-like family protein
[17:44:30] Modify product: Alpha/beta hydrolase family => Alpha/beta hydrolase family protein
[17:44:30] Modify product: Transposase DDE domain => Transposase DDE domain protein
[17:44:30] Modify product: Peptidase M16 inactive domain => Peptidase M16 inactive domain protein
[17:44:30] Modify product: Carboxymuconolactone decarboxylase family => Carboxymuconolactone decarboxylase family protein
[17:44:31] Modify product: PrkA AAA domain => PrkA AAA domain protein
[17:44:31] Modify product: Integrase core domain => Integrase core domain protein
[17:44:31] Modify product: ORF6N domain => ORF6N domain protein
[17:44:31] Modify product: Phage integrase family => Phage integrase family protein
[17:44:31] Modify product: Helix-turn-helix domain => Helix-turn-helix domain protein
[17:44:31] Modify product: Transposase IS200 like => Transposase IS200 like protein
[17:44:31] Modify product: Integrase core domain => Integrase core domain protein
[17:44:31] Modify product: Prophage tail fibre N-terminal => hypothetical protein
[17:44:31] Modify product: Transposase IS200 like => Transposase IS200 like protein
[17:44:31] Modify product: NlpC/P60 family => NlpC/P60 family protein
[17:44:31] Modify product: Phage capsid family => Phage capsid family protein
[17:44:31] Modify product: ParB-like nuclease domain => ParB-like nuclease domain protein
[17:44:31] Modify product: Transposase IS116/IS110/IS902 family => Transposase IS116/IS110/IS902 family protein
[17:44:31] Modify product: Integrase core domain => Integrase core domain protein
[17:44:31] Modify product: Transposase IS66 family => Transposase IS66 family protein
[17:44:31] Modify product: Integrase core domain => Integrase core domain protein
[17:44:31] Modify product: Transposase IS200 like => Transposase IS200 like protein
[17:44:31] Modify product: NAD dependent epimerase/dehydratase family => NAD dependent epimerase/dehydratase family protein
[17:44:31] Modify product: von Willebrand factor type A domain => von Willebrand factor type A domain protein
[17:44:31] Modify product: InsA C-terminal domain => hypothetical protein
[17:44:31] Modify product: WGR domain => WGR domain protein
[17:44:31] Modify product: WGR domain => WGR domain protein
[17:44:31] Modify product: MG2 domain => MG2 domain protein
[17:44:31] Modify product: Ash protein family => Ash protein family protein
[17:44:31] Modify product: Helix-turn-helix domain => Helix-turn-helix domain protein
[17:44:31] Modify product: Glycine zipper 2TM domain => Glycine zipper 2TM domain protein
[17:44:31] Modify product: Alpha-2-macroglobulin family N-terminal region => hypothetical protein
[17:44:31] Modify product: Alpha/beta hydrolase family => Alpha/beta hydrolase family protein
[17:44:31] Modify product: DTW domain => DTW domain protein
[17:44:31] Modify product: Metallo-beta-lactamase superfamily => Metallo-beta-lactamase superfamily protein
[17:44:31] Modify product: Transglycosylase SLT domain => Transglycosylase SLT domain protein
[17:44:31] Modify product: Integrase core domain => Integrase core domain protein
[17:44:31] Modify product: ImpA-related N-terminal => hypothetical protein
[17:44:31] Modify product: Integral membrane protein TerC family => Integral membrane protein TerC family protein
[17:44:31] Modify product: LysR substrate binding domain => LysR substrate binding domain protein
[17:44:31] Modify product: Alanine racemase, N-terminal domain => hypothetical protein
[17:44:31] Modify product: YGGT family => YGGT family protein
[17:44:31] Modify product: InsA C-terminal domain => hypothetical protein
[17:44:31] Modify product: InsA C-terminal domain => hypothetical protein
[17:44:31] Modify product: Integrase core domain => Integrase core domain protein
[17:44:31] Modify product: Major Facilitator Superfamily => Major Facilitator Superfamily protein
[17:44:31] Modify product: Integrase core domain => Integrase core domain protein
[17:44:31] Modify product: Integrase core domain => Integrase core domain protein
[17:44:31] Modify product: Transposase IS66 family => Transposase IS66 family protein
[17:44:31] Modify product: Transposase IS66 family => Transposase IS66 family protein
[17:44:31] Modify product: Integrase core domain => Integrase core domain protein
[17:44:31] Modify product: Lumazine-binding domain => Lumazine-binding domain protein
[17:44:31] Modify product: CYTH domain => CYTH domain protein
[17:44:31] Modify product: Integrase core domain => Integrase core domain protein
[17:44:31] Modify product: SCP-2 sterol transfer family => SCP-2 sterol transfer family protein
[17:44:31] Modify product: YheO-like PAS domain => YheO-like PAS domain protein
[17:44:31] Modify product: Alanine racemase, N-terminal domain => hypothetical protein
[17:44:31] Modify product: Probable transposase => putative transposase
[17:44:31] Modify product: ChuX-like family => ChuX-like family protein
[17:44:31] Modify product: Peptidase M16 inactive domain => Peptidase M16 inactive domain protein
[17:44:31] Modify product: Fic/DOC family => Fic/DOC family protein
[17:44:31] Modify product: AsmA family => AsmA family protein
[17:44:31] Modify product: PglZ domain => PglZ domain protein
[17:44:31] Modify product: Integrase core domain => Integrase core domain protein
[17:44:31] Modify product: Transposase IS66 family => Transposase IS66 family protein
[17:44:31] Modify product: Transposase IS66 family => Transposase IS66 family protein
[17:44:31] Modify product: Transposase IS66 family => Transposase IS66 family protein
[17:44:31] Modify product: Transposase IS66 family => Transposase IS66 family protein
[17:44:31] Modify product: Integrase core domain => Integrase core domain protein
[17:44:31] Modify product: EamA-like transporter family => EamA-like transporter family protein
[17:44:31] Modify product: EamA-like transporter family => EamA-like transporter family protein
[17:44:31] Modify product: Tripartite tricarboxylate transporter TctA family => Tripartite tricarboxylate transporter TctA family protein
[17:44:31] Modify product: Tripartite tricarboxylate transporter TctB family => Tripartite tricarboxylate transporter TctB family protein
[17:44:31] Modify product: SCP-2 sterol transfer family => SCP-2 sterol transfer family protein
[17:44:31] Modify product: Sel1 repeat => Sel1 repeat protein
[17:44:31] Modify product: Metallo-beta-lactamase superfamily => Metallo-beta-lactamase superfamily protein
[17:44:31] Modify product: Acetyltransferase (GNAT) family => Acetyltransferase (GNAT) family protein
[17:44:31] Modify product: Acetyltransferase (GNAT) family => Acetyltransferase (GNAT) family protein
[17:44:31] Modify product: PspA/IM30 family => PspA/IM30 family protein
[17:44:31] Modify product: Opacity-associated protein A LysM-like domain => Opacity-associated protein A LysM-like domain protein
[17:44:31] Modify product: Acetyltransferase (GNAT) family => Acetyltransferase (GNAT) family protein
[17:44:31] Modify product: AAA-like domain => AAA-like domain protein
[17:44:31] Modify product: Transposase IS66 family => Transposase IS66 family protein
[17:44:31] Modify product: Transposase DDE domain => Transposase DDE domain protein
[17:44:31] Modify product: Transposase DDE domain => Transposase DDE domain protein
[17:44:31] Modify product: Integrase core domain => Integrase core domain protein
[17:44:31] Modify product: Integrase core domain => Integrase core domain protein
[17:44:31] Modify product: Transposase IS66 family => Transposase IS66 family protein
[17:44:31] Modify product: Integrase core domain => Integrase core domain protein
[17:44:31] Modify product: Putative zinc ribbon domain => Putative zinc ribbon domain protein
[17:44:31] Modify product: Acetyltransferase (GNAT) family => Acetyltransferase (GNAT) family protein
[17:44:31] Modify product: Integrase core domain => Integrase core domain protein
[17:44:31] Modify product: Major Facilitator Superfamily => Major Facilitator Superfamily protein
[17:44:31] Modify product: Type I restriction modification DNA specificity domain => Type I restriction modification DNA specificity domain protein
[17:44:31] Cleaned 131 /product names
[17:44:31] Deleting unwanted file: results/prokka/EC958/Pfam.hmm.faa
[17:44:31] Deleting unwanted file: results/prokka/EC958/Pfam.hmm.hmmer3
[17:44:31] Labelling remaining 623 proteins as 'hypothetical protein'
[17:44:31] Possible /pseudo 'Colicin-E7 immunity protein' at HG941718.1 position 133251
[17:44:31] Possible /pseudo 'Colicin-E7 immunity protein' at HG941718.1 position 133950
[17:44:31] Possible /pseudo 'Colicin-E7 immunity protein' at HG941718.1 position 134648
[17:44:31] Possible /pseudo 'HTH-type transcriptional regulator DmlR' at HG941718.1 position 343157
[17:44:31] Possible /pseudo 'small toxic polypeptide' at HG941718.1 position 611696
[17:44:31] Possible /pseudo 'Inner membrane protein YbhL' at HG941718.1 position 832126
[17:44:31] Possible /pseudo 'Caudovirales tail fibre assembly protein' at HG941718.1 position 959838
[17:44:31] Possible /pseudo 'Manganese transport system membrane protein MntB' at HG941718.1 position 1300006
[17:44:31] Possible /pseudo 'Caudovirales tail fibre assembly protein' at HG941718.1 position 1486397
[17:44:31] Possible /pseudo 'Formate dehydrogenase, nitrate-inducible, major subunit precursor' at HG941718.1 position 1661696
[17:44:31] Possible /pseudo 'putative dimethyl sulfoxide reductase chain YnfF precursor' at HG941718.1 position 1728021
[17:44:31] Possible /pseudo 'Membrane-associated protein UidC precursor' at HG941718.1 position 1758293
[17:44:31] Possible /pseudo 'Glucuronide carrier protein' at HG941718.1 position 1759467
[17:44:31] Possible /pseudo 'Galactitol permease IIC component' at HG941718.1 position 2370566
[17:44:31] Possible /pseudo 'WGR domain protein' at HG941718.1 position 2397961
[17:44:31] Possible /pseudo 'Energy-coupling factor transporter ATP-binding protein EcfA1' at HG941718.1 position 3242503
[17:44:31] Possible /pseudo 'Pap fimbrial major pilin protein precursor' at HG941718.1 position 3291154
[17:44:31] Possible /pseudo 'Transposase' at HG941718.1 position 3295132
[17:44:31] Possible /pseudo 'Integrase core domain protein' at HG941718.1 position 3314442
[17:44:31] Possible /pseudo 'Transposase IS66 family protein' at HG941718.1 position 3336543
[17:44:31] Possible /pseudo 'Capsule polysaccharide biosynthesis protein' at HG941718.1 position 3370209
[17:44:31] Possible /pseudo 'putative FAD-linked oxidoreductase' at HG941718.1 position 3404233
[17:44:31] Possible /pseudo 'Small toxic polypeptide LdrD' at HG941718.1 position 3991183
[17:44:31] Possible /pseudo 'Small toxic polypeptide LdrD' at HG941718.1 position 3991666
[17:44:31] Possible /pseudo 'General stress protein A' at HG941718.1 position 4090846
[17:44:31] Possible /pseudo 'Transposase IS66 family protein' at HG941718.1 position 4162407
[17:44:31] Possible /pseudo 'Formate dehydrogenase-O major subunit precursor' at HG941718.1 position 4461213
[17:44:31] Possible /pseudo 'Formate dehydrogenase H' at HG941718.1 position 4701032
[17:44:31] Possible /pseudo 'Transposase' at HG941718.1 position 4925174
[17:44:31] Possible /pseudo 'Transposase DDE domain protein' at HG941718.1 position 4939087
[17:44:31] Possible /pseudo 'Type-1 fimbrial protein, A chain precursor' at HG941718.1 position 5019314
[17:44:31] Found 2806 unique /gene codes.
[17:44:31] Fixed 2 duplicate /gene - sfaS_1 sfaS_2
[17:44:31] Fixed 4 duplicate /gene - sucD_1 sucD_2 sucD_3 sucD_4
[17:44:31] Fixed 2 duplicate /gene - nanC_1 nanC_2
[17:44:31] Fixed 2 duplicate /gene - rlmB_1 rlmB_2
[17:44:31] Fixed 2 duplicate /gene - sfaH_1 sfaH_2
[17:44:31] Fixed 2 duplicate /gene - hybD_1 hybD_2
[17:44:31] Fixed 2 duplicate /gene - fecA_1 fecA_2
[17:44:31] Fixed 2 duplicate /gene - flgK_1 flgK_2
[17:44:31] Fixed 2 duplicate /gene - loiP_1 loiP_2
[17:44:31] Fixed 2 duplicate /gene - bioF_1 bioF_2
[17:44:31] Fixed 2 duplicate /gene - sucA_1 sucA_2
[17:44:31] Fixed 2 duplicate /gene - yhjE_1 yhjE_2
[17:44:31] Fixed 3 duplicate /gene - gatB_1 gatB_2 gatB_3
[17:44:31] Fixed 2 duplicate /gene - lrp_1 lrp_2
[17:44:31] Fixed 2 duplicate /gene - epsF_1 epsF_2
[17:44:31] Fixed 2 duplicate /gene - rrrD_1 rrrD_2
[17:44:31] Fixed 2 duplicate /gene - chuR_1 chuR_2
[17:44:31] Fixed 2 duplicate /gene - dgoA_1 dgoA_2
[17:44:31] Fixed 2 duplicate /gene - ddpD_1 ddpD_2
[17:44:31] Fixed 2 duplicate /gene - hflK_1 hflK_2
[17:44:31] Fixed 3 duplicate /gene - gltR_1 gltR_2 gltR_3
[17:44:31] Fixed 2 duplicate /gene - ecfA1_1 ecfA1_2
[17:44:31] Fixed 2 duplicate /gene - aaeB_1 aaeB_2
[17:44:31] Fixed 2 duplicate /gene - cca_1 cca_2
[17:44:31] Fixed 2 duplicate /gene - dppA_1 dppA_2
[17:44:31] Fixed 3 duplicate /gene - fucA_1 fucA_2 fucA_3
[17:44:31] Fixed 2 duplicate /gene - clpB_1 clpB_2
[17:44:31] Fixed 2 duplicate /gene - yjcC_1 yjcC_2
[17:44:31] Fixed 4 duplicate /gene - siaT_1 siaT_2 siaT_3 siaT_4
[17:44:31] Fixed 2 duplicate /gene - dinB_1 dinB_2
[17:44:31] Fixed 3 duplicate /gene - gltC_1 gltC_2 gltC_3
[17:44:31] Fixed 2 duplicate /gene - lutA_1 lutA_2
[17:44:31] Fixed 2 duplicate /gene - ripA_1 ripA_2
[17:44:31] Fixed 2 duplicate /gene - yccS_1 yccS_2
[17:44:31] Fixed 2 duplicate /gene - etfA_1 etfA_2
[17:44:31] Fixed 2 duplicate /gene - cysE_1 cysE_2
[17:44:31] Fixed 2 duplicate /gene - rhaS_1 rhaS_2
[17:44:31] Fixed 5 duplicate /gene - fabG_1 fabG_2 fabG_3 fabG_4 fabG_5
[17:44:31] Fixed 5 duplicate /gene - rbsC_1 rbsC_2 rbsC_3 rbsC_4 rbsC_5
[17:44:31] Fixed 4 duplicate /gene - nanS_1 nanS_2 nanS_3 nanS_4
[17:44:31] Fixed 2 duplicate /gene - yiaD_1 yiaD_2
[17:44:31] Fixed 2 duplicate /gene - yccM_1 yccM_2
[17:44:31] Fixed 2 duplicate /gene - yjcD_1 yjcD_2
[17:44:31] Fixed 2 duplicate /gene - ulaE_1 ulaE_2
[17:44:31] Fixed 3 duplicate /gene - etfB_1 etfB_2 etfB_3
[17:44:31] Fixed 2 duplicate /gene - pnuC_1 pnuC_2
[17:44:31] Fixed 2 duplicate /gene - dusC_1 dusC_2
[17:44:31] Fixed 2 duplicate /gene - aaeA_1 aaeA_2
[17:44:31] Fixed 3 duplicate /gene - hcpA_1 hcpA_2 hcpA_3
[17:44:31] Fixed 2 duplicate /gene - gldA_1 gldA_2
[17:44:31] Fixed 2 duplicate /gene - flgD_1 flgD_2
[17:44:31] Fixed 2 duplicate /gene - nadC_1 nadC_2
[17:44:31] Fixed 2 duplicate /gene - dmsC_1 dmsC_2
[17:44:31] Fixed 2 duplicate /gene - ydhP_1 ydhP_2
[17:44:31] Fixed 2 duplicate /gene - yheS_1 yheS_2
[17:44:31] Fixed 4 duplicate /gene - gatC_1 gatC_2 gatC_3 gatC_4
[17:44:31] Fixed 2 duplicate /gene - axeA1_1 axeA1_2
[17:44:31] Fixed 2 duplicate /gene - ynfF_1 ynfF_2
[17:44:31] Fixed 2 duplicate /gene - yicJ_1 yicJ_2
[17:44:31] Fixed 2 duplicate /gene - pdxA2_1 pdxA2_2
[17:44:31] Fixed 2 duplicate /gene - higA_1 higA_2
[17:44:31] Fixed 4 duplicate /gene - gltD_1 gltD_2 gltD_3 gltD_4
[17:44:31] Fixed 2 duplicate /gene - flgG_1 flgG_2
[17:44:31] Fixed 2 duplicate /gene - ybhF_1 ybhF_2
[17:44:31] Fixed 3 duplicate /gene - hemN_1 hemN_2 hemN_3
[17:44:31] Fixed 2 duplicate /gene - cmpR_1 cmpR_2
[17:44:31] Fixed 2 duplicate /gene - cls_1 cls_2
[17:44:31] Fixed 3 duplicate /gene - exuT_1 exuT_2 exuT_3
[17:44:31] Fixed 2 duplicate /gene - ssuC_1 ssuC_2
[17:44:31] Fixed 2 duplicate /gene - proS_1 proS_2
[17:44:31] Fixed 2 duplicate /gene - flgB_1 flgB_2
[17:44:31] Fixed 2 duplicate /gene - mngR_1 mngR_2
[17:44:31] Fixed 2 duplicate /gene - degS_1 degS_2
[17:44:31] Fixed 2 duplicate /gene - pitA_1 pitA_2
[17:44:31] Fixed 2 duplicate /gene - aroP_1 aroP_2
[17:44:31] Fixed 4 duplicate /gene - cbeA_1 cbeA_2 cbeA_3 cbeA_4
[17:44:31] Fixed 2 duplicate /gene - fdoG_1 fdoG_2
[17:44:31] Fixed 2 duplicate /gene - ftsA_1 ftsA_2
[17:44:31] Fixed 2 duplicate /gene - uxaA_1 uxaA_2
[17:44:31] Fixed 2 duplicate /gene - fliN_1 fliN_2
[17:44:31] Fixed 2 duplicate /gene - htrE_1 htrE_2
[17:44:31] Fixed 2 duplicate /gene - yjjN_1 yjjN_2
[17:44:31] Fixed 2 duplicate /gene - pspB_1 pspB_2
[17:44:31] Fixed 2 duplicate /gene - oppD_1 oppD_2
[17:44:31] Fixed 3 duplicate /gene - por_1 por_2 por_3
[17:44:31] Fixed 2 duplicate /gene - fliG_1 fliG_2
[17:44:31] Fixed 2 duplicate /gene - adhE_1 adhE_2
[17:44:31] Fixed 2 duplicate /gene - sucC_1 sucC_2
[17:44:31] Fixed 2 duplicate /gene - arsC_1 arsC_2
[17:44:31] Fixed 2 duplicate /gene - lolD_1 lolD_2
[17:44:31] Fixed 2 duplicate /gene - icd_1 icd_2
[17:44:31] Fixed 2 duplicate /gene - flgH_1 flgH_2
[17:44:31] Fixed 4 duplicate /gene - fimA_1 fimA_2 fimA_3 fimA_4
[17:44:31] Fixed 2 duplicate /gene - nagA_1 nagA_2
[17:44:31] Fixed 2 duplicate /gene - dxs_1 dxs_2
[17:44:31] Fixed 3 duplicate /gene - cirA_1 cirA_2 cirA_3
[17:44:31] Fixed 4 duplicate /gene - yusV_1 yusV_2 yusV_3 yusV_4
[17:44:31] Fixed 4 duplicate /gene - gutB_1 gutB_2 gutB_3 gutB_4
[17:44:31] Fixed 3 duplicate /gene - yhbU_1 yhbU_2 yhbU_3
[17:44:31] Fixed 2 duplicate /gene - cysW_1 cysW_2
[17:44:31] Fixed 3 duplicate /gene - mtlR_1 mtlR_2 mtlR_3
[17:44:31] Fixed 2 duplicate /gene - ompF_1 ompF_2
[17:44:31] Fixed 4 duplicate /gene - glpR_1 glpR_2 glpR_3 glpR_4
[17:44:31] Fixed 2 duplicate /gene - hsdR_1 hsdR_2
[17:44:31] Fixed 2 duplicate /gene - coaA_1 coaA_2
[17:44:31] Fixed 2 duplicate /gene - yfkN_1 yfkN_2
[17:44:31] Fixed 2 duplicate /gene - ydjZ_1 ydjZ_2
[17:44:31] Fixed 2 duplicate /gene - uidC_1 uidC_2
[17:44:31] Fixed 2 duplicate /gene - prfA_1 prfA_2
[17:44:31] Fixed 2 duplicate /gene - recQ_1 recQ_2
[17:44:31] Fixed 4 duplicate /gene - corC_1 corC_2 corC_3 corC_4
[17:44:31] Fixed 2 duplicate /gene - clcD_1 clcD_2
[17:44:31] Fixed 2 duplicate /gene - glmU_1 glmU_2
[17:44:31] Fixed 2 duplicate /gene - tktA_1 tktA_2
[17:44:31] Fixed 2 duplicate /gene - mdtP_1 mdtP_2
[17:44:31] Fixed 3 duplicate /gene - gspA_1 gspA_2 gspA_3
[17:44:31] Fixed 2 duplicate /gene - yiaO_1 yiaO_2
[17:44:31] Fixed 2 duplicate /gene - hflC_1 hflC_2
[17:44:31] Fixed 4 duplicate /gene - arcC1_1 arcC1_2 arcC1_3 arcC1_4
[17:44:31] Fixed 2 duplicate /gene - tusA_1 tusA_2
[17:44:31] Fixed 3 duplicate /gene - ygcS_1 ygcS_2 ygcS_3
[17:44:31] Fixed 3 duplicate /gene - ydcV_1 ydcV_2 ydcV_3
[17:44:31] Fixed 3 duplicate /gene - fruA_1 fruA_2 fruA_3
[17:44:31] Fixed 2 duplicate /gene - rhtC_1 rhtC_2
[17:44:31] Fixed 2 duplicate /gene - ynfM_1 ynfM_2
[17:44:31] Fixed 4 duplicate /gene - era_1 era_2 era_3 era_4
[17:44:31] Fixed 4 duplicate /gene - manZ_1 manZ_2 manZ_3 manZ_4
[17:44:31] Fixed 2 duplicate /gene - zraS_1 zraS_2
[17:44:31] Fixed 2 duplicate /gene - ampC_1 ampC_2
[17:44:31] Fixed 3 duplicate /gene - rhaR_1 rhaR_2 rhaR_3
[17:44:31] Fixed 2 duplicate /gene - xylB_1 xylB_2
[17:44:31] Fixed 2 duplicate /gene - kdsD_1 kdsD_2
[17:44:31] Fixed 2 duplicate /gene - fliD_1 fliD_2
[17:44:31] Fixed 2 duplicate /gene - nanT_1 nanT_2
[17:44:31] Fixed 4 duplicate /gene - imm_1 imm_2 imm_3 imm_4
[17:44:31] Fixed 3 duplicate /gene - ydiF_1 ydiF_2 ydiF_3
[17:44:31] Fixed 2 duplicate /gene - flgE_1 flgE_2
[17:44:31] Fixed 2 duplicate /gene - gspK_1 gspK_2
[17:44:31] Fixed 2 duplicate /gene - ccmF_1 ccmF_2
[17:44:31] Fixed 3 duplicate /gene - xerC_1 xerC_2 xerC_3
[17:44:31] Fixed 2 duplicate /gene - ugpC_1 ugpC_2
[17:44:31] Fixed 2 duplicate /gene - pbpG_1 pbpG_2
[17:44:31] Fixed 2 duplicate /gene - mak_1 mak_2
[17:44:31] Fixed 2 duplicate /gene - yjaB_1 yjaB_2
[17:44:31] Fixed 4 duplicate /gene - oppF_1 oppF_2 oppF_3 oppF_4
[17:44:31] Fixed 2 duplicate /gene - rfaG_1 rfaG_2
[17:44:31] Fixed 5 duplicate /gene - rbsK_1 rbsK_2 rbsK_3 rbsK_4 rbsK_5
[17:44:31] Fixed 2 duplicate /gene - higA-2_1 higA-2_2
[17:44:31] Fixed 2 duplicate /gene - acrB_1 acrB_2
[17:44:31] Fixed 2 duplicate /gene - mepS_1 mepS_2
[17:44:31] Fixed 2 duplicate /gene - osmY_1 osmY_2
[17:44:31] Fixed 2 duplicate /gene - rutB_1 rutB_2
[17:44:31] Fixed 2 duplicate /gene - gadX_1 gadX_2
[17:44:31] Fixed 2 duplicate /gene - fliS_1 fliS_2
[17:44:31] Fixed 2 duplicate /gene - dnaB_1 dnaB_2
[17:44:31] Fixed 3 duplicate /gene - fbaA_1 fbaA_2 fbaA_3
[17:44:31] Fixed 2 duplicate /gene - sucB_1 sucB_2
[17:44:31] Fixed 2 duplicate /gene - fadB_1 fadB_2
[17:44:31] Fixed 2 duplicate /gene - lptG_1 lptG_2
[17:44:31] Fixed 4 duplicate /gene - intA_1 intA_2 intA_3 intA_4
[17:44:31] Fixed 5 duplicate /gene - manX_1 manX_2 manX_3 manX_4 manX_5
[17:44:31] Fixed 3 duplicate /gene - hydN_1 hydN_2 hydN_3
[17:44:31] Fixed 2 duplicate /gene - ydhX_1 ydhX_2
[17:44:31] Fixed 2 duplicate /gene - fhuA_1 fhuA_2
[17:44:31] Fixed 2 duplicate /gene - flhB_1 flhB_2
[17:44:31] Fixed 2 duplicate /gene - treA_1 treA_2
[17:44:31] Fixed 3 duplicate /gene - glnQ_1 glnQ_2 glnQ_3
[17:44:31] Fixed 2 duplicate /gene - flhA_1 flhA_2
[17:44:31] Fixed 2 duplicate /gene - macA_1 macA_2
[17:44:31] Fixed 2 duplicate /gene - lpp_1 lpp_2
[17:44:31] Fixed 2 duplicate /gene - nadR_1 nadR_2
[17:44:31] Fixed 2 duplicate /gene - trxA_1 trxA_2
[17:44:31] Fixed 2 duplicate /gene - xylA_1 xylA_2
[17:44:31] Fixed 2 duplicate /gene - yvgN_1 yvgN_2
[17:44:31] Fixed 2 duplicate /gene - mglA_1 mglA_2
[17:44:31] Fixed 2 duplicate /gene - nlhH_1 nlhH_2
[17:44:31] Fixed 2 duplicate /gene - flgC_1 flgC_2
[17:44:31] Fixed 3 duplicate /gene - lon_1 lon_2 lon_3
[17:44:31] Fixed 2 duplicate /gene - leuO_1 leuO_2
[17:44:31] Fixed 2 duplicate /gene - yagE_1 yagE_2
[17:44:31] Fixed 2 duplicate /gene - ulaC_1 ulaC_2
[17:44:31] Fixed 2 duplicate /gene - deoB_1 deoB_2
[17:44:31] Fixed 2 duplicate /gene - uidB_1 uidB_2
[17:44:31] Fixed 2 duplicate /gene - rhmR_1 rhmR_2
[17:44:31] Fixed 2 duplicate /gene - agaC_1 agaC_2
[17:44:31] Fixed 2 duplicate /gene - kefC_1 kefC_2
[17:44:31] Fixed 3 duplicate /gene - yhdN_1 yhdN_2 yhdN_3
[17:44:31] Fixed 2 duplicate /gene - glpK_1 glpK_2
[17:44:31] Fixed 2 duplicate /gene - slp_1 slp_2
[17:44:31] Fixed 2 duplicate /gene - sgrR_1 sgrR_2
[17:44:31] Fixed 2 duplicate /gene - garP_1 garP_2
[17:44:31] Fixed 2 duplicate /gene - ecpD_1 ecpD_2
[17:44:31] Fixed 2 duplicate /gene - flgJ_1 flgJ_2
[17:44:31] Fixed 2 duplicate /gene - ftnA_1 ftnA_2
[17:44:31] Fixed 2 duplicate /gene - hcaR_1 hcaR_2
[17:44:31] Fixed 2 duplicate /gene - artM_1 artM_2
[17:44:31] Fixed 2 duplicate /gene - ydjE_1 ydjE_2
[17:44:31] Fixed 2 duplicate /gene - nanK_1 nanK_2
[17:44:31] Fixed 2 duplicate /gene - fliI_1 fliI_2
[17:44:31] Fixed 3 duplicate /gene - rbsB_1 rbsB_2 rbsB_3
[17:44:31] Fixed 2 duplicate /gene - bioD1_1 bioD1_2
[17:44:31] Fixed 2 duplicate /gene - frc_1 frc_2
[17:44:31] Fixed 4 duplicate /gene - fimD_1 fimD_2 fimD_3 fimD_4
[17:44:31] Fixed 2 duplicate /gene - glnM_1 glnM_2
[17:44:31] Fixed 2 duplicate /gene - hin_1 hin_2
[17:44:31] Fixed 3 duplicate /gene - dapA_1 dapA_2 dapA_3
[17:44:31] Fixed 3 duplicate /gene - proP_1 proP_2 proP_3
[17:44:31] Fixed 2 duplicate /gene - fabH_1 fabH_2
[17:44:31] Fixed 2 duplicate /gene - ndhF_1 ndhF_2
[17:44:31] Fixed 2 duplicate /gene - hmuU_1 hmuU_2
[17:44:31] Fixed 2 duplicate /gene - virF_1 virF_2
[17:44:31] Fixed 2 duplicate /gene - yqjA_1 yqjA_2
[17:44:31] Fixed 2 duplicate /gene - recB_1 recB_2
[17:44:31] Fixed 2 duplicate /gene - papC_1 papC_2
[17:44:31] Fixed 2 duplicate /gene - ulaA_1 ulaA_2
[17:44:31] Fixed 2 duplicate /gene - fliF_1 fliF_2
[17:44:31] Fixed 2 duplicate /gene - yhaO_1 yhaO_2
[17:44:31] Fixed 2 duplicate /gene - sorC_1 sorC_2
[17:44:31] Fixed 3 duplicate /gene - yjmD_1 yjmD_2 yjmD_3
[17:44:31] Fixed 2 duplicate /gene - fdnG_1 fdnG_2
[17:44:31] Fixed 2 duplicate /gene - flgF_1 flgF_2
[17:44:31] Fixed 2 duplicate /gene - manY_1 manY_2
[17:44:31] Fixed 4 duplicate /gene - cbtA_1 cbtA_2 cbtA_3 cbtA_4
[17:44:31] Fixed 2 duplicate /gene - mprA_1 mprA_2
[17:44:31] Fixed 2 duplicate /gene - epsE_1 epsE_2
[17:44:31] Fixed 2 duplicate /gene - nanM_1 nanM_2
[17:44:31] Fixed 2 duplicate /gene - lacA_1 lacA_2
[17:44:31] Fixed 2 duplicate /gene - nlpD_1 nlpD_2
[17:44:31] Fixed 2 duplicate /gene - htrB_1 htrB_2
[17:44:31] Fixed 2 duplicate /gene - flgI_1 flgI_2
[17:44:31] Fixed 3 duplicate /gene - mntB_1 mntB_2 mntB_3
[17:44:31] Fixed 2 duplicate /gene - lptF_1 lptF_2
[17:44:31] Fixed 2 duplicate /gene - pqiB_1 pqiB_2
[17:44:31] Fixed 2 duplicate /gene - gcvA_1 gcvA_2
[17:44:31] Fixed 2 duplicate /gene - recF_1 recF_2
[17:44:31] Fixed 3 duplicate /gene - garR_1 garR_2 garR_3
[17:44:31] Fixed 4 duplicate /gene - tabA_1 tabA_2 tabA_3 tabA_4
[17:44:31] Fixed 2 duplicate /gene - topA_1 topA_2
[17:44:31] Fixed 3 duplicate /gene - potA_1 potA_2 potA_3
[17:44:31] Fixed 6 duplicate /gene - srlR_1 srlR_2 srlR_3 srlR_4 srlR_5 srlR_6
[17:44:31] Fixed 2 duplicate /gene - yahA_1 yahA_2
[17:44:31] Fixed 3 duplicate /gene - yicI_1 yicI_2 yicI_3
[17:44:31] Fixed 2 duplicate /gene - exbB_1 exbB_2
[17:44:31] Fixed 3 duplicate /gene - bssD_1 bssD_2 bssD_3
[17:44:31] Fixed 2 duplicate /gene - narX_1 narX_2
[17:44:31] Fixed 2 duplicate /gene - minD_1 minD_2
[17:44:31] Fixed 2 duplicate /gene - appA_1 appA_2
[17:44:31] Fixed 2 duplicate /gene - ygdR_1 ygdR_2
[17:44:31] Fixed 2 duplicate /gene - caiA_1 caiA_2
[17:44:31] Fixed 3 duplicate /gene - cysJ_1 cysJ_2 cysJ_3
[17:44:31] Fixed 3 duplicate /gene - betT_1 betT_2 betT_3
[17:44:31] Fixed 2 duplicate /gene - gsiA_1 gsiA_2
[17:44:31] Fixed 2 duplicate /gene - iraM_1 iraM_2
[17:44:31] Fixed 3 duplicate /gene - cytR_1 cytR_2 cytR_3
[17:44:31] Fixed 2 duplicate /gene - recE_1 recE_2
[17:44:31] Fixed 2 duplicate /gene - flgL_1 flgL_2
[17:44:31] Fixed 2 duplicate /gene - yedQ_1 yedQ_2
[17:44:31] Fixed 4 duplicate /gene - ptsI_1 ptsI_2 ptsI_3 ptsI_4
[17:44:31] Fixed 2 duplicate /gene - malX_1 malX_2
[17:44:31] Fixed 2 duplicate /gene - dppB_1 dppB_2
[17:44:31] Fixed 2 duplicate /gene - dnaC_1 dnaC_2
[17:44:31] Fixed 2 duplicate /gene - aspT_1 aspT_2
[17:44:31] Fixed 3 duplicate /gene - atsA_1 atsA_2 atsA_3
[17:44:31] Fixed 2 duplicate /gene - nanA_1 nanA_2
[17:44:31] Fixed 4 duplicate /gene - pdhR_1 pdhR_2 pdhR_3 pdhR_4
[17:44:31] Fixed 2 duplicate /gene - codB_1 codB_2
[17:44:31] Fixed 3 duplicate /gene - kdgR_1 kdgR_2 kdgR_3
[17:44:31] Fixed 2 duplicate /gene - ilvD_1 ilvD_2
[17:44:31] Fixed 2 duplicate /gene - fryB_1 fryB_2
[17:44:31] Fixed 3 duplicate /gene - ptsG_1 ptsG_2 ptsG_3
[17:44:31] Fixed 2 duplicate /gene - mdh_1 mdh_2
[17:44:31] Fixed 2 duplicate /gene - bcr_1 bcr_2
[17:44:31] Fixed 5 duplicate /gene - bhsA_1 bhsA_2 bhsA_3 bhsA_4 bhsA_5
[17:44:31] Fixed 2 duplicate /gene - msbA_1 msbA_2
[17:44:31] Fixed 2 duplicate /gene - btuB_1 btuB_2
[17:44:31] Fixed 2 duplicate /gene - mtlA_1 mtlA_2
[17:44:31] Fixed 2 duplicate /gene - betI_1 betI_2
[17:44:31] Fixed 3 duplicate /gene - deoR_1 deoR_2 deoR_3
[17:44:31] Fixed 5 duplicate /gene - kdgK_1 kdgK_2 kdgK_3 kdgK_4 kdgK_5
[17:44:31] Fixed 4 duplicate /gene - klcA_1 klcA_2 klcA_3 klcA_4
[17:44:31] Fixed 2 duplicate /gene - cysA_1 cysA_2
[17:44:31] Fixed 2 duplicate /gene - adrB_1 adrB_2
[17:44:31] Fixed 2 duplicate /gene - fliQ_1 fliQ_2
[17:44:31] Fixed 2 duplicate /gene - glcR_1 glcR_2
[17:44:31] Fixed 2 duplicate /gene - ybhI_1 ybhI_2
[17:44:31] Fixed 2 duplicate /gene - potF_1 potF_2
[17:44:31] Fixed 2 duplicate /gene - patB_1 patB_2
[17:44:31] Fixed 3 duplicate /gene - fdhF_1 fdhF_2 fdhF_3
[17:44:31] Fixed 2 duplicate /gene - dnaK_1 dnaK_2
[17:44:31] Fixed 2 duplicate /gene - mntH_1 mntH_2
[17:44:31] Fixed 2 duplicate /gene - psuK_1 psuK_2
[17:44:31] Fixed 3 duplicate /gene - kbaY_1 kbaY_2 kbaY_3
[17:44:31] Fixed 2 duplicate /gene - narL_1 narL_2
[17:44:31] Fixed 3 duplicate /gene - intS_1 intS_2 intS_3
[17:44:31] Fixed 2 duplicate /gene - argE_1 argE_2
[17:44:31] Fixed 2 duplicate /gene - fucP_1 fucP_2
[17:44:31] Fixed 2 duplicate /gene - iscA_1 iscA_2
[17:44:31] Fixed 2 duplicate /gene - ybeZ_1 ybeZ_2
[17:44:31] Fixed 2 duplicate /gene - gatY_1 gatY_2
[17:44:31] Fixed 2 duplicate /gene - kgtP_1 kgtP_2
[17:44:31] Fixed 2 duplicate /gene - fliP_1 fliP_2
[17:44:31] Fixed 2 duplicate /gene - garD_1 garD_2
[17:44:31] Fixed 2 duplicate /gene - aroG_1 aroG_2
[17:44:31] Fixed 3 duplicate /gene - oxyR_1 oxyR_2 oxyR_3
[17:44:31] Fixed 3 duplicate /gene - sppA_1 sppA_2 sppA_3
[17:44:31] Fixed 2 duplicate /gene - yohK_1 yohK_2
[17:44:31] Fixed 2 duplicate /gene - cra_1 cra_2
[17:44:31] Fixed 2 duplicate /gene - ogt_1 ogt_2
[17:44:31] Fixed 2 duplicate /gene - lptB_1 lptB_2
[17:44:31] Fixed 4 duplicate /gene - ldrD_1 ldrD_2 ldrD_3 ldrD_4
[17:44:31] Fixed 2 duplicate /gene - papA_1 papA_2
[17:44:31] Fixed 3 duplicate /gene - xerD_1 xerD_2 xerD_3
[17:44:31] Fixed 2 duplicate /gene - rob_1 rob_2
[17:44:31] Fixed 2 duplicate /gene - serA_1 serA_2
[17:44:31] Fixed 2 duplicate /gene - acrA_1 acrA_2
[17:44:31] Fixed 2 duplicate /gene - ybhL_1 ybhL_2
[17:44:31] Fixed 4 duplicate /gene - lutR_1 lutR_2 lutR_3 lutR_4
[17:44:31] Fixed 2 duplicate /gene - fimC_1 fimC_2
[17:44:31] Fixed 2 duplicate /gene - xdhA_1 xdhA_2
[17:44:31] Fixed 3 duplicate /gene - rusA_1 rusA_2 rusA_3
[17:44:31] Fixed 2 duplicate /gene - ccmH_1 ccmH_2
[17:44:31] Fixed 3 duplicate /gene - nagB_1 nagB_2 nagB_3
[17:44:31] Fixed 2 duplicate /gene - emrB_1 emrB_2
[17:44:31] Fixed 7 duplicate /gene - dmlR_1 dmlR_2 dmlR_3 dmlR_4 dmlR_5 dmlR_6 dmlR_7
[17:44:31] Fixed 2 duplicate /gene - crfC_1 crfC_2
[17:44:31] Fixed 5 duplicate /gene - rbsA_1 rbsA_2 rbsA_3 rbsA_4 rbsA_5
[17:44:31] Fixed 2 duplicate /gene - thlA_1 thlA_2
[17:44:31] Fixed 3 duplicate /gene - flu_1 flu_2 flu_3
[17:44:31] Fixed 2 duplicate /gene - hrpB_1 hrpB_2
[17:44:31] Fixed 2 duplicate /gene - hypC_1 hypC_2
[17:44:31] Fixed 3 duplicate /gene - ybbH_1 ybbH_2 ybbH_3
[17:44:31] Fixed 2 duplicate /gene - gpr_1 gpr_2
[17:44:31] Fixed 2 duplicate /gene - papD_1 papD_2
[17:44:31] Fixed 2 duplicate /gene - tqsA_1 tqsA_2
[17:44:31] Fixed 2 duplicate /gene - rfaP_1 rfaP_2
[17:44:31] Fixed 2 duplicate /gene - ydeH_1 ydeH_2
[17:44:31] Fixed 3 duplicate /gene - nagC_1 nagC_2 nagC_3
[17:44:31] Fixed 2 duplicate /gene - fdnH_1 fdnH_2
[17:44:31] Fixed 2 duplicate /gene - fhuD_1 fhuD_2
[17:44:32] Fixed 3 duplicate /gene - ompX_1 ompX_2 ompX_3
[17:44:32] Fixed 2 duplicate /gene - sfaG_1 sfaG_2
[17:44:32] Fixed 2 duplicate /gene - tehB_1 tehB_2
[17:44:32] Fixed 3 duplicate /gene - emrK_1 emrK_2 emrK_3
[17:44:32] Fixed 3 duplicate /gene - manP_1 manP_2 manP_3
[17:44:32] Fixed 2 duplicate /gene - ycgE_1 ycgE_2
[17:44:32] Fixed 6 duplicate /gene - allS_1 allS_2 allS_3 allS_4 allS_5 allS_6
[17:44:32] Fixed 3 duplicate /gene - yiaM_1 yiaM_2 yiaM_3
[17:44:32] Fixed 2 duplicate /gene - dmsB_1 dmsB_2
[17:44:32] Fixed 2 duplicate /gene - rpe_1 rpe_2
[17:44:32] Fixed 2 duplicate /gene - malP_1 malP_2
[17:44:32] Fixed 2 duplicate /gene - kduD_1 kduD_2
[17:44:32] Fixed 2 duplicate /gene - dinG_1 dinG_2
[17:44:32] Fixed 3 duplicate /gene - lldR_1 lldR_2 lldR_3
[17:44:32] Fixed 2 duplicate /gene - zraR_1 zraR_2
[17:44:32] Fixed 3 duplicate /gene - dnaJ_1 dnaJ_2 dnaJ_3
[17:44:32] Fixed 2 duplicate /gene - yiaJ_1 yiaJ_2
[17:44:32] Fixed 2 duplicate /gene - lexA_1 lexA_2
[17:44:32] Fixed 2 duplicate /gene - exbD_1 exbD_2
[17:44:32] Fixed 358 colliding /gene names.
[17:44:32] Adding /locus_tag identifiers
[17:44:32] Assigned 4859 locus_tags to CDS and RNA features.
[17:44:32] Writing outputs to results/prokka/EC958/
[17:44:49] Generating annotation statistics file
[17:44:49] Generating Genbank and Sequin files
[17:44:49] Running: tbl2asn -V b -a r10k -l paired-ends -M n -N 1 -y 'Annotated using prokka 1.11 from http://www.vicbioinformatics.com' -Z results\/prokka\/EC958\/EC958_03142017\.err -i results\/prokka\/EC958\/EC958_03142017\.fsa 2> /dev/null
[17:45:15] Could not run command: tbl2asn -V b -a r10k -l paired-ends -M n -N 1 -y 'Annotated using prokka 1.11 from http://www.vicbioinformatics.com' -Z results\/prokka\/EC958\/EC958_03142017\.err -i results\/prokka\/EC958\/EC958_03142017\.fsa 2> /dev/null
