[10:22:08] Command: --outdir /home/fatemeh/EnTrI/results/prokka/b --locustag b --genus Escherichia --species coli --kingdom Bacteria --gram neg /home/fatemeh/EnTrI/data/fasta-genome/chromosome/b.fa
[10:22:08] Looking for 'aragorn' - found /usr/bin/aragorn
[10:22:08] Determined aragorn version is 1.2
[10:22:08] Looking for 'blastp' - found /usr/bin/blastp
[10:22:09] Determined blastp version is 2.2
[10:22:09] Looking for 'cmpress' - found /usr/local/bin/cmpress
[10:22:09] Determined cmpress version is 1.1
[10:22:09] Looking for 'cmscan' - found /usr/local/bin/cmscan
[10:22:09] Determined cmscan version is 1.1
[10:22:09] Looking for 'egrep' - found /bin/egrep
[10:22:09] Looking for 'find' - found /usr/bin/find
[10:22:09] Looking for 'grep' - found /bin/grep
[10:22:09] Looking for 'hmmpress' - found /usr/local/bin/hmmpress
[10:22:09] Determined hmmpress version is 3.1
[10:22:09] Looking for 'hmmscan' - found /usr/local/bin/hmmscan
[10:22:09] Determined hmmscan version is 3.1
[10:22:09] Looking for 'less' - found /usr/bin/less
[10:22:09] Looking for 'makeblastdb' - found /usr/bin/makeblastdb
[10:22:09] Determined makeblastdb version is 2.2
[10:22:09] Looking for 'minced' - found /home/fatemeh/program-bank/prokka-1.11/bin/../binaries/linux/../common/minced
[10:22:09] Determined minced version is 1.6
[10:22:09] Looking for 'parallel' - found /usr/bin/parallel
[10:22:10] Determined parallel version is 20130922
[10:22:10] Looking for 'prodigal' - found /usr/bin/prodigal
[10:22:10] Determined prodigal version is 2.6
[10:22:10] Looking for 'prokka-genbank_to_fasta_db' - found /home/fatemeh/program-bank/prokka-1.11/bin/prokka-genbank_to_fasta_db
[10:22:10] Looking for 'sed' - found /bin/sed
[10:22:10] Looking for 'signalp' - found /home/fatemeh/program-bank/signalp
[10:22:10] Determined signalp version is 4.1
[10:22:10] Looking for 'tbl2asn' - found /home/fatemeh/program-bank/tbl2asn
[10:22:10] Determined tbl2asn version is 23.9
[10:22:10] Using genetic code table 11.
[10:22:10] Loading and checking input file: /home/fatemeh/EnTrI/data/fasta-genome/chromosome/b.fa
[10:22:11] Wrote 1 contigs
[10:22:11] Predicting tRNAs and tmRNAs
[10:22:11] Running: aragorn -gc11  -w \/home\/fatemeh\/EnTrI\/results\/prokka\/b\/b_03172017\.fna
[10:22:13] 1 tRNA-Ile [225381,225457] 35 (gat)
[10:22:13] 2 tRNA-Ala [225500,225575] 34 (tgc)
[10:22:13] 3 tRNA-Asp [228928,229004] 35 (gtc)
[10:22:13] 4 tRNA-Asp [236931,237007] 35 (gtc)
[10:22:13] 5 tRNA-Thr [262871,262946] 34 (cgt)
[10:22:13] 6 tRNA-Ser [345334,345414] 38 (gga)
[10:22:13] 7 tRNA-Arg [564723,564799] 35 (tct)
[10:22:13] 8 tRNA-Gln c[696430,696504] 33 (ctg)
[10:22:13] 9 tRNA-Gln c[696542,696616] 33 (ctg)
[10:22:13] 10 tRNA-Met c[696664,696740] 35 (cat)
[10:22:13] 11 tRNA-Gln c[696756,696830] 33 (ttg)
[10:22:13] 12 tRNA-Gln c[696865,696939] 33 (ttg)
[10:22:13] 13 tRNA-Leu c[696963,697047] 35 (tag)
[10:22:13] 14 tRNA-Met c[697057,697133] 35 (cat)
[10:22:13] 15 tRNA-Lys [780554,780629] 34 (ttt)
[10:22:13] 16 tRNA-Val [780765,780840] 34 (tac)
[10:22:13] 17 tRNA-Lys [780843,780918] 34 (ttt)
[10:22:13] 18 tRNA-Val [781068,781143] 34 (tac)
[10:22:13] 19 tRNA-Lys [781147,781222] 34 (ttt)
[10:22:13] 20 tRNA-Lys [781369,781444] 34 (ttt)
[10:22:13] 21 tRNA-Lys [781577,781652] 34 (ttt)
[10:22:13] 22 tRNA-Ser c[925884,925971] 35 (gga)
[10:22:13] 23 tRNA-Ser c[1031625,1031712] 35 (tga)
[10:22:13] 24 tRNA-Ser c[1097565,1097652] 35 (gga)
[10:22:13] 25 tRNA-Tyr c[1287244,1287328] 35 (gta)
[10:22:13] 26 tRNA-Tyr c[1287538,1287622] 35 (gta)
[10:22:13] 27 tRNA-Val [1746435,1746511] 35 (gac)
[10:22:13] 28 tRNA-Val [1746516,1746592] 35 (gac)
[10:22:13] 29 tRNA-Leu c[1991815,1991901] 35 (taa)
[10:22:13] 30 tRNA-Cys c[1991914,1991987] 33 (gca)
[10:22:13] 31 tRNA-Gly c[1992042,1992117] 34 (gcc)
[10:22:13] 32 tRNA-Ser c[2043468,2043557] 35 (cga)
[10:22:13] 33 tRNA-Asn [2044549,2044624] 34 (gtt)
[10:22:13] 34 tRNA-Asn c[2058027,2058102] 34 (gtt)
[10:22:13] 35 tRNA-Asn [2059851,2059926] 34 (gtt)
[10:22:13] 36 tRNA-Asn [2062260,2062335] 34 (gtt)
[10:22:13] 37 tRNA-Pro [2286211,2286287] 35 (ggg)
[10:22:13] 38 tRNA-Arg [2466309,2466383] 34 (cct)
[10:22:13] 39 tRNA-Ala c[2518041,2518116] 34 (ggc)
[10:22:13] 40 tRNA-Ala c[2518156,2518231] 34 (ggc)
[10:22:13] 41 tRNA-Val [2520931,2521006] 34 (tac)
[10:22:13] 42 tRNA-Val [2521051,2521126] 34 (tac)
[10:22:13] 43 tRNA-Val [2521173,2521248] 34 (tac)
[10:22:13] 44 tRNA-Lys [2521253,2521328] 34 (ttt)
[10:22:13] 45 tRNA-Glu c[2729369,2729444] 35 (ttc)
[10:22:13] 46 tmRNA [2755593,2755955] 90,125 ANDENYALAA**
[10:22:13] 47 tRNA-Met c[2785762,2785837] 34 (cat)
[10:22:13] 48 tRNA-Arg c[2817784,2817860] 35 (acg)
[10:22:13] 49 tRNA-Arg c[2818059,2818135] 35 (acg)
[10:22:13] 50 tRNA-Arg c[2818198,2818274] 35 (acg)
[10:22:13] 51 tRNA-Arg [2818458,2818529] 34 (tcg)
[10:22:13] 52 tRNA-Arg c[2818473,2818549] 35 (acg)
[10:22:13] 53 tRNA-Ser c[2818553,2818645] 35 (gct)
[10:22:13] 54 tRNA-Met [2947387,2947463] 35 (cat)
[10:22:13] 55 tRNA-Met [2947497,2947573] 35 (cat)
[10:22:13] 56 tRNA-Met [2947607,2947683] 35 (cat)
[10:22:13] 57 tRNA-Gly c[2998984,2999057] 33 (ccc)
[10:22:13] 58 tRNA-Phe [3110366,3110441] 34 (gaa)
[10:22:13] 59 tRNA-Met [3215598,3215673] 34 (cat)
[10:22:13] 60 tRNA-Met c[3318213,3318289] 35 (cat)
[10:22:13] 61 tRNA-Leu c[3322072,3322158] 35 (gag)
[10:22:13] 62 tRNA-Thr c[3423580,3423655] 34 (ggt)
[10:22:13] 63 tRNA-Ala c[3426958,3427033] 34 (tgc)
[10:22:13] 64 tRNA-Ile c[3427076,3427152] 35 (gat)
[10:22:13] 65 tRNA-Pro c[3708616,3708692] 35 (cgg)
[10:22:13] 66 tRNA-seC [3836222,3836316] 35 (tca)
[10:22:13] 67 tRNA-Glu [3943435,3943510] 35 (ttc)
[10:22:13] 68 tRNA-Asp [3946872,3946948] 35 (gtc)
[10:22:13] 69 tRNA-Trp [3946957,3947032] 34 (cca)
[10:22:13] 70 tRNA-Arg [3982375,3982451] 35 (ccg)
[10:22:13] 71 tRNA-His [3982510,3982585] 34 (gtg)
[10:22:13] 72 tRNA-Ser [3982606,3982692] 35 (cag)
[10:22:13] 73 tRNA-Pro [3982735,3982811] 35 (tgg)
[10:22:13] 74 tRNA-Ile [4037141,4037217] 35 (gat)
[10:22:13] 75 tRNA-Ala [4037260,4037335] 34 (tgc)
[10:22:13] 76 tRNA-Glu [4168372,4168447] 35 (ttc)
[10:22:13] 77 tRNA-Thr [4175388,4175463] 34 (tgt)
[10:22:13] 78 tRNA-Tyr [4175472,4175556] 35 (gta)
[10:22:13] 79 tRNA-Gly [4175673,4175747] 34 (tcc)
[10:22:13] 80 tRNA-Thr [4175754,4175829] 34 (ggt)
[10:22:13] 81 tRNA-Glu [4209774,4209849] 35 (ttc)
[10:22:13] 82 tRNA-Phe c[4362551,4362626] 34 (gaa)
[10:22:13] 83 tRNA-Gly [4392360,4392435] 34 (gcc)
[10:22:13] 84 tRNA-Gly [4392472,4392547] 34 (gcc)
[10:22:13] 85 tRNA-Gly [4392583,4392658] 34 (gcc)
[10:22:13] 86 tRNA-Leu [4496405,4496489] 35 (caa)
[10:22:13] 87 tRNA-Ser c[4606079,4606165] 35 (cag)
[10:22:13] 88 tRNA-Ser c[4606200,4606286] 35 (cag)
[10:22:13] 89 tRNA-Ser c[4606315,4606401] 35 (cag)
[10:22:13] Found 89 tRNAs
[10:22:13] Predicting Ribosomal RNAs
[10:22:13] You need either Barrnap or RNAmmer installed to predict rRNAs!
[10:22:13] Skipping ncRNA search, enable with --rfam if desired.
[10:22:13] Total of 88 tRNA + rRNA features
[10:22:13] Searching for CRISPR repeats
[10:22:13] CRISPR1 ENA|U00096|U00096.3 2877701 with 13 spacers
[10:22:13] CRISPR2 ENA|U00096|U00096.3 2904014 with 7 spacers
[10:22:13] Found 2 CRISPRs
[10:22:13] Predicting coding sequences
[10:22:13] Contigs total 4641652 bp, so using single mode
[10:22:13] Running: prodigal -i \/home\/fatemeh\/EnTrI\/results\/prokka\/b\/b_03172017\.fna -c -m -g 11 -p single -f sco -q
[10:22:22] Excluding CDS which overlaps existing RNA (tRNA) at ENA|U00096|U00096.3:1287065..1287631 on + strand
[10:22:25] Excluding CDS which overlaps existing RNA (tRNA) at ENA|U00096|U00096.3:2817923..2818393 on + strand
[10:22:25] Excluding CDS which overlaps existing RNA (tRNA) at ENA|U00096|U00096.3:3423503..3423826 on + strand
[10:22:27] Found 4315 CDS
[10:22:27] Connecting features back to sequences
[10:22:27] Looking for signal peptides at start of predicted proteins
[10:22:27] Treating Bacteria as gram-
[10:22:31] Running: signalp -t gram- -f short  \/home\/fatemeh\/EnTrI\/results\/prokka\/b\/signalp\.faa 2> /dev/null
[10:24:50] Found 417 signal peptides
[10:24:50] Deleting unwanted file: /home/fatemeh/EnTrI/results/prokka/b/signalp.faa
[10:24:50] Not using genus-specific database. Try --usegenus to enable it.
[10:24:50] Annotating CDS, please be patient.
[10:24:50] Will use 4 CPUs for similarity searching.
[10:24:54] There are still 4315 unannotated CDS left (started with 4315)
[10:24:54] Will use blast to search against /home/fatemeh/program-bank/prokka-1.11/bin/../db/kingdom/Bacteria/sprot with 4 CPUs
[10:24:54] Running: cat \/home\/fatemeh\/EnTrI\/results\/prokka\/b\/sprot\.faa | parallel --gnu --plain -j 4 --block 172669 --recstart '>' --pipe blastp -query - -db /home/fatemeh/program-bank/prokka-1.11/bin/../db/kingdom/Bacteria/sprot -evalue 1e-06 -num_threads 1 -num_descriptions 1 -num_alignments 1 -seg no > \/home\/fatemeh\/EnTrI\/results\/prokka\/b\/sprot\.blast 2> /dev/null
[10:27:02] Modify product: Uncharacterized metallophosphoesterase Cj0846 => putative metallophosphoesterase
[10:27:02] Modify product: Probable tRNA (adenine(37)-N6)-methyltransferase => putative tRNA (adenine(37)-N6)-methyltransferase
[10:27:02] Modify product: Uncharacterized methyltransferase YcgJ => putative methyltransferase YcgJ
[10:27:02] Modify product: Probable endopeptidase YafL precursor => putative endopeptidase YafL precursor
[10:27:02] Modify product: Uncharacterized N-acetyltransferase YafP => putative N-acetyltransferase YafP
[10:27:02] Modify product: Probable 2-keto-3-deoxy-galactonate aldolase YagE => putative 2-keto-3-deoxy-galactonate aldolase YagE
[10:27:02] Modify product: Fimbrillin MatB homolog precursor => hypothetical protein
[10:27:02] Modify product: Uncharacterized membrane protein YkgR => putative membrane protein YkgR
[10:27:02] Modify product: Uncharacterized transporter YycB => putative transporter YycB
[10:27:02] Modify product: Probable diguanylate cyclase AdrA => putative diguanylate cyclase AdrA
[10:27:02] Modify product: Uncharacterized lipoprotein YajI precursor => putative lipoprotein YajI precursor
[10:27:02] Modify product: Probable multidrug resistance ABC transporter ATP-binding/permease protein YheI => putative multidrug resistance ABC transporter ATP-binding/permease protein YheI
[10:27:02] Modify product: Uncharacterized membrane protein YjcC => putative membrane protein YjcC
[10:27:03] Modify product: Uncharacterized HTH-type transcriptional regulator YbaQ => putative HTH-type transcriptional regulator YbaQ
[10:27:03] Modify product: Uncharacterized ABC transporter ATP-binding protein YbbL => putative ABC transporter ATP-binding protein YbbL
[10:27:03] Modify product: Probable deoxyribonuclease RhsA => putative deoxyribonuclease RhsA
[10:27:03] Modify product: Bifunctional protein FolD => Bifunctional protein FolD protein
[10:27:03] Modify product: Uncharacterized fimbrial-like protein ElfG precursor => putative fimbrial-like protein ElfG precursor
[10:27:03] Modify product: Uncharacterized deoxyribonuclease YcfH => putative deoxyribonuclease YcfH
[10:27:03] Modify product: Probable L,D-transpeptidase YcfS precursor => putative L,D-transpeptidase YcfS precursor
[10:27:03] Modify product: Probable two-component-system connector protein YcgZ => putative two-component-system connector protein YcgZ
[10:27:03] Modify product: Probable two-component-system connector protein AriR => putative two-component-system connector protein AriR
[10:27:03] Modify product: Probable autotransporter ROD_p1121 precursor => putative autotransporter precursor
[10:27:03] Modify product: Uncharacterized acyl-CoA thioester hydrolase HI_0827 => putative acyl-CoA thioester hydrolase
[10:27:03] Modify product: Probable intracellular septation protein A => putative intracellular septation protein A
[10:27:03] Modify product: Uncharacterized oxidoreductase YciK => putative oxidoreductase YciK
[10:27:03] Modify product: Probable protease SohB => putative protease SohB
[10:27:03] Modify product: Probable D,D-dipeptide transport ATP-binding protein DdpD => putative D,D-dipeptide transport ATP-binding protein DdpD
[10:27:03] Modify product: Uncharacterized oxidoreductase YcjS => putative oxidoreductase YcjS
[10:27:03] Modify product: Probable DNA endonuclease SmrA => putative DNA endonuclease SmrA
[10:27:03] Modify product: Probable diguanylate cyclase YdaM => putative diguanylate cyclase YdaM
[10:27:03] Modify product: Uncharacterized protease YhbU precursor => putative protease YhbU precursor
[10:27:03] Modify product: Probable mRNA interferase HicA => putative mRNA interferase HicA
[10:27:03] Modify product: Uncharacterized HTH-type transcriptional regulator YdcR => putative HTH-type transcriptional regulator YdcR
[10:27:03] Modify product: Uncharacterized isomerase YddE => putative isomerase YddE
[10:27:03] Modify product: Probable nitrate reductase molybdenum cofactor assembly chaperone NarW => putative nitrate reductase molybdenum cofactor assembly chaperone NarW
[10:27:03] Modify product: Uncharacterized HTH-type transcriptional regulator YddM => putative HTH-type transcriptional regulator YddM
[10:27:03] Modify product: Probable D,D-dipeptide transport ATP-binding protein DdpF => putative D,D-dipeptide transport ATP-binding protein DdpF
[10:27:03] Modify product: Probable D,D-dipeptide transport ATP-binding protein DdpD => putative D,D-dipeptide transport ATP-binding protein DdpD
[10:27:03] Modify product: Probable D,D-dipeptide transport system permease protein DdpC => putative D,D-dipeptide transport system permease protein DdpC
[10:27:03] Modify product: Probable D,D-dipeptide transport system permease protein DdpB => putative D,D-dipeptide transport system permease protein DdpB
[10:27:03] Modify product: Probable D,D-dipeptide-binding periplasmic protein DdpA precursor => putative D,D-dipeptide-binding periplasmic protein DdpA precursor
[10:27:03] Modify product: Probable glutamate/gamma-aminobutyrate antiporter => putative glutamate/gamma-aminobutyrate antiporter
[10:27:03] Modify product: Anaerobic sulfatase-maturating enzyme homolog YdeM => hypothetical protein
[10:27:03] Modify product: Uncharacterized aldolase LsrF => putative aldolase LsrF
[10:27:03] Modify product: Probable diguanylate cyclase YedQ => putative diguanylate cyclase YedQ
[10:27:03] Modify product: Probable amino-acid metabolite efflux pump => putative amino-acid metabolite efflux pump
[10:27:03] Modify product: Uncharacterized HTH-type transcriptional regulator YdfH => putative HTH-type transcriptional regulator YdfH
[10:27:03] Modify product: Uncharacterized zinc-type alcohol dehydrogenase-like protein YjmD => putative zinc-type alcohol dehydrogenase-like protein YjmD
[10:27:03] Modify product: Probable dimethyl sulfoxide reductase chain YnfF precursor => putative dimethyl sulfoxide reductase chain YnfF precursor
[10:27:03] Modify product: DNA replication terminus site-binding protein => hypothetical protein
[10:27:03] Modify product: Glucuronide carrier protein homolog => hypothetical protein
[10:27:03] Modify product: Uncharacterized oxidoreductase YdgJ => putative oxidoreductase YdgJ
[10:27:03] Modify product: Probable autotransporter ROD_p1121 precursor => putative autotransporter precursor
[10:27:03] Modify product: Uncharacterized ferredoxin-like protein YdhX precursor => putative ferredoxin-like protein YdhX precursor
[10:27:03] Modify product: Uncharacterized oxidoreductase YdhV => putative oxidoreductase YdhV
[10:27:03] Modify product: Uncharacterized ferredoxin-like protein YdhY => putative ferredoxin-like protein YdhY
[10:27:03] Modify product: Probable L,D-transpeptidase YnhG precursor => putative L,D-transpeptidase YnhG precursor
[10:27:03] Modify product: Probable ATP-dependent transporter SufC => putative ATP-dependent transporter SufC
[10:27:03] Modify product: Uncharacterized FAD-linked oxidoreductase Rv2280 => putative FAD-linked oxidoreductase
[10:27:03] Modify product: Uncharacterized sugar kinase YdjH => putative sugar kinase YdjH
[10:27:03] Modify product: Probable fructose-bisphosphate aldolase => putative fructose-bisphosphate aldolase
[10:27:03] Modify product: Stress response UPF0229 protein YhbH => hypothetical protein
[10:27:03] Modify product: Probable diguanylate cyclase YeaP => putative diguanylate cyclase YeaP
[10:27:03] Modify product: Probable S-adenosyl-L-methionine-dependent methyltransferase TehB => putative S-adenosyl-L-methionine-dependent methyltransferase TehB
[10:27:03] Modify product: Probable ATP-dependent helicase DinG => putative ATP-dependent helicase DinG
[10:27:03] Modify product: Probable manganese efflux pump MntP => putative manganese efflux pump MntP
[10:27:03] Modify product: Uncharacterized HTH-type transcriptional regulator YbbH => putative HTH-type transcriptional regulator YbbH
[10:27:03] Modify product: Probable transcriptional regulatory protein YebC => putative transcriptional regulatory protein YebC
[10:27:03] Modify product: Uncharacterized N-acetyltransferase YsnE => putative N-acetyltransferase YsnE
[10:27:03] Modify product: Probable diguanylate cyclase YedQ => putative diguanylate cyclase YedQ
[10:27:03] Modify product: Uncharacterized inner membrane transporter YedA => putative inner membrane transporter YedA
[10:27:03] Modify product: Probable sensor-like histidine kinase YedV => putative sensor-like histidine kinase YedV
[10:27:03] Modify product: Probable transcriptional regulatory protein YedW => putative transcriptional regulatory protein YedW
[10:27:03] Modify product: Cytochrome b561 homolog 1 => hypothetical protein
[10:27:03] Modify product: Probable transcriptional regulatory protein YeeN => putative transcriptional regulatory protein YeeN
[10:27:03] Modify product: Probable L,D-transpeptidase ErfK/SrfK precursor => putative L,D-transpeptidase ErfK/SrfK precursor
[10:27:04] Modify product: PGL/p-HBAD biosynthesis glycosyltransferase Rv2957/MT3031 => PGL/p-HBAD biosynthesis glycosyltransferase/MT3031
[10:27:04] Modify product: Probable diguanylate cyclase YegE => putative diguanylate cyclase YegE
[10:27:04] Modify product: Uncharacterized protease YhbU precursor => putative protease YhbU precursor
[10:27:04] Modify product: Uncharacterized HTH-type transcriptional regulator YegW => putative HTH-type transcriptional regulator YegW
[10:27:04] Modify product: Uncharacterized lipoprotein YehR precursor => putative lipoprotein YehR precursor
[10:27:04] Modify product: Probable autotransporter ROD_p1121 precursor => putative autotransporter precursor
[10:27:04] Modify product: Probable siderophore transport system ATP-binding protein YusV => putative siderophore transport system ATP-binding protein YusV
[10:27:04] Modify product: Uncharacterized HTH-type transcriptional regulator YbdO => putative HTH-type transcriptional regulator YbdO
[10:27:04] Modify product: Uncharacterized HTH-type transcriptional regulator YbdO => putative HTH-type transcriptional regulator YbdO
[10:27:04] Modify product: Probable glutamine ABC transporter permease protein GlnM => putative glutamine ABC transporter permease protein GlnM
[10:27:04] Modify product: Uncharacterized lipoprotein ChiQ precursor => putative lipoprotein ChiQ precursor
[10:27:04] Modify product: Probable deoxyribonuclease RhsB => putative deoxyribonuclease RhsB
[10:27:04] Modify product: Uncharacterized ABC transporter ATP-binding protein YlmA => putative ABC transporter ATP-binding protein YlmA
[10:27:04] Modify product: Uncharacterized ABC transporter ATP-binding protein YbhF => putative ABC transporter ATP-binding protein YbhF
[10:27:04] Modify product: Probable ATP-dependent helicase DinG => putative ATP-dependent helicase DinG
[10:27:04] Modify product: Uncharacterized oxidoreductase YbiC => putative oxidoreductase YbiC
[10:27:04] Modify product: PKHD-type hydroxylase Sbal_3634 => PKHD-type hydroxylase
[10:27:04] Modify product: Probable L,D-transpeptidase YbiS precursor => putative L,D-transpeptidase YbiS precursor
[10:27:04] Modify product: Uncharacterized ABC transporter ATP-binding protein YheS => putative ABC transporter ATP-binding protein YheS
[10:27:04] Modify product: Uncharacterized lipoprotein YbjP precursor => putative lipoprotein YbjP precursor
[10:27:04] Modify product: Uncharacterized MFS-type transporter YcaD => putative MFS-type transporter YcaD
[10:27:04] Modify product: Probable formate transporter 1 => putative formate transporter 1
[10:27:04] Modify product: Probable metallo-hydrolase M6_Spy0554 => putative metallo-hydrolase
[10:27:04] Modify product: Probable fimbrial chaperone protein ElfD precursor => putative fimbrial chaperone protein ElfD precursor
[10:27:04] Modify product: Probable outer membrane usher protein ElfC precursor => putative outer membrane usher protein ElfC precursor
[10:27:04] Modify product: Uncharacterized fimbrial-like protein ElfG precursor => putative fimbrial-like protein ElfG precursor
[10:27:04] Modify product: Uncharacterized fimbrial-like protein YcbU precursor => putative fimbrial-like protein YcbU precursor
[10:27:04] Modify product: Uncharacterized fimbrial-like protein YcbV precursor => putative fimbrial-like protein YcbV precursor
[10:27:04] Modify product: Uncharacterized fimbrial chaperone YcbF precursor => putative fimbrial chaperone YcbF precursor
[10:27:04] Modify product: Probable Ni/Fe-hydrogenase 1 B-type cytochrome subunit => putative Ni/Fe-hydrogenase 1 B-type cytochrome subunit
[10:27:04] Modify product: Uncharacterized lipoprotein GfcB precursor => putative lipoprotein GfcB precursor
[10:27:04] Modify product: Probable malonic semialdehyde reductase RutE => putative malonic semialdehyde reductase RutE
[10:27:04] Modify product: Probable diguanylate cyclase YcdT => putative diguanylate cyclase YcdT
[10:27:04] Modify product: Probable phosphatase YcdX => putative phosphatase YcdX
[10:27:04] Modify product: Probable adenylyltransferase/sulfurtransferase MoeZ => putative adenylyltransferase/sulfurtransferase MoeZ
[10:27:04] Modify product: Cytochrome b561 homolog 2 => hypothetical protein
[10:27:04] Modify product: Uncharacterized lipoprotein YceB precursor => putative lipoprotein YceB precursor
[10:27:04] Modify product: Probable peptidoglycan biosynthesis protein MurJ => putative peptidoglycan biosynthesis protein MurJ
[10:27:04] Modify product: Uncharacterized HTH-type transcriptional regulator RhmR => putative HTH-type transcriptional regulator RhmR
[10:27:04] Modify product: Probable 4-deoxy-4-formamido-L-arabinose-phosphoundecaprenol deformylase ArnD => putative 4-deoxy-4-formamido-L-arabinose-phosphoundecaprenol deformylase ArnD
[10:27:04] Modify product: Probable 4-amino-4-deoxy-L-arabinose-phosphoundecaprenol flippase subunit ArnE => putative 4-amino-4-deoxy-L-arabinose-phosphoundecaprenol flippase subunit ArnE
[10:27:04] Modify product: Probable 4-amino-4-deoxy-L-arabinose-phosphoundecaprenol flippase subunit ArnF => putative 4-amino-4-deoxy-L-arabinose-phosphoundecaprenol flippase subunit ArnF
[10:27:04] Modify product: Uncharacterized Nudix hydrolase YfcD => putative Nudix hydrolase YfcD
[10:27:04] Modify product: Epimerase family protein SA0724 => Epimerase family protein
[10:27:04] Modify product: Probable galactarate transporter => putative galactarate transporter
[10:27:04] Modify product: Probable phospholipid-binding lipoprotein MlaA precursor => putative phospholipid-binding lipoprotein MlaA precursor
[10:27:04] Modify product: Bactoprenol glucosyl transferase homolog from prophage CPS-53 => hypothetical protein
[10:27:04] Modify product: Probable multidrug resistance protein EmrY => putative multidrug resistance protein EmrY
[10:27:04] Modify product: Probable multidrug resistance protein EmrK => putative multidrug resistance protein EmrK
[10:27:04] Modify product: Probable oxalyl-CoA decarboxylase => putative oxalyl-CoA decarboxylase
[10:27:04] Modify product: Uncharacterized peptidase SA1530 => putative peptidase
[10:27:04] Modify product: Probable deferrochelatase/peroxidase YfeX => putative deferrochelatase/peroxidase YfeX
[10:27:05] Modify product: Probable formate transporter 1 => putative formate transporter 1
[10:27:05] Modify product: Probable 3-phenylpropionic acid transporter => putative 3-phenylpropionic acid transporter
[10:27:05] Modify product: Uncharacterized ferredoxin-like protein YfhL => putative ferredoxin-like protein YfhL
[10:27:05] Modify product: Probable diguanylate cyclase YfiN => putative diguanylate cyclase YfiN
[10:27:05] Modify product: Probable inorganic polyphosphate/ATP-NAD kinase => putative inorganic polyphosphate/ATP-NAD kinase
[10:27:05] Modify product: Probable toxin YpjF => putative toxin YpjF
[10:27:05] Modify product: Probable autotransporter ROD_p1121 precursor => putative autotransporter precursor
[10:27:05] Modify product: Probable HTH-type transcriptional regulator YgaV => putative HTH-type transcriptional regulator YgaV
[10:27:05] Modify product: Uncharacterized FAD-linked oxidoreductase Rv2280 => putative FAD-linked oxidoreductase
[10:27:05] Modify product: Probable glucarate transporter => putative glucarate transporter
[10:27:05] Modify product: Uncharacterized lipoprotein YgdR precursor => putative lipoprotein YgdR precursor
[10:27:05] Modify product: Uncharacterized lipoprotein YgdR precursor => putative lipoprotein YgdR precursor
[10:27:05] Modify product: Probable xanthine dehydrogenase subunit A => putative xanthine dehydrogenase subunit A
[10:27:05] Modify product: Probable GTPase ArgK => putative GTPase ArgK
[10:27:05] Modify product: Probable Fe(2+)-trafficking protein => putative Fe(2+)-trafficking protein
[10:27:05] Modify product: Uncharacterized membrane protein YdfK => putative membrane protein YdfK
[10:27:05] Modify product: Uncharacterized FAD-linked oxidoreductase Rv2280 => putative FAD-linked oxidoreductase
[10:27:05] Modify product: Uncharacterized FAD-linked oxidoreductase Rv2280 => putative FAD-linked oxidoreductase
[10:27:05] Modify product: Probable Ni/Fe-hydrogenase 2 b-type cytochrome subunit => putative Ni/Fe-hydrogenase 2 b-type cytochrome subunit
[10:27:05] Modify product: Uncharacterized oxidoreductase YghA => putative oxidoreductase YghA
[10:27:05] Modify product: Probable quinol monooxygenase YgiN => putative quinol monooxygenase YgiN
[10:27:05] Modify product: Probable glycerol-3-phosphate acyltransferase => putative glycerol-3-phosphate acyltransferase
[10:27:05] Modify product: Probable galactarate transporter => putative galactarate transporter
[10:27:05] Modify product: Probable outer membrane usher protein ElfC precursor => putative outer membrane usher protein ElfC precursor
[10:27:05] Modify product: Uncharacterized fimbrial-like protein ElfG precursor => putative fimbrial-like protein ElfG precursor
[10:27:05] Modify product: Uncharacterized protease YhbU precursor => putative protease YhbU precursor
[10:27:05] Modify product: Transcription termination/antitermination protein NusA => hypothetical protein
[10:27:05] Modify product: Uncharacterized inner membrane transporter YhbE => putative inner membrane transporter YhbE
[10:27:05] Modify product: Probable phospholipid ABC transporter-binding protein MlaB => putative phospholipid ABC transporter-binding protein MlaB
[10:27:05] Modify product: Probable phospholipid-binding protein MlaC precursor => putative phospholipid-binding protein MlaC precursor
[10:27:05] Modify product: Probable phospholipid ABC transporter-binding protein MlaD => putative phospholipid ABC transporter-binding protein MlaD
[10:27:05] Modify product: Probable phospholipid ABC transporter permease protein MlaE => putative phospholipid ABC transporter permease protein MlaE
[10:27:05] Modify product: Probable phospholipid import ATP-binding protein MlaF => putative phospholipid import ATP-binding protein MlaF
[10:27:05] Modify product: Probable acrylyl-CoA reductase AcuI => putative acrylyl-CoA reductase AcuI
[10:27:05] Modify product: Probable acrEF/envCD operon repressor => putative acrEF/envCD operon repressor
[10:27:05] Modify product: Probable glutamine ABC transporter permease protein GlnM => putative glutamine ABC transporter permease protein GlnM
[10:27:05] Modify product: Uncharacterized tRNA/rRNA methyltransferase HI_0380 => putative tRNA/rRNA methyltransferase
[10:27:05] Modify product: Probable bifunctional chitinase/lysozyme precursor => putative bifunctional chitinase/lysozyme precursor
[10:27:05] Modify product: Uncharacterized ABC transporter ATP-binding protein YheS => putative ABC transporter ATP-binding protein YheS
[10:27:05] Modify product: Probable adenosine monophosphate-protein transferase fic => putative adenosine monophosphate-protein transferase fic
[10:27:05] Modify product: Phosphotriesterase homology protein => hypothetical protein
[10:27:05] Modify product: Putative membrane protein IgaA homolog => hypothetical protein
[10:27:05] Modify product: Uncharacterized oxidoreductase YhhX => putative oxidoreductase YhhX
[10:27:05] Modify product: Uncharacterized ABC transporter ATP-binding protein YbhF => putative ABC transporter ATP-binding protein YbhF
[10:27:05] Modify product: Probable multidrug resistance protein EmrK => putative multidrug resistance protein EmrK
[10:27:06] Modify product: Uncharacterized MFS-type transporter YhjX => putative MFS-type transporter YhjX
[10:27:06] Modify product: Uncharacterized N-acetyltransferase YjaB => putative N-acetyltransferase YjaB
[10:27:06] Modify product: Probable lipoprotein YiaD precursor => putative lipoprotein YiaD precursor
[10:27:06] Modify product: Uncharacterized GST-like protein YibF => putative GST-like protein YibF
[10:27:06] Modify product: Probable deoxyribonuclease RhsB => putative deoxyribonuclease RhsB
[10:27:06] Modify product: Uncharacterized glycosyltransferase EpsJ => putative glycosyltransferase EpsJ
[10:27:06] Modify product: Probable poly(glycerol-phosphate) alpha-glucosyltransferase => putative poly(glycerol-phosphate) alpha-glucosyltransferase
[10:27:06] Modify product: Uncharacterized inner membrane transporter YicL => putative inner membrane transporter YicL
[10:27:06] Modify product: Uncharacterized symporter YidK => putative symporter YidK
[10:27:06] Modify product: Uncharacterized HTH-type transcriptional regulator YidP => putative HTH-type transcriptional regulator YidP
[10:27:06] Modify product: Probable adenine permease PurP => putative adenine permease PurP
[10:27:06] Modify product: Probable transport protein HsrA => putative transport protein HsrA
[10:27:06] Modify product: Transcription termination factor Rho => hypothetical protein
[10:27:06] Modify product: Probable transport protein YifK => putative transport protein YifK
[10:27:06] Modify product: Probable protein kinase UbiB => putative protein kinase UbiB
[10:27:06] Modify product: Probable acyltransferase YihG => putative acyltransferase YihG
[10:27:06] Modify product: Probable GTP-binding protein EngB => putative GTP-binding protein EngB
[10:27:06] Modify product: Uncharacterized sugar isomerase YihS => putative sugar isomerase YihS
[10:27:06] Modify product: Uncharacterized aldolase YihT => putative aldolase YihT
[10:27:06] Modify product: Uncharacterized inner membrane transporter yiJE => putative inner membrane transporter yiJE
[10:27:06] Modify product: Transcription termination/antitermination protein NusG => hypothetical protein
[10:27:06] Modify product: Uncharacterized N-acetyltransferase YjaB => putative N-acetyltransferase YjaB
[10:27:06] Modify product: Uncharacterized lipoprotein GfcB precursor => putative lipoprotein GfcB precursor
[10:27:06] Modify product: Probable tRNA-dihydrouridine synthase => putative tRNA-dihydrouridine synthase
[10:27:06] Modify product: Uncharacterized membrane protein YjcC => putative membrane protein YjcC
[10:27:06] Modify product: Uncharacterized ferredoxin-like protein YdhX precursor => putative ferredoxin-like protein YdhX precursor
[10:27:06] Modify product: Probable transcriptional regulator PhnF => putative transcriptional regulator PhnF
[10:27:06] Modify product: Probable dipeptide and tripeptide permease YjdL => putative dipeptide and tripeptide permease YjdL
[10:27:06] Modify product: Probable cadaverine/lysine antiporter => putative cadaverine/lysine antiporter
[10:27:06] Modify product: Probable L-ascorbate-6-phosphate lactonase UlaG => putative L-ascorbate-6-phosphate lactonase UlaG
[10:27:06] Modify product: Probable siderophore transport system ATP-binding protein YusV => putative siderophore transport system ATP-binding protein YusV
[10:27:06] Modify product: Probable RNA polymerase sigma factor FecI => putative RNA polymerase sigma factor FecI
[10:27:06] Modify product: Probable 2-keto-3-deoxy-galactonate aldolase YagE => putative 2-keto-3-deoxy-galactonate aldolase YagE
[10:27:06] Modify product: Probable 9-O-acetyl-N-acetylneuraminic acid deacetylase precursor => putative 9-O-acetyl-N-acetylneuraminic acid deacetylase precursor
[10:27:06] Modify product: Probable N-acetylneuraminic acid outer membrane channel protein NanC precursor => putative N-acetylneuraminic acid outer membrane channel protein NanC precursor
[10:27:06] Modify product: Uncharacterized HTH-type transcriptional regulator YjiR => putative HTH-type transcriptional regulator YjiR
[10:27:06] Modify product: Uncharacterized GTP-binding protein YjiA => putative GTP-binding protein YjiA
[10:27:06] Modify product: Probable HTH-type transcriptional regulator YjjM => putative HTH-type transcriptional regulator YjjM
[10:27:06] Modify product: Uncharacterized deoxyribonuclease YjjV => putative deoxyribonuclease YjjV
[10:27:06] Modify product: DNA repair protein RadA homolog => hypothetical protein
[10:27:06] Modify product: Uncharacterized ABC transporter ATP-binding protein YjjK => putative ABC transporter ATP-binding protein YjjK
[10:27:06] Cleaned 215 /product names
[10:27:06] Deleting unwanted file: /home/fatemeh/EnTrI/results/prokka/b/sprot.faa
[10:27:06] Deleting unwanted file: /home/fatemeh/EnTrI/results/prokka/b/sprot.blast
[10:27:07] There are still 1058 unannotated CDS left (started with 4315)
[10:27:07] Will use hmmer3 to search against /home/fatemeh/program-bank/prokka-1.11/bin/../db/hmm/CLUSTERS.hmm with 4 CPUs
[10:27:07] Running: cat \/home\/fatemeh\/EnTrI\/results\/prokka\/b\/CLUSTERS\.hmm\.faa | parallel --gnu --plain -j 4 --block 29335 --recstart '>' --pipe hmmscan --noali --notextw --acc -E 1e-06 --cpu 1 /home/fatemeh/program-bank/prokka-1.11/bin/../db/hmm/CLUSTERS.hmm /dev/stdin > \/home\/fatemeh\/EnTrI\/results\/prokka\/b\/CLUSTERS\.hmm\.hmmer3 2> /dev/null
[10:28:41] Deleting unwanted file: /home/fatemeh/EnTrI/results/prokka/b/CLUSTERS.hmm.faa
[10:28:41] Deleting unwanted file: /home/fatemeh/EnTrI/results/prokka/b/CLUSTERS.hmm.hmmer3
[10:28:41] There are still 679 unannotated CDS left (started with 4315)
[10:28:41] Will use hmmer3 to search against /home/fatemeh/program-bank/prokka-1.11/bin/../db/hmm/HAMAP.hmm with 4 CPUs
[10:28:41] Running: cat \/home\/fatemeh\/EnTrI\/results\/prokka\/b\/HAMAP\.hmm\.faa | parallel --gnu --plain -j 4 --block 17661 --recstart '>' --pipe hmmscan --noali --notextw --acc -E 1e-06 --cpu 1 /home/fatemeh/program-bank/prokka-1.11/bin/../db/hmm/HAMAP.hmm /dev/stdin > \/home\/fatemeh\/EnTrI\/results\/prokka\/b\/HAMAP\.hmm\.hmmer3 2> /dev/null
[10:28:59] Deleting unwanted file: /home/fatemeh/EnTrI/results/prokka/b/HAMAP.hmm.faa
[10:28:59] Deleting unwanted file: /home/fatemeh/EnTrI/results/prokka/b/HAMAP.hmm.hmmer3
[10:29:00] There are still 669 unannotated CDS left (started with 4315)
[10:29:00] Will use hmmer3 to search against /home/fatemeh/program-bank/prokka-1.11/bin/../db/hmm/Pfam.hmm with 4 CPUs
[10:29:00] Running: cat \/home\/fatemeh\/EnTrI\/results\/prokka\/b\/Pfam\.hmm\.faa | parallel --gnu --plain -j 4 --block 17388 --recstart '>' --pipe hmmscan --noali --notextw --acc -E 1e-06 --cpu 1 /home/fatemeh/program-bank/prokka-1.11/bin/../db/hmm/Pfam.hmm /dev/stdin > \/home\/fatemeh\/EnTrI\/results\/prokka\/b\/Pfam\.hmm\.hmmer3 2> /dev/null
[10:30:12] Modify product: Transposase DDE domain => Transposase DDE domain protein
[10:30:12] Modify product: InsA C-terminal domain => hypothetical protein
[10:30:12] Modify product: InsA C-terminal domain => hypothetical protein
[10:30:12] Modify product: Integrase core domain => Integrase core domain protein
[10:30:12] Modify product: Transposase DDE domain => Transposase DDE domain protein
[10:30:12] Modify product: InsA C-terminal domain => hypothetical protein
[10:30:12] Modify product: Integrase core domain => Integrase core domain protein
[10:30:12] Modify product: InsA C-terminal domain => hypothetical protein
[10:30:12] Modify product: LysR substrate binding domain => LysR substrate binding domain protein
[10:30:12] Modify product: XdhC and CoxI family => XdhC and CoxI family protein
[10:30:12] Modify product: Integrase core domain => Integrase core domain protein
[10:30:12] Modify product: Integrase core domain => Integrase core domain protein
[10:30:12] Modify product: TraB family => TraB family protein
[10:30:12] Modify product: FtsX-like permease family => FtsX-like permease family protein
[10:30:12] Modify product: Fels-1 Prophage Protein-like => Fels-1 Prophage Protein-like protein
[10:30:12] Modify product: DsrE/DsrF-like family => DsrE/DsrF-like family protein
[10:30:12] Modify product: Transposase DDE domain => Transposase DDE domain protein
[10:30:12] Modify product: Insertion element 4 transposase N-terminal => hypothetical protein
[10:30:12] Modify product: Transposase DDE domain => Transposase DDE domain protein
[10:30:12] Modify product: Stress-induced bacterial acidophilic repeat motif => Stress-induced bacterial acidophilic repeat motif protein
[10:30:12] Modify product: Alpha/beta hydrolase family => Alpha/beta hydrolase family protein
[10:30:12] Modify product: Transposase DDE domain => Transposase DDE domain protein
[10:30:12] Modify product: Transposase DDE domain => Transposase DDE domain protein
[10:30:12] Modify product: Phage tail fibre repeat => Phage tail fibre repeat protein
[10:30:12] Modify product: Integrase core domain => Integrase core domain protein
[10:30:12] Modify product: Autotransporter beta-domain => Autotransporter beta-domain protein
[10:30:12] Modify product: Transposase IS200 like => Transposase IS200 like protein
[10:30:12] Modify product: Probable transposase => putative transposase
[10:30:12] Modify product: Transposase DDE domain => Transposase DDE domain protein
[10:30:12] Modify product: Transposase DDE domain => Transposase DDE domain protein
[10:30:12] Modify product: Peptidase M16 inactive domain => Peptidase M16 inactive domain protein
[10:30:12] Modify product: TonB-dependent Receptor Plug Domain => TonB-dependent Receptor Plug Domain protein
[10:30:12] Modify product: Integrase core domain => Integrase core domain protein
[10:30:12] Modify product: Resolvase, N terminal domain => hypothetical protein
[10:30:12] Modify product: Transposase DDE domain => Transposase DDE domain protein
[10:30:12] Modify product: Transposase DDE domain => Transposase DDE domain protein
[10:30:12] Modify product: Transposase DDE domain => Transposase DDE domain protein
[10:30:12] Modify product: Transposase DDE domain => Transposase DDE domain protein
[10:30:12] Modify product: Transposase DDE domain => Transposase DDE domain protein
[10:30:12] Modify product: HupH hydrogenase expression protein, C-terminal conserved region => hypothetical protein
[10:30:12] Modify product: InsA C-terminal domain => hypothetical protein
[10:30:12] Modify product: GnsA/GnsB family => GnsA/GnsB family protein
[10:30:12] Modify product: Stress-induced bacterial acidophilic repeat motif => Stress-induced bacterial acidophilic repeat motif protein
[10:30:12] Modify product: Integrase core domain => Integrase core domain protein
[10:30:12] Modify product: Bacteriophage lambda integrase, N-terminal domain => hypothetical protein
[10:30:12] Modify product: Phage Tail Collar Domain => Phage Tail Collar Domain protein
[10:30:12] Modify product: Phage Tail Collar Domain => Phage Tail Collar Domain protein
[10:30:12] Modify product: GnsA/GnsB family => GnsA/GnsB family protein
[10:30:12] Modify product: Carboxymuconolactone decarboxylase family => Carboxymuconolactone decarboxylase family protein
[10:30:12] Modify product: PrkA AAA domain => PrkA AAA domain protein
[10:30:12] Modify product: InsA C-terminal domain => hypothetical protein
[10:30:12] Modify product: Transposase DDE domain => Transposase DDE domain protein
[10:30:12] Modify product: NAD dependent epimerase/dehydratase family => NAD dependent epimerase/dehydratase family protein
[10:30:12] Modify product: Transposase DDE domain => Transposase DDE domain protein
[10:30:12] Modify product: von Willebrand factor type A domain => von Willebrand factor type A domain protein
[10:30:12] Modify product: Integrase core domain => Integrase core domain protein
[10:30:12] Modify product: WGR domain => WGR domain protein
[10:30:12] Modify product: Transposase DDE domain => Transposase DDE domain protein
[10:30:12] Modify product: MG2 domain => MG2 domain protein
[10:30:12] Modify product: Transposase DDE domain => Transposase DDE domain protein
[10:30:12] Modify product: Helix-turn-helix domain => Helix-turn-helix domain protein
[10:30:12] Modify product: WGR domain => WGR domain protein
[10:30:12] Modify product: Glycine zipper 2TM domain => Glycine zipper 2TM domain protein
[10:30:12] Modify product: Alpha-2-macroglobulin family N-terminal region => hypothetical protein
[10:30:12] Modify product: Alpha/beta hydrolase family => Alpha/beta hydrolase family protein
[10:30:12] Modify product: DTW domain => DTW domain protein
[10:30:12] Modify product: Integral membrane protein TerC family => Integral membrane protein TerC family protein
[10:30:12] Modify product: Transcriptional regulatory protein, C terminal => hypothetical protein
[10:30:12] Modify product: Transglycosylase SLT domain => Transglycosylase SLT domain protein
[10:30:12] Modify product: LysR substrate binding domain => LysR substrate binding domain protein
[10:30:12] Modify product: Alanine racemase, N-terminal domain => hypothetical protein
[10:30:12] Modify product: YGGT family => YGGT family protein
[10:30:12] Modify product: Transposase DDE domain => Transposase DDE domain protein
[10:30:12] Modify product: Dienelactone hydrolase family => Dienelactone hydrolase family protein
[10:30:12] Modify product: Lumazine-binding domain => Lumazine-binding domain protein
[10:30:12] Modify product: CYTH domain => CYTH domain protein
[10:30:12] Modify product: SCP-2 sterol transfer family => SCP-2 sterol transfer family protein
[10:30:12] Modify product: Transposase DDE domain => Transposase DDE domain protein
[10:30:12] Modify product: YheO-like PAS domain => YheO-like PAS domain protein
[10:30:12] Modify product: Alanine racemase, N-terminal domain => hypothetical protein
[10:30:12] Modify product: InsA C-terminal domain => hypothetical protein
[10:30:12] Modify product: Transposase DDE domain => Transposase DDE domain protein
[10:30:12] Modify product: Transposase DDE domain => Transposase DDE domain protein
[10:30:12] Modify product: Peptidase M16 inactive domain => Peptidase M16 inactive domain protein
[10:30:12] Modify product: Integrase core domain => Integrase core domain protein
[10:30:12] Modify product: AsmA family => AsmA family protein
[10:30:12] Modify product: EamA-like transporter family => EamA-like transporter family protein
[10:30:12] Modify product: EamA-like transporter family => EamA-like transporter family protein
[10:30:12] Modify product: SCP-2 sterol transfer family => SCP-2 sterol transfer family protein
[10:30:12] Modify product: ShET2 enterotoxin, N-terminal region => hypothetical protein
[10:30:12] Modify product: Sel1 repeat => Sel1 repeat protein
[10:30:12] Modify product: Metallo-beta-lactamase superfamily => Metallo-beta-lactamase superfamily protein
[10:30:12] Modify product: PspA/IM30 family => PspA/IM30 family protein
[10:30:12] Modify product: Opacity-associated protein A LysM-like domain => Opacity-associated protein A LysM-like domain protein
[10:30:12] Modify product: Acetyltransferase (GNAT) family => Acetyltransferase (GNAT) family protein
[10:30:12] Modify product: AAA-like domain => AAA-like domain protein
[10:30:12] Modify product: Insertion element 4 transposase N-terminal => hypothetical protein
[10:30:12] Modify product: Integrase core domain => Integrase core domain protein
[10:30:12] Modify product: Integrase core domain => Integrase core domain protein
[10:30:12] Modify product: Acetyltransferase (GNAT) family => Acetyltransferase (GNAT) family protein
[10:30:12] Modify product: Major Facilitator Superfamily => Major Facilitator Superfamily protein
[10:30:12] Cleaned 101 /product names
[10:30:12] Deleting unwanted file: /home/fatemeh/EnTrI/results/prokka/b/Pfam.hmm.faa
[10:30:12] Deleting unwanted file: /home/fatemeh/EnTrI/results/prokka/b/Pfam.hmm.hmmer3
[10:30:12] Labelling remaining 461 proteins as 'hypothetical protein'
[10:30:12] Possible /pseudo 'Transposase DDE domain protein' at ENA|U00096|U00096.3 position 738092
[10:30:12] Possible /pseudo 'Inner membrane protein YbhL' at ENA|U00096|U00096.3 position 820793
[10:30:12] Possible /pseudo 'Ferrous iron permease EfeU' at ENA|U00096|U00096.3 position 1081466
[10:30:12] Possible /pseudo 'Caudovirales tail fibre assembly protein' at ENA|U00096|U00096.3 position 1208517
[10:30:12] Possible /pseudo 'Outer membrane protein IcsA autotransporter precursor' at ENA|U00096|U00096.3 position 1221206
[10:30:12] Possible /pseudo 'Small toxic polypeptide LdrD' at ENA|U00096|U00096.3 position 1269703
[10:30:12] Possible /pseudo 'Small toxic polypeptide LdrD' at ENA|U00096|U00096.3 position 1270238
[10:30:12] Possible /pseudo 'Glyceraldehyde-3-phosphate dehydrogenase' at ENA|U00096|U00096.3 position 1490597
[10:30:12] Possible /pseudo 'Transposase DDE domain protein' at ENA|U00096|U00096.3 position 1531816
[10:30:12] Possible /pseudo 'Formate dehydrogenase, nitrate-inducible, major subunit precursor' at ENA|U00096|U00096.3 position 1548037
[10:30:12] Possible /pseudo 'Galactitol permease IIC component' at ENA|U00096|U00096.3 position 2173343
[10:30:12] Possible /pseudo 'Outer membrane usher protein PapC precursor' at ENA|U00096|U00096.3 position 2453265
[10:30:12] Possible /pseudo 'Caudovirales tail fibre assembly protein' at ENA|U00096|U00096.3 position 2471077
[10:30:12] Possible /pseudo 'Arsenical pump membrane protein' at ENA|U00096|U00096.3 position 2772836
[10:30:12] Possible /pseudo 'putative FAD-linked oxidoreductase' at ENA|U00096|U00096.3 position 3126522
[10:30:12] Possible /pseudo 'General stress protein A' at ENA|U00096|U00096.3 position 3802039
[10:30:12] Possible /pseudo '6-phospho-alpha-glucosidase' at ENA|U00096|U00096.3 position 3861349
[10:30:12] Possible /pseudo 'PTS system maltose-specific EIICB component' at ENA|U00096|U00096.3 position 3862497
[10:30:12] Possible /pseudo 'Acetolactate synthase isozyme 2 large subunit' at ENA|U00096|U00096.3 position 3951668
[10:30:12] Possible /pseudo 'Inner membrane symporter YihP' at ENA|U00096|U00096.3 position 4065809
[10:30:12] Possible /pseudo 'Formate dehydrogenase-O major subunit precursor' at ENA|U00096|U00096.3 position 4085235
[10:30:12] Possible /pseudo 'Formate dehydrogenase H' at ENA|U00096|U00096.3 position 4298947
[10:30:12] Possible /pseudo 'Tyrosine recombinase XerC' at ENA|U00096|U00096.3 position 4542037
[10:30:12] Possible /pseudo 'Type-1 fimbrial protein, A chain precursor' at ENA|U00096|U00096.3 position 4543770
[10:30:12] Found 2848 unique /gene codes.
[10:30:12] Fixed 2 duplicate /gene - yedQ_1 yedQ_2
[10:30:12] Fixed 5 duplicate /gene - gltC_1 gltC_2 gltC_3 gltC_4 gltC_5
[10:30:12] Fixed 2 duplicate /gene - yheS_1 yheS_2
[10:30:12] Fixed 2 duplicate /gene - manZ_1 manZ_2
[10:30:12] Fixed 2 duplicate /gene - era_1 era_2
[10:30:12] Fixed 2 duplicate /gene - garR_1 garR_2
[10:30:12] Fixed 2 duplicate /gene - mdtK_1 mdtK_2
[10:30:12] Fixed 2 duplicate /gene - treA_1 treA_2
[10:30:12] Fixed 2 duplicate /gene - Int-Tn_1 Int-Tn_2
[10:30:12] Fixed 2 duplicate /gene - aaeB_1 aaeB_2
[10:30:12] Fixed 2 duplicate /gene - hflK_1 hflK_2
[10:30:12] Fixed 3 duplicate /gene - glnQ_1 glnQ_2 glnQ_3
[10:30:12] Fixed 2 duplicate /gene - bglF_1 bglF_2
[10:30:12] Fixed 2 duplicate /gene - agaC_1 agaC_2
[10:30:12] Fixed 2 duplicate /gene - ybeZ_1 ybeZ_2
[10:30:12] Fixed 2 duplicate /gene - argF_1 argF_2
[10:30:12] Fixed 3 duplicate /gene - gadX_1 gadX_2 gadX_3
[10:30:12] Fixed 2 duplicate /gene - fryB_1 fryB_2
[10:30:12] Fixed 2 duplicate /gene - ydeH_1 ydeH_2
[10:30:12] Fixed 2 duplicate /gene - yjaB_1 yjaB_2
[10:30:12] Fixed 2 duplicate /gene - cysW_1 cysW_2
[10:30:12] Fixed 2 duplicate /gene - chuR_1 chuR_2
[10:30:12] Fixed 2 duplicate /gene - dusC_1 dusC_2
[10:30:12] Fixed 2 duplicate /gene - ygdR_1 ygdR_2
[10:30:12] Fixed 2 duplicate /gene - nagC_1 nagC_2
[10:30:12] Fixed 3 duplicate /gene - ilvD_1 ilvD_2 ilvD_3
[10:30:12] Fixed 2 duplicate /gene - cspG_1 cspG_2
[10:30:12] Fixed 3 duplicate /gene - fimD_1 fimD_2 fimD_3
[10:30:12] Fixed 2 duplicate /gene - osmY_1 osmY_2
[10:30:12] Fixed 2 duplicate /gene - ulaC_1 ulaC_2
[10:30:12] Fixed 2 duplicate /gene - yjcC_1 yjcC_2
[10:30:12] Fixed 2 duplicate /gene - yiaJ_1 yiaJ_2
[10:30:12] Fixed 2 duplicate /gene - dapH_1 dapH_2
[10:30:12] Fixed 2 duplicate /gene - ydhX_1 ydhX_2
[10:30:12] Fixed 3 duplicate /gene - hyfB_1 hyfB_2 hyfB_3
[10:30:12] Fixed 2 duplicate /gene - clcD_1 clcD_2
[10:30:12] Fixed 3 duplicate /gene - gatC_1 gatC_2 gatC_3
[10:30:12] Fixed 2 duplicate /gene - adhE_1 adhE_2
[10:30:12] Fixed 2 duplicate /gene - rhtC_1 rhtC_2
[10:30:12] Fixed 2 duplicate /gene - mdtP_1 mdtP_2
[10:30:12] Fixed 2 duplicate /gene - sfaS_1 sfaS_2
[10:30:12] Fixed 2 duplicate /gene - mdh_1 mdh_2
[10:30:12] Fixed 5 duplicate /gene - bhsA_1 bhsA_2 bhsA_3 bhsA_4 bhsA_5
[10:30:12] Fixed 2 duplicate /gene - flhA_1 flhA_2
[10:30:12] Fixed 2 duplicate /gene - yfjZ_1 yfjZ_2
[10:30:12] Fixed 2 duplicate /gene - ynfM_1 ynfM_2
[10:30:12] Fixed 2 duplicate /gene - yhjE_1 yhjE_2
[10:30:12] Fixed 2 duplicate /gene - hemN_1 hemN_2
[10:30:12] Fixed 2 duplicate /gene - hyfA_1 hyfA_2
[10:30:12] Fixed 2 duplicate /gene - pinR_1 pinR_2
[10:30:12] Fixed 3 duplicate /gene - gcvA_1 gcvA_2 gcvA_3
[10:30:12] Fixed 3 duplicate /gene - ydcV_1 ydcV_2 ydcV_3
[10:30:12] Fixed 2 duplicate /gene - sucD_1 sucD_2
[10:30:12] Fixed 2 duplicate /gene - oxyR_1 oxyR_2
[10:30:12] Fixed 2 duplicate /gene - intA_1 intA_2
[10:30:12] Fixed 2 duplicate /gene - kefF_1 kefF_2
[10:30:12] Fixed 2 duplicate /gene - ompN_1 ompN_2
[10:30:12] Fixed 2 duplicate /gene - fdnG_1 fdnG_2
[10:30:12] Fixed 2 duplicate /gene - pspB_1 pspB_2
[10:30:12] Fixed 2 duplicate /gene - arcC2_1 arcC2_2
[10:30:12] Fixed 2 duplicate /gene - qseF_1 qseF_2
[10:30:12] Fixed 3 duplicate /gene - elfG_1 elfG_2 elfG_3
[10:30:12] Fixed 2 duplicate /gene - aspT_1 aspT_2
[10:30:12] Fixed 2 duplicate /gene - prfB_1 prfB_2
[10:30:12] Fixed 2 duplicate /gene - mtlR_1 mtlR_2
[10:30:12] Fixed 2 duplicate /gene - lsrK_1 lsrK_2
[10:30:12] Fixed 2 duplicate /gene - loiP_1 loiP_2
[10:30:12] Fixed 2 duplicate /gene - noc_1 noc_2
[10:30:12] Fixed 2 duplicate /gene - yihP_1 yihP_2
[10:30:12] Fixed 4 duplicate /gene - glpR_1 glpR_2 glpR_3 glpR_4
[10:30:12] Fixed 2 duplicate /gene - rhaS_1 rhaS_2
[10:30:12] Fixed 3 duplicate /gene - manX_1 manX_2 manX_3
[10:30:12] Fixed 2 duplicate /gene - rlmB_1 rlmB_2
[10:30:12] Fixed 2 duplicate /gene - yusV_1 yusV_2
[10:30:12] Fixed 2 duplicate /gene - ompD_1 ompD_2
[10:30:12] Fixed 2 duplicate /gene - fdoG_1 fdoG_2
[10:30:12] Fixed 2 duplicate /gene - ndhF_1 ndhF_2
[10:30:12] Fixed 2 duplicate /gene - argE_1 argE_2
[10:30:12] Fixed 2 duplicate /gene - gldA_1 gldA_2
[10:30:12] Fixed 4 duplicate /gene - ptsI_1 ptsI_2 ptsI_3 ptsI_4
[10:30:12] Fixed 4 duplicate /gene - gltD_1 gltD_2 gltD_3 gltD_4
[10:30:12] Fixed 2 duplicate /gene - efeU_1 efeU_2
[10:30:12] Fixed 2 duplicate /gene - slp_1 slp_2
[10:30:12] Fixed 2 duplicate /gene - yjcD_1 yjcD_2
[10:30:12] Fixed 2 duplicate /gene - proP_1 proP_2
[10:30:12] Fixed 2 duplicate /gene - ybhL_1 ybhL_2
[10:30:12] Fixed 2 duplicate /gene - ulaE_1 ulaE_2
[10:30:12] Fixed 2 duplicate /gene - nuoI_1 nuoI_2
[10:30:12] Fixed 2 duplicate /gene - mepS_1 mepS_2
[10:30:12] Fixed 2 duplicate /gene - hrpB_1 hrpB_2
[10:30:12] Fixed 2 duplicate /gene - gfcB_1 gfcB_2
[10:30:12] Fixed 2 duplicate /gene - dcuD_1 dcuD_2
[10:30:12] Fixed 2 duplicate /gene - cysA_1 cysA_2
[10:30:12] Fixed 2 duplicate /gene - recF_1 recF_2
[10:30:12] Fixed 2 duplicate /gene - pbpG_1 pbpG_2
[10:30:12] Fixed 2 duplicate /gene - minD_1 minD_2
[10:30:12] Fixed 3 duplicate /gene - lexA_1 lexA_2 lexA_3
[10:30:12] Fixed 2 duplicate /gene - yccM_1 yccM_2
[10:30:12] Fixed 5 duplicate /gene - srlR_1 srlR_2 srlR_3 srlR_4 srlR_5
[10:30:12] Fixed 2 duplicate /gene - ydjE_1 ydjE_2
[10:30:12] Fixed 2 duplicate /gene - mipA_1 mipA_2
[10:30:12] Fixed 2 duplicate /gene - sfaG_1 sfaG_2
[10:30:12] Fixed 2 duplicate /gene - caiT_1 caiT_2
[10:30:12] Fixed 3 duplicate /gene - cysJ_1 cysJ_2 cysJ_3
[10:30:12] Fixed 3 duplicate /gene - yhbU_1 yhbU_2 yhbU_3
[10:30:12] Fixed 2 duplicate /gene - msbA_1 msbA_2
[10:30:12] Fixed 2 duplicate /gene - ydhP_1 ydhP_2
[10:30:12] Fixed 2 duplicate /gene - gpr_1 gpr_2
[10:30:12] Fixed 3 duplicate /gene - kdgR_1 kdgR_2 kdgR_3
[10:30:12] Fixed 2 duplicate /gene - gatB_1 gatB_2
[10:30:12] Fixed 2 duplicate /gene - nlpD_1 nlpD_2
[10:30:12] Fixed 3 duplicate /gene - xerC_1 xerC_2 xerC_3
[10:30:12] Fixed 2 duplicate /gene - mglA_1 mglA_2
[10:30:12] Fixed 2 duplicate /gene - garP_1 garP_2
[10:30:12] Fixed 2 duplicate /gene - psuK_1 psuK_2
[10:30:12] Fixed 2 duplicate /gene - zraR_1 zraR_2
[10:30:12] Fixed 2 duplicate /gene - gntR_1 gntR_2
[10:30:12] Fixed 2 duplicate /gene - afr_1 afr_2
[10:30:12] Fixed 2 duplicate /gene - ygcS_1 ygcS_2
[10:30:12] Fixed 2 duplicate /gene - cysE_1 cysE_2
[10:30:12] Fixed 7 duplicate /gene - dmlR_1 dmlR_2 dmlR_3 dmlR_4 dmlR_5 dmlR_6 dmlR_7
[10:30:12] Fixed 3 duplicate /gene - arsB_1 arsB_2 arsB_3
[10:30:12] Fixed 2 duplicate /gene - caiA_1 caiA_2
[10:30:12] Fixed 2 duplicate /gene - ycgE_1 ycgE_2
[10:30:12] Fixed 2 duplicate /gene - ftsA_1 ftsA_2
[10:30:12] Fixed 3 duplicate /gene - xdhA_1 xdhA_2 xdhA_3
[10:30:12] Fixed 3 duplicate /gene - cynR_1 cynR_2 cynR_3
[10:30:12] Fixed 3 duplicate /gene - ugpC_1 ugpC_2 ugpC_3
[10:30:12] Fixed 2 duplicate /gene - rrrD_1 rrrD_2
[10:30:12] Fixed 2 duplicate /gene - betI_1 betI_2
[10:30:12] Fixed 2 duplicate /gene - tehB_1 tehB_2
[10:30:12] Fixed 2 duplicate /gene - deoR_1 deoR_2
[10:30:12] Fixed 2 duplicate /gene - narX_1 narX_2
[10:30:12] Fixed 2 duplicate /gene - aaeA_1 aaeA_2
[10:30:12] Fixed 3 duplicate /gene - bssD_1 bssD_2 bssD_3
[10:30:12] Fixed 2 duplicate /gene - lptB_1 lptB_2
[10:30:12] Fixed 2 duplicate /gene - aroP_1 aroP_2
[10:30:12] Fixed 2 duplicate /gene - sgrR_1 sgrR_2
[10:30:12] Fixed 3 duplicate /gene - lldR_1 lldR_2 lldR_3
[10:30:12] Fixed 2 duplicate /gene - matA_1 matA_2
[10:30:12] Fixed 2 duplicate /gene - zraS_1 zraS_2
[10:30:12] Fixed 3 duplicate /gene - acrB_1 acrB_2 acrB_3
[10:30:12] Fixed 2 duplicate /gene - ybhO_1 ybhO_2
[10:30:12] Fixed 3 duplicate /gene - hydN_1 hydN_2 hydN_3
[10:30:12] Fixed 2 duplicate /gene - dinB_1 dinB_2
[10:30:12] Fixed 3 duplicate /gene - arsC_1 arsC_2 arsC_3
[10:30:12] Fixed 2 duplicate /gene - yicJ_1 yicJ_2
[10:30:12] Fixed 2 duplicate /gene - appA_1 appA_2
[10:30:12] Fixed 2 duplicate /gene - dmsC_1 dmsC_2
[10:30:12] Fixed 2 duplicate /gene - gap_1 gap_2
[10:30:12] Fixed 2 duplicate /gene - htrE_1 htrE_2
[10:30:12] Fixed 2 duplicate /gene - macA_1 macA_2
[10:30:12] Fixed 2 duplicate /gene - nagA_1 nagA_2
[10:30:12] Fixed 2 duplicate /gene - exbD_1 exbD_2
[10:30:12] Fixed 3 duplicate /gene - gutB_1 gutB_2 gutB_3
[10:30:12] Fixed 2 duplicate /gene - ftnA_1 ftnA_2
[10:30:12] Fixed 2 duplicate /gene - dinG_1 dinG_2
[10:30:12] Fixed 7 duplicate /gene - fimA_1 fimA_2 fimA_3 fimA_4 fimA_5 fimA_6 fimA_7
[10:30:12] Fixed 2 duplicate /gene - xylA_1 xylA_2
[10:30:12] Fixed 2 duplicate /gene - dnaC_1 dnaC_2
[10:30:12] Fixed 2 duplicate /gene - fdnH_1 fdnH_2
[10:30:12] Fixed 2 duplicate /gene - emrK_1 emrK_2
[10:30:12] Fixed 2 duplicate /gene - lutA_1 lutA_2
[10:30:12] Fixed 2 duplicate /gene - fecA_1 fecA_2
[10:30:12] Fixed 3 duplicate /gene - icsA_1 icsA_2 icsA_3
[10:30:12] Fixed 2 duplicate /gene - betC_1 betC_2
[10:30:12] Fixed 2 duplicate /gene - rbsK_1 rbsK_2
[10:30:12] Fixed 2 duplicate /gene - bvgA_1 bvgA_2
[10:30:12] Fixed 2 duplicate /gene - ybhF_1 ybhF_2
[10:30:12] Fixed 2 duplicate /gene - dnaK_1 dnaK_2
[10:30:12] Fixed 2 duplicate /gene - ptsG_1 ptsG_2
[10:30:12] Fixed 2 duplicate /gene - etfB_1 etfB_2
[10:30:12] Fixed 2 duplicate /gene - topA_1 topA_2
[10:30:12] Fixed 2 duplicate /gene - ccmF_1 ccmF_2
[10:30:12] Fixed 4 duplicate /gene - malP_1 malP_2 malP_3 malP_4
[10:30:12] Fixed 3 duplicate /gene - manP_1 manP_2 manP_3
[10:30:12] Fixed 2 duplicate /gene - trxA_1 trxA_2
[10:30:12] Fixed 2 duplicate /gene - yccS_1 yccS_2
[10:30:12] Fixed 2 duplicate /gene - bioD1_1 bioD1_2
[10:30:12] Fixed 2 duplicate /gene - ssuC_1 ssuC_2
[10:30:12] Fixed 2 duplicate /gene - nanK_1 nanK_2
[10:30:12] Fixed 2 duplicate /gene - fucA_1 fucA_2
[10:30:12] Fixed 2 duplicate /gene - nanT_1 nanT_2
[10:30:12] Fixed 2 duplicate /gene - purR_1 purR_2
[10:30:12] Fixed 4 duplicate /gene - papC_1 papC_2 papC_3 papC_4
[10:30:12] Fixed 2 duplicate /gene - deoB_1 deoB_2
[10:30:12] Fixed 2 duplicate /gene - cdsA_1 cdsA_2
[10:30:12] Fixed 2 duplicate /gene - icd_1 icd_2
[10:30:12] Fixed 2 duplicate /gene - yagE_1 yagE_2
[10:30:12] Fixed 2 duplicate /gene - yiaW_1 yiaW_2
[10:30:12] Fixed 2 duplicate /gene - yicI_1 yicI_2
[10:30:12] Fixed 3 duplicate /gene - mrpA_1 mrpA_2 mrpA_3
[10:30:12] Fixed 2 duplicate /gene - ecpD_1 ecpD_2
[10:30:12] Fixed 2 duplicate /gene - aglB_1 aglB_2
[10:30:12] Fixed 2 duplicate /gene - yqjA_1 yqjA_2
[10:30:12] Fixed 2 duplicate /gene - tlyC_1 tlyC_2
[10:30:12] Fixed 3 duplicate /gene - tabA_1 tabA_2 tabA_3
[10:30:12] Fixed 3 duplicate /gene - nagB_1 nagB_2 nagB_3
[10:30:12] Fixed 2 duplicate /gene - rob_1 rob_2
[10:30:12] Fixed 2 duplicate /gene - lutR_1 lutR_2
[10:30:12] Fixed 2 duplicate /gene - gstB_1 gstB_2
[10:30:12] Fixed 2 duplicate /gene - ydjZ_1 ydjZ_2
[10:30:12] Fixed 2 duplicate /gene - gsiA_1 gsiA_2
[10:30:12] Fixed 2 duplicate /gene - potF_1 potF_2
[10:30:12] Fixed 2 duplicate /gene - pncC_1 pncC_2
[10:30:12] Fixed 2 duplicate /gene - tqsA_1 tqsA_2
[10:30:12] Fixed 2 duplicate /gene - lon_1 lon_2
[10:30:12] Fixed 5 duplicate /gene - rhsC_1 rhsC_2 rhsC_3 rhsC_4 rhsC_5
[10:30:12] Fixed 2 duplicate /gene - idnT_1 idnT_2
[10:30:12] Fixed 2 duplicate /gene - lolD_1 lolD_2
[10:30:12] Fixed 3 duplicate /gene - pdhR_1 pdhR_2 pdhR_3
[10:30:12] Fixed 2 duplicate /gene - aroG_1 aroG_2
[10:30:12] Fixed 3 duplicate /gene - lacA_1 lacA_2 lacA_3
[10:30:12] Fixed 2 duplicate /gene - gltR_1 gltR_2
[10:30:12] Fixed 3 duplicate /gene - rbsC_1 rbsC_2 rbsC_3
[10:30:12] Fixed 2 duplicate /gene - sfaH_1 sfaH_2
[10:30:12] Fixed 3 duplicate /gene - hcaR_1 hcaR_2 hcaR_3
[10:30:12] Fixed 2 duplicate /gene - dmsB_1 dmsB_2
[10:30:12] Fixed 2 duplicate /gene - oppD_1 oppD_2
[10:30:12] Fixed 2 duplicate /gene - tusA_1 tusA_2
[10:30:12] Fixed 5 duplicate /gene - allS_1 allS_2 allS_3 allS_4 allS_5
[10:30:12] Fixed 2 duplicate /gene - pitA_1 pitA_2
[10:30:12] Fixed 2 duplicate /gene - ccmH_1 ccmH_2
[10:30:12] Fixed 2 duplicate /gene - por_1 por_2
[10:30:12] Fixed 2 duplicate /gene - ilvG_1 ilvG_2
[10:30:12] Fixed 3 duplicate /gene - fimC_1 fimC_2 fimC_3
[10:30:12] Fixed 2 duplicate /gene - pqiB_1 pqiB_2
[10:30:12] Fixed 3 duplicate /gene - rbsA_1 rbsA_2 rbsA_3
[10:30:12] Fixed 3 duplicate /gene - potA_1 potA_2 potA_3
[10:30:12] Fixed 3 duplicate /gene - gspA_1 gspA_2 gspA_3
[10:30:12] Fixed 2 duplicate /gene - gntK_1 gntK_2
[10:30:12] Fixed 2 duplicate /gene - fruA_1 fruA_2
[10:30:12] Fixed 2 duplicate /gene - lrp_1 lrp_2
[10:30:12] Fixed 2 duplicate /gene - wbbL_1 wbbL_2
[10:30:12] Fixed 2 duplicate /gene - rhsB_1 rhsB_2
[10:30:12] Fixed 3 duplicate /gene - oppF_1 oppF_2 oppF_3
[10:30:12] Fixed 3 duplicate /gene - corC_1 corC_2 corC_3
[10:30:12] Fixed 2 duplicate /gene - glnM_1 glnM_2
[10:30:12] Fixed 2 duplicate /gene - intS_1 intS_2
[10:30:12] Fixed 2 duplicate /gene - adrB_1 adrB_2
[10:30:12] Fixed 2 duplicate /gene - ybdO_1 ybdO_2
[10:30:12] Fixed 2 duplicate /gene - kduD_1 kduD_2
[10:30:12] Fixed 2 duplicate /gene - ogt_1 ogt_2
[10:30:12] Fixed 2 duplicate /gene - ysdC_1 ysdC_2
[10:30:12] Fixed 2 duplicate /gene - coaA_1 coaA_2
[10:30:12] Fixed 2 duplicate /gene - kefC_1 kefC_2
[10:30:12] Fixed 2 duplicate /gene - frc_1 frc_2
[10:30:12] Fixed 2 duplicate /gene - artM_1 artM_2
[10:30:12] Fixed 2 duplicate /gene - bglH_1 bglH_2
[10:30:12] Fixed 3 duplicate /gene - galM_1 galM_2 galM_3
[10:30:12] Fixed 2 duplicate /gene - dppA_1 dppA_2
[10:30:12] Fixed 2 duplicate /gene - thlA_1 thlA_2
[10:30:12] Fixed 2 duplicate /gene - ompC_1 ompC_2
[10:30:12] Fixed 2 duplicate /gene - proS_1 proS_2
[10:30:12] Fixed 2 duplicate /gene - rhaR_1 rhaR_2
[10:30:12] Fixed 2 duplicate /gene - hybD_1 hybD_2
[10:30:12] Fixed 2 duplicate /gene - rpe_1 rpe_2
[10:30:12] Fixed 2 duplicate /gene - lacR_1 lacR_2
[10:30:12] Fixed 2 duplicate /gene - htrB_1 htrB_2
[10:30:12] Fixed 2 duplicate /gene - cmpR_1 cmpR_2
[10:30:12] Fixed 2 duplicate /gene - narL_1 narL_2
[10:30:12] Fixed 2 duplicate /gene - iscA_1 iscA_2
[10:30:12] Fixed 2 duplicate /gene - hycG_1 hycG_2
[10:30:12] Fixed 2 duplicate /gene - fbaA_1 fbaA_2
[10:30:12] Fixed 2 duplicate /gene - yahA_1 yahA_2
[10:30:12] Fixed 2 duplicate /gene - yhdN_1 yhdN_2
[10:30:12] Fixed 2 duplicate /gene - murR_1 murR_2
[10:30:12] Fixed 2 duplicate /gene - ybiP_1 ybiP_2
[10:30:12] Fixed 2 duplicate /gene - hypC_1 hypC_2
[10:30:12] Fixed 2 duplicate /gene - exbB_1 exbB_2
[10:30:12] Fixed 2 duplicate /gene - yfgF_1 yfgF_2
[10:30:12] Fixed 4 duplicate /gene - fabG_1 fabG_2 fabG_3 fabG_4
[10:30:12] Fixed 2 duplicate /gene - focA_1 focA_2
[10:30:12] Fixed 4 duplicate /gene - ldrD_1 ldrD_2 ldrD_3 ldrD_4
[10:30:12] Fixed 2 duplicate /gene - klcA_1 klcA_2
[10:30:12] Fixed 2 duplicate /gene - elfC_1 elfC_2
[10:30:12] Fixed 3 duplicate /gene - papD_1 papD_2 papD_3
[10:30:12] Fixed 2 duplicate /gene - fhlA_1 fhlA_2
[10:30:12] Fixed 2 duplicate /gene - mtlA_1 mtlA_2
[10:30:12] Fixed 3 duplicate /gene - fdhF_1 fdhF_2 fdhF_3
[10:30:12] Fixed 2 duplicate /gene - ddpD_1 ddpD_2
[10:30:12] Fixed 2 duplicate /gene - kdgK_1 kdgK_2
[10:30:12] Fixed 2 duplicate /gene - lpp_1 lpp_2
[10:30:12] Fixed 3 duplicate /gene - etfA_1 etfA_2 etfA_3
[10:30:12] Fixed 284 colliding /gene names.
[10:30:12] Adding /locus_tag identifiers
[10:30:13] Assigned 4404 locus_tags to CDS and RNA features.
[10:30:13] Writing outputs to /home/fatemeh/EnTrI/results/prokka/b/
[10:30:18] Generating annotation statistics file
[10:30:18] Generating Genbank and Sequin files
[10:30:18] Running: tbl2asn -V b -a r10k -l paired-ends -M n -N 1 -y 'Annotated using prokka 1.11 from http://www.vicbioinformatics.com' -Z \/home\/fatemeh\/EnTrI\/results\/prokka\/b\/b_03172017\.err -i \/home\/fatemeh\/EnTrI\/results\/prokka\/b\/b_03172017\.fsa 2> /dev/null
[10:30:18] Could not run command: tbl2asn -V b -a r10k -l paired-ends -M n -N 1 -y 'Annotated using prokka 1.11 from http://www.vicbioinformatics.com' -Z \/home\/fatemeh\/EnTrI\/results\/prokka\/b\/b_03172017\.err -i \/home\/fatemeh\/EnTrI\/results\/prokka\/b\/b_03172017\.fsa 2> /dev/null
