This is pdfTeX, Version 3.1415926-2.5-1.40.14 (TeX Live 2013/Debian) (format=pdflatex 2014.12.16)  25 JAN 2020 15:35
entering extended mode
 restricted \write18 enabled.
 %&-line parsing enabled.
**supplementary.tex
(./supplementary.tex
LaTeX2e <2011/06/27>
Babel <3.9h> and hyphenation patterns for 4 languages loaded.
(/usr/share/texlive/texmf-dist/tex/latex/base/article.cls
Document Class: article 2007/10/19 v1.4h Standard LaTeX document class
(/usr/share/texlive/texmf-dist/tex/latex/base/size10.clo
File: size10.clo 2007/10/19 v1.4h Standard LaTeX file (size option)
)
\c@part=\count79
\c@section=\count80
\c@subsection=\count81
\c@subsubsection=\count82
\c@paragraph=\count83
\c@subparagraph=\count84
\c@figure=\count85
\c@table=\count86
\abovecaptionskip=\skip41
\belowcaptionskip=\skip42
\bibindent=\dimen102
)
(/usr/share/texmf/tex/latex/preview/preview.sty
Package: preview 2010/02/14 11.87 (AUCTeX/preview-latex)

(/usr/share/texmf/tex/latex/preview/prtightpage.def
\PreviewBorder=\dimen103
)
\pr@snippet=\count87
\pr@box=\box26
\pr@output=\toks14
)
(/usr/share/texlive/texmf-dist/tex/latex/graphics/graphicx.sty
Package: graphicx 1999/02/16 v1.0f Enhanced LaTeX Graphics (DPC,SPQR)

(/usr/share/texlive/texmf-dist/tex/latex/graphics/keyval.sty
Package: keyval 1999/03/16 v1.13 key=value parser (DPC)
\KV@toks@=\toks15
)
(/usr/share/texlive/texmf-dist/tex/latex/graphics/graphics.sty
Package: graphics 2009/02/05 v1.0o Standard LaTeX Graphics (DPC,SPQR)

(/usr/share/texlive/texmf-dist/tex/latex/graphics/trig.sty
Package: trig 1999/03/16 v1.09 sin cos tan (DPC)
)
(/usr/share/texlive/texmf-dist/tex/latex/latexconfig/graphics.cfg
File: graphics.cfg 2010/04/23 v1.9 graphics configuration of TeX Live
)
Package graphics Info: Driver file: pdftex.def on input line 91.

(/usr/share/texlive/texmf-dist/tex/latex/pdftex-def/pdftex.def
File: pdftex.def 2011/05/27 v0.06d Graphics/color for pdfTeX

(/usr/share/texlive/texmf-dist/tex/generic/oberdiek/infwarerr.sty
Package: infwarerr 2010/04/08 v1.3 Providing info/warning/error messages (HO)
)
(/usr/share/texlive/texmf-dist/tex/generic/oberdiek/ltxcmds.sty
Package: ltxcmds 2011/11/09 v1.22 LaTeX kernel commands for general use (HO)
)
\Gread@gobject=\count88
))
\Gin@req@height=\dimen104
\Gin@req@width=\dimen105
)
(./supplementary.aux)
\openout1 = `supplementary.aux'.

LaTeX Font Info:    Checking defaults for OML/cmm/m/it on input line 11.
LaTeX Font Info:    ... okay on input line 11.
LaTeX Font Info:    Checking defaults for T1/cmr/m/n on input line 11.
LaTeX Font Info:    ... okay on input line 11.
LaTeX Font Info:    Checking defaults for OT1/cmr/m/n on input line 11.
LaTeX Font Info:    ... okay on input line 11.
LaTeX Font Info:    Checking defaults for OMS/cmsy/m/n on input line 11.
LaTeX Font Info:    ... okay on input line 11.
LaTeX Font Info:    Checking defaults for OMX/cmex/m/n on input line 11.
LaTeX Font Info:    ... okay on input line 11.
LaTeX Font Info:    Checking defaults for U/cmr/m/n on input line 11.
LaTeX Font Info:    ... okay on input line 11.

Preview: Fontsize 10pt
Preview: PDFoutput 1
(/usr/share/texlive/texmf-dist/tex/context/base/supp-pdf.mkii
[Loading MPS to PDF converter (version 2006.09.02).]
\scratchcounter=\count89
\scratchdimen=\dimen106
\scratchbox=\box27
\nofMPsegments=\count90
\nofMParguments=\count91
\everyMPshowfont=\toks16
\MPscratchCnt=\count92
\MPscratchDim=\dimen107
\MPnumerator=\count93
\makeMPintoPDFobject=\count94
\everyMPtoPDFconversion=\toks17
) (/usr/share/texlive/texmf-dist/tex/generic/oberdiek/pdftexcmds.sty
Package: pdftexcmds 2011/11/29 v0.20 Utility functions of pdfTeX for LuaTeX (HO
)

(/usr/share/texlive/texmf-dist/tex/generic/oberdiek/ifluatex.sty
Package: ifluatex 2010/03/01 v1.3 Provides the ifluatex switch (HO)
Package ifluatex Info: LuaTeX not detected.
)
(/usr/share/texlive/texmf-dist/tex/generic/oberdiek/ifpdf.sty
Package: ifpdf 2011/01/30 v2.3 Provides the ifpdf switch (HO)
Package ifpdf Info: pdfTeX in PDF mode is detected.
)
Package pdftexcmds Info: LuaTeX not detected.
Package pdftexcmds Info: \pdf@primitive is available.
Package pdftexcmds Info: \pdf@ifprimitive is available.
Package pdftexcmds Info: \pdfdraftmode found.
)
(/usr/share/texlive/texmf-dist/tex/latex/oberdiek/epstopdf-base.sty
Package: epstopdf-base 2010/02/09 v2.5 Base part for package epstopdf

(/usr/share/texlive/texmf-dist/tex/latex/oberdiek/grfext.sty
Package: grfext 2010/08/19 v1.1 Manage graphics extensions (HO)

(/usr/share/texlive/texmf-dist/tex/generic/oberdiek/kvdefinekeys.sty
Package: kvdefinekeys 2011/04/07 v1.3 Define keys (HO)
))
(/usr/share/texlive/texmf-dist/tex/latex/oberdiek/kvoptions.sty
Package: kvoptions 2011/06/30 v3.11 Key value format for package options (HO)

(/usr/share/texlive/texmf-dist/tex/generic/oberdiek/kvsetkeys.sty
Package: kvsetkeys 2012/04/25 v1.16 Key value parser (HO)

(/usr/share/texlive/texmf-dist/tex/generic/oberdiek/etexcmds.sty
Package: etexcmds 2011/02/16 v1.5 Avoid name clashes with e-TeX commands (HO)
Package etexcmds Info: Could not find \expanded.
(etexcmds)             That can mean that you are not using pdfTeX 1.50 or
(etexcmds)             that some package has redefined \expanded.
(etexcmds)             In the latter case, load this package earlier.
)))
Package grfext Info: Graphics extension search list:
(grfext)             [.png,.pdf,.jpg,.mps,.jpeg,.jbig2,.jb2,.PNG,.PDF,.JPG,.JPE
G,.JBIG2,.JB2,.eps]
(grfext)             \AppendGraphicsExtensions on input line 452.

(/usr/share/texlive/texmf-dist/tex/latex/latexconfig/epstopdf-sys.cfg
File: epstopdf-sys.cfg 2010/07/13 v1.3 Configuration of (r)epstopdf for TeX Liv
e
))
<../suppl1.pdf, id=1, 1037.5011pt x 3234.87794pt>
File: ../suppl1.pdf Graphic file (type pdf)
 <use ../suppl1.pdf>
Package pdftex.def Info: ../suppl1.pdf used on input line 13.
(pdftex.def)             Requested size: 1037.49858pt x 3234.87009pt.

Overfull \hbox (692.49858pt too wide) in paragraph at lines 13--14
[][] 
 []

Preview: Tightpage -9472573 -9472573 9472573 9472573
[1 <../suppl1.pdf{/var/lib/texmf/fonts/map/pdftex/updmap/pdftex.map}>]
<../suppl2.pdf, id=98, 1017.3916pt x 3276.06209pt>
File: ../suppl2.pdf Graphic file (type pdf)
 <use ../suppl2.pdf>
Package pdftex.def Info: ../suppl2.pdf used on input line 15.
(pdftex.def)             Requested size: 1017.38913pt x 3276.05414pt.

Overfull \hbox (672.38913pt too wide) in paragraph at lines 15--16
[][] 
 []

Preview: Tightpage -9472573 -9472573 9472573 9472573
[2 <../suppl2.pdf>] <../suppl3.pdf, id=175, 989.37991pt x 642.31802pt>
File: ../suppl3.pdf Graphic file (type pdf)

<use ../suppl3.pdf>
Package pdftex.def Info: ../suppl3.pdf used on input line 17.
(pdftex.def)             Requested size: 989.3775pt x 642.31645pt.

Overfull \hbox (644.3775pt too wide) in paragraph at lines 17--18
[][] 
 []

Preview: Tightpage -9472573 -9472573 9472573 9472573
[3 <../suppl3.pdf>] <../suppl4.pdf, id=207, 957.94447pt x 3103.87952pt>
File: ../suppl4.pdf Graphic file (type pdf)

<use ../suppl4.pdf>
Package pdftex.def Info: ../suppl4.pdf used on input line 19.
(pdftex.def)             Requested size: 957.94214pt x 3103.87198pt.

Overfull \hbox (612.94214pt too wide) in paragraph at lines 19--20
[][] 
 []

Preview: Tightpage -9472573 -9472573 9472573 9472573
[4 <../suppl4.pdf>] <../suppl5.pdf, id=276, 519.96994pt x 807.90982pt>
File: ../suppl5.pdf Graphic file (type pdf)

<use ../suppl5.pdf>
Package pdftex.def Info: ../suppl5.pdf used on input line 21.
(pdftex.def)             Requested size: 519.96867pt x 807.90785pt.

Overfull \hbox (174.96867pt too wide) in paragraph at lines 21--22
[][] 
 []

Preview: Tightpage -9472573 -9472573 9472573 9472573
[5 <../suppl5.pdf>] <../suppl6.pdf, id=313, 950.8373pt x 3648.98486pt>
File: ../suppl6.pdf Graphic file (type pdf)

<use ../suppl6.pdf>
Package pdftex.def Info: ../suppl6.pdf used on input line 23.
(pdftex.def)             Requested size: 950.83498pt x 3648.97601pt.

Overfull \hbox (605.83498pt too wide) in paragraph at lines 23--24
[][] 
 []

Preview: Tightpage -9472573 -9472573 9472573 9472573
[6 <../suppl6.pdf>] <../suppl7.pdf, id=385, 985.36491pt x 728.77605pt>
File: ../suppl7.pdf Graphic file (type pdf)

<use ../suppl7.pdf>
Package pdftex.def Info: ../suppl7.pdf used on input line 25.
(pdftex.def)             Requested size: 985.3625pt x 728.77426pt.

Overfull \hbox (640.3625pt too wide) in paragraph at lines 25--26
[][] 
 []

Preview: Tightpage -9472573 -9472573 9472573 9472573
[7 <../suppl7.pdf>] <../suppl8.pdf, id=433, 848.84253pt x 13260.65593pt>
File: ../suppl8.pdf Graphic file (type pdf)

<use ../suppl8.pdf>
Package pdftex.def Info: ../suppl8.pdf used on input line 27.
(pdftex.def)             Requested size: 848.84045pt x 13260.6238pt.

Overfull \hbox (503.84045pt too wide) in paragraph at lines 27--28
[][] 
 []

Preview: Tightpage -9472573 -9472573 9472573 9472573
[8 <../suppl8.pdf>] <../suppl9.pdf, id=467, 805.50937pt x 622.1417pt>
File: ../suppl9.pdf Graphic file (type pdf)

<use ../suppl9.pdf>
Package pdftex.def Info: ../suppl9.pdf used on input line 29.
(pdftex.def)             Requested size: 805.5074pt x 622.14017pt.

Overfull \hbox (460.5074pt too wide) in paragraph at lines 29--30
[][] 
 []

Preview: Tightpage -9472573 -9472573 9472573 9472573
[9 <../suppl9.pdf>] <../suppl10.pdf, id=509, 803.12155pt x 5612.23973pt>
File: ../suppl10.pdf Graphic file (type pdf)

<use ../suppl10.pdf>
Package pdftex.def Info: ../suppl10.pdf used on input line 31.
(pdftex.def)             Requested size: 803.1196pt x 5612.22612pt.

Overfull \hbox (458.1196pt too wide) in paragraph at lines 31--32
[][] 
 []

Preview: Tightpage -9472573 -9472573 9472573 9472573
[10 <../suppl10.pdf>] <../suppl11.pdf, id=535, 1796.91014pt x 4790.70761pt>
File: ../suppl11.pdf Graphic file (type pdf)

<use ../suppl11.pdf>
Package pdftex.def Info: ../suppl11.pdf used on input line 33.
(pdftex.def)             Requested size: 1796.90578pt x 4790.69598pt.

Overfull \hbox (1451.90578pt too wide) in paragraph at lines 33--34
[][] 
 []

Preview: Tightpage -9472573 -9472573 9472573 9472573
[11 <../suppl11.pdf>] <../suppl12.pdf, id=575, 508.0336pt x 680.5936pt>
File: ../suppl12.pdf Graphic file (type pdf)

<use ../suppl12.pdf>
Package pdftex.def Info: ../suppl12.pdf used on input line 35.
(pdftex.def)             Requested size: 508.03235pt x 680.59193pt.

Overfull \hbox (163.03235pt too wide) in paragraph at lines 35--36
[][] 
 []

Preview: Tightpage -9472573 -9472573 9472573 9472573
[12 <../suppl12.pdf>] <../suppl13.pdf, id=628, 1593.56291pt x 663.75676pt>
File: ../suppl13.pdf Graphic file (type pdf)

<use ../suppl13.pdf>
Package pdftex.def Info: ../suppl13.pdf used on input line 37.
(pdftex.def)             Requested size: 1593.55904pt x 663.75514pt.

Overfull \hbox (1248.55904pt too wide) in paragraph at lines 37--38
[][] 
 []

Preview: Tightpage -9472573 -9472573 9472573 9472573
[13 <../suppl13.pdf>] <../suppl14.pdf, id=674, 1850.14455pt x 5613.28612pt>
File: ../suppl14.pdf Graphic file (type pdf)

<use ../suppl14.pdf>
Package pdftex.def Info: ../suppl14.pdf used on input line 39.
(pdftex.def)             Requested size: 1850.14005pt x 5613.27249pt.

Overfull \hbox (1505.14005pt too wide) in paragraph at lines 39--40
[][] 
 []

Preview: Tightpage -9472573 -9472573 9472573 9472573
[14 <../suppl14.pdf>] (./supplementary.aux) ) 
Here is how much of TeX's memory you used:
 1644 strings out of 494985
 23505 string characters out of 6180355
 74251 words of memory out of 5000000
 4860 multiletter control sequences out of 15000+600000
 3640 words of font info for 14 fonts, out of 8000000 for 9000
 36 hyphenation exceptions out of 8191
 37i,5n,23p,239b,164s stack positions out of 5000i,500n,10000p,200000b,80000s
</usr/share/texmf/fonts/type1/publ
ic/tex-gyre/qhvb.pfb></usr/share/texmf/fonts/type1/public/tex-gyre/qhvr.pfb>
Output written on supplementary.pdf (14 pages, 1545734 bytes).
PDF statistics:
 728 PDF objects out of 1000 (max. 8388607)
 496 compressed objects within 5 object streams
 0 named destinations out of 1000 (max. 500000)
 71 words of extra memory for PDF output out of 10000 (max. 10000000)

