This is pdfTeX, Version 3.1415926-2.5-1.40.14 (TeX Live 2013/Debian) (format=pdflatex 2014.12.16)  9 MAY 2016 14:29
entering extended mode
 restricted \write18 enabled.
 %&-line parsing enabled.
**EnTrI.tex
(./EnTrI.tex
LaTeX2e <2011/06/27>
Babel <3.9h> and hyphenation patterns for 4 languages loaded.
(/usr/share/texlive/texmf-dist/tex/latex/base/article.cls
Document Class: article 2007/10/19 v1.4h Standard LaTeX document class
(/usr/share/texlive/texmf-dist/tex/latex/base/size10.clo
File: size10.clo 2007/10/19 v1.4h Standard LaTeX file (size option)
)
\c@part=\count79
\c@section=\count80
\c@subsection=\count81
\c@subsubsection=\count82
\c@paragraph=\count83
\c@subparagraph=\count84
\c@figure=\count85
\c@table=\count86
\abovecaptionskip=\skip41
\belowcaptionskip=\skip42
\bibindent=\dimen102
)
(/usr/share/texlive/texmf-dist/tex/latex/float/float.sty
Package: float 2001/11/08 v1.3d Float enhancements (AL)
\c@float@type=\count87
\float@exts=\toks14
\float@box=\box26
\@float@everytoks=\toks15
\@floatcapt=\box27
)
(/usr/share/texlive/texmf-dist/tex/latex/graphics/graphicx.sty
Package: graphicx 1999/02/16 v1.0f Enhanced LaTeX Graphics (DPC,SPQR)

(/usr/share/texlive/texmf-dist/tex/latex/graphics/keyval.sty
Package: keyval 1999/03/16 v1.13 key=value parser (DPC)
\KV@toks@=\toks16
)
(/usr/share/texlive/texmf-dist/tex/latex/graphics/graphics.sty
Package: graphics 2009/02/05 v1.0o Standard LaTeX Graphics (DPC,SPQR)

(/usr/share/texlive/texmf-dist/tex/latex/graphics/trig.sty
Package: trig 1999/03/16 v1.09 sin cos tan (DPC)
)
(/usr/share/texlive/texmf-dist/tex/latex/latexconfig/graphics.cfg
File: graphics.cfg 2010/04/23 v1.9 graphics configuration of TeX Live
)
Package graphics Info: Driver file: pdftex.def on input line 91.

(/usr/share/texlive/texmf-dist/tex/latex/pdftex-def/pdftex.def
File: pdftex.def 2011/05/27 v0.06d Graphics/color for pdfTeX

(/usr/share/texlive/texmf-dist/tex/generic/oberdiek/infwarerr.sty
Package: infwarerr 2010/04/08 v1.3 Providing info/warning/error messages (HO)
)
(/usr/share/texlive/texmf-dist/tex/generic/oberdiek/ltxcmds.sty
Package: ltxcmds 2011/11/09 v1.22 LaTeX kernel commands for general use (HO)
)
\Gread@gobject=\count88
))
\Gin@req@height=\dimen103
\Gin@req@width=\dimen104
)
(/usr/share/texlive/texmf-dist/tex/latex/caption/caption.sty
Package: caption 2013/05/02 v3.3-89 Customizing captions (AR)

(/usr/share/texlive/texmf-dist/tex/latex/caption/caption3.sty
Package: caption3 2013/05/02 v1.6-88 caption3 kernel (AR)
Package caption3 Info: TeX engine: e-TeX on input line 57.
\captionmargin=\dimen105
\captionmargin@=\dimen106
\captionwidth=\dimen107
\caption@tempdima=\dimen108
\caption@indent=\dimen109
\caption@parindent=\dimen110
\caption@hangindent=\dimen111
)
\c@ContinuedFloat=\count89
Package caption Info: float package is loaded.
) (./EnTrI.aux)
\openout1 = `EnTrI.aux'.

LaTeX Font Info:    Checking defaults for OML/cmm/m/it on input line 10.
LaTeX Font Info:    ... okay on input line 10.
LaTeX Font Info:    Checking defaults for T1/cmr/m/n on input line 10.
LaTeX Font Info:    ... okay on input line 10.
LaTeX Font Info:    Checking defaults for OT1/cmr/m/n on input line 10.
LaTeX Font Info:    ... okay on input line 10.
LaTeX Font Info:    Checking defaults for OMS/cmsy/m/n on input line 10.
LaTeX Font Info:    ... okay on input line 10.
LaTeX Font Info:    Checking defaults for OMX/cmex/m/n on input line 10.
LaTeX Font Info:    ... okay on input line 10.
LaTeX Font Info:    Checking defaults for U/cmr/m/n on input line 10.
LaTeX Font Info:    ... okay on input line 10.

(/usr/share/texlive/texmf-dist/tex/context/base/supp-pdf.mkii
[Loading MPS to PDF converter (version 2006.09.02).]
\scratchcounter=\count90
\scratchdimen=\dimen112
\scratchbox=\box28
\nofMPsegments=\count91
\nofMParguments=\count92
\everyMPshowfont=\toks17
\MPscratchCnt=\count93
\MPscratchDim=\dimen113
\MPnumerator=\count94
\makeMPintoPDFobject=\count95
\everyMPtoPDFconversion=\toks18
) (/usr/share/texlive/texmf-dist/tex/generic/oberdiek/pdftexcmds.sty
Package: pdftexcmds 2011/11/29 v0.20 Utility functions of pdfTeX for LuaTeX (HO
)

(/usr/share/texlive/texmf-dist/tex/generic/oberdiek/ifluatex.sty
Package: ifluatex 2010/03/01 v1.3 Provides the ifluatex switch (HO)
Package ifluatex Info: LuaTeX not detected.
)
(/usr/share/texlive/texmf-dist/tex/generic/oberdiek/ifpdf.sty
Package: ifpdf 2011/01/30 v2.3 Provides the ifpdf switch (HO)
Package ifpdf Info: pdfTeX in PDF mode is detected.
)
Package pdftexcmds Info: LuaTeX not detected.
Package pdftexcmds Info: \pdf@primitive is available.
Package pdftexcmds Info: \pdf@ifprimitive is available.
Package pdftexcmds Info: \pdfdraftmode found.
)
(/usr/share/texlive/texmf-dist/tex/latex/oberdiek/epstopdf-base.sty
Package: epstopdf-base 2010/02/09 v2.5 Base part for package epstopdf

(/usr/share/texlive/texmf-dist/tex/latex/oberdiek/grfext.sty
Package: grfext 2010/08/19 v1.1 Manage graphics extensions (HO)

(/usr/share/texlive/texmf-dist/tex/generic/oberdiek/kvdefinekeys.sty
Package: kvdefinekeys 2011/04/07 v1.3 Define keys (HO)
))
(/usr/share/texlive/texmf-dist/tex/latex/oberdiek/kvoptions.sty
Package: kvoptions 2011/06/30 v3.11 Key value format for package options (HO)

(/usr/share/texlive/texmf-dist/tex/generic/oberdiek/kvsetkeys.sty
Package: kvsetkeys 2012/04/25 v1.16 Key value parser (HO)

(/usr/share/texlive/texmf-dist/tex/generic/oberdiek/etexcmds.sty
Package: etexcmds 2011/02/16 v1.5 Avoid name clashes with e-TeX commands (HO)
Package etexcmds Info: Could not find \expanded.
(etexcmds)             That can mean that you are not using pdfTeX 1.50 or
(etexcmds)             that some package has redefined \expanded.
(etexcmds)             In the latter case, load this package earlier.
)))
Package grfext Info: Graphics extension search list:
(grfext)             [.png,.pdf,.jpg,.mps,.jpeg,.jbig2,.jb2,.PNG,.PDF,.JPG,.JPE
G,.JBIG2,.JB2,.eps]
(grfext)             \AppendGraphicsExtensions on input line 452.

(/usr/share/texlive/texmf-dist/tex/latex/latexconfig/epstopdf-sys.cfg
File: epstopdf-sys.cfg 2010/07/13 v1.3 Configuration of (r)epstopdf for TeX Liv
e
))
Package caption Info: Begin \AtBeginDocument code.
Package caption Info: End \AtBeginDocument code.

Underfull \hbox (badness 1540) in paragraph at lines 11--11
[]\OT1/cmr/bx/n/14.4 The ho-mo-logue clus-ter-ing
 []

<../../results/cluster-size-dist.pdf, id=1, 505.89pt x 505.89pt>
File: ../../results/cluster-size-dist.pdf Graphic file (type pdf)

<use ../../results/cluster-size-dist.pdf>
Package pdftex.def Info: ../../results/cluster-size-dist.pdf used on input line
 15.
(pdftex.def)             Requested size: 202.3524pt x 202.3524pt.

<../../results/flowchart_orfan_sing_mult/flowchart-orfansingmult.pdf, id=2, 501
.875pt x 803.0pt>
File: ../../results/flowchart_orfan_sing_mult/flowchart-orfansingmult.pdf Graph
ic file (type pdf)

<use ../../results/flowchart_orfan_sing_mult/flowchart-orfansingmult.pdf>
Package pdftex.def Info: ../../results/flowchart_orfan_sing_mult/flowchart-orfa
nsingmult.pdf used on input line 21.
(pdftex.def)             Requested size: 125.46843pt x 200.74951pt.
LaTeX Font Info:    External font `cmex10' loaded for size
(Font)              <7> on input line 31.
LaTeX Font Info:    External font `cmex10' loaded for size
(Font)              <5> on input line 31.

<../../results/biases-without-ends.pdf, id=3, page=2, 505.89pt x 505.89pt>
File: ../../results/biases-without-ends.pdf Graphic file (type pdf)

<use ../../results/biases-without-ends.pdf, page 2>
Package pdftex.def Info: ../../results/biases-without-ends.pdf, page2 used on i
nput line 32.
(pdftex.def)             Requested size: 111.29613pt x 111.29613pt.

<../../results/biases-without-ends.pdf, id=4, page=4, 505.89pt x 505.89pt>
File: ../../results/biases-without-ends.pdf Graphic file (type pdf)

<use ../../results/biases-without-ends.pdf, page 4>
Package pdftex.def Info: ../../results/biases-without-ends.pdf, page4 used on i
nput line 33.
(pdftex.def)             Requested size: 111.29613pt x 111.29613pt.

<../../results/biases-without-ends.pdf, id=5, page=6, 505.89pt x 505.89pt>
File: ../../results/biases-without-ends.pdf Graphic file (type pdf)

<use ../../results/biases-without-ends.pdf, page 6>
Package pdftex.def Info: ../../results/biases-without-ends.pdf, page6 used on i
nput line 34.
(pdftex.def)             Requested size: 111.29613pt x 111.29613pt.

<../../results/biases-without-ends.pdf, id=6, page=8, 505.89pt x 505.89pt>
File: ../../results/biases-without-ends.pdf Graphic file (type pdf)

<use ../../results/biases-without-ends.pdf, page 8>
Package pdftex.def Info: ../../results/biases-without-ends.pdf, page8 used on i
nput line 35.
(pdftex.def)             Requested size: 111.29613pt x 111.29613pt.

<../../results/biases-without-ends.pdf, id=7, page=10, 505.89pt x 505.89pt>
File: ../../results/biases-without-ends.pdf Graphic file (type pdf)

<use ../../results/biases-without-ends.pdf, page 10>
Package pdftex.def Info: ../../results/biases-without-ends.pdf, page10 used on 
input line 36.
(pdftex.def)             Requested size: 111.29613pt x 111.29613pt.

<../../results/biases-without-ends.pdf, id=8, page=12, 505.89pt x 505.89pt>
File: ../../results/biases-without-ends.pdf Graphic file (type pdf)

<use ../../results/biases-without-ends.pdf, page 12>
Package pdftex.def Info: ../../results/biases-without-ends.pdf, page12 used on 
input line 37.
(pdftex.def)             Requested size: 111.29613pt x 111.29613pt.

<../../results/biases-without-ends.pdf, id=9, page=14, 505.89pt x 505.89pt>
File: ../../results/biases-without-ends.pdf Graphic file (type pdf)

<use ../../results/biases-without-ends.pdf, page 14>
Package pdftex.def Info: ../../results/biases-without-ends.pdf, page14 used on 
input line 38.
(pdftex.def)             Requested size: 111.29613pt x 111.29613pt.

<../../results/biases-without-ends.pdf, id=10, page=16, 505.89pt x 505.89pt>
File: ../../results/biases-without-ends.pdf Graphic file (type pdf)

<use ../../results/biases-without-ends.pdf, page 16>
Package pdftex.def Info: ../../results/biases-without-ends.pdf, page16 used on 
input line 39.
(pdftex.def)             Requested size: 111.29613pt x 111.29613pt.

<../../results/biases-without-ends.pdf, id=11, page=18, 505.89pt x 505.89pt>
File: ../../results/biases-without-ends.pdf Graphic file (type pdf)

<use ../../results/biases-without-ends.pdf, page 18>
Package pdftex.def Info: ../../results/biases-without-ends.pdf, page18 used on 
input line 40.
(pdftex.def)             Requested size: 111.29613pt x 111.29613pt.

<../../results/biases-without-ends.pdf, id=12, page=20, 505.89pt x 505.89pt>
File: ../../results/biases-without-ends.pdf Graphic file (type pdf)

<use ../../results/biases-without-ends.pdf, page 20>
Package pdftex.def Info: ../../results/biases-without-ends.pdf, page20 used on 
input line 41.
(pdftex.def)             Requested size: 111.29613pt x 111.29613pt.

<../../results/biases-without-ends.pdf, id=13, page=22, 505.89pt x 505.89pt>
File: ../../results/biases-without-ends.pdf Graphic file (type pdf)

<use ../../results/biases-without-ends.pdf, page 22>
Package pdftex.def Info: ../../results/biases-without-ends.pdf, page22 used on 
input line 42.
(pdftex.def)             Requested size: 111.29613pt x 111.29613pt.

<../../results/biases-without-ends.pdf, id=14, page=24, 505.89pt x 505.89pt>
File: ../../results/biases-without-ends.pdf Graphic file (type pdf)

<use ../../results/biases-without-ends.pdf, page 24>
Package pdftex.def Info: ../../results/biases-without-ends.pdf, page24 used on 
input line 43.
(pdftex.def)             Requested size: 111.29613pt x 111.29613pt.

<../../results/biases-without-ends.pdf, id=15, page=3, 505.89pt x 505.89pt>
File: ../../results/biases-without-ends.pdf Graphic file (type pdf)

<use ../../results/biases-without-ends.pdf, page 3>
Package pdftex.def Info: ../../results/biases-without-ends.pdf, page3 used on i
nput line 52.
(pdftex.def)             Requested size: 111.29613pt x 111.29613pt.

<../../results/biases-without-ends.pdf, id=16, page=5, 505.89pt x 505.89pt>
File: ../../results/biases-without-ends.pdf Graphic file (type pdf)

<use ../../results/biases-without-ends.pdf, page 5>
Package pdftex.def Info: ../../results/biases-without-ends.pdf, page5 used on i
nput line 53.
(pdftex.def)             Requested size: 111.29613pt x 111.29613pt.

<../../results/biases-without-ends.pdf, id=17, page=7, 505.89pt x 505.89pt>
File: ../../results/biases-without-ends.pdf Graphic file (type pdf)

<use ../../results/biases-without-ends.pdf, page 7>
Package pdftex.def Info: ../../results/biases-without-ends.pdf, page7 used on i
nput line 54.
(pdftex.def)             Requested size: 111.29613pt x 111.29613pt.

<../../results/biases-without-ends.pdf, id=18, page=9, 505.89pt x 505.89pt>
File: ../../results/biases-without-ends.pdf Graphic file (type pdf)

<use ../../results/biases-without-ends.pdf, page 9>
Package pdftex.def Info: ../../results/biases-without-ends.pdf, page9 used on i
nput line 55.
(pdftex.def)             Requested size: 111.29613pt x 111.29613pt.

<../../results/biases-without-ends.pdf, id=19, page=11, 505.89pt x 505.89pt>
File: ../../results/biases-without-ends.pdf Graphic file (type pdf)

<use ../../results/biases-without-ends.pdf, page 11>
Package pdftex.def Info: ../../results/biases-without-ends.pdf, page11 used on 
input line 56.
(pdftex.def)             Requested size: 111.29613pt x 111.29613pt.

<../../results/biases-without-ends.pdf, id=20, page=13, 505.89pt x 505.89pt>
File: ../../results/biases-without-ends.pdf Graphic file (type pdf)

<use ../../results/biases-without-ends.pdf, page 13>
Package pdftex.def Info: ../../results/biases-without-ends.pdf, page13 used on 
input line 57.
(pdftex.def)             Requested size: 111.29613pt x 111.29613pt.

<../../results/biases-without-ends.pdf, id=21, page=15, 505.89pt x 505.89pt>
File: ../../results/biases-without-ends.pdf Graphic file (type pdf)

<use ../../results/biases-without-ends.pdf, page 15>
Package pdftex.def Info: ../../results/biases-without-ends.pdf, page15 used on 
input line 58.
(pdftex.def)             Requested size: 111.29613pt x 111.29613pt.

<../../results/biases-without-ends.pdf, id=22, page=17, 505.89pt x 505.89pt>
File: ../../results/biases-without-ends.pdf Graphic file (type pdf)

<use ../../results/biases-without-ends.pdf, page 17>
Package pdftex.def Info: ../../results/biases-without-ends.pdf, page17 used on 
input line 59.
(pdftex.def)             Requested size: 111.29613pt x 111.29613pt.

<../../results/biases-without-ends.pdf, id=23, page=19, 505.89pt x 505.89pt>
File: ../../results/biases-without-ends.pdf Graphic file (type pdf)

<use ../../results/biases-without-ends.pdf, page 19>
Package pdftex.def Info: ../../results/biases-without-ends.pdf, page19 used on 
input line 60.
(pdftex.def)             Requested size: 111.29613pt x 111.29613pt.

<../../results/biases-without-ends.pdf, id=24, page=21, 505.89pt x 505.89pt>
File: ../../results/biases-without-ends.pdf Graphic file (type pdf)

<use ../../results/biases-without-ends.pdf, page 21>
Package pdftex.def Info: ../../results/biases-without-ends.pdf, page21 used on 
input line 61.
(pdftex.def)             Requested size: 111.29613pt x 111.29613pt.

<../../results/biases-without-ends.pdf, id=25, page=23, 505.89pt x 505.89pt>
File: ../../results/biases-without-ends.pdf Graphic file (type pdf)

<use ../../results/biases-without-ends.pdf, page 23>
Package pdftex.def Info: ../../results/biases-without-ends.pdf, page23 used on 
input line 62.
(pdftex.def)             Requested size: 111.29613pt x 111.29613pt.

<../../results/biases-without-ends.pdf, id=26, page=25, 505.89pt x 505.89pt>
File: ../../results/biases-without-ends.pdf Graphic file (type pdf)

<use ../../results/biases-without-ends.pdf, page 25>
Package pdftex.def Info: ../../results/biases-without-ends.pdf, page25 used on 
input line 63.
(pdftex.def)             Requested size: 111.29613pt x 111.29613pt.

<../../results/biases-without-ends.pdf, id=27, page=26, 505.89pt x 505.89pt>
File: ../../results/biases-without-ends.pdf Graphic file (type pdf)

<use ../../results/biases-without-ends.pdf, page 26>
Package pdftex.def Info: ../../results/biases-without-ends.pdf, page26 used on 
input line 74.
(pdftex.def)             Requested size: 177.06415pt x 177.06415pt.

<../../results/biases-without-ends.pdf, id=28, page=27, 505.89pt x 505.89pt>
File: ../../results/biases-without-ends.pdf Graphic file (type pdf)

<use ../../results/biases-without-ends.pdf, page 27>
Package pdftex.def Info: ../../results/biases-without-ends.pdf, page27 used on 
input line 75.
(pdftex.def)             Requested size: 177.06415pt x 177.06415pt.

<../../results/logos/logo-prob.pdf, id=29, 385.44pt x 107.40125pt>
File: ../../results/logos/logo-prob.pdf Graphic file (type pdf)

<use ../../results/logos/logo-prob.pdf>
Package pdftex.def Info: ../../results/logos/logo-prob.pdf used on input line 8
4.
(pdftex.def)             Requested size: 377.72862pt x 105.25249pt.

<../../results/logos/logo-bits.pdf, id=30, 385.44pt x 107.40125pt>
File: ../../results/logos/logo-bits.pdf Graphic file (type pdf)

<use ../../results/logos/logo-bits.pdf>
Package pdftex.def Info: ../../results/logos/logo-bits.pdf used on input line 8
5.
(pdftex.def)             Requested size: 377.72862pt x 105.25249pt.

Overfull \hbox (13.50497pt too wide) in paragraph at lines 83--87
 [][] 
 []


Underfull \vbox (badness 10000) has occurred while \output is active []

 [1

{/var/lib/texmf/fonts/map/pdftex/updmap/pdftex.map} <../../results/cluster-size
-dist.pdf> <../../results/flowchart_orfan_sing_mult/flowchart-orfansingmult.pdf
>]
[2 <../../results/biases-without-ends.pdf> <../../results/biases-without-ends.p
df> <../../results/biases-without-ends.pdf> <../../results/biases-without-ends.
pdf> <../../results/biases-without-ends.pdf> <../../results/biases-without-ends
.pdf> <../../results/biases-without-ends.pdf> <../../results/biases-without-end
s.pdf> <../../results/biases-without-ends.pdf> <../../results/biases-without-en
ds.pdf> <../../results/biases-without-ends.pdf> <../../results/biases-without-e
nds.pdf>] [3 <../../results/biases-without-ends.pdf> <../../results/biases-with
out-ends.pdf> <../../results/biases-without-ends.pdf> <../../results/biases-wit
hout-ends.pdf> <../../results/biases-without-ends.pdf> <../../results/biases-wi
thout-ends.pdf> <../../results/biases-without-ends.pdf> <../../results/biases-w
ithout-ends.pdf> <../../results/biases-without-ends.pdf> <../../results/biases-
without-ends.pdf> <../../results/biases-without-ends.pdf> <../../results/biases
-without-ends.pdf>]
Overfull \vbox (116.79277pt too high) has occurred while \output is active []


<../../results/insertion-position-bias.pdf, id=57, page=1, 505.89pt x 505.89pt>
File: ../../results/insertion-position-bias.pdf Graphic file (type pdf)
<use ../../results/insertion-position-bias.pdf, page 1>
Package pdftex.def Info: ../../results/insertion-position-bias.pdf, page1 used 
on input line 96.
(pdftex.def)             Requested size: 227.64839pt x 227.64839pt.

<../../results/insertion-position-bias.pdf, id=58, page=2, 505.89pt x 505.89pt>
File: ../../results/insertion-position-bias.pdf Graphic file (type pdf)
<use ../../results/insertion-position-bias.pdf, page 2>
Package pdftex.def Info: ../../results/insertion-position-bias.pdf, page2 used 
on input line 97.
(pdftex.def)             Requested size: 227.64839pt x 227.64839pt.

<../../results/insertion-position-bias.pdf, id=59, page=3, 505.89pt x 505.89pt>
File: ../../results/insertion-position-bias.pdf Graphic file (type pdf)
<use ../../results/insertion-position-bias.pdf, page 3>
Package pdftex.def Info: ../../results/insertion-position-bias.pdf, page3 used 
on input line 98.
(pdftex.def)             Requested size: 227.64839pt x 227.64839pt.

<../../results/insertion-position-bias.pdf, id=60, page=4, 505.89pt x 505.89pt>
File: ../../results/insertion-position-bias.pdf Graphic file (type pdf)
<use ../../results/insertion-position-bias.pdf, page 4>
Package pdftex.def Info: ../../results/insertion-position-bias.pdf, page4 used 
on input line 99.
(pdftex.def)             Requested size: 227.64839pt x 227.64839pt.

Overfull \hbox (27.29678pt too wide) in paragraph at lines 95--101
 [][] 
 []


<../../results/per-species-insertion-index.pdf, id=61, page=1, 505.89pt x 505.8
9pt>
File: ../../results/per-species-insertion-index.pdf Graphic file (type pdf)
 <use ../../results/per-species-insertion-index.pdf, page 1>
Package pdftex.def Info: ../../results/per-species-insertion-index.pdf, page1 u
sed on input line 111.
(pdftex.def)             Requested size: 141.64822pt x 141.64822pt.

<../../results/per-species-insertion-index.pdf, id=62, page=2, 505.89pt x 505.8
9pt>
File: ../../results/per-species-insertion-index.pdf Graphic file (type pdf)
 <use ../../results/per-species-insertion-index.pdf, page 2>
Package pdftex.def Info: ../../results/per-species-insertion-index.pdf, page2 u
sed on input line 112.
(pdftex.def)             Requested size: 141.64822pt x 141.64822pt.

<../../results/per-species-insertion-index.pdf, id=63, page=3, 505.89pt x 505.8
9pt>
File: ../../results/per-species-insertion-index.pdf Graphic file (type pdf)
 <use ../../results/per-species-insertion-index.pdf, page 3>
Package pdftex.def Info: ../../results/per-species-insertion-index.pdf, page3 u
sed on input line 113.
(pdftex.def)             Requested size: 141.64822pt x 141.64822pt.

<../../results/per-species-insertion-index.pdf, id=64, page=4, 505.89pt x 505.8
9pt>
File: ../../results/per-species-insertion-index.pdf Graphic file (type pdf)
 <use ../../results/per-species-insertion-index.pdf, page 4>
Package pdftex.def Info: ../../results/per-species-insertion-index.pdf, page4 u
sed on input line 114.
(pdftex.def)             Requested size: 141.64822pt x 141.64822pt.

<../../results/per-species-insertion-index.pdf, id=65, page=5, 505.89pt x 505.8
9pt>
File: ../../results/per-species-insertion-index.pdf Graphic file (type pdf)
 <use ../../results/per-species-insertion-index.pdf, page 5>
Package pdftex.def Info: ../../results/per-species-insertion-index.pdf, page5 u
sed on input line 115.
(pdftex.def)             Requested size: 141.64822pt x 141.64822pt.

<../../results/per-species-insertion-index.pdf, id=66, page=6, 505.89pt x 505.8
9pt>
File: ../../results/per-species-insertion-index.pdf Graphic file (type pdf)
 <use ../../results/per-species-insertion-index.pdf, page 6>
Package pdftex.def Info: ../../results/per-species-insertion-index.pdf, page6 u
sed on input line 116.
(pdftex.def)             Requested size: 141.64822pt x 141.64822pt.

<../../results/per-species-insertion-index.pdf, id=67, page=7, 505.89pt x 505.8
9pt>
File: ../../results/per-species-insertion-index.pdf Graphic file (type pdf)
 <use ../../results/per-species-insertion-index.pdf, page 7>
Package pdftex.def Info: ../../results/per-species-insertion-index.pdf, page7 u
sed on input line 117.
(pdftex.def)             Requested size: 141.64822pt x 141.64822pt.

<../../results/per-species-insertion-index.pdf, id=68, page=8, 505.89pt x 505.8
9pt>
File: ../../results/per-species-insertion-index.pdf Graphic file (type pdf)
 <use ../../results/per-species-insertion-index.pdf, page 8>
Package pdftex.def Info: ../../results/per-species-insertion-index.pdf, page8 u
sed on input line 118.
(pdftex.def)             Requested size: 141.64822pt x 141.64822pt.

<../../results/per-species-insertion-index.pdf, id=69, page=9, 505.89pt x 505.8
9pt>
File: ../../results/per-species-insertion-index.pdf Graphic file (type pdf)
 <use ../../results/per-species-insertion-index.pdf, page 9>
Package pdftex.def Info: ../../results/per-species-insertion-index.pdf, page9 u
sed on input line 119.
(pdftex.def)             Requested size: 141.64822pt x 141.64822pt.

<../../results/per-species-insertion-index.pdf, id=70, page=10, 505.89pt x 505.
89pt>
File: ../../results/per-species-insertion-index.pdf Graphic file (type pdf)
 <use ../../results/per-species-insertion-index.pdf, page 10>
Package pdftex.def Info: ../../results/per-species-insertion-index.pdf, page10 
used on input line 120.
(pdftex.def)             Requested size: 141.64822pt x 141.64822pt.

<../../results/per-species-insertion-index.pdf, id=71, page=11, 505.89pt x 505.
89pt>
File: ../../results/per-species-insertion-index.pdf Graphic file (type pdf)
 <use ../../results/per-species-insertion-index.pdf, page 11>
Package pdftex.def Info: ../../results/per-species-insertion-index.pdf, page11 
used on input line 121.
(pdftex.def)             Requested size: 141.64822pt x 141.64822pt.

<../../results/per-species-insertion-index.pdf, id=72, page=12, 505.89pt x 505.
89pt>
File: ../../results/per-species-insertion-index.pdf Graphic file (type pdf)
 <use ../../results/per-species-insertion-index.pdf, page 12>
Package pdftex.def Info: ../../results/per-species-insertion-index.pdf, page12 
used on input line 122.
(pdftex.def)             Requested size: 141.64822pt x 141.64822pt.

Overfull \hbox (8.94467pt too wide) in paragraph at lines 110--124
 [][] 
 []


LaTeX Warning: Float too large for page by 4.99304pt on input line 126.

<../../results/cluster-essentiality.pdf, id=73, 505.89pt x 505.89pt>
File: ../../results/cluster-essentiality.pdf Graphic file (type pdf)

<use ../../results/cluster-essentiality.pdf>
Package pdftex.def Info: ../../results/cluster-essentiality.pdf used on input l
ine 131.
(pdftex.def)             Requested size: 202.3524pt x 202.3524pt.

Underfull \vbox (badness 10000) has occurred while \output is active []

 [4 <../../results/biases-without-ends.pdf> <../../results/biases-without-ends.
pdf> <../../results/logos/logo-prob.pdf> <../../results/logos/logo-bits.pdf>] [
5 <../../results/insertion-position-bias.pdf> <../../results/insertion-position
-bias.pdf> <../../results/insertion-position-bias.pdf> <../../results/insertion
-position-bias.pdf>] [6 <../../results/per-species-insertion-index.pdf> <../../
results/per-species-insertion-index.pdf> <../../results/per-species-insertion-i
ndex.pdf> <../../results/per-species-insertion-index.pdf> <../../results/per-sp
ecies-insertion-index.pdf> <../../results/per-species-insertion-index.pdf> <../
../results/per-species-insertion-index.pdf> <../../results/per-species-insertio
n-index.pdf> <../../results/per-species-insertion-index.pdf> <../../results/per
-species-insertion-index.pdf> <../../results/per-species-insertion-index.pdf> <
../../results/per-species-insertion-index.pdf>]
Underfull \hbox (badness 2205) in paragraph at lines 136--136
[]\OT1/cmr/bx/n/14.4 Can we re-cover phy-lo-ge-
 []


<../../results/../speciestree/speciestree-annotated.png, id=112, 1629.6885pt x 
930.1149pt>
File: ../../results/../speciestree/speciestree-annotated.png Graphic file (type
 png)
 <use ../../results/../speciestree/speciestree-annotated.png>
Package pdftex.def Info: ../../results/../speciestree/speciestree-annotated.png
 used on input line 140.
(pdftex.def)             Requested size: 211.86694pt x 120.91917pt.

Underfull \vbox (badness 10000) has occurred while \output is active []



LaTeX Warning: File `make-essentiality-tree/essentiality-tree.pdf' not found on
 input line 148.


! Package pdftex.def Error: File `make-essentiality-tree/essentiality-tree.pdf'
 not found.

See the pdftex.def package documentation for explanation.
Type  H <return>  for immediate help.
 ...                                              
                                                  
l.148 ...-essentiality-tree/essentiality-tree.pdf}
                                                  
Using draft setting for this image.
Try typing  <return>  to proceed.
If that doesn't work, type  X <return>  to quit.

<../../results/venn/venn.pdf, id=114, 562.1pt x 401.5pt>
File: ../../results/venn/venn.pdf Graphic file (type pdf)

<use ../../results/venn/venn.pdf>
Package pdftex.def Info: ../../results/venn/venn.pdf used on input line 158.
(pdftex.def)             Requested size: 196.73795pt x 140.5271pt.

<../../results/essentiality-heatmap.pdf, id=115, page=5, 505.89pt x 505.89pt>
File: ../../results/essentiality-heatmap.pdf Graphic file (type pdf)

<use ../../results/essentiality-heatmap.pdf, page 5>
Package pdftex.def Info: ../../results/essentiality-heatmap.pdf, page5 used on 
input line 159.
(pdftex.def)             Requested size: 172.00032pt x 172.00032pt.

<../../results/essentiality-heatmap.pdf, id=116, page=2, 505.89pt x 505.89pt>
File: ../../results/essentiality-heatmap.pdf Graphic file (type pdf)

<use ../../results/essentiality-heatmap.pdf, page 2>
Package pdftex.def Info: ../../results/essentiality-heatmap.pdf, page2 used on 
input line 160.
(pdftex.def)             Requested size: 172.00032pt x 172.00032pt.

<../../results/essentiality-heatmap.pdf, id=117, page=3, 505.89pt x 505.89pt>
File: ../../results/essentiality-heatmap.pdf Graphic file (type pdf)

<use ../../results/essentiality-heatmap.pdf, page 3>
Package pdftex.def Info: ../../results/essentiality-heatmap.pdf, page3 used on 
input line 161.
(pdftex.def)             Requested size: 172.00032pt x 172.00032pt.

<../../results/essentiality-heatmap.pdf, id=118, page=1, 505.89pt x 505.89pt>
File: ../../results/essentiality-heatmap.pdf Graphic file (type pdf)

<use ../../results/essentiality-heatmap.pdf, page 1>
Package pdftex.def Info: ../../results/essentiality-heatmap.pdf, page1 used on 
input line 162.
(pdftex.def)             Requested size: 172.00032pt x 172.00032pt.

<../../results/essentiality-heatmap.pdf, id=119, page=4, 505.89pt x 505.89pt>
File: ../../results/essentiality-heatmap.pdf Graphic file (type pdf)

<use ../../results/essentiality-heatmap.pdf, page 4>
Package pdftex.def Info: ../../results/essentiality-heatmap.pdf, page4 used on 
input line 163.
(pdftex.def)             Requested size: 172.00032pt x 172.00032pt.


LaTeX Warning: Float too large for page by 22.80107pt on input line 167.

[7 <../../results/cluster-essentiality.pdf> <../../results/../speciestree/speci
estree-annotated.png>] [8 <../../results/venn/venn.pdf> <../../results/essentia
lity-heatmap.pdf> <../../results/essentiality-heatmap.pdf> <../../results/essen
tiality-heatmap.pdf> <../../results/essentiality-heatmap.pdf> <../../results/es
sentiality-heatmap.pdf>]
Overfull \hbox (39.96237pt too wide) in paragraph at lines 175--196
 [][] 
 []

[9

] [10] (./EnTrI.aux)

LaTeX Warning: Label(s) may have changed. Rerun to get cross-references right.

 ) 
Here is how much of TeX's memory you used:
 2775 strings out of 494985
 49736 string characters out of 6180355
 106273 words of memory out of 5000000
 5977 multiletter control sequences out of 15000+600000
 4413 words of font info for 17 fonts, out of 8000000 for 9000
 36 hyphenation exceptions out of 8191
 38i,14n,38p,1006b,330s stack positions out of 5000i,500n,10000p,200000b,80000s
</usr/share/texlive/texmf-dist/fonts/type1/public/amsfonts/cm/cmbx12.pfb></us
r/share/texlive/texmf-dist/fonts/type1/public/amsfonts/cm/cmmi10.pfb></usr/shar
e/texlive/texmf-dist/fonts/type1/public/amsfonts/cm/cmr10.pfb></usr/share/texli
ve/texmf-dist/fonts/type1/public/amsfonts/cm/cmsy10.pfb></usr/share/texlive/tex
mf-dist/fonts/type1/public/amsfonts/cm/cmtt10.pfb>
Output written on EnTrI.pdf (10 pages, 1950006 bytes).
PDF statistics:
 170 PDF objects out of 1000 (max. 8388607)
 87 compressed objects within 1 object stream
 0 named destinations out of 1000 (max. 500000)
 271 words of extra memory for PDF output out of 10000 (max. 10000000)

