[15:02:23] Command: --outdir /home/fatemeh/Desktop/prokka/ERS227112 --locustag ERS227112 --genus Klebsiella --species pneumoniae --kingdom Bacteria --gram neg /home/fatemeh/EnTrI/data/fasta-genome/chromosome/ERS227112.fa
[15:02:23] Looking for 'aragorn' - found /usr/bin/aragorn
[15:02:23] Determined aragorn version is 1.2
[15:02:23] Looking for 'blastp' - found /usr/bin/blastp
[15:02:23] Determined blastp version is 2.2
[15:02:23] Looking for 'cmpress' - found /usr/local/bin/cmpress
[15:02:23] Determined cmpress version is 1.1
[15:02:23] Looking for 'cmscan' - found /usr/local/bin/cmscan
[15:02:23] Determined cmscan version is 1.1
[15:02:23] Looking for 'egrep' - found /bin/egrep
[15:02:23] Looking for 'find' - found /usr/bin/find
[15:02:23] Looking for 'grep' - found /bin/grep
[15:02:23] Looking for 'hmmpress' - found /usr/local/bin/hmmpress
[15:02:23] Determined hmmpress version is 3.1
[15:02:23] Looking for 'hmmscan' - found /usr/local/bin/hmmscan
[15:02:23] Determined hmmscan version is 3.1
[15:02:23] Looking for 'less' - found /usr/bin/less
[15:02:23] Looking for 'makeblastdb' - found /usr/bin/makeblastdb
[15:02:23] Determined makeblastdb version is 2.2
[15:02:23] Looking for 'minced' - found /home/fatemeh/program-bank/prokka-1.11/bin/../binaries/linux/../common/minced
[15:02:23] Determined minced version is 1.6
[15:02:23] Looking for 'parallel' - found /usr/bin/parallel
[15:02:24] Determined parallel version is 20130922
[15:02:24] Looking for 'prodigal' - found /usr/bin/prodigal
[15:02:24] Determined prodigal version is 2.6
[15:02:24] Looking for 'prokka-genbank_to_fasta_db' - found /home/fatemeh/program-bank/prokka-1.11/bin/prokka-genbank_to_fasta_db
[15:02:24] Looking for 'sed' - found /bin/sed
[15:02:24] Looking for 'signalp' - found /home/fatemeh/program-bank/signalp
[15:02:25] Determined signalp version is 4.1
[15:02:25] Looking for 'tbl2asn' - found /home/fatemeh/program-bank/tbl2asn
[15:02:25] Determined tbl2asn version is 23.9
[15:02:25] Using genetic code table 11.
[15:02:25] Loading and checking input file: /home/fatemeh/EnTrI/data/fasta-genome/chromosome/ERS227112.fa
[15:02:25] Wrote 1 contigs
[15:02:25] Predicting tRNAs and tmRNAs
[15:02:25] Running: aragorn -gc11  -w \/home\/fatemeh\/Desktop\/prokka\/ERS227112\/ERS227112_03082017\.fna
[15:02:32] 1 tRNA-Glu [670,745] 35 (ttc)
[15:02:32] 2 tRNA-Ala c[295035,295110] 34 (tgc)
[15:02:32] 3 tRNA-Ile c[295147,295223] 35 (gat)
[15:02:32] 4 tRNA-Glu c[399579,399654] 35 (ttc)
[15:02:32] 5 tRNA-seC c[542261,542355] 35 (tca)
[15:02:32] 6 tRNA-Pro [672835,672911] 35 (cgg)
[15:02:32] 7 tRNA-Thr [910539,910614] 34 (ggt)
[15:02:32] 8 tRNA-Leu [1010775,1010861] 35 (gag)
[15:02:32] 9 tRNA-Met [1014792,1014868] 35 (cat)
[15:02:32] 10 tRNA-Met c[1120694,1120769] 34 (cat)
[15:02:32] 11 tRNA-Phe c[1248368,1248443] 34 (gaa)
[15:02:32] 12 tRNA-Gly [1332954,1333027] 33 (ccc)
[15:02:32] 13 tRNA-Met c[1472100,1472176] 35 (cat)
[15:02:32] 14 tRNA-Met c[1472209,1472285] 35 (cat)
[15:02:32] 15 tRNA-Met c[1472319,1472395] 35 (cat)
[15:02:32] 16 tRNA-Ser [1624353,1624445] 35 (gct)
[15:02:32] 17 tRNA-Arg [1624450,1624526] 35 (acg)
[15:02:32] 18 tRNA-Arg [1624677,1624753] 35 (acg)
[15:02:32] 19 tRNA-Arg [1624815,1624891] 35 (acg)
[15:02:32] 20 tRNA-Arg [1625120,1625196] 35 (acg)
[15:02:32] 21 tmRNA c[1687471,1687833] 90,125 ANDENYALAA**
[15:02:32] 22 tRNA-Glu [1716333,1716409] 35 (ttc)
[15:02:32] 23 tRNA-Asp [1719763,1719839] 35 (gtc)
[15:02:32] 24 tRNA-Trp [1719893,1719968] 34 (cca)
[15:02:32] 25 tRNA-Arg [1758173,1758249] 35 (ccg)
[15:02:32] 26 tRNA-His [1758305,1758380] 34 (gtg)
[15:02:32] 27 tRNA-Ser [1758404,1758490] 35 (cag)
[15:02:32] 28 tRNA-Pro [1758533,1758609] 35 (tgg)
[15:02:32] 29 tRNA-Ile [1808278,1808354] 35 (gat)
[15:02:32] 30 tRNA-Ala [1808391,1808466] 34 (tgc)
[15:02:32] 31 tRNA-Thr [1815562,1815637] 34 (tgt)
[15:02:32] 32 tRNA-Tyr [1815648,1815732] 35 (gta)
[15:02:32] 33 tRNA-Gly [1815848,1815922] 34 (tcc)
[15:02:32] 34 tRNA-Thr [1815928,1816003] 34 (ggt)
[15:02:32] 35 tRNA-Glu [1853427,1853502] 35 (ttc)
[15:02:32] 36 tRNA-Phe c[2002420,2002495] 34 (gaa)
[15:02:32] 37 tRNA-Gly [2044987,2045062] 34 (gcc)
[15:02:32] 38 tRNA-Gly [2045131,2045206] 34 (gcc)
[15:02:32] 39 tRNA-Gly [2045279,2045354] 34 (gcc)
[15:02:32] 40 tRNA-Leu [2181533,2181617] 35 (caa)
[15:02:32] 41 tRNA-Glu [2227655,2227730] 35 (ttc)
[15:02:32] 42 tRNA-Ser c[2315500,2315586] 35 (cag)
[15:02:32] 43 tRNA-Ser c[2315618,2315704] 35 (cag)
[15:02:32] 44 tRNA-Ser c[2315733,2315819] 35 (cag)
[15:02:32] 45 tRNA-Ile [2599981,2600057] 35 (gat)
[15:02:32] 46 tRNA-Ala [2600094,2600169] 34 (tgc)
[15:02:32] 47 tRNA-Asp [2603518,2603594] 35 (gtc)
[15:02:32] 48 tRNA-Asp [2612971,2613047] 35 (gtc)
[15:02:32] 49 tRNA-Thr c[2669598,2669673] 34 (cgt)
[15:02:32] 50 tRNA-Arg [2884541,2884617] 35 (tct)
[15:02:32] 51 tRNA-Asn [2900868,2900942] 33 (gtt)
[15:02:32] 52 tRNA-Gln c[3183028,3183102] 33 (ctg)
[15:02:32] 53 tRNA-Gln c[3183178,3183252] 33 (ctg)
[15:02:32] 54 tRNA-Met c[3183300,3183376] 35 (cat)
[15:02:32] 55 tRNA-Gln c[3183400,3183474] 33 (ttg)
[15:02:32] 56 tRNA-Gln c[3183511,3183585] 33 (ttg)
[15:02:32] 57 tRNA-Leu c[3183609,3183693] 35 (tag)
[15:02:32] 58 tRNA-Met c[3183702,3183778] 35 (cat)
[15:02:32] 59 tRNA-Lys [3242395,3242470] 34 (ttt)
[15:02:32] 60 tRNA-Val [3242596,3242671] 34 (tac)
[15:02:32] 61 tRNA-Lys [3242674,3242749] 34 (ttt)
[15:02:32] 62 tRNA-Val [3242899,3242974] 34 (tac)
[15:02:32] 63 tRNA-Lys [3242978,3243053] 34 (ttt)
[15:02:32] 64 tRNA-Lys [3243200,3243275] 34 (ttt)
[15:02:32] 65 tRNA-Lys [3243409,3243484] 34 (ttt)
[15:02:32] 66 tRNA-Ser [3552520,3552607] 35 (tga)
[15:02:32] 67 tRNA-Ser c[3596978,3597065] 35 (gga)
[15:02:32] 68 tRNA-Ser c[3600427,3600514] 35 (gga)
[15:02:32] 69 tRNA-Arg c[3765263,3765339] 35 (tct)
[15:02:32] 70 tRNA-Lys c[3874753,3874828] 34 (ttt)
[15:02:32] 71 tRNA-Val c[3874833,3874908] 34 (tac)
[15:02:32] 72 tRNA-Val c[3874955,3875030] 34 (tac)
[15:02:32] 73 tRNA-Val c[3875076,3875151] 34 (tac)
[15:02:33] 74 tRNA-Ala [3877850,3877925] 34 (ggc)
[15:02:33] 75 tRNA-Ala [3877967,3878042] 34 (ggc)
[15:02:33] 76 tRNA-Arg c[3898365,3898439] 34 (cct)
[15:02:33] 77 tRNA-Pro c[4015226,4015302] 35 (ggg)
[15:02:33] 78 tRNA-Asn c[4254144,4254219] 34 (gtt)
[15:02:33] 79 tRNA-Asn [4255977,4256052] 34 (gtt)
[15:02:33] 80 tRNA-Asn c[4264899,4264974] 34 (gtt)
[15:02:33] 81 tRNA-Asn c[4332720,4332795] 34 (gtt)
[15:02:33] 82 tRNA-Ser [4333787,4333876] 35 (cga)
[15:02:33] 83 tRNA-Gly [4354983,4355058] 34 (gcc)
[15:02:33] 84 tRNA-Cys [4355099,4355172] 33 (gca)
[15:02:33] 85 tRNA-Leu [4355186,4355272] 35 (taa)
[15:02:33] 86 tRNA-Tyr c[4573679,4573763] 35 (gta)
[15:02:33] 87 tRNA-Tyr c[4573980,4574064] 35 (gta)
[15:02:33] 88 tRNA-Val c[4779120,4779196] 35 (gac)
[15:02:33] 89 tRNA-Val c[4779201,4779277] 35 (gac)
[15:02:33] 90 tRNA-Val c[4779282,4779358] 35 (gac)
[15:02:33] Found 90 tRNAs
[15:02:33] Predicting Ribosomal RNAs
[15:02:33] You need either Barrnap or RNAmmer installed to predict rRNAs!
[15:02:33] Skipping ncRNA search, enable with --rfam if desired.
[15:02:33] Total of 89 tRNA + rRNA features
[15:02:33] Searching for CRISPR repeats
[15:02:35] Found 0 CRISPRs
[15:02:35] Predicting coding sequences
[15:02:35] Contigs total 5869288 bp, so using single mode
[15:02:35] Running: prodigal -i \/home\/fatemeh\/Desktop\/prokka\/ERS227112\/ERS227112_03082017\.fna -c -m -g 11 -p single -f sco -q
[15:02:57] Excluding CDS which overlaps existing RNA (tRNA) at maria_TIM:1014761..1014967 on - strand
[15:03:00] Excluding CDS which overlaps existing RNA (tRNA) at maria_TIM:1758509..1758661 on - strand
[15:03:05] Excluding CDS which overlaps existing RNA (tRNA) at maria_TIM:2900901..2901053 on - strand
[15:03:12] Excluding CDS which overlaps existing RNA (tRNA) at maria_TIM:4779122..4779607 on + strand
[15:03:16] Found 5589 CDS
[15:03:16] Connecting features back to sequences
[15:03:16] Looking for signal peptides at start of predicted proteins
[15:03:16] Treating Bacteria as gram-
[15:03:31] Running: signalp -t gram- -f short  \/home\/fatemeh\/Desktop\/prokka\/ERS227112\/signalp\.faa 2> /dev/null
[15:15:06] Found 535 signal peptides
[15:15:06] Deleting unwanted file: /home/fatemeh/Desktop/prokka/ERS227112/signalp.faa
[15:15:06] Not using genus-specific database. Try --usegenus to enable it.
[15:15:06] Annotating CDS, please be patient.
[15:15:06] Will use 4 CPUs for similarity searching.
[15:15:16] There are still 5589 unannotated CDS left (started with 5589)
[15:15:16] Will use blast to search against /home/fatemeh/program-bank/prokka-1.11/bin/../db/kingdom/Bacteria/sprot with 4 CPUs
[15:15:16] Running: cat \/home\/fatemeh\/Desktop\/prokka\/ERS227112\/sprot\.faa | parallel --gnu --plain -j 4 --block 218048 --recstart '>' --pipe blastp -query - -db /home/fatemeh/program-bank/prokka-1.11/bin/../db/kingdom/Bacteria/sprot -evalue 1e-06 -num_threads 1 -num_descriptions 1 -num_alignments 1 -seg no > \/home\/fatemeh\/Desktop\/prokka\/ERS227112\/sprot\.blast 2> /dev/null
[15:26:34] Modify product: Uncharacterized ABC transporter ATP-binding protein YbhF => putative ABC transporter ATP-binding protein YbhF
[15:26:34] Modify product: Probable multidrug resistance protein EmrK => putative multidrug resistance protein EmrK
[15:26:34] Modify product: Uncharacterized HTH-type transcriptional regulator YjiR => putative HTH-type transcriptional regulator YjiR
[15:26:34] Modify product: Uncharacterized GTP-binding protein YjiA => putative GTP-binding protein YjiA
[15:26:34] Modify product: Uncharacterized HTH-type transcriptional regulator YbbH => putative HTH-type transcriptional regulator YbbH
[15:26:34] Modify product: Probable HTH-type transcriptional regulator YjjM => putative HTH-type transcriptional regulator YjjM
[15:26:34] Modify product: Uncharacterized deoxyribonuclease YjjV => putative deoxyribonuclease YjjV
[15:26:34] Modify product: DNA repair protein RadA homolog => hypothetical protein
[15:26:34] Modify product: Uncharacterized ABC transporter ATP-binding protein YjjK => putative ABC transporter ATP-binding protein YjjK
[15:26:34] Modify product: Uncharacterized tRNA/rRNA methyltransferase HI_0380 => putative tRNA/rRNA methyltransferase
[15:26:34] Modify product: Uncharacterized lipoprotein YgdR precursor => putative lipoprotein YgdR precursor
[15:26:34] Modify product: Probable glucarate transporter => putative glucarate transporter
[15:26:35] Modify product: Probable tRNA (adenine(37)-N6)-methyltransferase => putative tRNA (adenine(37)-N6)-methyltransferase
[15:26:35] Modify product: Uncharacterized methyltransferase YcgJ => putative methyltransferase YcgJ
[15:26:35] Modify product: Probable glycerophosphoryl diester phosphodiesterase 1 => putative glycerophosphoryl diester phosphodiesterase 1
[15:26:35] Modify product: Uncharacterized N-acetyltransferase YafP => putative N-acetyltransferase YafP
[15:26:35] Modify product: Uncharacterized aldolase LsrF => putative aldolase LsrF
[15:26:35] Modify product: Fimbrillin MatB homolog precursor => hypothetical protein
[15:26:35] Modify product: Probable glutamine ABC transporter permease protein GlnP => putative glutamine ABC transporter permease protein GlnP
[15:26:35] Modify product: Probable glutamine ABC transporter permease protein GlnP => putative glutamine ABC transporter permease protein GlnP
[15:26:35] Modify product: Leu/Ile/Val-binding protein homolog 3 precursor => hypothetical protein
[15:26:35] Modify product: Uncharacterized amino acid permease YhdG => putative amino acid permease YhdG
[15:26:35] Modify product: Probable peroxiredoxin => putative peroxiredoxin
[15:26:35] Modify product: Uncharacterized lipoprotein YajI precursor => putative lipoprotein YajI precursor
[15:26:36] Modify product: Uncharacterized oxidoreductase YcjS => putative oxidoreductase YcjS
[15:26:36] Modify product: Probable siderophore biosynthesis protein SbnA => putative siderophore biosynthesis protein SbnA
[15:26:36] Modify product: Probable multidrug resistance ABC transporter ATP-binding/permease protein YheI => putative multidrug resistance ABC transporter ATP-binding/permease protein YheI
[15:26:36] Modify product: Uncharacterized membrane protein YjcC => putative membrane protein YjcC
[15:26:36] Modify product: Uncharacterized ABC transporter ATP-binding protein YbbL => putative ABC transporter ATP-binding protein YbbL
[15:26:36] Modify product: Bifunctional protein FolD => Bifunctional protein FolD protein
[15:26:36] Modify product: Uncharacterized fimbrial-like protein YcbV precursor => putative fimbrial-like protein YcbV precursor
[15:26:36] Modify product: Uncharacterized oxidoreductase YhhX => putative oxidoreductase YhhX
[15:26:36] Modify product: Probable adenosine monophosphate-protein transferase fic => putative adenosine monophosphate-protein transferase fic
[15:26:36] Modify product: Uncharacterized ABC transporter ATP-binding protein YheS => putative ABC transporter ATP-binding protein YheS
[15:26:37] Modify product: Probable acrEF/envCD operon repressor => putative acrEF/envCD operon repressor
[15:26:37] Modify product: Uncharacterized zinc-type alcohol dehydrogenase-like protein YjmD => putative zinc-type alcohol dehydrogenase-like protein YjmD
[15:26:37] Modify product: Probable phospholipid import ATP-binding protein MlaF => putative phospholipid import ATP-binding protein MlaF
[15:26:37] Modify product: Probable phospholipid ABC transporter permease protein MlaE => putative phospholipid ABC transporter permease protein MlaE
[15:26:37] Modify product: Probable phospholipid ABC transporter-binding protein MlaD => putative phospholipid ABC transporter-binding protein MlaD
[15:26:37] Modify product: Probable phospholipid-binding protein MlaC precursor => putative phospholipid-binding protein MlaC precursor
[15:26:37] Modify product: Probable phospholipid ABC transporter-binding protein MlaB => putative phospholipid ABC transporter-binding protein MlaB
[15:26:37] Modify product: Uncharacterized inner membrane transporter YhbE => putative inner membrane transporter YhbE
[15:26:37] Modify product: Transcription termination/antitermination protein NusA => hypothetical protein
[15:26:37] Modify product: Uncharacterized protease YhbU precursor => putative protease YhbU precursor
[15:26:37] Modify product: Probable galactarate transporter => putative galactarate transporter
[15:26:37] Modify product: Uncharacterized aldolase LsrF => putative aldolase LsrF
[15:26:37] Modify product: Probable glycerol-3-phosphate acyltransferase => putative glycerol-3-phosphate acyltransferase
[15:26:37] Modify product: Probable quinol monooxygenase YgiN => putative quinol monooxygenase YgiN
[15:26:37] Modify product: Putative cystathionine beta-synthase Rv1077 => Putative cystathionine beta-synthase
[15:26:38] Modify product: Uncharacterized membrane protein YdfK => putative membrane protein YdfK
[15:26:38] Modify product: Probable Fe(2+)-trafficking protein => putative Fe(2+)-trafficking protein
[15:26:38] Modify product: Probable sulfoacetate transporter SauU => putative sulfoacetate transporter SauU
[15:26:38] Modify product: Probable 5-formyltetrahydrofolate cyclo-ligase => putative 5-formyltetrahydrofolate cyclo-ligase
[15:26:38] Modify product: Probable transport protein HsrA => putative transport protein HsrA
[15:26:38] Modify product: Uncharacterized lipoprotein YgdR precursor => putative lipoprotein YgdR precursor
[15:26:38] Modify product: Probable propionate kinase => putative propionate kinase
[15:26:38] Modify product: Carbon dioxide-concentrating mechanism protein CcmK homolog 2 => hypothetical protein
[15:26:38] Modify product: Probable cobalt-precorrin-6Y C(5)-methyltransferase => putative cobalt-precorrin-6Y C(5)-methyltransferase
[15:26:38] Modify product: Probable cobalt-precorrin-6Y C(15)-methyltransferase [decarboxylating] => putative cobalt-precorrin-6Y C(15)-methyltransferase [decarboxylating]
[15:26:38] Modify product: Uncharacterized lipoprotein YgdR precursor => putative lipoprotein YgdR precursor
[15:26:38] Modify product: Uncharacterized ferredoxin-like protein YfhL => putative ferredoxin-like protein YfhL
[15:26:39] Modify product: Probable 3-phenylpropionic acid transporter => putative 3-phenylpropionic acid transporter
[15:26:39] Modify product: Protease HtpX homolog => hypothetical protein
[15:26:39] Modify product: Probable copper-binding protein PcoE precursor => putative copper-binding protein PcoE precursor
[15:26:39] Modify product: Uncharacterized membrane protein YjcC => putative membrane protein YjcC
[15:26:39] Modify product: Probable diguanylate cyclase YeaP => putative diguanylate cyclase YeaP
[15:26:39] Modify product: Uncharacterized ATPase YjoB => putative ATPase YjoB
[15:26:39] Modify product: Uncharacterized inner membrane transporter yiJE => putative inner membrane transporter yiJE
[15:26:39] Modify product: Probable fructose-bisphosphate aldolase => putative fructose-bisphosphate aldolase
[15:26:40] Modify product: Probable GTP-binding protein EngB => putative GTP-binding protein EngB
[15:26:40] Modify product: Probable acyltransferase YihG => putative acyltransferase YihG
[15:26:40] Modify product: Probable transport protein HsrA => putative transport protein HsrA
[15:26:40] Modify product: Probable adenine permease PurP => putative adenine permease PurP
[15:26:40] Modify product: Uncharacterized HTH-type transcriptional regulator YidP => putative HTH-type transcriptional regulator YidP
[15:26:40] Modify product: Uncharacterized inner membrane transporter YicL => putative inner membrane transporter YicL
[15:26:40] Modify product: Zinc-type alcohol dehydrogenase-like protein SA1988 => Zinc-type alcohol dehydrogenase-like protein
[15:26:40] Modify product: Uncharacterized ABC transporter ATP-binding protein YbhF => putative ABC transporter ATP-binding protein YbhF
[15:26:40] Modify product: Uncharacterized glycosyltransferase EpsJ => putative glycosyltransferase EpsJ
[15:26:40] Modify product: Uncharacterized GST-like protein YibF => putative GST-like protein YibF
[15:26:41] Modify product: Uncharacterized ABC transporter ATP-binding protein YheS => putative ABC transporter ATP-binding protein YheS
[15:26:41] Modify product: Probable lipoprotein YiaD precursor => putative lipoprotein YiaD precursor
[15:26:41] Modify product: Uncharacterized N-acetyltransferase YjaB => putative N-acetyltransferase YjaB
[15:26:41] Modify product: Uncharacterized MFS-type transporter YhjX => putative MFS-type transporter YhjX
[15:26:41] Modify product: Probable 4-deoxy-4-formamido-L-arabinose-phosphoundecaprenol deformylase ArnD => putative 4-deoxy-4-formamido-L-arabinose-phosphoundecaprenol deformylase ArnD
[15:26:41] Modify product: Probable 4-amino-4-deoxy-L-arabinose-phosphoundecaprenol flippase subunit ArnE => putative 4-amino-4-deoxy-L-arabinose-phosphoundecaprenol flippase subunit ArnE
[15:26:41] Modify product: Probable 4-amino-4-deoxy-L-arabinose-phosphoundecaprenol flippase subunit ArnF => putative 4-amino-4-deoxy-L-arabinose-phosphoundecaprenol flippase subunit ArnF
[15:26:41] Modify product: Probable glucarate transporter => putative glucarate transporter
[15:26:41] Modify product: Probable transport protein HsrA => putative transport protein HsrA
[15:26:41] Modify product: Probable aromatic acid decarboxylase => putative aromatic acid decarboxylase
[15:26:41] Modify product: Probable hemoglobin and hemoglobin-haptoglobin-binding protein 2 precursor => putative hemoglobin and hemoglobin-haptoglobin-binding protein 2 precursor
[15:26:41] Modify product: Uncharacterized periplasmic iron-binding protein HI_0362 precursor => putative periplasmic iron-binding protein precursor
[15:26:41] Modify product: Probable siderophore transport system ATP-binding protein YusV => putative siderophore transport system ATP-binding protein YusV
[15:26:41] Modify product: Uncharacterized periplasmic iron-binding protein HI_0362 precursor => putative periplasmic iron-binding protein precursor
[15:26:41] Modify product: Probable HTH-type transcriptional regulator YgaV => putative HTH-type transcriptional regulator YgaV
[15:26:42] Modify product: Probable inorganic polyphosphate/ATP-NAD kinase => putative inorganic polyphosphate/ATP-NAD kinase
[15:26:42] Modify product: Probable diguanylate cyclase YfiN => putative diguanylate cyclase YfiN
[15:26:42] Modify product: Uncharacterized membrane protein YdfK => putative membrane protein YdfK
[15:26:42] Modify product: Transcription termination factor Rho => hypothetical protein
[15:26:42] Modify product: Probable transport protein YifK => putative transport protein YifK
[15:26:42] Modify product: Probable protein kinase UbiB => putative protein kinase UbiB
[15:26:42] Modify product: Transcription termination/antitermination protein NusG => hypothetical protein
[15:26:42] Modify product: Probable diguanylate cyclase YdaM => putative diguanylate cyclase YdaM
[15:26:42] Modify product: Uncharacterized N-acetyltransferase YjaB => putative N-acetyltransferase YjaB
[15:26:42] Modify product: Shikimate 5-dehydrogenase-like protein HI_0607 => Shikimate 5-dehydrogenase-like protein
[15:26:42] Modify product: Probable tRNA-dihydrouridine synthase => putative tRNA-dihydrouridine synthase
[15:26:42] Modify product: Uncharacterized membrane protein YjcC => putative membrane protein YjcC
[15:26:42] Modify product: Uncharacterized fimbrial-like protein YcbV precursor => putative fimbrial-like protein YcbV precursor
[15:26:42] Modify product: Probable transcriptional regulator PhnF => putative transcriptional regulator PhnF
[15:26:43] Modify product: Probable outer membrane usher protein ElfC precursor => putative outer membrane usher protein ElfC precursor
[15:26:43] Modify product: Probable L-ascorbate-6-phosphate lactonase UlaG => putative L-ascorbate-6-phosphate lactonase UlaG
[15:26:43] Modify product: Probable licABCH operon regulator => putative licABCH operon regulator
[15:26:43] Modify product: Probable 6-phospho-beta-glucosidase => putative 6-phospho-beta-glucosidase
[15:26:43] Modify product: Uncharacterized HTH-type transcriptional regulator YurK => putative HTH-type transcriptional regulator YurK
[15:26:43] Modify product: Uncharacterized HTH-type transcriptional regulator YbbH => putative HTH-type transcriptional regulator YbbH
[15:26:43] Modify product: Probable diguanylate cyclase YcdT => putative diguanylate cyclase YcdT
[15:26:43] Modify product: Uncharacterized N-acetyltransferase YsnE => putative N-acetyltransferase YsnE
[15:26:43] Modify product: Uncharacterized isomerase YddE => putative isomerase YddE
[15:26:43] Modify product: Probable amino-acid metabolite efflux pump => putative amino-acid metabolite efflux pump
[15:26:43] Modify product: Uncharacterized HTH-type transcriptional regulator YdfH => putative HTH-type transcriptional regulator YdfH
[15:26:44] Modify product: Uncharacterized MscS family protein HI_0195.1 precursor => putative MscS family protein.1 precursor
[15:26:44] Modify product: Probable DNA endonuclease SmrA => putative DNA endonuclease SmrA
[15:26:44] Modify product: DNA replication terminus site-binding protein => hypothetical protein
[15:26:44] Modify product: Probable multidrug resistance protein EmrK => putative multidrug resistance protein EmrK
[15:26:44] Modify product: Putative O-methyltransferase MSMEG_5073/MSMEI_4947 => Putative O-methyltransferase/MSMEI_4947
[15:26:44] Modify product: Putative acetyltransferase SACOL2570 => Putative acetyltransferase
[15:26:44] Modify product: Uncharacterized oxidoreductase YdgJ => putative oxidoreductase YdgJ
[15:26:44] Modify product: Probable D-methionine-binding lipoprotein MetQ precursor => putative D-methionine-binding lipoprotein MetQ precursor
[15:26:44] Modify product: Probable quorum-quenching lactonase YtnP => putative quorum-quenching lactonase YtnP
[15:26:44] Modify product: Uncharacterized HTH-type transcriptional regulator CBU_1416 => putative HTH-type transcriptional regulator
[15:26:44] Modify product: Probable 6-phospho-beta-glucosidase => putative 6-phospho-beta-glucosidase
[15:26:44] Modify product: Uncharacterized hydrolase YxeP => putative hydrolase YxeP
[15:26:44] Modify product: Uncharacterized sugar epimerase YhfK => putative sugar epimerase YhfK
[15:26:44] Modify product: Uncharacterized HTH-type transcriptional regulator HI_1476 => putative HTH-type transcriptional regulator
[15:26:44] Modify product: Probable D,D-dipeptide transport ATP-binding protein DdpD => putative D,D-dipeptide transport ATP-binding protein DdpD
[15:26:44] Modify product: Probable protease SohB => putative protease SohB
[15:26:44] Modify product: Uncharacterized oxidoreductase YciK => putative oxidoreductase YciK
[15:26:45] Modify product: Probable tartrate dehydrogenase/decarboxylase TtuC' => putative tartrate dehydrogenase/decarboxylase TtuC'
[15:26:45] Modify product: PKHD-type hydroxylase Sbal_3634 => PKHD-type hydroxylase
[15:26:45] Modify product: Probable intracellular septation protein A => putative intracellular septation protein A
[15:26:45] Modify product: Uncharacterized acyl-CoA thioester hydrolase HI_0827 => putative acyl-CoA thioester hydrolase
[15:26:45] Modify product: Uncharacterized sugar kinase YdjH => putative sugar kinase YdjH
[15:26:45] Modify product: Probable fructose-bisphosphate aldolase => putative fructose-bisphosphate aldolase
[15:26:45] Modify product: Probable multidrug-efflux transporter Rv1258c/MT1297 => putative multidrug-efflux transporter/MT1297
[15:26:45] Modify product: Probable chromate transport protein => putative chromate transport protein
[15:26:45] Modify product: Probable RNA polymerase sigma factor FecI => putative RNA polymerase sigma factor FecI
[15:26:45] Modify product: Probable siderophore transport system ATP-binding protein YusV => putative siderophore transport system ATP-binding protein YusV
[15:26:45] Modify product: Zinc-type alcohol dehydrogenase-like protein SA1988 => Zinc-type alcohol dehydrogenase-like protein
[15:26:45] Modify product: Probable cadaverine/lysine antiporter => putative cadaverine/lysine antiporter
[15:26:45] Modify product: Probable dipeptide and tripeptide permease YjdL => putative dipeptide and tripeptide permease YjdL
[15:26:46] Modify product: Uncharacterized hydrolase YxeP => putative hydrolase YxeP
[15:26:46] Modify product: Uncharacterized oxidoreductase YcjS => putative oxidoreductase YcjS
[15:26:46] Modify product: Fimbrillin MatB homolog precursor => hypothetical protein
[15:26:46] Modify product: Probable cation-transporting ATPase F => putative cation-transporting ATPase F
[15:26:46] Modify product: Uncharacterized HTH-type transcriptional regulator YjiR => putative HTH-type transcriptional regulator YjiR
[15:26:46] Modify product: Uncharacterized HTH-type transcriptional regulator YdcR => putative HTH-type transcriptional regulator YdcR
[15:26:46] Modify product: Probable D,D-dipeptide transport ATP-binding protein DdpF => putative D,D-dipeptide transport ATP-binding protein DdpF
[15:26:46] Modify product: Probable D,D-dipeptide transport system permease protein DdpC => putative D,D-dipeptide transport system permease protein DdpC
[15:26:46] Modify product: Probable D,D-dipeptide-binding periplasmic protein DdpA precursor => putative D,D-dipeptide-binding periplasmic protein DdpA precursor
[15:26:46] Modify product: Uncharacterized GST-like protein YibF => putative GST-like protein YibF
[15:26:46] Modify product: Probable siderophore transport system ATP-binding protein YusV => putative siderophore transport system ATP-binding protein YusV
[15:26:46] Modify product: Uncharacterized sugar kinase YdjH => putative sugar kinase YdjH
[15:26:46] Modify product: Uncharacterized HTH-type transcriptional regulator YbdO => putative HTH-type transcriptional regulator YbdO
[15:26:46] Modify product: Uncharacterized HTH-type transcriptional regulator YbdO => putative HTH-type transcriptional regulator YbdO
[15:26:46] Modify product: Uncharacterized lipoprotein ChiQ precursor => putative lipoprotein ChiQ precursor
[15:26:47] Modify product: Uncharacterized ABC transporter ATP-binding protein YlmA => putative ABC transporter ATP-binding protein YlmA
[15:26:47] Modify product: Probable two-component-system connector protein AriR => putative two-component-system connector protein AriR
[15:26:47] Modify product: Probable two-component-system connector protein YcgZ => putative two-component-system connector protein YcgZ
[15:26:47] Modify product: Probable cation-transporting ATPase F => putative cation-transporting ATPase F
[15:26:47] Modify product: Uncharacterized ABC transporter ATP-binding protein YbhF => putative ABC transporter ATP-binding protein YbhF
[15:26:47] Modify product: Probable glucarate transporter => putative glucarate transporter
[15:26:47] Modify product: Probable ATP-dependent helicase DinG => putative ATP-dependent helicase DinG
[15:26:47] Modify product: Probable L,D-transpeptidase YbiS precursor => putative L,D-transpeptidase YbiS precursor
[15:26:47] Modify product: Uncharacterized ABC transporter ATP-binding protein YheS => putative ABC transporter ATP-binding protein YheS
[15:26:47] Modify product: Uncharacterized lipoprotein YbjP precursor => putative lipoprotein YbjP precursor
[15:26:48] Modify product: Uncharacterized MFS-type transporter YcaD => putative MFS-type transporter YcaD
[15:26:48] Modify product: Probable formate transporter 1 => putative formate transporter 1
[15:26:48] Modify product: Probable metallo-hydrolase M6_Spy0554 => putative metallo-hydrolase
[15:26:48] Modify product: Uncharacterized hydrolase YxeP => putative hydrolase YxeP
[15:26:48] Modify product: Probable malonic semialdehyde reductase RutE => putative malonic semialdehyde reductase RutE
[15:26:48] Modify product: Probable phosphatase YcdX => putative phosphatase YcdX
[15:26:48] Modify product: Uncharacterized lipoprotein YceB precursor => putative lipoprotein YceB precursor
[15:26:48] Modify product: Probable peptidoglycan biosynthesis protein MurJ => putative peptidoglycan biosynthesis protein MurJ
[15:26:48] Modify product: Uncharacterized deoxyribonuclease YcfH => putative deoxyribonuclease YcfH
[15:26:48] Modify product: Probable L,D-transpeptidase YcfS precursor => putative L,D-transpeptidase YcfS precursor
[15:26:48] Modify product: Uncharacterized membrane protein YoaK => putative membrane protein YoaK
[15:26:48] Modify product: Probable diguanylate cyclase YeaP => putative diguanylate cyclase YeaP
[15:26:49] Modify product: Stress response UPF0229 protein YhbH => hypothetical protein
[15:26:49] Modify product: Probable deferrochelatase/peroxidase YfeX => putative deferrochelatase/peroxidase YfeX
[15:26:49] Modify product: Uncharacterized HTH-type transcriptional regulator YdcR => putative HTH-type transcriptional regulator YdcR
[15:26:49] Modify product: Uncharacterized transporter YycB => putative transporter YycB
[15:26:49] Modify product: Probable phospholipid-binding lipoprotein MlaA precursor => putative phospholipid-binding lipoprotein MlaA precursor
[15:26:49] Modify product: Probable DNA endonuclease SmrA => putative DNA endonuclease SmrA
[15:26:49] Modify product: Probable galactarate transporter => putative galactarate transporter
[15:26:49] Modify product: Epimerase family protein SA0724 => Epimerase family protein
[15:26:49] Modify product: Uncharacterized Nudix hydrolase YfcD => putative Nudix hydrolase YfcD
[15:26:50] Modify product: Uncharacterized HTH-type transcriptional regulator RhmR => putative HTH-type transcriptional regulator RhmR
[15:26:50] Modify product: Uncharacterized N-acetyltransferase YafP => putative N-acetyltransferase YafP
[15:26:50] Modify product: Universal stress protein A homolog => hypothetical protein
[15:26:50] Modify product: Probable D,D-dipeptide-binding periplasmic protein DdpA precursor => putative D,D-dipeptide-binding periplasmic protein DdpA precursor
[15:26:50] Modify product: Probable D,D-dipeptide transport system permease protein DdpB => putative D,D-dipeptide transport system permease protein DdpB
[15:26:50] Modify product: Probable D,D-dipeptide transport system permease protein DdpC => putative D,D-dipeptide transport system permease protein DdpC
[15:26:50] Modify product: Probable lipid kinase YegS => putative lipid kinase YegS
[15:26:50] Modify product: Uncharacterized protease YhbU precursor => putative protease YhbU precursor
[15:26:50] Modify product: Uncharacterized glycosyltransferase EpsJ => putative glycosyltransferase EpsJ
[15:26:50] Modify product: Uncharacterized glycosyltransferase EpsJ => putative glycosyltransferase EpsJ
[15:26:50] Modify product: Uncharacterized glycosyltransferase YkoT => putative glycosyltransferase YkoT
[15:26:50] Modify product: Probable diguanylate cyclase YeaP => putative diguanylate cyclase YeaP
[15:26:51] Modify product: Probable acrylyl-CoA reductase AcuI => putative acrylyl-CoA reductase AcuI
[15:26:51] Modify product: Probable L,D-transpeptidase ErfK/SrfK precursor => putative L,D-transpeptidase ErfK/SrfK precursor
[15:26:51] Modify product: Putative multidrug export ATP-binding/permease protein SAV1866 => Putative multidrug export ATP-binding/permease protein
[15:26:51] Modify product: Uncharacterized inner membrane transporter YedA => putative inner membrane transporter YedA
[15:26:51] Modify product: Probable diguanylate cyclase YedQ => putative diguanylate cyclase YedQ
[15:26:51] Modify product: Probable transport protein HsrA => putative transport protein HsrA
[15:26:51] Modify product: Probable transcriptional regulatory protein YebC => putative transcriptional regulatory protein YebC
[15:26:51] Modify product: Uncharacterized HTH-type transcriptional regulator YbbH => putative HTH-type transcriptional regulator YbbH
[15:26:51] Modify product: Probable manganese efflux pump MntP => putative manganese efflux pump MntP
[15:26:51] Modify product: Probable ATP-dependent helicase DinG => putative ATP-dependent helicase DinG
[15:26:51] Modify product: Probable S-adenosyl-L-methionine-dependent methyltransferase TehB => putative S-adenosyl-L-methionine-dependent methyltransferase TehB
[15:26:52] Modify product: Cyclic nucleotide-gated potassium channel mll3241 => Cyclic nucleotide-gated potassium channel
[15:26:52] Modify product: Uncharacterized FAD-linked oxidoreductase Rv2280 => putative FAD-linked oxidoreductase
[15:26:52] Modify product: Probable siderophore transport system ATP-binding protein YusV => putative siderophore transport system ATP-binding protein YusV
[15:26:52] Modify product: Probable ATP-dependent transporter SufC => putative ATP-dependent transporter SufC
[15:26:52] Modify product: Probable L,D-transpeptidase YnhG precursor => putative L,D-transpeptidase YnhG precursor
[15:26:52] Modify product: Uncharacterized ABC transporter ATP-binding protein HI_1470 => putative ABC transporter ATP-binding protein
[15:26:52] Modify product: Probable ABC transporter permease protein HI_1471 => putative ABC transporter permease protein
[15:26:52] Modify product: Probable siderophore transport system ATP-binding protein YusV => putative siderophore transport system ATP-binding protein YusV
[15:26:52] Modify product: Probable siderophore transport system permease protein YfiZ precursor => putative siderophore transport system permease protein YfiZ precursor
[15:26:52] Modify product: Uncharacterized HTH-type transcriptional regulator YbbH => putative HTH-type transcriptional regulator YbbH
[15:26:52] Modify product: Uncharacterized MFS-type transporter YcaD => putative MFS-type transporter YcaD
[15:26:52] Modify product: Uncharacterized hydrolase YxeP => putative hydrolase YxeP
[15:26:52] Modify product: Uncharacterized oxidoreductase YbiC => putative oxidoreductase YbiC
[15:26:52] Modify product: Probable murein peptide carboxypeptidase => putative murein peptide carboxypeptidase
[15:26:52] Modify product: Probable 3-hydroxybutyryl-CoA dehydrogenase => putative 3-hydroxybutyryl-CoA dehydrogenase
[15:26:52] Modify product: Probable succinyl-CoA:3-ketoacid coenzyme A transferase subunit B => putative succinyl-CoA:3-ketoacid coenzyme A transferase subunit B
[15:26:52] Modify product: Probable succinyl-CoA:3-ketoacid coenzyme A transferase subunit A => putative succinyl-CoA:3-ketoacid coenzyme A transferase subunit A
[15:26:52] Modify product: Uncharacterized FAD-linked oxidoreductase Rv2280 => putative FAD-linked oxidoreductase
[15:26:52] Modify product: Probable D,D-dipeptide transport ATP-binding protein DdpD => putative D,D-dipeptide transport ATP-binding protein DdpD
[15:26:52] Modify product: Probable diguanylate cyclase YcdT => putative diguanylate cyclase YcdT
[15:26:52] Modify product: Uncharacterized oxidoreductase YdgJ => putative oxidoreductase YdgJ
[15:26:53] Modify product: Uncharacterized HTH-type transcriptional regulator YybR => putative HTH-type transcriptional regulator YybR
[15:26:53] Modify product: Uncharacterized protease YhbU precursor => putative protease YhbU precursor
[15:26:53] Modify product: Uncharacterized HTH-type transcriptional regulator YdcR => putative HTH-type transcriptional regulator YdcR
[15:26:53] Modify product: Uncharacterized lipoprotein YgdR precursor => putative lipoprotein YgdR precursor
[15:26:53] Modify product: Uncharacterized hydrolase YxeP => putative hydrolase YxeP
[15:26:53] Modify product: Probable nitrate reductase molybdenum cofactor assembly chaperone NarW => putative nitrate reductase molybdenum cofactor assembly chaperone NarW
[15:26:53] Modify product: Probable D,D-dipeptide transport system permease protein DdpC => putative D,D-dipeptide transport system permease protein DdpC
[15:26:53] Modify product: Uncharacterized ABC transporter ATP-binding protein YheS => putative ABC transporter ATP-binding protein YheS
[15:26:53] Modify product: Putative thiamine biosynthesis protein HI_0357 => Putative thiamine biosynthesis protein
[15:26:53] Modify product: Probable diguanylate cyclase YdaM => putative diguanylate cyclase YdaM
[15:26:53] Modify product: Probable allantoin permease => putative allantoin permease
[15:26:53] Modify product: Uncharacterized HTH-type transcriptional regulator YybR => putative HTH-type transcriptional regulator YybR
[15:26:53] Modify product: Probable succinyl-diaminopimelate desuccinylase => putative succinyl-diaminopimelate desuccinylase
[15:26:54] Modify product: Uncharacterized HTH-type transcriptional regulator YidP => putative HTH-type transcriptional regulator YidP
[15:26:54] Cleaned 253 /product names
[15:26:54] Deleting unwanted file: /home/fatemeh/Desktop/prokka/ERS227112/sprot.faa
[15:26:54] Deleting unwanted file: /home/fatemeh/Desktop/prokka/ERS227112/sprot.blast
[15:26:59] There are still 1791 unannotated CDS left (started with 5589)
[15:26:59] Will use hmmer3 to search against /home/fatemeh/program-bank/prokka-1.11/bin/../db/hmm/CLUSTERS.hmm with 4 CPUs
[15:26:59] Running: cat \/home\/fatemeh\/Desktop\/prokka\/ERS227112\/CLUSTERS\.hmm\.faa | parallel --gnu --plain -j 4 --block 49918 --recstart '>' --pipe hmmscan --noali --notextw --acc -E 1e-06 --cpu 1 /home/fatemeh/program-bank/prokka-1.11/bin/../db/hmm/CLUSTERS.hmm /dev/stdin > \/home\/fatemeh\/Desktop\/prokka\/ERS227112\/CLUSTERS\.hmm\.hmmer3 2> /dev/null
[15:34:22] Deleting unwanted file: /home/fatemeh/Desktop/prokka/ERS227112/CLUSTERS.hmm.faa
[15:34:22] Deleting unwanted file: /home/fatemeh/Desktop/prokka/ERS227112/CLUSTERS.hmm.hmmer3
[15:34:24] There are still 1403 unannotated CDS left (started with 5589)
[15:34:24] Will use hmmer3 to search against /home/fatemeh/program-bank/prokka-1.11/bin/../db/hmm/HAMAP.hmm with 4 CPUs
[15:34:24] Running: cat \/home\/fatemeh\/Desktop\/prokka\/ERS227112\/HAMAP\.hmm\.faa | parallel --gnu --plain -j 4 --block 38146 --recstart '>' --pipe hmmscan --noali --notextw --acc -E 1e-06 --cpu 1 /home/fatemeh/program-bank/prokka-1.11/bin/../db/hmm/HAMAP.hmm /dev/stdin > \/home\/fatemeh\/Desktop\/prokka\/ERS227112\/HAMAP\.hmm\.hmmer3 2> /dev/null
[15:35:09] Deleting unwanted file: /home/fatemeh/Desktop/prokka/ERS227112/HAMAP.hmm.faa
[15:35:09] Deleting unwanted file: /home/fatemeh/Desktop/prokka/ERS227112/HAMAP.hmm.hmmer3
[15:35:11] There are still 1391 unannotated CDS left (started with 5589)
[15:35:11] Will use hmmer3 to search against /home/fatemeh/program-bank/prokka-1.11/bin/../db/hmm/Pfam.hmm with 4 CPUs
[15:35:11] Running: cat \/home\/fatemeh\/Desktop\/prokka\/ERS227112\/Pfam\.hmm\.faa | parallel --gnu --plain -j 4 --block 37826 --recstart '>' --pipe hmmscan --noali --notextw --acc -E 1e-06 --cpu 1 /home/fatemeh/program-bank/prokka-1.11/bin/../db/hmm/Pfam.hmm /dev/stdin > \/home\/fatemeh\/Desktop\/prokka\/ERS227112\/Pfam\.hmm\.hmmer3 2> /dev/null
[15:37:38] Modify product: TraB family => TraB family protein
[15:37:38] Modify product: FtsX-like permease family => FtsX-like permease family protein
[15:37:38] Modify product: MT-A70 => hypothetical protein
[15:37:38] Modify product: YqaJ-like viral recombinase domain => YqaJ-like viral recombinase domain protein
[15:37:38] Modify product: RecT family => RecT family protein
[15:37:38] Modify product: AP2 domain => AP2 domain protein
[15:37:38] Modify product: KilA-N domain => KilA-N domain protein
[15:37:38] Modify product: Arc-like DNA binding domain => Arc-like DNA binding domain protein
[15:37:38] Modify product: Arc-like DNA binding domain => Arc-like DNA binding domain protein
[15:37:38] Modify product: P22AR C-terminal domain => hypothetical protein
[15:37:38] Modify product: BRO family, N-terminal domain => hypothetical protein
[15:37:38] Modify product: Acetyltransferase (GNAT) family => Acetyltransferase (GNAT) family protein
[15:37:38] Modify product: Major Facilitator Superfamily => Major Facilitator Superfamily protein
[15:37:38] Modify product: Integrase core domain => Integrase core domain protein
[15:37:38] Modify product: Acetyltransferase (GNAT) family => Acetyltransferase (GNAT) family protein
[15:37:38] Modify product: Periplasmic binding proteins and sugar binding domain of LacI family => Periplasmic binding proteins and sugar binding domain of LacI family protein
[15:37:38] Modify product: LVIVD repeat => LVIVD repeat protein
[15:37:38] Modify product: Purine catabolism regulatory protein-like family => Purine catabolism regulatory protein-like family protein
[15:37:38] Modify product: ParB-like nuclease domain => ParB-like nuclease domain protein
[15:37:38] Modify product: Acyltransferase family => Acyltransferase family protein
[15:37:38] Modify product: Flavin reductase like domain => Flavin reductase like domain protein
[15:37:38] Modify product: Bacteriophage CI repressor helix-turn-helix domain => Bacteriophage CI repressor helix-turn-helix domain protein
[15:37:38] Modify product: Terminase-like family => Terminase-like family protein
[15:37:38] Modify product: Phage virion morphogenesis family => Phage virion morphogenesis family protein
[15:37:38] Modify product: AsmA family => AsmA family protein
[15:37:38] Modify product: Integrase core domain => Integrase core domain protein
[15:37:38] Modify product: Integrase core domain => Integrase core domain protein
[15:37:38] Modify product: Peptidase M16 inactive domain => Peptidase M16 inactive domain protein
[15:37:38] Modify product: Fic/DOC family => Fic/DOC family protein
[15:37:38] Modify product: YheO-like PAS domain => YheO-like PAS domain protein
[15:37:38] Modify product: Phage antirepressor protein KilAC domain => Phage antirepressor protein KilAC domain protein
[15:37:38] Modify product: Phage capsid family => Phage capsid family protein
[15:37:38] Modify product: SCP-2 sterol transfer family => SCP-2 sterol transfer family protein
[15:37:38] Modify product: tRNA_anti-like => tRNA_anti-like protein
[15:37:38] Modify product: LTXXQ motif => LTXXQ motif protein
[15:37:38] Modify product: B3/4 domain => B3/4 domain protein
[15:37:38] Modify product: CYTH domain => CYTH domain protein
[15:37:38] Modify product: Transglycosylase SLT domain => Transglycosylase SLT domain protein
[15:37:38] Modify product: TraG-like protein, N-terminal region => hypothetical protein
[15:37:38] Modify product: Helix-turn-helix domain => Helix-turn-helix domain protein
[15:37:38] Modify product: YGGT family => YGGT family protein
[15:37:38] Modify product: Alanine racemase, N-terminal domain => hypothetical protein
[15:37:38] Modify product: Carboxymuconolactone decarboxylase family => Carboxymuconolactone decarboxylase family protein
[15:37:38] Modify product: YCII-related domain => YCII-related domain protein
[15:37:38] Modify product: Transposase IS116/IS110/IS902 family => Transposase IS116/IS110/IS902 family protein
[15:37:38] Modify product: Bacterial Transmembrane Pair family => Bacterial Transmembrane Pair family protein
[15:37:38] Modify product: Cupin domain => Cupin domain protein
[15:37:38] Modify product: Acetyltransferase (GNAT) family => Acetyltransferase (GNAT) family protein
[15:37:38] Modify product: Integral membrane protein TerC family => Integral membrane protein TerC family protein
[15:37:38] Modify product: Rdx family => Rdx family protein
[15:37:38] Modify product: Flavin reductase like domain => Flavin reductase like domain protein
[15:37:38] Modify product: Transposase DDE domain => Transposase DDE domain protein
[15:37:38] Modify product: EamA-like transporter family => EamA-like transporter family protein
[15:37:38] Modify product: EamA-like transporter family => EamA-like transporter family protein
[15:37:38] Modify product: SCP-2 sterol transfer family => SCP-2 sterol transfer family protein
[15:37:38] Modify product: Sodium Bile acid symporter family => Sodium Bile acid symporter family protein
[15:37:38] Modify product: Acetyltransferase (GNAT) family => Acetyltransferase (GNAT) family protein
[15:37:38] Modify product: Cupin domain => Cupin domain protein
[15:37:38] Modify product: Transposase DDE domain => Transposase DDE domain protein
[15:37:38] Modify product: Transposase DDE domain => Transposase DDE domain protein
[15:37:38] Modify product: Sel1 repeat => Sel1 repeat protein
[15:37:38] Modify product: Integrase core domain => Integrase core domain protein
[15:37:38] Modify product: Integral membrane protein TerC family => Integral membrane protein TerC family protein
[15:37:38] Modify product: DSBA-like thioredoxin domain => DSBA-like thioredoxin domain protein
[15:37:38] Modify product: Integrase core domain => Integrase core domain protein
[15:37:38] Modify product: Transposase DDE domain => Transposase DDE domain protein
[15:37:38] Modify product: Opacity-associated protein A LysM-like domain => Opacity-associated protein A LysM-like domain protein
[15:37:38] Modify product: Acetyltransferase (GNAT) family => Acetyltransferase (GNAT) family protein
[15:37:38] Modify product: Acetyltransferase (GNAT) family => Acetyltransferase (GNAT) family protein
[15:37:38] Modify product: AAA-like domain => AAA-like domain protein
[15:37:38] Modify product: Integrase core domain => Integrase core domain protein
[15:37:38] Modify product: SnoaL-like domain => SnoaL-like domain protein
[15:37:38] Modify product: Methyltransferase domain => Methyltransferase domain protein
[15:37:38] Modify product: Methyltransferase domain => Methyltransferase domain protein
[15:37:38] Modify product: Putative zinc ribbon domain => Putative zinc ribbon domain protein
[15:37:38] Modify product: Extensin-like protein C-terminus => hypothetical protein
[15:37:38] Modify product: Glyoxalase-like domain => Glyoxalase-like domain protein
[15:37:38] Modify product: Activator of Hsp90 ATPase homolog 1-like protein => hypothetical protein
[15:37:38] Modify product: NIPSNAP => hypothetical protein
[15:37:38] Modify product: DTW domain => DTW domain protein
[15:37:38] Modify product: Tetratricopeptide repeat => Tetratricopeptide repeat protein
[15:37:38] Modify product: Alpha-2-macroglobulin family N-terminal region => hypothetical protein
[15:37:38] Modify product: MT-A70 => hypothetical protein
[15:37:38] Modify product: RecT family => RecT family protein
[15:37:38] Modify product: BRO family, N-terminal domain => hypothetical protein
[15:37:38] Modify product: P22_AR N-terminal domain => hypothetical protein
[15:37:38] Modify product: Arc-like DNA binding domain => Arc-like DNA binding domain protein
[15:37:38] Modify product: Transposase IS66 family => Transposase IS66 family protein
[15:37:38] Modify product: CobQ/CobB/MinD/ParA nucleotide binding domain => CobQ/CobB/MinD/ParA nucleotide binding domain protein
[15:37:38] Modify product: Relaxase/Mobilisation nuclease domain => Relaxase/Mobilisation nuclease domain protein
[15:37:38] Modify product: TrbC/VIRB2 family => TrbC/VIRB2 family protein
[15:37:38] Modify product: Transglycosylase SLT domain => Transglycosylase SLT domain protein
[15:37:38] Modify product: Transglycosylase SLT domain => Transglycosylase SLT domain protein
[15:37:38] Modify product: Integrase core domain => Integrase core domain protein
[15:37:38] Modify product: Integrase core domain => Integrase core domain protein
[15:37:38] Modify product: Helix-turn-helix domain => Helix-turn-helix domain protein
[15:37:38] Modify product: InsA C-terminal domain => hypothetical protein
[15:37:38] Modify product: Transposase DDE domain => Transposase DDE domain protein
[15:37:38] Modify product: Helix-turn-helix domain => Helix-turn-helix domain protein
[15:37:38] Modify product: Probable transposase => putative transposase
[15:37:38] Modify product: Integrase core domain => Integrase core domain protein
[15:37:38] Modify product: IncFII RepA protein family => IncFII RepA protein family protein
[15:37:38] Modify product: Transposase IS66 family => Transposase IS66 family protein
[15:37:38] Modify product: AAA-like domain => AAA-like domain protein
[15:37:38] Modify product: Tn3 transposase DDE domain => Tn3 transposase DDE domain protein
[15:37:38] Modify product: Integrase core domain => Integrase core domain protein
[15:37:38] Modify product: SprT-like family => SprT-like family protein
[15:37:38] Modify product: Tn3 transposase DDE domain => Tn3 transposase DDE domain protein
[15:37:38] Modify product: Tn3 transposase DDE domain => Tn3 transposase DDE domain protein
[15:37:38] Modify product: Carboxymuconolactone decarboxylase family => Carboxymuconolactone decarboxylase family protein
[15:37:38] Modify product: Ribbon-helix-helix domain => Ribbon-helix-helix domain protein
[15:37:38] Modify product: Transposase DDE domain => Transposase DDE domain protein
[15:37:38] Modify product: Acetyltransferase (GNAT) family => Acetyltransferase (GNAT) family protein
[15:37:38] Modify product: EamA-like transporter family => EamA-like transporter family protein
[15:37:38] Modify product: Acetyltransferase (GNAT) family => Acetyltransferase (GNAT) family protein
[15:37:38] Modify product: Carboxymuconolactone decarboxylase family => Carboxymuconolactone decarboxylase family protein
[15:37:38] Modify product: EamA-like transporter family => EamA-like transporter family protein
[15:37:38] Modify product: Acetyltransferase (GNAT) family => Acetyltransferase (GNAT) family protein
[15:37:38] Modify product: Transposase DDE domain => Transposase DDE domain protein
[15:37:38] Modify product: Carboxymuconolactone decarboxylase family => Carboxymuconolactone decarboxylase family protein
[15:37:38] Modify product: Major Facilitator Superfamily => Major Facilitator Superfamily protein
[15:37:38] Modify product: NmrA-like family => NmrA-like family protein
[15:37:38] Modify product: ImpA-related N-terminal => hypothetical protein
[15:37:38] Modify product: PAAR motif => PAAR motif protein
[15:37:38] Modify product: Transposase DDE domain => Transposase DDE domain protein
[15:37:38] Modify product: SPFH domain / Band 7 family => SPFH domain / Band 7 family protein
[15:37:38] Modify product: InsA C-terminal domain => hypothetical protein
[15:37:38] Modify product: Glyoxalase-like domain => Glyoxalase-like domain protein
[15:37:38] Modify product: FRG domain => FRG domain protein
[15:37:38] Modify product: Integrase core domain => Integrase core domain protein
[15:37:38] Modify product: Transposase DDE domain => Transposase DDE domain protein
[15:37:38] Modify product: Terminase-like family => Terminase-like family protein
[15:37:39] Modify product: putative Peptidoglycan domain => putative Peptidoglycan domain protein
[15:37:39] Modify product: Integrase core domain => Integrase core domain protein
[15:37:39] Modify product: Type IV secretion-system coupling protein DNA-binding domain => Type IV secretion-system coupling protein DNA-binding domain protein
[15:37:39] Modify product: Transposase DDE domain => Transposase DDE domain protein
[15:37:39] Modify product: Transglutaminase-like superfamily => Transglutaminase-like superfamily protein
[15:37:39] Modify product: Acetyltransferase (GNAT) family => Acetyltransferase (GNAT) family protein
[15:37:39] Modify product: 'Cold-shock' DNA-binding domain => 'Cold-shock' DNA-binding domain protein
[15:37:39] Modify product: AIG2-like family => AIG2-like family protein
[15:37:39] Modify product: Transposase DDE domain => Transposase DDE domain protein
[15:37:39] Modify product: Transposase DDE domain => Transposase DDE domain protein
[15:37:39] Modify product: PAAR motif => PAAR motif protein
[15:37:39] Modify product: DsrE/DsrF-like family => DsrE/DsrF-like family protein
[15:37:39] Modify product: NAD dependent epimerase/dehydratase family => NAD dependent epimerase/dehydratase family protein
[15:37:39] Modify product: NMT1/THI5 like => NMT1/THI5 like protein
[15:37:39] Modify product: Glyoxalase-like domain => Glyoxalase-like domain protein
[15:37:39] Modify product: Glyoxalase-like domain => Glyoxalase-like domain protein
[15:37:39] Modify product: Acetyltransferase (GNAT) family => Acetyltransferase (GNAT) family protein
[15:37:39] Modify product: Transposase DDE domain => Transposase DDE domain protein
[15:37:39] Modify product: NMT1/THI5 like => NMT1/THI5 like protein
[15:37:39] Modify product: NMT1/THI5 like => NMT1/THI5 like protein
[15:37:39] Modify product: 2OG-Fe(II) oxygenase superfamily => 2OG-Fe(II) oxygenase superfamily protein
[15:37:39] Modify product: DinB family => DinB family protein
[15:37:39] Modify product: Glyoxalase-like domain => Glyoxalase-like domain protein
[15:37:39] Modify product: Transcriptional regulatory protein, C terminal => hypothetical protein
[15:37:39] Modify product: Acetyltransferase (GNAT) family => Acetyltransferase (GNAT) family protein
[15:37:39] Modify product: Glyoxalase/Bleomycin resistance protein/Dioxygenase superfamily => Glyoxalase/Bleomycin resistance protein/Dioxygenase superfamily protein
[15:37:39] Modify product: Carboxymuconolactone decarboxylase family => Carboxymuconolactone decarboxylase family protein
[15:37:39] Modify product: Acetyltransferase (GNAT) family => Acetyltransferase (GNAT) family protein
[15:37:39] Modify product: Transposase DDE domain => Transposase DDE domain protein
[15:37:39] Modify product: Transposase DDE domain => Transposase DDE domain protein
[15:37:39] Modify product: ASCH domain => ASCH domain protein
[15:37:39] Modify product: EamA-like transporter family => EamA-like transporter family protein
[15:37:39] Modify product: Transposase DDE domain => Transposase DDE domain protein
[15:37:39] Modify product: TENA/THI-4/PQQC family => TENA/THI-4/PQQC family protein
[15:37:39] Modify product: Alpha/beta hydrolase family => Alpha/beta hydrolase family protein
[15:37:39] Modify product: Alpha/beta hydrolase family => Alpha/beta hydrolase family protein
[15:37:39] Modify product: Glyoxalase-like domain => Glyoxalase-like domain protein
[15:37:39] Modify product: Major Facilitator Superfamily => Major Facilitator Superfamily protein
[15:37:39] Modify product: Carboxymuconolactone decarboxylase family => Carboxymuconolactone decarboxylase family protein
[15:37:39] Modify product: Isochorismatase family => Isochorismatase family protein
[15:37:39] Modify product: Cupin domain => Cupin domain protein
[15:37:39] Modify product: ACT domain => ACT domain protein
[15:37:39] Modify product: Stress-induced bacterial acidophilic repeat motif => Stress-induced bacterial acidophilic repeat motif protein
[15:37:39] Modify product: Transposase DDE domain => Transposase DDE domain protein
[15:37:39] Modify product: YbaK / prolyl-tRNA synthetases associated domain => YbaK / prolyl-tRNA synthetases associated domain protein
[15:37:39] Modify product: PrkA AAA domain => PrkA AAA domain protein
[15:37:39] Modify product: MT-A70 => hypothetical protein
[15:37:39] Modify product: RecT family => RecT family protein
[15:37:39] Modify product: MT-A70 => hypothetical protein
[15:37:39] Modify product: RecT family => RecT family protein
[15:37:39] Modify product: Major Facilitator Superfamily => Major Facilitator Superfamily protein
[15:37:39] Modify product: Sodium Bile acid symporter family => Sodium Bile acid symporter family protein
[15:37:39] Modify product: Acetyltransferase (GNAT) family => Acetyltransferase (GNAT) family protein
[15:37:39] Modify product: PAP2 superfamily => PAP2 superfamily protein
[15:37:39] Modify product: Glycosyltransferase sugar-binding region containing DXD motif => Glycosyltransferase sugar-binding region containing DXD motif protein
[15:37:39] Modify product: Acyltransferase family => Acyltransferase family protein
[15:37:39] Modify product: NAD dependent epimerase/dehydratase family => NAD dependent epimerase/dehydratase family protein
[15:37:39] Modify product: Helix-turn-helix domain => Helix-turn-helix domain protein
[15:37:39] Modify product: Integrase core domain => Integrase core domain protein
[15:37:39] Modify product: HPP family => HPP family protein
[15:37:39] Modify product: Oxidoreductase molybdopterin binding domain => Oxidoreductase molybdopterin binding domain protein
[15:37:39] Modify product: Bacterial shufflon protein, N-terminal constant region => hypothetical protein
[15:37:39] Modify product: Alpha/beta hydrolase family => Alpha/beta hydrolase family protein
[15:37:39] Modify product: TIR domain => TIR domain protein
[15:37:39] Modify product: CobQ/CobB/MinD/ParA nucleotide binding domain => CobQ/CobB/MinD/ParA nucleotide binding domain protein
[15:37:39] Modify product: RecT family => RecT family protein
[15:37:39] Modify product: YqaJ-like viral recombinase domain => YqaJ-like viral recombinase domain protein
[15:37:39] Modify product: MT-A70 => hypothetical protein
[15:37:39] Modify product: EamA-like transporter family => EamA-like transporter family protein
[15:37:39] Modify product: Carboxymuconolactone decarboxylase family => Carboxymuconolactone decarboxylase family protein
[15:37:39] Modify product: Integrase core domain => Integrase core domain protein
[15:37:39] Modify product: Integrase core domain => Integrase core domain protein
[15:37:39] Modify product: Tn3 transposase DDE domain => Tn3 transposase DDE domain protein
[15:37:39] Modify product: Integrase core domain => Integrase core domain protein
[15:37:39] Modify product: Integrase core domain => Integrase core domain protein
[15:37:39] Modify product: Phosphotransferase enzyme family => Phosphotransferase enzyme family protein
[15:37:39] Modify product: Integrase core domain => Integrase core domain protein
[15:37:39] Modify product: Tn3 transposase DDE domain => Tn3 transposase DDE domain protein
[15:37:39] Modify product: Acetyltransferase (GNAT) family => Acetyltransferase (GNAT) family protein
[15:37:39] Modify product: InsA C-terminal domain => hypothetical protein
[15:37:39] Modify product: Transposase IS66 family => Transposase IS66 family protein
[15:37:39] Modify product: Transposase IS66 family => Transposase IS66 family protein
[15:37:39] Modify product: Transposase IS66 family => Transposase IS66 family protein
[15:37:39] Modify product: ANTAR domain => ANTAR domain protein
[15:37:39] Modify product: Transposase DDE domain => Transposase DDE domain protein
[15:37:39] Modify product: IncFII RepA protein family => IncFII RepA protein family protein
[15:37:39] Modify product: TraG-like protein, N-terminal region => hypothetical protein
[15:37:39] Modify product: TraG-like protein, N-terminal region => hypothetical protein
[15:37:39] Modify product: Sex factor F TraW protein N terminal => hypothetical protein
[15:37:39] Modify product: Transglycosylase SLT domain => Transglycosylase SLT domain protein
[15:37:39] Modify product: InsA C-terminal domain => hypothetical protein
[15:37:39] Modify product: Transposase IS66 family => Transposase IS66 family protein
[15:37:39] Modify product: Integrase core domain => Integrase core domain protein
[15:37:39] Modify product: Tn3 transposase DDE domain => Tn3 transposase DDE domain protein
[15:37:39] Modify product: Transposase DDE domain => Transposase DDE domain protein
[15:37:39] Modify product: Transposase DDE domain => Transposase DDE domain protein
[15:37:39] Modify product: Integrase core domain => Integrase core domain protein
[15:37:39] Modify product: Tn3 transposase DDE domain => Tn3 transposase DDE domain protein
[15:37:39] Modify product: Sex factor F TraW protein N terminal => hypothetical protein
[15:37:39] Modify product: TraG-like protein, N-terminal region => hypothetical protein
[15:37:39] Cleaned 232 /product names
[15:37:39] Deleting unwanted file: /home/fatemeh/Desktop/prokka/ERS227112/Pfam.hmm.faa
[15:37:39] Deleting unwanted file: /home/fatemeh/Desktop/prokka/ERS227112/Pfam.hmm.hmmer3
[15:37:39] Labelling remaining 889 proteins as 'hypothetical protein'
[15:37:39] Possible /pseudo 'Exodeoxyribonuclease 8' at maria_TIM position 95993
[15:37:39] Possible /pseudo 'Antitoxin HigA' at maria_TIM position 142527
[15:37:39] Possible /pseudo 'Arsenical pump-driving ATPase' at maria_TIM position 176699
[15:37:39] Possible /pseudo 'Tn3 transposase DDE domain protein' at maria_TIM position 289878
[15:37:39] Possible /pseudo 'Formate dehydrogenase-O major subunit precursor' at maria_TIM position 368819
[15:37:39] Possible /pseudo 'Putative 2-aminoethylphosphonate transport system permease protein PhnV' at maria_TIM position 502437
[15:37:39] Possible /pseudo 'Multiple stress resistance protein BhsA precursor' at maria_TIM position 959105
[15:37:39] Possible /pseudo 'Tyrosine recombinase XerC' at maria_TIM position 1360620
[15:37:39] Possible /pseudo 'Aldehyde-alcohol dehydrogenase' at maria_TIM position 1442462
[15:37:39] Possible /pseudo 'Manganese transport system membrane protein MntB' at maria_TIM position 1568701
[15:37:39] Possible /pseudo 'Peptidyl-prolyl cis-trans isomerase C' at maria_TIM position 1732851
[15:37:39] Possible /pseudo 'Formate dehydrogenase H' at maria_TIM position 1960158
[15:37:39] Possible /pseudo 'Homoprotocatechuate catabolism bifunctional isomerase/decarboxylase' at maria_TIM position 2275482
[15:37:39] Possible /pseudo 'Phosphate-import permease protein PhnE' at maria_TIM position 2678441
[15:37:39] Possible /pseudo 'putative glutamine ABC transporter permease protein GlnP' at maria_TIM position 2689508
[15:37:39] Possible /pseudo 'High-affinity branched-chain amino acid transport system permease protein LivH' at maria_TIM position 2695013
[15:37:39] Possible /pseudo 'Arc-like DNA binding domain protein' at maria_TIM position 2917226
[15:37:39] Possible /pseudo '1,5-anhydro-D-fructose reductase' at maria_TIM position 2958666
[15:37:39] Possible /pseudo 'Oxygen-dependent choline dehydrogenase' at maria_TIM position 3063120
[15:37:39] Possible /pseudo 'Glutamate/aspartate transport system permease protein GltK' at maria_TIM position 3173598
[15:37:39] Possible /pseudo 'L-rhamnonate dehydratase' at maria_TIM position 3978403
[15:37:39] Possible /pseudo 'High-affinity branched-chain amino acid transport system permease protein LivH' at maria_TIM position 4483433
[15:37:39] Possible /pseudo 'Serine/threonine-protein kinase pkn1' at maria_TIM position 4513442
[15:37:39] Possible /pseudo 'Serine/threonine-protein kinase pkn1' at maria_TIM position 4514511
[15:37:39] Possible /pseudo 'Serine/threonine-protein kinase pkn1' at maria_TIM position 4515580
[15:37:39] Possible /pseudo 'Cytochrome c-type biogenesis protein CcmH precursor' at maria_TIM position 4718948
[15:37:39] Possible /pseudo 'Formate dehydrogenase, nitrate-inducible, major subunit precursor' at maria_TIM position 4919618
[15:37:39] Possible /pseudo 'HTH-type transcriptional regulator DmlR' at maria_TIM position 5046292
[15:37:39] Possible /pseudo 'General stress protein 69' at maria_TIM position 5069847
[15:37:39] Possible /pseudo 'High-affinity branched-chain amino acid transport ATP-binding protein LivF' at maria_TIM position 5175086
[15:37:39] Possible /pseudo 'p-aminobenzoyl-glutamate hydrolase subunit B' at maria_TIM position 5269982
[15:37:39] Possible /pseudo 'TVP38/TMEM64 family inner membrane protein YdjZ' at maria_TIM position 5621932
[15:37:39] Possible /pseudo 'molybdenum cofactor biosynthesis protein A' at maria_TIM position 5682490
[15:37:39] Possible /pseudo 'Transposase IS66 family protein' at maria_TIM position 5686479
[15:37:39] Possible /pseudo 'Transposase IS66 family protein' at maria_TIM position 5687167
[15:37:39] Possible /pseudo 'Multifunctional conjugation protein TraI' at maria_TIM position 5742646
[15:37:39] Possible /pseudo 'Conjugative relaxosome accessory transposon protein' at maria_TIM position 5751415
[15:37:39] Possible /pseudo 'conjugal transfer mating pair stabilization protein TraN' at maria_TIM position 5754872
[15:37:39] Possible /pseudo 'conjugal transfer mating pair stabilization protein TraN' at maria_TIM position 5755110
[15:37:39] Possible /pseudo 'Transposase DDE domain protein' at maria_TIM position 5841300
[15:37:39] Found 2812 unique /gene codes.
[15:37:39] Fixed 4 duplicate /gene - traC_1 traC_2 traC_3 traC_4
[15:37:39] Fixed 2 duplicate /gene - pdhR_1 pdhR_2
[15:37:39] Fixed 2 duplicate /gene - smrA_1 smrA_2
[15:37:39] Fixed 2 duplicate /gene - chbR_1 chbR_2
[15:37:39] Fixed 3 duplicate /gene - dppA_1 dppA_2 dppA_3
[15:37:39] Fixed 2 duplicate /gene - emrK_1 emrK_2
[15:37:39] Fixed 2 duplicate /gene - sgrR_1 sgrR_2
[15:37:39] Fixed 2 duplicate /gene - dmsA_1 dmsA_2
[15:37:39] Fixed 2 duplicate /gene - actP_1 actP_2
[15:37:39] Fixed 2 duplicate /gene - pspA_1 pspA_2
[15:37:39] Fixed 2 duplicate /gene - eutM_1 eutM_2
[15:37:39] Fixed 4 duplicate /gene - kdgK_1 kdgK_2 kdgK_3 kdgK_4
[15:37:39] Fixed 2 duplicate /gene - gltK_1 gltK_2
[15:37:39] Fixed 4 duplicate /gene - ripA_1 ripA_2 ripA_3 ripA_4
[15:37:39] Fixed 6 duplicate /gene - livF_1 livF_2 livF_3 livF_4 livF_5 livF_6
[15:37:39] Fixed 2 duplicate /gene - dppB_1 dppB_2
[15:37:39] Fixed 2 duplicate /gene - lsrR_1 lsrR_2
[15:37:39] Fixed 2 duplicate /gene - trxA_1 trxA_2
[15:37:39] Fixed 2 duplicate /gene - ophA1_1 ophA1_2
[15:37:39] Fixed 2 duplicate /gene - pqiB_1 pqiB_2
[15:37:39] Fixed 2 duplicate /gene - citB_1 citB_2
[15:37:39] Fixed 2 duplicate /gene - citG_1 citG_2
[15:37:39] Fixed 3 duplicate /gene - bglH_1 bglH_2 bglH_3
[15:37:39] Fixed 2 duplicate /gene - hisJ_1 hisJ_2
[15:37:39] Fixed 2 duplicate /gene - ybeZ_1 ybeZ_2
[15:37:39] Fixed 2 duplicate /gene - ridA_1 ridA_2
[15:37:39] Fixed 8 duplicate /gene - glnQ_1 glnQ_2 glnQ_3 glnQ_4 glnQ_5 glnQ_6 glnQ_7 glnQ_8
[15:37:39] Fixed 2 duplicate /gene - potF_1 potF_2
[15:37:39] Fixed 2 duplicate /gene - csbX_1 csbX_2
[15:37:39] Fixed 6 duplicate /gene - livH_1 livH_2 livH_3 livH_4 livH_5 livH_6
[15:37:39] Fixed 6 duplicate /gene - bhsA_1 bhsA_2 bhsA_3 bhsA_4 bhsA_5 bhsA_6
[15:37:39] Fixed 2 duplicate /gene - nupC_1 nupC_2
[15:37:39] Fixed 2 duplicate /gene - gdhA_1 gdhA_2
[15:37:39] Fixed 10 duplicate /gene - rbsC_1 rbsC_2 rbsC_3 rbsC_4 rbsC_5 rbsC_6 rbsC_7 rbsC_8 rbsC_9 rbsC_10
[15:37:39] Fixed 2 duplicate /gene - bioD1_1 bioD1_2
[15:37:39] Fixed 2 duplicate /gene - sugC_1 sugC_2
[15:37:39] Fixed 2 duplicate /gene - dnaC_1 dnaC_2
[15:37:39] Fixed 2 duplicate /gene - mltF_1 mltF_2
[15:37:39] Fixed 2 duplicate /gene - astC_1 astC_2
[15:37:39] Fixed 2 duplicate /gene - guaD_1 guaD_2
[15:37:39] Fixed 2 duplicate /gene - cusB_1 cusB_2
[15:37:39] Fixed 2 duplicate /gene - gabD_1 gabD_2
[15:37:39] Fixed 2 duplicate /gene - sfaG_1 sfaG_2
[15:37:39] Fixed 2 duplicate /gene - cycA_1 cycA_2
[15:37:39] Fixed 2 duplicate /gene - ycgE_1 ycgE_2
[15:37:39] Fixed 5 duplicate /gene - gsiA_1 gsiA_2 gsiA_3 gsiA_4 gsiA_5
[15:37:39] Fixed 2 duplicate /gene - sad_1 sad_2
[15:37:39] Fixed 2 duplicate /gene - speG_1 speG_2
[15:37:39] Fixed 2 duplicate /gene - pcoC_1 pcoC_2
[15:37:39] Fixed 2 duplicate /gene - iscA_1 iscA_2
[15:37:39] Fixed 3 duplicate /gene - fruA_1 fruA_2 fruA_3
[15:37:39] Fixed 2 duplicate /gene - aspT_1 aspT_2
[15:37:39] Fixed 4 duplicate /gene - ulaA_1 ulaA_2 ulaA_3 ulaA_4
[15:37:39] Fixed 3 duplicate /gene - betB_1 betB_2 betB_3
[15:37:39] Fixed 2 duplicate /gene - ydaM_1 ydaM_2
[15:37:39] Fixed 2 duplicate /gene - nudF_1 nudF_2
[15:37:39] Fixed 2 duplicate /gene - symE_1 symE_2
[15:37:39] Fixed 2 duplicate /gene - yniC_1 yniC_2
[15:37:39] Fixed 2 duplicate /gene - ilvI_1 ilvI_2
[15:37:39] Fixed 2 duplicate /gene - dsbA_1 dsbA_2
[15:37:39] Fixed 4 duplicate /gene - recE_1 recE_2 recE_3 recE_4
[15:37:39] Fixed 2 duplicate /gene - leuA_1 leuA_2
[15:37:39] Fixed 3 duplicate /gene - htrB_1 htrB_2 htrB_3
[15:37:39] Fixed 2 duplicate /gene - pgl_1 pgl_2
[15:37:39] Fixed 3 duplicate /gene - nagC_1 nagC_2 nagC_3
[15:37:39] Fixed 2 duplicate /gene - outO_1 outO_2
[15:37:39] Fixed 3 duplicate /gene - mntB_1 mntB_2 mntB_3
[15:37:39] Fixed 2 duplicate /gene - ycdT_1 ycdT_2
[15:37:39] Fixed 2 duplicate /gene - yajR_1 yajR_2
[15:37:39] Fixed 2 duplicate /gene - malX_1 malX_2
[15:37:39] Fixed 2 duplicate /gene - moaA_1 moaA_2
[15:37:39] Fixed 3 duplicate /gene - stp_1 stp_2 stp_3
[15:37:39] Fixed 2 duplicate /gene - glpK_1 glpK_2
[15:37:39] Fixed 2 duplicate /gene - ygaZ_1 ygaZ_2
[15:37:39] Fixed 2 duplicate /gene - ppsC_1 ppsC_2
[15:37:39] Fixed 2 duplicate /gene - yjaB_1 yjaB_2
[15:37:39] Fixed 2 duplicate /gene - aroE_1 aroE_2
[15:37:39] Fixed 2 duplicate /gene - mqo_1 mqo_2
[15:37:39] Fixed 2 duplicate /gene - birA_1 birA_2
[15:37:39] Fixed 2 duplicate /gene - bglF_1 bglF_2
[15:37:39] Fixed 2 duplicate /gene - ilvB_1 ilvB_2
[15:37:39] Fixed 2 duplicate /gene - asd_1 asd_2
[15:37:39] Fixed 2 duplicate /gene - hpcE_1 hpcE_2
[15:37:39] Fixed 2 duplicate /gene - betA_1 betA_2
[15:37:39] Fixed 5 duplicate /gene - yxeP_1 yxeP_2 yxeP_3 yxeP_4 yxeP_5
[15:37:39] Fixed 3 duplicate /gene - klcA_1 klcA_2 klcA_3
[15:37:39] Fixed 2 duplicate /gene - ycbV_1 ycbV_2
[15:37:39] Fixed 2 duplicate /gene - ada_1 ada_2
[15:37:39] Fixed 4 duplicate /gene - xylB_1 xylB_2 xylB_3 xylB_4
[15:37:39] Fixed 2 duplicate /gene - gmuD_1 gmuD_2
[15:37:39] Fixed 2 duplicate /gene - can_1 can_2
[15:37:39] Fixed 2 duplicate /gene - garP_1 garP_2
[15:37:39] Fixed 2 duplicate /gene - mtnD_1 mtnD_2
[15:37:39] Fixed 2 duplicate /gene - ppiC_1 ppiC_2
[15:37:39] Fixed 2 duplicate /gene - bsdC_1 bsdC_2
[15:37:39] Fixed 2 duplicate /gene - ptrA_1 ptrA_2
[15:37:39] Fixed 2 duplicate /gene - lyx_1 lyx_2
[15:37:39] Fixed 2 duplicate /gene - hns_1 hns_2
[15:37:39] Fixed 2 duplicate /gene - pckA_1 pckA_2
[15:37:39] Fixed 2 duplicate /gene - dgoT_1 dgoT_2
[15:37:39] Fixed 2 duplicate /gene - ftsI_1 ftsI_2
[15:37:39] Fixed 2 duplicate /gene - gltA_1 gltA_2
[15:37:39] Fixed 2 duplicate /gene - ydjZ_1 ydjZ_2
[15:37:39] Fixed 2 duplicate /gene - hin_1 hin_2
[15:37:39] Fixed 2 duplicate /gene - ddpD_1 ddpD_2
[15:37:39] Fixed 3 duplicate /gene - dnaT_1 dnaT_2 dnaT_3
[15:37:39] Fixed 4 duplicate /gene - yicJ_1 yicJ_2 yicJ_3 yicJ_4
[15:37:39] Fixed 2 duplicate /gene - imm_1 imm_2
[15:37:39] Fixed 2 duplicate /gene - gatC_1 gatC_2
[15:37:39] Fixed 4 duplicate /gene - exuT_1 exuT_2 exuT_3 exuT_4
[15:37:39] Fixed 2 duplicate /gene - galM_1 galM_2
[15:37:39] Fixed 2 duplicate /gene - qorA_1 qorA_2
[15:37:39] Fixed 2 duplicate /gene - artQ_1 artQ_2
[15:37:39] Fixed 3 duplicate /gene - ant1_1 ant1_2 ant1_3
[15:37:39] Fixed 3 duplicate /gene - gpr_1 gpr_2 gpr_3
[15:37:39] Fixed 3 duplicate /gene - nodD2_1 nodD2_2 nodD2_3
[15:37:39] Fixed 2 duplicate /gene - glpT_1 glpT_2
[15:37:39] Fixed 2 duplicate /gene - yedK_1 yedK_2
[15:37:39] Fixed 8 duplicate /gene - yhdN_1 yhdN_2 yhdN_3 yhdN_4 yhdN_5 yhdN_6 yhdN_7 yhdN_8
[15:37:39] Fixed 2 duplicate /gene - dsbD_1 dsbD_2
[15:37:39] Fixed 4 duplicate /gene - malP_1 malP_2 malP_3 malP_4
[15:37:39] Fixed 2 duplicate /gene - yicI_1 yicI_2
[15:37:39] Fixed 4 duplicate /gene - soxS_1 soxS_2 soxS_3 soxS_4
[15:37:39] Fixed 4 duplicate /gene - ascG_1 ascG_2 ascG_3 ascG_4
[15:37:39] Fixed 2 duplicate /gene - apbE_1 apbE_2
[15:37:39] Fixed 4 duplicate /gene - gsiC_1 gsiC_2 gsiC_3 gsiC_4
[15:37:39] Fixed 3 duplicate /gene - nfdA_1 nfdA_2 nfdA_3
[15:37:39] Fixed 3 duplicate /gene - ydcR_1 ydcR_2 ydcR_3
[15:37:39] Fixed 2 duplicate /gene - bamB_1 bamB_2
[15:37:39] Fixed 2 duplicate /gene - murQ_1 murQ_2
[15:37:39] Fixed 3 duplicate /gene - traA_1 traA_2 traA_3
[15:37:39] Fixed 3 duplicate /gene - acrB_1 acrB_2 acrB_3
[15:37:39] Fixed 2 duplicate /gene - adrB_1 adrB_2
[15:37:39] Fixed 3 duplicate /gene - gmuB_1 gmuB_2 gmuB_3
[15:37:39] Fixed 2 duplicate /gene - zntB_1 zntB_2
[15:37:39] Fixed 2 duplicate /gene - ccmH_1 ccmH_2
[15:37:39] Fixed 3 duplicate /gene - epsJ_1 epsJ_2 epsJ_3
[15:37:39] Fixed 2 duplicate /gene - ugpC_1 ugpC_2
[15:37:39] Fixed 2 duplicate /gene - msbA_1 msbA_2
[15:37:39] Fixed 3 duplicate /gene - mdh_1 mdh_2 mdh_3
[15:37:39] Fixed 2 duplicate /gene - pld_1 pld_2
[15:37:39] Fixed 2 duplicate /gene - phoR_1 phoR_2
[15:37:39] Fixed 4 duplicate /gene - ttuB_1 ttuB_2 ttuB_3 ttuB_4
[15:37:39] Fixed 2 duplicate /gene - exsA_1 exsA_2
[15:37:39] Fixed 3 duplicate /gene - osmY_1 osmY_2 osmY_3
[15:37:39] Fixed 2 duplicate /gene - chuR_1 chuR_2
[15:37:39] Fixed 2 duplicate /gene - amaB_1 amaB_2
[15:37:39] Fixed 2 duplicate /gene - pduA_1 pduA_2
[15:37:39] Fixed 5 duplicate /gene - ssuC_1 ssuC_2 ssuC_3 ssuC_4 ssuC_5
[15:37:39] Fixed 4 duplicate /gene - lamB_1 lamB_2 lamB_3 lamB_4
[15:37:39] Fixed 2 duplicate /gene - phoC_1 phoC_2
[15:37:39] Fixed 2 duplicate /gene - pphA_1 pphA_2
[15:37:39] Fixed 3 duplicate /gene - metN_1 metN_2 metN_3
[15:37:39] Fixed 2 duplicate /gene - malF_1 malF_2
[15:37:39] Fixed 2 duplicate /gene - mltD_1 mltD_2
[15:37:39] Fixed 2 duplicate /gene - clpB_1 clpB_2
[15:37:39] Fixed 2 duplicate /gene - lsrF_1 lsrF_2
[15:37:39] Fixed 2 duplicate /gene - tyrB_1 tyrB_2
[15:37:39] Fixed 3 duplicate /gene - gudP_1 gudP_2 gudP_3
[15:37:39] Fixed 2 duplicate /gene - kstR2_1 kstR2_2
[15:37:39] Fixed 3 duplicate /gene - ssuB_1 ssuB_2 ssuB_3
[15:37:39] Fixed 3 duplicate /gene - proP_1 proP_2 proP_3
[15:37:39] Fixed 2 duplicate /gene - astA_1 astA_2
[15:37:39] Fixed 5 duplicate /gene - lacY_1 lacY_2 lacY_3 lacY_4 lacY_5
[15:37:39] Fixed 2 duplicate /gene - fkpA_1 fkpA_2
[15:37:39] Fixed 3 duplicate /gene - fhuC_1 fhuC_2 fhuC_3
[15:37:39] Fixed 7 duplicate /gene - rbsA_1 rbsA_2 rbsA_3 rbsA_4 rbsA_5 rbsA_6 rbsA_7
[15:37:39] Fixed 3 duplicate /gene - arsC_1 arsC_2 arsC_3
[15:37:39] Fixed 2 duplicate /gene - rhmD_1 rhmD_2
[15:37:39] Fixed 2 duplicate /gene - cysG_1 cysG_2
[15:37:39] Fixed 4 duplicate /gene - glcR_1 glcR_2 glcR_3 glcR_4
[15:37:39] Fixed 2 duplicate /gene - cusR_1 cusR_2
[15:37:39] Fixed 13 duplicate /gene - fabG_1 fabG_2 fabG_3 fabG_4 fabG_5 fabG_6 fabG_7 fabG_8 fabG_9 fabG_10 fabG_11 fabG_12 fabG_13
[15:37:39] Fixed 3 duplicate /gene - holE_1 holE_2 holE_3
[15:37:39] Fixed 2 duplicate /gene - nlpD_1 nlpD_2
[15:37:39] Fixed 2 duplicate /gene - tuf1_1 tuf1_2
[15:37:39] Fixed 2 duplicate /gene - cdaR_1 cdaR_2
[15:37:39] Fixed 2 duplicate /gene - ycjS_1 ycjS_2
[15:37:39] Fixed 2 duplicate /gene - gap_1 gap_2
[15:37:39] Fixed 2 duplicate /gene - lon_1 lon_2
[15:37:39] Fixed 3 duplicate /gene - fhuA_1 fhuA_2 fhuA_3
[15:37:39] Fixed 2 duplicate /gene - yafP_1 yafP_2
[15:37:39] Fixed 2 duplicate /gene - xylF_1 xylF_2
[15:37:39] Fixed 2 duplicate /gene - xylG_1 xylG_2
[15:37:39] Fixed 3 duplicate /gene - bglA_1 bglA_2 bglA_3
[15:37:39] Fixed 2 duplicate /gene - tyrP_1 tyrP_2
[15:37:39] Fixed 8 duplicate /gene - gcvA_1 gcvA_2 gcvA_3 gcvA_4 gcvA_5 gcvA_6 gcvA_7 gcvA_8
[15:37:39] Fixed 2 duplicate /gene - tnpR_1 tnpR_2
[15:37:39] Fixed 2 duplicate /gene - rcnB_1 rcnB_2
[15:37:39] Fixed 2 duplicate /gene - ogt_1 ogt_2
[15:37:39] Fixed 2 duplicate /gene - sotB_1 sotB_2
[15:37:39] Fixed 5 duplicate /gene - metQ_1 metQ_2 metQ_3 metQ_4 metQ_5
[15:37:39] Fixed 4 duplicate /gene - oppF_1 oppF_2 oppF_3 oppF_4
[15:37:39] Fixed 2 duplicate /gene - clcA_1 clcA_2
[15:37:39] Fixed 2 duplicate /gene - fadR_1 fadR_2
[15:37:39] Fixed 2 duplicate /gene - rutC_1 rutC_2
[15:37:39] Fixed 2 duplicate /gene - azr_1 azr_2
[15:37:39] Fixed 3 duplicate /gene - ssb_1 ssb_2 ssb_3
[15:37:39] Fixed 2 duplicate /gene - exbD_1 exbD_2
[15:37:39] Fixed 2 duplicate /gene - vapC_1 vapC_2
[15:37:39] Fixed 2 duplicate /gene - malG_1 malG_2
[15:37:39] Fixed 2 duplicate /gene - silE_1 silE_2
[15:37:39] Fixed 3 duplicate /gene - ynfM_1 ynfM_2 ynfM_3
[15:37:39] Fixed 2 duplicate /gene - astB_1 astB_2
[15:37:39] Fixed 3 duplicate /gene - phoP_1 phoP_2 phoP_3
[15:37:39] Fixed 2 duplicate /gene - nagB_1 nagB_2
[15:37:39] Fixed 3 duplicate /gene - dauA_1 dauA_2 dauA_3
[15:37:39] Fixed 5 duplicate /gene - rbsK_1 rbsK_2 rbsK_3 rbsK_4 rbsK_5
[15:37:39] Fixed 4 duplicate /gene - ygdR_1 ygdR_2 ygdR_3 ygdR_4
[15:37:39] Fixed 2 duplicate /gene - tehB_1 tehB_2
[15:37:39] Fixed 4 duplicate /gene - cysW_1 cysW_2 cysW_3 cysW_4
[15:37:39] Fixed 2 duplicate /gene - yhjE_1 yhjE_2
[15:37:39] Fixed 3 duplicate /gene - ddpC_1 ddpC_2 ddpC_3
[15:37:39] Fixed 3 duplicate /gene - cydB_1 cydB_2 cydB_3
[15:37:39] Fixed 4 duplicate /gene - ulaC_1 ulaC_2 ulaC_3 ulaC_4
[15:37:39] Fixed 2 duplicate /gene - oprF_1 oprF_2
[15:37:39] Fixed 5 duplicate /gene - dinB_1 dinB_2 dinB_3 dinB_4 dinB_5
[15:37:39] Fixed 3 duplicate /gene - fruB_1 fruB_2 fruB_3
[15:37:39] Fixed 2 duplicate /gene - ccpA_1 ccpA_2
[15:37:39] Fixed 3 duplicate /gene - lptB_1 lptB_2 lptB_3
[15:37:39] Fixed 2 duplicate /gene - sdaC_1 sdaC_2
[15:37:39] Fixed 2 duplicate /gene - tabA_1 tabA_2
[15:37:39] Fixed 2 duplicate /gene - bamA_1 bamA_2
[15:37:39] Fixed 2 duplicate /gene - mdtK_1 mdtK_2
[15:37:39] Fixed 3 duplicate /gene - ybhF_1 ybhF_2 ybhF_3
[15:37:39] Fixed 4 duplicate /gene - rob_1 rob_2 rob_3 rob_4
[15:37:39] Fixed 2 duplicate /gene - kefC_1 kefC_2
[15:37:39] Fixed 2 duplicate /gene - nudK_1 nudK_2
[15:37:39] Fixed 4 duplicate /gene - araB_1 araB_2 araB_3 araB_4
[15:37:39] Fixed 2 duplicate /gene - pbpG_1 pbpG_2
[15:37:39] Fixed 2 duplicate /gene - treA_1 treA_2
[15:37:39] Fixed 2 duplicate /gene - mrkD_1 mrkD_2
[15:37:39] Fixed 3 duplicate /gene - slyA_1 slyA_2 slyA_3
[15:37:39] Fixed 2 duplicate /gene - aaeB_1 aaeB_2
[15:37:39] Fixed 5 duplicate /gene - cph2_1 cph2_2 cph2_3 cph2_4 cph2_5
[15:37:39] Fixed 2 duplicate /gene - cbdA_1 cbdA_2
[15:37:39] Fixed 2 duplicate /gene - ddpA_1 ddpA_2
[15:37:39] Fixed 2 duplicate /gene - xynB_1 xynB_2
[15:37:39] Fixed 2 duplicate /gene - bcsA_1 bcsA_2
[15:37:39] Fixed 5 duplicate /gene - srlR_1 srlR_2 srlR_3 srlR_4 srlR_5
[15:37:39] Fixed 2 duplicate /gene - eutC_1 eutC_2
[15:37:39] Fixed 3 duplicate /gene - ompR_1 ompR_2 ompR_3
[15:37:39] Fixed 2 duplicate /gene - proY_1 proY_2
[15:37:39] Fixed 3 duplicate /gene - gsiD_1 gsiD_2 gsiD_3
[15:37:39] Fixed 2 duplicate /gene - folP_1 folP_2
[15:37:39] Fixed 2 duplicate /gene - parM_1 parM_2
[15:37:39] Fixed 4 duplicate /gene - oppD_1 oppD_2 oppD_3 oppD_4
[15:37:39] Fixed 2 duplicate /gene - astE_1 astE_2
[15:37:39] Fixed 2 duplicate /gene - fabD_1 fabD_2
[15:37:39] Fixed 2 duplicate /gene - ydaF_1 ydaF_2
[15:37:39] Fixed 2 duplicate /gene - bcr_1 bcr_2
[15:37:39] Fixed 2 duplicate /gene - dadA_1 dadA_2
[15:37:39] Fixed 3 duplicate /gene - phnE_1 phnE_2 phnE_3
[15:37:39] Fixed 2 duplicate /gene - lacG_1 lacG_2
[15:37:39] Fixed 2 duplicate /gene - yofA_1 yofA_2
[15:37:39] Fixed 2 duplicate /gene - topB_1 topB_2
[15:37:39] Fixed 2 duplicate /gene - ydiB_1 ydiB_2
[15:37:39] Fixed 4 duplicate /gene - manX_1 manX_2 manX_3 manX_4
[15:37:39] Fixed 2 duplicate /gene - astD_1 astD_2
[15:37:39] Fixed 3 duplicate /gene - thlA_1 thlA_2 thlA_3
[15:37:39] Fixed 2 duplicate /gene - leuO_1 leuO_2
[15:37:39] Fixed 2 duplicate /gene - ugpA_1 ugpA_2
[15:37:39] Fixed 2 duplicate /gene - fusA_1 fusA_2
[15:37:39] Fixed 2 duplicate /gene - betT_1 betT_2
[15:37:39] Fixed 2 duplicate /gene - acoR_1 acoR_2
[15:37:39] Fixed 4 duplicate /gene - fimC_1 fimC_2 fimC_3 fimC_4
[15:37:39] Fixed 2 duplicate /gene - fucA_1 fucA_2
[15:37:39] Fixed 2 duplicate /gene - tqsA_1 tqsA_2
[15:37:39] Fixed 4 duplicate /gene - ybbH_1 ybbH_2 ybbH_3 ybbH_4
[15:37:39] Fixed 2 duplicate /gene - dhaT_1 dhaT_2
[15:37:39] Fixed 3 duplicate /gene - yeaP_1 yeaP_2 yeaP_3
[15:37:39] Fixed 2 duplicate /gene - blc_1 blc_2
[15:37:39] Fixed 2 duplicate /gene - abgB_1 abgB_2
[15:37:39] Fixed 2 duplicate /gene - ywrO_1 ywrO_2
[15:37:39] Fixed 3 duplicate /gene - ydcV_1 ydcV_2 ydcV_3
[15:37:39] Fixed 3 duplicate /gene - cusS_1 cusS_2 cusS_3
[15:37:39] Fixed 2 duplicate /gene - uxaB_1 uxaB_2
[15:37:39] Fixed 2 duplicate /gene - yoaD_1 yoaD_2
[15:37:39] Fixed 4 duplicate /gene - rbsB_1 rbsB_2 rbsB_3 rbsB_4
[15:37:39] Fixed 3 duplicate /gene - codA_1 codA_2 codA_3
[15:37:39] Fixed 2 duplicate /gene - yhhW_1 yhhW_2
[15:37:39] Fixed 2 duplicate /gene - gltD_1 gltD_2
[15:37:39] Fixed 2 duplicate /gene - yybR_1 yybR_2
[15:37:39] Fixed 2 duplicate /gene - ybhR_1 ybhR_2
[15:37:39] Fixed 2 duplicate /gene - feaB_1 feaB_2
[15:37:39] Fixed 2 duplicate /gene - mdtM_1 mdtM_2
[15:37:39] Fixed 3 duplicate /gene - manY_1 manY_2 manY_3
[15:37:39] Fixed 3 duplicate /gene - arsA_1 arsA_2 arsA_3
[15:37:39] Fixed 2 duplicate /gene - ydgJ_1 ydgJ_2
[15:37:39] Fixed 2 duplicate /gene - mdtP_1 mdtP_2
[15:37:39] Fixed 2 duplicate /gene - pyrG_1 pyrG_2
[15:37:39] Fixed 2 duplicate /gene - cydA_1 cydA_2
[15:37:39] Fixed 2 duplicate /gene - uhpA_1 uhpA_2
[15:37:39] Fixed 2 duplicate /gene - yhjH_1 yhjH_2
[15:37:39] Fixed 6 duplicate /gene - gltC_1 gltC_2 gltC_3 gltC_4 gltC_5 gltC_6
[15:37:39] Fixed 2 duplicate /gene - por_1 por_2
[15:37:39] Fixed 2 duplicate /gene - hemN_1 hemN_2
[15:37:39] Fixed 3 duplicate /gene - dxs_1 dxs_2 dxs_3
[15:37:39] Fixed 6 duplicate /gene - ltrA_1 ltrA_2 ltrA_3 ltrA_4 ltrA_5 ltrA_6
[15:37:39] Fixed 2 duplicate /gene - artJ_1 artJ_2
[15:37:39] Fixed 10 duplicate /gene - cynR_1 cynR_2 cynR_3 cynR_4 cynR_5 cynR_6 cynR_7 cynR_8 cynR_9 cynR_10
[15:37:39] Fixed 2 duplicate /gene - lacC_1 lacC_2
[15:37:39] Fixed 2 duplicate /gene - gltR_1 gltR_2
[15:37:39] Fixed 2 duplicate /gene - livJ_1 livJ_2
[15:37:39] Fixed 3 duplicate /gene - yjcC_1 yjcC_2 yjcC_3
[15:37:39] Fixed 2 duplicate /gene - copA_1 copA_2
[15:37:39] Fixed 3 duplicate /gene - malK_1 malK_2 malK_3
[15:37:39] Fixed 2 duplicate /gene - mak_1 mak_2
[15:37:39] Fixed 2 duplicate /gene - pspB_1 pspB_2
[15:37:39] Fixed 3 duplicate /gene - ptsG_1 ptsG_2 ptsG_3
[15:37:39] Fixed 2 duplicate /gene - emrB_1 emrB_2
[15:37:39] Fixed 2 duplicate /gene - ddrA_1 ddrA_2
[15:37:39] Fixed 2 duplicate /gene - pheP_1 pheP_2
[15:37:39] Fixed 2 duplicate /gene - virB1_1 virB1_2
[15:37:39] Fixed 2 duplicate /gene - bdcA_1 bdcA_2
[15:37:39] Fixed 3 duplicate /gene - garK_1 garK_2 garK_3
[15:37:39] Fixed 2 duplicate /gene - puuB_1 puuB_2
[15:37:39] Fixed 2 duplicate /gene - yiaW_1 yiaW_2
[15:37:39] Fixed 2 duplicate /gene - phnD_1 phnD_2
[15:37:39] Fixed 4 duplicate /gene - pcaR_1 pcaR_2 pcaR_3 pcaR_4
[15:37:39] Fixed 3 duplicate /gene - cytR_1 cytR_2 cytR_3
[15:37:39] Fixed 2 duplicate /gene - yvqK_1 yvqK_2
[15:37:39] Fixed 2 duplicate /gene - ycaD_1 ycaD_2
[15:37:39] Fixed 2 duplicate /gene - map_1 map_2
[15:37:39] Fixed 2 duplicate /gene - yfcG_1 yfcG_2
[15:37:39] Fixed 2 duplicate /gene - rhtB_1 rhtB_2
[15:37:39] Fixed 2 duplicate /gene - marR_1 marR_2
[15:37:39] Fixed 4 duplicate /gene - yheS_1 yheS_2 yheS_3 yheS_4
[15:37:39] Fixed 2 duplicate /gene - rluA_1 rluA_2
[15:37:39] Fixed 2 duplicate /gene - artM_1 artM_2
[15:37:39] Fixed 2 duplicate /gene - eutB_1 eutB_2
[15:37:39] Fixed 2 duplicate /gene - dctA_1 dctA_2
[15:37:39] Fixed 2 duplicate /gene - ybdO_1 ybdO_2
[15:37:39] Fixed 3 duplicate /gene - hmuU_1 hmuU_2 hmuU_3
[15:37:39] Fixed 2 duplicate /gene - hrpB_1 hrpB_2
[15:37:39] Fixed 2 duplicate /gene - yjiR_1 yjiR_2
[15:37:39] Fixed 2 duplicate /gene - fabF_1 fabF_2
[15:37:39] Fixed 2 duplicate /gene - cra_1 cra_2
[15:37:39] Fixed 2 duplicate /gene - rnfC_1 rnfC_2
[15:37:39] Fixed 3 duplicate /gene - garR_1 garR_2 garR_3
[15:37:39] Fixed 2 duplicate /gene - cusF_1 cusF_2
[15:37:39] Fixed 2 duplicate /gene - mdtH_1 mdtH_2
[15:37:39] Fixed 6 duplicate /gene - oxyR_1 oxyR_2 oxyR_3 oxyR_4 oxyR_5 oxyR_6
[15:37:39] Fixed 2 duplicate /gene - sinR_1 sinR_2
[15:37:39] Fixed 6 duplicate /gene - licC_1 licC_2 licC_3 licC_4 licC_5 licC_6
[15:37:39] Fixed 2 duplicate /gene - virB_1 virB_2
[15:37:39] Fixed 3 duplicate /gene - ecpD_1 ecpD_2 ecpD_3
[15:37:39] Fixed 2 duplicate /gene - msuD_1 msuD_2
[15:37:39] Fixed 2 duplicate /gene - hiuH_1 hiuH_2
[15:37:39] Fixed 2 duplicate /gene - glpF_1 glpF_2
[15:37:39] Fixed 4 duplicate /gene - metI_1 metI_2 metI_3 metI_4
[15:37:39] Fixed 2 duplicate /gene - kduD_1 kduD_2
[15:37:39] Fixed 2 duplicate /gene - nuoI_1 nuoI_2
[15:37:39] Fixed 2 duplicate /gene - pduE_1 pduE_2
[15:37:39] Fixed 3 duplicate /gene - glnH_1 glnH_2 glnH_3
[15:37:39] Fixed 2 duplicate /gene - pduD_1 pduD_2
[15:37:39] Fixed 2 duplicate /gene - ydjH_1 ydjH_2
[15:37:39] Fixed 28 duplicate /gene - dmlR_1 dmlR_2 dmlR_3 dmlR_4 dmlR_5 dmlR_6 dmlR_7 dmlR_8 dmlR_9 dmlR_10 dmlR_11 dmlR_12 dmlR_13 dmlR_14 dmlR_15 dmlR_16 dmlR_17 dmlR_18 dmlR_19 dmlR_20 dmlR_21 dmlR_22 dmlR_23 dmlR_24 dmlR_25 dmlR_26 dmlR_27 dmlR_28
[15:37:39] Fixed 2 duplicate /gene - oppA_1 oppA_2
[15:37:39] Fixed 2 duplicate /gene - zraR_1 zraR_2
[15:37:39] Fixed 2 duplicate /gene - ctpF_1 ctpF_2
[15:37:39] Fixed 2 duplicate /gene - ibpA_1 ibpA_2
[15:37:39] Fixed 2 duplicate /gene - ugpB_1 ugpB_2
[15:37:39] Fixed 4 duplicate /gene - intA_1 intA_2 intA_3 intA_4
[15:37:39] Fixed 2 duplicate /gene - yidP_1 yidP_2
[15:37:39] Fixed 2 duplicate /gene - dmsB_1 dmsB_2
[15:37:39] Fixed 2 duplicate /gene - ytfQ_1 ytfQ_2
[15:37:39] Fixed 2 duplicate /gene - selA_1 selA_2
[15:37:39] Fixed 6 duplicate /gene - allS_1 allS_2 allS_3 allS_4 allS_5 allS_6
[15:37:39] Fixed 2 duplicate /gene - arsD_1 arsD_2
[15:37:39] Fixed 2 duplicate /gene - kefF_1 kefF_2
[15:37:39] Fixed 4 duplicate /gene - rbsR_1 rbsR_2 rbsR_3 rbsR_4
[15:37:39] Fixed 2 duplicate /gene - pncC_1 pncC_2
[15:37:39] Fixed 3 duplicate /gene - fbaA_1 fbaA_2 fbaA_3
[15:37:39] Fixed 3 duplicate /gene - gabR_1 gabR_2 gabR_3
[15:37:39] Fixed 2 duplicate /gene - soj_1 soj_2
[15:37:39] Fixed 2 duplicate /gene - cbl_1 cbl_2
[15:37:39] Fixed 2 duplicate /gene - cysJ_1 cysJ_2
[15:37:39] Fixed 3 duplicate /gene - gbpR_1 gbpR_2 gbpR_3
[15:37:39] Fixed 2 duplicate /gene - degS_1 degS_2
[15:37:39] Fixed 2 duplicate /gene - pchR_1 pchR_2
[15:37:39] Fixed 2 duplicate /gene - fucP_1 fucP_2
[15:37:39] Fixed 3 duplicate /gene - ydhP_1 ydhP_2 ydhP_3
[15:37:39] Fixed 2 duplicate /gene - envZ_1 envZ_2
[15:37:39] Fixed 2 duplicate /gene - cmpC_1 cmpC_2
[15:37:39] Fixed 3 duplicate /gene - glnP_1 glnP_2 glnP_3
[15:37:39] Fixed 2 duplicate /gene - nhaK_1 nhaK_2
[15:37:39] Fixed 4 duplicate /gene - pkn1_1 pkn1_2 pkn1_3 pkn1_4
[15:37:39] Fixed 2 duplicate /gene - nepI_1 nepI_2
[15:37:39] Fixed 3 duplicate /gene - ssuA_1 ssuA_2 ssuA_3
[15:37:39] Fixed 2 duplicate /gene - lacZ_1 lacZ_2
[15:37:39] Fixed 3 duplicate /gene - higA_1 higA_2 higA_3
[15:37:39] Fixed 2 duplicate /gene - minD_1 minD_2
[15:37:39] Fixed 2 duplicate /gene - exbB_1 exbB_2
[15:37:39] Fixed 2 duplicate /gene - yibF_1 yibF_2
[15:37:39] Fixed 3 duplicate /gene - kdgR_1 kdgR_2 kdgR_3
[15:37:39] Fixed 2 duplicate /gene - ppa_1 ppa_2
[15:37:39] Fixed 2 duplicate /gene - rstB_1 rstB_2
[15:37:39] Fixed 2 duplicate /gene - hflK_1 hflK_2
[15:37:39] Fixed 5 duplicate /gene - xerC_1 xerC_2 xerC_3 xerC_4 xerC_5
[15:37:39] Fixed 2 duplicate /gene - recF_1 recF_2
[15:37:39] Fixed 2 duplicate /gene - kgtP_1 kgtP_2
[15:37:39] Fixed 2 duplicate /gene - ompN_1 ompN_2
[15:37:39] Fixed 2 duplicate /gene - aroG_1 aroG_2
[15:37:39] Fixed 2 duplicate /gene - licH_1 licH_2
[15:37:39] Fixed 2 duplicate /gene - cysA_1 cysA_2
[15:37:39] Fixed 3 duplicate /gene - glvR_1 glvR_2 glvR_3
[15:37:39] Fixed 2 duplicate /gene - dusC_1 dusC_2
[15:37:39] Fixed 2 duplicate /gene - citA_1 citA_2
[15:37:39] Fixed 4 duplicate /gene - chbA_1 chbA_2 chbA_3 chbA_4
[15:37:39] Fixed 2 duplicate /gene - mobA_1 mobA_2
[15:37:39] Fixed 4 duplicate /gene - manZ_1 manZ_2 manZ_3 manZ_4
[15:37:39] Fixed 2 duplicate /gene - epsE_1 epsE_2
[15:37:39] Fixed 3 duplicate /gene - mglB_1 mglB_2 mglB_3
[15:37:39] Fixed 4 duplicate /gene - corC_1 corC_2 corC_3 corC_4
[15:37:39] Fixed 2 duplicate /gene - tsaA_1 tsaA_2
[15:37:39] Fixed 5 duplicate /gene - lexA_1 lexA_2 lexA_3 lexA_4 lexA_5
[15:37:39] Fixed 2 duplicate /gene - dmsC_1 dmsC_2
[15:37:39] Fixed 2 duplicate /gene - nasD_1 nasD_2
[15:37:39] Fixed 2 duplicate /gene - proQ_1 proQ_2
[15:37:39] Fixed 2 duplicate /gene - guaA_1 guaA_2
[15:37:39] Fixed 2 duplicate /gene - betI_1 betI_2
[15:37:39] Fixed 4 duplicate /gene - hcpA_1 hcpA_2 hcpA_3 hcpA_4
[15:37:39] Fixed 3 duplicate /gene - rhaS_1 rhaS_2 rhaS_3
[15:37:39] Fixed 2 duplicate /gene - fecA_1 fecA_2
[15:37:39] Fixed 2 duplicate /gene - uxuA_1 uxuA_2
[15:37:39] Fixed 2 duplicate /gene - mdtA_1 mdtA_2
[15:37:39] Fixed 2 duplicate /gene - yohK_1 yohK_2
[15:37:39] Fixed 3 duplicate /gene - xylA_1 xylA_2 xylA_3
[15:37:39] Fixed 3 duplicate /gene - mepS_1 mepS_2 mepS_3
[15:37:39] Fixed 4 duplicate /gene - yecS_1 yecS_2 yecS_3 yecS_4
[15:37:39] Fixed 2 duplicate /gene - hisQ_1 hisQ_2
[15:37:39] Fixed 3 duplicate /gene - lsrD_1 lsrD_2 lsrD_3
[15:37:39] Fixed 2 duplicate /gene - cusC_1 cusC_2
[15:37:39] Fixed 3 duplicate /gene - gsiB_1 gsiB_2 gsiB_3
[15:37:39] Fixed 2 duplicate /gene - adaA_1 adaA_2
[15:37:39] Fixed 2 duplicate /gene - traD_1 traD_2
[15:37:39] Fixed 3 duplicate /gene - araC_1 araC_2 araC_3
[15:37:39] Fixed 3 duplicate /gene - yibH_1 yibH_2 yibH_3
[15:37:39] Fixed 2 duplicate /gene - alsE_1 alsE_2
[15:37:39] Fixed 2 duplicate /gene - mepM_1 mepM_2
[15:37:39] Fixed 2 duplicate /gene - ureR_1 ureR_2
[15:37:39] Fixed 3 duplicate /gene - lsrB_1 lsrB_2 lsrB_3
[15:37:39] Fixed 2 duplicate /gene - bin3_1 bin3_2
[15:37:39] Fixed 2 duplicate /gene - gldA_1 gldA_2
[15:37:39] Fixed 2 duplicate /gene - pspF_1 pspF_2
[15:37:39] Fixed 3 duplicate /gene - dapA_1 dapA_2 dapA_3
[15:37:39] Fixed 3 duplicate /gene - yhbU_1 yhbU_2 yhbU_3
[15:37:39] Fixed 3 duplicate /gene - lacI_1 lacI_2 lacI_3
[15:37:39] Fixed 2 duplicate /gene - bcsB_1 bcsB_2
[15:37:39] Fixed 2 duplicate /gene - cobB_1 cobB_2
[15:37:39] Fixed 3 duplicate /gene - glmS_1 glmS_2 glmS_3
[15:37:39] Fixed 4 duplicate /gene - fimA_1 fimA_2 fimA_3 fimA_4
[15:37:39] Fixed 2 duplicate /gene - epsF_1 epsF_2
[15:37:39] Fixed 2 duplicate /gene - ulaB_1 ulaB_2
[15:37:39] Fixed 2 duplicate /gene - aaeA_1 aaeA_2
[15:37:39] Fixed 2 duplicate /gene - csgD_1 csgD_2
[15:37:39] Fixed 2 duplicate /gene - yqjA_1 yqjA_2
[15:37:39] Fixed 2 duplicate /gene - ptsI_1 ptsI_2
[15:37:39] Fixed 4 duplicate /gene - iolE_1 iolE_2 iolE_3 iolE_4
[15:37:39] Fixed 2 duplicate /gene - sorC_1 sorC_2
[15:37:39] Fixed 2 duplicate /gene - yfkN_1 yfkN_2
[15:37:39] Fixed 2 duplicate /gene - topA_1 topA_2
[15:37:39] Fixed 5 duplicate /gene - bla_1 bla_2 bla_3 bla_4 bla_5
[15:37:39] Fixed 5 duplicate /gene - xerD_1 xerD_2 xerD_3 xerD_4 xerD_5
[15:37:39] Fixed 2 duplicate /gene - dapE_1 dapE_2
[15:37:39] Fixed 2 duplicate /gene - gntR_1 gntR_2
[15:37:39] Fixed 2 duplicate /gene - yfgF_1 yfgF_2
[15:37:39] Fixed 3 duplicate /gene - amiC_1 amiC_2 amiC_3
[15:37:39] Fixed 2 duplicate /gene - cobT_1 cobT_2
[15:37:39] Fixed 2 duplicate /gene - hydN_1 hydN_2
[15:37:39] Fixed 5 duplicate /gene - yusV_1 yusV_2 yusV_3 yusV_4 yusV_5
[15:37:39] Fixed 2 duplicate /gene - limB_1 limB_2
[15:37:39] Fixed 2 duplicate /gene - dam_1 dam_2
[15:37:39] Fixed 3 duplicate /gene - yjjL_1 yjjL_2 yjjL_3
[15:37:39] Fixed 2 duplicate /gene - tusA_1 tusA_2
[15:37:39] Fixed 4 duplicate /gene - pcaK_1 pcaK_2 pcaK_3 pcaK_4
[15:37:39] Fixed 2 duplicate /gene - fdoG_1 fdoG_2
[15:37:39] Fixed 2 duplicate /gene - gutB_1 gutB_2
[15:37:39] Fixed 3 duplicate /gene - ylpA_1 ylpA_2 ylpA_3
[15:37:39] Fixed 2 duplicate /gene - fdnG_1 fdnG_2
[15:37:39] Fixed 2 duplicate /gene - virB4_1 virB4_2
[15:37:39] Fixed 4 duplicate /gene - intS_1 intS_2 intS_3 intS_4
[15:37:39] Fixed 2 duplicate /gene - spo0C_1 spo0C_2
[15:37:39] Fixed 4 duplicate /gene - adhE_1 adhE_2 adhE_3 adhE_4
[15:37:39] Fixed 2 duplicate /gene - phnV_1 phnV_2
[15:37:39] Fixed 2 duplicate /gene - metC_1 metC_2
[15:37:39] Fixed 2 duplicate /gene - dnaK_1 dnaK_2
[15:37:39] Fixed 3 duplicate /gene - lldR_1 lldR_2 lldR_3
[15:37:39] Fixed 2 duplicate /gene - fepA_1 fepA_2
[15:37:39] Fixed 2 duplicate /gene - hmuT_1 hmuT_2
[15:37:39] Fixed 2 duplicate /gene - pduV_1 pduV_2
[15:37:39] Fixed 4 duplicate /gene - cmpR_1 cmpR_2 cmpR_3 cmpR_4
[15:37:39] Fixed 3 duplicate /gene - afr_1 afr_2 afr_3
[15:37:39] Fixed 2 duplicate /gene - gpx1_1 gpx1_2
[15:37:39] Fixed 2 duplicate /gene - ghrA_1 ghrA_2
[15:37:39] Fixed 4 duplicate /gene - gstB_1 gstB_2 gstB_3 gstB_4
[15:37:39] Fixed 3 duplicate /gene - uidB_1 uidB_2 uidB_3
[15:37:39] Fixed 3 duplicate /gene - dnaB_1 dnaB_2 dnaB_3
[15:37:39] Fixed 3 duplicate /gene - traM_1 traM_2 traM_3
[15:37:39] Fixed 2 duplicate /gene - emrA_1 emrA_2
[15:37:39] Fixed 2 duplicate /gene - sorB_1 sorB_2
[15:37:39] Fixed 2 duplicate /gene - dhaK_1 dhaK_2
[15:37:39] Fixed 2 duplicate /gene - macA_1 macA_2
[15:37:39] Fixed 4 duplicate /gene - fdhF_1 fdhF_2 fdhF_3 fdhF_4
[15:37:39] Fixed 2 duplicate /gene - dinG_1 dinG_2
[15:37:39] Fixed 5 duplicate /gene - fimD_1 fimD_2 fimD_3 fimD_4 fimD_5
[15:37:39] Fixed 2 duplicate /gene - ldhA_1 ldhA_2
[15:37:39] Fixed 2 duplicate /gene - xanP_1 xanP_2
[15:37:39] Fixed 2 duplicate /gene - catD_1 catD_2
[15:37:39] Fixed 7 duplicate /gene - fliY_1 fliY_2 fliY_3 fliY_4 fliY_5 fliY_6 fliY_7
[15:37:39] Fixed 2 duplicate /gene - mdtN_1 mdtN_2
[15:37:39] Fixed 4 duplicate /gene - benM_1 benM_2 benM_3 benM_4
[15:37:39] Fixed 2 duplicate /gene - oprM_1 oprM_2
[15:37:39] Fixed 3 duplicate /gene - frlB_1 frlB_2 frlB_3
[15:37:39] Fixed 2 duplicate /gene - deoC_1 deoC_2
[15:37:39] Fixed 4 duplicate /gene - hsrA_1 hsrA_2 hsrA_3 hsrA_4
[15:37:39] Fixed 3 duplicate /gene - scrY_1 scrY_2 scrY_3
[15:37:39] Fixed 2 duplicate /gene - aroP_1 aroP_2
[15:37:39] Fixed 2 duplicate /gene - arsB_1 arsB_2
[15:37:39] Fixed 2 duplicate /gene - cfa_1 cfa_2
[15:37:39] Fixed 2 duplicate /gene - agp_1 agp_2
[15:37:39] Fixed 2 duplicate /gene - yccS_1 yccS_2
[15:37:39] Fixed 2 duplicate /gene - yabI_1 yabI_2
[15:37:39] Fixed 2 duplicate /gene - appA_1 appA_2
[15:37:39] Fixed 2 duplicate /gene - ydfK_1 ydfK_2
[15:37:39] Fixed 2 duplicate /gene - htrE_1 htrE_2
[15:37:39] Fixed 3 duplicate /gene - mglA_1 mglA_2 mglA_3
[15:37:39] Fixed 2 duplicate /gene - ycgF_1 ycgF_2
[15:37:39] Fixed 3 duplicate /gene - rhtC_1 rhtC_2 rhtC_3
[15:37:39] Fixed 3 duplicate /gene - suhB_1 suhB_2 suhB_3
[15:37:39] Fixed 2 duplicate /gene - cpdA_1 cpdA_2
[15:37:39] Fixed 5 duplicate /gene - potA_1 potA_2 potA_3 potA_4 potA_5
[15:37:39] Fixed 2 duplicate /gene - clcD_1 clcD_2
[15:37:39] Fixed 6 duplicate /gene - glpR_1 glpR_2 glpR_3 glpR_4 glpR_5 glpR_6
[15:37:39] Fixed 2 duplicate /gene - uspG_1 uspG_2
[15:37:39] Fixed 2 duplicate /gene - acrR_1 acrR_2
[15:37:39] Fixed 2 duplicate /gene - hcaR_1 hcaR_2
[15:37:39] Fixed 3 duplicate /gene - ydjE_1 ydjE_2 ydjE_3
[15:37:39] Fixed 2 duplicate /gene - cusA_1 cusA_2
[15:37:39] Fixed 3 duplicate /gene - rrrD_1 rrrD_2 rrrD_3
[15:37:39] Fixed 2 duplicate /gene - yfiH_1 yfiH_2
[15:37:39] Fixed 2 duplicate /gene - efe_1 efe_2
[15:37:39] Fixed 4 duplicate /gene - lrp_1 lrp_2 lrp_3 lrp_4
[15:37:39] Fixed 2 duplicate /gene - lldD_1 lldD_2
[15:37:39] Fixed 2 duplicate /gene - fieF_1 fieF_2
[15:37:39] Fixed 2 duplicate /gene - ftnA_1 ftnA_2
[15:37:39] Fixed 2 duplicate /gene - stpA_1 stpA_2
[15:37:39] Fixed 2 duplicate /gene - ybdG_1 ybdG_2
[15:37:39] Fixed 4 duplicate /gene - cdhR_1 cdhR_2 cdhR_3 cdhR_4
[15:37:39] Fixed 2 duplicate /gene - dgoA_1 dgoA_2
[15:37:39] Fixed 3 duplicate /gene - traI_1 traI_2 traI_3
[15:37:39] Fixed 2 duplicate /gene - azoR_1 azoR_2
[15:37:39] Fixed 2 duplicate /gene - ycfD_1 ycfD_2
[15:37:39] Fixed 2 duplicate /gene - rfaH_1 rfaH_2
[15:37:39] Fixed 3 duplicate /gene - dinI_1 dinI_2 dinI_3
[15:37:39] Fixed 556 colliding /gene names.
[15:37:39] Adding /locus_tag identifiers
[15:37:39] Assigned 5679 locus_tags to CDS and RNA features.
[15:37:39] Writing outputs to /home/fatemeh/Desktop/prokka/ERS227112/
[15:37:51] Generating annotation statistics file
[15:37:51] Generating Genbank and Sequin files
[15:37:51] Running: tbl2asn -V b -a r10k -l paired-ends -M n -N 1 -y 'Annotated using prokka 1.11 from http://www.vicbioinformatics.com' -Z \/home\/fatemeh\/Desktop\/prokka\/ERS227112\/ERS227112_03082017\.err -i \/home\/fatemeh\/Desktop\/prokka\/ERS227112\/ERS227112_03082017\.fsa 2> /dev/null
[15:38:07] Could not run command: tbl2asn -V b -a r10k -l paired-ends -M n -N 1 -y 'Annotated using prokka 1.11 from http://www.vicbioinformatics.com' -Z \/home\/fatemeh\/Desktop\/prokka\/ERS227112\/ERS227112_03082017\.err -i \/home\/fatemeh\/Desktop\/prokka\/ERS227112\/ERS227112_03082017\.fsa 2> /dev/null
