[17:29:24] Command: --outdir results/prokka/SEN --locustag SEN --genus Salmonella --species Enterica --kingdom Bacteria --gram neg /home/fatemeh/EnTrI/data/fasta-genome/chromosome/SEN.fa
[17:29:24] Looking for 'aragorn' - found /usr/bin/aragorn
[17:29:24] Determined aragorn version is 1.2
[17:29:24] Looking for 'blastp' - found /usr/bin/blastp
[17:29:24] Determined blastp version is 2.2
[17:29:24] Looking for 'cmpress' - found /usr/local/bin/cmpress
[17:29:24] Determined cmpress version is 1.1
[17:29:24] Looking for 'cmscan' - found /usr/local/bin/cmscan
[17:29:24] Determined cmscan version is 1.1
[17:29:24] Looking for 'egrep' - found /bin/egrep
[17:29:24] Looking for 'find' - found /usr/bin/find
[17:29:24] Looking for 'grep' - found /bin/grep
[17:29:24] Looking for 'hmmpress' - found /usr/local/bin/hmmpress
[17:29:24] Determined hmmpress version is 3.1
[17:29:24] Looking for 'hmmscan' - found /usr/local/bin/hmmscan
[17:29:24] Determined hmmscan version is 3.1
[17:29:24] Looking for 'less' - found /usr/bin/less
[17:29:24] Looking for 'makeblastdb' - found /usr/bin/makeblastdb
[17:29:24] Determined makeblastdb version is 2.2
[17:29:24] Looking for 'minced' - found /home/fatemeh/program-bank/prokka-1.11/bin/../binaries/linux/../common/minced
[17:29:24] Determined minced version is 1.6
[17:29:24] Looking for 'parallel' - found /usr/bin/parallel
[17:29:25] Determined parallel version is 20130922
[17:29:25] Looking for 'prodigal' - found /usr/bin/prodigal
[17:29:25] Determined prodigal version is 2.6
[17:29:25] Looking for 'prokka-genbank_to_fasta_db' - found /home/fatemeh/program-bank/prokka-1.11/bin/prokka-genbank_to_fasta_db
[17:29:25] Looking for 'sed' - found /bin/sed
[17:29:25] Looking for 'signalp' - found /home/fatemeh/program-bank/signalp
[17:29:25] Determined signalp version is 4.1
[17:29:25] Looking for 'tbl2asn' - found /home/fatemeh/program-bank/tbl2asn
[17:29:25] Determined tbl2asn version is 23.9
[17:29:25] Using genetic code table 11.
[17:29:25] Loading and checking input file: /home/fatemeh/EnTrI/data/fasta-genome/chromosome/SEN.fa
[17:29:26] Wrote 1 contigs
[17:29:26] Predicting tRNAs and tmRNAs
[17:29:26] Running: aragorn -gc11  -w results\/prokka\/SEN\/SEN_03142017\.fna
[17:29:30] 1 tRNA-Ile [295802,295878] 35 (gat)
[17:29:30] 2 tRNA-Ala [295990,296065] 34 (tgc)
[17:29:30] 3 tRNA-Asp [299796,299872] 35 (gtc)
[17:29:30] 4 tRNA-Asp [309235,309311] 35 (gtc)
[17:29:30] 5 tRNA-Thr [348278,348353] 34 (cgt)
[17:29:30] 6 tRNA-Arg [593038,593114] 35 (tct)
[17:29:30] 7 tRNA-Gln c[709865,709939] 33 (ctg)
[17:29:30] 8 tRNA-Gln c[709983,710057] 33 (ctg)
[17:29:30] 9 tRNA-Met c[710104,710180] 35 (cat)
[17:29:30] 10 tRNA-Gln c[710196,710270] 33 (ttg)
[17:29:30] 11 tRNA-Gln c[710306,710380] 33 (ttg)
[17:29:30] 12 tRNA-Leu c[710404,710488] 35 (tag)
[17:29:30] 13 tRNA-Met c[710497,710573] 35 (cat)
[17:29:30] 14 tRNA-Lys [777990,778065] 34 (ttt)
[17:29:30] 15 tRNA-Val [778202,778277] 34 (tac)
[17:29:30] 16 tRNA-Lys [778281,778356] 34 (ttt)
[17:29:30] 17 tRNA-Lys [778496,778571] 34 (ttt)
[17:29:30] 18 tRNA-Lys [778706,778781] 34 (ttt)
[17:29:30] 19 tRNA-Ser c[942532,942619] 35 (gga)
[17:29:30] 20 tRNA-Ser [1053174,1053261] 35 (tga)
[17:29:30] 21 tRNA-Ala [1108154,1108240] 38 (ggc)
[17:29:30] 22 tRNA-Gly [1159404,1159479] 34 (gcc)
[17:29:30] 23 tRNA-Cys [1159531,1159604] 33 (gca)
[17:29:30] 24 tRNA-Leu [1159616,1159702] 35 (taa)
[17:29:30] 25 tRNA-Tyr c[1363553,1363637] 35 (gta)
[17:29:30] 26 tRNA-Tyr c[1363848,1363932] 35 (gta)
[17:29:30] 27 tRNA-Val [1727425,1727501] 35 (gac)
[17:29:30] 28 tRNA-Val [1727512,1727588] 35 (gac)
[17:29:30] 29 tRNA-Arg c[1892973,1893049] 35 (tct)
[17:29:30] 30 tRNA-Arg c[1905412,1905488] 35 (cct)
[17:29:30] 31 tRNA-Ser [2013860,2013947] 35 (gga)
[17:29:30] 32 tRNA-Ser c[2059062,2059151] 35 (cga)
[17:29:30] 33 tRNA-Asn [2060138,2060213] 34 (gtt)
[17:29:30] 34 tRNA-Asn [2061108,2061183] 34 (gtt)
[17:29:30] 35 tRNA-Asn c[2097572,2097647] 34 (gtt)
[17:29:30] 36 tRNA-Asn [2099405,2099480] 34 (gtt)
[17:29:30] 37 tRNA-Pro [2334282,2334358] 35 (ggg)
[17:29:30] 38 tRNA-Arg [2499887,2499961] 34 (cct)
[17:29:30] 39 tRNA-Ala c[2527992,2528067] 34 (ggc)
[17:29:30] 40 tRNA-Ala c[2528110,2528185] 34 (ggc)
[17:29:30] 41 tRNA-Val [2530891,2530966] 34 (tac)
[17:29:30] 42 tRNA-Val [2531012,2531087] 34 (tac)
[17:29:30] 43 tRNA-Val [2531129,2531204] 34 (tac)
[17:29:30] 44 tRNA-Lys [2531209,2531284] 34 (ttt)
[17:29:30] 45 tRNA-Glu c[2752128,2752203] 35 (ttc)
[17:29:30] 46 tmRNA [2796059,2796421] 91,126 ANDETYALAA**
[17:29:30] 47 tRNA-Arg c[2854720,2854796] 35 (acg)
[17:29:30] 48 tRNA-Arg c[2854990,2855066] 35 (acg)
[17:29:30] 49 tRNA-Arg c[2855128,2855204] 35 (acg)
[17:29:30] 50 tRNA-Ser c[2855208,2855300] 35 (gct)
[17:29:30] 51 tRNA-Met [3029750,3029826] 35 (cat)
[17:29:30] 52 tRNA-Met [3029856,3029932] 35 (cat)
[17:29:30] 53 tRNA-Gly c[3085409,3085482] 33 (ccc)
[17:29:30] 54 tRNA-Phe [3164105,3164180] 34 (gaa)
[17:29:30] 55 tRNA-Met [3266956,3267031] 34 (cat)
[17:29:30] 56 tRNA-Met c[3340537,3340613] 35 (cat)
[17:29:30] 57 tRNA-Leu c[3343502,3343588] 35 (gag)
[17:29:30] 58 tRNA-Thr c[3448524,3448599] 34 (ggt)
[17:29:30] 59 tRNA-Glu c[3451923,3451998] 35 (ttc)
[17:29:30] 60 tRNA-Pro c[3701419,3701495] 35 (cgg)
[17:29:30] 61 tRNA-seC [3828859,3828953] 35 (tca)
[17:29:30] 62 tRNA-Glu [3972112,3972187] 35 (ttc)
[17:29:30] 63 tRNA-Asp [3975655,3975731] 35 (gtc)
[17:29:30] 64 tRNA-Trp [3975740,3975815] 34 (cca)
[17:29:30] 65 tRNA-Arg [4011298,4011374] 35 (ccg)
[17:29:30] 66 tRNA-His [4011429,4011504] 34 (gtg)
[17:29:30] 67 tRNA-Ser [4011525,4011611] 35 (cag)
[17:29:30] 68 tRNA-Pro [4011654,4011730] 35 (tgg)
[17:29:30] 69 tRNA-Ile [4066509,4066585] 35 (gat)
[17:29:30] 70 tRNA-Ala [4066697,4066772] 34 (tgc)
[17:29:30] 71 tRNA-Ile [4225036,4225112] 35 (gat)
[17:29:30] 72 tRNA-Ala [4225224,4225299] 34 (tgc)
[17:29:30] 73 tRNA-Thr [4232254,4232329] 34 (tgt)
[17:29:30] 74 tRNA-Tyr [4232338,4232422] 35 (gta)
[17:29:30] 75 tRNA-Gly [4232539,4232613] 34 (tcc)
[17:29:30] 76 tRNA-Thr [4232620,4232695] 34 (ggt)
[17:29:30] 77 tRNA-Glu [4268506,4268581] 35 (ttc)
[17:29:30] 78 tRNA-Phe c[4421873,4421948] 34 (gaa)
[17:29:30] 79 tRNA-Gly [4451713,4451788] 34 (gcc)
[17:29:30] 80 tRNA-Gly [4451945,4452020] 34 (gcc)
[17:29:30] 81 tRNA-Gly [4452177,4452252] 34 (gcc)
[17:29:30] 82 tRNA-Leu [4566120,4566204] 35 (caa)
[17:29:30] 83 tRNA-Ser c[4642850,4642936] 35 (cag)
[17:29:30] 84 tRNA-Ser c[4642968,4643054] 35 (cag)
[17:29:30] 85 tRNA-Ser c[4643082,4643168] 35 (cag)
[17:29:30] 86 tRNA-Gly [4670513,4670606] 38 (ccc)
[17:29:30] Found 86 tRNAs
[17:29:30] Predicting Ribosomal RNAs
[17:29:30] You need either Barrnap or RNAmmer installed to predict rRNAs!
[17:29:30] Skipping ncRNA search, enable with --rfam if desired.
[17:29:30] Total of 85 tRNA + rRNA features
[17:29:30] Searching for CRISPR repeats
[17:29:32] CRISPR1 AM933172 2961370 with 9 spacers
[17:29:32] CRISPR2 AM933172 2978040 with 11 spacers
[17:29:32] Found 2 CRISPRs
[17:29:32] Predicting coding sequences
[17:29:32] Contigs total 4685848 bp, so using single mode
[17:29:32] Running: prodigal -i results\/prokka\/SEN\/SEN_03142017\.fna -c -m -g 11 -p single -f sco -q
[17:29:52] Excluding CDS which overlaps existing RNA (tRNA) at AM933172:1107409..1109931 on - strand
[17:30:04] Excluding CDS which overlaps existing RNA (tRNA) at AM933172:4566005..4566211 on - strand
[17:30:05] Excluding CDS which overlaps existing RNA (tRNA) at AM933172:4670202..4670849 on + strand
[17:30:05] Found 4359 CDS
[17:30:05] Connecting features back to sequences
[17:30:05] Looking for signal peptides at start of predicted proteins
[17:30:05] Treating Bacteria as gram-
[17:30:15] Running: signalp -t gram- -f short  results\/prokka\/SEN\/signalp\.faa 2> /dev/null
[17:42:09] Found 421 signal peptides
[17:42:09] Deleting unwanted file: results/prokka/SEN/signalp.faa
[17:42:09] Not using genus-specific database. Try --usegenus to enable it.
[17:42:09] Annotating CDS, please be patient.
[17:42:09] Will use 4 CPUs for similarity searching.
[17:42:18] There are still 4359 unannotated CDS left (started with 4359)
[17:42:18] Will use blast to search against /home/fatemeh/program-bank/prokka-1.11/bin/../db/kingdom/Bacteria/sprot with 4 CPUs
[17:42:18] Running: cat results\/prokka\/SEN\/sprot\.faa | parallel --gnu --plain -j 4 --block 173057 --recstart '>' --pipe blastp -query - -db /home/fatemeh/program-bank/prokka-1.11/bin/../db/kingdom/Bacteria/sprot -evalue 1e-06 -num_threads 1 -num_descriptions 1 -num_alignments 1 -seg no > results\/prokka\/SEN\/sprot\.blast 2> /dev/null
[17:54:13] Modify product: Probable L,D-transpeptidase YnhG precursor => putative L,D-transpeptidase YnhG precursor
[17:54:13] Modify product: Probable ATP-dependent transporter SufC => putative ATP-dependent transporter SufC
[17:54:13] Modify product: Uncharacterized FAD-linked oxidoreductase Rv2280 => putative FAD-linked oxidoreductase
[17:54:13] Modify product: Uncharacterized sugar kinase YdjH => putative sugar kinase YdjH
[17:54:13] Modify product: Probable fructose-bisphosphate aldolase => putative fructose-bisphosphate aldolase
[17:54:13] Modify product: Uncharacterized oxidoreductase YtbE => putative oxidoreductase YtbE
[17:54:13] Modify product: Stress response UPF0229 protein YhbH => hypothetical protein
[17:54:13] Modify product: Probable two-component-system connector protein AriR => putative two-component-system connector protein AriR
[17:54:13] Modify product: Cytochrome b561 homolog 1 => hypothetical protein
[17:54:13] Modify product: Probable L,D-transpeptidase YcfS precursor => putative L,D-transpeptidase YcfS precursor
[17:54:13] Modify product: Uncharacterized deoxyribonuclease YcfH => putative deoxyribonuclease YcfH
[17:54:13] Modify product: Probable peptidoglycan biosynthesis protein MurJ => putative peptidoglycan biosynthesis protein MurJ
[17:54:13] Modify product: Uncharacterized lipoprotein YceB precursor => putative lipoprotein YceB precursor
[17:54:13] Modify product: Cytochrome b561 homolog 2 => hypothetical protein
[17:54:13] Modify product: Probable cardiolipin synthase YwiE => putative cardiolipin synthase YwiE
[17:54:13] Modify product: Probable phosphatase YcdX => putative phosphatase YcdX
[17:54:13] Modify product: Uncharacterized HTH-type transcriptional regulator HI_1476 => putative HTH-type transcriptional regulator
[17:54:13] Modify product: Probable L,D-transpeptidase ErfK/SrfK precursor => putative L,D-transpeptidase ErfK/SrfK precursor
[17:54:13] Modify product: Probable cobalt-precorrin-6Y C(15)-methyltransferase [decarboxylating] => putative cobalt-precorrin-6Y C(15)-methyltransferase [decarboxylating]
[17:54:13] Modify product: Probable cobalt-precorrin-6Y C(5)-methyltransferase => putative cobalt-precorrin-6Y C(5)-methyltransferase
[17:54:13] Modify product: Carbon dioxide-concentrating mechanism protein CcmK homolog 1 => hypothetical protein
[17:54:13] Modify product: Carbon dioxide-concentrating mechanism protein CcmK homolog 2 => hypothetical protein
[17:54:13] Modify product: Probable propionate kinase => putative propionate kinase
[17:54:13] Modify product: Uncharacterized ferredoxin-like protein YdhX precursor => putative ferredoxin-like protein YdhX precursor
[17:54:14] Modify product: Uncharacterized sugar transferase EpsL => putative sugar transferase EpsL
[17:54:14] Modify product: Putative acetyltransferase SACOL2570 => Putative acetyltransferase
[17:54:14] Modify product: PGL/p-HBAD biosynthesis glycosyltransferase Rv2957/MT3031 => PGL/p-HBAD biosynthesis glycosyltransferase/MT3031
[17:54:14] Modify product: Probable diguanylate cyclase YegE => putative diguanylate cyclase YegE
[17:54:14] Modify product: Uncharacterized protease YhbU precursor => putative protease YhbU precursor
[17:54:14] Modify product: Probable lipid kinase YegS => putative lipid kinase YegS
[17:54:14] Modify product: Uncharacterized sugar kinase YdjH => putative sugar kinase YdjH
[17:54:14] Modify product: Uncharacterized HTH-type transcriptional regulator YegW => putative HTH-type transcriptional regulator YegW
[17:54:14] Modify product: Uncharacterized lipoprotein YehR precursor => putative lipoprotein YehR precursor
[17:54:14] Modify product: Uncharacterized lipoprotein YehR precursor => putative lipoprotein YehR precursor
[17:54:14] Modify product: Probable transcriptional regulatory protein YebC => putative transcriptional regulatory protein YebC
[17:54:14] Modify product: Uncharacterized HTH-type transcriptional regulator YbbH => putative HTH-type transcriptional regulator YbbH
[17:54:14] Modify product: Uncharacterized inner membrane transporter YedA => putative inner membrane transporter YedA
[17:54:14] Modify product: Probable manganese efflux pump MntP => putative manganese efflux pump MntP
[17:54:14] Modify product: Probable ATP-dependent helicase DinG => putative ATP-dependent helicase DinG
[17:54:14] Modify product: Probable S-adenosyl-L-methionine-dependent methyltransferase TehB => putative S-adenosyl-L-methionine-dependent methyltransferase TehB
[17:54:14] Modify product: Probable Ni/Fe-hydrogenase 1 B-type cytochrome subunit => putative Ni/Fe-hydrogenase 1 B-type cytochrome subunit
[17:54:15] Modify product: Uncharacterized acyl-CoA thioester hydrolase HI_0827 => putative acyl-CoA thioester hydrolase
[17:54:15] Modify product: Probable intracellular septation protein A => putative intracellular septation protein A
[17:54:15] Modify product: Uncharacterized oxidoreductase YciK => putative oxidoreductase YciK
[17:54:15] Modify product: Probable protease SohB => putative protease SohB
[17:54:15] Modify product: Probable D,D-dipeptide transport ATP-binding protein DdpD => putative D,D-dipeptide transport ATP-binding protein DdpD
[17:54:15] Modify product: Uncharacterized oxidoreductase YtbE => putative oxidoreductase YtbE
[17:54:15] Modify product: Uncharacterized lipoprotein YgdR precursor => putative lipoprotein YgdR precursor
[17:54:15] Modify product: Probable thiol peroxidase => putative thiol peroxidase
[17:54:15] Modify product: Probable DNA endonuclease SmrA => putative DNA endonuclease SmrA
[17:54:15] Modify product: Uncharacterized protease YhbU precursor => putative protease YhbU precursor
[17:54:15] Modify product: Uncharacterized HTH-type transcriptional regulator YdcR => putative HTH-type transcriptional regulator YdcR
[17:54:15] Modify product: Uncharacterized lipoprotein YgdR precursor => putative lipoprotein YgdR precursor
[17:54:15] Modify product: Uncharacterized isomerase YddE => putative isomerase YddE
[17:54:15] Modify product: Probable nitrate reductase molybdenum cofactor assembly chaperone NarW => putative nitrate reductase molybdenum cofactor assembly chaperone NarW
[17:54:15] Modify product: Uncharacterized zinc-type alcohol dehydrogenase-like protein YjmD => putative zinc-type alcohol dehydrogenase-like protein YjmD
[17:54:15] Modify product: Probable Ni/Fe-hydrogenase 1 B-type cytochrome subunit => putative Ni/Fe-hydrogenase 1 B-type cytochrome subunit
[17:54:15] Modify product: Probable amino-acid metabolite efflux pump => putative amino-acid metabolite efflux pump
[17:54:15] Modify product: Uncharacterized HTH-type transcriptional regulator YdfH => putative HTH-type transcriptional regulator YdfH
[17:54:15] Modify product: Uncharacterized zinc-type alcohol dehydrogenase-like protein YjmD => putative zinc-type alcohol dehydrogenase-like protein YjmD
[17:54:15] Modify product: Probable dimethyl sulfoxide reductase chain YnfF precursor => putative dimethyl sulfoxide reductase chain YnfF precursor
[17:54:15] Modify product: DNA replication terminus site-binding protein => hypothetical protein
[17:54:15] Modify product: Uncharacterized oxidoreductase YdgJ => putative oxidoreductase YdgJ
[17:54:15] Modify product: Probable ATP synthase YscN => putative ATP synthase YscN
[17:54:16] Modify product: Uncharacterized HTH-type transcriptional regulator YbdO => putative HTH-type transcriptional regulator YbdO
[17:54:16] Modify product: Probable outer membrane usher protein ElfC precursor => putative outer membrane usher protein ElfC precursor
[17:54:16] Modify product: Uncharacterized fimbrial-like protein ElfG precursor => putative fimbrial-like protein ElfG precursor
[17:54:16] Modify product: Uncharacterized fimbrial-like protein YcbU precursor => putative fimbrial-like protein YcbU precursor
[17:54:16] Modify product: Uncharacterized fimbrial-like protein YcbV precursor => putative fimbrial-like protein YcbV precursor
[17:54:16] Modify product: Uncharacterized fimbrial chaperone YcbF precursor => putative fimbrial chaperone YcbF precursor
[17:54:16] Modify product: Uncharacterized lipoprotein YgdR precursor => putative lipoprotein YgdR precursor
[17:54:16] Modify product: Uncharacterized fimbrial-like protein ElfG precursor => putative fimbrial-like protein ElfG precursor
[17:54:16] Modify product: Probable tRNA (adenine(37)-N6)-methyltransferase => putative tRNA (adenine(37)-N6)-methyltransferase
[17:54:16] Modify product: Uncharacterized methyltransferase YcgJ => putative methyltransferase YcgJ
[17:54:16] Modify product: Probable deoxyribonuclease RhsA => putative deoxyribonuclease RhsA
[17:54:16] Modify product: Probable diguanylate cyclase AdrA => putative diguanylate cyclase AdrA
[17:54:17] Modify product: Probable peroxiredoxin => putative peroxiredoxin
[17:54:17] Modify product: Uncharacterized lipoprotein YajI precursor => putative lipoprotein YajI precursor
[17:54:17] Modify product: Probable siderophore biosynthesis protein SbnA => putative siderophore biosynthesis protein SbnA
[17:54:17] Modify product: Probable multidrug resistance ABC transporter ATP-binding/permease protein YheI => putative multidrug resistance ABC transporter ATP-binding/permease protein YheI
[17:54:17] Modify product: Uncharacterized membrane protein YjcC => putative membrane protein YjcC
[17:54:17] Modify product: Uncharacterized ABC transporter ATP-binding protein YbbL => putative ABC transporter ATP-binding protein YbbL
[17:54:17] Modify product: Probable sulfoacetate transporter SauU => putative sulfoacetate transporter SauU
[17:54:17] Modify product: Bifunctional protein FolD => Bifunctional protein FolD protein
[17:54:17] Modify product: Uncharacterized fimbrial-like protein ElfG precursor => putative fimbrial-like protein ElfG precursor
[17:54:17] Modify product: Bactoprenol glucosyl transferase homolog from prophage CPS-53 => hypothetical protein
[17:54:17] Modify product: Bactoprenol-linked glucose translocase homolog from prophage CPS-53 => hypothetical protein
[17:54:17] Modify product: Probable copper-binding protein PcoE precursor => putative copper-binding protein PcoE precursor
[17:54:17] Modify product: Probable siderophore transport system ATP-binding protein YusV => putative siderophore transport system ATP-binding protein YusV
[17:54:17] Modify product: Uncharacterized HTH-type transcriptional regulator YbdO => putative HTH-type transcriptional regulator YbdO
[17:54:17] Modify product: Uncharacterized HTH-type transcriptional regulator YbdO => putative HTH-type transcriptional regulator YbdO
[17:54:17] Modify product: Probable glutamine ABC transporter permease protein GlnM => putative glutamine ABC transporter permease protein GlnM
[17:54:17] Modify product: Uncharacterized lipoprotein ChiQ precursor => putative lipoprotein ChiQ precursor
[17:54:17] Modify product: Probable siderophore transport system ATP-binding protein YusV => putative siderophore transport system ATP-binding protein YusV
[17:54:17] Modify product: Uncharacterized ABC transporter ATP-binding protein YlmA => putative ABC transporter ATP-binding protein YlmA
[17:54:18] Modify product: Uncharacterized ABC transporter ATP-binding protein YbhF => putative ABC transporter ATP-binding protein YbhF
[17:54:18] Modify product: Probable ATP-dependent helicase DinG => putative ATP-dependent helicase DinG
[17:54:18] Modify product: Probable L,D-transpeptidase YbiS precursor => putative L,D-transpeptidase YbiS precursor
[17:54:18] Modify product: Uncharacterized ABC transporter ATP-binding protein YheS => putative ABC transporter ATP-binding protein YheS
[17:54:18] Modify product: Uncharacterized lipoprotein YbjP precursor => putative lipoprotein YbjP precursor
[17:54:18] Modify product: Probable multidrug resistance ABC transporter ATP-binding/permease protein YheH => putative multidrug resistance ABC transporter ATP-binding/permease protein YheH
[17:54:18] Modify product: Uncharacterized MFS-type transporter YcaD => putative MFS-type transporter YcaD
[17:54:18] Modify product: Probable formate transporter 1 => putative formate transporter 1
[17:54:18] Modify product: Probable metallo-hydrolase M6_Spy0554 => putative metallo-hydrolase
[17:54:18] Modify product: Probable sensor-like histidine kinase YedV => putative sensor-like histidine kinase YedV
[17:54:18] Modify product: Probable transcriptional regulatory protein YedW => putative transcriptional regulatory protein YedW
[17:54:18] Modify product: Uncharacterized HTH-type transcriptional regulator YbbH => putative HTH-type transcriptional regulator YbbH
[17:54:18] Modify product: Uncharacterized inner membrane transporter YedA => putative inner membrane transporter YedA
[17:54:18] Modify product: Probable diguanylate cyclase YedQ => putative diguanylate cyclase YedQ
[17:54:19] Modify product: Probable aromatic acid decarboxylase => putative aromatic acid decarboxylase
[17:54:19] Modify product: Uncharacterized fimbrial-like protein ElfG precursor => putative fimbrial-like protein ElfG precursor
[17:54:19] Modify product: Probable glucarate transporter => putative glucarate transporter
[17:54:19] Modify product: Uncharacterized lipoprotein YgdR precursor => putative lipoprotein YgdR precursor
[17:54:19] Modify product: Uncharacterized lipoprotein YgdR precursor => putative lipoprotein YgdR precursor
[17:54:19] Modify product: Uncharacterized oxidoreductase YjmC => putative oxidoreductase YjmC
[17:54:19] Modify product: Probable Fe(2+)-trafficking protein => putative Fe(2+)-trafficking protein
[17:54:19] Modify product: Uncharacterized membrane protein YdfK => putative membrane protein YdfK
[17:54:19] Modify product: Virulence protein STM3117 => Virulence protein
[17:54:19] Modify product: Probable Ni/Fe-hydrogenase 2 b-type cytochrome subunit => putative Ni/Fe-hydrogenase 2 b-type cytochrome subunit
[17:54:19] Modify product: Uncharacterized oxidoreductase YghA => putative oxidoreductase YghA
[17:54:19] Modify product: Probable quinol monooxygenase YgiN => putative quinol monooxygenase YgiN
[17:54:19] Modify product: Probable glycerol-3-phosphate acyltransferase => putative glycerol-3-phosphate acyltransferase
[17:54:19] Modify product: Uncharacterized protease YhbU precursor => putative protease YhbU precursor
[17:54:19] Modify product: Transcription termination/antitermination protein NusA => hypothetical protein
[17:54:20] Modify product: Uncharacterized inner membrane transporter YhbE => putative inner membrane transporter YhbE
[17:54:20] Modify product: Probable phospholipid ABC transporter-binding protein MlaB => putative phospholipid ABC transporter-binding protein MlaB
[17:54:20] Modify product: Probable phospholipid-binding protein MlaC precursor => putative phospholipid-binding protein MlaC precursor
[17:54:20] Modify product: Probable phospholipid ABC transporter-binding protein MlaD => putative phospholipid ABC transporter-binding protein MlaD
[17:54:20] Modify product: Probable phospholipid ABC transporter permease protein MlaE => putative phospholipid ABC transporter permease protein MlaE
[17:54:20] Modify product: Probable phospholipid import ATP-binding protein MlaF => putative phospholipid import ATP-binding protein MlaF
[17:54:20] Modify product: Uncharacterized HTH-type transcriptional regulator YdfH => putative HTH-type transcriptional regulator YdfH
[17:54:20] Modify product: Probable acrylyl-CoA reductase AcuI => putative acrylyl-CoA reductase AcuI
[17:54:20] Modify product: Probable acrEF/envCD operon repressor => putative acrEF/envCD operon repressor
[17:54:20] Modify product: Uncharacterized ABC transporter ATP-binding protein YheS => putative ABC transporter ATP-binding protein YheS
[17:54:20] Modify product: Probable adenosine monophosphate-protein transferase fic => putative adenosine monophosphate-protein transferase fic
[17:54:20] Modify product: Uncharacterized tRNA/rRNA methyltransferase HI_0380 => putative tRNA/rRNA methyltransferase
[17:54:20] Modify product: Uncharacterized HTH-type transcriptional regulator YdfH => putative HTH-type transcriptional regulator YdfH
[17:54:20] Modify product: Uncharacterized HTH-type transcriptional regulator RhmR => putative HTH-type transcriptional regulator RhmR
[17:54:20] Modify product: Probable 4-deoxy-4-formamido-L-arabinose-phosphoundecaprenol deformylase ArnD => putative 4-deoxy-4-formamido-L-arabinose-phosphoundecaprenol deformylase ArnD
[17:54:20] Modify product: Probable 4-amino-4-deoxy-L-arabinose-phosphoundecaprenol flippase subunit ArnE => putative 4-amino-4-deoxy-L-arabinose-phosphoundecaprenol flippase subunit ArnE
[17:54:20] Modify product: Probable 4-amino-4-deoxy-L-arabinose-phosphoundecaprenol flippase subunit ArnF => putative 4-amino-4-deoxy-L-arabinose-phosphoundecaprenol flippase subunit ArnF
[17:54:20] Modify product: Uncharacterized Nudix hydrolase YfcD => putative Nudix hydrolase YfcD
[17:54:20] Modify product: Epimerase family protein SA0724 => Epimerase family protein
[17:54:20] Modify product: Probable phospholipid-binding lipoprotein MlaA precursor => putative phospholipid-binding lipoprotein MlaA precursor
[17:54:20] Modify product: Bactoprenol-linked glucose translocase homolog from prophage CPS-53 => hypothetical protein
[17:54:20] Modify product: Bactoprenol glucosyl transferase homolog from prophage CPS-53 => hypothetical protein
[17:54:20] Modify product: Uncharacterized HTH-type transcriptional regulator YdcR => putative HTH-type transcriptional regulator YdcR
[17:54:21] Modify product: Probable deferrochelatase/peroxidase YfeX => putative deferrochelatase/peroxidase YfeX
[17:54:21] Modify product: Probable 3-phenylpropionic acid transporter => putative 3-phenylpropionic acid transporter
[17:54:21] Modify product: Probable cadaverine/lysine antiporter => putative cadaverine/lysine antiporter
[17:54:21] Modify product: Probable dipeptide and tripeptide permease YjdL => putative dipeptide and tripeptide permease YjdL
[17:54:21] Modify product: PTS system EIIBC component SA0186 => PTS system EIIBC component
[17:54:21] Modify product: Uncharacterized MFS-type transporter YhjX => putative MFS-type transporter YhjX
[17:54:21] Modify product: Uncharacterized ferredoxin-like protein YfhL => putative ferredoxin-like protein YfhL
[17:54:21] Modify product: Probable diguanylate cyclase YfiN => putative diguanylate cyclase YfiN
[17:54:21] Modify product: Probable inorganic polyphosphate/ATP-NAD kinase => putative inorganic polyphosphate/ATP-NAD kinase
[17:54:21] Modify product: Putative multidrug export ATP-binding/permease protein SAV1866 => Putative multidrug export ATP-binding/permease protein
[17:54:21] Modify product: Probable HTH-type transcriptional regulator YgaV => putative HTH-type transcriptional regulator YgaV
[17:54:21] Modify product: Uncharacterized periplasmic iron-binding protein HI_0362 precursor => putative periplasmic iron-binding protein precursor
[17:54:21] Modify product: Probable ATP synthase SpaL => putative ATP synthase SpaL
[17:54:21] Modify product: Uncharacterized sugar isomerase YihS => putative sugar isomerase YihS
[17:54:21] Modify product: Uncharacterized aldolase YihT => putative aldolase YihT
[17:54:22] Modify product: Uncharacterized aldolase LsrF => putative aldolase LsrF
[17:54:22] Modify product: Transcription termination/antitermination protein NusG => hypothetical protein
[17:54:22] Modify product: Uncharacterized N-acetyltransferase YjaB => putative N-acetyltransferase YjaB
[17:54:22] Modify product: Uncharacterized lipoprotein GfcB precursor => putative lipoprotein GfcB precursor
[17:54:22] Modify product: Probable tRNA-dihydrouridine synthase => putative tRNA-dihydrouridine synthase
[17:54:22] Modify product: Uncharacterized membrane protein YjcC => putative membrane protein YjcC
[17:54:22] Modify product: Uncharacterized ferredoxin-like protein YdhX precursor => putative ferredoxin-like protein YdhX precursor
[17:54:22] Modify product: Probable L-ascorbate-6-phosphate lactonase UlaG => putative L-ascorbate-6-phosphate lactonase UlaG
[17:54:22] Modify product: Probable sulfoacetate transporter SauU => putative sulfoacetate transporter SauU
[17:54:22] Modify product: Probable licABCH operon regulator => putative licABCH operon regulator
[17:54:23] Modify product: Probable transcriptional regulatory protein YeeN => putative transcriptional regulatory protein YeeN
[17:54:23] Modify product: Probable amino-acid racemase => putative amino-acid racemase
[17:54:23] Modify product: Probable type I restriction enzyme BthVORF4518P M protein => putative type I restriction enzymeP M protein
[17:54:23] Modify product: Uncharacterized GTP-binding protein YjiA => putative GTP-binding protein YjiA
[17:54:23] Modify product: Probable phosphotransferase enzyme IIB component M6_Spy0801 => putative phosphotransferase enzyme IIB component
[17:54:23] Modify product: Probable diguanylate cyclase YcdT => putative diguanylate cyclase YcdT
[17:54:23] Modify product: Uncharacterized deoxyribonuclease YjjV => putative deoxyribonuclease YjjV
[17:54:23] Modify product: DNA repair protein RadA homolog => hypothetical protein
[17:54:23] Modify product: Uncharacterized ABC transporter ATP-binding protein YjjK => putative ABC transporter ATP-binding protein YjjK
[17:54:23] Modify product: 60 kDa SS-A/Ro ribonucleoprotein homolog => hypothetical protein
[17:54:23] Modify product: Probable 2-keto-3-deoxy-galactonate aldolase YagE => putative 2-keto-3-deoxy-galactonate aldolase YagE
[17:54:23] Modify product: Uncharacterized HTH-type transcriptional regulator RhmR => putative HTH-type transcriptional regulator RhmR
[17:54:23] Modify product: Uncharacterized oxidoreductase YhhX => putative oxidoreductase YhhX
[17:54:23] Modify product: Phosphotriesterase homology protein => hypothetical protein
[17:54:23] Modify product: Uncharacterized ABC transporter ATP-binding protein YbhF => putative ABC transporter ATP-binding protein YbhF
[17:54:23] Modify product: Uncharacterized fimbrial-like protein ElfG precursor => putative fimbrial-like protein ElfG precursor
[17:54:23] Modify product: Probable outer membrane usher protein ElfC precursor => putative outer membrane usher protein ElfC precursor
[17:54:23] Modify product: Uncharacterized N-acetyltransferase YjaB => putative N-acetyltransferase YjaB
[17:54:23] Modify product: Probable lipoprotein YiaD precursor => putative lipoprotein YiaD precursor
[17:54:23] Modify product: Uncharacterized N-acetyltransferase YafP => putative N-acetyltransferase YafP
[17:54:23] Modify product: Uncharacterized GST-like protein YibF => putative GST-like protein YibF
[17:54:23] Modify product: Probable glucarate transporter => putative glucarate transporter
[17:54:23] Modify product: Uncharacterized glycosyltransferase EpsJ => putative glycosyltransferase EpsJ
[17:54:23] Modify product: Probable poly(glycerol-phosphate) alpha-glucosyltransferase => putative poly(glycerol-phosphate) alpha-glucosyltransferase
[17:54:23] Modify product: Uncharacterized HTH-type transcriptional regulator YbdO => putative HTH-type transcriptional regulator YbdO
[17:54:24] Modify product: Probable DNA double-strand break repair Rad50 ATPase => putative DNA double-strand break repair Rad50 ATPase
[17:54:24] Modify product: Uncharacterized inner membrane transporter YicL => putative inner membrane transporter YicL
[17:54:24] Modify product: Probable sulfoacetate transporter SauU => putative sulfoacetate transporter SauU
[17:54:24] Modify product: Probable adenine permease PurP => putative adenine permease PurP
[17:54:24] Modify product: Shikimate 5-dehydrogenase-like protein HI_0607 => Shikimate 5-dehydrogenase-like protein
[17:54:24] Modify product: Probable transport protein HsrA => putative transport protein HsrA
[17:54:24] Modify product: Probable transport protein HsrA => putative transport protein HsrA
[17:54:24] Modify product: Transcription termination factor Rho => hypothetical protein
[17:54:24] Modify product: Probable transport protein YifK => putative transport protein YifK
[17:54:24] Modify product: Probable protein kinase UbiB => putative protein kinase UbiB
[17:54:24] Modify product: Probable acyltransferase YihG => putative acyltransferase YihG
[17:54:24] Modify product: Probable GTP-binding protein EngB => putative GTP-binding protein EngB
[17:54:24] Cleaned 209 /product names
[17:54:24] Deleting unwanted file: results/prokka/SEN/sprot.faa
[17:54:24] Deleting unwanted file: results/prokka/SEN/sprot.blast
[17:54:26] There are still 1156 unannotated CDS left (started with 4359)
[17:54:26] Will use hmmer3 to search against /home/fatemeh/program-bank/prokka-1.11/bin/../db/hmm/CLUSTERS.hmm with 4 CPUs
[17:54:26] Running: cat results\/prokka\/SEN\/CLUSTERS\.hmm\.faa | parallel --gnu --plain -j 4 --block 32159 --recstart '>' --pipe hmmscan --noali --notextw --acc -E 1e-06 --cpu 1 /home/fatemeh/program-bank/prokka-1.11/bin/../db/hmm/CLUSTERS.hmm /dev/stdin > results\/prokka\/SEN\/CLUSTERS\.hmm\.hmmer3 2> /dev/null
[18:01:21] Deleting unwanted file: results/prokka/SEN/CLUSTERS.hmm.faa
[18:01:21] Deleting unwanted file: results/prokka/SEN/CLUSTERS.hmm.hmmer3
[18:01:23] There are still 814 unannotated CDS left (started with 4359)
[18:01:23] Will use hmmer3 to search against /home/fatemeh/program-bank/prokka-1.11/bin/../db/hmm/HAMAP.hmm with 4 CPUs
[18:01:23] Running: cat results\/prokka\/SEN\/HAMAP\.hmm\.faa | parallel --gnu --plain -j 4 --block 21947 --recstart '>' --pipe hmmscan --noali --notextw --acc -E 1e-06 --cpu 1 /home/fatemeh/program-bank/prokka-1.11/bin/../db/hmm/HAMAP.hmm /dev/stdin > results\/prokka\/SEN\/HAMAP\.hmm\.hmmer3 2> /dev/null
[18:02:49] Deleting unwanted file: results/prokka/SEN/HAMAP.hmm.faa
[18:02:49] Deleting unwanted file: results/prokka/SEN/HAMAP.hmm.hmmer3
[18:02:51] There are still 801 unannotated CDS left (started with 4359)
[18:02:51] Will use hmmer3 to search against /home/fatemeh/program-bank/prokka-1.11/bin/../db/hmm/Pfam.hmm with 4 CPUs
[18:02:51] Running: cat results\/prokka\/SEN\/Pfam\.hmm\.faa | parallel --gnu --plain -j 4 --block 21611 --recstart '>' --pipe hmmscan --noali --notextw --acc -E 1e-06 --cpu 1 /home/fatemeh/program-bank/prokka-1.11/bin/../db/hmm/Pfam.hmm /dev/stdin > results\/prokka\/SEN\/Pfam\.hmm\.hmmer3 2> /dev/null
[18:08:16] Modify product: Transposase IS116/IS110/IS902 family => Transposase IS116/IS110/IS902 family protein
[18:08:16] Modify product: DNA circulation protein N-terminus => hypothetical protein
[18:08:16] Modify product: Phage capsid family => Phage capsid family protein
[18:08:16] Modify product: KilA-N domain => KilA-N domain protein
[18:08:16] Modify product: Conserved phage C-terminus (Phg_2220_C) => hypothetical protein
[18:08:16] Modify product: Ash protein family => Ash protein family protein
[18:08:16] Modify product: DnaJ central domain => DnaJ central domain protein
[18:08:16] Modify product: Phage integrase family => Phage integrase family protein
[18:08:16] Modify product: TIR domain => TIR domain protein
[18:08:16] Modify product: Phage Tail Collar Domain => Phage Tail Collar Domain protein
[18:08:16] Modify product: Phage integrase, N-terminal => hypothetical protein
[18:08:16] Modify product: putative Peptidoglycan domain => putative Peptidoglycan domain protein
[18:08:16] Modify product: DSBA-like thioredoxin domain => DSBA-like thioredoxin domain protein
[18:08:16] Modify product: Transcriptional regulatory protein, C terminal => hypothetical protein
[18:08:16] Modify product: ImpA-related N-terminal => hypothetical protein
[18:08:16] Modify product: Integrase core domain => Integrase core domain protein
[18:08:17] Modify product: Heavy-metal-associated domain => Heavy-metal-associated domain protein
[18:08:17] Modify product: Extensin-like protein C-terminus => hypothetical protein
[18:08:17] Modify product: Glyoxalase-like domain => Glyoxalase-like domain protein
[18:08:17] Modify product: HTH domain => HTH domain protein
[18:08:17] Modify product: Sel1 repeat => Sel1 repeat protein
[18:08:17] Modify product: TraB family => TraB family protein
[18:08:17] Modify product: FtsX-like permease family => FtsX-like permease family protein
[18:08:17] Modify product: Stress-induced bacterial acidophilic repeat motif => Stress-induced bacterial acidophilic repeat motif protein
[18:08:17] Modify product: NmrA-like family => NmrA-like family protein
[18:08:17] Modify product: B3/4 domain => B3/4 domain protein
[18:08:17] Modify product: Phage integrase family => Phage integrase family protein
[18:08:17] Modify product: putative Peptidoglycan domain => putative Peptidoglycan domain protein
[18:08:17] Modify product: Methyltransferase domain => Methyltransferase domain protein
[18:08:17] Modify product: HupF/HypC family => HupF/HypC family protein
[18:08:17] Modify product: Stress-induced bacterial acidophilic repeat motif => Stress-induced bacterial acidophilic repeat motif protein
[18:08:17] Modify product: HrpJ-like domain => HrpJ-like domain protein
[18:08:17] Modify product: Type III secretion needle MxiH like => Type III secretion needle MxiH like protein
[18:08:17] Modify product: Type III secretion needle MxiH like => Type III secretion needle MxiH like protein
[18:08:17] Modify product: Tetratricopeptide repeat => Tetratricopeptide repeat protein
[18:08:17] Modify product: PrkA AAA domain => PrkA AAA domain protein
[18:08:17] Modify product: Isochorismatase family => Isochorismatase family protein
[18:08:17] Modify product: Phage Tail Collar Domain => Phage Tail Collar Domain protein
[18:08:17] Modify product: Transposase IS66 family => Transposase IS66 family protein
[18:08:17] Modify product: DinI-like family => DinI-like family protein
[18:08:17] Modify product: Stress-induced bacterial acidophilic repeat motif => Stress-induced bacterial acidophilic repeat motif protein
[18:08:17] Modify product: YCII-related domain => YCII-related domain protein
[18:08:17] Modify product: Integrase core domain => Integrase core domain protein
[18:08:17] Modify product: Bacteriophage lambda integrase, N-terminal domain => hypothetical protein
[18:08:17] Modify product: Metallo-beta-lactamase superfamily => Metallo-beta-lactamase superfamily protein
[18:08:17] Modify product: Y_Y_Y domain => Y_Y_Y domain protein
[18:08:17] Modify product: Acetyltransferase (GNAT) family => Acetyltransferase (GNAT) family protein
[18:08:17] Modify product: GnsA/GnsB family => GnsA/GnsB family protein
[18:08:17] Modify product: HupH hydrogenase expression protein, C-terminal conserved region => hypothetical protein
[18:08:17] Modify product: DsrE/DsrF-like family => DsrE/DsrF-like family protein
[18:08:17] Modify product: NAD dependent epimerase/dehydratase family => NAD dependent epimerase/dehydratase family protein
[18:08:17] Modify product: Phage tail fibre repeat => Phage tail fibre repeat protein
[18:08:17] Modify product: Alanine racemase, N-terminal domain => hypothetical protein
[18:08:17] Modify product: Helix-turn-helix domain => Helix-turn-helix domain protein
[18:08:17] Modify product: Sodium Bile acid symporter family => Sodium Bile acid symporter family protein
[18:08:17] Modify product: Sel1 repeat => Sel1 repeat protein
[18:08:17] Modify product: Integrase core domain => Integrase core domain protein
[18:08:17] Modify product: NAD-dependent DNA ligase C4 zinc finger domain => NAD-dependent DNA ligase C4 zinc finger domain protein
[18:08:17] Modify product: Alpha-2-macroglobulin family N-terminal region => hypothetical protein
[18:08:17] Modify product: Alpha/beta hydrolase family => Alpha/beta hydrolase family protein
[18:08:17] Modify product: DTW domain => DTW domain protein
[18:08:17] Modify product: Y_Y_Y domain => Y_Y_Y domain protein
[18:08:17] Modify product: Integrase core domain => Integrase core domain protein
[18:08:17] Modify product: Transposase IS200 like => Transposase IS200 like protein
[18:08:17] Modify product: Tripartite tricarboxylate transporter TctB family => Tripartite tricarboxylate transporter TctB family protein
[18:08:17] Modify product: Tripartite tricarboxylate transporter TctA family => Tripartite tricarboxylate transporter TctA family protein
[18:08:17] Modify product: Type III secretion needle MxiH like => Type III secretion needle MxiH like protein
[18:08:17] Modify product: Transglycosylase SLT domain => Transglycosylase SLT domain protein
[18:08:17] Modify product: HrpJ-like domain => HrpJ-like domain protein
[18:08:17] Modify product: EamA-like transporter family => EamA-like transporter family protein
[18:08:17] Modify product: Integral membrane protein TerC family => Integral membrane protein TerC family protein
[18:08:17] Modify product: Bacterial Transmembrane Pair family => Bacterial Transmembrane Pair family protein
[18:08:17] Modify product: Alanine racemase, N-terminal domain => hypothetical protein
[18:08:17] Modify product: YGGT family => YGGT family protein
[18:08:17] Modify product: HIT domain => HIT domain protein
[18:08:17] Modify product: CYTH domain => CYTH domain protein
[18:08:17] Modify product: SCP-2 sterol transfer family => SCP-2 sterol transfer family protein
[18:08:17] Modify product: YheO-like PAS domain => YheO-like PAS domain protein
[18:08:17] Modify product: Fic/DOC family => Fic/DOC family protein
[18:08:17] Modify product: Peptidase M16 inactive domain => Peptidase M16 inactive domain protein
[18:08:17] Modify product: AsmA family => AsmA family protein
[18:08:17] Modify product: Isochorismatase family => Isochorismatase family protein
[18:08:17] Modify product: EamA-like transporter family => EamA-like transporter family protein
[18:08:17] Modify product: EamA-like transporter family => EamA-like transporter family protein
[18:08:17] Modify product: EamA-like transporter family => EamA-like transporter family protein
[18:08:17] Modify product: SCP-2 sterol transfer family => SCP-2 sterol transfer family protein
[18:08:17] Modify product: RimK-like ATP-grasp domain => RimK-like ATP-grasp domain protein
[18:08:17] Modify product: SnoaL-like domain => SnoaL-like domain protein
[18:08:17] Modify product: Cupin domain => Cupin domain protein
[18:08:17] Modify product: ASCH domain => ASCH domain protein
[18:08:17] Modify product: Mor transcription activator family => Mor transcription activator family protein
[18:08:17] Modify product: Y_Y_Y domain => Y_Y_Y domain protein
[18:08:17] Modify product: Sel1 repeat => Sel1 repeat protein
[18:08:17] Modify product: PspA/IM30 family => PspA/IM30 family protein
[18:08:17] Modify product: PRD domain => PRD domain protein
[18:08:17] Modify product: Acetyltransferase (GNAT) family => Acetyltransferase (GNAT) family protein
[18:08:17] Modify product: Integrase core domain => Integrase core domain protein
[18:08:17] Modify product: Dienelactone hydrolase family => Dienelactone hydrolase family protein
[18:08:17] Modify product: Major Facilitator Superfamily => Major Facilitator Superfamily protein
[18:08:17] Cleaned 99 /product names
[18:08:17] Deleting unwanted file: results/prokka/SEN/Pfam.hmm.faa
[18:08:17] Deleting unwanted file: results/prokka/SEN/Pfam.hmm.hmmer3
[18:08:17] Labelling remaining 570 proteins as 'hypothetical protein'
[18:08:18] Possible /pseudo 'Diol dehydratase-reactivating factor alpha subunit' at AM933172 position 349804
[18:08:18] Possible /pseudo 'Putative beta-lactamase HcpD precursor' at AM933172 position 471148
[18:08:18] Possible /pseudo 'Type-1 fimbrial protein, A chain precursor' at AM933172 position 584229
[18:08:18] Possible /pseudo 'E3 ubiquitin-protein ligase SlrP' at AM933172 position 827017
[18:08:18] Possible /pseudo 'E3 ubiquitin-protein ligase SlrP' at AM933172 position 827763
[18:08:18] Possible /pseudo 'Inner membrane protein YbhL' at AM933172 position 833530
[18:08:18] Possible /pseudo 'Soluble aldose sugar dehydrogenase YliI precursor' at AM933172 position 893361
[18:08:18] Possible /pseudo 'Glucose-1-phosphatase precursor' at AM933172 position 1081973
[18:08:18] Possible /pseudo 'Formate dehydrogenase, nitrate-inducible, major subunit precursor' at AM933172 position 1580943
[18:08:18] Possible /pseudo 'Aldehyde-alcohol dehydrogenase' at AM933172 position 2131036
[18:08:18] Possible /pseudo 'putative lipoprotein YehR precursor' at AM933172 position 2256170
[18:08:18] Possible /pseudo 'Inner membrane transport protein RhmT' at AM933172 position 2391409
[18:08:18] Possible /pseudo 'Manganese transport system membrane protein MntB' at AM933172 position 2893610
[18:08:18] Possible /pseudo 'Energy-coupling factor transporter ATP-binding protein EcfA1' at AM933172 position 3123687
[18:08:18] Possible /pseudo 'Nucleoside permease NupG' at AM933172 position 3159666
[18:08:18] Possible /pseudo 'General stress protein A' at AM933172 position 3794619
[18:08:18] Possible /pseudo 'putative transport protein HsrA' at AM933172 position 3969043
[18:08:18] Possible /pseudo 'Inner membrane symporter YihP' at AM933172 position 4095126
[18:08:18] Possible /pseudo 'Inner membrane symporter YihP' at AM933172 position 4096029
[18:08:18] Possible /pseudo 'Formate dehydrogenase-O major subunit precursor' at AM933172 position 4116013
[18:08:18] Possible /pseudo 'Formate dehydrogenase H' at AM933172 position 4384316
[18:08:18] Found 2674 unique /gene codes.
[18:08:18] Fixed 3 duplicate /gene - gsiA_1 gsiA_2 gsiA_3
[18:08:18] Fixed 2 duplicate /gene - glmM_1 glmM_2
[18:08:18] Fixed 2 duplicate /gene - artJ_1 artJ_2
[18:08:18] Fixed 5 duplicate /gene - dmsB_1 dmsB_2 dmsB_3 dmsB_4 dmsB_5
[18:08:18] Fixed 2 duplicate /gene - prsE_1 prsE_2
[18:08:18] Fixed 2 duplicate /gene - appB_1 appB_2
[18:08:18] Fixed 2 duplicate /gene - ydeO_1 ydeO_2
[18:08:18] Fixed 2 duplicate /gene - apxIB_1 apxIB_2
[18:08:18] Fixed 2 duplicate /gene - mepS_1 mepS_2
[18:08:18] Fixed 2 duplicate /gene - appA_1 appA_2
[18:08:18] Fixed 2 duplicate /gene - hydN_1 hydN_2
[18:08:18] Fixed 2 duplicate /gene - slyA_1 slyA_2
[18:08:18] Fixed 3 duplicate /gene - hcpD_1 hcpD_2 hcpD_3
[18:08:18] Fixed 2 duplicate /gene - yccS_1 yccS_2
[18:08:18] Fixed 2 duplicate /gene - tehB_1 tehB_2
[18:08:18] Fixed 3 duplicate /gene - oppD_1 oppD_2 oppD_3
[18:08:18] Fixed 2 duplicate /gene - yedA_1 yedA_2
[18:08:18] Fixed 2 duplicate /gene - gatB_1 gatB_2
[18:08:18] Fixed 2 duplicate /gene - betC_1 betC_2
[18:08:18] Fixed 2 duplicate /gene - loiP_1 loiP_2
[18:08:18] Fixed 2 duplicate /gene - sdaA_1 sdaA_2
[18:08:18] Fixed 2 duplicate /gene - glmS_1 glmS_2
[18:08:18] Fixed 3 duplicate /gene - lrp_1 lrp_2 lrp_3
[18:08:18] Fixed 2 duplicate /gene - gpr_1 gpr_2
[18:08:18] Fixed 2 duplicate /gene - ibpA_1 ibpA_2
[18:08:18] Fixed 3 duplicate /gene - gldA_1 gldA_2 gldA_3
[18:08:18] Fixed 2 duplicate /gene - ydhX_1 ydhX_2
[18:08:18] Fixed 2 duplicate /gene - yfkN_1 yfkN_2
[18:08:18] Fixed 2 duplicate /gene - fes_1 fes_2
[18:08:18] Fixed 2 duplicate /gene - metQ_1 metQ_2
[18:08:18] Fixed 2 duplicate /gene - phoC_1 phoC_2
[18:08:18] Fixed 3 duplicate /gene - garK_1 garK_2 garK_3
[18:08:18] Fixed 3 duplicate /gene - ynfM_1 ynfM_2 ynfM_3
[18:08:18] Fixed 2 duplicate /gene - garR_1 garR_2
[18:08:18] Fixed 2 duplicate /gene - sucD_1 sucD_2
[18:08:18] Fixed 2 duplicate /gene - benM_1 benM_2
[18:08:18] Fixed 2 duplicate /gene - hyaB_1 hyaB_2
[18:08:18] Fixed 5 duplicate /gene - assT_1 assT_2 assT_3 assT_4 assT_5
[18:08:18] Fixed 2 duplicate /gene - dam_1 dam_2
[18:08:18] Fixed 2 duplicate /gene - dinI_1 dinI_2
[18:08:18] Fixed 4 duplicate /gene - proP_1 proP_2 proP_3 proP_4
[18:08:18] Fixed 2 duplicate /gene - tolC_1 tolC_2
[18:08:18] Fixed 3 duplicate /gene - ubiG_1 ubiG_2 ubiG_3
[18:08:18] Fixed 4 duplicate /gene - adhE_1 adhE_2 adhE_3 adhE_4
[18:08:18] Fixed 2 duplicate /gene - elfC_1 elfC_2
[18:08:18] Fixed 2 duplicate /gene - gntK_1 gntK_2
[18:08:18] Fixed 3 duplicate /gene - dmsD_1 dmsD_2 dmsD_3
[18:08:18] Fixed 5 duplicate /gene - allS_1 allS_2 allS_3 allS_4 allS_5
[18:08:18] Fixed 4 duplicate /gene - tabA_1 tabA_2 tabA_3 tabA_4
[18:08:18] Fixed 2 duplicate /gene - pduV_1 pduV_2
[18:08:18] Fixed 2 duplicate /gene - citE_1 citE_2
[18:08:18] Fixed 2 duplicate /gene - ccmD_1 ccmD_2
[18:08:18] Fixed 2 duplicate /gene - tsaA_1 tsaA_2
[18:08:18] Fixed 2 duplicate /gene - ompN_1 ompN_2
[18:08:18] Fixed 2 duplicate /gene - malP_1 malP_2
[18:08:18] Fixed 3 duplicate /gene - etfA_1 etfA_2 etfA_3
[18:08:18] Fixed 2 duplicate /gene - hypC_1 hypC_2
[18:08:18] Fixed 2 duplicate /gene - chiA_1 chiA_2
[18:08:18] Fixed 2 duplicate /gene - gspA_1 gspA_2
[18:08:18] Fixed 4 duplicate /gene - chuR_1 chuR_2 chuR_3 chuR_4
[18:08:18] Fixed 3 duplicate /gene - glpR_1 glpR_2 glpR_3
[18:08:18] Fixed 2 duplicate /gene - citX_1 citX_2
[18:08:18] Fixed 2 duplicate /gene - aaeA_1 aaeA_2
[18:08:18] Fixed 3 duplicate /gene - yecS_1 yecS_2 yecS_3
[18:08:18] Fixed 3 duplicate /gene - ydfH_1 ydfH_2 ydfH_3
[18:08:18] Fixed 2 duplicate /gene - gadX_1 gadX_2
[18:08:18] Fixed 3 duplicate /gene - nanT_1 nanT_2 nanT_3
[18:08:18] Fixed 2 duplicate /gene - kdgM_1 kdgM_2
[18:08:18] Fixed 2 duplicate /gene - pepD_1 pepD_2
[18:08:18] Fixed 2 duplicate /gene - hyaC_1 hyaC_2
[18:08:18] Fixed 2 duplicate /gene - gatC_1 gatC_2
[18:08:18] Fixed 2 duplicate /gene - fucP_1 fucP_2
[18:08:18] Fixed 2 duplicate /gene - xylA_1 xylA_2
[18:08:18] Fixed 3 duplicate /gene - ycgE_1 ycgE_2 ycgE_3
[18:08:18] Fixed 2 duplicate /gene - dsbE_1 dsbE_2
[18:08:18] Fixed 2 duplicate /gene - narL_1 narL_2
[18:08:18] Fixed 2 duplicate /gene - frlB_1 frlB_2
[18:08:18] Fixed 2 duplicate /gene - ytbE_1 ytbE_2
[18:08:18] Fixed 2 duplicate /gene - gbpR_1 gbpR_2
[18:08:18] Fixed 2 duplicate /gene - mntB_1 mntB_2
[18:08:18] Fixed 2 duplicate /gene - yajL_1 yajL_2
[18:08:18] Fixed 4 duplicate /gene - fimD_1 fimD_2 fimD_3 fimD_4
[18:08:18] Fixed 2 duplicate /gene - tetA_1 tetA_2
[18:08:18] Fixed 2 duplicate /gene - rlmB_1 rlmB_2
[18:08:18] Fixed 2 duplicate /gene - mscS_1 mscS_2
[18:08:18] Fixed 2 duplicate /gene - cdaR_1 cdaR_2
[18:08:18] Fixed 3 duplicate /gene - ptsI_1 ptsI_2 ptsI_3
[18:08:18] Fixed 2 duplicate /gene - mobA_1 mobA_2
[18:08:18] Fixed 2 duplicate /gene - ompC_1 ompC_2
[18:08:18] Fixed 3 duplicate /gene - ttuB_1 ttuB_2 ttuB_3
[18:08:18] Fixed 2 duplicate /gene - appC_1 appC_2
[18:08:18] Fixed 3 duplicate /gene - fliP_1 fliP_2 fliP_3
[18:08:18] Fixed 2 duplicate /gene - ccmC_1 ccmC_2
[18:08:18] Fixed 2 duplicate /gene - ptsG_1 ptsG_2
[18:08:18] Fixed 2 duplicate /gene - ydjH_1 ydjH_2
[18:08:18] Fixed 2 duplicate /gene - hcaR_1 hcaR_2
[18:08:18] Fixed 2 duplicate /gene - araB_1 araB_2
[18:08:18] Fixed 2 duplicate /gene - gntT_1 gntT_2
[18:08:18] Fixed 2 duplicate /gene - citF_1 citF_2
[18:08:18] Fixed 2 duplicate /gene - pbpG_1 pbpG_2
[18:08:18] Fixed 2 duplicate /gene - pqiB_1 pqiB_2
[18:08:18] Fixed 3 duplicate /gene - manX_1 manX_2 manX_3
[18:08:18] Fixed 2 duplicate /gene - ydjE_1 ydjE_2
[18:08:18] Fixed 2 duplicate /gene - rhmT_1 rhmT_2
[18:08:18] Fixed 2 duplicate /gene - ybeZ_1 ybeZ_2
[18:08:18] Fixed 3 duplicate /gene - slrP_1 slrP_2 slrP_3
[18:08:18] Fixed 2 duplicate /gene - exbD_1 exbD_2
[18:08:18] Fixed 2 duplicate /gene - tcyP_1 tcyP_2
[18:08:18] Fixed 2 duplicate /gene - lolD_1 lolD_2
[18:08:18] Fixed 3 duplicate /gene - dgoD_1 dgoD_2 dgoD_3
[18:08:18] Fixed 3 duplicate /gene - ccmH_1 ccmH_2 ccmH_3
[18:08:18] Fixed 2 duplicate /gene - tqsA_1 tqsA_2
[18:08:18] Fixed 3 duplicate /gene - etfB_1 etfB_2 etfB_3
[18:08:18] Fixed 3 duplicate /gene - sgrR_1 sgrR_2 sgrR_3
[18:08:18] Fixed 3 duplicate /gene - cynR_1 cynR_2 cynR_3
[18:08:18] Fixed 3 duplicate /gene - intA_1 intA_2 intA_3
[18:08:18] Fixed 2 duplicate /gene - deoR_1 deoR_2
[18:08:18] Fixed 2 duplicate /gene - sseA_1 sseA_2
[18:08:18] Fixed 2 duplicate /gene - gudP_1 gudP_2
[18:08:18] Fixed 2 duplicate /gene - citC_1 citC_2
[18:08:18] Fixed 2 duplicate /gene - caf1M_1 caf1M_2
[18:08:18] Fixed 3 duplicate /gene - lutR_1 lutR_2 lutR_3
[18:08:18] Fixed 2 duplicate /gene - fruA_1 fruA_2
[18:08:18] Fixed 2 duplicate /gene - rspA_1 rspA_2
[18:08:18] Fixed 2 duplicate /gene - dcuA_1 dcuA_2
[18:08:18] Fixed 3 duplicate /gene - ulaA_1 ulaA_2 ulaA_3
[18:08:18] Fixed 2 duplicate /gene - znuC_1 znuC_2
[18:08:18] Fixed 2 duplicate /gene - btr_1 btr_2
[18:08:18] Fixed 3 duplicate /gene - pflA_1 pflA_2 pflA_3
[18:08:18] Fixed 2 duplicate /gene - pduA_1 pduA_2
[18:08:18] Fixed 2 duplicate /gene - yiaO_1 yiaO_2
[18:08:18] Fixed 2 duplicate /gene - yohK_1 yohK_2
[18:08:18] Fixed 2 duplicate /gene - tusA_1 tusA_2
[18:08:18] Fixed 2 duplicate /gene - tsr_1 tsr_2
[18:08:18] Fixed 5 duplicate /gene - elfG_1 elfG_2 elfG_3 elfG_4 elfG_5
[18:08:18] Fixed 2 duplicate /gene - ybhL_1 ybhL_2
[18:08:18] Fixed 2 duplicate /gene - exuT_1 exuT_2
[18:08:18] Fixed 2 duplicate /gene - nuoI_1 nuoI_2
[18:08:18] Fixed 2 duplicate /gene - galS_1 galS_2
[18:08:18] Fixed 5 duplicate /gene - oxyR_1 oxyR_2 oxyR_3 oxyR_4 oxyR_5
[18:08:18] Fixed 3 duplicate /gene - gltR_1 gltR_2 gltR_3
[18:08:18] Fixed 2 duplicate /gene - fdhF_1 fdhF_2
[18:08:18] Fixed 2 duplicate /gene - acs_1 acs_2
[18:08:18] Fixed 3 duplicate /gene - lldR_1 lldR_2 lldR_3
[18:08:18] Fixed 2 duplicate /gene - ascD_1 ascD_2
[18:08:18] Fixed 2 duplicate /gene - ynaI_1 ynaI_2
[18:08:18] Fixed 2 duplicate /gene - yfaY_1 yfaY_2
[18:08:18] Fixed 2 duplicate /gene - soxS_1 soxS_2
[18:08:18] Fixed 2 duplicate /gene - zraR_1 zraR_2
[18:08:18] Fixed 2 duplicate /gene - yhhW_1 yhhW_2
[18:08:18] Fixed 4 duplicate /gene - dmsC_1 dmsC_2 dmsC_3 dmsC_4
[18:08:18] Fixed 3 duplicate /gene - exsA_1 exsA_2 exsA_3
[18:08:18] Fixed 2 duplicate /gene - ecfA1_1 ecfA1_2
[18:08:18] Fixed 2 duplicate /gene - rhmR_1 rhmR_2
[18:08:18] Fixed 2 duplicate /gene - ogt_1 ogt_2
[18:08:18] Fixed 3 duplicate /gene - yicJ_1 yicJ_2 yicJ_3
[18:08:18] Fixed 2 duplicate /gene - por_1 por_2
[18:08:18] Fixed 2 duplicate /gene - caf1A_1 caf1A_2
[18:08:18] Fixed 3 duplicate /gene - bhsA_1 bhsA_2 bhsA_3
[18:08:18] Fixed 3 duplicate /gene - papD_1 papD_2 papD_3
[18:08:18] Fixed 2 duplicate /gene - nagK_1 nagK_2
[18:08:18] Fixed 3 duplicate /gene - ail_1 ail_2 ail_3
[18:08:18] Fixed 2 duplicate /gene - ccmE_1 ccmE_2
[18:08:18] Fixed 2 duplicate /gene - fhuA_1 fhuA_2
[18:08:18] Fixed 2 duplicate /gene - yidA_1 yidA_2
[18:08:18] Fixed 2 duplicate /gene - ansB_1 ansB_2
[18:08:18] Fixed 2 duplicate /gene - yjiE_1 yjiE_2
[18:08:18] Fixed 2 duplicate /gene - fliQ_1 fliQ_2
[18:08:18] Fixed 3 duplicate /gene - oadB_1 oadB_2 oadB_3
[18:08:18] Fixed 2 duplicate /gene - csgD_1 csgD_2
[18:08:18] Fixed 2 duplicate /gene - clpX_1 clpX_2
[18:08:18] Fixed 2 duplicate /gene - aroP_1 aroP_2
[18:08:18] Fixed 2 duplicate /gene - rtcB_1 rtcB_2
[18:08:18] Fixed 3 duplicate /gene - oadG_1 oadG_2 oadG_3
[18:08:18] Fixed 2 duplicate /gene - agp_1 agp_2
[18:08:18] Fixed 2 duplicate /gene - lptB_1 lptB_2
[18:08:18] Fixed 2 duplicate /gene - ecpD_1 ecpD_2
[18:08:18] Fixed 8 duplicate /gene - fimA_1 fimA_2 fimA_3 fimA_4 fimA_5 fimA_6 fimA_7 fimA_8
[18:08:18] Fixed 2 duplicate /gene - nupG_1 nupG_2
[18:08:18] Fixed 2 duplicate /gene - icsA_1 icsA_2
[18:08:18] Fixed 2 duplicate /gene - yjmD_1 yjmD_2
[18:08:18] Fixed 2 duplicate /gene - uhpC_1 uhpC_2
[18:08:18] Fixed 2 duplicate /gene - dsbA_1 dsbA_2
[18:08:18] Fixed 2 duplicate /gene - rdgC_1 rdgC_2
[18:08:18] Fixed 2 duplicate /gene - afr_1 afr_2
[18:08:18] Fixed 2 duplicate /gene - glgX_1 glgX_2
[18:08:18] Fixed 2 duplicate /gene - ydcR_1 ydcR_2
[18:08:18] Fixed 2 duplicate /gene - yvoA_1 yvoA_2
[18:08:18] Fixed 2 duplicate /gene - hrpB_1 hrpB_2
[18:08:18] Fixed 2 duplicate /gene - ybhF_1 ybhF_2
[18:08:18] Fixed 2 duplicate /gene - qseC_1 qseC_2
[18:08:18] Fixed 2 duplicate /gene - ybhA_1 ybhA_2
[18:08:18] Fixed 2 duplicate /gene - leuO_1 leuO_2
[18:08:18] Fixed 3 duplicate /gene - ynfE_1 ynfE_2 ynfE_3
[18:08:18] Fixed 2 duplicate /gene - tktA_1 tktA_2
[18:08:18] Fixed 2 duplicate /gene - hns_1 hns_2
[18:08:18] Fixed 2 duplicate /gene - aaeB_1 aaeB_2
[18:08:18] Fixed 2 duplicate /gene - fumB_1 fumB_2
[18:08:18] Fixed 3 duplicate /gene - selA_1 selA_2 selA_3
[18:08:18] Fixed 2 duplicate /gene - actP_1 actP_2
[18:08:18] Fixed 2 duplicate /gene - dnaK_1 dnaK_2
[18:08:18] Fixed 2 duplicate /gene - yheS_1 yheS_2
[18:08:18] Fixed 2 duplicate /gene - pncC_1 pncC_2
[18:08:18] Fixed 2 duplicate /gene - aspT_1 aspT_2
[18:08:18] Fixed 2 duplicate /gene - ftnA_1 ftnA_2
[18:08:18] Fixed 4 duplicate /gene - srlR_1 srlR_2 srlR_3 srlR_4
[18:08:18] Fixed 2 duplicate /gene - hyaE_1 hyaE_2
[18:08:18] Fixed 2 duplicate /gene - fucA_1 fucA_2
[18:08:18] Fixed 3 duplicate /gene - yicI_1 yicI_2 yicI_3
[18:08:18] Fixed 2 duplicate /gene - yehR_1 yehR_2
[18:08:18] Fixed 2 duplicate /gene - gltD_1 gltD_2
[18:08:18] Fixed 3 duplicate /gene - trg_1 trg_2 trg_3
[18:08:18] Fixed 2 duplicate /gene - ulaB_1 ulaB_2
[18:08:18] Fixed 2 duplicate /gene - yqjA_1 yqjA_2
[18:08:18] Fixed 2 duplicate /gene - fliY_1 fliY_2
[18:08:18] Fixed 6 duplicate /gene - fimC_1 fimC_2 fimC_3 fimC_4 fimC_5 fimC_6
[18:08:18] Fixed 3 duplicate /gene - siaT_1 siaT_2 siaT_3
[18:08:18] Fixed 3 duplicate /gene - mdh_1 mdh_2 mdh_3
[18:08:18] Fixed 2 duplicate /gene - ccmA_1 ccmA_2
[18:08:18] Fixed 2 duplicate /gene - dmsA_1 dmsA_2
[18:08:18] Fixed 3 duplicate /gene - adrB_1 adrB_2 adrB_3
[18:08:18] Fixed 2 duplicate /gene - kefC_1 kefC_2
[18:08:18] Fixed 5 duplicate /gene - ygdR_1 ygdR_2 ygdR_3 ygdR_4 ygdR_5
[18:08:18] Fixed 2 duplicate /gene - caiA_1 caiA_2
[18:08:18] Fixed 2 duplicate /gene - rcsB_1 rcsB_2
[18:08:18] Fixed 2 duplicate /gene - rhtC_1 rhtC_2
[18:08:18] Fixed 2 duplicate /gene - manP_1 manP_2
[18:08:18] Fixed 2 duplicate /gene - dgoT_1 dgoT_2
[18:08:18] Fixed 2 duplicate /gene - hsrA_1 hsrA_2
[18:08:18] Fixed 3 duplicate /gene - manZ_1 manZ_2 manZ_3
[18:08:18] Fixed 2 duplicate /gene - cptA_1 cptA_2
[18:08:18] Fixed 2 duplicate /gene - fdnH_1 fdnH_2
[18:08:18] Fixed 2 duplicate /gene - acpP_1 acpP_2
[18:08:18] Fixed 2 duplicate /gene - sdcS_1 sdcS_2
[18:08:18] Fixed 3 duplicate /gene - fabG_1 fabG_2 fabG_3
[18:08:18] Fixed 2 duplicate /gene - lon_1 lon_2
[18:08:18] Fixed 2 duplicate /gene - artM_1 artM_2
[18:08:18] Fixed 2 duplicate /gene - recF_1 recF_2
[18:08:18] Fixed 2 duplicate /gene - narX_1 narX_2
[18:08:18] Fixed 2 duplicate /gene - ftsI_1 ftsI_2
[18:08:18] Fixed 2 duplicate /gene - exbB_1 exbB_2
[18:08:18] Fixed 3 duplicate /gene - glnQ_1 glnQ_2 glnQ_3
[18:08:18] Fixed 2 duplicate /gene - qseF_1 qseF_2
[18:08:18] Fixed 2 duplicate /gene - ydhP_1 ydhP_2
[18:08:18] Fixed 2 duplicate /gene - fdnG_1 fdnG_2
[18:08:18] Fixed 2 duplicate /gene - degS_1 degS_2
[18:08:18] Fixed 2 duplicate /gene - rcsA_1 rcsA_2
[18:08:18] Fixed 4 duplicate /gene - corC_1 corC_2 corC_3 corC_4
[18:08:18] Fixed 3 duplicate /gene - ddrA_1 ddrA_2 ddrA_3
[18:08:18] Fixed 2 duplicate /gene - ttdA_1 ttdA_2
[18:08:18] Fixed 3 duplicate /gene - mrpA_1 mrpA_2 mrpA_3
[18:08:18] Fixed 2 duplicate /gene - hflK_1 hflK_2
[18:08:18] Fixed 2 duplicate /gene - ilvD_1 ilvD_2
[18:08:18] Fixed 3 duplicate /gene - cysJ_1 cysJ_2 cysJ_3
[18:08:18] Fixed 2 duplicate /gene - norR_1 norR_2
[18:08:18] Fixed 2 duplicate /gene - gmr_1 gmr_2
[18:08:18] Fixed 2 duplicate /gene - rcsC_1 rcsC_2
[18:08:18] Fixed 3 duplicate /gene - hybD_1 hybD_2 hybD_3
[18:08:18] Fixed 2 duplicate /gene - ftsA_1 ftsA_2
[18:08:18] Fixed 2 duplicate /gene - cysW_1 cysW_2
[18:08:18] Fixed 2 duplicate /gene - gdhA_1 gdhA_2
[18:08:18] Fixed 2 duplicate /gene - ulaE_1 ulaE_2
[18:08:18] Fixed 4 duplicate /gene - glcR_1 glcR_2 glcR_3 glcR_4
[18:08:18] Fixed 5 duplicate /gene - rbsK_1 rbsK_2 rbsK_3 rbsK_4 rbsK_5
[18:08:18] Fixed 2 duplicate /gene - treA_1 treA_2
[18:08:18] Fixed 2 duplicate /gene - dusC_1 dusC_2
[18:08:18] Fixed 2 duplicate /gene - ydcV_1 ydcV_2
[18:08:18] Fixed 3 duplicate /gene - ccmF_1 ccmF_2 ccmF_3
[18:08:18] Fixed 2 duplicate /gene - marA_1 marA_2
[18:08:18] Fixed 2 duplicate /gene - nlpD_1 nlpD_2
[18:08:18] Fixed 3 duplicate /gene - macA_1 macA_2 macA_3
[18:08:18] Fixed 2 duplicate /gene - cobB_1 cobB_2
[18:08:18] Fixed 2 duplicate /gene - htrB_1 htrB_2
[18:08:18] Fixed 2 duplicate /gene - proS_1 proS_2
[18:08:18] Fixed 2 duplicate /gene - tpx_1 tpx_2
[18:08:18] Fixed 3 duplicate /gene - yhbU_1 yhbU_2 yhbU_3
[18:08:18] Fixed 2 duplicate /gene - serB_1 serB_2
[18:08:18] Fixed 2 duplicate /gene - dinG_1 dinG_2
[18:08:18] Fixed 2 duplicate /gene - minD_1 minD_2
[18:08:18] Fixed 2 duplicate /gene - metN_1 metN_2
[18:08:18] Fixed 4 duplicate /gene - ybdO_1 ybdO_2 ybdO_3 ybdO_4
[18:08:18] Fixed 2 duplicate /gene - arcA_1 arcA_2
[18:08:18] Fixed 2 duplicate /gene - hcpC_1 hcpC_2
[18:08:18] Fixed 3 duplicate /gene - ulaC_1 ulaC_2 ulaC_3
[18:08:18] Fixed 2 duplicate /gene - recE_1 recE_2
[18:08:18] Fixed 3 duplicate /gene - sauU_1 sauU_2 sauU_3
[18:08:18] Fixed 2 duplicate /gene - gcvA_1 gcvA_2
[18:08:18] Fixed 2 duplicate /gene - tuf1_1 tuf1_2
[18:08:18] Fixed 2 duplicate /gene - prfB_1 prfB_2
[18:08:18] Fixed 2 duplicate /gene - idnD_1 idnD_2
[18:08:18] Fixed 2 duplicate /gene - acrB_1 acrB_2
[18:08:18] Fixed 2 duplicate /gene - ybiV_1 ybiV_2
[18:08:18] Fixed 2 duplicate /gene - dppB_1 dppB_2
[18:08:18] Fixed 2 duplicate /gene - bioD1_1 bioD1_2
[18:08:18] Fixed 2 duplicate /gene - nagC_1 nagC_2
[18:08:18] Fixed 2 duplicate /gene - yliI_1 yliI_2
[18:08:18] Fixed 2 duplicate /gene - panE_1 panE_2
[18:08:18] Fixed 2 duplicate /gene - ccmB_1 ccmB_2
[18:08:18] Fixed 2 duplicate /gene - lysA_1 lysA_2
[18:08:18] Fixed 2 duplicate /gene - dxs_1 dxs_2
[18:08:18] Fixed 4 duplicate /gene - gntR_1 gntR_2 gntR_3 gntR_4
[18:08:18] Fixed 4 duplicate /gene - pdhR_1 pdhR_2 pdhR_3 pdhR_4
[18:08:18] Fixed 2 duplicate /gene - lip-1_1 lip-1_2
[18:08:18] Fixed 2 duplicate /gene - dppC_1 dppC_2
[18:08:18] Fixed 2 duplicate /gene - dppA_1 dppA_2
[18:08:18] Fixed 2 duplicate /gene - dsbD_1 dsbD_2
[18:08:18] Fixed 2 duplicate /gene - argR_1 argR_2
[18:08:18] Fixed 2 duplicate /gene - fdoG_1 fdoG_2
[18:08:18] Fixed 3 duplicate /gene - hemN_1 hemN_2 hemN_3
[18:08:18] Fixed 2 duplicate /gene - fbaA_1 fbaA_2
[18:08:18] Fixed 2 duplicate /gene - aroG_1 aroG_2
[18:08:18] Fixed 2 duplicate /gene - osmY_1 osmY_2
[18:08:18] Fixed 2 duplicate /gene - alsT_1 alsT_2
[18:08:18] Fixed 3 duplicate /gene - citG_1 citG_2 citG_3
[18:08:18] Fixed 2 duplicate /gene - agaC_1 agaC_2
[18:08:18] Fixed 2 duplicate /gene - kdgT_1 kdgT_2
[18:08:18] Fixed 2 duplicate /gene - araC_1 araC_2
[18:08:18] Fixed 2 duplicate /gene - yfgF_1 yfgF_2
[18:08:18] Fixed 2 duplicate /gene - gabR_1 gabR_2
[18:08:18] Fixed 2 duplicate /gene - trxA_1 trxA_2
[18:08:18] Fixed 2 duplicate /gene - rob_1 rob_2
[18:08:18] Fixed 2 duplicate /gene - yfcG_1 yfcG_2
[18:08:18] Fixed 3 duplicate /gene - gltC_1 gltC_2 gltC_3
[18:08:18] Fixed 2 duplicate /gene - mdtK_1 mdtK_2
[18:08:18] Fixed 2 duplicate /gene - rnfC_1 rnfC_2
[18:08:18] Fixed 2 duplicate /gene - yjcC_1 yjcC_2
[18:08:18] Fixed 3 duplicate /gene - oppF_1 oppF_2 oppF_3
[18:08:18] Fixed 3 duplicate /gene - papC_1 papC_2 papC_3
[18:08:18] Fixed 3 duplicate /gene - cysE_1 cysE_2 cysE_3
[18:08:18] Fixed 2 duplicate /gene - emrB_1 emrB_2
[18:08:18] Fixed 2 duplicate /gene - gno_1 gno_2
[18:08:18] Fixed 2 duplicate /gene - yusV_1 yusV_2
[18:08:18] Fixed 2 duplicate /gene - iscA_1 iscA_2
[18:08:18] Fixed 2 duplicate /gene - cysA_1 cysA_2
[18:08:18] Fixed 2 duplicate /gene - citD_1 citD_2
[18:08:18] Fixed 2 duplicate /gene - ydiV_1 ydiV_2
[18:08:18] Fixed 2 duplicate /gene - topA_1 topA_2
[18:08:18] Fixed 4 duplicate /gene - yihP_1 yihP_2 yihP_3 yihP_4
[18:08:18] Fixed 2 duplicate /gene - higA-2_1 higA-2_2
[18:08:18] Fixed 2 duplicate /gene - sad_1 sad_2
[18:08:18] Fixed 9 duplicate /gene - dmlR_1 dmlR_2 dmlR_3 dmlR_4 dmlR_5 dmlR_6 dmlR_7 dmlR_8 dmlR_9
[18:08:18] Fixed 3 duplicate /gene - yhdN_1 yhdN_2 yhdN_3
[18:08:18] Fixed 2 duplicate /gene - yjaB_1 yjaB_2
[18:08:18] Fixed 2 duplicate /gene - ybbH_1 ybbH_2
[18:08:18] Fixed 2 duplicate /gene - rpe_1 rpe_2
[18:08:18] Fixed 2 duplicate /gene - sifA_1 sifA_2
[18:08:18] Fixed 2 duplicate /gene - potA_1 potA_2
[18:08:18] Fixed 2 duplicate /gene - alr_1 alr_2
[18:08:18] Fixed 2 duplicate /gene - queA_1 queA_2
[18:08:18] Fixed 349 colliding /gene names.
[18:08:18] Adding /locus_tag identifiers
[18:08:18] Assigned 4445 locus_tags to CDS and RNA features.
[18:08:18] Writing outputs to results/prokka/SEN/
[18:08:36] Generating annotation statistics file
[18:08:36] Generating Genbank and Sequin files
[18:08:36] Running: tbl2asn -V b -a r10k -l paired-ends -M n -N 1 -y 'Annotated using prokka 1.11 from http://www.vicbioinformatics.com' -Z results\/prokka\/SEN\/SEN_03142017\.err -i results\/prokka\/SEN\/SEN_03142017\.fsa 2> /dev/null
[18:08:58] Could not run command: tbl2asn -V b -a r10k -l paired-ends -M n -N 1 -y 'Annotated using prokka 1.11 from http://www.vicbioinformatics.com' -Z results\/prokka\/SEN\/SEN_03142017\.err -i results\/prokka\/SEN\/SEN_03142017\.fsa 2> /dev/null
