codon	MoreThanAve	LessThanAve
aaa	1402	1037
aac	1050	731
aat	989	657
aag	872	592
aca	594	405
acc	1218	729
act	741	522
acg	975	544
ata	390	290
atc	1284	843
att	1402	909
atg	1235	746
aga	271	192
agc	978	628
agt	656	398
agg	154	80
caa	931	618
cac	750	440
cat	868	513
cag	1316	778
cca	590	377
ccc	597	280
cct	744	437
ccg	1093	662
cta	453	253
ctc	883	486
ctt	905	552
ctg	1478	931
cga	357	203
cgc	1167	732
cgt	1136	755
cgg	481	206
taa	0	0
tac	763	475
tat	940	576
tag	0	0
tca	500	373
tcc	787	495
tct	776	496
tcg	633	295
tta	970	620
ttc	882	605
ttt	1191	765
ttg	869	487
tga	0	1
tgc	465	282
tgt	381	255
tgg	903	492
gaa	1428	957
gac	1127	705
gat	1370	869
gag	1075	653
gca	1032	701
gcc	1261	734
gct	1071	694
gcg	1347	808
gta	908	623
gtc	1045	642
gtt	1196	787
gtg	1169	650
gga	660	388
ggc	1317	790
ggt	1167	765
ggg	803	429
sum	113470	69689