clust1000	0.396177
clust1119	0.44569
clust115	0.44569
clust1183	0.44569
clust1217	0.396177
clust1251	0.44569
clust1265	0.44569
clust1278	0.44569
clust1296	0.395755
clust12	0.395755
clust1301	0.44569
clust132	0.44569
clust1331	0.44569
clust1358	0.44569
clust1376	0.392202
clust1388	0.392202
clust145	0.44569
clust1460	0.44569
clust1477	0.395672
clust1485	0.380532
clust1491	0.44569
clust153	0.44569
clust1579	0.395755
clust1582	0.44569
clust1629	0.44569
clust162	0.44569
clust1654	0.44569
clust1660	0.44569
clust166	0.44569
clust1696	0.395755
clust1738	0.395755
clust1743	0.383221
clust1748	0.39374
clust176	0.44569
clust1821	0.44569
clust1836	0.44569
clust1864	0.44569
clust1865	0.44569
clust188	0.44569
clust1906	0.44569
clust1942	0.44569
clust1960	0.44569
clust197	0.44569
clust2050	0.44569
clust2059	0.44569
clust2061	0.44569
clust2063	0.39374
clust2084	0.44569
clust2094	0.39374
clust2138	0.396177
clust213	0.396177
clust2140	0.44569
clust2147	0.44569
clust2163	0.44569
clust2164	0.44569
clust217	0.44569
clust2243	0.396177
clust2248	0.44569
clust2253	0.395672
clust2255	0.396177
clust2280	0.376548
clust2299	0.44569
clust230	0.44569
clust2326	0.44569
clust236	0.44569
clust2373	0.395672
clust2397	0.392202
clust239	0.395755
clust2415	0.44569
clust241	0.44569
clust2425	0.44569
clust2447	0.396177
clust2448	0.44569
clust2462	0.44569
clust246	0.44569
clust2470	0.355182
clust247	0.44569
clust2480	0.44569
clust24	0.44569
clust2509	0.44569
clust2514	0.44569
clust2517	0.383221
clust2537	0.395672
clust2568	0.39374
clust2578	0.395672
clust2585	0.37506
clust261	0.396177
clust2633	0.44569
clust2642	0.39374
clust2643	0.44569
clust2660	0.44569
clust2662	0.395755
clust2706	0.395672
clust2713	0.44569
clust2726	0.44569
clust2739	0.383221
clust2756	0.44569
clust2768	0.44569
clust2774	0.44569
clust282	0.395755
clust2857	0.44569
clust2859	0.44569
clust2860	0.392202
clust2876	0.395672
clust2912	0.392202
clust2922	0.395672
clust2938	0.44569
clust2	0.44569
clust3062	0.395672
clust3111	0.39374
clust32	0.44569
clust346	0.44569
clust379	0.392202
clust383	0.355182
clust397	0.44569
clust398	0.44569
clust403	0.395755
clust405	0.44569
clust411	0.44569
clust41	0.44569
clust42	0.44569
clust44	0.383221
clust45	0.39374
clust462	0.395755
clust475	0.44569
clust477	0.44569
clust500	0.344687
clust51	0.395755
clust529	0.380532
clust531	0.44569
clust547	0.392202
clust551	0.395755
clust55	0.44569
clust581	0.380532
clust588	0.44569
clust5	0.44569
clust616	0.395755
clust61	0.44569
clust664	0.44569
clust66	0.44569
clust679	0.383221
clust696	0.392202
clust708	0.44569
clust727	0.395755
clust747	0.395755
clust782	0.44569
clust783	0.44569
clust791	0.39065
clust867	0.44569
clust86	0.44569
clust875	0.44569
clust962	0.395755
clust965	0.395755
clust970	0.44569
clust981	0.44569
clust1037	0.396177
clust1038	0.329651
clust1060	0.396177
clust1064	0.396177
clust1075	0.303523
clust1085	0.306255
clust1106	0.376548
clust1137	0.395755
clust1145	0.325399
clust1158	0.396177
clust1188	0.395755
clust1224	0.44569
clust1260	0.392202
clust1269	0.284743
clust1300	0.318921
clust1303	0.395755
clust1308	0.318921
clust1321	0.375425
clust1335	0.396177
clust1341	0.372266
clust1359	0.325399
clust1363	0.396177
clust1438	0.396177
clust1442	0.395755
clust1448	0.392202
clust1461	0.325399
clust1489	0.395672
clust1512	0.396177
clust151	0.323048
clust1524	0.396177
clust1562	0.305223
clust1584	0.329651
clust158	0.396177
clust1618	0.365268
clust1630	0.395755
clust1655	0.375425
clust1721	0.396177
clust1823	0.375425
clust1835	0.396177
clust1853	0.369029
clust1913	0.305428
clust1929	0.284743
clust1989	0.395755
clust2003	0.395755
clust203	0.395672
clust2099	0.23811
clust2105	0.318921
clust2106	0.396177
clust2115	0.392202
clust218	0.396177
clust2250	0.395672
clust2279	0.392202
clust231	0.395672
clust2334	0.396177
clust2349	0.366904
clust2362	0.396177
clust2372	0.395755
clust2378	0.365026
clust2495	0.392202
clust2614	0.396177
clust2623	0.23811
clust2647	0.253638
clust2684	0.375425
clust2764	0.207074
clust2820	0.44569
clust2877	0.396177
clust2884	0.392202
clust2909	0.395672
clust2950	0.318519
clust3058	0.396177
clust3146	0.396177
clust373	0.396177
clust378	0.303523
clust394	0.396177
clust402	0.303523
clust459	0.318921
clust519	0.44569
clust535	0.39374
clust600	0.396177
clust610	0.329651
clust657	0.392202
clust662	0.375425
clust682	0.396177
clust685	0.303523
clust701	0.392202
clust714	0.39374
clust725	0.395755
clust740	0.375425
clust748	0.396177
clust763	0.323063
clust765	0.392202
clust768	0.375425
clust779	0.392202
clust780	0.375425
clust806	0.396177
clust809	0.44569
clust827	0.395755
clust840	0.396177
clust843	0.375425
clust844	0.303523
clust84	0.396177
clust85	0.303523
clust866	0.395755
clust917	0.396177
clust91	0.39374
clust934	0.396177
clust943	0.396177
clust967	0.325399
clust990	0.396177
clust1097	0.375425
clust116	0.309227
clust1208	0.396177
clust1236	0.396177
clust124	0.395755
clust1370	0.325399
clust1515	0.250744
clust1730	0.325399
clust2481	0.392202
clust2620	0.44569
clust276	0.30298
clust284	0.383221
clust1768	0.395755
clust2077	0.395672
clust2370	0.318519
clust1089	0.395755
clust1530	0.395755
clust2234	0.301359
clust2432	0.270663
clust316	0.288766
clust1177	0.39374
clust1890	0.35772
clust2002	0.318921
clust2136	0.287759
clust2864	0.284743
clust2281	0.20238
clust2417	0
clust2443	0.20238
clust2868	0.192964
clust1723	0.312045
clust3	0.305223
