clust2912	NCTC13441_02818	1
clust2349	EC958_0553	NCTC13441_03564	SL3261_0411	t2446	4
clust2938	ENC_17990	ERS227112_03403	2
clust394	NCTC13441_03894	SL1344_0129	SEN0130	3
clust685	BN373_28291	EC958_1478	NCTC13441_02632	SEN1262	t1099	5
clust2136	ENC_38970	BN373_33111	BW25113_2311	EC958_2646	STMMW_23781	SL3261_2325	SL1344_2325	SEN2338	t0508	ROD_27191	10
clust2105	ERS227112_02037	EC958_4652	NCTC13441_04291	SL3261_4287	SEN4120	5
clust2063	NCTC13441_02814	1
clust2859	ENC_34220	BN373_42451	BW25113_3185	EC958_3585	STM_MW33021	STMMW_33021	SL3261_3275	SL1344_3275	SEN3136	t3220	10
clust875	BN373_43001	ERS227112_00947	BW25113_3251	EC958_3642	STM_MW33721	STMMW_33721	SL3261_3346	SL1344_3346	SEN3207	t3289	ROD_45651	11
clust2281	ENC_418added	BN373_42981	ERS227112_00949	BW25113_3249	EC958_3640	STM_MW33701	STMMW_33701	SL3261_3344	SL1344_3344	SEN3205	t3287	ROD_45671	12
clust1296	ENC_30640	BN373_38671	BW25113_2828	EC958_5051	STM_MW29631	STMMW_29631	SL3261_2980	SL1344_2980	SEN2844	t2911	ROD_28701	11
clust2662	ENC_305added	BN373_43351	BW25113_3298	EC958_3692	STM_MW34111	STMMW_34111	SL3261_3385	SL1344_3385	SEN3246	9
clust55	ENC_34060	BN373_42281	BW25113_3168	EC958_3570	NCTC13441_00526	STM_MW32861	STMMW_32861	SL3261_3259	SL1344_3259	SEN3121	t3204	ROD_46641	12
clust166	BN373_40961	BW25113_3030	EC958_3433	STM_MW31411	STMMW_31411	SL3261_3155	SL1344_3155	SEN3024	t3102	ROD_35771	10
clust782	ENC_31260	EC958_3172	STM_MW30011	STMMW_30011	SL3261_3017	SL1344_3017	SEN2884	7
clust2857	ENC_25250	BN373_43471	BW25113_3311	EC958_3704	STM_MW34241	STMMW_34241	SL3261_3398	SL1344_3398	SEN3259	9
clust1145	SEN3138	ROD_46331	2
clust1269	BN373_08581	ERS227112_02720	EC958_0555	NCTC13441_03562	SL3261_0413	SEN0401	t2444	ROD_04661	8
clust346	ENC_373added	BW25113_2890	EC958_3171	STM_MW30001	STMMW_30001	SL3261_3016	SL1344_3016	SEN2883	t2958	ROD_49431	BN373_39851	ERS227112_01345	12
clust2115	ENC_28070	BN373_35851	ERS227112_01712	BW25113_2608	EC958_2910	STM_MW26891	STMMW_26891	SL3261_2648	SL1344_2648	SEN2596	t2630	ROD_25581	12
clust840	ERS227112_03593	EC958_1315	NCTC13441_02794	SL1344_1156	ROD_11851	5
clust2643	ENC_25180	BN373_43401	BW25113_3304	EC958_3697	STM_MW34171	STMMW_34171	SL3261_3391	SL1344_3391	SEN3252	9
clust714	ENC_39600	ERS227112_03936	SL3261_2247	SEN2260	4
clust12	ERS227112_02539	EC958_0330	NCTC13441_03792	STM_MW02371	SEN0238	5
clust2255	NCTC13441_03965	SL3261_0048	SL1344_0048	3
clust2397	ERS227112_02044	EC958_4655	NCTC13441_04285	STMMW_43021	SL3261_4291	SL1344_4291	6
clust1836	EC958_0613	NCTC13441_03504	t2372	3
clust124	BN373_48631	ERS227112_00352	BW25113_3935	EC958_4420	NCTC13441_04565	STM_MW40601	STMMW_40601	SL3261_4044	SL1344_4044	SEN3885	ROD_38111	11
clust44	ENC_1added	BW25113_3863	EC958_4341	NCTC13441_04638	STM_MW39641	STMMW_39641	SL3261_3947	SL1344_3947	SEN3788	t3621	ROD_38971	11
clust1491	EC958_1961	SEN1733	2
clust1376	BW25113_0175	NCTC13441_03801	SL1344_0223	3
clust2443	ENC_241added	ERS227112_03115	2
clust682	ENC_45980	ERS227112_02427	NCTC13441_03899	SL1344_0124	SEN0125	ROD_00921	6
clust768	NCTC13441_03898	SL1344_0125	SEN0126	3
clust2147	ENC_20710	ERS227112_03113	NCTC13441_03356	t2222	4
clust1106	ENC_42620	BW25113_4160	EC958_4650	STM_MW42961	STMMW_42961	SL3261_4285	SL1344_4285	SEN4118	t4400	ROD_32221	10
clust1989	ERS227112_05455	NCTC13441_02486	SL1344_1643	3
clust2094	ENC_43340	BW25113_4226	EC958_4720	STM_MW43581	STMMW_43581	SL3261_4347	SL1344_4347	SEN4183	t4468	ROD_32861	10
clust378	NCTC13441_02843	STM_MW11781	STMMW_11781	SL3261_1107	SL1344_1107	5
clust2514	NCTC13441_04253	1
clust2415	BN373_27651	1
clust2253	ERS227112_02381	NCTC13441_03942	STM_MW00921	STMMW_00921	SL1344_0088	5
clust500	ENC_435added	EC958_2891	SL1344_2616	SEN2579	4
clust981	ENC_33090	BN373_41261	ERS227112_01134	BW25113_3064	EC958_3470	NCTC13441_00628	STM_MW31691	STMMW_31691	SL3261_3182	SL1344_3182	SEN3051	t3128	ROD_36161	13
clust61	BN373_32511	BW25113_2231	SEN2254	3
clust2248	ENC_25170	BN373_43391	BW25113_3303	EC958_3696	STM_MW34161	STMMW_34161	SL3261_3390	SL1344_3390	SEN3251	9
clust1321	BN373_28241	NCTC13441_02627	SEN1267	3
clust1177	ENC_01470	BN373_49721	BW25113_3974	EC958_5090	NCTC13441_04521	STM_MW40981	STMMW_40981	SL3261_4083	SL1344_4083	SEN3928	t3487	ROD_37751	12
clust2299	NCTC13441_04511	t3476	ROD_37671	3
clust85	BW25113_4041	EC958_4497	NCTC13441_04445	STM_MW41851	STMMW_41851	SL3261_4172	SL1344_4172	SEN4004	t4141	9
clust1524	0
clust246	NCTC13441_02975	SL1344_0921	SEN0888	3
clust610	EC958_3648	SEN3214	ROD_45581	3
clust696	ENC_34200	BN373_42431	ERS227112_01005	BW25113_3183	EC958_3583	STM_MW33001	STMMW_33001	SL3261_3273	SL1344_3273	SEN3134	t3218	11
clust2585	ENC_36980	BN373_35461	ERS227112_00025	BW25113_2563	EC958_2869	NCTC13441_01176	STM_MW25931	STMMW_25931	SL3261_2539	SL1344_2539	SEN2557	11
clust1300	ERS227112_02810	EC958_0614	NCTC13441_03503	SL3261_0482	t2371	ROD_05331	6
clust2633	BN373_27631	1
clust462	BN373_47491	BW25113_3702	EC958_4175	STM_MW38231	STMMW_38231	SL3261_3805	SL1344_3805	SEN3655	8
clust2660	NCTC13441_04510	STMMW_41051	t3475	ROD_37661	4
clust1835	ENC_30020	BN373_37531	BW25113_2747	EC958_3018	STM_MW28931	STMMW_28931	SL3261_2909	SL1344_2909	SEN2769	t2831	ROD_30621	11
clust970	ENC_25100	BN373_43321	BW25113_3295	EC958_3689	STM_MW34081	STMMW_34081	SL3261_3382	SL1344_3382	SEN3243	9
clust748	EC958_1313	NCTC13441_02796	STM_MW12261	STMMW_12261	SL3261_1154	SL1344_1154	ROD_11831	7
clust3058	ENC_25160	BN373_43381	BW25113_3302	EC958_3695	STM_MW34151	STMMW_34151	SL3261_3389	SL1344_3389	SEN3250	9
clust827	ENC_26270	BN373_44371	BW25113_3433	EC958_3827	STM_MW35281	STMMW_35281	SL3261_3506	SL1344_3506	SEN3363	9
clust86	BN373_27611	1
clust2362	ENC_439added	BN373_35421	ERS227112_00029	BW25113_2559	EC958_2865	STM_MW25841	STMMW_25841	SL3261_2530	SL1344_2530	SEN2548	t0289	11
clust5	BW25113_3987	NCTC13441_04508	STMMW_41061	SL3261_4092	SEN3937	t3474	ROD_37651	7
clust917	ENC_46960	ERS227112_02528	EC958_0319	NCTC13441_03804	STMMW_02261	SL3261_0221	ROD_01761	7
clust2432	ENC_34510	BW25113_4259	EC958_4753	NCTC13441_04189	STM_MW44221	STMMW_44221	SL3261_4406	SL1344_4406	SEN4229	t4511	ROD_33251	11
clust600	ENC_46000	BN373_05811	EC958_0228	NCTC13441_03897	SL3261_0126	SEN0127	6
clust806	ENC_25added	BN373_46151	BW25113_3633	EC958_4041	t3794	ROD_41831	6
clust116	0
clust2448	ENC_25150	BN373_43371	BW25113_3301	EC958_3694	STM_MW34141	STMMW_34141	SL3261_3388	SL1344_3388	SEN3249	9
clust1630	ERS227112_03433	NCTC13441_02971	STMMW_09991	3
clust1864	ENC_25340	BN373_43561	BW25113_3320	EC958_3713	STM_MW34321	STMMW_34321	SL3261_3407	SL1344_3407	SEN3268	9
clust2280	ENC_25010	BN373_43231	EC958_3680	SL1344_3373	SEN3234	t4098	ROD_45351	7
clust2706	ENC_25290	BN373_43511	BW25113_3315	EC958_3708	STM_MW34271	STMMW_34271	SL3261_3402	SL1344_3402	SEN3263	9
clust1721	NCTC13441_02819	1
clust151	ENC_47290	BN373_45651	BW25113_3559	EC958_3964	STM_MW36441	STMMW_36441	SL3261_3620	SL1344_3620	SEN3477	9
clust2140	NCTC13441_04413	STM_MW42061	STMMW_42061	SL1344_4192	ROD_36301	5
clust2756	ENC_25210	BN373_43431	BW25113_3307	EC958_3700	STM_MW34201	STMMW_34201	SL3261_3394	SL1344_3394	SEN3255	9
clust2774	ENC_25300	BN373_43521	BW25113_3316	EC958_3709	STM_MW34281	STMMW_34281	SL3261_3403	SL1344_3403	SEN3264	9
clust1089	ENC_34950	BN373_42991	ERS227112_00948	BW25113_3250	EC958_3641	NCTC13441_00450	STM_MW33711	STMMW_33711	SL3261_3345	SL1344_3345	SEN3206	t3288	ROD_45661	13
clust203	BN373_47701	ERS227112_00449	BW25113_3729	EC958_4202	STM_MW38461	STMMW_38461	SL3261_3828	SL1344_3828	SEN3675	t3658	10
clust379	ENC_34070	BN373_42291	BW25113_3169	EC958_3571	STM_MW32871	STMMW_32871	SL3261_3260	SL1344_3260	SEN3122	t3205	10
clust2726	ENC_25230	BN373_43451	BW25113_3309	EC958_3702	STM_MW34221	STMMW_34221	SL3261_3396	SL1344_3396	SEN3257	9
clust3111	NCTC13441_04813	t3680	ROD_40243	3
clust740	ENC_02580	BN373_46221	EC958_4047	STMMW_37191	SL3261_3696	SL1344_3696	SEN3552	t3788	ROD_41761	9
clust2620	BN373_47511	EC958_4178	NCTC13441_04812	SL1344_3807	SEN3657	t3679	ROD_40242	7
clust2884	BN373_46201	BW25113_3637	EC958_4045	STM_MW37171	STMMW_37171	SL3261_3694	SL1344_3694	SEN3550	8
clust1085	NCTC13441_03606	t2492	2
clust411	ERS227112_03446	1
clust765	BN373_35021	ERS227112_00069A	BW25113_2515	EC958_2825	STM_MW25401	STMMW_25401	SL3261_2485	SL1344_2485	SEN2503	9
clust1251	ENC_47110	BN373_06931	ERS227112_02543	EC958_0334	NCTC13441_03788	t0238	ROD_01961	7
clust477	ENC_28090	BN373_35871	BW25113_2610	EC958_2912	STM_MW26911	STMMW_26911	SL3261_2650	SL1344_2650	SEN2598	t2632	ROD_25601	11
clust1064	NCTC13441_03791	SEN0239	2
clust2860	ENC_45410	STM_MW00441	2
clust1629	NCTC13441_03806	1
clust2462	ENC_25270	BN373_43491	BW25113_3313	EC958_3706	STM_MW34251	STMMW_34251	SL3261_3400	SL1344_3400	SEN3261	9
clust1489	ENC_45560	ERS227112_02375	BW25113_0031	EC958_0164	NCTC13441_03960	SEN0065	t0066	7
clust780	ENC_47050	BN373_06871	ERS227112_02537	BW25113_0182	EC958_0328	NCTC13441_03794	STMMW_02351	SL3261_0230	SL1344_0230	SEN0236	ROD_01851	11
clust1906	ENC_304added	BN373_43331	BW25113_3296	EC958_5072	STM_MW34091	STMMW_34091	SL3261_3383	SL1344_3383	SEN3244	9
clust1000	BN373_45941	ERS227112_00626	BW25113_3608	EC958_4016	NCTC13441_00075	STM_MW36881	STMMW_36881	SL3261_3666	SL1344_3666	SEN3522	t3819	ROD_42081	12
clust1060	BN373_35511	ERS227112_00020	BW25113_2568	EC958_2874	STM_MW25981	STMMW_25981	SL3261_2544	SL1344_2544	SEN2562	9
clust967	ENC_20820	ERS227112_03102	NCTC13441_03367	t2234	4
clust1388	NCTC13441_03807	SEN0224	2
clust153	ENC_34130	BN373_42381	BW25113_3178	EC958_3578	NCTC13441_00515	STM_MW32951	STMMW_32951	SL3261_3268	SL1344_3268	SEN3129	t3213	11
clust2334	EC958_0326	NCTC13441_03796	2
clust1224	BN373_35911	1
clust1582	EC958_0315	NCTC13441_03808	SEN0223	3
clust1865	BN373_29071	STM_MW18121	2
clust2868	ERS227112_03105	1
clust934	BN373_05831	NCTC13441_03895	STMMW_01341	SL3261_0128	SL1344_0128	SEN0129	ROD_00961	7
clust2084	ENC_25220	BN373_43441	BW25113_3308	EC958_3701	STM_MW34211	STMMW_34211	SL3261_3395	SL1344_3395	SEN3256	ROD_45141	10
clust459	ERS227112_03609	SEN1817	2
clust1236	NCTC13441_02820	SL3261_1131	2
clust402	ENC_20600	ERS227112_03124	2
clust1331	0
clust708	ENC_26560	BN373_44651	BW25113_3464	EC958_3858	STM_MW35601	STMMW_35601	SL3261_3536	SL1344_3536	SEN3394	t3951	10
clust664	ENC_37240	BN373_35191	BW25113_2530	EC958_2841	STM_MW25601	STMMW_25601	SL3261_2505	SL1344_2505	SEN2523	9
clust1821	NCTC13441_02795	1
clust1037	ENC_415added	ERS227112_02148	EC958_4756	NCTC13441_04187	SEN4232	5
clust2623	ERS227112_02424	BW25113_0083	EC958_0223	NCTC13441_03902	STMMW_01271	SL3261_0121	SL1344_0121	SEN0122	8
clust866	ENC_34480	EC958_4757	NCTC13441_04186	SL3261_4410	SL1344_4410	SEN4233	ROD_33281	7
clust2002	ENC_04740	EC958_4499	NCTC13441_04443	STM_MW41871	SL3261_4174	SL1344_4174	SEN4006	ROD_37031	8
clust527	EC958_1133	NCTC13441_02967	STM_MW10031	SL3261_0929	SL1344_0929	ROD_09901	6
clust1119	ERS227112_04430	SL1344_1708	2
clust162	ENC_464added	BN373_34161	ERS227112_03821	BW25113_2411	EC958_5024	STM_MW24461	STMMW_24461	SL3261_2390	SL1344_2390	SEN2408	t0431	11
clust2509	ENC_25410	BN373_43641	BW25113_3342	EC958_3738	STM_MW34401	STMMW_34401	SL3261_3415	SL1344_3415	SEN3276	ROD_44771	10
clust3146	0
clust2568	ENC_25090	BN373_43311	BW25113_3294	EC958_3688	STM_MW34071	STMMW_34071	SL3261_3381	SL1344_3381	SEN3242	9
clust236	ERS227112_04273	1
clust1448	ENC_11added	BN373_48901	BW25113_3967	EC958_4455	NCTC13441_04528	SL3261_4080	SL1344_4080	SEN3925	t3494	ROD_37781	10
clust2164	EC958_0318	NCTC13441_03805	SL1344_0220	SEN0226	4
clust2326	ENC_25400	BN373_43631	BW25113_3341	EC958_3737	STM_MW34391	STMMW_34391	SL3261_3414	SL1344_3414	SEN3275	9
clust2578	ENC_25240	BN373_43461	BW25113_3310	EC958_3703	STM_MW34231	STMMW_34231	SL3261_3397	SL1344_3397	SEN3258	9
clust1265	ENC_303added	BW25113_3288	EC958_3681	STM_MW34001	STMMW_34001	SL3261_3374	SL1344_3374	SEN3235	t4097	ROD_45341	10
clust2378	t3787	ROD_41751	2
clust1823	BN373_31931	1
clust747	ENC_31600	BN373_40191	BW25113_2926	EC958_3205	STM_MW30301	STMMW_30301	SL3261_3045	SL1344_3045	SEN2912	t2988	10
clust1260	ENC_27380	ERS227112_01820	EC958_5088	NCTC13441_04523	SL1344_4081	SEN3926	t3489	ROD_37771	8
clust2279	ENC_46140	NCTC13441_03883	2
clust218	ENC_45960	ERS227112_02425	EC958_0224	NCTC13441_03901	STM_MW01281	STMMW_01281	SL3261_0122	SL1344_0122	SEN0123	ROD_00901	10
clust42	NCTC13441_15added	STMMW_01421	SL1344_0136	SEN0137	4
clust1341	ENC_30630	BN373_38661	BW25113_2827	EC958_5050	STM_MW29621	STMMW_29621	SL3261_2979	SL1344_2979	SEN2843	t2910	ROD_28691	11
clust2099	ERS227112_04432	SL1344_1706	2
clust2495	ENC_46570	NCTC13441_03838	2
clust519	BN373_47711	ERS227112_00448	BW25113_3730	EC958_4203	NCTC13441_04787	STM_MW38471	STMMW_38471	SL3261_3829	SL1344_3829	SEN3676	t3657	11
clust990	NCTC13441_03797	SEN0233	2
clust1913	EC958_1003	NCTC13441_03102	SEN0866	ROD_09551	4
clust2077	ERS227112_03148	1
clust2138	BN373_29931	1
clust3062	ENC_25260	BN373_43481	BW25113_3312	EC958_3705	SL3261_3399	SL1344_3399	SEN3260	7
clust2950	SEN3052	1
clust616	BN373_25561	1
clust2	ERS227112_01836	NCTC13441_04507	SEN3938	t3473	ROD_37641	5
clust1723	NCTC13441_02966	SL3261_0930	2
clust1579	BN373_34171	BW25113_2412	EC958_5025	STM_MW24471	STMMW_24471	SL3261_2391	SL1344_2391	SEN2409	8
clust1655	ERS227112_02529	EC958_0320	NCTC13441_03803	STMMW_02271	SL3261_0222	SL1344_0222	SEN0228	t0222	ROD_01771	9
clust66	BN373_47461	BW25113_3699	EC958_4172	STM_MW38201	STMMW_38201	SL3261_3802	SL1344_3802	SEN3652	ROD_40281	9
clust547	BN373_49111	ERS227112_01753	BW25113_3783	EC958_4244	NCTC13441_04740	STMMW_38921	SL3261_3876	SL1344_3876	SEN3722	t3380	ROD_39641	11
clust2537	ENC_25200	BN373_43421	BW25113_3306	EC958_3699	STM_MW34191	STMMW_34191	SL3261_3393	SL1344_3393	SEN3254	9
clust1485	ENC_28060	BN373_35841	BW25113_2607	EC958_2909	NCTC13441_01134	STM_MW26881	STMMW_26881	SL3261_2647	SL1344_2647	SEN2595	t2629	ROD_25571	12
clust261	ENC_30230	BN373_37681	BW25113_2780	EC958_3049	STM_MW29161	STMMW_29161	SL3261_2932	SL1344_2932	SEN2792	t2854	10
clust2820	EC958_4631	NCTC13441_04313	SEN4099	3
clust2003	BN373_25831	ERS227112_04672	SL1344_1358	3
clust403	EC958_0665	NCTC13441_03449	STMMW_06051	SEN0518	4
clust1654	ENC_25280	BN373_43501	BW25113_3314	EC958_3707	STM_MW34261	STMMW_34261	SL3261_3401	SL1344_3401	SEN3262	9
clust276	BN373_49561	ERS227112_01803	BW25113_3835	NCTC13441_04664	STM_MW39431	STMMW_39431	SL3261_3926	SL1344_3926	SEN3767	t3325	ROD_39191	11
clust45	ENC_08330	ERS227112_05459	EC958_1604	3
clust2481	NCTC13441_03563	t2445	2
clust405	BN373_34981	BW25113_2511	EC958_2821	STM_MW25361	STMMW_25361	SL3261_2481	SL1344_2481	SEN2499	8
clust2864	ERS227112_04346	NCTC13441_02706	2
clust2234	EC958_3600	SL3261_3290	ROD_46201	3
clust115	ENC_25390	BN373_43621	BW25113_3340	EC958_3736	STM_MW34381	STMMW_34381	SL3261_3413	SL1344_3413	SEN3274	9
clust1768	ENC_458added	BN373_34781	BW25113_2496	EC958_2801	NCTC13441_01244	STM_MW25131	STMMW_25131	SL3261_2459	SL1344_2459	SEN2477	10
clust1696	ENC_44790	BW25113_4361	EC958_0091	STM_MW44891	STMMW_44891	SL3261_4474	SL1344_4474	SEN4308	t4586	ROD_48601	10
clust2163	ENC_25190	BN373_43411	BW25113_3305	EC958_3698	STM_MW34181	STMMW_34181	SL3261_3392	SL1344_3392	SEN3253	9
clust1460	EC958_1295	NCTC13441_02813	STM_MW12101	SL1344_1138	ROD_11611	5
clust867	BN373_28281	ERS227112_04434	NCTC13441_02631	3
clust2470	ROD_45591	1
clust217	BN373_29661	SEN1102	2
clust2250	ENC_30010	BN373_37521	BW25113_2746	EC958_3017	STM_MW28921	STMMW_28921	SL3261_2908	SL1344_2908	SEN2768	t2830	ROD_30631	11
clust1738	ENC_24790	ERS227112_02570	BW25113_0215	EC958_0358	NCTC13441_03761	STMMW_02631	SL3261_0259	SL1344_0259	SEN0266	t2601	10
clust398	ENC_04830	ERS227112_01911	EC958_4511	NCTC13441_04431	STMMW_41961	SL1344_4182	SEN4015	ROD_36391	8
clust158	ENC_20740	ERS227112_03109	t2227	3
clust657	BN373_33231	BW25113_2323	EC958_2658	STM_MW24001	STMMW_24001	SL3261_2347	SL1344_2347	SEN2360	ROD_27351	9
clust1217	BN373_08491	ERS227112_02711	BW25113_0409	EC958_0547	NCTC13441_03570	STM_MW04781	STMMW_04781	SL3261_0403	SL1344_0403	SEN0391	t2455	ROD_04571	12
clust1208	BN373_17031	ERS227112_03567	EC958_1287	NCTC13441_02821	STMMW_12021	SL3261_1130	SL1344_1130	ROD_11531	8
clust475	ENC_25140	BN373_43361	BW25113_3300	EC958_3693	STM_MW34131	STMMW_34131	SL3261_3387	SL1344_3387	SEN3248	9
clust1097	ENC_46080	BN373_05891	NCTC13441_03889	SL3261_0134	SEN0135	5
clust316	ERS227112_01809	BW25113_3843	EC958_4323	NCTC13441_04658	STMMW_39491	SL3261_3932	SL1344_3932	SEN3773	t3319	ROD_39131	10
clust1137	ENC_20700	ERS227112_03114	NCTC13441_03355	t2221	4
clust1183	ENC_36950	BN373_35491	BW25113_2566	EC958_2872	STM_MW25961	STMMW_25961	SL3261_2542	SL1344_2542	SEN2560	9
clust2447	ENC_02530	EC958_4042	STMMW_37141	SL3261_3691	t3793	ROD_41821	6
clust2417	ENC_44800	BW25113_4362	EC958_0092	NCTC13441_04034	STM_MW44901	STMMW_44901	SL3261_4475	SL1344_4475	SEN4309	t4587	ROD_48611	11
clust581	BN373_35341	BW25113_2551	EC958_2857	STM_MW25721	STMMW_25721	SL3261_2517	SL1344_2517	SEN2535	8
clust2243	ENC_302added	BN373_43191	ERS227112_00903	BW25113_3282	EC958_3676	STM_MW33951	STMMW_33951	SL3261_3369	SL1344_3369	SEN3230	ROD_45391	11
clust725	ENC_403added	BN373_41131	EC958_3461	STMMW_31651	SL3261_3177	SL1344_3177	SEN3046	t3124	ROD_36001	9
clust2713	ENC_34230	BN373_42461	BW25113_3186	EC958_3586	STM_MW33031	STMMW_33031	SL3261_3276	SL1344_3276	SEN3137	t3221	10
clust1358	ENC_26530	BN373_44621	ERS227112_00758	BW25113_3461	EC958_3855	STM_MW35571	STMMW_35571	SL3261_3533	SL1344_3533	SEN3391	ROD_43611	11
clust2922	ENC_28080	BN373_35861	BW25113_2609	EC958_2911	STM_MW26901	STMMW_26901	SL3261_2649	SL1344_2649	SEN2597	t2631	ROD_25591	11
clust383	ERS227112_02458	EC958_0258	NCTC13441_03865	STMMW_01601	SL1344_0154	SEN0158	6
clust1660	ENC_34380	ROD_46191	2
clust41	ERS227112_03116	1
clust145	BN373_27661	1
clust1562	ENC_46050	BN373_05861	ERS227112_02434	BW25113_0093	EC958_0233	NCTC13441_03892	STMMW_01371	SL3261_0131	SL1344_0131	SEN0132	10
clust1075	ENC_31470	BN373_40071	ERS227112_01323	BW25113_2907	EC958_3188	STM_MW30171	STMMW_30171	SL3261_3033	SL1344_3033	SEN2900	t2975	ROD_49261	12
clust844	NCTC13441_04497	STM_MW41201	SL3261_4106	SL1344_4106	SEN3953	t3464	ROD_37551	7
clust662	ENC_34260	BN373_42491	BW25113_3189	EC958_3589	STM_MW33061	STMMW_33061	SL3261_3279	SL1344_3279	SEN3140	t3224	10
clust188	ENC_23400	1
clust2909	NCTC13441_04251	1
clust1530	ERS227112_04431	STM_MW17711	SL3261_1707	SL1344_1707	4
clust791	BN373_40181	BW25113_2925	EC958_3204	STM_MW30291	STMMW_30291	SL3261_3044	SL1344_3044	SEN2911	t2987	9
clust1512	NCTC13441_03795	SEN0235	2
clust1359	ENC_04710	BN373_00351	ERS227112_01900	EC958_4496	NCTC13441_04446	STM_MW41841	STMMW_41841	SL3261_4171	SL1344_4171	SEN4003	t4140	ROD_37061	12
clust809	BN373_47481	BW25113_3701	EC958_4174	STM_MW38221	STMMW_38221	SL3261_3804	SL1344_3804	SEN3654	8
clust1618	ENC_27930	STMMW_26791	SL1344_2623	SEN2586	ROD_25371	5
clust2647	ENC_46770	ERS227112_02512	NCTC13441_03820	SL3261_0205	SL1344_0205	5
clust1442	ENC_34120	BN373_42371	ERS227112_01012	BW25113_3177	EC958_3577	NCTC13441_00516	STM_MW32931	STMMW_32931	SL3261_3266	SL1344_3266	SEN3128	t3212	ROD_46441	13
clust843	ENC_38920	BN373_33151	BW25113_2315	EC958_2650	STMMW_23871	SL3261_2334	SL1344_2334	SEN2347	ROD_27271	9
clust2061	BN373_48051	BW25113_3865	EC958_4343	STM_MW39651	STMMW_39651	SL3261_3948	SL1344_3948	SEN3789	8
clust32	ERS227112_02356	EC958_0158	NCTC13441_03966	STMMW_00471	SL1344_0047	SEN0046	6
clust1335	BN373_34711	BW25113_2478	EC958_2795	STM_MW25071	STMMW_25071	SL3261_2452	SL1344_2452	SEN2468	8
clust2517	ENC_31990	BN373_40351	BW25113_2949	EC958_3235	STMMW_30581	SL3261_3072	SL1344_3072	SEN2940	t3009	ROD_50371	10
clust2059	EC958_5093	NCTC13441_04514	SL3261_4087	t3479	ROD_37701	5
clust230	NCTC13441_03311	STMMW_07441	SL1344_0668	3
clust1278	ENC_25310	BN373_43531	BW25113_3317	EC958_3710	STM_MW34291	STMMW_34291	SL3261_3404	SL1344_3404	SEN3265	9
clust2480	ENC_25120	BN373_43341	BW25113_3297	EC958_3691	STM_MW34101	STMMW_34101	SL3261_3384	SL1344_3384	SEN3245	9
clust531	ENC_46060	EC958_0234	NCTC13441_03891	STMMW_01381	SL3261_0132	SL1344_0132	t0136	7
clust965	ERS227112_03665	EC958_2001	2
clust2876	ENC_34030	BN373_42251	BW25113_3165	EC958_3567	STM_MW32831	STMMW_32831	SL3261_3256	SL1344_3256	SEN3118	t3201	10
clust231	NCTC13441_02978	1
clust197	STMMW_31721	SEN3054	t3131	3
clust2373	ENC_34740	BN373_42801	BW25113_3231	EC958_3623	STM_MW33441	STMMW_33441	SL3261_3317	SL1344_3317	SEN3178	t3261	ROD_45921	11
clust284	EC958_4632	NCTC13441_04312	STMMW_42791	SL1344_4267	SEN4100	5
clust2372	ENC_20580	ERS227112_03126	t2205	3
clust2642	ENC_28050	BN373_35831	BW25113_2606	EC958_2908	STM_MW26871	STMMW_26871	SL3261_2646	SL1344_2646	SEN2594	t2628	ROD_25561	11
clust1301	ENC_45420	BN373_05011	BW25113_0025	EC958_0157	NCTC13441_03967	STM_MW00461	STMMW_00461	SL3261_0046	SL1344_0046	SEN0045	t0047	11
clust783	ENC_15020	ERS227112_03611	SEN1815	3
clust1853	0
clust779	ENC_20750	ERS227112_03108	2
clust282	NCTC13441_04811	SEN3659	t3678	ROD_40241	4
clust1363	ENC_46870	1
clust24	BW25113_4258	EC958_4752	STM_MW44211	STMMW_44211	SL3261_4405	SL1344_4405	SEN4228	t4510	ROD_33241	9
clust132	ENC_40450	ERS227112_04019	SL1344_2132	SEN2148	4
clust1584	BN373_49541	ERS227112_01801	EC958_4315	NCTC13441_04666	STM_MW39411	STMMW_39411	SL1344_3924	SEN3765	t3327	ROD_39211	10
clust1158	BN373_33161	ERS227112_03873	BW25113_2316	EC958_2651	STM_MW23881	STMMW_23881	SL3261_2335	SL1344_2335	SEN2348	ROD_27281	10
clust3	NCTC13441_02965	STMMW_10051	SL1344_0931	3
clust213	BN373_08481	EC958_0546	NCTC13441_03571	STMMW_04771	SL1344_0402	SEN0390	t2456	ROD_04561	8
clust2425	NCTC13441_04513	t3478	ROD_37691	3
clust1960	ENC_25330	BN373_43551	BW25113_3319	EC958_3712	STM_MW34311	STMMW_34311	SL3261_3406	SL1344_3406	SEN3267	9
clust2614	BW25113_3981	EC958_5092	NCTC13441_04515	SL1344_4086	SEN3931	t3480	ROD_37711	7
clust727	NCTC13441_03890	1
clust1038	ENC_47300	BN373_45661	BW25113_3560	EC958_3965	STM_MW36451	STMMW_36451	SL3261_3621	SL1344_3621	SEN3478	t3863	10
clust1461	t2440	1
clust763	ENC_38020	ERS227112_03774	BW25113_2472	EC958_2788	STMMW_25021	SL3261_2446	SL1344_2446	SEN2462	ROD_24201	9
clust51	ENC_29420	BN373_36621	BW25113_2697	EC958_2962	STM_MW27891	STMMW_27891	SL3261_2807	SL1344_2807	SEN2668	t2728	10
clust2106	ERS227112_03467	NCTC13441_02942	2
clust1477	ENC_46910	1
clust701	ENC_46010	BN373_05821	ERS227112_02430	BW25113_0089	EC958_0229	NCTC13441_03896	SL3261_0127	SL1344_0127	SEN0128	t0131	ROD_00951	11
clust2684	ENC_32980	BN373_41151	ERS227112_01144	BW25113_3058	EC958_3463	NCTC13441_00634	STM_MW31671	STMMW_31671	SL3261_3179	SL1344_3179	SEN3048	t3126	ROD_36031	13
clust588	BN373_35011	BW25113_2514	EC958_2824	STM_MW25391	STMMW_25391	SL3261_2484	SL1344_2484	SEN2502	8
clust943	BN373_08551	ERS227112_02717	BW25113_0414	NCTC13441_03565	STM_MW04861	STMMW_04861	SL3261_0410	SL1344_0410	SEN0398	t2447	ROD_04631	11
clust176	BN373_04961	EC958_0146	NCTC13441_03979	SL3261_0012	SL1344_0012	SEN0011	6
clust679	ROD_50471	1
clust962	BN373_27621	1
clust397	BN373_34121	BW25113_2400	EC958_5016	STM_MW24371	STMMW_24371	SL3261_2381	SL1344_2381	SEN2399	ROD_28181	9
clust1942	ENC_02720	EC958_4055	STMMW_37291	SL1344_3706	SEN3562	t3778	ROD_41681	7
clust2768	ENC_25320	BN373_43541	BW25113_3318	EC958_3711	STM_MW34301	STMMW_34301	SL3261_3405	SL1344_3405	SEN3266	9
clust1743	EC958_5095	NCTC13441_04512	SL1344_4089	SEN3934	t3477	ROD_37681	6
clust1929	BN373_49281	BW25113_3804	EC958_4265	NCTC13441_04716	STM_MW39081	STMMW_39081	SL3261_3892	SL1344_3892	SEN3738	9
clust1188	EC958_0161	NCTC13441_03963	SL3261_0050	3
clust2877	ENC_39830	ERS227112_03962	2
clust241	ENC_47160	1
clust1890	ENC_32880	BN373_41061	BW25113_3041	EC958_3451	STM_MW31561	STMMW_31561	SL3261_3168	SL1344_3168	SEN3037	t3115	ROD_35901	11
clust1748	ENC_32530	BN373_40881	BW25113_3018	EC958_3416	STM_MW31331	STMMW_31331	SL3261_3147	SL1344_3147	SEN3016	t3094	ROD_35641	11
clust1730	ENC_36940	BN373_35501	ERS227112_00020A	BW25113_2567	EC958_2873	STM_MW25971	STMMW_25971	SL3261_2543	SL1344_2543	SEN2561	t0277	11
clust529	ENC_30220	BN373_37671	BW25113_2779	EC958_3048	STM_MW29151	STMMW_29151	SL3261_2931	SL1344_2931	SEN2791	t2853	10
clust1308	BN373_39931	BW25113_2898	EC958_3180	STM_MW30081	STMMW_30081	SL3261_3024	SL1344_3024	SEN2891	t2966	ROD_49351	10
clust535	ENC_34110	BN373_42361	BW25113_3176	EC958_3576	NCTC13441_00517	STM_MW32921	STMMW_32921	SL3261_3265	SL1344_3265	SEN3127	t3211	11
clust239	BN373_41281	EC958_3472	STMMW_31711	SL3261_3184	SL1344_3184	SEN3053	t3130	ROD_36181	8
clust2050	ERS227112_04426	1
clust2764	ENC_30030	BN373_37541	ERS227112_01550	BW25113_2748	EC958_3019	STM_MW28941	STMMW_28941	SL3261_2910	SL1344_2910	SEN2770	t2832	11
clust373	BW25113_0085	EC958_0225	NCTC13441_03900	STMMW_01291	SEN0124	5
clust1303	BN373_49711	ERS227112_01821	BW25113_3973	EC958_5089	NCTC13441_04522	STM_MW40971	STMMW_40971	SL3261_4082	SL1344_4082	SEN3927	t3488	ROD_37761	12
clust551	NCTC13441_03100	STMMW_09751	SEN0868	3
clust247	ERS227112_02804A	EC958_0609	NCTC13441_14added	SL3261_0477	SL1344_0477	t2376	ROD_05281	7
clust91	ERS227112_03937	SL3261_2246	SEN2259	ROD_23551	4
clust1438	NCTC13441_02974	SL3261_0922	SL1344_0922	ROD_09831	4
clust2739	ENC_25350	BN373_43571	BW25113_3321	EC958_3714	STM_MW34331	STMMW_34331	SL3261_3408	SL1344_3408	SEN3269	9
clust1370	BN373_49291	BW25113_3805	EC958_4266	NCTC13441_04715	STM_MW39091	STMMW_39091	SL3261_3893	SL1344_3893	SEN3739	ROD_39461	10
clust84	ENC_47000	EC958_0323	NCTC13441_03799	STMMW_02301	SL3261_0225	SEN0231	6
clust1515	ENC_37210	SL3261_2508	2
clust2370	ENC_586added	BN373_49691	BW25113_3850	EC958_4330	NCTC13441_04651	SL3261_3940	SL1344_3940	t3311	ROD_39051	9
