[17:26:41] Command: --outdir results/prokka/ETEC --locustag ETEC --genus Escherichia --species coli --kingdom Bacteria --gram neg /home/fatemeh/EnTrI/data/fasta-genome/chromosome/ETEC.fa
[17:26:41] Looking for 'aragorn' - found /usr/bin/aragorn
[17:26:41] Determined aragorn version is 1.2
[17:26:41] Looking for 'blastp' - found /usr/bin/blastp
[17:26:41] Determined blastp version is 2.2
[17:26:41] Looking for 'cmpress' - found /usr/local/bin/cmpress
[17:26:41] Determined cmpress version is 1.1
[17:26:41] Looking for 'cmscan' - found /usr/local/bin/cmscan
[17:26:41] Determined cmscan version is 1.1
[17:26:41] Looking for 'egrep' - found /bin/egrep
[17:26:41] Looking for 'find' - found /usr/bin/find
[17:26:41] Looking for 'grep' - found /bin/grep
[17:26:41] Looking for 'hmmpress' - found /usr/local/bin/hmmpress
[17:26:41] Determined hmmpress version is 3.1
[17:26:41] Looking for 'hmmscan' - found /usr/local/bin/hmmscan
[17:26:41] Determined hmmscan version is 3.1
[17:26:41] Looking for 'less' - found /usr/bin/less
[17:26:41] Looking for 'makeblastdb' - found /usr/bin/makeblastdb
[17:26:41] Determined makeblastdb version is 2.2
[17:26:41] Looking for 'minced' - found /home/fatemeh/program-bank/prokka-1.11/bin/../binaries/linux/../common/minced
[17:26:41] Determined minced version is 1.6
[17:26:41] Looking for 'parallel' - found /usr/bin/parallel
[17:26:42] Determined parallel version is 20130922
[17:26:42] Looking for 'prodigal' - found /usr/bin/prodigal
[17:26:42] Determined prodigal version is 2.6
[17:26:42] Looking for 'prokka-genbank_to_fasta_db' - found /home/fatemeh/program-bank/prokka-1.11/bin/prokka-genbank_to_fasta_db
[17:26:42] Looking for 'sed' - found /bin/sed
[17:26:42] Looking for 'signalp' - found /home/fatemeh/program-bank/signalp
[17:26:42] Determined signalp version is 4.1
[17:26:42] Looking for 'tbl2asn' - found /home/fatemeh/program-bank/tbl2asn
[17:26:42] Determined tbl2asn version is 23.9
[17:26:42] Using genetic code table 11.
[17:26:42] Loading and checking input file: /home/fatemeh/EnTrI/data/fasta-genome/chromosome/ETEC.fa
[17:26:43] Wrote 6 contigs
[17:26:43] Predicting tRNAs and tmRNAs
[17:26:43] Running: aragorn -gc11  -w results\/prokka\/ETEC\/ETEC_03142017\.fna
[17:26:47] 1 tRNA-Ile [228649,228725] 35 (gat)
[17:26:47] 2 tRNA-Ala [228768,228841] 34 (tgc)
[17:26:47] 3 tRNA-Asp [232196,232272] 35 (gtc)
[17:26:47] 4 tRNA-Asp [240420,240496] 35 (gtc)
[17:26:47] 5 tRNA-Thr [297312,297387] 34 (cgt)
[17:26:47] 6 tRNA-Ser [408036,408116] 38 (gga)
[17:26:47] 7 tRNA-Arg [629208,629284] 35 (tct)
[17:26:47] 8 tRNA-Gln c[750183,750257] 33 (ctg)
[17:26:47] 9 tRNA-Gln c[750295,750369] 33 (ctg)
[17:26:47] 10 tRNA-Met c[750417,750493] 35 (cat)
[17:26:47] 11 tRNA-Gln c[750509,750583] 33 (ttg)
[17:26:47] 12 tRNA-Gln c[750618,750692] 33 (ttg)
[17:26:47] 13 tRNA-Leu c[750716,750800] 35 (tag)
[17:26:47] 14 tRNA-Met c[750810,750886] 35 (cat)
[17:26:47] 15 tRNA-Lys [832529,832604] 34 (ttt)
[17:26:47] 16 tRNA-Val [832740,832815] 34 (tac)
[17:26:47] 17 tRNA-Lys [832818,832893] 34 (ttt)
[17:26:47] 18 tRNA-Val [832945,833020] 34 (tac)
[17:26:47] 19 tRNA-Lys [833024,833099] 34 (ttt)
[17:26:47] 20 tRNA-Lys [833246,833321] 34 (ttt)
[17:26:47] 21 tRNA-Lys [833454,833529] 34 (ttt)
[17:26:47] 22 tRNA-Ser c[1029463,1029550] 35 (gga)
[17:26:47] 23 tRNA-Ser c[1137866,1137953] 35 (tga)
[17:26:47] 24 tRNA-Ser c[1202848,1202935] 35 (gga)
[17:26:47] 25 tRNA-Met [1304817,1304892] 34 (cat)
[17:26:47] 26 tRNA-Arg [1304900,1304976] 35 (tcg)
[17:26:47] 27 tRNA-Arg [1304990,1305066] 35 (tct)
[17:26:47] 28 tRNA-Tyr c[1427671,1427755] 35 (gta)
[17:26:47] 29 tRNA-Tyr c[1427965,1428049] 35 (gta)
[17:26:47] 30 tRNA-Tyr c[1428259,1428343] 35 (gta)
[17:26:47] 31 tRNA-Val [1845787,1845863] 35 (gac)
[17:26:47] 32 tRNA-Val [1845868,1845944] 35 (gac)
[17:26:47] 33 tRNA-Leu c[2169652,2169738] 35 (taa)
[17:26:47] 34 tRNA-Cys c[2169751,2169824] 33 (gca)
[17:26:47] 35 tRNA-Gly c[2169879,2169954] 34 (gcc)
[17:26:47] 36 tRNA-Ser c[2219280,2219369] 35 (cga)
[17:26:47] 37 tRNA-Asn [2220361,2220436] 34 (gtt)
[17:26:47] 38 tRNA-Asn c[2262367,2262442] 34 (gtt)
[17:26:47] 39 tRNA-Asn [2264191,2264266] 34 (gtt)
[17:26:47] 40 tRNA-Asn [2266599,2266674] 34 (gtt)
[17:26:47] 41 tRNA-Pro [2513007,2513083] 35 (ggg)
[17:26:47] 42 tRNA-Arg [2693472,2693546] 34 (cct)
[17:26:47] 43 tRNA-Ala c[2734990,2735065] 34 (ggc)
[17:26:47] 44 tRNA-Ala c[2735105,2735180] 34 (ggc)
[17:26:47] 45 tRNA-Val [2737880,2737955] 34 (tac)
[17:26:47] 46 tRNA-Val [2738000,2738075] 34 (tac)
[17:26:47] 47 tRNA-Val [2738122,2738197] 34 (tac)
[17:26:47] 48 tRNA-Lys [2738202,2738277] 34 (ttt)
[17:26:47] 49 tRNA-Arg [2868221,2868297] 35 (tct)
[17:26:47] 50 tRNA-Glu c[3024970,3025045] 35 (ttc)
[17:26:47] 51 tmRNA [3051082,3051444] 90,125 ANDENYALAA**
[17:26:47] 52 tRNA-Met c[3079843,3079918] 34 (cat)
[17:26:47] 53 tRNA-Arg c[3111833,3111909] 35 (acg)
[17:26:47] 54 tRNA-Arg c[3112108,3112184] 35 (acg)
[17:26:47] 55 tRNA-Arg c[3112247,3112323] 35 (acg)
[17:26:47] 56 tRNA-Ser c[3112327,3112419] 35 (gct)
[17:26:47] 57 tRNA-Met [3243318,3243394] 35 (cat)
[17:26:47] 58 tRNA-Met [3243428,3243504] 35 (cat)
[17:26:47] 59 tRNA-Met [3243538,3243614] 35 (cat)
[17:26:47] 60 tRNA-Gly c[3301782,3301855] 33 (ccc)
[17:26:47] 61 tRNA-Phe [3413160,3413235] 34 (gaa)
[17:26:47] 62 tRNA-Gly c[3469404,3469478] 36 (gcc)
[17:26:47] 63 tRNA-Met [3606285,3606360] 34 (cat)
[17:26:47] 64 tRNA-Met c[3711210,3711286] 35 (cat)
[17:26:47] 65 tRNA-Leu c[3715069,3715155] 35 (gag)
[17:26:47] 66 tRNA-Thr c[3810057,3810132] 34 (ggt)
[17:26:47] 67 tRNA-Ala c[3813435,3813510] 34 (tgc)
[17:26:47] 68 tRNA-Ile c[3813553,3813629] 35 (gat)
[17:26:47] 69 tRNA-Pro c[4093892,4093968] 35 (cgg)
[17:26:47] 70 tRNA-seC [4215539,4215633] 35 (tca)
[17:26:47] 71 tRNA-Glu [4365606,4365681] 35 (ttc)
[17:26:47] 72 tRNA-Asp [4369043,4369119] 35 (gtc)
[17:26:47] 73 tRNA-Trp [4369128,4369203] 34 (cca)
[17:26:47] 74 tRNA-Arg [4404546,4404622] 35 (ccg)
[17:26:47] 75 tRNA-His [4404681,4404756] 34 (gtg)
[17:26:47] 76 tRNA-Ser [4404777,4404863] 35 (cag)
[17:26:47] 77 tRNA-Pro [4404906,4404982] 35 (tgg)
[17:26:47] 78 tRNA-Ile [4459260,4459336] 35 (gat)
[17:26:47] 79 tRNA-Ala [4459379,4459454] 34 (tgc)
[17:26:47] 80 tRNA-Glu [4590793,4590868] 35 (ttc)
[17:26:47] 81 tRNA-Thr [4597812,4597887] 34 (tgt)
[17:26:47] 82 tRNA-Tyr [4597896,4597980] 35 (gta)
[17:26:47] 83 tRNA-Gly [4598097,4598171] 34 (tcc)
[17:26:47] 84 tRNA-Thr [4598178,4598253] 34 (ggt)
[17:26:47] 85 tRNA-Glu [4632172,4632247] 35 (ttc)
[17:26:47] 86 tRNA-Phe c[4868130,4868205] 34 (gaa)
[17:26:47] 87 tRNA-Gly [4897935,4898010] 34 (gcc)
[17:26:47] 88 tRNA-Gly [4898168,4898243] 34 (gcc)
[17:26:47] 89 tRNA-Gly [4898279,4898354] 34 (gcc)
[17:26:47] 90 tRNA-Leu [5003156,5003240] 35 (caa)
[17:26:47] 91 tRNA-Ser c[5068826,5068912] 35 (cag)
[17:26:47] 92 tRNA-Ser c[5068947,5069033] 35 (cag)
[17:26:47] 93 tRNA-Ser c[5069062,5069148] 35 (cag)
[17:26:47] Found 93 tRNAs
[17:26:47] Predicting Ribosomal RNAs
[17:26:47] You need either Barrnap or RNAmmer installed to predict rRNAs!
[17:26:47] Skipping ncRNA search, enable with --rfam if desired.
[17:26:47] Total of 92 tRNA + rRNA features
[17:26:47] Searching for CRISPR repeats
[17:26:49] CRISPR1 FN649414 3171414 with 4 spacers
[17:26:49] CRISPR2 FN649414 3199882 with 8 spacers
[17:26:49] Found 2 CRISPRs
[17:26:49] Predicting coding sequences
[17:26:49] Contigs total 5392982 bp, so using single mode
[17:26:49] Running: prodigal -i results\/prokka\/ETEC\/ETEC_03142017\.fna -c -m -g 11 -p single -f sco -q
[17:27:05] Excluding CDS which overlaps existing RNA (tRNA) at FN649414:408106..408351 on + strand
[17:27:07] Excluding CDS which overlaps existing RNA (tRNA) at FN649414:1029062..1029661 on + strand
[17:27:08] Excluding CDS which overlaps existing RNA (tRNA) at FN649414:1202486..1202971 on + strand
[17:27:09] Excluding CDS which overlaps existing RNA (tRNA) at FN649414:1427465..1428352 on + strand
[17:27:14] Excluding CDS which overlaps existing RNA (tRNA) at FN649414:3111999..3112616 on + strand
[17:27:14] Excluding CDS which overlaps existing RNA (repeat_region) at FN649414:3171421..3171594 on - strand
[17:27:14] Excluding CDS which overlaps existing RNA (tRNA) at FN649414:3469165..3469755 on + strand
[17:27:15] Excluding CDS which overlaps existing RNA (tRNA) at FN649414:3809980..3810303 on + strand
[17:27:20] Found 5201 CDS
[17:27:20] Connecting features back to sequences
[17:27:20] Looking for signal peptides at start of predicted proteins
[17:27:20] Treating Bacteria as gram-
[17:27:31] Running: signalp -t gram- -f short  results\/prokka\/ETEC\/signalp\.faa 2> /dev/null
[17:40:30] Found 446 signal peptides
[17:40:30] Deleting unwanted file: results/prokka/ETEC/signalp.faa
[17:40:30] Not using genus-specific database. Try --usegenus to enable it.
[17:40:30] Annotating CDS, please be patient.
[17:40:30] Will use 4 CPUs for similarity searching.
[17:40:41] There are still 5201 unannotated CDS left (started with 5201)
[17:40:41] Will use blast to search against /home/fatemeh/program-bank/prokka-1.11/bin/../db/kingdom/Bacteria/sprot with 4 CPUs
[17:40:41] Running: cat results\/prokka\/ETEC\/sprot\.faa | parallel --gnu --plain -j 4 --block 200222 --recstart '>' --pipe blastp -query - -db /home/fatemeh/program-bank/prokka-1.11/bin/../db/kingdom/Bacteria/sprot -evalue 1e-06 -num_threads 1 -num_descriptions 1 -num_alignments 1 -seg no > results\/prokka\/ETEC\/sprot\.blast 2> /dev/null
[17:54:29] Modify product: Uncharacterized metallophosphoesterase Cj0846 => putative metallophosphoesterase
[17:54:29] Modify product: Probable tRNA (adenine(37)-N6)-methyltransferase => putative tRNA (adenine(37)-N6)-methyltransferase
[17:54:29] Modify product: Uncharacterized methyltransferase YcgJ => putative methyltransferase YcgJ
[17:54:30] Modify product: Probable copper-binding protein PcoE precursor => putative copper-binding protein PcoE precursor
[17:54:30] Modify product: Probable endopeptidase YafL precursor => putative endopeptidase YafL precursor
[17:54:30] Modify product: Uncharacterized N-acetyltransferase YafP => putative N-acetyltransferase YafP
[17:54:30] Modify product: Uncharacterized HTH-type transcriptional regulator HI_1476 => putative HTH-type transcriptional regulator
[17:54:30] Modify product: Fimbrillin MatB homolog precursor => hypothetical protein
[17:54:30] Modify product: Uncharacterized membrane protein YkgR => putative membrane protein YkgR
[17:54:30] Modify product: Uncharacterized transporter YycB => putative transporter YycB
[17:54:30] Modify product: Probable diguanylate cyclase AdrA => putative diguanylate cyclase AdrA
[17:54:30] Modify product: Uncharacterized lipoprotein YajI precursor => putative lipoprotein YajI precursor
[17:54:30] Modify product: Probable multidrug resistance ABC transporter ATP-binding/permease protein YheI => putative multidrug resistance ABC transporter ATP-binding/permease protein YheI
[17:54:30] Modify product: Uncharacterized membrane protein YjcC => putative membrane protein YjcC
[17:54:30] Modify product: Uncharacterized HTH-type transcriptional regulator YbaQ => putative HTH-type transcriptional regulator YbaQ
[17:54:30] Modify product: Uncharacterized ABC transporter ATP-binding protein YbbL => putative ABC transporter ATP-binding protein YbbL
[17:54:30] Modify product: Probable deoxyribonuclease RhsA => putative deoxyribonuclease RhsA
[17:54:30] Modify product: Bifunctional protein FolD => Bifunctional protein FolD protein
[17:54:30] Modify product: Uncharacterized fimbrial-like protein ElfG precursor => putative fimbrial-like protein ElfG precursor
[17:54:30] Modify product: Probable deoxyribonuclease RhsA => putative deoxyribonuclease RhsA
[17:54:31] Modify product: Probable manganese efflux pump MntP => putative manganese efflux pump MntP
[17:54:31] Modify product: Uncharacterized HTH-type transcriptional regulator YbbH => putative HTH-type transcriptional regulator YbbH
[17:54:31] Modify product: Probable transcriptional regulatory protein YebC => putative transcriptional regulatory protein YebC
[17:54:31] Modify product: Probable type I restriction enzyme BthVORF4518P M protein => putative type I restriction enzymeP M protein
[17:54:31] Modify product: Probable diguanylate cyclase YedQ => putative diguanylate cyclase YedQ
[17:54:31] Modify product: Uncharacterized inner membrane transporter YedA => putative inner membrane transporter YedA
[17:54:31] Modify product: Probable sensor-like histidine kinase YedV => putative sensor-like histidine kinase YedV
[17:54:31] Modify product: Probable transcriptional regulatory protein YedW => putative transcriptional regulatory protein YedW
[17:54:31] Modify product: Putative multidrug export ATP-binding/permease protein SAV1866 => Putative multidrug export ATP-binding/permease protein
[17:54:31] Modify product: Probable transcriptional regulatory protein YeeN => putative transcriptional regulatory protein YeeN
[17:54:31] Modify product: Probable L,D-transpeptidase ErfK/SrfK precursor => putative L,D-transpeptidase ErfK/SrfK precursor
[17:54:31] Modify product: PGL/p-HBAD biosynthesis glycosyltransferase Rv2957/MT3031 => PGL/p-HBAD biosynthesis glycosyltransferase/MT3031
[17:54:31] Modify product: Probable diguanylate cyclase YegE => putative diguanylate cyclase YegE
[17:54:31] Modify product: Uncharacterized protease YhbU precursor => putative protease YhbU precursor
[17:54:31] Modify product: Phosphorylated carbohydrates phosphatase TM_1254 => Phosphorylated carbohydrates phosphatase
[17:54:31] Modify product: Uncharacterized HTH-type transcriptional regulator YegW => putative HTH-type transcriptional regulator YegW
[17:54:31] Modify product: Uncharacterized lipoprotein YehR precursor => putative lipoprotein YehR precursor
[17:54:32] Modify product: Probable autotransporter ROD_p1121 precursor => putative autotransporter precursor
[17:54:32] Modify product: Uncharacterized HTH-type transcriptional regulator RhmR => putative HTH-type transcriptional regulator RhmR
[17:54:32] Modify product: Probable 4-deoxy-4-formamido-L-arabinose-phosphoundecaprenol deformylase ArnD => putative 4-deoxy-4-formamido-L-arabinose-phosphoundecaprenol deformylase ArnD
[17:54:32] Modify product: Probable 4-amino-4-deoxy-L-arabinose-phosphoundecaprenol flippase subunit ArnE => putative 4-amino-4-deoxy-L-arabinose-phosphoundecaprenol flippase subunit ArnE
[17:54:32] Modify product: Probable 4-amino-4-deoxy-L-arabinose-phosphoundecaprenol flippase subunit ArnF => putative 4-amino-4-deoxy-L-arabinose-phosphoundecaprenol flippase subunit ArnF
[17:54:32] Modify product: Uncharacterized Nudix hydrolase YfcD => putative Nudix hydrolase YfcD
[17:54:32] Modify product: Epimerase family protein SA0724 => Epimerase family protein
[17:54:32] Modify product: Probable siderophore transport system ATP-binding protein YusV => putative siderophore transport system ATP-binding protein YusV
[17:54:32] Modify product: Uncharacterized HTH-type transcriptional regulator YbdO => putative HTH-type transcriptional regulator YbdO
[17:54:32] Modify product: Uncharacterized HTH-type transcriptional regulator YbdO => putative HTH-type transcriptional regulator YbdO
[17:54:32] Modify product: Probable glutamine ABC transporter permease protein GlnM => putative glutamine ABC transporter permease protein GlnM
[17:54:32] Modify product: Uncharacterized lipoprotein ChiQ precursor => putative lipoprotein ChiQ precursor
[17:54:33] Modify product: Uncharacterized ABC transporter ATP-binding protein YlmA => putative ABC transporter ATP-binding protein YlmA
[17:54:33] Modify product: Probable hydrogen peroxide-inducible genes activator => putative hydrogen peroxide-inducible genes activator
[17:54:33] Modify product: Uncharacterized HTH-type transcriptional regulator CBU_1416 => putative HTH-type transcriptional regulator
[17:54:33] Modify product: Uncharacterized ABC transporter ATP-binding protein YbhF => putative ABC transporter ATP-binding protein YbhF
[17:54:33] Modify product: Probable ATP-dependent helicase DinG => putative ATP-dependent helicase DinG
[17:54:33] Modify product: Uncharacterized oxidoreductase YbiC => putative oxidoreductase YbiC
[17:54:33] Modify product: PKHD-type hydroxylase Sbal_3634 => PKHD-type hydroxylase
[17:54:33] Modify product: Probable L,D-transpeptidase YbiS precursor => putative L,D-transpeptidase YbiS precursor
[17:54:33] Modify product: Uncharacterized ABC transporter ATP-binding protein YheS => putative ABC transporter ATP-binding protein YheS
[17:54:33] Modify product: Uncharacterized lipoprotein YbjP precursor => putative lipoprotein YbjP precursor
[17:54:33] Modify product: Uncharacterized MFS-type transporter YcaD => putative MFS-type transporter YcaD
[17:54:33] Modify product: Probable formate transporter 1 => putative formate transporter 1
[17:54:33] Modify product: Probable metallo-hydrolase M6_Spy0554 => putative metallo-hydrolase
[17:54:33] Modify product: Probable fimbrial chaperone protein ElfD precursor => putative fimbrial chaperone protein ElfD precursor
[17:54:33] Modify product: Probable outer membrane usher protein ElfC precursor => putative outer membrane usher protein ElfC precursor
[17:54:33] Modify product: Uncharacterized fimbrial-like protein ElfG precursor => putative fimbrial-like protein ElfG precursor
[17:54:33] Modify product: Uncharacterized fimbrial-like protein ElfG precursor => putative fimbrial-like protein ElfG precursor
[17:54:33] Modify product: Uncharacterized fimbrial-like protein YcbU precursor => putative fimbrial-like protein YcbU precursor
[17:54:33] Modify product: Uncharacterized fimbrial-like protein YcbV precursor => putative fimbrial-like protein YcbV precursor
[17:54:33] Modify product: Uncharacterized fimbrial chaperone YcbF precursor => putative fimbrial chaperone YcbF precursor
[17:54:33] Modify product: Probable Ni/Fe-hydrogenase 1 B-type cytochrome subunit => putative Ni/Fe-hydrogenase 1 B-type cytochrome subunit
[17:54:33] Modify product: Uncharacterized lipoprotein GfcB precursor => putative lipoprotein GfcB precursor
[17:54:33] Modify product: Probable malonic semialdehyde reductase RutE => putative malonic semialdehyde reductase RutE
[17:54:33] Modify product: Probable diguanylate cyclase YcdT => putative diguanylate cyclase YcdT
[17:54:33] Modify product: Probable phosphatase YcdX => putative phosphatase YcdX
[17:54:34] Modify product: Probable adenylyltransferase/sulfurtransferase MoeZ => putative adenylyltransferase/sulfurtransferase MoeZ
[17:54:34] Modify product: Cytochrome b561 homolog 2 => hypothetical protein
[17:54:34] Modify product: Uncharacterized lipoprotein YceB precursor => putative lipoprotein YceB precursor
[17:54:34] Modify product: Probable peptidoglycan biosynthesis protein MurJ => putative peptidoglycan biosynthesis protein MurJ
[17:54:34] Modify product: Uncharacterized deoxyribonuclease YcfH => putative deoxyribonuclease YcfH
[17:54:34] Modify product: Probable L,D-transpeptidase YcfS precursor => putative L,D-transpeptidase YcfS precursor
[17:54:34] Modify product: Probable two-component-system connector protein YcgZ => putative two-component-system connector protein YcgZ
[17:54:34] Modify product: Probable two-component-system connector protein AriR => putative two-component-system connector protein AriR
[17:54:34] Modify product: Probable autotransporter ROD_p1121 precursor => putative autotransporter precursor
[17:54:34] Modify product: Uncharacterized acyl-CoA thioester hydrolase HI_0827 => putative acyl-CoA thioester hydrolase
[17:54:34] Modify product: Probable intracellular septation protein A => putative intracellular septation protein A
[17:54:34] Modify product: Uncharacterized oxidoreductase YciK => putative oxidoreductase YciK
[17:54:34] Modify product: Probable protease SohB => putative protease SohB
[17:54:34] Modify product: Probable D,D-dipeptide transport ATP-binding protein DdpD => putative D,D-dipeptide transport ATP-binding protein DdpD
[17:54:34] Modify product: Uncharacterized oxidoreductase YcjS => putative oxidoreductase YcjS
[17:54:34] Modify product: Probable DNA endonuclease SmrA => putative DNA endonuclease SmrA
[17:54:34] Modify product: Probable diguanylate cyclase YdaM => putative diguanylate cyclase YdaM
[17:54:35] Modify product: Uncharacterized protease YhbU precursor => putative protease YhbU precursor
[17:54:35] Modify product: Probable mRNA interferase HicA => putative mRNA interferase HicA
[17:54:35] Modify product: Uncharacterized HTH-type transcriptional regulator YdcR => putative HTH-type transcriptional regulator YdcR
[17:54:35] Modify product: Probable deoxyribonuclease RhsB => putative deoxyribonuclease RhsB
[17:54:35] Modify product: Uncharacterized isomerase YddE => putative isomerase YddE
[17:54:35] Modify product: Probable nitrate reductase molybdenum cofactor assembly chaperone NarW => putative nitrate reductase molybdenum cofactor assembly chaperone NarW
[17:54:35] Modify product: Uncharacterized HTH-type transcriptional regulator YddM => putative HTH-type transcriptional regulator YddM
[17:54:35] Modify product: Probable D,D-dipeptide transport ATP-binding protein DdpF => putative D,D-dipeptide transport ATP-binding protein DdpF
[17:54:35] Modify product: Probable D,D-dipeptide transport ATP-binding protein DdpD => putative D,D-dipeptide transport ATP-binding protein DdpD
[17:54:35] Modify product: Probable D,D-dipeptide transport system permease protein DdpC => putative D,D-dipeptide transport system permease protein DdpC
[17:54:35] Modify product: Probable D,D-dipeptide transport system permease protein DdpB => putative D,D-dipeptide transport system permease protein DdpB
[17:54:35] Modify product: Probable D,D-dipeptide-binding periplasmic protein DdpA precursor => putative D,D-dipeptide-binding periplasmic protein DdpA precursor
[17:54:35] Modify product: Probable D,D-dipeptide-binding periplasmic protein DdpA precursor => putative D,D-dipeptide-binding periplasmic protein DdpA precursor
[17:54:35] Modify product: Probable glutamate/gamma-aminobutyrate antiporter => putative glutamate/gamma-aminobutyrate antiporter
[17:54:35] Modify product: Anaerobic sulfatase-maturating enzyme homolog YdeM => hypothetical protein
[17:54:35] Modify product: Uncharacterized aldolase LsrF => putative aldolase LsrF
[17:54:35] Modify product: Probable diguanylate cyclase YedQ => putative diguanylate cyclase YedQ
[17:54:35] Modify product: Probable amino-acid metabolite efflux pump => putative amino-acid metabolite efflux pump
[17:54:35] Modify product: Uncharacterized HTH-type transcriptional regulator YdfH => putative HTH-type transcriptional regulator YdfH
[17:54:35] Modify product: Uncharacterized zinc-type alcohol dehydrogenase-like protein YjmD => putative zinc-type alcohol dehydrogenase-like protein YjmD
[17:54:35] Modify product: Probable dimethyl sulfoxide reductase chain YnfF precursor => putative dimethyl sulfoxide reductase chain YnfF precursor
[17:54:35] Modify product: DNA replication terminus site-binding protein => hypothetical protein
[17:54:35] Modify product: Uncharacterized oxidoreductase YdgJ => putative oxidoreductase YdgJ
[17:54:35] Modify product: Probable autotransporter ROD_p1121 precursor => putative autotransporter precursor
[17:54:35] Modify product: Uncharacterized ferredoxin-like protein YdhX precursor => putative ferredoxin-like protein YdhX precursor
[17:54:35] Modify product: Uncharacterized oxidoreductase YdhV => putative oxidoreductase YdhV
[17:54:35] Modify product: Uncharacterized ferredoxin-like protein YdhY => putative ferredoxin-like protein YdhY
[17:54:35] Modify product: Probable L,D-transpeptidase YnhG precursor => putative L,D-transpeptidase YnhG precursor
[17:54:35] Modify product: Probable ATP-dependent transporter SufC => putative ATP-dependent transporter SufC
[17:54:35] Modify product: Uncharacterized FAD-linked oxidoreductase Rv2280 => putative FAD-linked oxidoreductase
[17:54:36] Modify product: Uncharacterized sugar kinase YdjH => putative sugar kinase YdjH
[17:54:36] Modify product: Probable fructose-bisphosphate aldolase => putative fructose-bisphosphate aldolase
[17:54:36] Modify product: Stress response UPF0229 protein YhbH => hypothetical protein
[17:54:36] Modify product: Probable diguanylate cyclase YeaP => putative diguanylate cyclase YeaP
[17:54:36] Modify product: Probable S-adenosyl-L-methionine-dependent methyltransferase TehB => putative S-adenosyl-L-methionine-dependent methyltransferase TehB
[17:54:36] Modify product: Probable ATP-dependent helicase DinG => putative ATP-dependent helicase DinG
[17:54:36] Modify product: Probable galactarate transporter => putative galactarate transporter
[17:54:36] Modify product: Probable phospholipid-binding lipoprotein MlaA precursor => putative phospholipid-binding lipoprotein MlaA precursor
[17:54:36] Modify product: Probable multidrug resistance protein EmrY => putative multidrug resistance protein EmrY
[17:54:36] Modify product: Probable multidrug resistance protein EmrK => putative multidrug resistance protein EmrK
[17:54:36] Modify product: Probable oxalyl-CoA decarboxylase => putative oxalyl-CoA decarboxylase
[17:54:36] Modify product: Uncharacterized peptidase SA1530 => putative peptidase
[17:54:36] Modify product: Probable deferrochelatase/peroxidase YfeX => putative deferrochelatase/peroxidase YfeX
[17:54:36] Modify product: Probable formate transporter 1 => putative formate transporter 1
[17:54:36] Modify product: Probable 3-phenylpropionic acid transporter => putative 3-phenylpropionic acid transporter
[17:54:36] Modify product: Uncharacterized HTH-type transcriptional regulator CBU_1416 => putative HTH-type transcriptional regulator
[17:54:36] Modify product: Uncharacterized ferredoxin-like protein YfhL => putative ferredoxin-like protein YfhL
[17:54:37] Modify product: Probable diguanylate cyclase YfiN => putative diguanylate cyclase YfiN
[17:54:37] Modify product: Probable inorganic polyphosphate/ATP-NAD kinase => putative inorganic polyphosphate/ATP-NAD kinase
[17:54:37] Modify product: Probable autotransporter ROD_p1121 precursor => putative autotransporter precursor
[17:54:37] Modify product: Probable HTH-type transcriptional regulator YgaV => putative HTH-type transcriptional regulator YgaV
[17:54:37] Modify product: Uncharacterized FAD-linked oxidoreductase Rv2280 => putative FAD-linked oxidoreductase
[17:54:37] Modify product: Probable glucarate transporter => putative glucarate transporter
[17:54:37] Modify product: Uncharacterized lipoprotein YgdR precursor => putative lipoprotein YgdR precursor
[17:54:37] Modify product: Uncharacterized lipoprotein YgdR precursor => putative lipoprotein YgdR precursor
[17:54:37] Modify product: Probable xanthine dehydrogenase subunit A => putative xanthine dehydrogenase subunit A
[17:54:37] Modify product: Probable GTPase ArgK => putative GTPase ArgK
[17:54:38] Modify product: Probable Fe(2+)-trafficking protein => putative Fe(2+)-trafficking protein
[17:54:38] Modify product: Uncharacterized membrane protein YdfK => putative membrane protein YdfK
[17:54:38] Modify product: Probable RNA polymerase sigma factor FecI => putative RNA polymerase sigma factor FecI
[17:54:38] Modify product: Probable siderophore transport system ATP-binding protein YusV => putative siderophore transport system ATP-binding protein YusV
[17:54:38] Modify product: Uncharacterized FAD-linked oxidoreductase Rv2280 => putative FAD-linked oxidoreductase
[17:54:38] Modify product: Uncharacterized FAD-linked oxidoreductase Rv2280 => putative FAD-linked oxidoreductase
[17:54:38] Modify product: Probable Ni/Fe-hydrogenase 2 b-type cytochrome subunit => putative Ni/Fe-hydrogenase 2 b-type cytochrome subunit
[17:54:38] Modify product: Uncharacterized oxidoreductase YghA => putative oxidoreductase YghA
[17:54:38] Modify product: Probable quinol monooxygenase YgiN => putative quinol monooxygenase YgiN
[17:54:38] Modify product: Probable glycerol-3-phosphate acyltransferase => putative glycerol-3-phosphate acyltransferase
[17:54:38] Modify product: Probable galactarate transporter => putative galactarate transporter
[17:54:38] Modify product: Probable outer membrane usher protein ElfC precursor => putative outer membrane usher protein ElfC precursor
[17:54:38] Modify product: Uncharacterized fimbrial-like protein ElfG precursor => putative fimbrial-like protein ElfG precursor
[17:54:38] Modify product: Uncharacterized protease YhbU precursor => putative protease YhbU precursor
[17:54:38] Modify product: Transcription termination/antitermination protein NusA => hypothetical protein
[17:54:38] Modify product: Uncharacterized inner membrane transporter YhbE => putative inner membrane transporter YhbE
[17:54:38] Modify product: Probable phospholipid ABC transporter-binding protein MlaB => putative phospholipid ABC transporter-binding protein MlaB
[17:54:38] Modify product: Probable phospholipid-binding protein MlaC precursor => putative phospholipid-binding protein MlaC precursor
[17:54:38] Modify product: Probable phospholipid ABC transporter-binding protein MlaD => putative phospholipid ABC transporter-binding protein MlaD
[17:54:38] Modify product: Probable phospholipid ABC transporter permease protein MlaE => putative phospholipid ABC transporter permease protein MlaE
[17:54:38] Modify product: Probable phospholipid import ATP-binding protein MlaF => putative phospholipid import ATP-binding protein MlaF
[17:54:39] Modify product: Probable acrylyl-CoA reductase AcuI => putative acrylyl-CoA reductase AcuI
[17:54:39] Modify product: Probable acrEF/envCD operon repressor => putative acrEF/envCD operon repressor
[17:54:39] Modify product: Probable glutamine ABC transporter permease protein GlnM => putative glutamine ABC transporter permease protein GlnM
[17:54:39] Modify product: Probable bifunctional chitinase/lysozyme precursor => putative bifunctional chitinase/lysozyme precursor
[17:54:39] Modify product: Uncharacterized ABC transporter ATP-binding protein YheS => putative ABC transporter ATP-binding protein YheS
[17:54:39] Modify product: Probable adenosine monophosphate-protein transferase fic => putative adenosine monophosphate-protein transferase fic
[17:54:39] Modify product: Phosphotriesterase homology protein => hypothetical protein
[17:54:39] Modify product: Putative membrane protein IgaA homolog => hypothetical protein
[17:54:39] Modify product: Uncharacterized oxidoreductase YhhX => putative oxidoreductase YhhX
[17:54:39] Modify product: Uncharacterized HTH-type transcriptional regulator CBU_1416 => putative HTH-type transcriptional regulator
[17:54:39] Modify product: Probable tRNA-dihydrouridine synthase => putative tRNA-dihydrouridine synthase
[17:54:39] Modify product: Uncharacterized membrane protein YjcC => putative membrane protein YjcC
[17:54:39] Modify product: Uncharacterized membrane protein YjcC => putative membrane protein YjcC
[17:54:39] Modify product: Uncharacterized ferredoxin-like protein YdhX precursor => putative ferredoxin-like protein YdhX precursor
[17:54:39] Modify product: Probable transcriptional regulator PhnF => putative transcriptional regulator PhnF
[17:54:40] Modify product: Probable dipeptide and tripeptide permease YjdL => putative dipeptide and tripeptide permease YjdL
[17:54:40] Modify product: Probable cadaverine/lysine antiporter => putative cadaverine/lysine antiporter
[17:54:40] Modify product: Probable L-ascorbate-6-phosphate lactonase UlaG => putative L-ascorbate-6-phosphate lactonase UlaG
[17:54:40] Modify product: Probable 9-O-acetyl-N-acetylneuraminic acid deacetylase precursor => putative 9-O-acetyl-N-acetylneuraminic acid deacetylase precursor
[17:54:40] Modify product: Probable N-acetylneuraminic acid outer membrane channel protein NanC precursor => putative N-acetylneuraminic acid outer membrane channel protein NanC precursor
[17:54:40] Modify product: Uncharacterized GTP-binding protein YjiA => putative GTP-binding protein YjiA
[17:54:40] Modify product: Probable HTH-type transcriptional regulator YjjM => putative HTH-type transcriptional regulator YjjM
[17:54:40] Modify product: Uncharacterized deoxyribonuclease YjjV => putative deoxyribonuclease YjjV
[17:54:40] Modify product: DNA repair protein RadA homolog => hypothetical protein
[17:54:40] Modify product: Uncharacterized ABC transporter ATP-binding protein YjjK => putative ABC transporter ATP-binding protein YjjK
[17:54:40] Modify product: Uncharacterized tRNA/rRNA methyltransferase HI_0380 => putative tRNA/rRNA methyltransferase
[17:54:41] Modify product: Uncharacterized ABC transporter ATP-binding protein YbhF => putative ABC transporter ATP-binding protein YbhF
[17:54:41] Modify product: Probable multidrug resistance protein EmrK => putative multidrug resistance protein EmrK
[17:54:41] Modify product: Uncharacterized MFS-type transporter YhjX => putative MFS-type transporter YhjX
[17:54:41] Modify product: Uncharacterized N-acetyltransferase YjaB => putative N-acetyltransferase YjaB
[17:54:41] Modify product: Probable lipoprotein YiaD precursor => putative lipoprotein YiaD precursor
[17:54:41] Modify product: Uncharacterized GST-like protein YibF => putative GST-like protein YibF
[17:54:41] Modify product: Uncharacterized glycosyltransferase EpsJ => putative glycosyltransferase EpsJ
[17:54:41] Modify product: Uncharacterized glycosyltransferase EpsJ => putative glycosyltransferase EpsJ
[17:54:41] Modify product: Probable type I restriction enzyme BthVORF4518P M protein => putative type I restriction enzymeP M protein
[17:54:41] Modify product: Uncharacterized inner membrane transporter YicL => putative inner membrane transporter YicL
[17:54:41] Modify product: Uncharacterized HTH-type transcriptional regulator YidP => putative HTH-type transcriptional regulator YidP
[17:54:42] Modify product: Probable adenine permease PurP => putative adenine permease PurP
[17:54:42] Modify product: Probable transport protein HsrA => putative transport protein HsrA
[17:54:42] Modify product: Transcription termination factor Rho => hypothetical protein
[17:54:42] Modify product: Probable transport protein YifK => putative transport protein YifK
[17:54:42] Modify product: Probable protein kinase UbiB => putative protein kinase UbiB
[17:54:42] Modify product: Probable acyltransferase YihG => putative acyltransferase YihG
[17:54:42] Modify product: Probable GTP-binding protein EngB => putative GTP-binding protein EngB
[17:54:42] Modify product: Uncharacterized sugar isomerase YihS => putative sugar isomerase YihS
[17:54:42] Modify product: Uncharacterized aldolase YihT => putative aldolase YihT
[17:54:42] Modify product: Uncharacterized inner membrane transporter yiJE => putative inner membrane transporter yiJE
[17:54:42] Modify product: Transcription termination/antitermination protein NusG => hypothetical protein
[17:54:42] Modify product: Uncharacterized N-acetyltransferase YjaB => putative N-acetyltransferase YjaB
[17:54:42] Modify product: Uncharacterized lipoprotein GfcB precursor => putative lipoprotein GfcB precursor
[17:54:42] Cleaned 219 /product names
[17:54:42] Deleting unwanted file: results/prokka/ETEC/sprot.faa
[17:54:42] Deleting unwanted file: results/prokka/ETEC/sprot.blast
[17:54:46] There are still 1807 unannotated CDS left (started with 5201)
[17:54:46] Will use hmmer3 to search against /home/fatemeh/program-bank/prokka-1.11/bin/../db/hmm/CLUSTERS.hmm with 4 CPUs
[17:54:46] Running: cat results\/prokka\/ETEC\/CLUSTERS\.hmm\.faa | parallel --gnu --plain -j 4 --block 50128 --recstart '>' --pipe hmmscan --noali --notextw --acc -E 1e-06 --cpu 1 /home/fatemeh/program-bank/prokka-1.11/bin/../db/hmm/CLUSTERS.hmm /dev/stdin > results\/prokka\/ETEC\/CLUSTERS\.hmm\.hmmer3 2> /dev/null
[18:05:34] Deleting unwanted file: results/prokka/ETEC/CLUSTERS.hmm.faa
[18:05:34] Deleting unwanted file: results/prokka/ETEC/CLUSTERS.hmm.hmmer3
[18:05:37] There are still 1391 unannotated CDS left (started with 5201)
[18:05:37] Will use hmmer3 to search against /home/fatemeh/program-bank/prokka-1.11/bin/../db/hmm/HAMAP.hmm with 4 CPUs
[18:05:37] Running: cat results\/prokka\/ETEC\/HAMAP\.hmm\.faa | parallel --gnu --plain -j 4 --block 37429 --recstart '>' --pipe hmmscan --noali --notextw --acc -E 1e-06 --cpu 1 /home/fatemeh/program-bank/prokka-1.11/bin/../db/hmm/HAMAP.hmm /dev/stdin > results\/prokka\/ETEC\/HAMAP\.hmm\.hmmer3 2> /dev/null
[18:08:15] Deleting unwanted file: results/prokka/ETEC/HAMAP.hmm.faa
[18:08:15] Deleting unwanted file: results/prokka/ETEC/HAMAP.hmm.hmmer3
[18:08:19] There are still 1376 unannotated CDS left (started with 5201)
[18:08:19] Will use hmmer3 to search against /home/fatemeh/program-bank/prokka-1.11/bin/../db/hmm/Pfam.hmm with 4 CPUs
[18:08:19] Running: cat results\/prokka\/ETEC\/Pfam\.hmm\.faa | parallel --gnu --plain -j 4 --block 36753 --recstart '>' --pipe hmmscan --noali --notextw --acc -E 1e-06 --cpu 1 /home/fatemeh/program-bank/prokka-1.11/bin/../db/hmm/Pfam.hmm /dev/stdin > results\/prokka\/ETEC\/Pfam\.hmm\.hmmer3 2> /dev/null
[18:17:31] Modify product: Transposase IS66 family => Transposase IS66 family protein
[18:17:31] Modify product: Integrase core domain => Integrase core domain protein
[18:17:31] Modify product: Transposase C of IS166 homeodomain => Transposase C of IS166 homeodomain protein
[18:17:31] Modify product: Integrase core domain => Integrase core domain protein
[18:17:31] Modify product: Integrase core domain => Integrase core domain protein
[18:17:31] Modify product: Transposase IS66 family => Transposase IS66 family protein
[18:17:31] Modify product: Transposase IS66 family => Transposase IS66 family protein
[18:17:31] Modify product: Integrase core domain => Integrase core domain protein
[18:17:31] Modify product: Integrase core domain => Integrase core domain protein
[18:17:31] Modify product: NAD dependent epimerase/dehydratase family => NAD dependent epimerase/dehydratase family protein
[18:17:31] Modify product: von Willebrand factor type A domain => von Willebrand factor type A domain protein
[18:17:31] Modify product: WGR domain => WGR domain protein
[18:17:31] Modify product: InsA C-terminal domain => hypothetical protein
[18:17:31] Modify product: MG2 domain => MG2 domain protein
[18:17:31] Modify product: InsA C-terminal domain => hypothetical protein
[18:17:31] Modify product: Transposase DDE domain => Transposase DDE domain protein
[18:17:31] Modify product: Helix-turn-helix domain => Helix-turn-helix domain protein
[18:17:31] Modify product: WGR domain => WGR domain protein
[18:17:31] Modify product: Glycine zipper 2TM domain => Glycine zipper 2TM domain protein
[18:17:31] Modify product: Transposase IS66 family => Transposase IS66 family protein
[18:17:31] Modify product: BRO family, N-terminal domain => hypothetical protein
[18:17:31] Modify product: RecT family => RecT family protein
[18:17:31] Modify product: MT-A70 => hypothetical protein
[18:17:31] Modify product: Probable transposase => putative transposase
[18:17:31] Modify product: Transposase DDE domain => Transposase DDE domain protein
[18:17:31] Modify product: Transposase DDE domain => Transposase DDE domain protein
[18:17:31] Modify product: Peptidase M16 inactive domain => Peptidase M16 inactive domain protein
[18:17:31] Modify product: TonB-dependent Receptor Plug Domain => TonB-dependent Receptor Plug Domain protein
[18:17:31] Modify product: ShET2 enterotoxin, N-terminal region => hypothetical protein
[18:17:31] Modify product: Carboxymuconolactone decarboxylase family => Carboxymuconolactone decarboxylase family protein
[18:17:31] Modify product: PrkA AAA domain => PrkA AAA domain protein
[18:17:31] Modify product: Transposase IS66 family => Transposase IS66 family protein
[18:17:31] Modify product: Z1 domain => Z1 domain protein
[18:17:31] Modify product: WLM domain => WLM domain protein
[18:17:31] Modify product: Helix-turn-helix domain => Helix-turn-helix domain protein
[18:17:31] Modify product: DeoR-like helix-turn-helix domain => DeoR-like helix-turn-helix domain protein
[18:17:31] Modify product: Helix-turn-helix domain => Helix-turn-helix domain protein
[18:17:31] Modify product: Terminase-like family => Terminase-like family protein
[18:17:31] Modify product: Phage virion morphogenesis family => Phage virion morphogenesis family protein
[18:17:31] Modify product: Phage tail fibre repeat => Phage tail fibre repeat protein
[18:17:31] Modify product: Integrase core domain => Integrase core domain protein
[18:17:31] Modify product: InsA C-terminal domain => hypothetical protein
[18:17:31] Modify product: InsA C-terminal domain => hypothetical protein
[18:17:31] Modify product: Integrase core domain => Integrase core domain protein
[18:17:31] Modify product: Transposase DDE domain => Transposase DDE domain protein
[18:17:31] Modify product: InsA C-terminal domain => hypothetical protein
[18:17:31] Modify product: Transposase DDE domain => Transposase DDE domain protein
[18:17:31] Modify product: Insertion element 4 transposase N-terminal => hypothetical protein
[18:17:31] Modify product: Transposase IS66 family => Transposase IS66 family protein
[18:17:31] Modify product: Transposase IS66 family => Transposase IS66 family protein
[18:17:31] Modify product: Transposase DDE domain => Transposase DDE domain protein
[18:17:31] Modify product: KilA-N domain => KilA-N domain protein
[18:17:31] Modify product: KAP family P-loop domain => KAP family P-loop domain protein
[18:17:31] Modify product: Phage capsid family => Phage capsid family protein
[18:17:31] Modify product: DNA circulation protein N-terminus => hypothetical protein
[18:17:31] Modify product: Phage Tail Collar Domain => Phage Tail Collar Domain protein
[18:17:31] Modify product: Ash protein family => Ash protein family protein
[18:17:31] Modify product: LysR substrate binding domain => LysR substrate binding domain protein
[18:17:31] Modify product: XdhC and CoxI family => XdhC and CoxI family protein
[18:17:31] Modify product: Transposase IS66 family => Transposase IS66 family protein
[18:17:31] Modify product: TraB family => TraB family protein
[18:17:31] Modify product: FtsX-like permease family => FtsX-like permease family protein
[18:17:31] Modify product: Transposase IS66 family => Transposase IS66 family protein
[18:17:31] Modify product: InsA C-terminal domain => hypothetical protein
[18:17:31] Modify product: Transposase DDE domain => Transposase DDE domain protein
[18:17:31] Modify product: Transposase DDE domain => Transposase DDE domain protein
[18:17:31] Modify product: Transposase DDE domain => Transposase DDE domain protein
[18:17:31] Modify product: Transposase DDE domain => Transposase DDE domain protein
[18:17:31] Modify product: YqaJ-like viral recombinase domain => YqaJ-like viral recombinase domain protein
[18:17:31] Modify product: RecT family => RecT family protein
[18:17:31] Modify product: ParB-like nuclease domain => ParB-like nuclease domain protein
[18:17:31] Modify product: Terminase-like family => Terminase-like family protein
[18:17:31] Modify product: NlpC/P60 family => NlpC/P60 family protein
[18:17:31] Modify product: Prophage tail fibre N-terminal => hypothetical protein
[18:17:31] Modify product: InsA C-terminal domain => hypothetical protein
[18:17:31] Modify product: Transposase IS66 family => Transposase IS66 family protein
[18:17:31] Modify product: HupH hydrogenase expression protein, C-terminal conserved region => hypothetical protein
[18:17:31] Modify product: GnsA/GnsB family => GnsA/GnsB family protein
[18:17:31] Modify product: Stress-induced bacterial acidophilic repeat motif => Stress-induced bacterial acidophilic repeat motif protein
[18:17:31] Modify product: Integrase core domain => Integrase core domain protein
[18:17:31] Modify product: Bacteriophage lambda integrase, N-terminal domain => hypothetical protein
[18:17:31] Modify product: Transposase IS66 family => Transposase IS66 family protein
[18:17:31] Modify product: NlpC/P60 family => NlpC/P60 family protein
[18:17:31] Modify product: Phage tail fibre repeat => Phage tail fibre repeat protein
[18:17:32] Modify product: Methyltransferase domain => Methyltransferase domain protein
[18:17:32] Modify product: Fels-1 Prophage Protein-like => Fels-1 Prophage Protein-like protein
[18:17:32] Modify product: DsrE/DsrF-like family => DsrE/DsrF-like family protein
[18:17:32] Modify product: Stress-induced bacterial acidophilic repeat motif => Stress-induced bacterial acidophilic repeat motif protein
[18:17:32] Modify product: Alpha/beta hydrolase family => Alpha/beta hydrolase family protein
[18:17:32] Modify product: Alpha-2-macroglobulin family N-terminal region => hypothetical protein
[18:17:32] Modify product: Alpha/beta hydrolase family => Alpha/beta hydrolase family protein
[18:17:32] Modify product: PD-(D/E)XK nuclease superfamily => PD-(D/E)XK nuclease superfamily protein
[18:17:32] Modify product: VRR-NUC domain => VRR-NUC domain protein
[18:17:32] Modify product: SNF2 family N-terminal domain => hypothetical protein
[18:17:32] Modify product: DTW domain => DTW domain protein
[18:17:32] Modify product: Relaxase/Mobilisation nuclease domain => Relaxase/Mobilisation nuclease domain protein
[18:17:32] Modify product: Transposase IS66 family => Transposase IS66 family protein
[18:17:32] Modify product: Integral membrane protein TerC family => Integral membrane protein TerC family protein
[18:17:32] Modify product: Transcriptional regulatory protein, C terminal => hypothetical protein
[18:17:32] Modify product: Transglycosylase SLT domain => Transglycosylase SLT domain protein
[18:17:32] Modify product: Type III secretion needle MxiH like => Type III secretion needle MxiH like protein
[18:17:32] Modify product: LysR substrate binding domain => LysR substrate binding domain protein
[18:17:32] Modify product: Alanine racemase, N-terminal domain => hypothetical protein
[18:17:32] Modify product: YGGT family => YGGT family protein
[18:17:32] Modify product: MMPL family => MMPL family protein
[18:17:32] Modify product: FabA-like domain => FabA-like domain protein
[18:17:32] Modify product: Integrase core domain => Integrase core domain protein
[18:17:32] Modify product: Integrase core domain => Integrase core domain protein
[18:17:32] Modify product: Transposase IS66 family => Transposase IS66 family protein
[18:17:32] Modify product: Transposase IS66 family => Transposase IS66 family protein
[18:17:32] Modify product: Transposase IS66 family => Transposase IS66 family protein
[18:17:32] Modify product: Dienelactone hydrolase family => Dienelactone hydrolase family protein
[18:17:32] Modify product: Lumazine-binding domain => Lumazine-binding domain protein
[18:17:32] Modify product: InsA C-terminal domain => hypothetical protein
[18:17:32] Modify product: Phage capsid family => Phage capsid family protein
[18:17:32] Modify product: DNA circulation protein N-terminus => hypothetical protein
[18:17:32] Modify product: Sel1 repeat => Sel1 repeat protein
[18:17:32] Modify product: Metallo-beta-lactamase superfamily => Metallo-beta-lactamase superfamily protein
[18:17:32] Modify product: Transposase IS66 family => Transposase IS66 family protein
[18:17:32] Modify product: Integrase core domain => Integrase core domain protein
[18:17:32] Modify product: HsdM N-terminal domain => hypothetical protein
[18:17:32] Modify product: PspA/IM30 family => PspA/IM30 family protein
[18:17:32] Modify product: Opacity-associated protein A LysM-like domain => Opacity-associated protein A LysM-like domain protein
[18:17:32] Modify product: Acetyltransferase (GNAT) family => Acetyltransferase (GNAT) family protein
[18:17:32] Modify product: AAA-like domain => AAA-like domain protein
[18:17:32] Modify product: InsA C-terminal domain => hypothetical protein
[18:17:32] Modify product: InsA C-terminal domain => hypothetical protein
[18:17:32] Modify product: Major Facilitator Superfamily => Major Facilitator Superfamily protein
[18:17:32] Modify product: Ash protein family => Ash protein family protein
[18:17:32] Modify product: KilA-N domain => KilA-N domain protein
[18:17:32] Modify product: Transposase IS66 family => Transposase IS66 family protein
[18:17:32] Modify product: NlpC/P60 family => NlpC/P60 family protein
[18:17:32] Modify product: Phage tail fibre repeat => Phage tail fibre repeat protein
[18:17:32] Modify product: Phage Tail Collar Domain => Phage Tail Collar Domain protein
[18:17:32] Modify product: Replicase family => Replicase family protein
[18:17:32] Modify product: IncFII RepA protein family => IncFII RepA protein family protein
[18:17:32] Modify product: CYTH domain => CYTH domain protein
[18:17:32] Modify product: SCP-2 sterol transfer family => SCP-2 sterol transfer family protein
[18:17:32] Modify product: YheO-like PAS domain => YheO-like PAS domain protein
[18:17:32] Modify product: Alanine racemase, N-terminal domain => hypothetical protein
[18:17:32] Modify product: Transposase DDE domain => Transposase DDE domain protein
[18:17:32] Modify product: Peptidase M16 inactive domain => Peptidase M16 inactive domain protein
[18:17:32] Modify product: Integrase core domain => Integrase core domain protein
[18:17:32] Modify product: InsA C-terminal domain => hypothetical protein
[18:17:32] Modify product: InsA C-terminal domain => hypothetical protein
[18:17:32] Modify product: AsmA family => AsmA family protein
[18:17:32] Modify product: Probable transposase => putative transposase
[18:17:32] Modify product: EamA-like transporter family => EamA-like transporter family protein
[18:17:32] Modify product: EamA-like transporter family => EamA-like transporter family protein
[18:17:32] Modify product: SCP-2 sterol transfer family => SCP-2 sterol transfer family protein
[18:17:32] Modify product: ShET2 enterotoxin, N-terminal region => hypothetical protein
[18:17:32] Modify product: Competence protein CoiA-like family => Competence protein CoiA-like family protein
[18:17:32] Modify product: KilA-N domain => KilA-N domain protein
[18:17:32] Modify product: Transposase IS66 family => Transposase IS66 family protein
[18:17:32] Modify product: Transposase IS66 family => Transposase IS66 family protein
[18:17:32] Modify product: Transglycosylase SLT domain => Transglycosylase SLT domain protein
[18:17:32] Modify product: Methyltransferase domain => Methyltransferase domain protein
[18:17:32] Modify product: InsA C-terminal domain => hypothetical protein
[18:17:32] Modify product: Integrase core domain => Integrase core domain protein
[18:17:32] Modify product: Integrase core domain => Integrase core domain protein
[18:17:32] Modify product: Transposase C of IS166 homeodomain => Transposase C of IS166 homeodomain protein
[18:17:32] Modify product: Transposase IS66 family => Transposase IS66 family protein
[18:17:32] Modify product: InsA C-terminal domain => hypothetical protein
[18:17:32] Modify product: Transposase IS66 family => Transposase IS66 family protein
[18:17:32] Modify product: Integrase core domain => Integrase core domain protein
[18:17:32] Modify product: Transposase IS66 family => Transposase IS66 family protein
[18:17:32] Modify product: Integrase core domain => Integrase core domain protein
[18:17:32] Modify product: IncFII RepA protein family => IncFII RepA protein family protein
[18:17:32] Modify product: Integrase core domain => Integrase core domain protein
[18:17:32] Modify product: Integrase core domain => Integrase core domain protein
[18:17:32] Modify product: Integrase core domain => Integrase core domain protein
[18:17:32] Modify product: Integrase core domain => Integrase core domain protein
[18:17:32] Modify product: Transposase IS66 family => Transposase IS66 family protein
[18:17:32] Modify product: PAS fold => PAS fold protein
[18:17:32] Modify product: Transglycosylase SLT domain => Transglycosylase SLT domain protein
[18:17:32] Modify product: Integrase core domain => Integrase core domain protein
[18:17:32] Modify product: Integrase core domain => Integrase core domain protein
[18:17:32] Modify product: Transposase IS116/IS110/IS902 family => Transposase IS116/IS110/IS902 family protein
[18:17:32] Modify product: Integrase core domain => Integrase core domain protein
[18:17:32] Modify product: Integrase core domain => Integrase core domain protein
[18:17:32] Modify product: Tn3 transposase DDE domain => Tn3 transposase DDE domain protein
[18:17:32] Modify product: InsA C-terminal domain => hypothetical protein
[18:17:32] Modify product: Integrase core domain => Integrase core domain protein
[18:17:32] Modify product: Integrase core domain => Integrase core domain protein
[18:17:32] Modify product: Transposase IS66 family => Transposase IS66 family protein
[18:17:32] Modify product: Transposase IS116/IS110/IS902 family => Transposase IS116/IS110/IS902 family protein
[18:17:32] Modify product: Integrase core domain => Integrase core domain protein
[18:17:32] Modify product: Integrase core domain => Integrase core domain protein
[18:17:32] Modify product: Transglycosylase SLT domain => Transglycosylase SLT domain protein
[18:17:32] Modify product: Methyltransferase domain => Methyltransferase domain protein
[18:17:32] Modify product: InsA C-terminal domain => hypothetical protein
[18:17:32] Modify product: Integrase core domain => Integrase core domain protein
[18:17:32] Modify product: Integrase core domain => Integrase core domain protein
[18:17:32] Modify product: Transposase C of IS166 homeodomain => Transposase C of IS166 homeodomain protein
[18:17:32] Modify product: Transposase IS66 family => Transposase IS66 family protein
[18:17:32] Modify product: InsA C-terminal domain => hypothetical protein
[18:17:32] Modify product: IncFII RepA protein family => IncFII RepA protein family protein
[18:17:32] Modify product: Transposase IS66 family => Transposase IS66 family protein
[18:17:32] Modify product: Transposase IS66 family => Transposase IS66 family protein
[18:17:32] Cleaned 199 /product names
[18:17:32] Deleting unwanted file: results/prokka/ETEC/Pfam.hmm.faa
[18:17:32] Deleting unwanted file: results/prokka/ETEC/Pfam.hmm.hmmer3
[18:17:32] Labelling remaining 820 proteins as 'hypothetical protein'
[18:17:32] Possible /pseudo 'Carbohydrate diacid regulator' at FN649414 position 186647
[18:17:32] Possible /pseudo 'Copper resistance protein A precursor' at FN649414 position 260844
[18:17:32] Possible /pseudo 'Caudovirales tail fibre assembly protein' at FN649414 position 332803
[18:17:32] Possible /pseudo 'Inner membrane protein YagU' at FN649414 position 360764
[18:17:32] Possible /pseudo 'Carbon starvation protein A' at FN649414 position 685381
[18:17:32] Possible /pseudo 'Transposase DDE domain protein' at FN649414 position 790039
[18:17:32] Possible /pseudo 'Macrolide export ATP-binding/permease protein MacB' at FN649414 position 1024347
[18:17:32] Possible /pseudo 'Poly-beta-1,6-N-acetyl-D-glucosamine export protein precursor' at FN649414 position 1196963
[18:17:32] Possible /pseudo 'Caudovirales tail fibre assembly protein' at FN649414 position 1334066
[18:17:32] Possible /pseudo 'Outer membrane protein IcsA autotransporter precursor' at FN649414 position 1360311
[18:17:32] Possible /pseudo 'Small toxic polypeptide LdrD' at FN649414 position 1408806
[18:17:32] Possible /pseudo 'Small toxic polypeptide LdrD' at FN649414 position 1409341
[18:17:32] Possible /pseudo 'p-aminobenzoyl-glutamate hydrolase subunit A' at FN649414 position 1541562
[18:17:32] Possible /pseudo 'Transposase DDE domain protein' at FN649414 position 1650453
[18:17:32] Possible /pseudo 'Nitrate/nitrite transporter NarU' at FN649414 position 1662367
[18:17:32] Possible /pseudo 'Formate dehydrogenase, nitrate-inducible, major subunit precursor' at FN649414 position 1666673
[18:17:32] Possible /pseudo 'putative D,D-dipeptide-binding periplasmic protein DdpA precursor' at FN649414 position 1680667
[18:17:32] Possible /pseudo 'Putative anti-FlhC(2)FlhD(4) factor YdiV' at FN649414 position 1891115
[18:17:32] Possible /pseudo 'Trimethylamine-N-oxide reductase 2 precursor' at FN649414 position 2056434
[18:17:32] Possible /pseudo 'Caudovirales tail fibre assembly protein' at FN649414 position 2157841
[18:17:32] Possible /pseudo 'Transposase' at FN649414 position 2273018
[18:17:32] Possible /pseudo 'Integrase core domain protein' at FN649414 position 2295530
[18:17:32] Possible /pseudo 'Bifunctional transcriptional activator/DNA repair enzyme Ada' at FN649414 position 2535466
[18:17:32] Possible /pseudo 'Hydrogenase-4 component B' at FN649414 position 2812602
[18:17:32] Possible /pseudo 'DNA-invertase hin' at FN649414 position 2954037
[18:17:32] Possible /pseudo 'Caudovirales tail fibre assembly protein' at FN649414 position 2955214
[18:17:32] Possible /pseudo 'Surface presentation of antigens protein SpaS' at FN649414 position 3296503
[18:17:32] Possible /pseudo 'nucleoside triphosphate hydrolase domain-containing protein' at FN649414 position 3377154
[18:17:32] Possible /pseudo 'putative FAD-linked oxidoreductase' at FN649414 position 3510289
[18:17:32] Possible /pseudo 'Inner membrane transport protein YhjV' at FN649414 position 4086148
[18:17:32] Possible /pseudo 'General stress protein A' at FN649414 position 4183441
[18:17:32] Possible /pseudo 'Inner membrane symporter YihP' at FN649414 position 4487920
[18:17:32] Possible /pseudo 'Formate dehydrogenase-O major subunit precursor' at FN649414 position 4508121
[18:17:32] Possible /pseudo 'Caudovirales tail fibre assembly protein' at FN649414 position 4720752
[18:17:32] Possible /pseudo 'putative membrane protein YjcC' at FN649414 position 4738867
[18:17:32] Possible /pseudo 'Formate dehydrogenase H' at FN649414 position 4760976
[18:17:32] Possible /pseudo 'Transposase, Mutator family' at FN649414 position 4807005
[18:17:32] Possible /pseudo 'Sialic acid TRAP transporter permease protein SiaT' at FN649414 position 4934446
[18:17:32] Possible /pseudo 'ABC transporter periplasmic-binding protein YtfQ precursor' at FN649414 position 4962780
[18:17:32] Possible /pseudo 'Transposase' at FN649414 position 5011656
[18:17:32] Possible /pseudo 'Tyrosine recombinase XerC' at FN649414 position 5021646
[18:17:32] Possible /pseudo 'Type-1 fimbrial protein, A chain precursor' at FN649414 position 5023379
[18:17:32] Possible /pseudo 'IS1 transposase' at FN649414 position 5049627
[18:17:32] Possible /pseudo 'IS2 repressor TnpA' at FN649417 position 18711
[18:17:32] Possible /pseudo 'Transposase' at FN649418 position 21833
[18:17:32] Possible /pseudo 'Integrase core domain protein' at FN649418 position 51885
[18:17:32] Possible /pseudo 'Integrase core domain protein' at FN649418 position 64192
[18:17:32] Possible /pseudo 'IS2 repressor TnpA' at AP010910 position 56931
[18:17:32] Found 2862 unique /gene codes.
[18:17:32] Fixed 2 duplicate /gene - ytfQ_1 ytfQ_2
[18:17:32] Fixed 3 duplicate /gene - papC_1 papC_2 papC_3
[18:17:32] Fixed 2 duplicate /gene - gfcB_1 gfcB_2
[18:17:32] Fixed 2 duplicate /gene - arcC2_1 arcC2_2
[18:17:32] Fixed 2 duplicate /gene - frc_1 frc_2
[18:17:32] Fixed 2 duplicate /gene - fucP_1 fucP_2
[18:17:32] Fixed 2 duplicate /gene - macA_1 macA_2
[18:17:32] Fixed 2 duplicate /gene - cusR_1 cusR_2
[18:17:32] Fixed 3 duplicate /gene - dinI_1 dinI_2 dinI_3
[18:17:32] Fixed 2 duplicate /gene - dinB_1 dinB_2
[18:17:32] Fixed 2 duplicate /gene - cusA_1 cusA_2
[18:17:32] Fixed 2 duplicate /gene - dnaT_1 dnaT_2
[18:17:32] Fixed 2 duplicate /gene - zraS_1 zraS_2
[18:17:32] Fixed 2 duplicate /gene - ydhP_1 ydhP_2
[18:17:32] Fixed 2 duplicate /gene - recE_1 recE_2
[18:17:32] Fixed 2 duplicate /gene - yhdN_1 yhdN_2
[18:17:32] Fixed 2 duplicate /gene - lsrK_1 lsrK_2
[18:17:32] Fixed 2 duplicate /gene - tehB_1 tehB_2
[18:17:32] Fixed 2 duplicate /gene - lsrR_1 lsrR_2
[18:17:32] Fixed 2 duplicate /gene - pitA_1 pitA_2
[18:17:32] Fixed 2 duplicate /gene - yhjV_1 yhjV_2
[18:17:32] Fixed 2 duplicate /gene - bssD_1 bssD_2
[18:17:32] Fixed 2 duplicate /gene - ycgE_1 ycgE_2
[18:17:32] Fixed 2 duplicate /gene - sfaS_1 sfaS_2
[18:17:32] Fixed 2 duplicate /gene - tusA_1 tusA_2
[18:17:32] Fixed 2 duplicate /gene - arsC_1 arsC_2
[18:17:32] Fixed 2 duplicate /gene - ompD_1 ompD_2
[18:17:32] Fixed 2 duplicate /gene - hypC_1 hypC_2
[18:17:32] Fixed 2 duplicate /gene - kefC_1 kefC_2
[18:17:32] Fixed 2 duplicate /gene - malI_1 malI_2
[18:17:32] Fixed 2 duplicate /gene - gldA_1 gldA_2
[18:17:32] Fixed 2 duplicate /gene - clcD_1 clcD_2
[18:17:32] Fixed 2 duplicate /gene - aroG_1 aroG_2
[18:17:32] Fixed 2 duplicate /gene - fdnH_1 fdnH_2
[18:17:32] Fixed 2 duplicate /gene - cusB_1 cusB_2
[18:17:32] Fixed 2 duplicate /gene - yeeR_1 yeeR_2
[18:17:32] Fixed 2 duplicate /gene - loiP_1 loiP_2
[18:17:32] Fixed 3 duplicate /gene - icsA_1 icsA_2 icsA_3
[18:17:32] Fixed 2 duplicate /gene - eltB_1 eltB_2
[18:17:32] Fixed 3 duplicate /gene - malP_1 malP_2 malP_3
[18:17:32] Fixed 2 duplicate /gene - fdoG_1 fdoG_2
[18:17:32] Fixed 2 duplicate /gene - yhbX_1 yhbX_2
[18:17:32] Fixed 2 duplicate /gene - thlA_1 thlA_2
[18:17:32] Fixed 3 duplicate /gene - oxyR_1 oxyR_2 oxyR_3
[18:17:32] Fixed 3 duplicate /gene - fimC_1 fimC_2 fimC_3
[18:17:32] Fixed 3 duplicate /gene - sppA_1 sppA_2 sppA_3
[18:17:32] Fixed 2 duplicate /gene - ybdO_1 ybdO_2
[18:17:32] Fixed 2 duplicate /gene - gpr_1 gpr_2
[18:17:32] Fixed 2 duplicate /gene - trxA_1 trxA_2
[18:17:32] Fixed 2 duplicate /gene - cstA_1 cstA_2
[18:17:32] Fixed 2 duplicate /gene - epsE_1 epsE_2
[18:17:32] Fixed 2 duplicate /gene - cusF_1 cusF_2
[18:17:32] Fixed 2 duplicate /gene - purR_1 purR_2
[18:17:32] Fixed 4 duplicate /gene - elfG_1 elfG_2 elfG_3 elfG_4
[18:17:32] Fixed 2 duplicate /gene - cdaR_1 cdaR_2
[18:17:32] Fixed 2 duplicate /gene - ybiP_1 ybiP_2
[18:17:32] Fixed 6 duplicate /gene - fabG_1 fabG_2 fabG_3 fabG_4 fabG_5 fabG_6
[18:17:32] Fixed 2 duplicate /gene - kduD_1 kduD_2
[18:17:32] Fixed 4 duplicate /gene - cbeA_1 cbeA_2 cbeA_3 cbeA_4
[18:17:32] Fixed 4 duplicate /gene - glpR_1 glpR_2 glpR_3 glpR_4
[18:17:32] Fixed 2 duplicate /gene - gltR_1 gltR_2
[18:17:32] Fixed 3 duplicate /gene - walR_1 walR_2 walR_3
[18:17:32] Fixed 3 duplicate /gene - pdhR_1 pdhR_2 pdhR_3
[18:17:32] Fixed 2 duplicate /gene - rhtC_1 rhtC_2
[18:17:32] Fixed 2 duplicate /gene - rhaS_1 rhaS_2
[18:17:32] Fixed 2 duplicate /gene - nanT_1 nanT_2
[18:17:32] Fixed 2 duplicate /gene - csbX_1 csbX_2
[18:17:32] Fixed 2 duplicate /gene - ygcB_1 ygcB_2
[18:17:32] Fixed 2 duplicate /gene - lptG_1 lptG_2
[18:17:32] Fixed 3 duplicate /gene - yedY_1 yedY_2 yedY_3
[18:17:32] Fixed 2 duplicate /gene - deoR_1 deoR_2
[18:17:32] Fixed 2 duplicate /gene - gcvA_1 gcvA_2
[18:17:32] Fixed 4 duplicate /gene - fimD_1 fimD_2 fimD_3 fimD_4
[18:17:32] Fixed 2 duplicate /gene - topA_1 topA_2
[18:17:32] Fixed 2 duplicate /gene - ssbF_1 ssbF_2
[18:17:32] Fixed 2 duplicate /gene - dppA_1 dppA_2
[18:17:32] Fixed 2 duplicate /gene - mepS_1 mepS_2
[18:17:32] Fixed 2 duplicate /gene - bvgA_1 bvgA_2
[18:17:32] Fixed 2 duplicate /gene - silE_1 silE_2
[18:17:32] Fixed 2 duplicate /gene - cusC_1 cusC_2
[18:17:32] Fixed 2 duplicate /gene - algC_1 algC_2
[18:17:32] Fixed 2 duplicate /gene - hflK_1 hflK_2
[18:17:32] Fixed 2 duplicate /gene - rhsA_1 rhsA_2
[18:17:32] Fixed 2 duplicate /gene - proP_1 proP_2
[18:17:32] Fixed 2 duplicate /gene - pbpG_1 pbpG_2
[18:17:32] Fixed 2 duplicate /gene - nagC_1 nagC_2
[18:17:32] Fixed 3 duplicate /gene - glnQ_1 glnQ_2 glnQ_3
[18:17:32] Fixed 2 duplicate /gene - exbB_1 exbB_2
[18:17:32] Fixed 5 duplicate /gene - xerC_1 xerC_2 xerC_3 xerC_4 xerC_5
[18:17:32] Fixed 2 duplicate /gene - fdnG_1 fdnG_2
[18:17:32] Fixed 2 duplicate /gene - acpP_1 acpP_2
[18:17:32] Fixed 2 duplicate /gene - fhlA_1 fhlA_2
[18:17:32] Fixed 3 duplicate /gene - lolD_1 lolD_2 lolD_3
[18:17:32] Fixed 2 duplicate /gene - iscA_1 iscA_2
[18:17:32] Fixed 2 duplicate /gene - hrpB_1 hrpB_2
[18:17:32] Fixed 6 duplicate /gene - era_1 era_2 era_3 era_4 era_5 era_6
[18:17:32] Fixed 2 duplicate /gene - tqsA_1 tqsA_2
[18:17:32] Fixed 3 duplicate /gene - copA_1 copA_2 copA_3
[18:17:32] Fixed 2 duplicate /gene - exbD_1 exbD_2
[18:17:32] Fixed 2 duplicate /gene - pphA_1 pphA_2
[18:17:32] Fixed 2 duplicate /gene - lutA_1 lutA_2
[18:17:32] Fixed 2 duplicate /gene - araB_1 araB_2
[18:17:32] Fixed 3 duplicate /gene - fabF_1 fabF_2 fabF_3
[18:17:32] Fixed 2 duplicate /gene - yafN_1 yafN_2
[18:17:32] Fixed 2 duplicate /gene - gsiA_1 gsiA_2
[18:17:32] Fixed 2 duplicate /gene - treA_1 treA_2
[18:17:32] Fixed 2 duplicate /gene - dinG_1 dinG_2
[18:17:32] Fixed 3 duplicate /gene - gutB_1 gutB_2 gutB_3
[18:17:32] Fixed 2 duplicate /gene - traY_1 traY_2
[18:17:32] Fixed 2 duplicate /gene - rob_1 rob_2
[18:17:32] Fixed 7 duplicate /gene - dmlR_1 dmlR_2 dmlR_3 dmlR_4 dmlR_5 dmlR_6 dmlR_7
[18:17:32] Fixed 2 duplicate /gene - afr_1 afr_2
[18:17:32] Fixed 2 duplicate /gene - sta1_1 sta1_2
[18:17:32] Fixed 4 duplicate /gene - manX_1 manX_2 manX_3 manX_4
[18:17:32] Fixed 2 duplicate /gene - mbeC_1 mbeC_2
[18:17:32] Fixed 2 duplicate /gene - htrB_1 htrB_2
[18:17:32] Fixed 2 duplicate /gene - bglH_1 bglH_2
[18:17:32] Fixed 2 duplicate /gene - lptF_1 lptF_2
[18:17:32] Fixed 2 duplicate /gene - hha_1 hha_2
[18:17:32] Fixed 2 duplicate /gene - dmsB_1 dmsB_2
[18:17:32] Fixed 3 duplicate /gene - rbsA_1 rbsA_2 rbsA_3
[18:17:32] Fixed 2 duplicate /gene - bglF_1 bglF_2
[18:17:32] Fixed 3 duplicate /gene - corC_1 corC_2 corC_3
[18:17:32] Fixed 2 duplicate /gene - yhjE_1 yhjE_2
[18:17:32] Fixed 2 duplicate /gene - fryB_1 fryB_2
[18:17:32] Fixed 3 duplicate /gene - srlR_1 srlR_2 srlR_3
[18:17:32] Fixed 2 duplicate /gene - betI_1 betI_2
[18:17:32] Fixed 2 duplicate /gene - ulaE_1 ulaE_2
[18:17:32] Fixed 2 duplicate /gene - lpp_1 lpp_2
[18:17:32] Fixed 2 duplicate /gene - yusV_1 yusV_2
[18:17:32] Fixed 2 duplicate /gene - yiaJ_1 yiaJ_2
[18:17:32] Fixed 2 duplicate /gene - tal_1 tal_2
[18:17:32] Fixed 3 duplicate /gene - yhbU_1 yhbU_2 yhbU_3
[18:17:32] Fixed 3 duplicate /gene - traM_1 traM_2 traM_3
[18:17:32] Fixed 2 duplicate /gene - fucA_1 fucA_2
[18:17:32] Fixed 2 duplicate /gene - bioD1_1 bioD1_2
[18:17:32] Fixed 2 duplicate /gene - ssuC_1 ssuC_2
[18:17:32] Fixed 2 duplicate /gene - cmpR_1 cmpR_2
[18:17:32] Fixed 2 duplicate /gene - elfC_1 elfC_2
[18:17:32] Fixed 2 duplicate /gene - cfaD_1 cfaD_2
[18:17:32] Fixed 2 duplicate /gene - cysW_1 cysW_2
[18:17:32] Fixed 2 duplicate /gene - macB_1 macB_2
[18:17:32] Fixed 2 duplicate /gene - ynfM_1 ynfM_2
[18:17:32] Fixed 3 duplicate /gene - finO_1 finO_2 finO_3
[18:17:32] Fixed 4 duplicate /gene - flu_1 flu_2 flu_3 flu_4
[18:17:32] Fixed 2 duplicate /gene - zraR_1 zraR_2
[18:17:32] Fixed 2 duplicate /gene - mtlA_1 mtlA_2
[18:17:32] Fixed 3 duplicate /gene - fdhF_1 fdhF_2 fdhF_3
[18:17:32] Fixed 2 duplicate /gene - dnaK_1 dnaK_2
[18:17:32] Fixed 3 duplicate /gene - manP_1 manP_2 manP_3
[18:17:32] Fixed 4 duplicate /gene - ldrD_1 ldrD_2 ldrD_3 ldrD_4
[18:17:32] Fixed 2 duplicate /gene - lptB_1 lptB_2
[18:17:32] Fixed 2 duplicate /gene - ulaA_1 ulaA_2
[18:17:32] Fixed 2 duplicate /gene - hyfA_1 hyfA_2
[18:17:32] Fixed 2 duplicate /gene - caiT_1 caiT_2
[18:17:32] Fixed 2 duplicate /gene - rrrD_1 rrrD_2
[18:17:32] Fixed 2 duplicate /gene - yagU_1 yagU_2
[18:17:32] Fixed 3 duplicate /gene - xdhA_1 xdhA_2 xdhA_3
[18:17:32] Fixed 2 duplicate /gene - ybhF_1 ybhF_2
[18:17:32] Fixed 3 duplicate /gene - yahA_1 yahA_2 yahA_3
[18:17:32] Fixed 3 duplicate /gene - papD_1 papD_2 papD_3
[18:17:32] Fixed 2 duplicate /gene - psuK_1 psuK_2
[18:17:32] Fixed 3 duplicate /gene - dnaJ_1 dnaJ_2 dnaJ_3
[18:17:32] Fixed 2 duplicate /gene - dapH_1 dapH_2
[18:17:32] Fixed 3 duplicate /gene - rbsC_1 rbsC_2 rbsC_3
[18:17:32] Fixed 4 duplicate /gene - cynR_1 cynR_2 cynR_3 cynR_4
[18:17:32] Fixed 3 duplicate /gene - htrE_1 htrE_2 htrE_3
[18:17:32] Fixed 2 duplicate /gene - matA_1 matA_2
[18:17:32] Fixed 4 duplicate /gene - ompX_1 ompX_2 ompX_3 ompX_4
[18:17:32] Fixed 2 duplicate /gene - garP_1 garP_2
[18:17:32] Fixed 2 duplicate /gene - ugpC_1 ugpC_2
[18:17:32] Fixed 5 duplicate /gene - intS_1 intS_2 intS_3 intS_4 intS_5
[18:17:32] Fixed 2 duplicate /gene - yicI_1 yicI_2
[18:17:32] Fixed 2 duplicate /gene - ndhF_1 ndhF_2
[18:17:32] Fixed 2 duplicate /gene - relE_1 relE_2
[18:17:32] Fixed 2 duplicate /gene - gstB_1 gstB_2
[18:17:32] Fixed 2 duplicate /gene - glnM_1 glnM_2
[18:17:32] Fixed 2 duplicate /gene - aroP_1 aroP_2
[18:17:32] Fixed 2 duplicate /gene - argE_1 argE_2
[18:17:32] Fixed 2 duplicate /gene - ybhO_1 ybhO_2
[18:17:32] Fixed 2 duplicate /gene - ogt_1 ogt_2
[18:17:32] Fixed 2 duplicate /gene - spaS_1 spaS_2
[18:17:32] Fixed 3 duplicate /gene - hydN_1 hydN_2 hydN_3
[18:17:32] Fixed 3 duplicate /gene - cysJ_1 cysJ_2 cysJ_3
[18:17:32] Fixed 2 duplicate /gene - ydeO_1 ydeO_2
[18:17:32] Fixed 2 duplicate /gene - appA_1 appA_2
[18:17:32] Fixed 4 duplicate /gene - parM_1 parM_2 parM_3 parM_4
[18:17:32] Fixed 3 duplicate /gene - rbsK_1 rbsK_2 rbsK_3
[18:17:32] Fixed 2 duplicate /gene - nanK_1 nanK_2
[18:17:32] Fixed 6 duplicate /gene - hin_1 hin_2 hin_3 hin_4 hin_5 hin_6
[18:17:32] Fixed 2 duplicate /gene - adhE_1 adhE_2
[18:17:32] Fixed 2 duplicate /gene - mtlR_1 mtlR_2
[18:17:32] Fixed 2 duplicate /gene - ada_1 ada_2
[18:17:32] Fixed 3 duplicate /gene - etfA_1 etfA_2 etfA_3
[18:17:32] Fixed 2 duplicate /gene - ygcS_1 ygcS_2
[18:17:32] Fixed 2 duplicate /gene - yeeA_1 yeeA_2
[18:17:32] Fixed 2 duplicate /gene - rcsA_1 rcsA_2
[18:17:32] Fixed 2 duplicate /gene - pcoC_1 pcoC_2
[18:17:32] Fixed 2 duplicate /gene - dcuD_1 dcuD_2
[18:17:32] Fixed 2 duplicate /gene - rlmB_1 rlmB_2
[18:17:32] Fixed 2 duplicate /gene - nuoL_1 nuoL_2
[18:17:32] Fixed 2 duplicate /gene - paaF_1 paaF_2
[18:17:32] Fixed 2 duplicate /gene - lon_1 lon_2
[18:17:32] Fixed 2 duplicate /gene - yihP_1 yihP_2
[18:17:32] Fixed 2 duplicate /gene - mipA_1 mipA_2
[18:17:32] Fixed 3 duplicate /gene - cusS_1 cusS_2 cusS_3
[18:17:32] Fixed 2 duplicate /gene - ygdR_1 ygdR_2
[18:17:32] Fixed 3 duplicate /gene - potA_1 potA_2 potA_3
[18:17:32] Fixed 3 duplicate /gene - manZ_1 manZ_2 manZ_3
[18:17:32] Fixed 2 duplicate /gene - tlyC_1 tlyC_2
[18:17:32] Fixed 2 duplicate /gene - mtlK_1 mtlK_2
[18:17:32] Fixed 6 duplicate /gene - lexA_1 lexA_2 lexA_3 lexA_4 lexA_5 lexA_6
[18:17:32] Fixed 2 duplicate /gene - minD_1 minD_2
[18:17:32] Fixed 2 duplicate /gene - ccmF_1 ccmF_2
[18:17:32] Fixed 2 duplicate /gene - hemN_1 hemN_2
[18:17:32] Fixed 5 duplicate /gene - rusA_1 rusA_2 rusA_3 rusA_4 rusA_5
[18:17:32] Fixed 2 duplicate /gene - nlpD_1 nlpD_2
[18:17:32] Fixed 2 duplicate /gene - cdsA_1 cdsA_2
[18:17:32] Fixed 2 duplicate /gene - ydeH_1 ydeH_2
[18:17:32] Fixed 3 duplicate /gene - acrB_1 acrB_2 acrB_3
[18:17:32] Fixed 2 duplicate /gene - epsG_1 epsG_2
[18:17:32] Fixed 2 duplicate /gene - gntR_1 gntR_2
[18:17:32] Fixed 2 duplicate /gene - yccS_1 yccS_2
[18:17:32] Fixed 2 duplicate /gene - ltrA_1 ltrA_2
[18:17:32] Fixed 2 duplicate /gene - ydjE_1 ydjE_2
[18:17:32] Fixed 2 duplicate /gene - nuoI_1 nuoI_2
[18:17:32] Fixed 2 duplicate /gene - mepM_1 mepM_2
[18:17:32] Fixed 2 duplicate /gene - yccM_1 yccM_2
[18:17:32] Fixed 2 duplicate /gene - chuR_1 chuR_2
[18:17:32] Fixed 2 duplicate /gene - ydhX_1 ydhX_2
[18:17:32] Fixed 2 duplicate /gene - higA_1 higA_2
[18:17:32] Fixed 2 duplicate /gene - yedQ_1 yedQ_2
[18:17:32] Fixed 2 duplicate /gene - pncC_1 pncC_2
[18:17:32] Fixed 2 duplicate /gene - aspT_1 aspT_2
[18:17:32] Fixed 2 duplicate /gene - slp_1 slp_2
[18:17:32] Fixed 2 duplicate /gene - hybD_1 hybD_2
[18:17:32] Fixed 2 duplicate /gene - sfaG_1 sfaG_2
[18:17:32] Fixed 2 duplicate /gene - yheS_1 yheS_2
[18:17:32] Fixed 5 duplicate /gene - rhsC_1 rhsC_2 rhsC_3 rhsC_4 rhsC_5
[18:17:32] Fixed 2 duplicate /gene - eltA_1 eltA_2
[18:17:32] Fixed 2 duplicate /gene - yfgF_1 yfgF_2
[18:17:32] Fixed 2 duplicate /gene - pflA_1 pflA_2
[18:17:32] Fixed 3 duplicate /gene - yjcC_1 yjcC_2 yjcC_3
[18:17:32] Fixed 2 duplicate /gene - dmsC_1 dmsC_2
[18:17:32] Fixed 2 duplicate /gene - dusC_1 dusC_2
[18:17:32] Fixed 3 duplicate /gene - lldR_1 lldR_2 lldR_3
[18:17:32] Fixed 2 duplicate /gene - aaeB_1 aaeB_2
[18:17:32] Fixed 2 duplicate /gene - agaC_1 agaC_2
[18:17:32] Fixed 3 duplicate /gene - yhdJ_1 yhdJ_2 yhdJ_3
[18:17:32] Fixed 2 duplicate /gene - fliP_1 fliP_2
[18:17:32] Fixed 2 duplicate /gene - flhA_1 flhA_2
[18:17:32] Fixed 2 duplicate /gene - gspI_1 gspI_2
[18:17:32] Fixed 2 duplicate /gene - yniC_1 yniC_2
[18:17:32] Fixed 2 duplicate /gene - aaeA_1 aaeA_2
[18:17:32] Fixed 2 duplicate /gene - narU_1 narU_2
[18:17:32] Fixed 3 duplicate /gene - oppF_1 oppF_2 oppF_3
[18:17:32] Fixed 2 duplicate /gene - caiA_1 caiA_2
[18:17:32] Fixed 2 duplicate /gene - mdtP_1 mdtP_2
[18:17:32] Fixed 2 duplicate /gene - epsJ_1 epsJ_2
[18:17:32] Fixed 2 duplicate /gene - qseF_1 qseF_2
[18:17:32] Fixed 2 duplicate /gene - potF_1 potF_2
[18:17:32] Fixed 2 duplicate /gene - pgaA_1 pgaA_2
[18:17:32] Fixed 4 duplicate /gene - klcA_1 klcA_2 klcA_3 klcA_4
[18:17:32] Fixed 2 duplicate /gene - narL_1 narL_2
[18:17:32] Fixed 2 duplicate /gene - etfB_1 etfB_2
[18:17:32] Fixed 2 duplicate /gene - traI_1 traI_2
[18:17:32] Fixed 2 duplicate /gene - rpoD_1 rpoD_2
[18:17:32] Fixed 2 duplicate /gene - rhaR_1 rhaR_2
[18:17:32] Fixed 2 duplicate /gene - ydiV_1 ydiV_2
[18:17:32] Fixed 2 duplicate /gene - lrp_1 lrp_2
[18:17:32] Fixed 2 duplicate /gene - hsdR_1 hsdR_2
[18:17:32] Fixed 2 duplicate /gene - traD_1 traD_2
[18:17:32] Fixed 2 duplicate /gene - pspB_1 pspB_2
[18:17:32] Fixed 2 duplicate /gene - epsF_1 epsF_2
[18:17:32] Fixed 2 duplicate /gene - yiaO_1 yiaO_2
[18:17:32] Fixed 4 duplicate /gene - gltC_1 gltC_2 gltC_3 gltC_4
[18:17:32] Fixed 2 duplicate /gene - sucD_1 sucD_2
[18:17:32] Fixed 2 duplicate /gene - ptsG_1 ptsG_2
[18:17:32] Fixed 2 duplicate /gene - bioF_1 bioF_2
[18:17:32] Fixed 2 duplicate /gene - spo0C_1 spo0C_2
[18:17:32] Fixed 4 duplicate /gene - ptsI_1 ptsI_2 ptsI_3 ptsI_4
[18:17:32] Fixed 2 duplicate /gene - garR_1 garR_2
[18:17:32] Fixed 2 duplicate /gene - yiaW_1 yiaW_2
[18:17:32] Fixed 2 duplicate /gene - ybhL_1 ybhL_2
[18:17:32] Fixed 2 duplicate /gene - nagA_1 nagA_2
[18:17:32] Fixed 2 duplicate /gene - sgrR_1 sgrR_2
[18:17:32] Fixed 2 duplicate /gene - ulaB_1 ulaB_2
[18:17:32] Fixed 2 duplicate /gene - ddpD_1 ddpD_2
[18:17:32] Fixed 2 duplicate /gene - mglA_1 mglA_2
[18:17:32] Fixed 2 duplicate /gene - mbeA_1 mbeA_2
[18:17:32] Fixed 2 duplicate /gene - adrB_1 adrB_2
[18:17:32] Fixed 2 duplicate /gene - fecA_1 fecA_2
[18:17:32] Fixed 2 duplicate /gene - prfB_1 prfB_2
[18:17:32] Fixed 2 duplicate /gene - pqiB_1 pqiB_2
[18:17:32] Fixed 5 duplicate /gene - cbtA_1 cbtA_2 cbtA_3 cbtA_4 cbtA_5
[18:17:32] Fixed 4 duplicate /gene - intA_1 intA_2 intA_3 intA_4
[18:17:32] Fixed 5 duplicate /gene - bhsA_1 bhsA_2 bhsA_3 bhsA_4 bhsA_5
[18:17:32] Fixed 2 duplicate /gene - proS_1 proS_2
[18:17:32] Fixed 2 duplicate /gene - mdh_1 mdh_2
[18:17:32] Fixed 2 duplicate /gene - ydiF_1 ydiF_2
[18:17:32] Fixed 2 duplicate /gene - torZ_1 torZ_2
[18:17:32] Fixed 2 duplicate /gene - yjaB_1 yjaB_2
[18:17:32] Fixed 2 duplicate /gene - focA_1 focA_2
[18:17:32] Fixed 2 duplicate /gene - yjcD_1 yjcD_2
[18:17:32] Fixed 2 duplicate /gene - ftsA_1 ftsA_2
[18:17:32] Fixed 3 duplicate /gene - siaT_1 siaT_2 siaT_3
[18:17:32] Fixed 2 duplicate /gene - kefF_1 kefF_2
[18:17:32] Fixed 2 duplicate /gene - ydjZ_1 ydjZ_2
[18:17:32] Fixed 6 duplicate /gene - fimA_1 fimA_2 fimA_3 fimA_4 fimA_5 fimA_6
[18:17:32] Fixed 2 duplicate /gene - fbaA_1 fbaA_2
[18:17:32] Fixed 5 duplicate /gene - allS_1 allS_2 allS_3 allS_4 allS_5
[18:17:32] Fixed 2 duplicate /gene - deoB_1 deoB_2
[18:17:32] Fixed 2 duplicate /gene - ftnA_1 ftnA_2
[18:17:32] Fixed 2 duplicate /gene - msbA_1 msbA_2
[18:17:32] Fixed 2 duplicate /gene - fruA_1 fruA_2
[18:17:32] Fixed 3 duplicate /gene - tabA_1 tabA_2 tabA_3
[18:17:32] Fixed 3 duplicate /gene - ydcV_1 ydcV_2 ydcV_3
[18:17:32] Fixed 2 duplicate /gene - ddpA_1 ddpA_2
[18:17:32] Fixed 2 duplicate /gene - ccmH_1 ccmH_2
[18:17:32] Fixed 2 duplicate /gene - hycG_1 hycG_2
[18:17:32] Fixed 2 duplicate /gene - cysA_1 cysA_2
[18:17:32] Fixed 3 duplicate /gene - cysE_1 cysE_2 cysE_3
[18:17:32] Fixed 3 duplicate /gene - phoR_1 phoR_2 phoR_3
[18:17:32] Fixed 2 duplicate /gene - oppD_1 oppD_2
[18:17:32] Fixed 4 duplicate /gene - hyfB_1 hyfB_2 hyfB_3 hyfB_4
[18:17:32] Fixed 2 duplicate /gene - abgA_1 abgA_2
[18:17:32] Fixed 2 duplicate /gene - por_1 por_2
[18:17:32] Fixed 4 duplicate /gene - gspA_1 gspA_2 gspA_3 gspA_4
[18:17:32] Fixed 2 duplicate /gene - xerD_1 xerD_2
[18:17:32] Fixed 2 duplicate /gene - gspK_1 gspK_2
[18:17:32] Fixed 2 duplicate /gene - yeaI_1 yeaI_2
[18:17:32] Fixed 2 duplicate /gene - recF_1 recF_2
[18:17:32] Fixed 2 duplicate /gene - sfaH_1 sfaH_2
[18:17:32] Fixed 2 duplicate /gene - artM_1 artM_2
[18:17:32] Fixed 3 duplicate /gene - gadX_1 gadX_2 gadX_3
[18:17:32] Fixed 2 duplicate /gene - osmY_1 osmY_2
[18:17:32] Fixed 2 duplicate /gene - ybeZ_1 ybeZ_2
[18:17:32] Fixed 3 duplicate /gene - galM_1 galM_2 galM_3
[18:17:32] Fixed 2 duplicate /gene - ecpD_1 ecpD_2
[18:17:32] Fixed 3 duplicate /gene - hcaR_1 hcaR_2 hcaR_3
[18:17:32] Fixed 2 duplicate /gene - traA_1 traA_2
[18:17:32] Fixed 2 duplicate /gene - kdgK_1 kdgK_2
[18:17:32] Fixed 2 duplicate /gene - ompF_1 ompF_2
[18:17:32] Fixed 4 duplicate /gene - gltD_1 gltD_2 gltD_3 gltD_4
[18:17:32] Fixed 2 duplicate /gene - narX_1 narX_2
[18:17:32] Fixed 2 duplicate /gene - lutR_1 lutR_2
[18:17:32] Fixed 2 duplicate /gene - emrK_1 emrK_2
[18:17:32] Fixed 2 duplicate /gene - murR_1 murR_2
[18:17:32] Fixed 2 duplicate /gene - manC1_1 manC1_2
[18:17:32] Fixed 2 duplicate /gene - lacA_1 lacA_2
[18:17:32] Fixed 2 duplicate /gene - ulaC_1 ulaC_2
[18:17:32] Fixed 2 duplicate /gene - yqjA_1 yqjA_2
[18:17:32] Fixed 3 duplicate /gene - nagB_1 nagB_2 nagB_3
[18:17:32] Fixed 2 duplicate /gene - pduV_1 pduV_2
[18:17:32] Fixed 2 duplicate /gene - cmtB_1 cmtB_2
[18:17:32] Fixed 355 colliding /gene names.
[18:17:32] Adding /locus_tag identifiers
[18:17:33] Assigned 5294 locus_tags to CDS and RNA features.
[18:17:33] Writing outputs to results/prokka/ETEC/
[18:17:45] Generating annotation statistics file
[18:17:45] Generating Genbank and Sequin files
[18:17:45] Running: tbl2asn -V b -a r10k -l paired-ends -M n -N 1 -y 'Annotated using prokka 1.11 from http://www.vicbioinformatics.com' -Z results\/prokka\/ETEC\/ETEC_03142017\.err -i results\/prokka\/ETEC\/ETEC_03142017\.fsa 2> /dev/null
[18:18:02] Could not run command: tbl2asn -V b -a r10k -l paired-ends -M n -N 1 -y 'Annotated using prokka 1.11 from http://www.vicbioinformatics.com' -Z results\/prokka\/ETEC\/ETEC_03142017\.err -i results\/prokka\/ETEC\/ETEC_03142017\.fsa 2> /dev/null
