
Dollo and polymorphism parsimony algorithm, version 3.69.650

Dollo parsimony method


From    To     Any Steps?    State at upper node
                             ( . means same as in the node below it on tree)

root      1         no     .
  1       2         no     .
  2    ROD          no     .
  2       3         no     .
  3       4         no     .
  4       5         no     .
  5       6         no     .
  6    SL1344       no     .
  6    SL3261       no     .
  5       7         no     .
  7    STM          no     .
  7    STMMW        no     .
  4    SEN          no     .
  3    t            no     .
  1       8         no     .
  8    NCTC13441    no     .
  8       9         no     .
  9    CS17         no     .
  9      10         no     .
 10    ETEC         no     .
 10    b            no     .




