[18:11:26] Command: --outdir results/prokka/STMMW --locustag STMMW --genus Salmonella --species enterica --kingdom Bacteria --gram neg /home/fatemeh/EnTrI/data/fasta-genome/chromosome/STMMW.fa
[18:11:26] Looking for 'aragorn' - found /usr/bin/aragorn
[18:11:26] Determined aragorn version is 1.2
[18:11:26] Looking for 'blastp' - found /usr/bin/blastp
[18:11:26] Determined blastp version is 2.2
[18:11:26] Looking for 'cmpress' - found /usr/local/bin/cmpress
[18:11:26] Determined cmpress version is 1.1
[18:11:26] Looking for 'cmscan' - found /usr/local/bin/cmscan
[18:11:26] Determined cmscan version is 1.1
[18:11:26] Looking for 'egrep' - found /bin/egrep
[18:11:26] Looking for 'find' - found /usr/bin/find
[18:11:26] Looking for 'grep' - found /bin/grep
[18:11:26] Looking for 'hmmpress' - found /usr/local/bin/hmmpress
[18:11:26] Determined hmmpress version is 3.1
[18:11:26] Looking for 'hmmscan' - found /usr/local/bin/hmmscan
[18:11:26] Determined hmmscan version is 3.1
[18:11:26] Looking for 'less' - found /usr/bin/less
[18:11:26] Looking for 'makeblastdb' - found /usr/bin/makeblastdb
[18:11:27] Determined makeblastdb version is 2.2
[18:11:27] Looking for 'minced' - found /home/fatemeh/program-bank/prokka-1.11/bin/../binaries/linux/../common/minced
[18:11:27] Determined minced version is 1.6
[18:11:27] Looking for 'parallel' - found /usr/bin/parallel
[18:11:27] Determined parallel version is 20130922
[18:11:27] Looking for 'prodigal' - found /usr/bin/prodigal
[18:11:27] Determined prodigal version is 2.6
[18:11:27] Looking for 'prokka-genbank_to_fasta_db' - found /home/fatemeh/program-bank/prokka-1.11/bin/prokka-genbank_to_fasta_db
[18:11:27] Looking for 'sed' - found /bin/sed
[18:11:27] Looking for 'signalp' - found /home/fatemeh/program-bank/signalp
[18:11:28] Determined signalp version is 4.1
[18:11:28] Looking for 'tbl2asn' - found /home/fatemeh/program-bank/tbl2asn
[18:11:28] Determined tbl2asn version is 23.9
[18:11:28] Using genetic code table 11.
[18:11:28] Loading and checking input file: /home/fatemeh/EnTrI/data/fasta-genome/chromosome/STMMW.fa
[18:11:29] Wrote 2 contigs
[18:11:29] Predicting tRNAs and tmRNAs
[18:11:29] Running: aragorn -gc11  -w results\/prokka\/STMMW\/STMMW_03142017\.fna
[18:11:35] 1 tRNA-Ile [290777,290853] 35 (gat)
[18:11:35] 2 tRNA-Ala [290963,291038] 34 (tgc)
[18:11:35] 3 tRNA-Asp [294815,294891] 35 (gtc)
[18:11:35] 4 tRNA-Asp [304254,304328] 35 (gtc)
[18:11:35] 5 tRNA-Thr [368767,368842] 34 (cgt)
[18:11:35] 6 tRNA-Asn [386602,386676] 34 (gtt)
[18:11:35] 7 tRNA-Thr [386682,386757] 34 (tgt)
[18:11:35] 8 tRNA-Arg [652368,652444] 35 (tct)
[18:11:35] 9 tRNA-Gln c[776819,776893] 33 (ctg)
[18:11:35] 10 tRNA-Gln c[776937,777011] 33 (ctg)
[18:11:35] 11 tRNA-Met c[777058,777134] 35 (cat)
[18:11:35] 12 tRNA-Gln c[777150,777224] 33 (ttg)
[18:11:35] 13 tRNA-Gln c[777260,777334] 33 (ttg)
[18:11:35] 14 tRNA-Leu c[777358,777442] 35 (tag)
[18:11:35] 15 tRNA-Met c[777451,777527] 35 (cat)
[18:11:35] 16 tRNA-Lys [857587,857662] 34 (ttt)
[18:11:35] 17 tRNA-Val [857794,857869] 34 (tac)
[18:11:35] 18 tRNA-Lys [857873,857948] 34 (ttt)
[18:11:35] 19 tRNA-Lys [857998,858073] 34 (ttt)
[18:11:35] 20 tRNA-Lys [858208,858283] 34 (ttt)
[18:11:35] 21 tRNA-Ser c[1023351,1023438] 35 (gga)
[18:11:35] 22 tRNA-Ser [1172012,1172099] 35 (tga)
[18:11:35] 23 tRNA-Ser c[1220526,1220613] 35 (gga)
[18:11:35] 24 tRNA-Arg [1329725,1329801] 35 (cct)
[18:11:35] 25 tRNA-Arg [1342163,1342239] 35 (tct)
[18:11:35] 26 tRNA-Val c[1498159,1498235] 35 (gac)
[18:11:35] 27 tRNA-Val c[1498246,1498322] 35 (gac)
[18:11:35] 28 tRNA-Tyr [1845084,1845168] 35 (gta)
[18:11:35] 29 tRNA-Tyr [1845373,1845457] 35 (gta)
[18:11:35] 30 tRNA-Leu c[2018872,2018958] 35 (taa)
[18:11:35] 31 tRNA-Cys c[2018970,2019043] 33 (gca)
[18:11:35] 32 tRNA-Gly c[2019096,2019171] 34 (gcc)
[18:11:35] 33 tRNA-Ser c[2105828,2105917] 35 (cga)
[18:11:35] 34 tRNA-Asn [2106904,2106979] 34 (gtt)
[18:11:35] 35 tRNA-Asn [2107874,2107949] 34 (gtt)
[18:11:35] 36 tRNA-Asn c[2117816,2117891] 34 (gtt)
[18:11:35] 37 tRNA-Asn [2119649,2119724] 34 (gtt)
[18:11:35] 38 tRNA-Pro [2354410,2354486] 35 (ggg)
[18:11:35] 39 tRNA-Arg [2529490,2529564] 34 (cct)
[18:11:35] 40 tRNA-Ala c[2552604,2552679] 34 (ggc)
[18:11:35] 41 tRNA-Ala c[2552722,2552797] 34 (ggc)
[18:11:35] 42 tRNA-Val [2555503,2555578] 34 (tac)
[18:11:35] 43 tRNA-Val [2555624,2555699] 34 (tac)
[18:11:35] 44 tRNA-Val [2555741,2555816] 34 (tac)
[18:11:35] 45 tRNA-Lys [2555821,2555896] 34 (ttt)
[18:11:35] 46 tRNA-Arg c[2786004,2786080] 35 (tct)
[18:11:35] 47 tRNA-Glu c[2826614,2826689] 35 (ttc)
[18:11:35] 48 tmRNA [2870605,2870967] 91,126 ANDETYALAA**
[18:11:35] 49 tRNA-Arg c[2962912,2962988] 35 (acg)
[18:11:35] 50 tRNA-Arg c[2963182,2963258] 35 (acg)
[18:11:35] 51 tRNA-Arg c[2963321,2963397] 35 (acg)
[18:11:35] 52 tRNA-Arg c[2963460,2963536] 35 (acg)
[18:11:35] 53 tRNA-Ser c[2963540,2963632] 35 (gct)
[18:11:35] 54 tRNA-Met [3133074,3133150] 35 (cat)
[18:11:35] 55 tRNA-Met [3133180,3133256] 35 (cat)
[18:11:35] 56 tRNA-Gly c[3188681,3188754] 33 (ccc)
[18:11:35] 57 tRNA-Phe [3267387,3267462] 34 (gaa)
[18:11:35] 58 tRNA-Met [3370248,3370323] 34 (cat)
[18:11:35] 59 tRNA-Met c[3480927,3481003] 35 (cat)
[18:11:35] 60 tRNA-Leu c[3484176,3484262] 35 (gag)
[18:11:35] 61 tRNA-Thr c[3589921,3589996] 34 (ggt)
[18:11:35] 62 tRNA-Glu c[3593403,3593478] 35 (ttc)
[18:11:35] 63 tRNA-Pro c[3843296,3843372] 35 (cgg)
[18:11:35] 64 tRNA-seC [3971453,3971547] 35 (tca)
[18:11:35] 65 tRNA-Glu [4124635,4124710] 35 (ttc)
[18:11:35] 66 tRNA-Asp [4128157,4128233] 35 (gtc)
[18:11:35] 67 tRNA-Trp [4128242,4128317] 34 (cca)
[18:11:35] 68 tRNA-Arg [4163782,4163858] 35 (ccg)
[18:11:35] 69 tRNA-His [4163913,4163988] 34 (gtg)
[18:11:35] 70 tRNA-Ser [4164009,4164095] 35 (cag)
[18:11:35] 71 tRNA-Pro [4164138,4164214] 35 (tgg)
[18:11:35] 72 tRNA-Ile [4220544,4220620] 35 (gat)
[18:11:35] 73 tRNA-Ala [4220732,4220807] 34 (tgc)
[18:11:35] 74 tRNA-Ile [4375496,4375572] 35 (gat)
[18:11:35] 75 tRNA-Ala [4375684,4375759] 34 (tgc)
[18:11:35] 76 tRNA-Thr [4382797,4382872] 34 (tgt)
[18:11:35] 77 tRNA-Tyr [4382881,4382965] 35 (gta)
[18:11:35] 78 tRNA-Gly [4383082,4383156] 34 (tcc)
[18:11:35] 79 tRNA-Thr [4383163,4383238] 34 (ggt)
[18:11:35] 80 tRNA-Glu [4419053,4419128] 35 (ttc)
[18:11:35] 81 tRNA-Phe c[4588567,4588642] 34 (gaa)
[18:11:35] 82 tRNA-Gly [4618407,4618482] 34 (gcc)
[18:11:35] 83 tRNA-Gly [4618639,4618714] 34 (gcc)
[18:11:35] 84 tRNA-Gly [4618871,4618946] 34 (gcc)
[18:11:35] 85 tRNA-Leu [4753001,4753085] 35 (caa)
[18:11:35] 86 tRNA-Ser c[4832607,4832693] 35 (cag)
[18:11:35] 87 tRNA-Ser c[4832725,4832811] 35 (cag)
[18:11:35] 88 tRNA-Ser c[4832839,4832925] 35 (cag)
[18:11:35] 89 tRNA-Gly [4864301,4864394] 37 (tcc)
[18:11:35] Found 89 tRNAs
[18:11:35] Predicting Ribosomal RNAs
[18:11:35] You need either Barrnap or RNAmmer installed to predict rRNAs!
[18:11:35] Skipping ncRNA search, enable with --rfam if desired.
[18:11:35] Total of 88 tRNA + rRNA features
[18:11:35] Searching for CRISPR repeats
[18:11:38] CRISPR1 FN424405 3069598 with 9 spacers
[18:11:38] CRISPR2 FN424405 3070128 with 15 spacers
[18:11:38] CRISPR3 FN424405 3087144 with 19 spacers
[18:11:38] Found 3 CRISPRs
[18:11:38] Predicting coding sequences
[18:11:38] Contigs total 4996447 bp, so using single mode
[18:11:38] Running: prodigal -i results\/prokka\/STMMW\/STMMW_03142017\.fna -c -m -g 11 -p single -f sco -q
[18:12:21] Excluding CDS which overlaps existing RNA (tRNA) at FN424405:4863990..4864637 on + strand
[18:12:21] Found 4706 CDS
[18:12:21] Connecting features back to sequences
[18:12:21] Looking for signal peptides at start of predicted proteins
[18:12:21] Treating Bacteria as gram-
[18:12:37] Running: signalp -t gram- -f short  results\/prokka\/STMMW\/signalp\.faa 2> /dev/null
[18:21:13] Found 444 signal peptides
[18:21:13] Deleting unwanted file: results/prokka/STMMW/signalp.faa
[18:21:13] Not using genus-specific database. Try --usegenus to enable it.
[18:21:13] Annotating CDS, please be patient.
[18:21:13] Will use 4 CPUs for similarity searching.
[18:21:20] There are still 4706 unannotated CDS left (started with 4706)
[18:21:20] Will use blast to search against /home/fatemeh/program-bank/prokka-1.11/bin/../db/kingdom/Bacteria/sprot with 4 CPUs
[18:21:20] Running: cat results\/prokka\/STMMW\/sprot\.faa | parallel --gnu --plain -j 4 --block 185419 --recstart '>' --pipe blastp -query - -db /home/fatemeh/program-bank/prokka-1.11/bin/../db/kingdom/Bacteria/sprot -evalue 1e-06 -num_threads 1 -num_descriptions 1 -num_alignments 1 -seg no > results\/prokka\/STMMW\/sprot\.blast 2> /dev/null
[18:29:18] Modify product: Probable sulfoacetate transporter SauU => putative sulfoacetate transporter SauU
[18:29:18] Modify product: Bifunctional protein FolD => Bifunctional protein FolD protein
[18:29:18] Modify product: Uncharacterized fimbrial-like protein ElfG precursor => putative fimbrial-like protein ElfG precursor
[18:29:18] Modify product: Bactoprenol glucosyl transferase homolog from prophage CPS-53 => hypothetical protein
[18:29:18] Modify product: Bactoprenol-linked glucose translocase homolog from prophage CPS-53 => hypothetical protein
[18:29:18] Modify product: Probable siderophore transport system ATP-binding protein YusV => putative siderophore transport system ATP-binding protein YusV
[18:29:18] Modify product: Uncharacterized HTH-type transcriptional regulator YbdO => putative HTH-type transcriptional regulator YbdO
[18:29:18] Modify product: Uncharacterized HTH-type transcriptional regulator YbdO => putative HTH-type transcriptional regulator YbdO
[18:29:19] Modify product: Probable glutamine ABC transporter permease protein GlnM => putative glutamine ABC transporter permease protein GlnM
[18:29:19] Modify product: Uncharacterized lipoprotein ChiQ precursor => putative lipoprotein ChiQ precursor
[18:29:19] Modify product: Probable siderophore transport system ATP-binding protein YusV => putative siderophore transport system ATP-binding protein YusV
[18:29:19] Modify product: Uncharacterized ABC transporter ATP-binding protein YlmA => putative ABC transporter ATP-binding protein YlmA
[18:29:19] Modify product: Uncharacterized ABC transporter ATP-binding protein YbhF => putative ABC transporter ATP-binding protein YbhF
[18:29:19] Modify product: Probable ATP-dependent helicase DinG => putative ATP-dependent helicase DinG
[18:29:19] Modify product: Probable L,D-transpeptidase YbiS precursor => putative L,D-transpeptidase YbiS precursor
[18:29:19] Modify product: Uncharacterized ABC transporter ATP-binding protein YheS => putative ABC transporter ATP-binding protein YheS
[18:29:19] Modify product: Uncharacterized lipoprotein YbjP precursor => putative lipoprotein YbjP precursor
[18:29:19] Modify product: Probable multidrug resistance ABC transporter ATP-binding/permease protein YheH => putative multidrug resistance ABC transporter ATP-binding/permease protein YheH
[18:29:19] Modify product: Uncharacterized MFS-type transporter YcaD => putative MFS-type transporter YcaD
[18:29:19] Modify product: Probable formate transporter 1 => putative formate transporter 1
[18:29:19] Modify product: Probable metallo-hydrolase M6_Spy0554 => putative metallo-hydrolase
[18:29:19] Modify product: Probable sensor-like histidine kinase YedV => putative sensor-like histidine kinase YedV
[18:29:19] Modify product: Probable transcriptional regulatory protein YedW => putative transcriptional regulatory protein YedW
[18:29:20] Modify product: Uncharacterized HTH-type transcriptional regulator YbbH => putative HTH-type transcriptional regulator YbbH
[18:29:20] Modify product: Probable phosphatase YcdX => putative phosphatase YcdX
[18:29:20] Modify product: Probable cardiolipin synthase YwiE => putative cardiolipin synthase YwiE
[18:29:20] Modify product: Cytochrome b561 homolog 2 => hypothetical protein
[18:29:20] Modify product: Uncharacterized lipoprotein YceB precursor => putative lipoprotein YceB precursor
[18:29:20] Modify product: Probable peptidoglycan biosynthesis protein MurJ => putative peptidoglycan biosynthesis protein MurJ
[18:29:20] Modify product: Uncharacterized deoxyribonuclease YcfH => putative deoxyribonuclease YcfH
[18:29:20] Modify product: Probable L,D-transpeptidase YcfS precursor => putative L,D-transpeptidase YcfS precursor
[18:29:20] Modify product: Cytochrome b561 homolog 1 => hypothetical protein
[18:29:20] Modify product: Probable two-component-system connector protein AriR => putative two-component-system connector protein AriR
[18:29:20] Modify product: Stress response UPF0229 protein YhbH => hypothetical protein
[18:29:20] Modify product: Uncharacterized oxidoreductase YtbE => putative oxidoreductase YtbE
[18:29:20] Modify product: Uncharacterized FAD-linked oxidoreductase Rv2280 => putative FAD-linked oxidoreductase
[18:29:20] Modify product: Probable ATP-dependent transporter SufC => putative ATP-dependent transporter SufC
[18:29:20] Modify product: Probable L,D-transpeptidase YnhG precursor => putative L,D-transpeptidase YnhG precursor
[18:29:20] Modify product: Probable ATP synthase YscN => putative ATP synthase YscN
[18:29:20] Modify product: Uncharacterized oxidoreductase YdgJ => putative oxidoreductase YdgJ
[18:29:20] Modify product: DNA replication terminus site-binding protein => hypothetical protein
[18:29:20] Modify product: Probable dimethyl sulfoxide reductase chain YnfF precursor => putative dimethyl sulfoxide reductase chain YnfF precursor
[18:29:20] Modify product: Uncharacterized zinc-type alcohol dehydrogenase-like protein YjmD => putative zinc-type alcohol dehydrogenase-like protein YjmD
[18:29:20] Modify product: Uncharacterized HTH-type transcriptional regulator YdfH => putative HTH-type transcriptional regulator YdfH
[18:29:20] Modify product: Probable amino-acid metabolite efflux pump => putative amino-acid metabolite efflux pump
[18:29:21] Modify product: Probable Ni/Fe-hydrogenase 1 B-type cytochrome subunit => putative Ni/Fe-hydrogenase 1 B-type cytochrome subunit
[18:29:21] Modify product: Uncharacterized zinc-type alcohol dehydrogenase-like protein YjmD => putative zinc-type alcohol dehydrogenase-like protein YjmD
[18:29:21] Modify product: Probable nitrate reductase molybdenum cofactor assembly chaperone NarW => putative nitrate reductase molybdenum cofactor assembly chaperone NarW
[18:29:21] Modify product: Uncharacterized isomerase YddE => putative isomerase YddE
[18:29:21] Modify product: Uncharacterized lipoprotein YgdR precursor => putative lipoprotein YgdR precursor
[18:29:21] Modify product: Uncharacterized HTH-type transcriptional regulator YdcR => putative HTH-type transcriptional regulator YdcR
[18:29:21] Modify product: Uncharacterized protease YhbU precursor => putative protease YhbU precursor
[18:29:21] Modify product: Probable DNA endonuclease SmrA => putative DNA endonuclease SmrA
[18:29:21] Modify product: Probable thiol peroxidase => putative thiol peroxidase
[18:29:21] Modify product: Uncharacterized lipoprotein YgdR precursor => putative lipoprotein YgdR precursor
[18:29:21] Modify product: Uncharacterized oxidoreductase YtbE => putative oxidoreductase YtbE
[18:29:21] Modify product: Probable D,D-dipeptide transport ATP-binding protein DdpD => putative D,D-dipeptide transport ATP-binding protein DdpD
[18:29:21] Modify product: Probable protease SohB => putative protease SohB
[18:29:21] Modify product: Uncharacterized oxidoreductase YciK => putative oxidoreductase YciK
[18:29:21] Modify product: Probable intracellular septation protein A => putative intracellular septation protein A
[18:29:21] Modify product: Uncharacterized acyl-CoA thioester hydrolase HI_0827 => putative acyl-CoA thioester hydrolase
[18:29:21] Modify product: Probable Ni/Fe-hydrogenase 1 B-type cytochrome subunit => putative Ni/Fe-hydrogenase 1 B-type cytochrome subunit
[18:29:21] Modify product: Probable S-adenosyl-L-methionine-dependent methyltransferase TehB => putative S-adenosyl-L-methionine-dependent methyltransferase TehB
[18:29:21] Modify product: Probable ATP-dependent helicase DinG => putative ATP-dependent helicase DinG
[18:29:21] Modify product: Probable manganese efflux pump MntP => putative manganese efflux pump MntP
[18:29:21] Modify product: Uncharacterized HTH-type transcriptional regulator YbbH => putative HTH-type transcriptional regulator YbbH
[18:29:21] Modify product: Probable transcriptional regulatory protein YebC => putative transcriptional regulatory protein YebC
[18:29:22] Modify product: Probable diguanylate cyclase YedQ => putative diguanylate cyclase YedQ
[18:29:22] Modify product: Uncharacterized inner membrane transporter YedA => putative inner membrane transporter YedA
[18:29:22] Modify product: Uncharacterized HTH-type transcriptional regulator HI_1476 => putative HTH-type transcriptional regulator
[18:29:22] Modify product: Probable L,D-transpeptidase ErfK/SrfK precursor => putative L,D-transpeptidase ErfK/SrfK precursor
[18:29:22] Modify product: Probable cobalt-precorrin-6Y C(15)-methyltransferase [decarboxylating] => putative cobalt-precorrin-6Y C(15)-methyltransferase [decarboxylating]
[18:29:22] Modify product: Probable cobalt-precorrin-6Y C(5)-methyltransferase => putative cobalt-precorrin-6Y C(5)-methyltransferase
[18:29:22] Modify product: Carbon dioxide-concentrating mechanism protein CcmK homolog 1 => hypothetical protein
[18:29:22] Modify product: Carbon dioxide-concentrating mechanism protein CcmK homolog 2 => hypothetical protein
[18:29:22] Modify product: Probable propionate kinase => putative propionate kinase
[18:29:22] Modify product: Uncharacterized ferredoxin-like protein YdhX precursor => putative ferredoxin-like protein YdhX precursor
[18:29:22] Modify product: Uncharacterized sugar transferase EpsL => putative sugar transferase EpsL
[18:29:22] Modify product: Putative acetyltransferase SACOL2570 => Putative acetyltransferase
[18:29:22] Modify product: PGL/p-HBAD biosynthesis glycosyltransferase Rv2957/MT3031 => PGL/p-HBAD biosynthesis glycosyltransferase/MT3031
[18:29:22] Modify product: Probable diguanylate cyclase YegE => putative diguanylate cyclase YegE
[18:29:22] Modify product: Uncharacterized protease YhbU precursor => putative protease YhbU precursor
[18:29:22] Modify product: Probable lipid kinase YegS => putative lipid kinase YegS
[18:29:22] Modify product: Uncharacterized HTH-type transcriptional regulator YegW => putative HTH-type transcriptional regulator YegW
[18:29:22] Modify product: Uncharacterized lipoprotein YehR precursor => putative lipoprotein YehR precursor
[18:29:22] Modify product: Uncharacterized lipoprotein YehR precursor => putative lipoprotein YehR precursor
[18:29:22] Modify product: Uncharacterized HTH-type transcriptional regulator YdfH => putative HTH-type transcriptional regulator YdfH
[18:29:22] Modify product: Uncharacterized HTH-type transcriptional regulator RhmR => putative HTH-type transcriptional regulator RhmR
[18:29:22] Modify product: Probable 4-deoxy-4-formamido-L-arabinose-phosphoundecaprenol deformylase ArnD => putative 4-deoxy-4-formamido-L-arabinose-phosphoundecaprenol deformylase ArnD
[18:29:22] Modify product: Probable 4-amino-4-deoxy-L-arabinose-phosphoundecaprenol flippase subunit ArnE => putative 4-amino-4-deoxy-L-arabinose-phosphoundecaprenol flippase subunit ArnE
[18:29:22] Modify product: Probable 4-amino-4-deoxy-L-arabinose-phosphoundecaprenol flippase subunit ArnF => putative 4-amino-4-deoxy-L-arabinose-phosphoundecaprenol flippase subunit ArnF
[18:29:22] Modify product: Uncharacterized Nudix hydrolase YfcD => putative Nudix hydrolase YfcD
[18:29:22] Modify product: Epimerase family protein SA0724 => Epimerase family protein
[18:29:22] Modify product: Uncharacterized HTH-type transcriptional regulator YbdO => putative HTH-type transcriptional regulator YbdO
[18:29:23] Modify product: Probable outer membrane usher protein ElfC precursor => putative outer membrane usher protein ElfC precursor
[18:29:23] Modify product: Uncharacterized fimbrial-like protein ElfG precursor => putative fimbrial-like protein ElfG precursor
[18:29:23] Modify product: Uncharacterized fimbrial-like protein YcbU precursor => putative fimbrial-like protein YcbU precursor
[18:29:23] Modify product: Uncharacterized fimbrial-like protein YcbV precursor => putative fimbrial-like protein YcbV precursor
[18:29:23] Modify product: Uncharacterized fimbrial chaperone YcbF precursor => putative fimbrial chaperone YcbF precursor
[18:29:23] Modify product: Uncharacterized lipoprotein YgdR precursor => putative lipoprotein YgdR precursor
[18:29:23] Modify product: Uncharacterized fimbrial-like protein ElfG precursor => putative fimbrial-like protein ElfG precursor
[18:29:23] Modify product: Probable tRNA (adenine(37)-N6)-methyltransferase => putative tRNA (adenine(37)-N6)-methyltransferase
[18:29:23] Modify product: Uncharacterized methyltransferase YcgJ => putative methyltransferase YcgJ
[18:29:23] Modify product: Probable deoxyribonuclease RhsB => putative deoxyribonuclease RhsB
[18:29:23] Modify product: Uncharacterized HTH-type transcriptional regulator HI_1476 => putative HTH-type transcriptional regulator
[18:29:23] Modify product: Probable diguanylate cyclase AdrA => putative diguanylate cyclase AdrA
[18:29:23] Modify product: Probable peroxiredoxin => putative peroxiredoxin
[18:29:23] Modify product: Uncharacterized lipoprotein YajI precursor => putative lipoprotein YajI precursor
[18:29:24] Modify product: Probable siderophore biosynthesis protein SbnA => putative siderophore biosynthesis protein SbnA
[18:29:24] Modify product: Probable multidrug resistance ABC transporter ATP-binding/permease protein YheI => putative multidrug resistance ABC transporter ATP-binding/permease protein YheI
[18:29:24] Modify product: Uncharacterized membrane protein YjcC => putative membrane protein YjcC
[18:29:24] Modify product: Uncharacterized ABC transporter ATP-binding protein YbbL => putative ABC transporter ATP-binding protein YbbL
[18:29:24] Modify product: Uncharacterized lipoprotein YgdR precursor => putative lipoprotein YgdR precursor
[18:29:24] Modify product: Uncharacterized lipoprotein YgdR precursor => putative lipoprotein YgdR precursor
[18:29:24] Modify product: Uncharacterized oxidoreductase YjmC => putative oxidoreductase YjmC
[18:29:24] Modify product: Probable Fe(2+)-trafficking protein => putative Fe(2+)-trafficking protein
[18:29:24] Modify product: Uncharacterized membrane protein YdfK => putative membrane protein YdfK
[18:29:24] Modify product: Virulence protein STM3117 => Virulence protein
[18:29:24] Modify product: Probable Ni/Fe-hydrogenase 2 b-type cytochrome subunit => putative Ni/Fe-hydrogenase 2 b-type cytochrome subunit
[18:29:24] Modify product: Uncharacterized oxidoreductase YghA => putative oxidoreductase YghA
[18:29:24] Modify product: Probable quinol monooxygenase YgiN => putative quinol monooxygenase YgiN
[18:29:24] Modify product: Probable glycerol-3-phosphate acyltransferase => putative glycerol-3-phosphate acyltransferase
[18:29:24] Modify product: Uncharacterized protease YhbU precursor => putative protease YhbU precursor
[18:29:25] Modify product: Transcription termination/antitermination protein NusA => hypothetical protein
[18:29:25] Modify product: Uncharacterized inner membrane transporter YhbE => putative inner membrane transporter YhbE
[18:29:25] Modify product: Probable phospholipid ABC transporter-binding protein MlaB => putative phospholipid ABC transporter-binding protein MlaB
[18:29:25] Modify product: Probable phospholipid-binding protein MlaC precursor => putative phospholipid-binding protein MlaC precursor
[18:29:25] Modify product: Probable phospholipid ABC transporter-binding protein MlaD => putative phospholipid ABC transporter-binding protein MlaD
[18:29:25] Modify product: Probable phospholipid ABC transporter permease protein MlaE => putative phospholipid ABC transporter permease protein MlaE
[18:29:25] Modify product: Probable phospholipid import ATP-binding protein MlaF => putative phospholipid import ATP-binding protein MlaF
[18:29:25] Modify product: Uncharacterized HTH-type transcriptional regulator YdfH => putative HTH-type transcriptional regulator YdfH
[18:29:25] Modify product: Probable acrylyl-CoA reductase AcuI => putative acrylyl-CoA reductase AcuI
[18:29:25] Modify product: Probable acrEF/envCD operon repressor => putative acrEF/envCD operon repressor
[18:29:25] Modify product: Uncharacterized ABC transporter ATP-binding protein YheS => putative ABC transporter ATP-binding protein YheS
[18:29:25] Modify product: Probable adenosine monophosphate-protein transferase fic => putative adenosine monophosphate-protein transferase fic
[18:29:25] Modify product: 60 kDa SS-A/Ro ribonucleoprotein homolog => hypothetical protein
[18:29:25] Modify product: Probable 2-keto-3-deoxy-galactonate aldolase YagE => putative 2-keto-3-deoxy-galactonate aldolase YagE
[18:29:25] Modify product: Uncharacterized HTH-type transcriptional regulator RhmR => putative HTH-type transcriptional regulator RhmR
[18:29:25] Modify product: Probable galactarate transporter => putative galactarate transporter
[18:29:25] Modify product: Probable phospholipid-binding lipoprotein MlaA precursor => putative phospholipid-binding lipoprotein MlaA precursor
[18:29:25] Modify product: Uncharacterized HTH-type transcriptional regulator YdcR => putative HTH-type transcriptional regulator YdcR
[18:29:25] Modify product: Probable deferrochelatase/peroxidase YfeX => putative deferrochelatase/peroxidase YfeX
[18:29:26] Modify product: Probable 3-phenylpropionic acid transporter => putative 3-phenylpropionic acid transporter
[18:29:26] Modify product: Probable cadaverine/lysine antiporter => putative cadaverine/lysine antiporter
[18:29:26] Modify product: Probable dipeptide and tripeptide permease YjdL => putative dipeptide and tripeptide permease YjdL
[18:29:26] Modify product: PTS system EIIBC component SA0186 => PTS system EIIBC component
[18:29:26] Modify product: Uncharacterized MFS-type transporter YhjX => putative MFS-type transporter YhjX
[18:29:26] Modify product: Uncharacterized ferredoxin-like protein YfhL => putative ferredoxin-like protein YfhL
[18:29:26] Modify product: Probable diguanylate cyclase YfiN => putative diguanylate cyclase YfiN
[18:29:26] Modify product: Probable inorganic polyphosphate/ATP-NAD kinase => putative inorganic polyphosphate/ATP-NAD kinase
[18:29:26] Modify product: Putative multidrug export ATP-binding/permease protein SAV1866 => Putative multidrug export ATP-binding/permease protein
[18:29:26] Modify product: Probable HTH-type transcriptional regulator YgaV => putative HTH-type transcriptional regulator YgaV
[18:29:26] Modify product: Uncharacterized periplasmic iron-binding protein HI_0362 precursor => putative periplasmic iron-binding protein precursor
[18:29:26] Modify product: Probable ATP synthase SpaL => putative ATP synthase SpaL
[18:29:26] Modify product: Probable aromatic acid decarboxylase => putative aromatic acid decarboxylase
[18:29:26] Modify product: Probable glucarate transporter => putative glucarate transporter
[18:29:26] Modify product: Transcription termination/antitermination protein NusG => hypothetical protein
[18:29:27] Modify product: Uncharacterized N-acetyltransferase YjaB => putative N-acetyltransferase YjaB
[18:29:27] Modify product: Bactoprenol glucosyl transferase homolog from prophage CPS-53 => hypothetical protein
[18:29:27] Modify product: Uncharacterized lipoprotein GfcB precursor => putative lipoprotein GfcB precursor
[18:29:27] Modify product: Probable tRNA-dihydrouridine synthase => putative tRNA-dihydrouridine synthase
[18:29:27] Modify product: Uncharacterized membrane protein YjcC => putative membrane protein YjcC
[18:29:27] Modify product: Uncharacterized ferredoxin-like protein YdhX precursor => putative ferredoxin-like protein YdhX precursor
[18:29:27] Modify product: Probable L-ascorbate-6-phosphate lactonase UlaG => putative L-ascorbate-6-phosphate lactonase UlaG
[18:29:27] Modify product: Probable amino-acid metabolite efflux pump => putative amino-acid metabolite efflux pump
[18:29:27] Modify product: Probable sulfoacetate transporter SauU => putative sulfoacetate transporter SauU
[18:29:27] Modify product: Uncharacterized HTH-type transcriptional regulator YbbH => putative HTH-type transcriptional regulator YbbH
[18:29:27] Modify product: Probable licABCH operon regulator => putative licABCH operon regulator
[18:29:27] Modify product: Probable transcriptional regulatory protein YeeN => putative transcriptional regulatory protein YeeN
[18:29:27] Modify product: Probable amino-acid racemase => putative amino-acid racemase
[18:29:27] Modify product: Uncharacterized GTP-binding protein YjiA => putative GTP-binding protein YjiA
[18:29:27] Modify product: Probable phosphotransferase enzyme IIB component M6_Spy0801 => putative phosphotransferase enzyme IIB component
[18:29:27] Modify product: Probable diguanylate cyclase YcdT => putative diguanylate cyclase YcdT
[18:29:27] Modify product: Uncharacterized deoxyribonuclease YjjV => putative deoxyribonuclease YjjV
[18:29:27] Modify product: DNA repair protein RadA homolog => hypothetical protein
[18:29:27] Modify product: Uncharacterized ABC transporter ATP-binding protein YjjK => putative ABC transporter ATP-binding protein YjjK
[18:29:27] Modify product: Uncharacterized tRNA/rRNA methyltransferase HI_0380 => putative tRNA/rRNA methyltransferase
[18:29:28] Modify product: Uncharacterized oxidoreductase YhhX => putative oxidoreductase YhhX
[18:29:28] Modify product: Phosphotriesterase homology protein => hypothetical protein
[18:29:28] Modify product: Uncharacterized ABC transporter ATP-binding protein YbhF => putative ABC transporter ATP-binding protein YbhF
[18:29:28] Modify product: Uncharacterized fimbrial-like protein ElfG precursor => putative fimbrial-like protein ElfG precursor
[18:29:28] Modify product: Probable outer membrane usher protein ElfC precursor => putative outer membrane usher protein ElfC precursor
[18:29:28] Modify product: Uncharacterized N-acetyltransferase YjaB => putative N-acetyltransferase YjaB
[18:29:28] Modify product: Probable lipoprotein YiaD precursor => putative lipoprotein YiaD precursor
[18:29:28] Modify product: Uncharacterized N-acetyltransferase YafP => putative N-acetyltransferase YafP
[18:29:28] Modify product: Uncharacterized GST-like protein YibF => putative GST-like protein YibF
[18:29:28] Modify product: Probable glucarate transporter => putative glucarate transporter
[18:29:28] Modify product: Uncharacterized glycosyltransferase EpsJ => putative glycosyltransferase EpsJ
[18:29:28] Modify product: Uncharacterized HTH-type transcriptional regulator YbdO => putative HTH-type transcriptional regulator YbdO
[18:29:28] Modify product: Uncharacterized inner membrane transporter YicL => putative inner membrane transporter YicL
[18:29:28] Modify product: Probable sulfoacetate transporter SauU => putative sulfoacetate transporter SauU
[18:29:29] Modify product: Probable adenine permease PurP => putative adenine permease PurP
[18:29:29] Modify product: Shikimate 5-dehydrogenase-like protein HI_0607 => Shikimate 5-dehydrogenase-like protein
[18:29:29] Modify product: Probable transport protein HsrA => putative transport protein HsrA
[18:29:29] Modify product: Transcription termination factor Rho => hypothetical protein
[18:29:29] Modify product: Probable transport protein YifK => putative transport protein YifK
[18:29:29] Modify product: Probable protein kinase UbiB => putative protein kinase UbiB
[18:29:29] Modify product: Probable acyltransferase YihG => putative acyltransferase YihG
[18:29:29] Modify product: Probable GTP-binding protein EngB => putative GTP-binding protein EngB
[18:29:29] Modify product: Uncharacterized sugar isomerase YihS => putative sugar isomerase YihS
[18:29:29] Modify product: Uncharacterized aldolase YihT => putative aldolase YihT
[18:29:29] Modify product: Uncharacterized aldolase LsrF => putative aldolase LsrF
[18:29:29] Cleaned 202 /product names
[18:29:29] Deleting unwanted file: results/prokka/STMMW/sprot.faa
[18:29:29] Deleting unwanted file: results/prokka/STMMW/sprot.blast
[18:29:32] There are still 1428 unannotated CDS left (started with 4706)
[18:29:32] Will use hmmer3 to search against /home/fatemeh/program-bank/prokka-1.11/bin/../db/hmm/CLUSTERS.hmm with 4 CPUs
[18:29:32] Running: cat results\/prokka\/STMMW\/CLUSTERS\.hmm\.faa | parallel --gnu --plain -j 4 --block 40900 --recstart '>' --pipe hmmscan --noali --notextw --acc -E 1e-06 --cpu 1 /home/fatemeh/program-bank/prokka-1.11/bin/../db/hmm/CLUSTERS.hmm /dev/stdin > results\/prokka\/STMMW\/CLUSTERS\.hmm\.hmmer3 2> /dev/null
[18:34:58] Deleting unwanted file: results/prokka/STMMW/CLUSTERS.hmm.faa
[18:34:58] Deleting unwanted file: results/prokka/STMMW/CLUSTERS.hmm.hmmer3
[18:35:00] There are still 1068 unannotated CDS left (started with 4706)
[18:35:00] Will use hmmer3 to search against /home/fatemeh/program-bank/prokka-1.11/bin/../db/hmm/HAMAP.hmm with 4 CPUs
[18:35:00] Running: cat results\/prokka\/STMMW\/HAMAP\.hmm\.faa | parallel --gnu --plain -j 4 --block 30317 --recstart '>' --pipe hmmscan --noali --notextw --acc -E 1e-06 --cpu 1 /home/fatemeh/program-bank/prokka-1.11/bin/../db/hmm/HAMAP.hmm /dev/stdin > results\/prokka\/STMMW\/HAMAP\.hmm\.hmmer3 2> /dev/null
[18:36:08] Deleting unwanted file: results/prokka/STMMW/HAMAP.hmm.faa
[18:36:08] Deleting unwanted file: results/prokka/STMMW/HAMAP.hmm.hmmer3
[18:36:10] There are still 1054 unannotated CDS left (started with 4706)
[18:36:10] Will use hmmer3 to search against /home/fatemeh/program-bank/prokka-1.11/bin/../db/hmm/Pfam.hmm with 4 CPUs
[18:36:10] Running: cat results\/prokka\/STMMW\/Pfam\.hmm\.faa | parallel --gnu --plain -j 4 --block 29809 --recstart '>' --pipe hmmscan --noali --notextw --acc -E 1e-06 --cpu 1 /home/fatemeh/program-bank/prokka-1.11/bin/../db/hmm/Pfam.hmm /dev/stdin > results\/prokka\/STMMW\/Pfam\.hmm\.hmmer3 2> /dev/null
[18:40:25] Modify product: KilA-N domain => KilA-N domain protein
[18:40:25] Modify product: KilA-N domain => KilA-N domain protein
[18:40:25] Modify product: Ash protein family => Ash protein family protein
[18:40:25] Modify product: Phage integrase family => Phage integrase family protein
[18:40:25] Modify product: Phage integrase, N-terminal => hypothetical protein
[18:40:25] Modify product: NAD dependent epimerase/dehydratase family => NAD dependent epimerase/dehydratase family protein
[18:40:25] Modify product: KAP family P-loop domain => KAP family P-loop domain protein
[18:40:25] Modify product: Phage tail fibre repeat => Phage tail fibre repeat protein
[18:40:25] Modify product: Alanine racemase, N-terminal domain => hypothetical protein
[18:40:25] Modify product: Helix-turn-helix domain => Helix-turn-helix domain protein
[18:40:25] Modify product: Sodium Bile acid symporter family => Sodium Bile acid symporter family protein
[18:40:25] Modify product: Transposase IS200 like => Transposase IS200 like protein
[18:40:25] Modify product: Transposase IS200 like => Transposase IS200 like protein
[18:40:25] Modify product: Integrase core domain => Integrase core domain protein
[18:40:25] Modify product: NAD-dependent DNA ligase C4 zinc finger domain => NAD-dependent DNA ligase C4 zinc finger domain protein
[18:40:25] Modify product: Alpha-2-macroglobulin family N-terminal region => hypothetical protein
[18:40:25] Modify product: Alpha/beta hydrolase family => Alpha/beta hydrolase family protein
[18:40:25] Modify product: Prophage tail fibre N-terminal => hypothetical protein
[18:40:25] Modify product: putative Peptidoglycan domain => putative Peptidoglycan domain protein
[18:40:25] Modify product: DSBA-like thioredoxin domain => DSBA-like thioredoxin domain protein
[18:40:25] Modify product: Transcriptional regulatory protein, C terminal => hypothetical protein
[18:40:25] Modify product: ImpA-related N-terminal => hypothetical protein
[18:40:25] Modify product: Integrase core domain => Integrase core domain protein
[18:40:25] Modify product: ORF11CD3 domain => ORF11CD3 domain protein
[18:40:25] Modify product: Terminase-like family => Terminase-like family protein
[18:40:25] Modify product: Heavy-metal-associated domain => Heavy-metal-associated domain protein
[18:40:25] Modify product: Extensin-like protein C-terminus => hypothetical protein
[18:40:25] Modify product: Glyoxalase-like domain => Glyoxalase-like domain protein
[18:40:25] Modify product: HTH domain => HTH domain protein
[18:40:25] Modify product: TraB family => TraB family protein
[18:40:25] Modify product: FtsX-like permease family => FtsX-like permease family protein
[18:40:25] Modify product: EAL domain => EAL domain protein
[18:40:25] Modify product: Transposase IS200 like => Transposase IS200 like protein
[18:40:25] Modify product: Integrase core domain => Integrase core domain protein
[18:40:25] Modify product: Isochorismatase family => Isochorismatase family protein
[18:40:25] Modify product: RecT family => RecT family protein
[18:40:25] Modify product: NlpC/P60 family => NlpC/P60 family protein
[18:40:25] Modify product: Prophage tail fibre N-terminal => hypothetical protein
[18:40:25] Modify product: Integrase core domain => Integrase core domain protein
[18:40:25] Modify product: Transposase IS66 family => Transposase IS66 family protein
[18:40:25] Modify product: DinI-like family => DinI-like family protein
[18:40:25] Modify product: Stress-induced bacterial acidophilic repeat motif => Stress-induced bacterial acidophilic repeat motif protein
[18:40:25] Modify product: Transposase IS200 like => Transposase IS200 like protein
[18:40:25] Modify product: PrkA AAA domain => PrkA AAA domain protein
[18:40:25] Modify product: Tetratricopeptide repeat => Tetratricopeptide repeat protein
[18:40:25] Modify product: Type III secretion needle MxiH like => Type III secretion needle MxiH like protein
[18:40:25] Modify product: Type III secretion needle MxiH like => Type III secretion needle MxiH like protein
[18:40:25] Modify product: HrpJ-like domain => HrpJ-like domain protein
[18:40:25] Modify product: Stress-induced bacterial acidophilic repeat motif => Stress-induced bacterial acidophilic repeat motif protein
[18:40:25] Modify product: HupF/HypC family => HupF/HypC family protein
[18:40:25] Modify product: Methyltransferase domain => Methyltransferase domain protein
[18:40:25] Modify product: B3/4 domain => B3/4 domain protein
[18:40:25] Modify product: NmrA-like family => NmrA-like family protein
[18:40:25] Modify product: Stress-induced bacterial acidophilic repeat motif => Stress-induced bacterial acidophilic repeat motif protein
[18:40:25] Modify product: DsrE/DsrF-like family => DsrE/DsrF-like family protein
[18:40:25] Modify product: HupH hydrogenase expression protein, C-terminal conserved region => hypothetical protein
[18:40:25] Modify product: GnsA/GnsB family => GnsA/GnsB family protein
[18:40:25] Modify product: Transposase IS200 like => Transposase IS200 like protein
[18:40:25] Modify product: Acetyltransferase (GNAT) family => Acetyltransferase (GNAT) family protein
[18:40:25] Modify product: Phage integrase family => Phage integrase family protein
[18:40:25] Modify product: Transposase IS200 like => Transposase IS200 like protein
[18:40:25] Modify product: DNA circulation protein N-terminus => hypothetical protein
[18:40:25] Modify product: Phage capsid family => Phage capsid family protein
[18:40:25] Modify product: Probable transposase => putative transposase
[18:40:25] Modify product: ORF6N domain => ORF6N domain protein
[18:40:25] Modify product: RecT family => RecT family protein
[18:40:25] Modify product: DTW domain => DTW domain protein
[18:40:25] Modify product: Y_Y_Y domain => Y_Y_Y domain protein
[18:40:25] Modify product: SEC-C motif => SEC-C motif protein
[18:40:25] Modify product: Integrase core domain => Integrase core domain protein
[18:40:25] Modify product: Tripartite tricarboxylate transporter TctB family => Tripartite tricarboxylate transporter TctB family protein
[18:40:25] Modify product: Tripartite tricarboxylate transporter TctA family => Tripartite tricarboxylate transporter TctA family protein
[18:40:25] Modify product: Type III secretion needle MxiH like => Type III secretion needle MxiH like protein
[18:40:25] Modify product: Transglycosylase SLT domain => Transglycosylase SLT domain protein
[18:40:25] Modify product: HrpJ-like domain => HrpJ-like domain protein
[18:40:25] Modify product: EamA-like transporter family => EamA-like transporter family protein
[18:40:25] Modify product: Integral membrane protein TerC family => Integral membrane protein TerC family protein
[18:40:25] Modify product: Bacterial Transmembrane Pair family => Bacterial Transmembrane Pair family protein
[18:40:25] Modify product: IncFII RepA protein family => IncFII RepA protein family protein
[18:40:25] Modify product: EamA-like transporter family => EamA-like transporter family protein
[18:40:26] Modify product: EamA-like transporter family => EamA-like transporter family protein
[18:40:26] Modify product: EamA-like transporter family => EamA-like transporter family protein
[18:40:26] Modify product: SCP-2 sterol transfer family => SCP-2 sterol transfer family protein
[18:40:26] Modify product: ATP-grasp domain => ATP-grasp domain protein
[18:40:26] Modify product: SnoaL-like domain => SnoaL-like domain protein
[18:40:26] Modify product: Cupin domain => Cupin domain protein
[18:40:26] Modify product: ASCH domain => ASCH domain protein
[18:40:26] Modify product: Sodium Bile acid symporter family => Sodium Bile acid symporter family protein
[18:40:26] Modify product: Phage tail fibre repeat => Phage tail fibre repeat protein
[18:40:26] Modify product: Mor transcription activator family => Mor transcription activator family protein
[18:40:26] Modify product: Y_Y_Y domain => Y_Y_Y domain protein
[18:40:26] Modify product: Sel1 repeat => Sel1 repeat protein
[18:40:26] Modify product: PspA/IM30 family => PspA/IM30 family protein
[18:40:26] Modify product: Alanine racemase, N-terminal domain => hypothetical protein
[18:40:26] Modify product: YGGT family => YGGT family protein
[18:40:26] Modify product: HIT domain => HIT domain protein
[18:40:26] Modify product: CYTH domain => CYTH domain protein
[18:40:26] Modify product: Phage tail fibre repeat => Phage tail fibre repeat protein
[18:40:26] Modify product: Phage virion morphogenesis family => Phage virion morphogenesis family protein
[18:40:26] Modify product: Terminase-like family => Terminase-like family protein
[18:40:26] Modify product: Bacteriophage CI repressor helix-turn-helix domain => Bacteriophage CI repressor helix-turn-helix domain protein
[18:40:26] Modify product: SCP-2 sterol transfer family => SCP-2 sterol transfer family protein
[18:40:26] Modify product: Transposase IS200 like => Transposase IS200 like protein
[18:40:26] Modify product: YheO-like PAS domain => YheO-like PAS domain protein
[18:40:26] Modify product: Transposase IS200 like => Transposase IS200 like protein
[18:40:26] Modify product: Fic/DOC family => Fic/DOC family protein
[18:40:26] Modify product: Peptidase M16 inactive domain => Peptidase M16 inactive domain protein
[18:40:26] Modify product: AsmA family => AsmA family protein
[18:40:26] Modify product: Isochorismatase family => Isochorismatase family protein
[18:40:26] Modify product: Acetyltransferase (GNAT) family => Acetyltransferase (GNAT) family protein
[18:40:26] Modify product: PglZ domain => PglZ domain protein
[18:40:26] Modify product: Dienelactone hydrolase family => Dienelactone hydrolase family protein
[18:40:26] Modify product: Major Facilitator Superfamily => Major Facilitator Superfamily protein
[18:40:26] Modify product: Helix-turn-helix domain => Helix-turn-helix domain protein
[18:40:26] Modify product: Transposase IS200 like => Transposase IS200 like protein
[18:40:26] Modify product: Integrase core domain => Integrase core domain protein
[18:40:26] Modify product: Integrase core domain => Integrase core domain protein
[18:40:26] Modify product: Integrase core domain => Integrase core domain protein
[18:40:26] Modify product: Integrase core domain => Integrase core domain protein
[18:40:26] Modify product: InsA C-terminal domain => hypothetical protein
[18:40:26] Modify product: Acetyltransferase (GNAT) family => Acetyltransferase (GNAT) family protein
[18:40:26] Modify product: Tn3 transposase DDE domain => Tn3 transposase DDE domain protein
[18:40:26] Modify product: Integrase core domain => Integrase core domain protein
[18:40:26] Modify product: Integrase core domain => Integrase core domain protein
[18:40:26] Modify product: Plasmid replication region DNA-binding N-term => hypothetical protein
[18:40:26] Modify product: Transglycosylase SLT domain => Transglycosylase SLT domain protein
[18:40:26] Modify product: PAS fold => PAS fold protein
[18:40:26] Modify product: Sex factor F TraW protein N terminal => hypothetical protein
[18:40:26] Modify product: TraG-like protein, N-terminal region => hypothetical protein
[18:40:26] Cleaned 129 /product names
[18:40:26] Deleting unwanted file: results/prokka/STMMW/Pfam.hmm.faa
[18:40:26] Deleting unwanted file: results/prokka/STMMW/Pfam.hmm.hmmer3
[18:40:26] Labelling remaining 672 proteins as 'hypothetical protein'
[18:40:26] Possible /pseudo 'Diol dehydratase-reactivating factor alpha subunit' at FN424405 position 410709
[18:40:26] Possible /pseudo 'Type-1 fimbrial protein, A chain precursor' at FN424405 position 643558
[18:40:26] Possible /pseudo 'Putative phosphoethanolamine transferase YbiP' at FN424405 position 939162
[18:40:26] Possible /pseudo 'Macrolide export ATP-binding/permease protein MacB' at FN424405 position 1016111
[18:40:26] Possible /pseudo 'Major outer membrane lipoprotein Lpp precursor' at FN424405 position 1455891
[18:40:26] Possible /pseudo 'putative transporter' at FN424405 position 1591144
[18:40:26] Possible /pseudo 'Formate dehydrogenase, nitrate-inducible, major subunit precursor' at FN424405 position 1645417
[18:40:26] Possible /pseudo 'Transposase, Mutator family' at FN424405 position 1950084
[18:40:26] Possible /pseudo 'Baseplate J-like protein' at FN424405 position 2070999
[18:40:26] Possible /pseudo 'Aldehyde-alcohol dehydrogenase' at FN424405 position 2151282
[18:40:26] Possible /pseudo 'putative lipoprotein YehR precursor' at FN424405 position 2276299
[18:40:26] Possible /pseudo 'Caudovirales tail fibre assembly protein' at FN424405 position 2358499
[18:40:26] Possible /pseudo 'Manganese transport system membrane protein MntB' at FN424405 position 3001939
[18:40:26] Possible /pseudo 'Inner membrane protein YgbE' at FN424405 position 3065095
[18:40:26] Possible /pseudo 'Energy-coupling factor transporter ATP-binding protein EcfA1' at FN424405 position 3226952
[18:40:26] Possible /pseudo 'L(+)-tartrate dehydratase subunit alpha' at FN424405 position 3546699
[18:40:26] Possible /pseudo 'General stress protein A' at FN424405 position 3936392
[18:40:26] Possible /pseudo 'selenocysteine synthase' at FN424405 position 3992019
[18:40:26] Possible /pseudo 'Prophage CP4-57 integrase' at FN424405 position 4073219
[18:40:26] Possible /pseudo 'Inner membrane symporter YihP' at FN424405 position 4249992
[18:40:26] Possible /pseudo 'Formate dehydrogenase-O major subunit precursor' at FN424405 position 4269976
[18:40:26] Possible /pseudo 'Formate dehydrogenase H' at FN424405 position 4549777
[18:40:26] Possible /pseudo 'Xylose isomerase-like TIM barrel' at FN424405 position 4702229
[18:40:26] Possible /pseudo 'PTS system trehalose-specific EIIBC component' at FN424405 position 4719628
[18:40:26] Found 2712 unique /gene codes.
[18:40:26] Fixed 2 duplicate /gene - btr_1 btr_2
[18:40:26] Fixed 2 duplicate /gene - potA_1 potA_2
[18:40:26] Fixed 3 duplicate /gene - glpR_1 glpR_2 glpR_3
[18:40:26] Fixed 2 duplicate /gene - yhhW_1 yhhW_2
[18:40:26] Fixed 2 duplicate /gene - ydcV_1 ydcV_2
[18:40:26] Fixed 2 duplicate /gene - yiaO_1 yiaO_2
[18:40:26] Fixed 2 duplicate /gene - acpP_1 acpP_2
[18:40:26] Fixed 3 duplicate /gene - oadB_1 oadB_2 oadB_3
[18:40:26] Fixed 2 duplicate /gene - hypC_1 hypC_2
[18:40:26] Fixed 2 duplicate /gene - hrpB_1 hrpB_2
[18:40:26] Fixed 2 duplicate /gene - hyaC_1 hyaC_2
[18:40:26] Fixed 2 duplicate /gene - aaeA_1 aaeA_2
[18:40:26] Fixed 5 duplicate /gene - allS_1 allS_2 allS_3 allS_4 allS_5
[18:40:26] Fixed 2 duplicate /gene - kdgT_1 kdgT_2
[18:40:26] Fixed 2 duplicate /gene - kdgM_1 kdgM_2
[18:40:26] Fixed 2 duplicate /gene - elfC_1 elfC_2
[18:40:26] Fixed 2 duplicate /gene - dcuA_1 dcuA_2
[18:40:26] Fixed 2 duplicate /gene - dinG_1 dinG_2
[18:40:26] Fixed 2 duplicate /gene - ecpD_1 ecpD_2
[18:40:26] Fixed 2 duplicate /gene - soxS_1 soxS_2
[18:40:26] Fixed 2 duplicate /gene - yajL_1 yajL_2
[18:40:26] Fixed 2 duplicate /gene - agaC_1 agaC_2
[18:40:26] Fixed 2 duplicate /gene - ccmE_1 ccmE_2
[18:40:26] Fixed 2 duplicate /gene - cptA_1 cptA_2
[18:40:26] Fixed 2 duplicate /gene - ssb_1 ssb_2
[18:40:26] Fixed 3 duplicate /gene - ycgE_1 ycgE_2 ycgE_3
[18:40:26] Fixed 3 duplicate /gene - kdgK_1 kdgK_2 kdgK_3
[18:40:26] Fixed 2 duplicate /gene - fhuA_1 fhuA_2
[18:40:26] Fixed 2 duplicate /gene - ydiV_1 ydiV_2
[18:40:26] Fixed 2 duplicate /gene - argR_1 argR_2
[18:40:26] Fixed 8 duplicate /gene - dmlR_1 dmlR_2 dmlR_3 dmlR_4 dmlR_5 dmlR_6 dmlR_7 dmlR_8
[18:40:26] Fixed 2 duplicate /gene - nagC_1 nagC_2
[18:40:26] Fixed 2 duplicate /gene - proS_1 proS_2
[18:40:26] Fixed 2 duplicate /gene - yohK_1 yohK_2
[18:40:26] Fixed 2 duplicate /gene - tpx_1 tpx_2
[18:40:26] Fixed 2 duplicate /gene - mscS_1 mscS_2
[18:40:26] Fixed 2 duplicate /gene - ogt_1 ogt_2
[18:40:26] Fixed 2 duplicate /gene - ompC_1 ompC_2
[18:40:26] Fixed 3 duplicate /gene - ccmF_1 ccmF_2 ccmF_3
[18:40:26] Fixed 2 duplicate /gene - pqiB_1 pqiB_2
[18:40:26] Fixed 3 duplicate /gene - hemN_1 hemN_2 hemN_3
[18:40:26] Fixed 2 duplicate /gene - appA_1 appA_2
[18:40:26] Fixed 2 duplicate /gene - holE_1 holE_2
[18:40:26] Fixed 5 duplicate /gene - dinI_1 dinI_2 dinI_3 dinI_4 dinI_5
[18:40:26] Fixed 2 duplicate /gene - phoC_1 phoC_2
[18:40:26] Fixed 2 duplicate /gene - ybhL_1 ybhL_2
[18:40:26] Fixed 4 duplicate /gene - dmsC_1 dmsC_2 dmsC_3 dmsC_4
[18:40:26] Fixed 2 duplicate /gene - idhA_1 idhA_2
[18:40:26] Fixed 5 duplicate /gene - dmsB_1 dmsB_2 dmsB_3 dmsB_4 dmsB_5
[18:40:26] Fixed 2 duplicate /gene - ydeO_1 ydeO_2
[18:40:26] Fixed 2 duplicate /gene - dppC_1 dppC_2
[18:40:26] Fixed 2 duplicate /gene - caiA_1 caiA_2
[18:40:26] Fixed 4 duplicate /gene - manX_1 manX_2 manX_3 manX_4
[18:40:26] Fixed 4 duplicate /gene - gntR_1 gntR_2 gntR_3 gntR_4
[18:40:26] Fixed 3 duplicate /gene - dmsA_1 dmsA_2 dmsA_3
[18:40:26] Fixed 5 duplicate /gene - fimD_1 fimD_2 fimD_3 fimD_4 fimD_5
[18:40:26] Fixed 2 duplicate /gene - yjaB_1 yjaB_2
[18:40:26] Fixed 2 duplicate /gene - ccmC_1 ccmC_2
[18:40:26] Fixed 2 duplicate /gene - ynfE_1 ynfE_2
[18:40:26] Fixed 2 duplicate /gene - rhmR_1 rhmR_2
[18:40:26] Fixed 2 duplicate /gene - rob_1 rob_2
[18:40:26] Fixed 2 duplicate /gene - degS_1 degS_2
[18:40:26] Fixed 2 duplicate /gene - caf1A_1 caf1A_2
[18:40:26] Fixed 2 duplicate /gene - bssD_1 bssD_2
[18:40:26] Fixed 2 duplicate /gene - lutR_1 lutR_2
[18:40:26] Fixed 2 duplicate /gene - srlA_1 srlA_2
[18:40:26] Fixed 2 duplicate /gene - ftnA_1 ftnA_2
[18:40:26] Fixed 3 duplicate /gene - citG_1 citG_2 citG_3
[18:40:26] Fixed 3 duplicate /gene - hcpC_1 hcpC_2 hcpC_3
[18:40:26] Fixed 2 duplicate /gene - rtcB_1 rtcB_2
[18:40:26] Fixed 3 duplicate /gene - oppF_1 oppF_2 oppF_3
[18:40:26] Fixed 2 duplicate /gene - uhpC_1 uhpC_2
[18:40:26] Fixed 2 duplicate /gene - dnaC_1 dnaC_2
[18:40:26] Fixed 2 duplicate /gene - gdhA_1 gdhA_2
[18:40:26] Fixed 2 duplicate /gene - vapC_1 vapC_2
[18:40:26] Fixed 2 duplicate /gene - lip-1_1 lip-1_2
[18:40:26] Fixed 2 duplicate /gene - chiA_1 chiA_2
[18:40:26] Fixed 2 duplicate /gene - recF_1 recF_2
[18:40:26] Fixed 3 duplicate /gene - mdh_1 mdh_2 mdh_3
[18:40:26] Fixed 2 duplicate /gene - zraR_1 zraR_2
[18:40:26] Fixed 2 duplicate /gene - rcsC_1 rcsC_2
[18:40:26] Fixed 2 duplicate /gene - ccmA_1 ccmA_2
[18:40:26] Fixed 2 duplicate /gene - pncC_1 pncC_2
[18:40:26] Fixed 2 duplicate /gene - ydcR_1 ydcR_2
[18:40:26] Fixed 2 duplicate /gene - papD_1 papD_2
[18:40:26] Fixed 2 duplicate /gene - hin_1 hin_2
[18:40:26] Fixed 2 duplicate /gene - sdaA_1 sdaA_2
[18:40:26] Fixed 2 duplicate /gene - ybiV_1 ybiV_2
[18:40:26] Fixed 3 duplicate /gene - ttdA_1 ttdA_2 ttdA_3
[18:40:26] Fixed 3 duplicate /gene - sdcS_1 sdcS_2 sdcS_3
[18:40:26] Fixed 2 duplicate /gene - gntK_1 gntK_2
[18:40:26] Fixed 2 duplicate /gene - tktA_1 tktA_2
[18:40:26] Fixed 2 duplicate /gene - metN_1 metN_2
[18:40:26] Fixed 2 duplicate /gene - exoX_1 exoX_2
[18:40:26] Fixed 2 duplicate /gene - parA_1 parA_2
[18:40:26] Fixed 2 duplicate /gene - yhjE_1 yhjE_2
[18:40:26] Fixed 2 duplicate /gene - rhtC_1 rhtC_2
[18:40:26] Fixed 2 duplicate /gene - ecfA1_1 ecfA1_2
[18:40:26] Fixed 2 duplicate /gene - osmY_1 osmY_2
[18:40:26] Fixed 3 duplicate /gene - ydfH_1 ydfH_2 ydfH_3
[18:40:26] Fixed 2 duplicate /gene - caf1M_1 caf1M_2
[18:40:26] Fixed 3 duplicate /gene - yicI_1 yicI_2 yicI_3
[18:40:26] Fixed 2 duplicate /gene - gcvA_1 gcvA_2
[18:40:26] Fixed 2 duplicate /gene - acrB_1 acrB_2
[18:40:26] Fixed 2 duplicate /gene - pduV_1 pduV_2
[18:40:26] Fixed 2 duplicate /gene - rlmB_1 rlmB_2
[18:40:26] Fixed 2 duplicate /gene - dxs_1 dxs_2
[18:40:26] Fixed 2 duplicate /gene - slyA_1 slyA_2
[18:40:26] Fixed 2 duplicate /gene - kefC_1 kefC_2
[18:40:26] Fixed 3 duplicate /gene - lon_1 lon_2 lon_3
[18:40:26] Fixed 2 duplicate /gene - alsT_1 alsT_2
[18:40:26] Fixed 4 duplicate /gene - corC_1 corC_2 corC_3 corC_4
[18:40:26] Fixed 4 duplicate /gene - elfG_1 elfG_2 elfG_3 elfG_4
[18:40:26] Fixed 2 duplicate /gene - fdnH_1 fdnH_2
[18:40:26] Fixed 2 duplicate /gene - sseA_1 sseA_2
[18:40:26] Fixed 3 duplicate /gene - gsiA_1 gsiA_2 gsiA_3
[18:40:26] Fixed 2 duplicate /gene - hmrR_1 hmrR_2
[18:40:26] Fixed 2 duplicate /gene - recE_1 recE_2
[18:40:26] Fixed 2 duplicate /gene - dnaJ_1 dnaJ_2
[18:40:26] Fixed 2 duplicate /gene - fumB_1 fumB_2
[18:40:26] Fixed 3 duplicate /gene - yhbU_1 yhbU_2 yhbU_3
[18:40:26] Fixed 2 duplicate /gene - pepD_1 pepD_2
[18:40:26] Fixed 2 duplicate /gene - malP_1 malP_2
[18:40:26] Fixed 2 duplicate /gene - yiaM_1 yiaM_2
[18:40:26] Fixed 3 duplicate /gene - trg_1 trg_2 trg_3
[18:40:26] Fixed 2 duplicate /gene - actP_1 actP_2
[18:40:26] Fixed 3 duplicate /gene - fruA_1 fruA_2 fruA_3
[18:40:26] Fixed 2 duplicate /gene - citD_1 citD_2
[18:40:26] Fixed 2 duplicate /gene - citE_1 citE_2
[18:40:26] Fixed 2 duplicate /gene - citF_1 citF_2
[18:40:26] Fixed 4 duplicate /gene - oxyR_1 oxyR_2 oxyR_3 oxyR_4
[18:40:26] Fixed 3 duplicate /gene - gldA_1 gldA_2 gldA_3
[18:40:26] Fixed 2 duplicate /gene - ant1_1 ant1_2
[18:40:26] Fixed 2 duplicate /gene - ccmB_1 ccmB_2
[18:40:26] Fixed 2 duplicate /gene - yhdJ_1 yhdJ_2
[18:40:26] Fixed 4 duplicate /gene - rrrD_1 rrrD_2 rrrD_3 rrrD_4
[18:40:26] Fixed 2 duplicate /gene - htrB_1 htrB_2
[18:40:26] Fixed 2 duplicate /gene - metQ_1 metQ_2
[18:40:26] Fixed 2 duplicate /gene - hcpD_1 hcpD_2
[18:40:26] Fixed 2 duplicate /gene - hflK_1 hflK_2
[18:40:26] Fixed 3 duplicate /gene - gatC_1 gatC_2 gatC_3
[18:40:26] Fixed 2 duplicate /gene - yfcG_1 yfcG_2
[18:40:26] Fixed 2 duplicate /gene - ybhA_1 ybhA_2
[18:40:26] Fixed 4 duplicate /gene - chuR_1 chuR_2 chuR_3 chuR_4
[18:40:26] Fixed 3 duplicate /gene - lldR_1 lldR_2 lldR_3
[18:40:26] Fixed 2 duplicate /gene - dsbE_1 dsbE_2
[18:40:26] Fixed 2 duplicate /gene - exsA_1 exsA_2
[18:40:26] Fixed 2 duplicate /gene - fliC_1 fliC_2
[18:40:26] Fixed 2 duplicate /gene - mepS_1 mepS_2
[18:40:26] Fixed 2 duplicate /gene - ybhF_1 ybhF_2
[18:40:26] Fixed 5 duplicate /gene - srlR_1 srlR_2 srlR_3 srlR_4 srlR_5
[18:40:26] Fixed 2 duplicate /gene - yusV_1 yusV_2
[18:40:26] Fixed 3 duplicate /gene - ulaC_1 ulaC_2 ulaC_3
[18:40:26] Fixed 2 duplicate /gene - gspA_1 gspA_2
[18:40:26] Fixed 2 duplicate /gene - hcaR_1 hcaR_2
[18:40:26] Fixed 2 duplicate /gene - appC_1 appC_2
[18:40:26] Fixed 5 duplicate /gene - ygdR_1 ygdR_2 ygdR_3 ygdR_4 ygdR_5
[18:40:26] Fixed 2 duplicate /gene - yfgF_1 yfgF_2
[18:40:26] Fixed 2 duplicate /gene - marA_1 marA_2
[18:40:26] Fixed 2 duplicate /gene - srlE_1 srlE_2
[18:40:26] Fixed 2 duplicate /gene - aaeB_1 aaeB_2
[18:40:26] Fixed 3 duplicate /gene - garK_1 garK_2 garK_3
[18:40:26] Fixed 2 duplicate /gene - pbpG_1 pbpG_2
[18:40:26] Fixed 2 duplicate /gene - cysA_1 cysA_2
[18:40:26] Fixed 2 duplicate /gene - por_1 por_2
[18:40:26] Fixed 4 duplicate /gene - gltC_1 gltC_2 gltC_3 gltC_4
[18:40:26] Fixed 2 duplicate /gene - yvoA_1 yvoA_2
[18:40:26] Fixed 2 duplicate /gene - papC_1 papC_2
[18:40:26] Fixed 2 duplicate /gene - apxIB_1 apxIB_2
[18:40:26] Fixed 2 duplicate /gene - ptsH_1 ptsH_2
[18:40:26] Fixed 5 duplicate /gene - ail_1 ail_2 ail_3 ail_4 ail_5
[18:40:26] Fixed 2 duplicate /gene - yfaY_1 yfaY_2
[18:40:26] Fixed 2 duplicate /gene - betC_1 betC_2
[18:40:26] Fixed 2 duplicate /gene - yjmD_1 yjmD_2
[18:40:26] Fixed 3 duplicate /gene - glnQ_1 glnQ_2 glnQ_3
[18:40:26] Fixed 2 duplicate /gene - panE_1 panE_2
[18:40:26] Fixed 2 duplicate /gene - ldrD_1 ldrD_2
[18:40:26] Fixed 3 duplicate /gene - cynR_1 cynR_2 cynR_3
[18:40:26] Fixed 2 duplicate /gene - glpK_1 glpK_2
[18:40:26] Fixed 2 duplicate /gene - prsE_1 prsE_2
[18:40:26] Fixed 2 duplicate /gene - fucA_1 fucA_2
[18:40:26] Fixed 2 duplicate /gene - nlpD_1 nlpD_2
[18:40:26] Fixed 2 duplicate /gene - artJ_1 artJ_2
[18:40:26] Fixed 2 duplicate /gene - gpr_1 gpr_2
[18:40:26] Fixed 3 duplicate /gene - frlB_1 frlB_2 frlB_3
[18:40:26] Fixed 2 duplicate /gene - ccmD_1 ccmD_2
[18:40:26] Fixed 2 duplicate /gene - dusC_1 dusC_2
[18:40:26] Fixed 2 duplicate /gene - glcR_1 glcR_2
[18:40:26] Fixed 2 duplicate /gene - hydN_1 hydN_2
[18:40:26] Fixed 3 duplicate /gene - etfA_1 etfA_2 etfA_3
[18:40:26] Fixed 2 duplicate /gene - cysW_1 cysW_2
[18:40:26] Fixed 2 duplicate /gene - gmr_1 gmr_2
[18:40:26] Fixed 2 duplicate /gene - cobB_1 cobB_2
[18:40:26] Fixed 2 duplicate /gene - benM_1 benM_2
[18:40:26] Fixed 2 duplicate /gene - exbB_1 exbB_2
[18:40:26] Fixed 2 duplicate /gene - higA-2_1 higA-2_2
[18:40:26] Fixed 5 duplicate /gene - rbsK_1 rbsK_2 rbsK_3 rbsK_4 rbsK_5
[18:40:26] Fixed 3 duplicate /gene - proP_1 proP_2 proP_3
[18:40:26] Fixed 2 duplicate /gene - yjcC_1 yjcC_2
[18:40:26] Fixed 2 duplicate /gene - treB_1 treB_2
[18:40:26] Fixed 4 duplicate /gene - ybdO_1 ybdO_2 ybdO_3 ybdO_4
[18:40:26] Fixed 2 duplicate /gene - ulaB_1 ulaB_2
[18:40:26] Fixed 3 duplicate /gene - lrp_1 lrp_2 lrp_3
[18:40:26] Fixed 2 duplicate /gene - znuC_1 znuC_2
[18:40:26] Fixed 2 duplicate /gene - yfkN_1 yfkN_2
[18:40:26] Fixed 2 duplicate /gene - narL_1 narL_2
[18:40:26] Fixed 2 duplicate /gene - selA_1 selA_2
[18:40:26] Fixed 2 duplicate /gene - lysA_1 lysA_2
[18:40:26] Fixed 2 duplicate /gene - nuoI_1 nuoI_2
[18:40:26] Fixed 4 duplicate /gene - tabA_1 tabA_2 tabA_3 tabA_4
[18:40:26] Fixed 3 duplicate /gene - gatB_1 gatB_2 gatB_3
[18:40:26] Fixed 2 duplicate /gene - symE_1 symE_2
[18:40:26] Fixed 2 duplicate /gene - sspH2_1 sspH2_2
[18:40:26] Fixed 2 duplicate /gene - arcA_1 arcA_2
[18:40:26] Fixed 2 duplicate /gene - iolC_1 iolC_2
[18:40:26] Fixed 2 duplicate /gene - araB_1 araB_2
[18:40:26] Fixed 3 duplicate /gene - ptsI_1 ptsI_2 ptsI_3
[18:40:26] Fixed 4 duplicate /gene - pdhR_1 pdhR_2 pdhR_3 pdhR_4
[18:40:26] Fixed 2 duplicate /gene - leuO_1 leuO_2
[18:40:26] Fixed 2 duplicate /gene - gudP_1 gudP_2
[18:40:26] Fixed 2 duplicate /gene - yccS_1 yccS_2
[18:40:26] Fixed 2 duplicate /gene - macB_1 macB_2
[18:40:26] Fixed 2 duplicate /gene - mntB_1 mntB_2
[18:40:26] Fixed 3 duplicate /gene - fabG_1 fabG_2 fabG_3
[18:40:26] Fixed 2 duplicate /gene - lacC_1 lacC_2
[18:40:26] Fixed 3 duplicate /gene - nanT_1 nanT_2 nanT_3
[18:40:26] Fixed 8 duplicate /gene - fimA_1 fimA_2 fimA_3 fimA_4 fimA_5 fimA_6 fimA_7 fimA_8
[18:40:26] Fixed 2 duplicate /gene - aspT_1 aspT_2
[18:40:26] Fixed 2 duplicate /gene - hyaB_1 hyaB_2
[18:40:26] Fixed 2 duplicate /gene - lptB_1 lptB_2
[18:40:26] Fixed 3 duplicate /gene - trxA_1 trxA_2 trxA_3
[18:40:26] Fixed 2 duplicate /gene - hyaE_1 hyaE_2
[18:40:26] Fixed 2 duplicate /gene - ftsI_1 ftsI_2
[18:40:26] Fixed 2 duplicate /gene - emrE_1 emrE_2
[18:40:26] Fixed 2 duplicate /gene - tolC_1 tolC_2
[18:40:26] Fixed 3 duplicate /gene - dgoD_1 dgoD_2 dgoD_3
[18:40:26] Fixed 2 duplicate /gene - dnaK_1 dnaK_2
[18:40:26] Fixed 2 duplicate /gene - yehR_1 yehR_2
[18:40:26] Fixed 2 duplicate /gene - icsA_1 icsA_2
[18:40:26] Fixed 2 duplicate /gene - xylA_1 xylA_2
[18:40:26] Fixed 2 duplicate /gene - exuT_1 exuT_2
[18:40:26] Fixed 2 duplicate /gene - adaA_1 adaA_2
[18:40:26] Fixed 2 duplicate /gene - oatA_1 oatA_2
[18:40:26] Fixed 3 duplicate /gene - gadX_1 gadX_2 gadX_3
[18:40:26] Fixed 4 duplicate /gene - ddrA_1 ddrA_2 ddrA_3 ddrA_4
[18:40:26] Fixed 2 duplicate /gene - ibpA_1 ibpA_2
[18:40:26] Fixed 2 duplicate /gene - vapB_1 vapB_2
[18:40:26] Fixed 2 duplicate /gene - ansB_1 ansB_2
[18:40:26] Fixed 2 duplicate /gene - tsaA_1 tsaA_2
[18:40:26] Fixed 3 duplicate /gene - glmS_1 glmS_2 glmS_3
[18:40:26] Fixed 3 duplicate /gene - ttuB_1 ttuB_2 ttuB_3
[18:40:26] Fixed 2 duplicate /gene - rcsA_1 rcsA_2
[18:40:26] Fixed 2 duplicate /gene - ybiP_1 ybiP_2
[18:40:26] Fixed 2 duplicate /gene - yqjA_1 yqjA_2
[18:40:26] Fixed 3 duplicate /gene - ybbH_1 ybbH_2 ybbH_3
[18:40:26] Fixed 2 duplicate /gene - afr_1 afr_2
[18:40:26] Fixed 3 duplicate /gene - cysJ_1 cysJ_2 cysJ_3
[18:40:26] Fixed 2 duplicate /gene - manY_1 manY_2
[18:40:26] Fixed 3 duplicate /gene - yicJ_1 yicJ_2 yicJ_3
[18:40:26] Fixed 2 duplicate /gene - ydhX_1 ydhX_2
[18:40:26] Fixed 3 duplicate /gene - oppD_1 oppD_2 oppD_3
[18:40:26] Fixed 2 duplicate /gene - tusA_1 tusA_2
[18:40:26] Fixed 3 duplicate /gene - ynfM_1 ynfM_2 ynfM_3
[18:40:26] Fixed 6 duplicate /gene - fimC_1 fimC_2 fimC_3 fimC_4 fimC_5 fimC_6
[18:40:26] Fixed 2 duplicate /gene - gltD_1 gltD_2
[18:40:26] Fixed 2 duplicate /gene - tetA_1 tetA_2
[18:40:26] Fixed 3 duplicate /gene - hybD_1 hybD_2 hybD_3
[18:40:26] Fixed 3 duplicate /gene - lexA_1 lexA_2 lexA_3
[18:40:26] Fixed 3 duplicate /gene - ulaA_1 ulaA_2 ulaA_3
[18:40:26] Fixed 3 duplicate /gene - xerC_1 xerC_2 xerC_3
[18:40:26] Fixed 2 duplicate /gene - fdnG_1 fdnG_2
[18:40:26] Fixed 2 duplicate /gene - qseC_1 qseC_2
[18:40:26] Fixed 2 duplicate /gene - tsr_1 tsr_2
[18:40:26] Fixed 2 duplicate /gene - serB_1 serB_2
[18:40:26] Fixed 2 duplicate /gene - gltR_1 gltR_2
[18:40:26] Fixed 2 duplicate /gene - tqsA_1 tqsA_2
[18:40:26] Fixed 2 duplicate /gene - sucD_1 sucD_2
[18:40:26] Fixed 2 duplicate /gene - ulaE_1 ulaE_2
[18:40:26] Fixed 2 duplicate /gene - rnfC_1 rnfC_2
[18:40:26] Fixed 2 duplicate /gene - citC_1 citC_2
[18:40:26] Fixed 2 duplicate /gene - fucP_1 fucP_2
[18:40:26] Fixed 2 duplicate /gene - galS_1 galS_2
[18:40:26] Fixed 2 duplicate /gene - aroP_1 aroP_2
[18:40:26] Fixed 2 duplicate /gene - tuf1_1 tuf1_2
[18:40:26] Fixed 5 duplicate /gene - assT_1 assT_2 assT_3 assT_4 assT_5
[18:40:26] Fixed 2 duplicate /gene - aroG_1 aroG_2
[18:40:26] Fixed 2 duplicate /gene - glmM_1 glmM_2
[18:40:26] Fixed 2 duplicate /gene - sifA_1 sifA_2
[18:40:26] Fixed 3 duplicate /gene - folP_1 folP_2 folP_3
[18:40:26] Fixed 3 duplicate /gene - dmsD_1 dmsD_2 dmsD_3
[18:40:26] Fixed 2 duplicate /gene - sppA_1 sppA_2
[18:40:26] Fixed 2 duplicate /gene - ccmH_1 ccmH_2
[18:40:26] Fixed 2 duplicate /gene - fliY_1 fliY_2
[18:40:26] Fixed 2 duplicate /gene - yjiE_1 yjiE_2
[18:40:26] Fixed 3 duplicate /gene - siaT_1 siaT_2 siaT_3
[18:40:26] Fixed 2 duplicate /gene - fes_1 fes_2
[18:40:26] Fixed 2 duplicate /gene - manP_1 manP_2
[18:40:26] Fixed 3 duplicate /gene - yecS_1 yecS_2 yecS_3
[18:40:26] Fixed 2 duplicate /gene - lpp_1 lpp_2
[18:40:26] Fixed 3 duplicate /gene - sauU_1 sauU_2 sauU_3
[18:40:26] Fixed 3 duplicate /gene - oadG_1 oadG_2 oadG_3
[18:40:26] Fixed 2 duplicate /gene - dnaB_1 dnaB_2
[18:40:26] Fixed 2 duplicate /gene - cysE_1 cysE_2
[18:40:26] Fixed 2 duplicate /gene - garR_1 garR_2
[18:40:26] Fixed 2 duplicate /gene - loiP_1 loiP_2
[18:40:26] Fixed 2 duplicate /gene - mngR_1 mngR_2
[18:40:26] Fixed 2 duplicate /gene - pflA_1 pflA_2
[18:40:26] Fixed 2 duplicate /gene - topA_1 topA_2
[18:40:26] Fixed 2 duplicate /gene - iscA_1 iscA_2
[18:40:26] Fixed 2 duplicate /gene - ascD_1 ascD_2
[18:40:26] Fixed 2 duplicate /gene - qseF_1 qseF_2
[18:40:26] Fixed 2 duplicate /gene - rfbD_1 rfbD_2
[18:40:26] Fixed 2 duplicate /gene - appB_1 appB_2
[18:40:26] Fixed 2 duplicate /gene - ompN_1 ompN_2
[18:40:26] Fixed 3 duplicate /gene - yihP_1 yihP_2 yihP_3
[18:40:26] Fixed 2 duplicate /gene - dsbD_1 dsbD_2
[18:40:26] Fixed 2 duplicate /gene - speG_1 speG_2
[18:40:26] Fixed 2 duplicate /gene - ytbE_1 ytbE_2
[18:40:26] Fixed 3 duplicate /gene - fliP_1 fliP_2 fliP_3
[18:40:26] Fixed 2 duplicate /gene - narX_1 narX_2
[18:40:26] Fixed 2 duplicate /gene - fruB_1 fruB_2
[18:40:26] Fixed 2 duplicate /gene - eamA_1 eamA_2
[18:40:26] Fixed 3 duplicate /gene - macA_1 macA_2 macA_3
[18:40:26] Fixed 2 duplicate /gene - ftsA_1 ftsA_2
[18:40:26] Fixed 2 duplicate /gene - gntT_1 gntT_2
[18:40:26] Fixed 2 duplicate /gene - rpe_1 rpe_2
[18:40:26] Fixed 2 duplicate /gene - deoR_1 deoR_2
[18:40:26] Fixed 2 duplicate /gene - xylE_1 xylE_2
[18:40:26] Fixed 2 duplicate /gene - treA_1 treA_2
[18:40:26] Fixed 2 duplicate /gene - tehB_1 tehB_2
[18:40:26] Fixed 2 duplicate /gene - sad_1 sad_2
[18:40:26] Fixed 2 duplicate /gene - fdhF_1 fdhF_2
[18:40:26] Fixed 3 duplicate /gene - bhsA_1 bhsA_2 bhsA_3
[18:40:26] Fixed 2 duplicate /gene - dppB_1 dppB_2
[18:40:26] Fixed 2 duplicate /gene - bioD1_1 bioD1_2
[18:40:26] Fixed 2 duplicate /gene - rcsB_1 rcsB_2
[18:40:26] Fixed 2 duplicate /gene - glgX_1 glgX_2
[18:40:26] Fixed 2 duplicate /gene - araC_1 araC_2
[18:40:26] Fixed 3 duplicate /gene - ubiG_1 ubiG_2 ubiG_3
[18:40:26] Fixed 3 duplicate /gene - etfB_1 etfB_2 etfB_3
[18:40:26] Fixed 2 duplicate /gene - emrB_1 emrB_2
[18:40:26] Fixed 5 duplicate /gene - intA_1 intA_2 intA_3 intA_4 intA_5
[18:40:26] Fixed 3 duplicate /gene - ptsG_1 ptsG_2 ptsG_3
[18:40:26] Fixed 4 duplicate /gene - sgrR_1 sgrR_2 sgrR_3 sgrR_4
[18:40:26] Fixed 2 duplicate /gene - ilvD_1 ilvD_2
[18:40:26] Fixed 2 duplicate /gene - dppA_1 dppA_2
[18:40:26] Fixed 2 duplicate /gene - csgD_1 csgD_2
[18:40:26] Fixed 2 duplicate /gene - ygbE_1 ygbE_2
[18:40:26] Fixed 2 duplicate /gene - gbpR_1 gbpR_2
[18:40:26] Fixed 2 duplicate /gene - norR_1 norR_2
[18:40:26] Fixed 2 duplicate /gene - dsbA_1 dsbA_2
[18:40:26] Fixed 2 duplicate /gene - exbD_1 exbD_2
[18:40:26] Fixed 4 duplicate /gene - manZ_1 manZ_2 manZ_3 manZ_4
[18:40:26] Fixed 2 duplicate /gene - tcyP_1 tcyP_2
[18:40:26] Fixed 4 duplicate /gene - xerD_1 xerD_2 xerD_3 xerD_4
[18:40:26] Fixed 2 duplicate /gene - clpB_1 clpB_2
[18:40:26] Fixed 2 duplicate /gene - nagK_1 nagK_2
[18:40:26] Fixed 2 duplicate /gene - fliQ_1 fliQ_2
[18:40:26] Fixed 2 duplicate /gene - ydhP_1 ydhP_2
[18:40:26] Fixed 2 duplicate /gene - artM_1 artM_2
[18:40:26] Fixed 2 duplicate /gene - prfB_1 prfB_2
[18:40:26] Fixed 2 duplicate /gene - ynaI_1 ynaI_2
[18:40:26] Fixed 2 duplicate /gene - ybeZ_1 ybeZ_2
[18:40:26] Fixed 2 duplicate /gene - lolD_1 lolD_2
[18:40:26] Fixed 3 duplicate /gene - adrB_1 adrB_2 adrB_3
[18:40:26] Fixed 2 duplicate /gene - mdtK_1 mdtK_2
[18:40:26] Fixed 2 duplicate /gene - fdoG_1 fdoG_2
[18:40:26] Fixed 2 duplicate /gene - minD_1 minD_2
[18:40:26] Fixed 4 duplicate /gene - adhE_1 adhE_2 adhE_3 adhE_4
[18:40:26] Fixed 2 duplicate /gene - acs_1 acs_2
[18:40:26] Fixed 2 duplicate /gene - yheS_1 yheS_2
[18:40:26] Fixed 2 duplicate /gene - citX_1 citX_2
[18:40:26] Fixed 3 duplicate /gene - dinB_1 dinB_2 dinB_3
[18:40:26] Fixed 2 duplicate /gene - pduA_1 pduA_2
[18:40:26] Fixed 374 colliding /gene names.
[18:40:26] Adding /locus_tag identifiers
[18:40:26] Assigned 4795 locus_tags to CDS and RNA features.
[18:40:26] Writing outputs to results/prokka/STMMW/
[18:40:33] Generating annotation statistics file
[18:40:33] Generating Genbank and Sequin files
[18:40:33] Running: tbl2asn -V b -a r10k -l paired-ends -M n -N 1 -y 'Annotated using prokka 1.11 from http://www.vicbioinformatics.com' -Z results\/prokka\/STMMW\/STMMW_03142017\.err -i results\/prokka\/STMMW\/STMMW_03142017\.fsa 2> /dev/null
[18:40:44] Could not run command: tbl2asn -V b -a r10k -l paired-ends -M n -N 1 -y 'Annotated using prokka 1.11 from http://www.vicbioinformatics.com' -Z results\/prokka\/STMMW\/STMMW_03142017\.err -i results\/prokka\/STMMW\/STMMW_03142017\.fsa 2> /dev/null
