[18:10:40] Command: --outdir results/prokka/STM --locustag STM --genus Salmonella --species enterica --kingdom Bacteria --gram neg /home/fatemeh/EnTrI/data/fasta-genome/chromosome/STM.fa
[18:10:40] Looking for 'aragorn' - found /usr/bin/aragorn
[18:10:40] Determined aragorn version is 1.2
[18:10:40] Looking for 'blastp' - found /usr/bin/blastp
[18:10:40] Determined blastp version is 2.2
[18:10:40] Looking for 'cmpress' - found /usr/local/bin/cmpress
[18:10:40] Determined cmpress version is 1.1
[18:10:40] Looking for 'cmscan' - found /usr/local/bin/cmscan
[18:10:40] Determined cmscan version is 1.1
[18:10:40] Looking for 'egrep' - found /bin/egrep
[18:10:40] Looking for 'find' - found /usr/bin/find
[18:10:40] Looking for 'grep' - found /bin/grep
[18:10:40] Looking for 'hmmpress' - found /usr/local/bin/hmmpress
[18:10:40] Determined hmmpress version is 3.1
[18:10:40] Looking for 'hmmscan' - found /usr/local/bin/hmmscan
[18:10:40] Determined hmmscan version is 3.1
[18:10:40] Looking for 'less' - found /usr/bin/less
[18:10:40] Looking for 'makeblastdb' - found /usr/bin/makeblastdb
[18:10:40] Determined makeblastdb version is 2.2
[18:10:40] Looking for 'minced' - found /home/fatemeh/program-bank/prokka-1.11/bin/../binaries/linux/../common/minced
[18:10:40] Determined minced version is 1.6
[18:10:40] Looking for 'parallel' - found /usr/bin/parallel
[18:10:41] Determined parallel version is 20130922
[18:10:41] Looking for 'prodigal' - found /usr/bin/prodigal
[18:10:41] Determined prodigal version is 2.6
[18:10:41] Looking for 'prokka-genbank_to_fasta_db' - found /home/fatemeh/program-bank/prokka-1.11/bin/prokka-genbank_to_fasta_db
[18:10:41] Looking for 'sed' - found /bin/sed
[18:10:41] Looking for 'signalp' - found /home/fatemeh/program-bank/signalp
[18:10:42] Determined signalp version is 4.1
[18:10:42] Looking for 'tbl2asn' - found /home/fatemeh/program-bank/tbl2asn
[18:10:42] Determined tbl2asn version is 23.9
[18:10:42] Using genetic code table 11.
[18:10:42] Loading and checking input file: /home/fatemeh/EnTrI/data/fasta-genome/chromosome/STM.fa
[18:10:42] Wrote 2 contigs
[18:10:42] Predicting tRNAs and tmRNAs
[18:10:42] Running: aragorn -gc11  -w results\/prokka\/STM\/STM_03142017\.fna
[18:10:47] 1 tRNA-Ile [227622,227698] 35 (gat)
[18:10:47] 2 tRNA-Asp [241258,241334] 35 (gtc)
[18:10:47] 3 tRNA-Thr [306001,306076] 34 (cgt)
[18:10:47] 4 tRNA-Asn [323836,323910] 34 (gtt)
[18:10:47] 5 tRNA-Thr [323916,323991] 34 (tgt)
[18:10:47] 6 tRNA-Arg [590862,590938] 35 (tct)
[18:10:47] 7 tRNA-Gln c[715313,715387] 33 (ctg)
[18:10:47] 8 tRNA-Gln c[715431,715505] 33 (ctg)
[18:10:47] 9 tRNA-Met c[715552,715628] 35 (cat)
[18:10:47] 10 tRNA-Gln c[715644,715718] 33 (ttg)
[18:10:47] 11 tRNA-Gln c[715754,715828] 33 (ttg)
[18:10:47] 12 tRNA-Leu c[715852,715936] 35 (tag)
[18:10:47] 13 tRNA-Met c[715945,716021] 35 (cat)
[18:10:47] 14 tRNA-Lys [796082,796157] 34 (ttt)
[18:10:47] 15 tRNA-Val [796289,796364] 34 (tac)
[18:10:47] 16 tRNA-Lys [796369,796444] 34 (ttt)
[18:10:47] 17 tRNA-Lys [796579,796654] 34 (ttt)
[18:10:47] 18 tRNA-Ser c[962265,962352] 35 (gga)
[18:10:47] 19 tRNA-Ser [1110892,1110979] 35 (tga)
[18:10:47] 20 tRNA-Arg [1269781,1269857] 35 (cct)
[18:10:47] 21 tRNA-Arg [1282443,1282519] 35 (tct)
[18:10:47] 22 tRNA-Val c[1438435,1438511] 35 (gac)
[18:10:47] 23 tRNA-Val c[1438522,1438598] 35 (gac)
[18:10:47] 24 tRNA-Tyr [1788853,1788937] 35 (gta)
[18:10:47] 25 tRNA-Tyr [1789142,1789226] 35 (gta)
[18:10:47] 26 tRNA-Leu c[1962698,1962784] 35 (taa)
[18:10:47] 27 tRNA-Cys c[1962796,1962869] 33 (gca)
[18:10:47] 28 tRNA-Gly c[1962922,1962997] 34 (gcc)
[18:10:47] 29 tRNA-Ser c[2050451,2050540] 35 (cga)
[18:10:47] 30 tRNA-Asn [2051527,2051602] 34 (gtt)
[18:10:47] 31 tRNA-Asn [2052497,2052572] 34 (gtt)
[18:10:47] 32 tRNA-Asn c[2062439,2062514] 34 (gtt)
[18:10:47] 33 tRNA-Asn [2064272,2064347] 34 (gtt)
[18:10:47] 34 tRNA-Pro [2299032,2299108] 35 (ggg)
[18:10:47] 35 tRNA-Arg [2474746,2474820] 34 (cct)
[18:10:47] 36 tRNA-Ala c[2497860,2497935] 34 (ggc)
[18:10:47] 37 tRNA-Ala c[2497978,2498053] 34 (ggc)
[18:10:47] 38 tRNA-Val [2500759,2500834] 34 (tac)
[18:10:47] 39 tRNA-Val [2500876,2500951] 34 (tac)
[18:10:47] 40 tRNA-Val [2500997,2501072] 34 (tac)
[18:10:47] 41 tRNA-Lys [2501236,2501311] 34 (ttt)
[18:10:47] 42 tmRNA [2820068,2820430] 91,126 ANDETYALAA**
[18:10:47] 43 tRNA-Arg c[2913272,2913348] 35 (acg)
[18:10:47] 44 tRNA-Arg c[2913542,2913618] 35 (acg)
[18:10:47] 45 tRNA-Arg c[2913681,2913757] 35 (acg)
[18:10:47] 46 tRNA-Ser c[2913761,2913853] 35 (gct)
[18:10:47] 47 tRNA-Met [3083172,3083248] 35 (cat)
[18:10:47] 48 tRNA-Met [3083278,3083354] 35 (cat)
[18:10:47] 49 tRNA-Gly c[3138802,3138875] 33 (ccc)
[18:10:47] 50 tRNA-Phe [3217508,3217583] 34 (gaa)
[18:10:47] 51 tRNA-Met [3320368,3320443] 34 (cat)
[18:10:47] 52 tRNA-Met c[3431312,3431388] 35 (cat)
[18:10:47] 53 tRNA-Leu c[3434561,3434647] 35 (gag)
[18:10:47] 54 tRNA-Thr c[3540684,3540759] 34 (ggt)
[18:10:47] 55 tRNA-Glu c[3544594,3544669] 35 (ttc)
[18:10:47] 56 tRNA-Pro c[3794486,3794562] 35 (cgg)
[18:10:47] 57 tRNA-seC [3922644,3922738] 35 (tca)
[18:10:47] 58 tRNA-Asp [4079348,4079424] 35 (gtc)
[18:10:47] 59 tRNA-Trp [4079582,4079657] 34 (cca)
[18:10:47] 60 tRNA-Arg [4115122,4115198] 35 (ccg)
[18:10:47] 61 tRNA-His [4115253,4115328] 34 (gtg)
[18:10:47] 62 tRNA-Ser [4115349,4115435] 35 (cag)
[18:10:47] 63 tRNA-Pro [4115478,4115554] 35 (tgg)
[18:10:47] 64 tRNA-Ala [4172072,4172147] 34 (tgc)
[18:10:47] 65 tRNA-Thr [4334561,4334636] 34 (tgt)
[18:10:47] 66 tRNA-Tyr [4334645,4334729] 35 (gta)
[18:10:47] 67 tRNA-Gly [4334846,4334920] 34 (tcc)
[18:10:47] 68 tRNA-Thr [4334927,4335002] 34 (ggt)
[18:10:47] 69 tRNA-Phe c[4540978,4541053] 34 (gaa)
[18:10:47] 70 tRNA-Gly [4570818,4570893] 34 (gcc)
[18:10:47] 71 tRNA-Gly [4571050,4571125] 34 (gcc)
[18:10:47] 72 tRNA-Gly [4571282,4571357] 34 (gcc)
[18:10:47] 73 tRNA-Leu [4705410,4705494] 35 (caa)
[18:10:47] 74 tRNA-Ser c[4785127,4785213] 35 (cag)
[18:10:47] 75 tRNA-Ser c[4785241,4785327] 35 (cag)
[18:10:47] 76 tRNA-Gly [4816703,4816796] 37 (tcc)
[18:10:47] Found 76 tRNAs
[18:10:47] Predicting Ribosomal RNAs
[18:10:47] You need either Barrnap or RNAmmer installed to predict rRNAs!
[18:10:47] Skipping ncRNA search, enable with --rfam if desired.
[18:10:47] Total of 75 tRNA + rRNA features
[18:10:47] Searching for CRISPR repeats
[18:10:53] CRISPR1 ordered_FN424405.1 3019819 with 9 spacers
[18:10:53] CRISPR2 ordered_FN424405.1 3020349 with 15 spacers
[18:10:53] CRISPR3 ordered_FN424405.1 3037365 with 17 spacers
[18:10:53] Found 3 CRISPRs
[18:10:53] Predicting coding sequences
[18:10:53] Contigs total 5012686 bp, so using single mode
[18:10:53] Running: prodigal -i results\/prokka\/STM\/STM_03142017\.fna -c -m -g 11 -p single -f sco -q
[18:11:12] Excluding CDS which overlaps existing RNA (tRNA) at ordered_FN424405.1:715631..715873 on + strand
[18:11:27] Excluding CDS which overlaps existing RNA (tRNA) at ordered_FN424405.1:4816392..4817039 on + strand
[18:11:27] Found 4660 CDS
[18:11:27] Connecting features back to sequences
[18:11:27] Looking for signal peptides at start of predicted proteins
[18:11:27] Treating Bacteria as gram-
[18:11:42] Running: signalp -t gram- -f short  results\/prokka\/STM\/signalp\.faa 2> /dev/null
[18:20:50] Found 437 signal peptides
[18:20:50] Deleting unwanted file: results/prokka/STM/signalp.faa
[18:20:50] Not using genus-specific database. Try --usegenus to enable it.
[18:20:50] Annotating CDS, please be patient.
[18:20:50] Will use 4 CPUs for similarity searching.
[18:20:56] There are still 4660 unannotated CDS left (started with 4660)
[18:20:56] Will use blast to search against /home/fatemeh/program-bank/prokka-1.11/bin/../db/kingdom/Bacteria/sprot with 4 CPUs
[18:20:56] Running: cat results\/prokka\/STM\/sprot\.faa | parallel --gnu --plain -j 4 --block 182350 --recstart '>' --pipe blastp -query - -db /home/fatemeh/program-bank/prokka-1.11/bin/../db/kingdom/Bacteria/sprot -evalue 1e-06 -num_threads 1 -num_descriptions 1 -num_alignments 1 -seg no > results\/prokka\/STM\/sprot\.blast 2> /dev/null
[18:28:41] Modify product: Uncharacterized HTH-type transcriptional regulator YbbH => putative HTH-type transcriptional regulator YbbH
[18:28:41] Modify product: Probable transcriptional regulatory protein YebC => putative transcriptional regulatory protein YebC
[18:28:41] Modify product: Probable diguanylate cyclase YedQ => putative diguanylate cyclase YedQ
[18:28:41] Modify product: Uncharacterized inner membrane transporter YedA => putative inner membrane transporter YedA
[18:28:41] Modify product: Uncharacterized HTH-type transcriptional regulator HI_1476 => putative HTH-type transcriptional regulator
[18:28:41] Modify product: Probable L,D-transpeptidase ErfK/SrfK precursor => putative L,D-transpeptidase ErfK/SrfK precursor
[18:28:41] Modify product: Probable cobalt-precorrin-6Y C(15)-methyltransferase [decarboxylating] => putative cobalt-precorrin-6Y C(15)-methyltransferase [decarboxylating]
[18:28:41] Modify product: Probable cobalt-precorrin-6Y C(5)-methyltransferase => putative cobalt-precorrin-6Y C(5)-methyltransferase
[18:28:42] Modify product: Carbon dioxide-concentrating mechanism protein CcmK homolog 1 => hypothetical protein
[18:28:42] Modify product: Carbon dioxide-concentrating mechanism protein CcmK homolog 2 => hypothetical protein
[18:28:42] Modify product: Probable propionate kinase => putative propionate kinase
[18:28:42] Modify product: Uncharacterized ferredoxin-like protein YdhX precursor => putative ferredoxin-like protein YdhX precursor
[18:28:42] Modify product: Uncharacterized sugar transferase EpsL => putative sugar transferase EpsL
[18:28:42] Modify product: Putative acetyltransferase SACOL2570 => Putative acetyltransferase
[18:28:42] Modify product: PGL/p-HBAD biosynthesis glycosyltransferase Rv2957/MT3031 => PGL/p-HBAD biosynthesis glycosyltransferase/MT3031
[18:28:42] Modify product: Probable diguanylate cyclase YegE => putative diguanylate cyclase YegE
[18:28:42] Modify product: Uncharacterized protease YhbU precursor => putative protease YhbU precursor
[18:28:42] Modify product: Probable lipid kinase YegS => putative lipid kinase YegS
[18:28:42] Modify product: Uncharacterized HTH-type transcriptional regulator YegW => putative HTH-type transcriptional regulator YegW
[18:28:42] Modify product: Uncharacterized lipoprotein YehR precursor => putative lipoprotein YehR precursor
[18:28:42] Modify product: Uncharacterized lipoprotein YehR precursor => putative lipoprotein YehR precursor
[18:28:42] Modify product: Uncharacterized HTH-type transcriptional regulator YdfH => putative HTH-type transcriptional regulator YdfH
[18:28:42] Modify product: Uncharacterized HTH-type transcriptional regulator RhmR => putative HTH-type transcriptional regulator RhmR
[18:28:42] Modify product: Probable 4-deoxy-4-formamido-L-arabinose-phosphoundecaprenol deformylase ArnD => putative 4-deoxy-4-formamido-L-arabinose-phosphoundecaprenol deformylase ArnD
[18:28:42] Modify product: Probable 4-amino-4-deoxy-L-arabinose-phosphoundecaprenol flippase subunit ArnE => putative 4-amino-4-deoxy-L-arabinose-phosphoundecaprenol flippase subunit ArnE
[18:28:42] Modify product: Probable 4-amino-4-deoxy-L-arabinose-phosphoundecaprenol flippase subunit ArnF => putative 4-amino-4-deoxy-L-arabinose-phosphoundecaprenol flippase subunit ArnF
[18:28:42] Modify product: Uncharacterized Nudix hydrolase YfcD => putative Nudix hydrolase YfcD
[18:28:42] Modify product: Epimerase family protein SA0724 => Epimerase family protein
[18:28:42] Modify product: Probable galactarate transporter => putative galactarate transporter
[18:28:42] Modify product: Probable phospholipid-binding lipoprotein MlaA precursor => putative phospholipid-binding lipoprotein MlaA precursor
[18:28:42] Modify product: Uncharacterized lipoprotein YgdR precursor => putative lipoprotein YgdR precursor
[18:28:43] Modify product: Uncharacterized fimbrial-like protein ElfG precursor => putative fimbrial-like protein ElfG precursor
[18:28:43] Modify product: Probable tRNA (adenine(37)-N6)-methyltransferase => putative tRNA (adenine(37)-N6)-methyltransferase
[18:28:43] Modify product: Uncharacterized methyltransferase YcgJ => putative methyltransferase YcgJ
[18:28:43] Modify product: Probable deoxyribonuclease RhsB => putative deoxyribonuclease RhsB
[18:28:43] Modify product: Uncharacterized HTH-type transcriptional regulator HI_1476 => putative HTH-type transcriptional regulator
[18:28:43] Modify product: Probable diguanylate cyclase AdrA => putative diguanylate cyclase AdrA
[18:28:43] Modify product: Probable peroxiredoxin => putative peroxiredoxin
[18:28:43] Modify product: Uncharacterized lipoprotein YajI precursor => putative lipoprotein YajI precursor
[18:28:43] Modify product: Probable siderophore biosynthesis protein SbnA => putative siderophore biosynthesis protein SbnA
[18:28:43] Modify product: Probable multidrug resistance ABC transporter ATP-binding/permease protein YheI => putative multidrug resistance ABC transporter ATP-binding/permease protein YheI
[18:28:43] Modify product: Uncharacterized membrane protein YjcC => putative membrane protein YjcC
[18:28:43] Modify product: Uncharacterized ABC transporter ATP-binding protein YbbL => putative ABC transporter ATP-binding protein YbbL
[18:28:43] Modify product: Probable sulfoacetate transporter SauU => putative sulfoacetate transporter SauU
[18:28:43] Modify product: Bifunctional protein FolD => Bifunctional protein FolD protein
[18:28:43] Modify product: Uncharacterized fimbrial-like protein ElfG precursor => putative fimbrial-like protein ElfG precursor
[18:28:43] Modify product: Bactoprenol glucosyl transferase homolog from prophage CPS-53 => hypothetical protein
[18:28:43] Modify product: Bactoprenol-linked glucose translocase homolog from prophage CPS-53 => hypothetical protein
[18:28:43] Modify product: Probable siderophore transport system ATP-binding protein YusV => putative siderophore transport system ATP-binding protein YusV
[18:28:43] Modify product: Uncharacterized HTH-type transcriptional regulator YbdO => putative HTH-type transcriptional regulator YbdO
[18:28:44] Modify product: Uncharacterized HTH-type transcriptional regulator YbdO => putative HTH-type transcriptional regulator YbdO
[18:28:44] Modify product: Probable glutamine ABC transporter permease protein GlnM => putative glutamine ABC transporter permease protein GlnM
[18:28:44] Modify product: Uncharacterized lipoprotein ChiQ precursor => putative lipoprotein ChiQ precursor
[18:28:44] Modify product: Probable siderophore transport system ATP-binding protein YusV => putative siderophore transport system ATP-binding protein YusV
[18:28:44] Modify product: Uncharacterized ABC transporter ATP-binding protein YlmA => putative ABC transporter ATP-binding protein YlmA
[18:28:44] Modify product: Uncharacterized ABC transporter ATP-binding protein YbhF => putative ABC transporter ATP-binding protein YbhF
[18:28:44] Modify product: Probable ATP-dependent helicase DinG => putative ATP-dependent helicase DinG
[18:28:44] Modify product: Probable L,D-transpeptidase YbiS precursor => putative L,D-transpeptidase YbiS precursor
[18:28:44] Modify product: Uncharacterized ABC transporter ATP-binding protein YheS => putative ABC transporter ATP-binding protein YheS
[18:28:44] Modify product: Uncharacterized lipoprotein YbjP precursor => putative lipoprotein YbjP precursor
[18:28:44] Modify product: Probable multidrug resistance ABC transporter ATP-binding/permease protein YheH => putative multidrug resistance ABC transporter ATP-binding/permease protein YheH
[18:28:44] Modify product: Uncharacterized MFS-type transporter YcaD => putative MFS-type transporter YcaD
[18:28:44] Modify product: Probable formate transporter 1 => putative formate transporter 1
[18:28:44] Modify product: Probable metallo-hydrolase M6_Spy0554 => putative metallo-hydrolase
[18:28:44] Modify product: Probable sensor-like histidine kinase YedV => putative sensor-like histidine kinase YedV
[18:28:44] Modify product: Probable transcriptional regulatory protein YedW => putative transcriptional regulatory protein YedW
[18:28:44] Modify product: Uncharacterized HTH-type transcriptional regulator YbbH => putative HTH-type transcriptional regulator YbbH
[18:28:44] Modify product: Probable phosphatase YcdX => putative phosphatase YcdX
[18:28:44] Modify product: Probable cardiolipin synthase YwiE => putative cardiolipin synthase YwiE
[18:28:44] Modify product: Cytochrome b561 homolog 2 => hypothetical protein
[18:28:44] Modify product: Uncharacterized lipoprotein YceB precursor => putative lipoprotein YceB precursor
[18:28:44] Modify product: Probable peptidoglycan biosynthesis protein MurJ => putative peptidoglycan biosynthesis protein MurJ
[18:28:45] Modify product: Uncharacterized deoxyribonuclease YcfH => putative deoxyribonuclease YcfH
[18:28:45] Modify product: Probable L,D-transpeptidase YcfS precursor => putative L,D-transpeptidase YcfS precursor
[18:28:45] Modify product: Cytochrome b561 homolog 1 => hypothetical protein
[18:28:45] Modify product: Probable two-component-system connector protein AriR => putative two-component-system connector protein AriR
[18:28:45] Modify product: Stress response UPF0229 protein YhbH => hypothetical protein
[18:28:45] Modify product: Uncharacterized oxidoreductase YtbE => putative oxidoreductase YtbE
[18:28:45] Modify product: Uncharacterized FAD-linked oxidoreductase Rv2280 => putative FAD-linked oxidoreductase
[18:28:45] Modify product: Probable ATP-dependent transporter SufC => putative ATP-dependent transporter SufC
[18:28:45] Modify product: Probable L,D-transpeptidase YnhG precursor => putative L,D-transpeptidase YnhG precursor
[18:28:45] Modify product: Probable ATP synthase YscN => putative ATP synthase YscN
[18:28:45] Modify product: Uncharacterized oxidoreductase YdgJ => putative oxidoreductase YdgJ
[18:28:45] Modify product: DNA replication terminus site-binding protein => hypothetical protein
[18:28:45] Modify product: Probable dimethyl sulfoxide reductase chain YnfF precursor => putative dimethyl sulfoxide reductase chain YnfF precursor
[18:28:45] Modify product: Uncharacterized zinc-type alcohol dehydrogenase-like protein YjmD => putative zinc-type alcohol dehydrogenase-like protein YjmD
[18:28:45] Modify product: Uncharacterized HTH-type transcriptional regulator YdfH => putative HTH-type transcriptional regulator YdfH
[18:28:45] Modify product: Probable amino-acid metabolite efflux pump => putative amino-acid metabolite efflux pump
[18:28:45] Modify product: Probable Ni/Fe-hydrogenase 1 B-type cytochrome subunit => putative Ni/Fe-hydrogenase 1 B-type cytochrome subunit
[18:28:45] Modify product: Uncharacterized zinc-type alcohol dehydrogenase-like protein YjmD => putative zinc-type alcohol dehydrogenase-like protein YjmD
[18:28:45] Modify product: Probable nitrate reductase molybdenum cofactor assembly chaperone NarW => putative nitrate reductase molybdenum cofactor assembly chaperone NarW
[18:28:45] Modify product: Uncharacterized isomerase YddE => putative isomerase YddE
[18:28:45] Modify product: Uncharacterized lipoprotein YgdR precursor => putative lipoprotein YgdR precursor
[18:28:45] Modify product: Uncharacterized HTH-type transcriptional regulator YdcR => putative HTH-type transcriptional regulator YdcR
[18:28:45] Modify product: Uncharacterized protease YhbU precursor => putative protease YhbU precursor
[18:28:45] Modify product: Probable DNA endonuclease SmrA => putative DNA endonuclease SmrA
[18:28:45] Modify product: Probable thiol peroxidase => putative thiol peroxidase
[18:28:45] Modify product: Uncharacterized lipoprotein YgdR precursor => putative lipoprotein YgdR precursor
[18:28:45] Modify product: Uncharacterized oxidoreductase YtbE => putative oxidoreductase YtbE
[18:28:46] Modify product: Probable D,D-dipeptide transport ATP-binding protein DdpD => putative D,D-dipeptide transport ATP-binding protein DdpD
[18:28:46] Modify product: Probable protease SohB => putative protease SohB
[18:28:46] Modify product: Uncharacterized oxidoreductase YciK => putative oxidoreductase YciK
[18:28:46] Modify product: Probable intracellular septation protein A => putative intracellular septation protein A
[18:28:46] Modify product: Uncharacterized acyl-CoA thioester hydrolase HI_0827 => putative acyl-CoA thioester hydrolase
[18:28:46] Modify product: Probable Ni/Fe-hydrogenase 1 B-type cytochrome subunit => putative Ni/Fe-hydrogenase 1 B-type cytochrome subunit
[18:28:46] Modify product: Probable S-adenosyl-L-methionine-dependent methyltransferase TehB => putative S-adenosyl-L-methionine-dependent methyltransferase TehB
[18:28:46] Modify product: Uncharacterized HTH-type transcriptional regulator YdcR => putative HTH-type transcriptional regulator YdcR
[18:28:46] Modify product: Probable deferrochelatase/peroxidase YfeX => putative deferrochelatase/peroxidase YfeX
[18:28:46] Modify product: Probable 3-phenylpropionic acid transporter => putative 3-phenylpropionic acid transporter
[18:28:46] Modify product: Probable cadaverine/lysine antiporter => putative cadaverine/lysine antiporter
[18:28:46] Modify product: Probable dipeptide and tripeptide permease YjdL => putative dipeptide and tripeptide permease YjdL
[18:28:46] Modify product: PTS system EIIBC component SA0186 => PTS system EIIBC component
[18:28:46] Modify product: Uncharacterized MFS-type transporter YhjX => putative MFS-type transporter YhjX
[18:28:46] Modify product: Uncharacterized ferredoxin-like protein YfhL => putative ferredoxin-like protein YfhL
[18:28:46] Modify product: Probable ATP-dependent helicase DinG => putative ATP-dependent helicase DinG
[18:28:46] Modify product: Probable manganese efflux pump MntP => putative manganese efflux pump MntP
[18:28:46] Modify product: Uncharacterized inner membrane transporter YedA => putative inner membrane transporter YedA
[18:28:46] Modify product: Probable diguanylate cyclase YfiN => putative diguanylate cyclase YfiN
[18:28:46] Modify product: Probable inorganic polyphosphate/ATP-NAD kinase => putative inorganic polyphosphate/ATP-NAD kinase
[18:28:46] Modify product: Putative multidrug export ATP-binding/permease protein SAV1866 => Putative multidrug export ATP-binding/permease protein
[18:28:46] Modify product: Probable HTH-type transcriptional regulator YgaV => putative HTH-type transcriptional regulator YgaV
[18:28:47] Modify product: Uncharacterized periplasmic iron-binding protein HI_0362 precursor => putative periplasmic iron-binding protein precursor
[18:28:47] Modify product: Probable ATP synthase SpaL => putative ATP synthase SpaL
[18:28:47] Modify product: Probable aromatic acid decarboxylase => putative aromatic acid decarboxylase
[18:28:47] Modify product: Probable glucarate transporter => putative glucarate transporter
[18:28:47] Modify product: Uncharacterized lipoprotein YgdR precursor => putative lipoprotein YgdR precursor
[18:28:47] Modify product: Uncharacterized lipoprotein YgdR precursor => putative lipoprotein YgdR precursor
[18:28:47] Modify product: Bactoprenol glucosyl transferase homolog from prophage CPS-53 => hypothetical protein
[18:28:47] Modify product: Uncharacterized lipoprotein GfcB precursor => putative lipoprotein GfcB precursor
[18:28:47] Modify product: Probable tRNA-dihydrouridine synthase => putative tRNA-dihydrouridine synthase
[18:28:47] Modify product: Uncharacterized membrane protein YjcC => putative membrane protein YjcC
[18:28:47] Modify product: Uncharacterized ferredoxin-like protein YdhX precursor => putative ferredoxin-like protein YdhX precursor
[18:28:47] Modify product: Probable L-ascorbate-6-phosphate lactonase UlaG => putative L-ascorbate-6-phosphate lactonase UlaG
[18:28:47] Modify product: Probable amino-acid metabolite efflux pump => putative amino-acid metabolite efflux pump
[18:28:47] Modify product: Probable sulfoacetate transporter SauU => putative sulfoacetate transporter SauU
[18:28:47] Modify product: Uncharacterized HTH-type transcriptional regulator YbbH => putative HTH-type transcriptional regulator YbbH
[18:28:47] Modify product: Probable licABCH operon regulator => putative licABCH operon regulator
[18:28:47] Modify product: Probable transcriptional regulatory protein YeeN => putative transcriptional regulatory protein YeeN
[18:28:47] Modify product: Probable amino-acid racemase => putative amino-acid racemase
[18:28:47] Modify product: Uncharacterized GTP-binding protein YjiA => putative GTP-binding protein YjiA
[18:28:47] Modify product: Probable phosphotransferase enzyme IIB component M6_Spy0801 => putative phosphotransferase enzyme IIB component
[18:28:48] Modify product: Probable diguanylate cyclase YcdT => putative diguanylate cyclase YcdT
[18:28:48] Modify product: Uncharacterized deoxyribonuclease YjjV => putative deoxyribonuclease YjjV
[18:28:48] Modify product: DNA repair protein RadA homolog => hypothetical protein
[18:28:48] Modify product: Uncharacterized ABC transporter ATP-binding protein YjjK => putative ABC transporter ATP-binding protein YjjK
[18:28:48] Modify product: Uncharacterized tRNA/rRNA methyltransferase HI_0380 => putative tRNA/rRNA methyltransferase
[18:28:48] Modify product: Uncharacterized HTH-type transcriptional regulator YbdO => putative HTH-type transcriptional regulator YbdO
[18:28:48] Modify product: Probable outer membrane usher protein ElfC precursor => putative outer membrane usher protein ElfC precursor
[18:28:48] Modify product: Uncharacterized fimbrial-like protein ElfG precursor => putative fimbrial-like protein ElfG precursor
[18:28:48] Modify product: Uncharacterized fimbrial-like protein YcbU precursor => putative fimbrial-like protein YcbU precursor
[18:28:48] Modify product: Uncharacterized fimbrial-like protein YcbV precursor => putative fimbrial-like protein YcbV precursor
[18:28:48] Modify product: Uncharacterized fimbrial chaperone YcbF precursor => putative fimbrial chaperone YcbF precursor
[18:28:48] Modify product: Uncharacterized fimbrial-like protein ElfG precursor => putative fimbrial-like protein ElfG precursor
[18:28:48] Modify product: Probable outer membrane usher protein ElfC precursor => putative outer membrane usher protein ElfC precursor
[18:28:48] Modify product: Uncharacterized N-acetyltransferase YjaB => putative N-acetyltransferase YjaB
[18:28:48] Modify product: Probable lipoprotein YiaD precursor => putative lipoprotein YiaD precursor
[18:28:48] Modify product: Uncharacterized N-acetyltransferase YafP => putative N-acetyltransferase YafP
[18:28:48] Modify product: Uncharacterized GST-like protein YibF => putative GST-like protein YibF
[18:28:48] Modify product: Probable glucarate transporter => putative glucarate transporter
[18:28:48] Modify product: Uncharacterized glycosyltransferase EpsJ => putative glycosyltransferase EpsJ
[18:28:48] Modify product: Uncharacterized HTH-type transcriptional regulator YbdO => putative HTH-type transcriptional regulator YbdO
[18:28:48] Modify product: Uncharacterized inner membrane transporter YicL => putative inner membrane transporter YicL
[18:28:48] Modify product: Probable sulfoacetate transporter SauU => putative sulfoacetate transporter SauU
[18:28:48] Modify product: Probable adenine permease PurP => putative adenine permease PurP
[18:28:48] Modify product: Shikimate 5-dehydrogenase-like protein HI_0607 => Shikimate 5-dehydrogenase-like protein
[18:28:48] Modify product: Probable transport protein HsrA => putative transport protein HsrA
[18:28:48] Modify product: Transcription termination factor Rho => hypothetical protein
[18:28:49] Modify product: Probable transport protein YifK => putative transport protein YifK
[18:28:49] Modify product: Probable protein kinase UbiB => putative protein kinase UbiB
[18:28:49] Modify product: Probable acyltransferase YihG => putative acyltransferase YihG
[18:28:49] Modify product: Probable GTP-binding protein EngB => putative GTP-binding protein EngB
[18:28:49] Modify product: Uncharacterized sugar isomerase YihS => putative sugar isomerase YihS
[18:28:49] Modify product: Uncharacterized aldolase YihT => putative aldolase YihT
[18:28:49] Modify product: Uncharacterized aldolase LsrF => putative aldolase LsrF
[18:28:49] Modify product: Transcription termination/antitermination protein NusG => hypothetical protein
[18:28:49] Modify product: Uncharacterized N-acetyltransferase YjaB => putative N-acetyltransferase YjaB
[18:28:49] Modify product: Uncharacterized oxidoreductase YjmC => putative oxidoreductase YjmC
[18:28:49] Modify product: Probable Fe(2+)-trafficking protein => putative Fe(2+)-trafficking protein
[18:28:49] Modify product: Uncharacterized membrane protein YdfK => putative membrane protein YdfK
[18:28:49] Modify product: Virulence protein STM3117 => Virulence protein
[18:28:49] Modify product: Probable Ni/Fe-hydrogenase 2 b-type cytochrome subunit => putative Ni/Fe-hydrogenase 2 b-type cytochrome subunit
[18:28:49] Modify product: Uncharacterized oxidoreductase YghA => putative oxidoreductase YghA
[18:28:49] Modify product: Probable quinol monooxygenase YgiN => putative quinol monooxygenase YgiN
[18:28:49] Modify product: Probable glycerol-3-phosphate acyltransferase => putative glycerol-3-phosphate acyltransferase
[18:28:49] Modify product: Uncharacterized protease YhbU precursor => putative protease YhbU precursor
[18:28:50] Modify product: Transcription termination/antitermination protein NusA => hypothetical protein
[18:28:50] Modify product: Uncharacterized inner membrane transporter YhbE => putative inner membrane transporter YhbE
[18:28:50] Modify product: Probable phospholipid ABC transporter-binding protein MlaB => putative phospholipid ABC transporter-binding protein MlaB
[18:28:50] Modify product: Probable phospholipid-binding protein MlaC precursor => putative phospholipid-binding protein MlaC precursor
[18:28:50] Modify product: Probable phospholipid ABC transporter-binding protein MlaD => putative phospholipid ABC transporter-binding protein MlaD
[18:28:50] Modify product: Probable phospholipid ABC transporter permease protein MlaE => putative phospholipid ABC transporter permease protein MlaE
[18:28:50] Modify product: Probable phospholipid import ATP-binding protein MlaF => putative phospholipid import ATP-binding protein MlaF
[18:28:50] Modify product: Uncharacterized HTH-type transcriptional regulator YdfH => putative HTH-type transcriptional regulator YdfH
[18:28:50] Modify product: Probable acrylyl-CoA reductase AcuI => putative acrylyl-CoA reductase AcuI
[18:28:50] Modify product: Probable acrEF/envCD operon repressor => putative acrEF/envCD operon repressor
[18:28:50] Modify product: Uncharacterized ABC transporter ATP-binding protein YheS => putative ABC transporter ATP-binding protein YheS
[18:28:50] Modify product: Probable adenosine monophosphate-protein transferase fic => putative adenosine monophosphate-protein transferase fic
[18:28:50] Modify product: 60 kDa SS-A/Ro ribonucleoprotein homolog => hypothetical protein
[18:28:50] Modify product: Probable 2-keto-3-deoxy-galactonate aldolase YagE => putative 2-keto-3-deoxy-galactonate aldolase YagE
[18:28:50] Modify product: Uncharacterized HTH-type transcriptional regulator RhmR => putative HTH-type transcriptional regulator RhmR
[18:28:50] Modify product: Uncharacterized oxidoreductase YhhX => putative oxidoreductase YhhX
[18:28:50] Modify product: Phosphotriesterase homology protein => hypothetical protein
[18:28:50] Modify product: Uncharacterized ABC transporter ATP-binding protein YbhF => putative ABC transporter ATP-binding protein YbhF
[18:28:50] Cleaned 203 /product names
[18:28:50] Deleting unwanted file: results/prokka/STM/sprot.faa
[18:28:50] Deleting unwanted file: results/prokka/STM/sprot.blast
[18:28:52] There are still 1395 unannotated CDS left (started with 4660)
[18:28:52] Will use hmmer3 to search against /home/fatemeh/program-bank/prokka-1.11/bin/../db/hmm/CLUSTERS.hmm with 4 CPUs
[18:28:52] Running: cat results\/prokka\/STM\/CLUSTERS\.hmm\.faa | parallel --gnu --plain -j 4 --block 39028 --recstart '>' --pipe hmmscan --noali --notextw --acc -E 1e-06 --cpu 1 /home/fatemeh/program-bank/prokka-1.11/bin/../db/hmm/CLUSTERS.hmm /dev/stdin > results\/prokka\/STM\/CLUSTERS\.hmm\.hmmer3 2> /dev/null
[18:33:57] Deleting unwanted file: results/prokka/STM/CLUSTERS.hmm.faa
[18:33:57] Deleting unwanted file: results/prokka/STM/CLUSTERS.hmm.hmmer3
[18:33:58] There are still 1036 unannotated CDS left (started with 4660)
[18:33:58] Will use hmmer3 to search against /home/fatemeh/program-bank/prokka-1.11/bin/../db/hmm/HAMAP.hmm with 4 CPUs
[18:33:58] Running: cat results\/prokka\/STM\/HAMAP\.hmm\.faa | parallel --gnu --plain -j 4 --block 28440 --recstart '>' --pipe hmmscan --noali --notextw --acc -E 1e-06 --cpu 1 /home/fatemeh/program-bank/prokka-1.11/bin/../db/hmm/HAMAP.hmm /dev/stdin > results\/prokka\/STM\/HAMAP\.hmm\.hmmer3 2> /dev/null
[18:35:07] Deleting unwanted file: results/prokka/STM/HAMAP.hmm.faa
[18:35:07] Deleting unwanted file: results/prokka/STM/HAMAP.hmm.hmmer3
[18:35:08] There are still 1022 unannotated CDS left (started with 4660)
[18:35:08] Will use hmmer3 to search against /home/fatemeh/program-bank/prokka-1.11/bin/../db/hmm/Pfam.hmm with 4 CPUs
[18:35:08] Running: cat results\/prokka\/STM\/Pfam\.hmm\.faa | parallel --gnu --plain -j 4 --block 27932 --recstart '>' --pipe hmmscan --noali --notextw --acc -E 1e-06 --cpu 1 /home/fatemeh/program-bank/prokka-1.11/bin/../db/hmm/Pfam.hmm /dev/stdin > results\/prokka\/STM\/Pfam\.hmm\.hmmer3 2> /dev/null
[18:39:26] Modify product: KilA-N domain => KilA-N domain protein
[18:39:26] Modify product: KilA-N domain => KilA-N domain protein
[18:39:26] Modify product: Ash protein family => Ash protein family protein
[18:39:26] Modify product: Phage integrase family => Phage integrase family protein
[18:39:26] Modify product: Phage integrase, N-terminal => hypothetical protein
[18:39:26] Modify product: NAD dependent epimerase/dehydratase family => NAD dependent epimerase/dehydratase family protein
[18:39:26] Modify product: Acyltransferase family => Acyltransferase family protein
[18:39:26] Modify product: KAP family P-loop domain => KAP family P-loop domain protein
[18:39:26] Modify product: Phage tail fibre repeat => Phage tail fibre repeat protein
[18:39:26] Modify product: Alanine racemase, N-terminal domain => hypothetical protein
[18:39:26] Modify product: Helix-turn-helix domain => Helix-turn-helix domain protein
[18:39:26] Modify product: Sodium Bile acid symporter family => Sodium Bile acid symporter family protein
[18:39:26] Modify product: Integrase core domain => Integrase core domain protein
[18:39:26] Modify product: NAD-dependent DNA ligase C4 zinc finger domain => NAD-dependent DNA ligase C4 zinc finger domain protein
[18:39:26] Modify product: Alpha-2-macroglobulin family N-terminal region => hypothetical protein
[18:39:26] Modify product: Alpha/beta hydrolase family => Alpha/beta hydrolase family protein
[18:39:26] Modify product: ImpA-related N-terminal => hypothetical protein
[18:39:26] Modify product: Integrase core domain => Integrase core domain protein
[18:39:26] Modify product: ORF11CD3 domain => ORF11CD3 domain protein
[18:39:26] Modify product: Terminase-like family => Terminase-like family protein
[18:39:26] Modify product: Heavy-metal-associated domain => Heavy-metal-associated domain protein
[18:39:26] Modify product: Extensin-like protein C-terminus => hypothetical protein
[18:39:26] Modify product: Glyoxalase-like domain => Glyoxalase-like domain protein
[18:39:26] Modify product: HTH domain => HTH domain protein
[18:39:26] Modify product: TraB family => TraB family protein
[18:39:26] Modify product: Tetratricopeptide repeat => Tetratricopeptide repeat protein
[18:39:26] Modify product: Type III secretion needle MxiH like => Type III secretion needle MxiH like protein
[18:39:26] Modify product: Type III secretion needle MxiH like => Type III secretion needle MxiH like protein
[18:39:26] Modify product: HrpJ-like domain => HrpJ-like domain protein
[18:39:26] Modify product: Stress-induced bacterial acidophilic repeat motif => Stress-induced bacterial acidophilic repeat motif protein
[18:39:26] Modify product: HupF/HypC family => HupF/HypC family protein
[18:39:26] Modify product: Methyltransferase domain => Methyltransferase domain protein
[18:39:26] Modify product: B3/4 domain => B3/4 domain protein
[18:39:26] Modify product: NmrA-like family => NmrA-like family protein
[18:39:26] Modify product: Stress-induced bacterial acidophilic repeat motif => Stress-induced bacterial acidophilic repeat motif protein
[18:39:26] Modify product: DsrE/DsrF-like family => DsrE/DsrF-like family protein
[18:39:26] Modify product: HupH hydrogenase expression protein, C-terminal conserved region => hypothetical protein
[18:39:26] Modify product: GnsA/GnsB family => GnsA/GnsB family protein
[18:39:26] Modify product: Phage integrase family => Phage integrase family protein
[18:39:26] Modify product: DNA circulation protein N-terminus => hypothetical protein
[18:39:26] Modify product: Phage capsid family => Phage capsid family protein
[18:39:26] Modify product: FtsX-like permease family => FtsX-like permease family protein
[18:39:26] Modify product: EAL domain => EAL domain protein
[18:39:26] Modify product: Integrase core domain => Integrase core domain protein
[18:39:26] Modify product: Isochorismatase family => Isochorismatase family protein
[18:39:26] Modify product: NlpC/P60 family => NlpC/P60 family protein
[18:39:26] Modify product: Phage Tail Collar Domain => Phage Tail Collar Domain protein
[18:39:26] Modify product: Transposase IS66 family => Transposase IS66 family protein
[18:39:26] Modify product: DinI-like family => DinI-like family protein
[18:39:26] Modify product: Stress-induced bacterial acidophilic repeat motif => Stress-induced bacterial acidophilic repeat motif protein
[18:39:26] Modify product: PrkA AAA domain => PrkA AAA domain protein
[18:39:26] Modify product: Acetyltransferase (GNAT) family => Acetyltransferase (GNAT) family protein
[18:39:26] Modify product: Phage integrase family => Phage integrase family protein
[18:39:26] Modify product: DTW domain => DTW domain protein
[18:39:26] Modify product: Y_Y_Y domain => Y_Y_Y domain protein
[18:39:26] Modify product: SEC-C motif => SEC-C motif protein
[18:39:26] Modify product: Tripartite tricarboxylate transporter TctB family => Tripartite tricarboxylate transporter TctB family protein
[18:39:26] Modify product: Tripartite tricarboxylate transporter TctA family => Tripartite tricarboxylate transporter TctA family protein
[18:39:26] Modify product: Type III secretion needle MxiH like => Type III secretion needle MxiH like protein
[18:39:26] Modify product: Transglycosylase SLT domain => Transglycosylase SLT domain protein
[18:39:26] Modify product: HrpJ-like domain => HrpJ-like domain protein
[18:39:26] Modify product: EamA-like transporter family => EamA-like transporter family protein
[18:39:26] Modify product: Integral membrane protein TerC family => Integral membrane protein TerC family protein
[18:39:26] Modify product: Bacterial Transmembrane Pair family => Bacterial Transmembrane Pair family protein
[18:39:26] Modify product: Alanine racemase, N-terminal domain => hypothetical protein
[18:39:26] Modify product: YGGT family => YGGT family protein
[18:39:26] Modify product: HIT domain => HIT domain protein
[18:39:26] Modify product: CYTH domain => CYTH domain protein
[18:39:26] Modify product: Phage tail fibre repeat => Phage tail fibre repeat protein
[18:39:26] Modify product: IncFII RepA protein family => IncFII RepA protein family protein
[18:39:26] Modify product: EamA-like transporter family => EamA-like transporter family protein
[18:39:26] Modify product: SCP-2 sterol transfer family => SCP-2 sterol transfer family protein
[18:39:27] Modify product: ATP-grasp domain => ATP-grasp domain protein
[18:39:27] Modify product: SnoaL-like domain => SnoaL-like domain protein
[18:39:27] Modify product: Cupin domain => Cupin domain protein
[18:39:27] Modify product: ASCH domain => ASCH domain protein
[18:39:27] Modify product: Sodium Bile acid symporter family => Sodium Bile acid symporter family protein
[18:39:27] Modify product: Phage tail fibre repeat => Phage tail fibre repeat protein
[18:39:27] Modify product: Mor transcription activator family => Mor transcription activator family protein
[18:39:27] Modify product: Y_Y_Y domain => Y_Y_Y domain protein
[18:39:27] Modify product: Sel1 repeat => Sel1 repeat protein
[18:39:27] Modify product: PspA/IM30 family => PspA/IM30 family protein
[18:39:27] Modify product: Acetyltransferase (GNAT) family => Acetyltransferase (GNAT) family protein
[18:39:27] Modify product: PglZ domain => PglZ domain protein
[18:39:27] Modify product: Phage virion morphogenesis family => Phage virion morphogenesis family protein
[18:39:27] Modify product: Terminase-like family => Terminase-like family protein
[18:39:27] Modify product: Bacteriophage CI repressor helix-turn-helix domain => Bacteriophage CI repressor helix-turn-helix domain protein
[18:39:27] Modify product: SCP-2 sterol transfer family => SCP-2 sterol transfer family protein
[18:39:27] Modify product: Transposase IS200 like => Transposase IS200 like protein
[18:39:27] Modify product: YheO-like PAS domain => YheO-like PAS domain protein
[18:39:27] Modify product: Fic/DOC family => Fic/DOC family protein
[18:39:27] Modify product: Peptidase M16 inactive domain => Peptidase M16 inactive domain protein
[18:39:27] Modify product: AsmA family => AsmA family protein
[18:39:27] Modify product: Isochorismatase family => Isochorismatase family protein
[18:39:27] Modify product: EamA-like transporter family => EamA-like transporter family protein
[18:39:27] Modify product: EamA-like transporter family => EamA-like transporter family protein
[18:39:27] Modify product: Major Facilitator Superfamily => Major Facilitator Superfamily protein
[18:39:27] Modify product: putative Peptidoglycan domain => putative Peptidoglycan domain protein
[18:39:27] Modify product: DSBA-like thioredoxin domain => DSBA-like thioredoxin domain protein
[18:39:27] Modify product: Transcriptional regulatory protein, C terminal => hypothetical protein
[18:39:27] Modify product: Helix-turn-helix domain => Helix-turn-helix domain protein
[18:39:27] Modify product: Transposase IS200 like => Transposase IS200 like protein
[18:39:27] Modify product: Integrase core domain => Integrase core domain protein
[18:39:27] Modify product: Integrase core domain => Integrase core domain protein
[18:39:27] Modify product: Integrase core domain => Integrase core domain protein
[18:39:27] Modify product: Integrase core domain => Integrase core domain protein
[18:39:27] Modify product: InsA C-terminal domain => hypothetical protein
[18:39:27] Modify product: Acetyltransferase (GNAT) family => Acetyltransferase (GNAT) family protein
[18:39:27] Modify product: Tn3 transposase DDE domain => Tn3 transposase DDE domain protein
[18:39:27] Modify product: Integrase core domain => Integrase core domain protein
[18:39:27] Modify product: Integrase core domain => Integrase core domain protein
[18:39:27] Modify product: Plasmid replication region DNA-binding N-term => hypothetical protein
[18:39:27] Modify product: Transglycosylase SLT domain => Transglycosylase SLT domain protein
[18:39:27] Modify product: PAS fold => PAS fold protein
[18:39:27] Modify product: Sex factor F TraW protein N terminal => hypothetical protein
[18:39:27] Modify product: TraG-like protein, N-terminal region => hypothetical protein
[18:39:27] Cleaned 116 /product names
[18:39:27] Deleting unwanted file: results/prokka/STM/Pfam.hmm.faa
[18:39:27] Deleting unwanted file: results/prokka/STM/Pfam.hmm.hmmer3
[18:39:27] Labelling remaining 679 proteins as 'hypothetical protein'
[18:39:27] Possible /pseudo 'Diol dehydratase-reactivating factor alpha subunit' at ordered_FN424405.1 position 347432
[18:39:27] Possible /pseudo 'Nuclease SbcCD subunit C' at ordered_FN424405.1 position 424949
[18:39:27] Possible /pseudo 'Type-1 fimbrial protein, A chain precursor' at ordered_FN424405.1 position 582052
[18:39:27] Possible /pseudo 'Macrolide export ATP-binding/permease protein MacB' at ordered_FN424405.1 position 955342
[18:39:27] Possible /pseudo 'DNA translocase FtsK' at ordered_FN424405.1 position 974730
[18:39:27] Possible /pseudo 'Formate dehydrogenase, nitrate-inducible, major subunit precursor' at ordered_FN424405.1 position 1589186
[18:39:27] Possible /pseudo 'Baseplate J-like protein' at ordered_FN424405.1 position 2015304
[18:39:27] Possible /pseudo 'Aldehyde-alcohol dehydrogenase' at ordered_FN424405.1 position 2095905
[18:39:27] Possible /pseudo 'putative lipoprotein YehR precursor' at ordered_FN424405.1 position 2220921
[18:39:27] Possible /pseudo 'Caudovirales tail fibre assembly protein' at ordered_FN424405.1 position 2303114
[18:39:27] Possible /pseudo 'Transposase, Mutator family' at ordered_FN424405.1 position 2744401
[18:39:27] Possible /pseudo 'Manganese transport system membrane protein MntB' at ordered_FN424405.1 position 2952160
[18:39:27] Possible /pseudo 'Inner membrane protein YgbE' at ordered_FN424405.1 position 3015316
[18:39:27] Possible /pseudo 'Energy-coupling factor transporter ATP-binding protein EcfA1' at ordered_FN424405.1 position 3177073
[18:39:27] Possible /pseudo 'Putrescine aminotransferase' at ordered_FN424405.1 position 3357853
[18:39:27] Possible /pseudo 'RNA polymerase sigma-54 factor' at ordered_FN424405.1 position 3458681
[18:39:27] Possible /pseudo 'L(+)-tartrate dehydratase subunit alpha' at ordered_FN424405.1 position 3497462
[18:39:27] Possible /pseudo 'General stress protein A' at ordered_FN424405.1 position 3887583
[18:39:27] Possible /pseudo 'selenocysteine synthase' at ordered_FN424405.1 position 3943210
[18:39:27] Possible /pseudo 'D-serine dehydratase' at ordered_FN424405.1 position 3978959
[18:39:27] Possible /pseudo 'Prophage CP4-57 integrase' at ordered_FN424405.1 position 4024410
[18:39:27] Possible /pseudo 'Inner membrane symporter YihP' at ordered_FN424405.1 position 4201598
[18:39:27] Possible /pseudo 'Formate dehydrogenase-O major subunit precursor' at ordered_FN424405.1 position 4221582
[18:39:27] Possible /pseudo 'Formate dehydrogenase H' at ordered_FN424405.1 position 4502177
[18:39:27] Possible /pseudo 'Xylose isomerase-like TIM barrel' at ordered_FN424405.1 position 4654642
[18:39:27] Possible /pseudo 'PTS system trehalose-specific EIIBC component' at ordered_FN424405.1 position 4672037
[18:39:27] Found 2713 unique /gene codes.
[18:39:27] Fixed 2 duplicate /gene - exoX_1 exoX_2
[18:39:27] Fixed 3 duplicate /gene - frlB_1 frlB_2 frlB_3
[18:39:27] Fixed 2 duplicate /gene - ytbE_1 ytbE_2
[18:39:27] Fixed 3 duplicate /gene - glmS_1 glmS_2 glmS_3
[18:39:27] Fixed 2 duplicate /gene - yusV_1 yusV_2
[18:39:27] Fixed 2 duplicate /gene - ldrD_1 ldrD_2
[18:39:27] Fixed 2 duplicate /gene - emrE_1 emrE_2
[18:39:27] Fixed 3 duplicate /gene - glpR_1 glpR_2 glpR_3
[18:39:27] Fixed 2 duplicate /gene - cfiA_1 cfiA_2
[18:39:27] Fixed 2 duplicate /gene - betC_1 betC_2
[18:39:27] Fixed 2 duplicate /gene - dusC_1 dusC_2
[18:39:27] Fixed 2 duplicate /gene - fdnG_1 fdnG_2
[18:39:27] Fixed 2 duplicate /gene - gbpR_1 gbpR_2
[18:39:27] Fixed 2 duplicate /gene - ogt_1 ogt_2
[18:39:27] Fixed 2 duplicate /gene - fliC_1 fliC_2
[18:39:27] Fixed 4 duplicate /gene - ybdO_1 ybdO_2 ybdO_3 ybdO_4
[18:39:27] Fixed 2 duplicate /gene - alsT_1 alsT_2
[18:39:27] Fixed 5 duplicate /gene - intA_1 intA_2 intA_3 intA_4 intA_5
[18:39:27] Fixed 2 duplicate /gene - vapC_1 vapC_2
[18:39:27] Fixed 2 duplicate /gene - fdhF_1 fdhF_2
[18:39:27] Fixed 2 duplicate /gene - lptB_1 lptB_2
[18:39:27] Fixed 2 duplicate /gene - yhdJ_1 yhdJ_2
[18:39:27] Fixed 2 duplicate /gene - citX_1 citX_2
[18:39:27] Fixed 2 duplicate /gene - ydcV_1 ydcV_2
[18:39:27] Fixed 3 duplicate /gene - lldR_1 lldR_2 lldR_3
[18:39:27] Fixed 2 duplicate /gene - pduA_1 pduA_2
[18:39:27] Fixed 2 duplicate /gene - malP_1 malP_2
[18:39:27] Fixed 2 duplicate /gene - ftnA_1 ftnA_2
[18:39:27] Fixed 2 duplicate /gene - yccS_1 yccS_2
[18:39:27] Fixed 2 duplicate /gene - gspA_1 gspA_2
[18:39:27] Fixed 2 duplicate /gene - ecfA1_1 ecfA1_2
[18:39:27] Fixed 2 duplicate /gene - citF_1 citF_2
[18:39:27] Fixed 2 duplicate /gene - tehB_1 tehB_2
[18:39:27] Fixed 2 duplicate /gene - ybeZ_1 ybeZ_2
[18:39:27] Fixed 2 duplicate /gene - ecpD_1 ecpD_2
[18:39:27] Fixed 3 duplicate /gene - ptsI_1 ptsI_2 ptsI_3
[18:39:27] Fixed 3 duplicate /gene - dmsD_1 dmsD_2 dmsD_3
[18:39:27] Fixed 2 duplicate /gene - gltD_1 gltD_2
[18:39:27] Fixed 2 duplicate /gene - ydiV_1 ydiV_2
[18:39:27] Fixed 2 duplicate /gene - hin_1 hin_2
[18:39:27] Fixed 2 duplicate /gene - exuT_1 exuT_2
[18:39:27] Fixed 2 duplicate /gene - rhmR_1 rhmR_2
[18:39:27] Fixed 2 duplicate /gene - potA_1 potA_2
[18:39:27] Fixed 2 duplicate /gene - cobB_1 cobB_2
[18:39:27] Fixed 2 duplicate /gene - fruB_1 fruB_2
[18:39:27] Fixed 2 duplicate /gene - ybhA_1 ybhA_2
[18:39:27] Fixed 2 duplicate /gene - rnfC_1 rnfC_2
[18:39:27] Fixed 2 duplicate /gene - iolC_1 iolC_2
[18:39:27] Fixed 2 duplicate /gene - tsaA_1 tsaA_2
[18:39:27] Fixed 2 duplicate /gene - dnaB_1 dnaB_2
[18:39:27] Fixed 2 duplicate /gene - dcuA_1 dcuA_2
[18:39:27] Fixed 2 duplicate /gene - aroP_1 aroP_2
[18:39:27] Fixed 3 duplicate /gene - ttdA_1 ttdA_2 ttdA_3
[18:39:27] Fixed 2 duplicate /gene - hyaE_1 hyaE_2
[18:39:27] Fixed 2 duplicate /gene - dppB_1 dppB_2
[18:39:27] Fixed 2 duplicate /gene - pncC_1 pncC_2
[18:39:27] Fixed 2 duplicate /gene - tktA_1 tktA_2
[18:39:27] Fixed 2 duplicate /gene - relE_1 relE_2
[18:39:27] Fixed 2 duplicate /gene - tpx_1 tpx_2
[18:39:27] Fixed 2 duplicate /gene - yhjE_1 yhjE_2
[18:39:27] Fixed 2 duplicate /gene - higA-2_1 higA-2_2
[18:39:27] Fixed 2 duplicate /gene - ybhF_1 ybhF_2
[18:39:27] Fixed 2 duplicate /gene - hmrR_1 hmrR_2
[18:39:27] Fixed 2 duplicate /gene - loiP_1 loiP_2
[18:39:27] Fixed 2 duplicate /gene - aroG_1 aroG_2
[18:39:27] Fixed 2 duplicate /gene - srlE_1 srlE_2
[18:39:27] Fixed 2 duplicate /gene - adaA_1 adaA_2
[18:39:27] Fixed 3 duplicate /gene - trxA_1 trxA_2 trxA_3
[18:39:27] Fixed 3 duplicate /gene - gldA_1 gldA_2 gldA_3
[18:39:27] Fixed 2 duplicate /gene - fdnH_1 fdnH_2
[18:39:27] Fixed 2 duplicate /gene - fucA_1 fucA_2
[18:39:27] Fixed 2 duplicate /gene - acrB_1 acrB_2
[18:39:27] Fixed 2 duplicate /gene - ptsH_1 ptsH_2
[18:39:27] Fixed 2 duplicate /gene - hypC_1 hypC_2
[18:39:27] Fixed 2 duplicate /gene - gcvA_1 gcvA_2
[18:39:27] Fixed 2 duplicate /gene - panE_1 panE_2
[18:39:27] Fixed 2 duplicate /gene - citE_1 citE_2
[18:39:27] Fixed 2 duplicate /gene - nlpD_1 nlpD_2
[18:39:27] Fixed 2 duplicate /gene - ompC_1 ompC_2
[18:39:27] Fixed 2 duplicate /gene - glmM_1 glmM_2
[18:39:27] Fixed 2 duplicate /gene - dnaJ_1 dnaJ_2
[18:39:27] Fixed 2 duplicate /gene - afr_1 afr_2
[18:39:27] Fixed 2 duplicate /gene - rpe_1 rpe_2
[18:39:27] Fixed 2 duplicate /gene - apxIB_1 apxIB_2
[18:39:27] Fixed 2 duplicate /gene - holE_1 holE_2
[18:39:27] Fixed 2 duplicate /gene - xylE_1 xylE_2
[18:39:27] Fixed 3 duplicate /gene - kdgK_1 kdgK_2 kdgK_3
[18:39:27] Fixed 2 duplicate /gene - sseA_1 sseA_2
[18:39:27] Fixed 3 duplicate /gene - gatB_1 gatB_2 gatB_3
[18:39:27] Fixed 2 duplicate /gene - yqjA_1 yqjA_2
[18:39:27] Fixed 3 duplicate /gene - gadX_1 gadX_2 gadX_3
[18:39:27] Fixed 2 duplicate /gene - metQ_1 metQ_2
[18:39:27] Fixed 3 duplicate /gene - garK_1 garK_2 garK_3
[18:39:27] Fixed 4 duplicate /gene - dmsB_1 dmsB_2 dmsB_3 dmsB_4
[18:39:27] Fixed 4 duplicate /gene - sgrR_1 sgrR_2 sgrR_3 sgrR_4
[18:39:27] Fixed 2 duplicate /gene - ydcR_1 ydcR_2
[18:39:27] Fixed 2 duplicate /gene - gmr_1 gmr_2
[18:39:27] Fixed 2 duplicate /gene - cysE_1 cysE_2
[18:39:27] Fixed 2 duplicate /gene - ftsI_1 ftsI_2
[18:39:27] Fixed 2 duplicate /gene - emrB_1 emrB_2
[18:39:27] Fixed 2 duplicate /gene - serB_1 serB_2
[18:39:27] Fixed 2 duplicate /gene - dppC_1 dppC_2
[18:39:27] Fixed 3 duplicate /gene - gatC_1 gatC_2 gatC_3
[18:39:27] Fixed 2 duplicate /gene - exbD_1 exbD_2
[18:39:27] Fixed 2 duplicate /gene - fes_1 fes_2
[18:39:27] Fixed 2 duplicate /gene - yohK_1 yohK_2
[18:39:27] Fixed 3 duplicate /gene - oppD_1 oppD_2 oppD_3
[18:39:27] Fixed 2 duplicate /gene - dinG_1 dinG_2
[18:39:27] Fixed 2 duplicate /gene - tetA_1 tetA_2
[18:39:27] Fixed 2 duplicate /gene - yfgF_1 yfgF_2
[18:39:27] Fixed 2 duplicate /gene - caiA_1 caiA_2
[18:39:27] Fixed 2 duplicate /gene - fdoG_1 fdoG_2
[18:39:27] Fixed 2 duplicate /gene - glcR_1 glcR_2
[18:39:27] Fixed 2 duplicate /gene - metN_1 metN_2
[18:39:27] Fixed 3 duplicate /gene - bhsA_1 bhsA_2 bhsA_3
[18:39:27] Fixed 2 duplicate /gene - sifA_1 sifA_2
[18:39:27] Fixed 2 duplicate /gene - yajL_1 yajL_2
[18:39:27] Fixed 2 duplicate /gene - oatA_1 oatA_2
[18:39:27] Fixed 2 duplicate /gene - hydN_1 hydN_2
[18:39:27] Fixed 2 duplicate /gene - argR_1 argR_2
[18:39:27] Fixed 2 duplicate /gene - appA_1 appA_2
[18:39:27] Fixed 2 duplicate /gene - gudP_1 gudP_2
[18:39:27] Fixed 2 duplicate /gene - benM_1 benM_2
[18:39:27] Fixed 2 duplicate /gene - prfA_1 prfA_2
[18:39:27] Fixed 2 duplicate /gene - sad_1 sad_2
[18:39:27] Fixed 2 duplicate /gene - ydhP_1 ydhP_2
[18:39:27] Fixed 4 duplicate /gene - xerD_1 xerD_2 xerD_3 xerD_4
[18:39:27] Fixed 2 duplicate /gene - nagC_1 nagC_2
[18:39:27] Fixed 2 duplicate /gene - appC_1 appC_2
[18:39:27] Fixed 2 duplicate /gene - ibpA_1 ibpA_2
[18:39:27] Fixed 3 duplicate /gene - fruA_1 fruA_2 fruA_3
[18:39:27] Fixed 2 duplicate /gene - rlmB_1 rlmB_2
[18:39:27] Fixed 3 duplicate /gene - nanT_1 nanT_2 nanT_3
[18:39:27] Fixed 2 duplicate /gene - tusA_1 tusA_2
[18:39:27] Fixed 2 duplicate /gene - mntB_1 mntB_2
[18:39:27] Fixed 2 duplicate /gene - aspT_1 aspT_2
[18:39:27] Fixed 3 duplicate /gene - hemN_1 hemN_2 hemN_3
[18:39:27] Fixed 2 duplicate /gene - topA_1 topA_2
[18:39:27] Fixed 2 duplicate /gene - srlA_1 srlA_2
[18:39:27] Fixed 2 duplicate /gene - tqsA_1 tqsA_2
[18:39:27] Fixed 2 duplicate /gene - garR_1 garR_2
[18:39:27] Fixed 4 duplicate /gene - adhE_1 adhE_2 adhE_3 adhE_4
[18:39:27] Fixed 2 duplicate /gene - aaeB_1 aaeB_2
[18:39:27] Fixed 2 duplicate /gene - fliY_1 fliY_2
[18:39:27] Fixed 2 duplicate /gene - fumB_1 fumB_2
[18:39:27] Fixed 3 duplicate /gene - xerC_1 xerC_2 xerC_3
[18:39:27] Fixed 2 duplicate /gene - minD_1 minD_2
[18:39:27] Fixed 2 duplicate /gene - marA_1 marA_2
[18:39:27] Fixed 2 duplicate /gene - ydeO_1 ydeO_2
[18:39:27] Fixed 3 duplicate /gene - macA_1 macA_2 macA_3
[18:39:27] Fixed 5 duplicate /gene - fimD_1 fimD_2 fimD_3 fimD_4 fimD_5
[18:39:27] Fixed 2 duplicate /gene - ybhL_1 ybhL_2
[18:39:27] Fixed 2 duplicate /gene - manP_1 manP_2
[18:39:27] Fixed 2 duplicate /gene - yfcG_1 yfcG_2
[18:39:27] Fixed 2 duplicate /gene - qseC_1 qseC_2
[18:39:27] Fixed 3 duplicate /gene - ptsG_1 ptsG_2 ptsG_3
[18:39:27] Fixed 3 duplicate /gene - ttuB_1 ttuB_2 ttuB_3
[18:39:27] Fixed 2 duplicate /gene - lip-1_1 lip-1_2
[18:39:27] Fixed 2 duplicate /gene - hflK_1 hflK_2
[18:39:27] Fixed 2 duplicate /gene - ynfE_1 ynfE_2
[18:39:27] Fixed 2 duplicate /gene - yhhW_1 yhhW_2
[18:39:27] Fixed 2 duplicate /gene - yfaY_1 yfaY_2
[18:39:27] Fixed 2 duplicate /gene - mdtK_1 mdtK_2
[18:39:27] Fixed 2 duplicate /gene - mepS_1 mepS_2
[18:39:27] Fixed 2 duplicate /gene - proS_1 proS_2
[18:39:27] Fixed 2 duplicate /gene - vapB_1 vapB_2
[18:39:27] Fixed 2 duplicate /gene - appB_1 appB_2
[18:39:27] Fixed 2 duplicate /gene - ant1_1 ant1_2
[18:39:27] Fixed 8 duplicate /gene - fimA_1 fimA_2 fimA_3 fimA_4 fimA_5 fimA_6 fimA_7 fimA_8
[18:39:27] Fixed 2 duplicate /gene - yedA_1 yedA_2
[18:39:27] Fixed 3 duplicate /gene - yicI_1 yicI_2 yicI_3
[18:39:27] Fixed 3 duplicate /gene - lrp_1 lrp_2 lrp_3
[18:39:27] Fixed 2 duplicate /gene - rcsB_1 rcsB_2
[18:39:27] Fixed 4 duplicate /gene - pdhR_1 pdhR_2 pdhR_3 pdhR_4
[18:39:27] Fixed 2 duplicate /gene - ulaE_1 ulaE_2
[18:39:27] Fixed 2 duplicate /gene - acs_1 acs_2
[18:39:27] Fixed 2 duplicate /gene - gdhA_1 gdhA_2
[18:39:27] Fixed 2 duplicate /gene - ilvD_1 ilvD_2
[18:39:27] Fixed 2 duplicate /gene - rrrD_1 rrrD_2
[18:39:27] Fixed 5 duplicate /gene - allS_1 allS_2 allS_3 allS_4 allS_5
[18:39:27] Fixed 2 duplicate /gene - manY_1 manY_2
[18:39:27] Fixed 3 duplicate /gene - dinI_1 dinI_2 dinI_3
[18:39:27] Fixed 2 duplicate /gene - papD_1 papD_2
[18:39:27] Fixed 2 duplicate /gene - chiA_1 chiA_2
[18:39:27] Fixed 3 duplicate /gene - gsiA_1 gsiA_2 gsiA_3
[18:39:27] Fixed 3 duplicate /gene - ycgE_1 ycgE_2 ycgE_3
[18:39:27] Fixed 3 duplicate /gene - fliP_1 fliP_2 fliP_3
[18:39:27] Fixed 3 duplicate /gene - proP_1 proP_2 proP_3
[18:39:27] Fixed 3 duplicate /gene - cynR_1 cynR_2 cynR_3
[18:39:27] Fixed 4 duplicate /gene - manZ_1 manZ_2 manZ_3 manZ_4
[18:39:27] Fixed 2 duplicate /gene - dxs_1 dxs_2
[18:39:27] Fixed 2 duplicate /gene - lysA_1 lysA_2
[18:39:27] Fixed 2 duplicate /gene - recF_1 recF_2
[18:39:27] Fixed 2 duplicate /gene - dsbA_1 dsbA_2
[18:39:27] Fixed 3 duplicate /gene - glnQ_1 glnQ_2 glnQ_3
[18:39:27] Fixed 2 duplicate /gene - glgX_1 glgX_2
[18:39:27] Fixed 2 duplicate /gene - tcyP_1 tcyP_2
[18:39:27] Fixed 2 duplicate /gene - tsr_1 tsr_2
[18:39:27] Fixed 2 duplicate /gene - pduV_1 pduV_2
[18:39:27] Fixed 2 duplicate /gene - slyA_1 slyA_2
[18:39:27] Fixed 3 duplicate /gene - oadG_1 oadG_2 oadG_3
[18:39:27] Fixed 2 duplicate /gene - prsE_1 prsE_2
[18:39:27] Fixed 3 duplicate /gene - trg_1 trg_2 trg_3
[18:39:27] Fixed 2 duplicate /gene - rtcB_1 rtcB_2
[18:39:27] Fixed 2 duplicate /gene - gntK_1 gntK_2
[18:39:27] Fixed 3 duplicate /gene - ulaA_1 ulaA_2 ulaA_3
[18:39:27] Fixed 4 duplicate /gene - manX_1 manX_2 manX_3 manX_4
[18:39:27] Fixed 2 duplicate /gene - elfC_1 elfC_2
[18:39:27] Fixed 2 duplicate /gene - ulaB_1 ulaB_2
[18:39:27] Fixed 2 duplicate /gene - gpr_1 gpr_2
[18:39:27] Fixed 2 duplicate /gene - rfbD_1 rfbD_2
[18:39:27] Fixed 2 duplicate /gene - ybiV_1 ybiV_2
[18:39:27] Fixed 2 duplicate /gene - ydhX_1 ydhX_2
[18:39:27] Fixed 2 duplicate /gene - hyaB_1 hyaB_2
[18:39:27] Fixed 2 duplicate /gene - cptA_1 cptA_2
[18:39:27] Fixed 2 duplicate /gene - exbB_1 exbB_2
[18:39:27] Fixed 2 duplicate /gene - uhpC_1 uhpC_2
[18:39:27] Fixed 2 duplicate /gene - dsdA_1 dsdA_2
[18:39:27] Fixed 2 duplicate /gene - norR_1 norR_2
[18:39:27] Fixed 2 duplicate /gene - papC_1 papC_2
[18:39:27] Fixed 2 duplicate /gene - cysW_1 cysW_2
[18:39:27] Fixed 3 duplicate /gene - etfB_1 etfB_2 etfB_3
[18:39:27] Fixed 2 duplicate /gene - sdaA_1 sdaA_2
[18:39:27] Fixed 3 duplicate /gene - dinB_1 dinB_2 dinB_3
[18:39:27] Fixed 4 duplicate /gene - ddrA_1 ddrA_2 ddrA_3 ddrA_4
[18:39:27] Fixed 2 duplicate /gene - treA_1 treA_2
[18:39:27] Fixed 3 duplicate /gene - yihP_1 yihP_2 yihP_3
[18:39:27] Fixed 2 duplicate /gene - lolD_1 lolD_2
[18:39:27] Fixed 2 duplicate /gene - hcaR_1 hcaR_2
[18:39:27] Fixed 2 duplicate /gene - iscA_1 iscA_2
[18:39:27] Fixed 2 duplicate /gene - clpB_1 clpB_2
[18:39:27] Fixed 2 duplicate /gene - rhtC_1 rhtC_2
[18:39:27] Fixed 2 duplicate /gene - idhA_1 idhA_2
[18:39:27] Fixed 2 duplicate /gene - deoR_1 deoR_2
[18:39:27] Fixed 5 duplicate /gene - srlR_1 srlR_2 srlR_3 srlR_4 srlR_5
[18:39:27] Fixed 3 duplicate /gene - oppF_1 oppF_2 oppF_3
[18:39:27] Fixed 2 duplicate /gene - pbpG_1 pbpG_2
[18:39:27] Fixed 3 duplicate /gene - dgoD_1 dgoD_2 dgoD_3
[18:39:27] Fixed 2 duplicate /gene - yjcC_1 yjcC_2
[18:39:27] Fixed 2 duplicate /gene - fhuA_1 fhuA_2
[18:39:27] Fixed 2 duplicate /gene - rpoN_1 rpoN_2
[18:39:27] Fixed 2 duplicate /gene - rcsA_1 rcsA_2
[18:39:27] Fixed 4 duplicate /gene - gntR_1 gntR_2 gntR_3 gntR_4
[18:39:27] Fixed 2 duplicate /gene - xylA_1 xylA_2
[18:39:27] Fixed 2 duplicate /gene - yjiE_1 yjiE_2
[18:39:27] Fixed 2 duplicate /gene - csgD_1 csgD_2
[18:39:27] Fixed 2 duplicate /gene - soxS_1 soxS_2
[18:39:27] Fixed 2 duplicate /gene - araB_1 araB_2
[18:39:27] Fixed 2 duplicate /gene - ansB_1 ansB_2
[18:39:27] Fixed 2 duplicate /gene - tolC_1 tolC_2
[18:39:27] Fixed 2 duplicate /gene - ygbE_1 ygbE_2
[18:39:27] Fixed 2 duplicate /gene - speG_1 speG_2
[18:39:27] Fixed 2 duplicate /gene - eamA_1 eamA_2
[18:39:27] Fixed 2 duplicate /gene - galS_1 galS_2
[18:39:27] Fixed 2 duplicate /gene - btr_1 btr_2
[18:39:27] Fixed 2 duplicate /gene - exsA_1 exsA_2
[18:39:27] Fixed 2 duplicate /gene - nagK_1 nagK_2
[18:39:27] Fixed 2 duplicate /gene - dnaC_1 dnaC_2
[18:39:27] Fixed 3 duplicate /gene - yhbU_1 yhbU_2 yhbU_3
[18:39:27] Fixed 2 duplicate /gene - osmY_1 osmY_2
[18:39:27] Fixed 6 duplicate /gene - fimC_1 fimC_2 fimC_3 fimC_4 fimC_5 fimC_6
[18:39:27] Fixed 2 duplicate /gene - qseF_1 qseF_2
[18:39:27] Fixed 2 duplicate /gene - hyaC_1 hyaC_2
[18:39:27] Fixed 2 duplicate /gene - gltR_1 gltR_2
[18:39:27] Fixed 2 duplicate /gene - ccmF_1 ccmF_2
[18:39:27] Fixed 2 duplicate /gene - yehR_1 yehR_2
[18:39:27] Fixed 2 duplicate /gene - artJ_1 artJ_2
[18:39:27] Fixed 5 duplicate /gene - ygdR_1 ygdR_2 ygdR_3 ygdR_4 ygdR_5
[18:39:27] Fixed 3 duplicate /gene - lexA_1 lexA_2 lexA_3
[18:39:27] Fixed 2 duplicate /gene - rob_1 rob_2
[18:39:27] Fixed 2 duplicate /gene - citD_1 citD_2
[18:39:27] Fixed 3 duplicate /gene - mdh_1 mdh_2 mdh_3
[18:39:27] Fixed 2 duplicate /gene - znuC_1 znuC_2
[18:39:27] Fixed 2 duplicate /gene - ssb_1 ssb_2
[18:39:27] Fixed 2 duplicate /gene - degS_1 degS_2
[18:39:27] Fixed 2 duplicate /gene - cysA_1 cysA_2
[18:39:27] Fixed 2 duplicate /gene - parA_1 parA_2
[18:39:27] Fixed 5 duplicate /gene - ail_1 ail_2 ail_3 ail_4 ail_5
[18:39:27] Fixed 2 duplicate /gene - narL_1 narL_2
[18:39:27] Fixed 2 duplicate /gene - kdgT_1 kdgT_2
[18:39:27] Fixed 2 duplicate /gene - pqiB_1 pqiB_2
[18:39:27] Fixed 2 duplicate /gene - sspH2_1 sspH2_2
[18:39:27] Fixed 2 duplicate /gene - lacC_1 lacC_2
[18:39:27] Fixed 2 duplicate /gene - caf1M_1 caf1M_2
[18:39:27] Fixed 2 duplicate /gene - macB_1 macB_2
[18:39:27] Fixed 2 duplicate /gene - phoC_1 phoC_2
[18:39:27] Fixed 3 duplicate /gene - etfA_1 etfA_2 etfA_3
[18:39:27] Fixed 2 duplicate /gene - fliQ_1 fliQ_2
[18:39:27] Fixed 3 duplicate /gene - sauU_1 sauU_2 sauU_3
[18:39:27] Fixed 2 duplicate /gene - mscS_1 mscS_2
[18:39:27] Fixed 4 duplicate /gene - gltC_1 gltC_2 gltC_3 gltC_4
[18:39:27] Fixed 2 duplicate /gene - nuoI_1 nuoI_2
[18:39:27] Fixed 3 duplicate /gene - folP_1 folP_2 folP_3
[18:39:27] Fixed 2 duplicate /gene - yjmD_1 yjmD_2
[18:39:27] Fixed 3 duplicate /gene - cysJ_1 cysJ_2 cysJ_3
[18:39:27] Fixed 2 duplicate /gene - sucD_1 sucD_2
[18:39:27] Fixed 2 duplicate /gene - pflA_1 pflA_2
[18:39:27] Fixed 3 duplicate /gene - lon_1 lon_2 lon_3
[18:39:27] Fixed 5 duplicate /gene - rbsK_1 rbsK_2 rbsK_3 rbsK_4 rbsK_5
[18:39:27] Fixed 2 duplicate /gene - kdgM_1 kdgM_2
[18:39:27] Fixed 2 duplicate /gene - htrB_1 htrB_2
[18:39:27] Fixed 2 duplicate /gene - sbcC_1 sbcC_2
[18:39:27] Fixed 2 duplicate /gene - mngR_1 mngR_2
[18:39:27] Fixed 2 duplicate /gene - dppA_1 dppA_2
[18:39:27] Fixed 2 duplicate /gene - rcsC_1 rcsC_2
[18:39:27] Fixed 5 duplicate /gene - assT_1 assT_2 assT_3 assT_4 assT_5
[18:39:27] Fixed 2 duplicate /gene - citC_1 citC_2
[18:39:27] Fixed 8 duplicate /gene - dmlR_1 dmlR_2 dmlR_3 dmlR_4 dmlR_5 dmlR_6 dmlR_7 dmlR_8
[18:39:27] Fixed 2 duplicate /gene - dnaK_1 dnaK_2
[18:39:27] Fixed 2 duplicate /gene - agaC_1 agaC_2
[18:39:27] Fixed 4 duplicate /gene - oxyR_1 oxyR_2 oxyR_3 oxyR_4
[18:39:27] Fixed 2 duplicate /gene - ftsK_1 ftsK_2
[18:39:27] Fixed 2 duplicate /gene - actP_1 actP_2
[18:39:27] Fixed 2 duplicate /gene - treB_1 treB_2
[18:39:27] Fixed 2 duplicate /gene - yheS_1 yheS_2
[18:39:27] Fixed 2 duplicate /gene - zraR_1 zraR_2
[18:39:27] Fixed 2 duplicate /gene - ftsA_1 ftsA_2
[18:39:27] Fixed 2 duplicate /gene - glpK_1 glpK_2
[18:39:27] Fixed 3 duplicate /gene - ybbH_1 ybbH_2 ybbH_3
[18:39:27] Fixed 2 duplicate /gene - narX_1 narX_2
[18:39:27] Fixed 2 duplicate /gene - clcD_1 clcD_2
[18:39:27] Fixed 2 duplicate /gene - fucP_1 fucP_2
[18:39:27] Fixed 2 duplicate /gene - caf1A_1 caf1A_2
[18:39:27] Fixed 2 duplicate /gene - lutR_1 lutR_2
[18:39:27] Fixed 3 duplicate /gene - ulaC_1 ulaC_2 ulaC_3
[18:39:27] Fixed 2 duplicate /gene - aaeA_1 aaeA_2
[18:39:27] Fixed 3 duplicate /gene - dmsA_1 dmsA_2 dmsA_3
[18:39:27] Fixed 2 duplicate /gene - ompN_1 ompN_2
[18:39:27] Fixed 4 duplicate /gene - corC_1 corC_2 corC_3 corC_4
[18:39:27] Fixed 2 duplicate /gene - yiaO_1 yiaO_2
[18:39:27] Fixed 2 duplicate /gene - hcpD_1 hcpD_2
[18:39:27] Fixed 3 duplicate /gene - adrB_1 adrB_2 adrB_3
[18:39:27] Fixed 2 duplicate /gene - ynaI_1 ynaI_2
[18:39:27] Fixed 2 duplicate /gene - bioD1_1 bioD1_2
[18:39:27] Fixed 2 duplicate /gene - yvoA_1 yvoA_2
[18:39:27] Fixed 2 duplicate /gene - symE_1 symE_2
[18:39:27] Fixed 3 duplicate /gene - sdcS_1 sdcS_2 sdcS_3
[18:39:27] Fixed 2 duplicate /gene - arcA_1 arcA_2
[18:39:27] Fixed 2 duplicate /gene - bssD_1 bssD_2
[18:39:27] Fixed 2 duplicate /gene - hrpB_1 hrpB_2
[18:39:27] Fixed 2 duplicate /gene - icsA_1 icsA_2
[18:39:27] Fixed 3 duplicate /gene - fabG_1 fabG_2 fabG_3
[18:39:27] Fixed 4 duplicate /gene - chuR_1 chuR_2 chuR_3 chuR_4
[18:39:27] Fixed 3 duplicate /gene - hcpC_1 hcpC_2 hcpC_3
[18:39:27] Fixed 3 duplicate /gene - yicJ_1 yicJ_2 yicJ_3
[18:39:27] Fixed 4 duplicate /gene - elfG_1 elfG_2 elfG_3 elfG_4
[18:39:27] Fixed 3 duplicate /gene - ydfH_1 ydfH_2 ydfH_3
[18:39:27] Fixed 2 duplicate /gene - yiaM_1 yiaM_2
[18:39:27] Fixed 2 duplicate /gene - gntT_1 gntT_2
[18:39:27] Fixed 2 duplicate /gene - araC_1 araC_2
[18:39:27] Fixed 4 duplicate /gene - dmsC_1 dmsC_2 dmsC_3 dmsC_4
[18:39:27] Fixed 2 duplicate /gene - artM_1 artM_2
[18:39:27] Fixed 2 duplicate /gene - leuO_1 leuO_2
[18:39:27] Fixed 3 duplicate /gene - hybD_1 hybD_2 hybD_3
[18:39:27] Fixed 2 duplicate /gene - yfkN_1 yfkN_2
[18:39:27] Fixed 2 duplicate /gene - dsbD_1 dsbD_2
[18:39:27] Fixed 2 duplicate /gene - patA_1 patA_2
[18:39:27] Fixed 4 duplicate /gene - tabA_1 tabA_2 tabA_3 tabA_4
[18:39:27] Fixed 2 duplicate /gene - acpP_1 acpP_2
[18:39:27] Fixed 2 duplicate /gene - kefC_1 kefC_2
[18:39:27] Fixed 2 duplicate /gene - selA_1 selA_2
[18:39:27] Fixed 2 duplicate /gene - por_1 por_2
[18:39:27] Fixed 2 duplicate /gene - pepD_1 pepD_2
[18:39:27] Fixed 2 duplicate /gene - ascD_1 ascD_2
[18:39:27] Fixed 2 duplicate /gene - yjaB_1 yjaB_2
[18:39:27] Fixed 3 duplicate /gene - citG_1 citG_2 citG_3
[18:39:27] Fixed 3 duplicate /gene - ynfM_1 ynfM_2 ynfM_3
[18:39:27] Fixed 3 duplicate /gene - yecS_1 yecS_2 yecS_3
[18:39:27] Fixed 3 duplicate /gene - ubiG_1 ubiG_2 ubiG_3
[18:39:27] Fixed 3 duplicate /gene - siaT_1 siaT_2 siaT_3
[18:39:27] Fixed 370 colliding /gene names.
[18:39:27] Adding /locus_tag identifiers
[18:39:27] Assigned 4736 locus_tags to CDS and RNA features.
[18:39:27] Writing outputs to results/prokka/STM/
[18:39:44] Generating annotation statistics file
[18:39:44] Generating Genbank and Sequin files
[18:39:44] Running: tbl2asn -V b -a r10k -l paired-ends -M n -N 1 -y 'Annotated using prokka 1.11 from http://www.vicbioinformatics.com' -Z results\/prokka\/STM\/STM_03142017\.err -i results\/prokka\/STM\/STM_03142017\.fsa 2> /dev/null
[18:40:07] Could not run command: tbl2asn -V b -a r10k -l paired-ends -M n -N 1 -y 'Annotated using prokka 1.11 from http://www.vicbioinformatics.com' -Z results\/prokka\/STM\/STM_03142017\.err -i results\/prokka\/STM\/STM_03142017\.fsa 2> /dev/null
