[17:15:19] Command: --outdir results/prokka/BW25113 --locustag BW25113 --genus Escherichia --species coli --kingdom Bacteria --gram neg /home/fatemeh/EnTrI/data/fasta-genome/chromosome/BW25113.fa --force
[17:15:19] Looking for 'aragorn' - found /usr/bin/aragorn
[17:15:19] Determined aragorn version is 1.2
[17:15:19] Looking for 'blastp' - found /usr/bin/blastp
[17:15:19] Determined blastp version is 2.2
[17:15:19] Looking for 'cmpress' - found /usr/local/bin/cmpress
[17:15:19] Determined cmpress version is 1.1
[17:15:19] Looking for 'cmscan' - found /usr/local/bin/cmscan
[17:15:19] Determined cmscan version is 1.1
[17:15:19] Looking for 'egrep' - found /bin/egrep
[17:15:19] Looking for 'find' - found /usr/bin/find
[17:15:19] Looking for 'grep' - found /bin/grep
[17:15:19] Looking for 'hmmpress' - found /usr/local/bin/hmmpress
[17:15:19] Determined hmmpress version is 3.1
[17:15:19] Looking for 'hmmscan' - found /usr/local/bin/hmmscan
[17:15:19] Determined hmmscan version is 3.1
[17:15:19] Looking for 'less' - found /usr/bin/less
[17:15:19] Looking for 'makeblastdb' - found /usr/bin/makeblastdb
[17:15:19] Determined makeblastdb version is 2.2
[17:15:19] Looking for 'minced' - found /home/fatemeh/program-bank/prokka-1.11/bin/../binaries/linux/../common/minced
[17:15:19] Determined minced version is 1.6
[17:15:19] Looking for 'parallel' - found /usr/bin/parallel
[17:15:19] Determined parallel version is 20130922
[17:15:19] Looking for 'prodigal' - found /usr/bin/prodigal
[17:15:19] Determined prodigal version is 2.6
[17:15:19] Looking for 'prokka-genbank_to_fasta_db' - found /home/fatemeh/program-bank/prokka-1.11/bin/prokka-genbank_to_fasta_db
[17:15:19] Looking for 'sed' - found /bin/sed
[17:15:19] Looking for 'signalp' - found /home/fatemeh/program-bank/signalp
[17:15:20] Determined signalp version is 4.1
[17:15:20] Looking for 'tbl2asn' - found /home/fatemeh/program-bank/tbl2asn
[17:15:20] Determined tbl2asn version is 23.9
[17:15:20] Using genetic code table 11.
[17:15:20] Loading and checking input file: /home/fatemeh/EnTrI/data/fasta-genome/chromosome/BW25113.fa
[17:15:20] Wrote 1 contigs
[17:15:20] Predicting tRNAs and tmRNAs
[17:15:20] Running: aragorn -gc11  -w results\/prokka\/BW25113\/BW25113_03142017\.fna
[17:15:22] 1 tRNA-Ile [221868,221944] 35 (gat)
[17:15:22] 2 tRNA-Ala [221987,222062] 34 (tgc)
[17:15:22] 3 tRNA-Asp [225415,225491] 35 (gtc)
[17:15:22] 4 tRNA-Asp [233418,233494] 35 (gtc)
[17:15:22] 5 tRNA-Thr [258582,258657] 34 (cgt)
[17:15:22] 6 tRNA-Ser [341045,341125] 38 (gga)
[17:15:22] 7 tRNA-Arg [560179,560255] 35 (tct)
[17:15:22] 8 tRNA-Gln c[691886,691960] 33 (ctg)
[17:15:22] 9 tRNA-Gln c[691998,692072] 33 (ctg)
[17:15:22] 10 tRNA-Met c[692120,692196] 35 (cat)
[17:15:22] 11 tRNA-Gln c[692212,692286] 33 (ttg)
[17:15:22] 12 tRNA-Gln c[692321,692395] 33 (ttg)
[17:15:22] 13 tRNA-Leu c[692419,692503] 35 (tag)
[17:15:22] 14 tRNA-Met c[692513,692589] 35 (cat)
[17:15:22] 15 tRNA-Lys [776010,776085] 34 (ttt)
[17:15:22] 16 tRNA-Val [776221,776296] 34 (tac)
[17:15:22] 17 tRNA-Lys [776299,776374] 34 (ttt)
[17:15:22] 18 tRNA-Val [776524,776599] 34 (tac)
[17:15:22] 19 tRNA-Lys [776603,776678] 34 (ttt)
[17:15:22] 20 tRNA-Lys [776825,776900] 34 (ttt)
[17:15:22] 21 tRNA-Lys [777033,777108] 34 (ttt)
[17:15:22] 22 tRNA-Ser c[921340,921427] 35 (gga)
[17:15:22] 23 tRNA-Ser c[1027081,1027168] 35 (tga)
[17:15:22] 24 tRNA-Ser c[1093021,1093108] 35 (gga)
[17:15:22] 25 tRNA-Tyr c[1282700,1282784] 35 (gta)
[17:15:22] 26 tRNA-Tyr c[1282994,1283078] 35 (gta)
[17:15:22] 27 tRNA-Val [1740692,1740768] 35 (gac)
[17:15:22] 28 tRNA-Val [1740773,1740849] 35 (gac)
[17:15:22] 29 tRNA-Leu c[1985296,1985382] 35 (taa)
[17:15:22] 30 tRNA-Cys c[1985395,1985468] 33 (gca)
[17:15:22] 31 tRNA-Gly c[1985523,1985598] 34 (gcc)
[17:15:22] 32 tRNA-Ser c[2036949,2037038] 35 (cga)
[17:15:22] 33 tRNA-Asn [2038030,2038105] 34 (gtt)
[17:15:22] 34 tRNA-Asn c[2051508,2051583] 34 (gtt)
[17:15:22] 35 tRNA-Asn [2053332,2053407] 34 (gtt)
[17:15:22] 36 tRNA-Asn [2055741,2055816] 34 (gtt)
[17:15:22] 37 tRNA-Pro [2279690,2279766] 35 (ggg)
[17:15:22] 38 tRNA-Arg [2459788,2459862] 34 (cct)
[17:15:22] 39 tRNA-Ala c[2511520,2511595] 34 (ggc)
[17:15:22] 40 tRNA-Ala c[2511635,2511710] 34 (ggc)
[17:15:22] 41 tRNA-Val [2514410,2514485] 34 (tac)
[17:15:22] 42 tRNA-Val [2514532,2514607] 34 (tac)
[17:15:22] 43 tRNA-Lys [2514612,2514687] 34 (ttt)
[17:15:22] 44 tRNA-Glu c[2722728,2722803] 35 (ttc)
[17:15:22] 45 tmRNA [2748952,2749314] 90,125 ANDENYALAA**
[17:15:22] 46 tRNA-Met c[2779121,2779196] 34 (cat)
[17:15:22] 47 tRNA-Arg c[2811143,2811219] 35 (acg)
[17:15:22] 48 tRNA-Arg c[2811418,2811494] 35 (acg)
[17:15:22] 49 tRNA-Arg c[2811557,2811633] 35 (acg)
[17:15:22] 50 tRNA-Arg [2811817,2811888] 34 (tcg)
[17:15:22] 51 tRNA-Arg c[2811832,2811908] 35 (acg)
[17:15:22] 52 tRNA-Ser c[2811912,2812004] 35 (gct)
[17:15:22] 53 tRNA-Met [2940746,2940822] 35 (cat)
[17:15:22] 54 tRNA-Met [2940856,2940932] 35 (cat)
[17:15:22] 55 tRNA-Met [2940966,2941042] 35 (cat)
[17:15:22] 56 tRNA-Gly c[2992343,2992416] 33 (ccc)
[17:15:22] 57 tRNA-Phe [3103725,3103800] 34 (gaa)
[17:15:22] 58 tRNA-Met [3208957,3209032] 34 (cat)
[17:15:22] 59 tRNA-Met c[3311572,3311648] 35 (cat)
[17:15:22] 60 tRNA-Leu c[3315431,3315517] 35 (gag)
[17:15:22] 61 tRNA-Thr c[3416939,3417014] 34 (ggt)
[17:15:22] 62 tRNA-Ala c[3420317,3420392] 34 (tgc)
[17:15:22] 63 tRNA-Ile c[3420435,3420511] 35 (gat)
[17:15:22] 64 tRNA-Pro c[3701976,3702052] 35 (cgg)
[17:15:22] 65 tRNA-seC [3829582,3829676] 35 (tca)
[17:15:22] 66 tRNA-Glu [3936795,3936870] 35 (ttc)
[17:15:22] 67 tRNA-Asp [3940232,3940308] 35 (gtc)
[17:15:22] 68 tRNA-Trp [3940317,3940392] 34 (cca)
[17:15:22] 69 tRNA-Arg [3975735,3975811] 35 (ccg)
[17:15:22] 70 tRNA-His [3975870,3975945] 34 (gtg)
[17:15:22] 71 tRNA-Ser [3975966,3976052] 35 (cag)
[17:15:22] 72 tRNA-Pro [3976095,3976171] 35 (tgg)
[17:15:22] 73 tRNA-Ile [4030501,4030577] 35 (gat)
[17:15:22] 74 tRNA-Ala [4030620,4030695] 34 (tgc)
[17:15:22] 75 tRNA-Glu [4158300,4158375] 35 (ttc)
[17:15:22] 76 tRNA-Thr [4165316,4165391] 34 (tgt)
[17:15:22] 77 tRNA-Tyr [4165400,4165484] 35 (gta)
[17:15:22] 78 tRNA-Gly [4165601,4165675] 34 (tcc)
[17:15:22] 79 tRNA-Thr [4165682,4165757] 34 (ggt)
[17:15:22] 80 tRNA-Glu [4199702,4199777] 35 (ttc)
[17:15:22] 81 tRNA-Phe c[4352368,4352443] 34 (gaa)
[17:15:22] 82 tRNA-Gly [4382177,4382252] 34 (gcc)
[17:15:22] 83 tRNA-Gly [4382289,4382364] 34 (gcc)
[17:15:22] 84 tRNA-Gly [4382400,4382475] 34 (gcc)
[17:15:22] 85 tRNA-Leu [4486222,4486306] 35 (caa)
[17:15:22] 86 tRNA-Ser c[4595896,4595982] 35 (cag)
[17:15:22] 87 tRNA-Ser c[4596017,4596103] 35 (cag)
[17:15:22] 88 tRNA-Ser c[4596132,4596218] 35 (cag)
[17:15:22] Found 88 tRNAs
[17:15:22] Predicting Ribosomal RNAs
[17:15:22] You need either Barrnap or RNAmmer installed to predict rRNAs!
[17:15:22] Skipping ncRNA search, enable with --rfam if desired.
[17:15:22] Total of 87 tRNA + rRNA features
[17:15:22] Searching for CRISPR repeats
[17:15:22] CRISPR1 CP009273.1 2871060 with 13 spacers
[17:15:22] CRISPR2 CP009273.1 2897373 with 7 spacers
[17:15:22] Found 2 CRISPRs
[17:15:22] Predicting coding sequences
[17:15:22] Contigs total 4631469 bp, so using single mode
[17:15:22] Running: prodigal -i results\/prokka\/BW25113\/BW25113_03142017\.fna -c -m -g 11 -p single -f sco -q
[17:15:32] Excluding CDS which overlaps existing RNA (tRNA) at CP009273.1:1282521..1283087 on + strand
[17:15:34] Excluding CDS which overlaps existing RNA (tRNA) at CP009273.1:2811282..2811752 on + strand
[17:15:35] Excluding CDS which overlaps existing RNA (tRNA) at CP009273.1:3416862..3417185 on + strand
[17:15:36] Found 4310 CDS
[17:15:36] Connecting features back to sequences
[17:15:36] Looking for signal peptides at start of predicted proteins
[17:15:36] Treating Bacteria as gram-
[17:15:40] Running: signalp -t gram- -f short  results\/prokka\/BW25113\/signalp\.faa 2> /dev/null
[17:18:35] Found 418 signal peptides
[17:18:35] Deleting unwanted file: results/prokka/BW25113/signalp.faa
[17:18:35] Not using genus-specific database. Try --usegenus to enable it.
[17:18:35] Annotating CDS, please be patient.
[17:18:35] Will use 4 CPUs for similarity searching.
[17:18:41] There are still 4310 unannotated CDS left (started with 4310)
[17:18:41] Will use blast to search against /home/fatemeh/program-bank/prokka-1.11/bin/../db/kingdom/Bacteria/sprot with 4 CPUs
[17:18:41] Running: cat results\/prokka\/BW25113\/sprot\.faa | parallel --gnu --plain -j 4 --block 172302 --recstart '>' --pipe blastp -query - -db /home/fatemeh/program-bank/prokka-1.11/bin/../db/kingdom/Bacteria/sprot -evalue 1e-06 -num_threads 1 -num_descriptions 1 -num_alignments 1 -seg no > results\/prokka\/BW25113\/sprot\.blast 2> /dev/null
[17:23:22] Modify product: Probable autotransporter ROD_p1121 precursor => putative autotransporter precursor
[17:23:22] Modify product: Uncharacterized ferredoxin-like protein YdhX precursor => putative ferredoxin-like protein YdhX precursor
[17:23:22] Modify product: Uncharacterized oxidoreductase YdhV => putative oxidoreductase YdhV
[17:23:22] Modify product: Uncharacterized ferredoxin-like protein YdhY => putative ferredoxin-like protein YdhY
[17:23:22] Modify product: Probable L,D-transpeptidase YnhG precursor => putative L,D-transpeptidase YnhG precursor
[17:23:22] Modify product: Probable ATP-dependent transporter SufC => putative ATP-dependent transporter SufC
[17:23:22] Modify product: Uncharacterized FAD-linked oxidoreductase Rv2280 => putative FAD-linked oxidoreductase
[17:23:22] Modify product: Uncharacterized sugar kinase YdjH => putative sugar kinase YdjH
[17:23:22] Modify product: Probable fructose-bisphosphate aldolase => putative fructose-bisphosphate aldolase
[17:23:22] Modify product: Stress response UPF0229 protein YhbH => hypothetical protein
[17:23:22] Modify product: Probable diguanylate cyclase YeaP => putative diguanylate cyclase YeaP
[17:23:22] Modify product: Probable S-adenosyl-L-methionine-dependent methyltransferase TehB => putative S-adenosyl-L-methionine-dependent methyltransferase TehB
[17:23:22] Modify product: Probable ATP-dependent helicase DinG => putative ATP-dependent helicase DinG
[17:23:22] Modify product: Probable manganese efflux pump MntP => putative manganese efflux pump MntP
[17:23:22] Modify product: Uncharacterized HTH-type transcriptional regulator YbbH => putative HTH-type transcriptional regulator YbbH
[17:23:22] Modify product: Probable transcriptional regulatory protein YebC => putative transcriptional regulatory protein YebC
[17:23:23] Modify product: Uncharacterized N-acetyltransferase YsnE => putative N-acetyltransferase YsnE
[17:23:23] Modify product: Probable diguanylate cyclase YedQ => putative diguanylate cyclase YedQ
[17:23:23] Modify product: Uncharacterized inner membrane transporter YedA => putative inner membrane transporter YedA
[17:23:23] Modify product: Probable sensor-like histidine kinase YedV => putative sensor-like histidine kinase YedV
[17:23:23] Modify product: Probable transcriptional regulatory protein YedW => putative transcriptional regulatory protein YedW
[17:23:23] Modify product: Cytochrome b561 homolog 1 => hypothetical protein
[17:23:23] Modify product: Probable transcriptional regulatory protein YeeN => putative transcriptional regulatory protein YeeN
[17:23:23] Modify product: Probable L,D-transpeptidase ErfK/SrfK precursor => putative L,D-transpeptidase ErfK/SrfK precursor
[17:23:23] Modify product: PGL/p-HBAD biosynthesis glycosyltransferase Rv2957/MT3031 => PGL/p-HBAD biosynthesis glycosyltransferase/MT3031
[17:23:23] Modify product: Probable diguanylate cyclase YegE => putative diguanylate cyclase YegE
[17:23:23] Modify product: Uncharacterized protease YhbU precursor => putative protease YhbU precursor
[17:23:23] Modify product: Uncharacterized HTH-type transcriptional regulator YegW => putative HTH-type transcriptional regulator YegW
[17:23:23] Modify product: Uncharacterized lipoprotein YehR precursor => putative lipoprotein YehR precursor
[17:23:23] Modify product: Probable autotransporter ROD_p1121 precursor => putative autotransporter precursor
[17:23:23] Modify product: Probable siderophore transport system ATP-binding protein YusV => putative siderophore transport system ATP-binding protein YusV
[17:23:23] Modify product: Uncharacterized HTH-type transcriptional regulator YbdO => putative HTH-type transcriptional regulator YbdO
[17:23:23] Modify product: Uncharacterized HTH-type transcriptional regulator YbdO => putative HTH-type transcriptional regulator YbdO
[17:23:23] Modify product: Probable glutamine ABC transporter permease protein GlnM => putative glutamine ABC transporter permease protein GlnM
[17:23:23] Modify product: Uncharacterized lipoprotein ChiQ precursor => putative lipoprotein ChiQ precursor
[17:23:23] Modify product: Probable deoxyribonuclease RhsB => putative deoxyribonuclease RhsB
[17:23:24] Modify product: Uncharacterized ABC transporter ATP-binding protein YlmA => putative ABC transporter ATP-binding protein YlmA
[17:23:24] Modify product: Uncharacterized ABC transporter ATP-binding protein YbhF => putative ABC transporter ATP-binding protein YbhF
[17:23:24] Modify product: Probable ATP-dependent helicase DinG => putative ATP-dependent helicase DinG
[17:23:24] Modify product: Uncharacterized oxidoreductase YbiC => putative oxidoreductase YbiC
[17:23:24] Modify product: PKHD-type hydroxylase Sbal_3634 => PKHD-type hydroxylase
[17:23:24] Modify product: Probable L,D-transpeptidase YbiS precursor => putative L,D-transpeptidase YbiS precursor
[17:23:24] Modify product: Uncharacterized ABC transporter ATP-binding protein YheS => putative ABC transporter ATP-binding protein YheS
[17:23:24] Modify product: Uncharacterized lipoprotein YbjP precursor => putative lipoprotein YbjP precursor
[17:23:24] Modify product: Uncharacterized MFS-type transporter YcaD => putative MFS-type transporter YcaD
[17:23:24] Modify product: Probable formate transporter 1 => putative formate transporter 1
[17:23:24] Modify product: Probable metallo-hydrolase M6_Spy0554 => putative metallo-hydrolase
[17:23:24] Modify product: Probable fimbrial chaperone protein ElfD precursor => putative fimbrial chaperone protein ElfD precursor
[17:23:24] Modify product: Probable outer membrane usher protein ElfC precursor => putative outer membrane usher protein ElfC precursor
[17:23:24] Modify product: Uncharacterized fimbrial-like protein ElfG precursor => putative fimbrial-like protein ElfG precursor
[17:23:24] Modify product: Uncharacterized fimbrial-like protein YcbU precursor => putative fimbrial-like protein YcbU precursor
[17:23:24] Modify product: Uncharacterized fimbrial-like protein YcbV precursor => putative fimbrial-like protein YcbV precursor
[17:23:24] Modify product: Uncharacterized fimbrial chaperone YcbF precursor => putative fimbrial chaperone YcbF precursor
[17:23:24] Modify product: Probable Ni/Fe-hydrogenase 1 B-type cytochrome subunit => putative Ni/Fe-hydrogenase 1 B-type cytochrome subunit
[17:23:24] Modify product: Uncharacterized lipoprotein GfcB precursor => putative lipoprotein GfcB precursor
[17:23:24] Modify product: Probable malonic semialdehyde reductase RutE => putative malonic semialdehyde reductase RutE
[17:23:24] Modify product: Probable diguanylate cyclase YcdT => putative diguanylate cyclase YcdT
[17:23:24] Modify product: Probable phosphatase YcdX => putative phosphatase YcdX
[17:23:24] Modify product: Probable adenylyltransferase/sulfurtransferase MoeZ => putative adenylyltransferase/sulfurtransferase MoeZ
[17:23:24] Modify product: Cytochrome b561 homolog 2 => hypothetical protein
[17:23:24] Modify product: Uncharacterized lipoprotein YceB precursor => putative lipoprotein YceB precursor
[17:23:24] Modify product: Probable peptidoglycan biosynthesis protein MurJ => putative peptidoglycan biosynthesis protein MurJ
[17:23:25] Modify product: Uncharacterized metallophosphoesterase Cj0846 => putative metallophosphoesterase
[17:23:25] Modify product: Probable tRNA (adenine(37)-N6)-methyltransferase => putative tRNA (adenine(37)-N6)-methyltransferase
[17:23:25] Modify product: Uncharacterized methyltransferase YcgJ => putative methyltransferase YcgJ
[17:23:25] Modify product: Probable endopeptidase YafL precursor => putative endopeptidase YafL precursor
[17:23:25] Modify product: Uncharacterized N-acetyltransferase YafP => putative N-acetyltransferase YafP
[17:23:25] Modify product: Probable 2-keto-3-deoxy-galactonate aldolase YagE => putative 2-keto-3-deoxy-galactonate aldolase YagE
[17:23:25] Modify product: Fimbrillin MatB homolog precursor => hypothetical protein
[17:23:25] Modify product: Uncharacterized membrane protein YkgR => putative membrane protein YkgR
[17:23:25] Modify product: Uncharacterized transporter YycB => putative transporter YycB
[17:23:25] Modify product: Probable diguanylate cyclase AdrA => putative diguanylate cyclase AdrA
[17:23:25] Modify product: Uncharacterized lipoprotein YajI precursor => putative lipoprotein YajI precursor
[17:23:25] Modify product: Probable multidrug resistance ABC transporter ATP-binding/permease protein YheI => putative multidrug resistance ABC transporter ATP-binding/permease protein YheI
[17:23:25] Modify product: Uncharacterized membrane protein YjcC => putative membrane protein YjcC
[17:23:25] Modify product: Uncharacterized HTH-type transcriptional regulator YbaQ => putative HTH-type transcriptional regulator YbaQ
[17:23:25] Modify product: Uncharacterized ABC transporter ATP-binding protein YbbL => putative ABC transporter ATP-binding protein YbbL
[17:23:25] Modify product: Probable deoxyribonuclease RhsA => putative deoxyribonuclease RhsA
[17:23:25] Modify product: Bifunctional protein FolD => Bifunctional protein FolD protein
[17:23:25] Modify product: Uncharacterized fimbrial-like protein ElfG precursor => putative fimbrial-like protein ElfG precursor
[17:23:25] Modify product: Uncharacterized deoxyribonuclease YcfH => putative deoxyribonuclease YcfH
[17:23:25] Modify product: Probable L,D-transpeptidase YcfS precursor => putative L,D-transpeptidase YcfS precursor
[17:23:25] Modify product: Probable two-component-system connector protein YcgZ => putative two-component-system connector protein YcgZ
[17:23:25] Modify product: Probable two-component-system connector protein AriR => putative two-component-system connector protein AriR
[17:23:25] Modify product: Probable autotransporter ROD_p1121 precursor => putative autotransporter precursor
[17:23:26] Modify product: Uncharacterized acyl-CoA thioester hydrolase HI_0827 => putative acyl-CoA thioester hydrolase
[17:23:26] Modify product: Probable intracellular septation protein A => putative intracellular septation protein A
[17:23:26] Modify product: Uncharacterized oxidoreductase YciK => putative oxidoreductase YciK
[17:23:26] Modify product: Probable protease SohB => putative protease SohB
[17:23:26] Modify product: Probable D,D-dipeptide transport ATP-binding protein DdpD => putative D,D-dipeptide transport ATP-binding protein DdpD
[17:23:26] Modify product: Uncharacterized oxidoreductase YcjS => putative oxidoreductase YcjS
[17:23:26] Modify product: Probable DNA endonuclease SmrA => putative DNA endonuclease SmrA
[17:23:26] Modify product: Probable diguanylate cyclase YdaM => putative diguanylate cyclase YdaM
[17:23:26] Modify product: Uncharacterized protease YhbU precursor => putative protease YhbU precursor
[17:23:26] Modify product: Probable mRNA interferase HicA => putative mRNA interferase HicA
[17:23:26] Modify product: Uncharacterized HTH-type transcriptional regulator YdcR => putative HTH-type transcriptional regulator YdcR
[17:23:26] Modify product: Uncharacterized isomerase YddE => putative isomerase YddE
[17:23:26] Modify product: Probable nitrate reductase molybdenum cofactor assembly chaperone NarW => putative nitrate reductase molybdenum cofactor assembly chaperone NarW
[17:23:26] Modify product: Uncharacterized HTH-type transcriptional regulator YddM => putative HTH-type transcriptional regulator YddM
[17:23:26] Modify product: Probable D,D-dipeptide transport ATP-binding protein DdpF => putative D,D-dipeptide transport ATP-binding protein DdpF
[17:23:26] Modify product: Probable D,D-dipeptide transport ATP-binding protein DdpD => putative D,D-dipeptide transport ATP-binding protein DdpD
[17:23:26] Modify product: Probable D,D-dipeptide transport system permease protein DdpC => putative D,D-dipeptide transport system permease protein DdpC
[17:23:26] Modify product: Probable D,D-dipeptide transport system permease protein DdpB => putative D,D-dipeptide transport system permease protein DdpB
[17:23:26] Modify product: Probable D,D-dipeptide-binding periplasmic protein DdpA precursor => putative D,D-dipeptide-binding periplasmic protein DdpA precursor
[17:23:26] Modify product: Probable glutamate/gamma-aminobutyrate antiporter => putative glutamate/gamma-aminobutyrate antiporter
[17:23:26] Modify product: Anaerobic sulfatase-maturating enzyme homolog YdeM => hypothetical protein
[17:23:26] Modify product: Uncharacterized aldolase LsrF => putative aldolase LsrF
[17:23:26] Modify product: Probable diguanylate cyclase YedQ => putative diguanylate cyclase YedQ
[17:23:26] Modify product: Probable amino-acid metabolite efflux pump => putative amino-acid metabolite efflux pump
[17:23:26] Modify product: Uncharacterized HTH-type transcriptional regulator YdfH => putative HTH-type transcriptional regulator YdfH
[17:23:26] Modify product: Uncharacterized zinc-type alcohol dehydrogenase-like protein YjmD => putative zinc-type alcohol dehydrogenase-like protein YjmD
[17:23:26] Modify product: Probable dimethyl sulfoxide reductase chain YnfF precursor => putative dimethyl sulfoxide reductase chain YnfF precursor
[17:23:26] Modify product: DNA replication terminus site-binding protein => hypothetical protein
[17:23:26] Modify product: Glucuronide carrier protein homolog => hypothetical protein
[17:23:26] Modify product: Uncharacterized oxidoreductase YdgJ => putative oxidoreductase YdgJ
[17:23:26] Modify product: Uncharacterized FAD-linked oxidoreductase Rv2280 => putative FAD-linked oxidoreductase
[17:23:26] Modify product: Probable glucarate transporter => putative glucarate transporter
[17:23:26] Modify product: Uncharacterized lipoprotein YgdR precursor => putative lipoprotein YgdR precursor
[17:23:27] Modify product: Uncharacterized lipoprotein YgdR precursor => putative lipoprotein YgdR precursor
[17:23:27] Modify product: Probable xanthine dehydrogenase subunit A => putative xanthine dehydrogenase subunit A
[17:23:27] Modify product: Probable GTPase ArgK => putative GTPase ArgK
[17:23:27] Modify product: Probable Fe(2+)-trafficking protein => putative Fe(2+)-trafficking protein
[17:23:27] Modify product: Uncharacterized membrane protein YdfK => putative membrane protein YdfK
[17:23:27] Modify product: Uncharacterized FAD-linked oxidoreductase Rv2280 => putative FAD-linked oxidoreductase
[17:23:27] Modify product: Uncharacterized FAD-linked oxidoreductase Rv2280 => putative FAD-linked oxidoreductase
[17:23:27] Modify product: Probable Ni/Fe-hydrogenase 2 b-type cytochrome subunit => putative Ni/Fe-hydrogenase 2 b-type cytochrome subunit
[17:23:27] Modify product: Uncharacterized oxidoreductase YghA => putative oxidoreductase YghA
[17:23:27] Modify product: Probable quinol monooxygenase YgiN => putative quinol monooxygenase YgiN
[17:23:27] Modify product: Probable glycerol-3-phosphate acyltransferase => putative glycerol-3-phosphate acyltransferase
[17:23:27] Modify product: Probable galactarate transporter => putative galactarate transporter
[17:23:27] Modify product: Probable outer membrane usher protein ElfC precursor => putative outer membrane usher protein ElfC precursor
[17:23:27] Modify product: Uncharacterized fimbrial-like protein ElfG precursor => putative fimbrial-like protein ElfG precursor
[17:23:27] Modify product: Uncharacterized protease YhbU precursor => putative protease YhbU precursor
[17:23:27] Modify product: Transcription termination/antitermination protein NusA => hypothetical protein
[17:23:27] Modify product: Uncharacterized inner membrane transporter YhbE => putative inner membrane transporter YhbE
[17:23:27] Modify product: Probable phospholipid ABC transporter-binding protein MlaB => putative phospholipid ABC transporter-binding protein MlaB
[17:23:27] Modify product: Probable phospholipid-binding protein MlaC precursor => putative phospholipid-binding protein MlaC precursor
[17:23:27] Modify product: Probable phospholipid ABC transporter-binding protein MlaD => putative phospholipid ABC transporter-binding protein MlaD
[17:23:27] Modify product: Probable phospholipid ABC transporter permease protein MlaE => putative phospholipid ABC transporter permease protein MlaE
[17:23:27] Modify product: Probable phospholipid import ATP-binding protein MlaF => putative phospholipid import ATP-binding protein MlaF
[17:23:27] Modify product: Probable acrylyl-CoA reductase AcuI => putative acrylyl-CoA reductase AcuI
[17:23:27] Modify product: Probable acrEF/envCD operon repressor => putative acrEF/envCD operon repressor
[17:23:27] Modify product: Probable glutamine ABC transporter permease protein GlnM => putative glutamine ABC transporter permease protein GlnM
[17:23:28] Modify product: Uncharacterized tRNA/rRNA methyltransferase HI_0380 => putative tRNA/rRNA methyltransferase
[17:23:28] Modify product: Probable bifunctional chitinase/lysozyme precursor => putative bifunctional chitinase/lysozyme precursor
[17:23:28] Modify product: Uncharacterized ABC transporter ATP-binding protein YheS => putative ABC transporter ATP-binding protein YheS
[17:23:28] Modify product: Probable adenosine monophosphate-protein transferase fic => putative adenosine monophosphate-protein transferase fic
[17:23:28] Modify product: Phosphotriesterase homology protein => hypothetical protein
[17:23:28] Modify product: Putative membrane protein IgaA homolog => hypothetical protein
[17:23:28] Modify product: Uncharacterized oxidoreductase YhhX => putative oxidoreductase YhhX
[17:23:28] Modify product: Uncharacterized ABC transporter ATP-binding protein YbhF => putative ABC transporter ATP-binding protein YbhF
[17:23:28] Modify product: Probable multidrug resistance protein EmrK => putative multidrug resistance protein EmrK
[17:23:28] Modify product: Uncharacterized MFS-type transporter YhjX => putative MFS-type transporter YhjX
[17:23:28] Modify product: Uncharacterized N-acetyltransferase YjaB => putative N-acetyltransferase YjaB
[17:23:28] Modify product: Probable lipoprotein YiaD precursor => putative lipoprotein YiaD precursor
[17:23:28] Modify product: Uncharacterized GST-like protein YibF => putative GST-like protein YibF
[17:23:28] Modify product: Probable deoxyribonuclease RhsB => putative deoxyribonuclease RhsB
[17:23:28] Modify product: Uncharacterized glycosyltransferase EpsJ => putative glycosyltransferase EpsJ
[17:23:28] Modify product: Probable poly(glycerol-phosphate) alpha-glucosyltransferase => putative poly(glycerol-phosphate) alpha-glucosyltransferase
[17:23:28] Modify product: Uncharacterized inner membrane transporter YicL => putative inner membrane transporter YicL
[17:23:29] Modify product: Uncharacterized symporter YidK => putative symporter YidK
[17:23:29] Modify product: Uncharacterized HTH-type transcriptional regulator YidP => putative HTH-type transcriptional regulator YidP
[17:23:29] Modify product: Probable adenine permease PurP => putative adenine permease PurP
[17:23:29] Modify product: Probable transport protein HsrA => putative transport protein HsrA
[17:23:29] Modify product: Transcription termination factor Rho => hypothetical protein
[17:23:29] Modify product: Probable transport protein YifK => putative transport protein YifK
[17:23:29] Modify product: Probable protein kinase UbiB => putative protein kinase UbiB
[17:23:29] Modify product: Uncharacterized HTH-type transcriptional regulator RhmR => putative HTH-type transcriptional regulator RhmR
[17:23:29] Modify product: Probable 4-deoxy-4-formamido-L-arabinose-phosphoundecaprenol deformylase ArnD => putative 4-deoxy-4-formamido-L-arabinose-phosphoundecaprenol deformylase ArnD
[17:23:29] Modify product: Probable 4-amino-4-deoxy-L-arabinose-phosphoundecaprenol flippase subunit ArnE => putative 4-amino-4-deoxy-L-arabinose-phosphoundecaprenol flippase subunit ArnE
[17:23:29] Modify product: Probable 4-amino-4-deoxy-L-arabinose-phosphoundecaprenol flippase subunit ArnF => putative 4-amino-4-deoxy-L-arabinose-phosphoundecaprenol flippase subunit ArnF
[17:23:29] Modify product: Uncharacterized Nudix hydrolase YfcD => putative Nudix hydrolase YfcD
[17:23:29] Modify product: Epimerase family protein SA0724 => Epimerase family protein
[17:23:29] Modify product: Probable galactarate transporter => putative galactarate transporter
[17:23:29] Modify product: Probable phospholipid-binding lipoprotein MlaA precursor => putative phospholipid-binding lipoprotein MlaA precursor
[17:23:29] Modify product: Bactoprenol glucosyl transferase homolog from prophage CPS-53 => hypothetical protein
[17:23:29] Modify product: Probable multidrug resistance protein EmrY => putative multidrug resistance protein EmrY
[17:23:29] Modify product: Probable multidrug resistance protein EmrK => putative multidrug resistance protein EmrK
[17:23:29] Modify product: Probable oxalyl-CoA decarboxylase => putative oxalyl-CoA decarboxylase
[17:23:29] Modify product: Uncharacterized peptidase SA1530 => putative peptidase
[17:23:30] Modify product: Probable deferrochelatase/peroxidase YfeX => putative deferrochelatase/peroxidase YfeX
[17:23:30] Modify product: Probable formate transporter 1 => putative formate transporter 1
[17:23:30] Modify product: Probable 3-phenylpropionic acid transporter => putative 3-phenylpropionic acid transporter
[17:23:30] Modify product: Uncharacterized ferredoxin-like protein YfhL => putative ferredoxin-like protein YfhL
[17:23:30] Modify product: Probable diguanylate cyclase YfiN => putative diguanylate cyclase YfiN
[17:23:30] Modify product: Probable inorganic polyphosphate/ATP-NAD kinase => putative inorganic polyphosphate/ATP-NAD kinase
[17:23:30] Modify product: Probable toxin YpjF => putative toxin YpjF
[17:23:30] Modify product: Probable autotransporter ROD_p1121 precursor => putative autotransporter precursor
[17:23:30] Modify product: Probable HTH-type transcriptional regulator YgaV => putative HTH-type transcriptional regulator YgaV
[17:23:30] Modify product: Probable acyltransferase YihG => putative acyltransferase YihG
[17:23:30] Modify product: Probable GTP-binding protein EngB => putative GTP-binding protein EngB
[17:23:30] Modify product: Uncharacterized sugar isomerase YihS => putative sugar isomerase YihS
[17:23:30] Modify product: Uncharacterized aldolase YihT => putative aldolase YihT
[17:23:31] Modify product: Uncharacterized inner membrane transporter yiJE => putative inner membrane transporter yiJE
[17:23:31] Modify product: Transcription termination/antitermination protein NusG => hypothetical protein
[17:23:31] Modify product: Uncharacterized N-acetyltransferase YjaB => putative N-acetyltransferase YjaB
[17:23:31] Modify product: Uncharacterized lipoprotein GfcB precursor => putative lipoprotein GfcB precursor
[17:23:31] Modify product: Probable tRNA-dihydrouridine synthase => putative tRNA-dihydrouridine synthase
[17:23:31] Modify product: Uncharacterized membrane protein YjcC => putative membrane protein YjcC
[17:23:31] Modify product: Uncharacterized ferredoxin-like protein YdhX precursor => putative ferredoxin-like protein YdhX precursor
[17:23:31] Modify product: Probable transcriptional regulator PhnF => putative transcriptional regulator PhnF
[17:23:31] Modify product: Probable dipeptide and tripeptide permease YjdL => putative dipeptide and tripeptide permease YjdL
[17:23:31] Modify product: Probable cadaverine/lysine antiporter => putative cadaverine/lysine antiporter
[17:23:31] Modify product: Probable L-ascorbate-6-phosphate lactonase UlaG => putative L-ascorbate-6-phosphate lactonase UlaG
[17:23:31] Modify product: Probable siderophore transport system ATP-binding protein YusV => putative siderophore transport system ATP-binding protein YusV
[17:23:31] Modify product: Probable RNA polymerase sigma factor FecI => putative RNA polymerase sigma factor FecI
[17:23:31] Modify product: Probable 2-keto-3-deoxy-galactonate aldolase YagE => putative 2-keto-3-deoxy-galactonate aldolase YagE
[17:23:31] Modify product: Probable 9-O-acetyl-N-acetylneuraminic acid deacetylase precursor => putative 9-O-acetyl-N-acetylneuraminic acid deacetylase precursor
[17:23:31] Modify product: Probable N-acetylneuraminic acid outer membrane channel protein NanC precursor => putative N-acetylneuraminic acid outer membrane channel protein NanC precursor
[17:23:32] Modify product: Uncharacterized HTH-type transcriptional regulator YjiR => putative HTH-type transcriptional regulator YjiR
[17:23:32] Modify product: Uncharacterized GTP-binding protein YjiA => putative GTP-binding protein YjiA
[17:23:32] Modify product: Probable HTH-type transcriptional regulator YjjM => putative HTH-type transcriptional regulator YjjM
[17:23:32] Modify product: Uncharacterized deoxyribonuclease YjjV => putative deoxyribonuclease YjjV
[17:23:32] Modify product: DNA repair protein RadA homolog => hypothetical protein
[17:23:32] Modify product: Uncharacterized ABC transporter ATP-binding protein YjjK => putative ABC transporter ATP-binding protein YjjK
[17:23:32] Cleaned 215 /product names
[17:23:32] Deleting unwanted file: results/prokka/BW25113/sprot.faa
[17:23:32] Deleting unwanted file: results/prokka/BW25113/sprot.blast
[17:23:33] There are still 1056 unannotated CDS left (started with 4310)
[17:23:33] Will use hmmer3 to search against /home/fatemeh/program-bank/prokka-1.11/bin/../db/hmm/CLUSTERS.hmm with 4 CPUs
[17:23:33] Running: cat results\/prokka\/BW25113\/CLUSTERS\.hmm\.faa | parallel --gnu --plain -j 4 --block 29352 --recstart '>' --pipe hmmscan --noali --notextw --acc -E 1e-06 --cpu 1 /home/fatemeh/program-bank/prokka-1.11/bin/../db/hmm/CLUSTERS.hmm /dev/stdin > results\/prokka\/BW25113\/CLUSTERS\.hmm\.hmmer3 2> /dev/null
[17:26:32] Deleting unwanted file: results/prokka/BW25113/CLUSTERS.hmm.faa
[17:26:32] Deleting unwanted file: results/prokka/BW25113/CLUSTERS.hmm.hmmer3
[17:26:33] There are still 676 unannotated CDS left (started with 4310)
[17:26:33] Will use hmmer3 to search against /home/fatemeh/program-bank/prokka-1.11/bin/../db/hmm/HAMAP.hmm with 4 CPUs
[17:26:33] Running: cat results\/prokka\/BW25113\/HAMAP\.hmm\.faa | parallel --gnu --plain -j 4 --block 17623 --recstart '>' --pipe hmmscan --noali --notextw --acc -E 1e-06 --cpu 1 /home/fatemeh/program-bank/prokka-1.11/bin/../db/hmm/HAMAP.hmm /dev/stdin > results\/prokka\/BW25113\/HAMAP\.hmm\.hmmer3 2> /dev/null
[17:27:11] Deleting unwanted file: results/prokka/BW25113/HAMAP.hmm.faa
[17:27:11] Deleting unwanted file: results/prokka/BW25113/HAMAP.hmm.hmmer3
[17:27:12] There are still 666 unannotated CDS left (started with 4310)
[17:27:12] Will use hmmer3 to search against /home/fatemeh/program-bank/prokka-1.11/bin/../db/hmm/Pfam.hmm with 4 CPUs
[17:27:12] Running: cat results\/prokka\/BW25113\/Pfam\.hmm\.faa | parallel --gnu --plain -j 4 --block 17351 --recstart '>' --pipe hmmscan --noali --notextw --acc -E 1e-06 --cpu 1 /home/fatemeh/program-bank/prokka-1.11/bin/../db/hmm/Pfam.hmm /dev/stdin > results\/prokka\/BW25113\/Pfam\.hmm\.hmmer3 2> /dev/null
[17:31:22] Modify product: Fels-1 Prophage Protein-like => Fels-1 Prophage Protein-like protein
[17:31:22] Modify product: DsrE/DsrF-like family => DsrE/DsrF-like family protein
[17:31:22] Modify product: Transposase DDE domain => Transposase DDE domain protein
[17:31:22] Modify product: Insertion element 4 transposase N-terminal => hypothetical protein
[17:31:22] Modify product: Stress-induced bacterial acidophilic repeat motif => Stress-induced bacterial acidophilic repeat motif protein
[17:31:22] Modify product: Alpha/beta hydrolase family => Alpha/beta hydrolase family protein
[17:31:22] Modify product: Transposase DDE domain => Transposase DDE domain protein
[17:31:22] Modify product: Transposase DDE domain => Transposase DDE domain protein
[17:31:22] Modify product: Phage tail fibre repeat => Phage tail fibre repeat protein
[17:31:22] Modify product: Integrase core domain => Integrase core domain protein
[17:31:22] Modify product: Autotransporter beta-domain => Autotransporter beta-domain protein
[17:31:22] Modify product: Transposase IS200 like => Transposase IS200 like protein
[17:31:22] Modify product: Probable transposase => putative transposase
[17:31:22] Modify product: Transposase DDE domain => Transposase DDE domain protein
[17:31:22] Modify product: Transposase DDE domain => Transposase DDE domain protein
[17:31:22] Modify product: Peptidase M16 inactive domain => Peptidase M16 inactive domain protein
[17:31:22] Modify product: TonB-dependent Receptor Plug Domain => TonB-dependent Receptor Plug Domain protein
[17:31:22] Modify product: Transposase DDE domain => Transposase DDE domain protein
[17:31:22] Modify product: InsA C-terminal domain => hypothetical protein
[17:31:22] Modify product: Integrase core domain => Integrase core domain protein
[17:31:22] Modify product: Transposase DDE domain => Transposase DDE domain protein
[17:31:22] Modify product: InsA C-terminal domain => hypothetical protein
[17:31:22] Modify product: Integrase core domain => Integrase core domain protein
[17:31:22] Modify product: InsA C-terminal domain => hypothetical protein
[17:31:23] Modify product: LysR substrate binding domain => LysR substrate binding domain protein
[17:31:23] Modify product: XdhC and CoxI family => XdhC and CoxI family protein
[17:31:23] Modify product: Integrase core domain => Integrase core domain protein
[17:31:23] Modify product: Integrase core domain => Integrase core domain protein
[17:31:23] Modify product: Integrase core domain => Integrase core domain protein
[17:31:23] Modify product: TraB family => TraB family protein
[17:31:23] Modify product: FtsX-like permease family => FtsX-like permease family protein
[17:31:23] Modify product: Integrase core domain => Integrase core domain protein
[17:31:23] Modify product: Resolvase, N terminal domain => hypothetical protein
[17:31:23] Modify product: Transposase DDE domain => Transposase DDE domain protein
[17:31:23] Modify product: Transposase DDE domain => Transposase DDE domain protein
[17:31:23] Modify product: Transposase DDE domain => Transposase DDE domain protein
[17:31:23] Modify product: Transposase DDE domain => Transposase DDE domain protein
[17:31:23] Modify product: Transposase DDE domain => Transposase DDE domain protein
[17:31:23] Modify product: HupH hydrogenase expression protein, C-terminal conserved region => hypothetical protein
[17:31:23] Modify product: InsA C-terminal domain => hypothetical protein
[17:31:23] Modify product: GnsA/GnsB family => GnsA/GnsB family protein
[17:31:23] Modify product: Stress-induced bacterial acidophilic repeat motif => Stress-induced bacterial acidophilic repeat motif protein
[17:31:23] Modify product: Integrase core domain => Integrase core domain protein
[17:31:23] Modify product: Bacteriophage lambda integrase, N-terminal domain => hypothetical protein
[17:31:23] Modify product: Phage Tail Collar Domain => Phage Tail Collar Domain protein
[17:31:23] Modify product: Phage Tail Collar Domain => Phage Tail Collar Domain protein
[17:31:23] Modify product: GnsA/GnsB family => GnsA/GnsB family protein
[17:31:23] Modify product: Carboxymuconolactone decarboxylase family => Carboxymuconolactone decarboxylase family protein
[17:31:23] Modify product: PrkA AAA domain => PrkA AAA domain protein
[17:31:23] Modify product: Transposase DDE domain => Transposase DDE domain protein
[17:31:23] Modify product: NAD dependent epimerase/dehydratase family => NAD dependent epimerase/dehydratase family protein
[17:31:23] Modify product: Transposase DDE domain => Transposase DDE domain protein
[17:31:23] Modify product: von Willebrand factor type A domain => von Willebrand factor type A domain protein
[17:31:23] Modify product: Integrase core domain => Integrase core domain protein
[17:31:23] Modify product: WGR domain => WGR domain protein
[17:31:23] Modify product: Transposase DDE domain => Transposase DDE domain protein
[17:31:23] Modify product: MG2 domain => MG2 domain protein
[17:31:23] Modify product: Transposase DDE domain => Transposase DDE domain protein
[17:31:23] Modify product: Helix-turn-helix domain => Helix-turn-helix domain protein
[17:31:23] Modify product: WGR domain => WGR domain protein
[17:31:23] Modify product: Glycine zipper 2TM domain => Glycine zipper 2TM domain protein
[17:31:23] Modify product: Alpha-2-macroglobulin family N-terminal region => hypothetical protein
[17:31:23] Modify product: Alpha/beta hydrolase family => Alpha/beta hydrolase family protein
[17:31:23] Modify product: DTW domain => DTW domain protein
[17:31:23] Modify product: Integral membrane protein TerC family => Integral membrane protein TerC family protein
[17:31:23] Modify product: Transcriptional regulatory protein, C terminal => hypothetical protein
[17:31:23] Modify product: Transglycosylase SLT domain => Transglycosylase SLT domain protein
[17:31:23] Modify product: LysR substrate binding domain => LysR substrate binding domain protein
[17:31:23] Modify product: Alanine racemase, N-terminal domain => hypothetical protein
[17:31:23] Modify product: YGGT family => YGGT family protein
[17:31:23] Modify product: Transposase DDE domain => Transposase DDE domain protein
[17:31:23] Modify product: Dienelactone hydrolase family => Dienelactone hydrolase family protein
[17:31:23] Modify product: Lumazine-binding domain => Lumazine-binding domain protein
[17:31:23] Modify product: CYTH domain => CYTH domain protein
[17:31:23] Modify product: SCP-2 sterol transfer family => SCP-2 sterol transfer family protein
[17:31:23] Modify product: Transposase DDE domain => Transposase DDE domain protein
[17:31:23] Modify product: YheO-like PAS domain => YheO-like PAS domain protein
[17:31:23] Modify product: Alanine racemase, N-terminal domain => hypothetical protein
[17:31:23] Modify product: InsA C-terminal domain => hypothetical protein
[17:31:23] Modify product: Transposase DDE domain => Transposase DDE domain protein
[17:31:23] Modify product: Transposase DDE domain => Transposase DDE domain protein
[17:31:23] Modify product: Peptidase M16 inactive domain => Peptidase M16 inactive domain protein
[17:31:23] Modify product: Integrase core domain => Integrase core domain protein
[17:31:23] Modify product: AsmA family => AsmA family protein
[17:31:23] Modify product: EamA-like transporter family => EamA-like transporter family protein
[17:31:23] Modify product: EamA-like transporter family => EamA-like transporter family protein
[17:31:23] Modify product: SCP-2 sterol transfer family => SCP-2 sterol transfer family protein
[17:31:23] Modify product: ShET2 enterotoxin, N-terminal region => hypothetical protein
[17:31:23] Modify product: Sel1 repeat => Sel1 repeat protein
[17:31:23] Modify product: Metallo-beta-lactamase superfamily => Metallo-beta-lactamase superfamily protein
[17:31:23] Modify product: PspA/IM30 family => PspA/IM30 family protein
[17:31:23] Modify product: Opacity-associated protein A LysM-like domain => Opacity-associated protein A LysM-like domain protein
[17:31:23] Modify product: Acetyltransferase (GNAT) family => Acetyltransferase (GNAT) family protein
[17:31:23] Modify product: AAA-like domain => AAA-like domain protein
[17:31:23] Modify product: Insertion element 4 transposase N-terminal => hypothetical protein
[17:31:23] Modify product: Integrase core domain => Integrase core domain protein
[17:31:23] Modify product: Integrase core domain => Integrase core domain protein
[17:31:23] Modify product: Acetyltransferase (GNAT) family => Acetyltransferase (GNAT) family protein
[17:31:23] Modify product: Major Facilitator Superfamily => Major Facilitator Superfamily protein
[17:31:23] Cleaned 99 /product names
[17:31:23] Deleting unwanted file: results/prokka/BW25113/Pfam.hmm.faa
[17:31:23] Deleting unwanted file: results/prokka/BW25113/Pfam.hmm.hmmer3
[17:31:23] Labelling remaining 462 proteins as 'hypothetical protein'
[17:31:23] Possible /pseudo 'Transposase DDE domain protein' at CP009273.1 position 733548
[17:31:23] Possible /pseudo 'Inner membrane protein YbhL' at CP009273.1 position 816249
[17:31:23] Possible /pseudo 'Ferrous iron permease EfeU' at CP009273.1 position 1076922
[17:31:23] Possible /pseudo 'Caudovirales tail fibre assembly protein' at CP009273.1 position 1203973
[17:31:23] Possible /pseudo 'Outer membrane protein IcsA autotransporter precursor' at CP009273.1 position 1216662
[17:31:23] Possible /pseudo 'Small toxic polypeptide LdrD' at CP009273.1 position 1265159
[17:31:23] Possible /pseudo 'Small toxic polypeptide LdrD' at CP009273.1 position 1265694
[17:31:23] Possible /pseudo 'Glyceraldehyde-3-phosphate dehydrogenase' at CP009273.1 position 1484854
[17:31:23] Possible /pseudo 'Transposase DDE domain protein' at CP009273.1 position 1526073
[17:31:23] Possible /pseudo 'Formate dehydrogenase, nitrate-inducible, major subunit precursor' at CP009273.1 position 1542294
[17:31:23] Possible /pseudo 'Outer membrane usher protein PapC precursor' at CP009273.1 position 2446744
[17:31:23] Possible /pseudo 'Caudovirales tail fibre assembly protein' at CP009273.1 position 2464556
[17:31:23] Possible /pseudo 'Arsenical pump membrane protein' at CP009273.1 position 2766195
[17:31:23] Possible /pseudo 'putative FAD-linked oxidoreductase' at CP009273.1 position 3119881
[17:31:23] Possible /pseudo 'General stress protein A' at CP009273.1 position 3795399
[17:31:23] Possible /pseudo '6-phospho-alpha-glucosidase' at CP009273.1 position 3854709
[17:31:23] Possible /pseudo 'PTS system maltose-specific EIICB component' at CP009273.1 position 3855857
[17:31:23] Possible /pseudo 'Acetolactate synthase isozyme 2 large subunit' at CP009273.1 position 3945028
[17:31:23] Possible /pseudo 'Inner membrane symporter YihP' at CP009273.1 position 4059169
[17:31:23] Possible /pseudo 'Formate dehydrogenase-O major subunit precursor' at CP009273.1 position 4078595
[17:31:23] Possible /pseudo 'Formate dehydrogenase H' at CP009273.1 position 4288764
[17:31:23] Possible /pseudo 'Tyrosine recombinase XerC' at CP009273.1 position 4531854
[17:31:23] Possible /pseudo 'Type-1 fimbrial protein, A chain precursor' at CP009273.1 position 4533587
[17:31:23] Possible /pseudo 'Inner membrane protein YjjP' at CP009273.1 position 4592325
[17:31:23] Found 2844 unique /gene codes.
[17:31:23] Fixed 2 duplicate /gene - bglF_1 bglF_2
[17:31:23] Fixed 2 duplicate /gene - lpp_1 lpp_2
[17:31:23] Fixed 2 duplicate /gene - argE_1 argE_2
[17:31:23] Fixed 2 duplicate /gene - fecA_1 fecA_2
[17:31:23] Fixed 3 duplicate /gene - elfG_1 elfG_2 elfG_3
[17:31:23] Fixed 2 duplicate /gene - hemN_1 hemN_2
[17:31:23] Fixed 2 duplicate /gene - coaA_1 coaA_2
[17:31:23] Fixed 2 duplicate /gene - yjjP_1 yjjP_2
[17:31:23] Fixed 2 duplicate /gene - fhlA_1 fhlA_2
[17:31:23] Fixed 2 duplicate /gene - gldA_1 gldA_2
[17:31:23] Fixed 2 duplicate /gene - dinG_1 dinG_2
[17:31:23] Fixed 3 duplicate /gene - kdgR_1 kdgR_2 kdgR_3
[17:31:23] Fixed 2 duplicate /gene - nuoI_1 nuoI_2
[17:31:23] Fixed 2 duplicate /gene - adhE_1 adhE_2
[17:31:23] Fixed 2 duplicate /gene - dppA_1 dppA_2
[17:31:23] Fixed 2 duplicate /gene - elfC_1 elfC_2
[17:31:23] Fixed 2 duplicate /gene - appA_1 appA_2
[17:31:23] Fixed 2 duplicate /gene - hypC_1 hypC_2
[17:31:23] Fixed 3 duplicate /gene - pdhR_1 pdhR_2 pdhR_3
[17:31:23] Fixed 2 duplicate /gene - dnaK_1 dnaK_2
[17:31:23] Fixed 2 duplicate /gene - pinR_1 pinR_2
[17:31:23] Fixed 3 duplicate /gene - potA_1 potA_2 potA_3
[17:31:23] Fixed 2 duplicate /gene - wbbL_1 wbbL_2
[17:31:23] Fixed 2 duplicate /gene - yccM_1 yccM_2
[17:31:23] Fixed 2 duplicate /gene - fdoG_1 fdoG_2
[17:31:23] Fixed 3 duplicate /gene - mrpA_1 mrpA_2 mrpA_3
[17:31:23] Fixed 2 duplicate /gene - fdnG_1 fdnG_2
[17:31:23] Fixed 2 duplicate /gene - gatB_1 gatB_2
[17:31:23] Fixed 3 duplicate /gene - icsA_1 icsA_2 icsA_3
[17:31:23] Fixed 3 duplicate /gene - lldR_1 lldR_2 lldR_3
[17:31:23] Fixed 2 duplicate /gene - fryB_1 fryB_2
[17:31:23] Fixed 2 duplicate /gene - nanK_1 nanK_2
[17:31:23] Fixed 2 duplicate /gene - era_1 era_2
[17:31:23] Fixed 3 duplicate /gene - arsC_1 arsC_2 arsC_3
[17:31:23] Fixed 2 duplicate /gene - aroG_1 aroG_2
[17:31:23] Fixed 3 duplicate /gene - lacA_1 lacA_2 lacA_3
[17:31:23] Fixed 2 duplicate /gene - fruA_1 fruA_2
[17:31:23] Fixed 2 duplicate /gene - tlyC_1 tlyC_2
[17:31:23] Fixed 4 duplicate /gene - ptsI_1 ptsI_2 ptsI_3 ptsI_4
[17:31:23] Fixed 2 duplicate /gene - ydjZ_1 ydjZ_2
[17:31:23] Fixed 2 duplicate /gene - oxyR_1 oxyR_2
[17:31:23] Fixed 5 duplicate /gene - allS_1 allS_2 allS_3 allS_4 allS_5
[17:31:24] Fixed 2 duplicate /gene - lptB_1 lptB_2
[17:31:24] Fixed 2 duplicate /gene - ulaE_1 ulaE_2
[17:31:24] Fixed 2 duplicate /gene - exbD_1 exbD_2
[17:31:24] Fixed 2 duplicate /gene - lutR_1 lutR_2
[17:31:24] Fixed 2 duplicate /gene - betI_1 betI_2
[17:31:24] Fixed 3 duplicate /gene - galM_1 galM_2 galM_3
[17:31:24] Fixed 2 duplicate /gene - hycG_1 hycG_2
[17:31:24] Fixed 2 duplicate /gene - gfcB_1 gfcB_2
[17:31:24] Fixed 5 duplicate /gene - gltC_1 gltC_2 gltC_3 gltC_4 gltC_5
[17:31:24] Fixed 2 duplicate /gene - rbsK_1 rbsK_2
[17:31:24] Fixed 2 duplicate /gene - yfgF_1 yfgF_2
[17:31:24] Fixed 2 duplicate /gene - ynfM_1 ynfM_2
[17:31:24] Fixed 2 duplicate /gene - topA_1 topA_2
[17:31:24] Fixed 2 duplicate /gene - rhaS_1 rhaS_2
[17:31:24] Fixed 2 duplicate /gene - chuR_1 chuR_2
[17:31:24] Fixed 2 duplicate /gene - ssuC_1 ssuC_2
[17:31:24] Fixed 2 duplicate /gene - deoB_1 deoB_2
[17:31:24] Fixed 3 duplicate /gene - ilvD_1 ilvD_2 ilvD_3
[17:31:24] Fixed 2 duplicate /gene - sucD_1 sucD_2
[17:31:24] Fixed 2 duplicate /gene - bglH_1 bglH_2
[17:31:24] Fixed 2 duplicate /gene - osmY_1 osmY_2
[17:31:24] Fixed 2 duplicate /gene - mepS_1 mepS_2
[17:31:24] Fixed 2 duplicate /gene - sfaH_1 sfaH_2
[17:31:24] Fixed 3 duplicate /gene - nagB_1 nagB_2 nagB_3
[17:31:24] Fixed 2 duplicate /gene - ygdR_1 ygdR_2
[17:31:24] Fixed 2 duplicate /gene - ndhF_1 ndhF_2
[17:31:24] Fixed 3 duplicate /gene - rbsC_1 rbsC_2 rbsC_3
[17:31:24] Fixed 2 duplicate /gene - sfaS_1 sfaS_2
[17:31:24] Fixed 2 duplicate /gene - ybhL_1 ybhL_2
[17:31:24] Fixed 2 duplicate /gene - rpe_1 rpe_2
[17:31:24] Fixed 2 duplicate /gene - yusV_1 yusV_2
[17:31:24] Fixed 2 duplicate /gene - yicJ_1 yicJ_2
[17:31:24] Fixed 3 duplicate /gene - hcaR_1 hcaR_2 hcaR_3
[17:31:24] Fixed 2 duplicate /gene - lon_1 lon_2
[17:31:24] Fixed 2 duplicate /gene - dcuD_1 dcuD_2
[17:31:24] Fixed 2 duplicate /gene - hyfA_1 hyfA_2
[17:31:24] Fixed 2 duplicate /gene - frc_1 frc_2
[17:31:24] Fixed 2 duplicate /gene - mhpC_1 mhpC_2
[17:31:24] Fixed 2 duplicate /gene - mipA_1 mipA_2
[17:31:24] Fixed 2 duplicate /gene - cmpR_1 cmpR_2
[17:31:24] Fixed 2 duplicate /gene - hrpB_1 hrpB_2
[17:31:24] Fixed 2 duplicate /gene - yheS_1 yheS_2
[17:31:24] Fixed 2 duplicate /gene - mtlR_1 mtlR_2
[17:31:24] Fixed 2 duplicate /gene - psuK_1 psuK_2
[17:31:24] Fixed 7 duplicate /gene - fimA_1 fimA_2 fimA_3 fimA_4 fimA_5 fimA_6 fimA_7
[17:31:24] Fixed 2 duplicate /gene - etfB_1 etfB_2
[17:31:24] Fixed 2 duplicate /gene - thlA_1 thlA_2
[17:31:24] Fixed 2 duplicate /gene - kduD_1 kduD_2
[17:31:24] Fixed 2 duplicate /gene - narX_1 narX_2
[17:31:24] Fixed 2 duplicate /gene - fbaA_1 fbaA_2
[17:31:24] Fixed 2 duplicate /gene - msbA_1 msbA_2
[17:31:24] Fixed 2 duplicate /gene - ybdO_1 ybdO_2
[17:31:24] Fixed 2 duplicate /gene - yhjE_1 yhjE_2
[17:31:24] Fixed 2 duplicate /gene - agaC_1 agaC_2
[17:31:24] Fixed 2 duplicate /gene - clcD_1 clcD_2
[17:31:24] Fixed 2 duplicate /gene - murR_1 murR_2
[17:31:24] Fixed 2 duplicate /gene - yhdN_1 yhdN_2
[17:31:24] Fixed 2 duplicate /gene - gap_1 gap_2
[17:31:24] Fixed 3 duplicate /gene - etfA_1 etfA_2 etfA_3
[17:31:24] Fixed 2 duplicate /gene - rrrD_1 rrrD_2
[17:31:24] Fixed 3 duplicate /gene - tabA_1 tabA_2 tabA_3
[17:31:24] Fixed 2 duplicate /gene - mdtP_1 mdtP_2
[17:31:24] Fixed 2 duplicate /gene - ftsA_1 ftsA_2
[17:31:24] Fixed 2 duplicate /gene - tehB_1 tehB_2
[17:31:24] Fixed 2 duplicate /gene - kefF_1 kefF_2
[17:31:24] Fixed 2 duplicate /gene - rhaR_1 rhaR_2
[17:31:24] Fixed 4 duplicate /gene - fabG_1 fabG_2 fabG_3 fabG_4
[17:31:24] Fixed 2 duplicate /gene - nanT_1 nanT_2
[17:31:24] Fixed 2 duplicate /gene - macA_1 macA_2
[17:31:24] Fixed 3 duplicate /gene - gutB_1 gutB_2 gutB_3
[17:31:24] Fixed 2 duplicate /gene - cysA_1 cysA_2
[17:31:24] Fixed 2 duplicate /gene - gltR_1 gltR_2
[17:31:24] Fixed 2 duplicate /gene - ddpD_1 ddpD_2
[17:31:24] Fixed 2 duplicate /gene - ompN_1 ompN_2
[17:31:24] Fixed 2 duplicate /gene - yagE_1 yagE_2
[17:31:24] Fixed 3 duplicate /gene - acrB_1 acrB_2 acrB_3
[17:31:24] Fixed 2 duplicate /gene - afr_1 afr_2
[17:31:24] Fixed 3 duplicate /gene - lexA_1 lexA_2 lexA_3
[17:31:24] Fixed 3 duplicate /gene - gspA_1 gspA_2 gspA_3
[17:31:24] Fixed 2 duplicate /gene - caiA_1 caiA_2
[17:31:24] Fixed 2 duplicate /gene - pbpG_1 pbpG_2
[17:31:24] Fixed 3 duplicate /gene - fimD_1 fimD_2 fimD_3
[17:31:24] Fixed 2 duplicate /gene - ybeZ_1 ybeZ_2
[17:31:24] Fixed 2 duplicate /gene - loiP_1 loiP_2
[17:31:24] Fixed 2 duplicate /gene - xylA_1 xylA_2
[17:31:24] Fixed 2 duplicate /gene - emrK_1 emrK_2
[17:31:24] Fixed 2 duplicate /gene - lolD_1 lolD_2
[17:31:24] Fixed 2 duplicate /gene - narL_1 narL_2
[17:31:24] Fixed 2 duplicate /gene - intA_1 intA_2
[17:31:24] Fixed 2 duplicate /gene - yccS_1 yccS_2
[17:31:24] Fixed 2 duplicate /gene - kefC_1 kefC_2
[17:31:24] Fixed 5 duplicate /gene - bhsA_1 bhsA_2 bhsA_3 bhsA_4 bhsA_5
[17:31:24] Fixed 2 duplicate /gene - dmsB_1 dmsB_2
[17:31:24] Fixed 2 duplicate /gene - lsrK_1 lsrK_2
[17:31:24] Fixed 3 duplicate /gene - cysJ_1 cysJ_2 cysJ_3
[17:31:24] Fixed 5 duplicate /gene - rhsC_1 rhsC_2 rhsC_3 rhsC_4 rhsC_5
[17:31:24] Fixed 2 duplicate /gene - htrE_1 htrE_2
[17:31:24] Fixed 2 duplicate /gene - adrB_1 adrB_2
[17:31:24] Fixed 3 duplicate /gene - papD_1 papD_2 papD_3
[17:31:24] Fixed 3 duplicate /gene - hydN_1 hydN_2 hydN_3
[17:31:24] Fixed 2 duplicate /gene - mglA_1 mglA_2
[17:31:24] Fixed 2 duplicate /gene - lrp_1 lrp_2
[17:31:24] Fixed 2 duplicate /gene - betC_1 betC_2
[17:31:24] Fixed 2 duplicate /gene - cysE_1 cysE_2
[17:31:24] Fixed 3 duplicate /gene - hyfB_1 hyfB_2 hyfB_3
[17:31:24] Fixed 2 duplicate /gene - glnM_1 glnM_2
[17:31:24] Fixed 2 duplicate /gene - ompC_1 ompC_2
[17:31:24] Fixed 2 duplicate /gene - bioD1_1 bioD1_2
[17:31:24] Fixed 2 duplicate /gene - dusC_1 dusC_2
[17:31:24] Fixed 3 duplicate /gene - ugpC_1 ugpC_2 ugpC_3
[17:31:24] Fixed 2 duplicate /gene - nagA_1 nagA_2
[17:31:24] Fixed 2 duplicate /gene - iscA_1 iscA_2
[17:31:24] Fixed 7 duplicate /gene - dmlR_1 dmlR_2 dmlR_3 dmlR_4 dmlR_5 dmlR_6 dmlR_7
[17:31:24] Fixed 2 duplicate /gene - treA_1 treA_2
[17:31:24] Fixed 2 duplicate /gene - idnT_1 idnT_2
[17:31:24] Fixed 2 duplicate /gene - yjaB_1 yjaB_2
[17:31:24] Fixed 2 duplicate /gene - caiT_1 caiT_2
[17:31:24] Fixed 2 duplicate /gene - dinB_1 dinB_2
[17:31:24] Fixed 2 duplicate /gene - ydeH_1 ydeH_2
[17:31:24] Fixed 2 duplicate /gene - ftnA_1 ftnA_2
[17:31:24] Fixed 2 duplicate /gene - mdtK_1 mdtK_2
[17:31:24] Fixed 3 duplicate /gene - bssD_1 bssD_2 bssD_3
[17:31:24] Fixed 4 duplicate /gene - malP_1 malP_2 malP_3 malP_4
[17:31:24] Fixed 3 duplicate /gene - arsB_1 arsB_2 arsB_3
[17:31:24] Fixed 4 duplicate /gene - gltD_1 gltD_2 gltD_3 gltD_4
[17:31:24] Fixed 2 duplicate /gene - gpr_1 gpr_2
[17:31:24] Fixed 3 duplicate /gene - corC_1 corC_2 corC_3
[17:31:24] Fixed 2 duplicate /gene - ydjE_1 ydjE_2
[17:31:24] Fixed 2 duplicate /gene - yqjA_1 yqjA_2
[17:31:24] Fixed 2 duplicate /gene - dmsC_1 dmsC_2
[17:31:24] Fixed 2 duplicate /gene - ilvG_1 ilvG_2
[17:31:24] Fixed 2 duplicate /gene - efeU_1 efeU_2
[17:31:24] Fixed 3 duplicate /gene - rbsA_1 rbsA_2 rbsA_3
[17:31:24] Fixed 4 duplicate /gene - papC_1 papC_2 papC_3 papC_4
[17:31:24] Fixed 2 duplicate /gene - ccmH_1 ccmH_2
[17:31:24] Fixed 2 duplicate /gene - ysdC_1 ysdC_2
[17:31:24] Fixed 3 duplicate /gene - ydcV_1 ydcV_2 ydcV_3
[17:31:24] Fixed 2 duplicate /gene - exbB_1 exbB_2
[17:31:24] Fixed 5 duplicate /gene - srlR_1 srlR_2 srlR_3 srlR_4 srlR_5
[17:31:24] Fixed 2 duplicate /gene - cspG_1 cspG_2
[17:31:24] Fixed 2 duplicate /gene - ulaC_1 ulaC_2
[17:31:24] Fixed 2 duplicate /gene - garR_1 garR_2
[17:31:24] Fixed 2 duplicate /gene - ompD_1 ompD_2
[17:31:24] Fixed 2 duplicate /gene - sgrR_1 sgrR_2
[17:31:24] Fixed 3 duplicate /gene - yhbU_1 yhbU_2 yhbU_3
[17:31:24] Fixed 2 duplicate /gene - tqsA_1 tqsA_2
[17:31:24] Fixed 2 duplicate /gene - qseF_1 qseF_2
[17:31:24] Fixed 2 duplicate /gene - klcA_1 klcA_2
[17:31:24] Fixed 2 duplicate /gene - gntR_1 gntR_2
[17:31:24] Fixed 2 duplicate /gene - rlmB_1 rlmB_2
[17:31:24] Fixed 2 duplicate /gene - gsiA_1 gsiA_2
[17:31:24] Fixed 2 duplicate /gene - proP_1 proP_2
[17:31:24] Fixed 2 duplicate /gene - artM_1 artM_2
[17:31:24] Fixed 2 duplicate /gene - kdgK_1 kdgK_2
[17:31:24] Fixed 2 duplicate /gene - yedQ_1 yedQ_2
[17:31:24] Fixed 2 duplicate /gene - yjcD_1 yjcD_2
[17:31:24] Fixed 2 duplicate /gene - manZ_1 manZ_2
[17:31:24] Fixed 2 duplicate /gene - minD_1 minD_2
[17:31:24] Fixed 2 duplicate /gene - rob_1 rob_2
[17:31:24] Fixed 2 duplicate /gene - aspT_1 aspT_2
[17:31:24] Fixed 2 duplicate /gene - ecpD_1 ecpD_2
[17:31:24] Fixed 2 duplicate /gene - nlpD_1 nlpD_2
[17:31:24] Fixed 2 duplicate /gene - potF_1 potF_2
[17:31:24] Fixed 2 duplicate /gene - mtlA_1 mtlA_2
[17:31:24] Fixed 3 duplicate /gene - oppF_1 oppF_2 oppF_3
[17:31:24] Fixed 2 duplicate /gene - arcC2_1 arcC2_2
[17:31:24] Fixed 2 duplicate /gene - deoR_1 deoR_2
[17:31:24] Fixed 2 duplicate /gene - rhsB_1 rhsB_2
[17:31:24] Fixed 2 duplicate /gene - gatC_1 gatC_2
[17:31:24] Fixed 2 duplicate /gene - bvgA_1 bvgA_2
[17:31:24] Fixed 3 duplicate /gene - xdhA_1 xdhA_2 xdhA_3
[17:31:24] Fixed 2 duplicate /gene - pncC_1 pncC_2
[17:31:24] Fixed 2 duplicate /gene - pspB_1 pspB_2
[17:31:24] Fixed 2 duplicate /gene - tusA_1 tusA_2
[17:31:24] Fixed 2 duplicate /gene - ybhO_1 ybhO_2
[17:31:24] Fixed 2 duplicate /gene - aaeB_1 aaeB_2
[17:31:24] Fixed 3 duplicate /gene - gadX_1 gadX_2 gadX_3
[17:31:24] Fixed 2 duplicate /gene - garP_1 garP_2
[17:31:24] Fixed 3 duplicate /gene - manX_1 manX_2 manX_3
[17:31:24] Fixed 2 duplicate /gene - zraR_1 zraR_2
[17:31:24] Fixed 2 duplicate /gene - slp_1 slp_2
[17:31:24] Fixed 2 duplicate /gene - trxA_1 trxA_2
[17:31:24] Fixed 2 duplicate /gene - mdh_1 mdh_2
[17:31:24] Fixed 2 duplicate /gene - lutA_1 lutA_2
[17:31:24] Fixed 2 duplicate /gene - Int-Tn_1 Int-Tn_2
[17:31:24] Fixed 2 duplicate /gene - recF_1 recF_2
[17:31:24] Fixed 2 duplicate /gene - flhA_1 flhA_2
[17:31:24] Fixed 2 duplicate /gene - pqiB_1 pqiB_2
[17:31:24] Fixed 2 duplicate /gene - ccmF_1 ccmF_2
[17:31:24] Fixed 2 duplicate /gene - por_1 por_2
[17:31:24] Fixed 3 duplicate /gene - xerC_1 xerC_2 xerC_3
[17:31:24] Fixed 2 duplicate /gene - ybhF_1 ybhF_2
[17:31:24] Fixed 2 duplicate /gene - oppD_1 oppD_2
[17:31:24] Fixed 2 duplicate /gene - icd_1 icd_2
[17:31:24] Fixed 2 duplicate /gene - aaeA_1 aaeA_2
[17:31:24] Fixed 2 duplicate /gene - ogt_1 ogt_2
[17:31:24] Fixed 2 duplicate /gene - yiaJ_1 yiaJ_2
[17:31:24] Fixed 3 duplicate /gene - glnQ_1 glnQ_2 glnQ_3
[17:31:24] Fixed 2 duplicate /gene - hybD_1 hybD_2
[17:31:24] Fixed 2 duplicate /gene - fdnH_1 fdnH_2
[17:31:24] Fixed 2 duplicate /gene - noc_1 noc_2
[17:31:24] Fixed 2 duplicate /gene - argF_1 argF_2
[17:31:24] Fixed 2 duplicate /gene - focA_1 focA_2
[17:31:24] Fixed 2 duplicate /gene - yjcC_1 yjcC_2
[17:31:24] Fixed 3 duplicate /gene - gcvA_1 gcvA_2 gcvA_3
[17:31:24] Fixed 2 duplicate /gene - proS_1 proS_2
[17:31:24] Fixed 2 duplicate /gene - aglB_1 aglB_2
[17:31:24] Fixed 2 duplicate /gene - hflK_1 hflK_2
[17:31:24] Fixed 2 duplicate /gene - ycgE_1 ycgE_2
[17:31:24] Fixed 2 duplicate /gene - aroP_1 aroP_2
[17:31:24] Fixed 4 duplicate /gene - glpR_1 glpR_2 glpR_3 glpR_4
[17:31:24] Fixed 2 duplicate /gene - matA_1 matA_2
[17:31:24] Fixed 2 duplicate /gene - gntK_1 gntK_2
[17:31:24] Fixed 2 duplicate /gene - ydhP_1 ydhP_2
[17:31:24] Fixed 2 duplicate /gene - lacR_1 lacR_2
[17:31:24] Fixed 2 duplicate /gene - cysW_1 cysW_2
[17:31:24] Fixed 2 duplicate /gene - yicI_1 yicI_2
[17:31:24] Fixed 2 duplicate /gene - sfaG_1 sfaG_2
[17:31:24] Fixed 2 duplicate /gene - rhtC_1 rhtC_2
[17:31:24] Fixed 2 duplicate /gene - intS_1 intS_2
[17:31:24] Fixed 3 duplicate /gene - manP_1 manP_2 manP_3
[17:31:24] Fixed 2 duplicate /gene - purR_1 purR_2
[17:31:24] Fixed 4 duplicate /gene - ldrD_1 ldrD_2 ldrD_3 ldrD_4
[17:31:24] Fixed 3 duplicate /gene - fdhF_1 fdhF_2 fdhF_3
[17:31:24] Fixed 2 duplicate /gene - ptsG_1 ptsG_2
[17:31:24] Fixed 2 duplicate /gene - dnaC_1 dnaC_2
[17:31:24] Fixed 2 duplicate /gene - yfjZ_1 yfjZ_2
[17:31:24] Fixed 2 duplicate /gene - dapH_1 dapH_2
[17:31:24] Fixed 2 duplicate /gene - cdsA_1 cdsA_2
[17:31:24] Fixed 2 duplicate /gene - htrB_1 htrB_2
[17:31:24] Fixed 3 duplicate /gene - cynR_1 cynR_2 cynR_3
[17:31:24] Fixed 3 duplicate /gene - fimC_1 fimC_2 fimC_3
[17:31:24] Fixed 2 duplicate /gene - pitA_1 pitA_2
[17:31:24] Fixed 2 duplicate /gene - yiaW_1 yiaW_2
[17:31:24] Fixed 2 duplicate /gene - nagC_1 nagC_2
[17:31:24] Fixed 2 duplicate /gene - ydhX_1 ydhX_2
[17:31:24] Fixed 2 duplicate /gene - prfB_1 prfB_2
[17:31:24] Fixed 2 duplicate /gene - yahA_1 yahA_2
[17:31:24] Fixed 2 duplicate /gene - yihP_1 yihP_2
[17:31:24] Fixed 2 duplicate /gene - ygcS_1 ygcS_2
[17:31:24] Fixed 2 duplicate /gene - zraS_1 zraS_2
[17:31:24] Fixed 2 duplicate /gene - gstB_1 gstB_2
[17:31:24] Fixed 2 duplicate /gene - ybiP_1 ybiP_2
[17:31:24] Fixed 2 duplicate /gene - fucA_1 fucA_2
[17:31:24] Fixed 286 colliding /gene names.
[17:31:24] Adding /locus_tag identifiers
[17:31:24] Assigned 4398 locus_tags to CDS and RNA features.
[17:31:24] Writing outputs to results/prokka/BW25113/
[17:31:44] Generating annotation statistics file
[17:31:44] Generating Genbank and Sequin files
[17:31:44] Running: tbl2asn -V b -a r10k -l paired-ends -M n -N 1 -y 'Annotated using prokka 1.11 from http://www.vicbioinformatics.com' -Z results\/prokka\/BW25113\/BW25113_03142017\.err -i results\/prokka\/BW25113\/BW25113_03142017\.fsa 2> /dev/null
[17:32:12] Could not run command: tbl2asn -V b -a r10k -l paired-ends -M n -N 1 -y 'Annotated using prokka 1.11 from http://www.vicbioinformatics.com' -Z results\/prokka\/BW25113\/BW25113_03142017\.err -i results\/prokka\/BW25113\/BW25113_03142017\.fsa 2> /dev/null
