[15:01:03] Command: --outdir /home/fatemeh/Desktop/prokka/BN373 --locustag BN373 --genus Klebsiella --species pneumoniae --kingdom Bacteria --gram neg /home/fatemeh/EnTrI/data/fasta-genome/chromosome/BN373.fa
[15:01:03] Looking for 'aragorn' - found /usr/bin/aragorn
[15:01:03] Determined aragorn version is 1.2
[15:01:03] Looking for 'blastp' - found /usr/bin/blastp
[15:01:04] Determined blastp version is 2.2
[15:01:04] Looking for 'cmpress' - found /usr/local/bin/cmpress
[15:01:04] Determined cmpress version is 1.1
[15:01:04] Looking for 'cmscan' - found /usr/local/bin/cmscan
[15:01:04] Determined cmscan version is 1.1
[15:01:04] Looking for 'egrep' - found /bin/egrep
[15:01:04] Looking for 'find' - found /usr/bin/find
[15:01:04] Looking for 'grep' - found /bin/grep
[15:01:04] Looking for 'hmmpress' - found /usr/local/bin/hmmpress
[15:01:04] Determined hmmpress version is 3.1
[15:01:04] Looking for 'hmmscan' - found /usr/local/bin/hmmscan
[15:01:04] Determined hmmscan version is 3.1
[15:01:04] Looking for 'less' - found /usr/bin/less
[15:01:04] Looking for 'makeblastdb' - found /usr/bin/makeblastdb
[15:01:04] Determined makeblastdb version is 2.2
[15:01:04] Looking for 'minced' - found /home/fatemeh/program-bank/prokka-1.11/bin/../binaries/linux/../common/minced
[15:01:04] Determined minced version is 1.6
[15:01:04] Looking for 'parallel' - found /usr/bin/parallel
[15:01:04] Determined parallel version is 20130922
[15:01:04] Looking for 'prodigal' - found /usr/bin/prodigal
[15:01:04] Determined prodigal version is 2.6
[15:01:04] Looking for 'prokka-genbank_to_fasta_db' - found /home/fatemeh/program-bank/prokka-1.11/bin/prokka-genbank_to_fasta_db
[15:01:04] Looking for 'sed' - found /bin/sed
[15:01:04] Looking for 'signalp' - found /home/fatemeh/program-bank/signalp
[15:01:05] Determined signalp version is 4.1
[15:01:05] Looking for 'tbl2asn' - found /home/fatemeh/program-bank/tbl2asn
[15:01:05] Determined tbl2asn version is 23.9
[15:01:05] Using genetic code table 11.
[15:01:05] Loading and checking input file: /home/fatemeh/EnTrI/data/fasta-genome/chromosome/BN373.fa
[15:01:06] Wrote 1 contigs
[15:01:06] Predicting tRNAs and tmRNAs
[15:01:06] Running: aragorn -gc11  -w \/home\/fatemeh\/Desktop\/prokka\/BN373\/BN373_03082017\.fna
[15:01:11] 1 tRNA-Phe c[143525,143600] 34 (gaa)
[15:01:11] 2 tRNA-Gly [185598,185673] 34 (gcc)
[15:01:11] 3 tRNA-Gly [185742,185817] 34 (gcc)
[15:01:11] 4 tRNA-Gly [185890,185965] 34 (gcc)
[15:01:11] 5 tRNA-Leu [326235,326319] 35 (caa)
[15:01:11] 6 tRNA-Ser c[485612,485698] 35 (cag)
[15:01:11] 7 tRNA-Ser c[485730,485816] 35 (cag)
[15:01:11] 8 tRNA-Ser c[485845,485931] 35 (cag)
[15:01:11] 9 tRNA-Asp [772925,773001] 35 (gtc)
[15:01:11] 10 tRNA-Asp [782378,782454] 35 (gtc)
[15:01:11] 11 tRNA-Thr c[837206,837279] 34 (cgt)
[15:01:11] 12 tRNA-Arg [1051386,1051462] 35 (tct)
[15:01:11] 13 tRNA-Asn [1071236,1071310] 33 (gtt)
[15:01:11] 14 tRNA-Arg [1071316,1071392] 35 (tct)
[15:01:11] 15 tRNA-Gln c[1349643,1349717] 33 (ctg)
[15:01:11] 16 tRNA-Gln c[1349793,1349867] 33 (ctg)
[15:01:11] 17 tRNA-Met c[1349915,1349991] 35 (cat)
[15:01:11] 18 tRNA-Gln c[1350015,1350089] 33 (ttg)
[15:01:11] 19 tRNA-Gln c[1350126,1350200] 33 (ttg)
[15:01:11] 20 tRNA-Leu c[1350224,1350308] 35 (tag)
[15:01:11] 21 tRNA-Met c[1350317,1350393] 35 (cat)
[15:01:11] 22 tRNA-Lys [1409012,1409087] 34 (ttt)
[15:01:11] 23 tRNA-Val [1409213,1409288] 34 (tac)
[15:01:11] 24 tRNA-Lys [1409291,1409366] 34 (ttt)
[15:01:11] 25 tRNA-Val [1409516,1409591] 34 (tac)
[15:01:11] 26 tRNA-Lys [1409595,1409670] 34 (ttt)
[15:01:11] 27 tRNA-Lys [1409817,1409892] 34 (ttt)
[15:01:11] 28 tRNA-Lys [1410026,1410101] 34 (ttt)
[15:01:11] 29 tRNA-Ser [1731656,1731743] 35 (tga)
[15:01:11] 30 tRNA-Ser c[1776335,1776422] 35 (gga)
[15:01:11] 31 tRNA-Ser c[1782217,1782304] 35 (gga)
[15:01:11] 32 tRNA-Val [2708699,2708775] 35 (gac)
[15:01:11] 33 tRNA-Val [2708780,2708856] 35 (gac)
[15:01:11] 34 tRNA-Val [2708861,2708937] 35 (gac)
[15:01:11] 35 tRNA-Tyr [2932503,2932587] 35 (gta)
[15:01:11] 36 tRNA-Tyr [2932792,2932876] 35 (gta)
[15:01:11] 37 tRNA-Leu c[3141006,3141092] 35 (taa)
[15:01:11] 38 tRNA-Cys c[3141106,3141179] 33 (gca)
[15:01:11] 39 tRNA-Gly c[3141220,3141295] 34 (gcc)
[15:01:11] 40 tRNA-Ser c[3162401,3162490] 35 (cga)
[15:01:11] 41 tRNA-Asn [3163482,3163557] 34 (gtt)
[15:01:11] 42 tRNA-Asn [3168365,3168440] 34 (gtt)
[15:01:11] 43 tRNA-Asn c[3177286,3177361] 34 (gtt)
[15:01:11] 44 tRNA-Asn [3179119,3179194] 34 (gtt)
[15:01:11] 45 tRNA-Pro [3409664,3409740] 35 (ggg)
[15:01:11] 46 tRNA-Thr c[3561237,3561312] 34 (tgt)
[15:01:11] 47 tRNA-Arg [3573143,3573217] 34 (cct)
[15:01:11] 48 tRNA-Ala c[3593535,3593610] 34 (ggc)
[15:01:11] 49 tRNA-Ala c[3593652,3593727] 34 (ggc)
[15:01:11] 50 tRNA-Val [3596426,3596501] 34 (tac)
[15:01:11] 51 tRNA-Val [3596547,3596622] 34 (tac)
[15:01:11] 52 tRNA-Val [3596669,3596744] 34 (tac)
[15:01:11] 53 tRNA-Lys [3596749,3596824] 34 (ttt)
[15:01:11] 54 tRNA-Glu c[3773842,3773917] 35 (ttc)
[15:01:11] 55 tmRNA [3801940,3802302] 90,125 ANDENYALAA**
[15:01:11] 56 tRNA-Arg c[3869173,3869249] 35 (acg)
[15:01:11] 57 tRNA-Arg c[3869478,3869554] 35 (acg)
[15:01:11] 58 tRNA-Arg c[3869616,3869692] 35 (acg)
[15:01:11] 59 tRNA-Arg c[3869843,3869919] 35 (acg)
[15:01:11] 60 tRNA-Ser c[3869924,3870016] 35 (gct)
[15:01:11] 61 tRNA-Met [4036264,4036340] 35 (cat)
[15:01:11] 62 tRNA-Met [4036374,4036450] 35 (cat)
[15:01:11] 63 tRNA-Met [4036483,4036559] 35 (cat)
[15:01:11] 64 tRNA-Gly c[4214026,4214099] 33 (ccc)
[15:01:11] 65 tRNA-Phe [4286216,4286291] 34 (gaa)
[15:01:11] 66 tRNA-Met [4365754,4365829] 34 (cat)
[15:01:11] 67 tRNA-Met c[4471612,4471688] 35 (cat)
[15:01:11] 68 tRNA-Leu c[4475619,4475705] 35 (gag)
[15:01:11] 69 tRNA-Thr c[4560062,4560137] 34 (ggt)
[15:01:11] 70 tRNA-Pro c[4798977,4799053] 35 (cgg)
[15:01:11] 71 tRNA-seC [4934760,4934854] 35 (tca)
[15:01:11] 72 tRNA-Asp [5184904,5184980] 35 (gtc)
[15:01:11] 73 tRNA-Trp [5185034,5185109] 34 (cca)
[15:01:11] 74 tRNA-Arg [5223141,5223217] 35 (ccg)
[15:01:11] 75 tRNA-His [5223273,5223348] 34 (gtg)
[15:01:11] 76 tRNA-Ser [5223372,5223458] 35 (cag)
[15:01:11] 77 tRNA-Pro [5223501,5223577] 35 (tgg)
[15:01:11] 78 tRNA-Glu [5274480,5274555] 35 (ttc)
[15:01:11] 79 tRNA-Ile [5274975,5275051] 35 (gat)
[15:01:11] 80 tRNA-Ala [5275088,5275163] 34 (tgc)
[15:01:11] 81 tRNA-Thr [5283784,5283859] 34 (tgt)
[15:01:11] 82 tRNA-Tyr [5283870,5283954] 35 (gta)
[15:01:11] 83 tRNA-Gly [5284070,5284144] 34 (tcc)
[15:01:11] 84 tRNA-Thr [5284150,5284225] 34 (ggt)
[15:01:11] Found 84 tRNAs
[15:01:11] Predicting Ribosomal RNAs
[15:01:11] You need either Barrnap or RNAmmer installed to predict rRNAs!
[15:01:11] Skipping ncRNA search, enable with --rfam if desired.
[15:01:11] Total of 83 tRNA + rRNA features
[15:01:11] Searching for CRISPR repeats
[15:01:13] Found 0 CRISPRs
[15:01:13] Predicting coding sequences
[15:01:13] Contigs total 5324709 bp, so using single mode
[15:01:13] Running: prodigal -i \/home\/fatemeh\/Desktop\/prokka\/BN373\/BN373_03082017\.fna -c -m -g 11 -p single -f sco -q
[15:01:28] Excluding CDS which overlaps existing RNA (tRNA) at HF536482:325686..326504 on + strand
[15:01:33] Excluding CDS which overlaps existing RNA (tRNA) at HF536482:1775917..1776408 on - strand
[15:01:40] Excluding CDS which overlaps existing RNA (tRNA) at HF536482:4471513..4471719 on + strand
[15:01:42] Excluding CDS which overlaps existing RNA (tRNA) at HF536482:5223477..5223629 on - strand
[15:01:43] Found 4936 CDS
[15:01:43] Connecting features back to sequences
[15:01:43] Looking for signal peptides at start of predicted proteins
[15:01:43] Treating Bacteria as gram-
[15:01:53] Running: signalp -t gram- -f short  \/home\/fatemeh\/Desktop\/prokka\/BN373\/signalp\.faa 2> /dev/null
[15:12:35] Found 472 signal peptides
[15:12:35] Deleting unwanted file: /home/fatemeh/Desktop/prokka/BN373/signalp.faa
[15:12:35] Not using genus-specific database. Try --usegenus to enable it.
[15:12:35] Annotating CDS, please be patient.
[15:12:35] Will use 4 CPUs for similarity searching.
[15:12:43] There are still 4936 unannotated CDS left (started with 4936)
[15:12:43] Will use blast to search against /home/fatemeh/program-bank/prokka-1.11/bin/../db/kingdom/Bacteria/sprot with 4 CPUs
[15:12:43] Running: cat \/home\/fatemeh\/Desktop\/prokka\/BN373\/sprot\.faa | parallel --gnu --plain -j 4 --block 198113 --recstart '>' --pipe blastp -query - -db /home/fatemeh/program-bank/prokka-1.11/bin/../db/kingdom/Bacteria/sprot -evalue 1e-06 -num_threads 1 -num_descriptions 1 -num_alignments 1 -seg no > \/home\/fatemeh\/Desktop\/prokka\/BN373\/sprot\.blast 2> /dev/null
[15:22:43] Modify product: Uncharacterized N-acetyltransferase YjaB => putative N-acetyltransferase YjaB
[15:22:43] Modify product: Shikimate 5-dehydrogenase-like protein HI_0607 => Shikimate 5-dehydrogenase-like protein
[15:22:43] Modify product: Probable tRNA-dihydrouridine synthase => putative tRNA-dihydrouridine synthase
[15:22:43] Modify product: Uncharacterized membrane protein YjcC => putative membrane protein YjcC
[15:22:43] Modify product: Uncharacterized fimbrial-like protein YcbV precursor => putative fimbrial-like protein YcbV precursor
[15:22:43] Modify product: Probable transcriptional regulator PhnF => putative transcriptional regulator PhnF
[15:22:43] Modify product: Probable outer membrane usher protein ElfC precursor => putative outer membrane usher protein ElfC precursor
[15:22:43] Modify product: Probable L-ascorbate-6-phosphate lactonase UlaG => putative L-ascorbate-6-phosphate lactonase UlaG
[15:22:43] Modify product: Probable licABCH operon regulator => putative licABCH operon regulator
[15:22:43] Modify product: Probable 6-phospho-beta-glucosidase => putative 6-phospho-beta-glucosidase
[15:22:43] Modify product: Uncharacterized HTH-type transcriptional regulator YurK => putative HTH-type transcriptional regulator YurK
[15:22:43] Modify product: Uncharacterized HTH-type transcriptional regulator YbbH => putative HTH-type transcriptional regulator YbbH
[15:22:43] Modify product: Probable type I restriction enzyme BthVORF4518P M protein => putative type I restriction enzymeP M protein
[15:22:44] Modify product: Probable glycerophosphoryl diester phosphodiesterase 1 => putative glycerophosphoryl diester phosphodiesterase 1
[15:22:44] Modify product: Uncharacterized ABC transporter ATP-binding protein YbhF => putative ABC transporter ATP-binding protein YbhF
[15:22:44] Modify product: Probable multidrug resistance protein EmrK => putative multidrug resistance protein EmrK
[15:22:44] Modify product: Uncharacterized HTH-type transcriptional regulator YjiR => putative HTH-type transcriptional regulator YjiR
[15:22:44] Modify product: Uncharacterized GTP-binding protein YjiA => putative GTP-binding protein YjiA
[15:22:44] Modify product: Uncharacterized HTH-type transcriptional regulator YbbH => putative HTH-type transcriptional regulator YbbH
[15:22:44] Modify product: Uncharacterized deoxyribonuclease YjjV => putative deoxyribonuclease YjjV
[15:22:44] Modify product: DNA repair protein RadA homolog => hypothetical protein
[15:22:44] Modify product: Uncharacterized ABC transporter ATP-binding protein YjjK => putative ABC transporter ATP-binding protein YjjK
[15:22:44] Modify product: Uncharacterized tRNA/rRNA methyltransferase HI_0380 => putative tRNA/rRNA methyltransferase
[15:22:44] Modify product: Uncharacterized lipoprotein YgdR precursor => putative lipoprotein YgdR precursor
[15:22:44] Modify product: Probable glucarate transporter => putative glucarate transporter
[15:22:44] Modify product: Uncharacterized oxidoreductase YciK => putative oxidoreductase YciK
[15:22:44] Modify product: Probable protease SohB => putative protease SohB
[15:22:44] Modify product: Probable D,D-dipeptide transport ATP-binding protein DdpD => putative D,D-dipeptide transport ATP-binding protein DdpD
[15:22:44] Modify product: Uncharacterized sugar epimerase YhfK => putative sugar epimerase YhfK
[15:22:44] Modify product: Uncharacterized hydrolase YxeP => putative hydrolase YxeP
[15:22:44] Modify product: Probable 6-phospho-beta-glucosidase => putative 6-phospho-beta-glucosidase
[15:22:44] Modify product: Uncharacterized oxidoreductase YtbE => putative oxidoreductase YtbE
[15:22:44] Modify product: Probable quorum-quenching lactonase YtnP => putative quorum-quenching lactonase YtnP
[15:22:44] Modify product: Probable D-methionine-binding lipoprotein MetQ precursor => putative D-methionine-binding lipoprotein MetQ precursor
[15:22:44] Modify product: Uncharacterized oxidoreductase YdgJ => putative oxidoreductase YdgJ
[15:22:44] Modify product: Uncharacterized oxidoreductase CzcO => putative oxidoreductase CzcO
[15:22:44] Modify product: Putative acetyltransferase SACOL2570 => Putative acetyltransferase
[15:22:44] Modify product: Putative O-methyltransferase MSMEG_5073/MSMEI_4947 => Putative O-methyltransferase/MSMEI_4947
[15:22:45] Modify product: Probable multidrug resistance protein EmrK => putative multidrug resistance protein EmrK
[15:22:45] Modify product: DNA replication terminus site-binding protein => hypothetical protein
[15:22:45] Modify product: Probable DNA endonuclease SmrA => putative DNA endonuclease SmrA
[15:22:45] Modify product: Uncharacterized MscS family protein HI_0195.1 precursor => putative MscS family protein.1 precursor
[15:22:45] Modify product: Uncharacterized HTH-type transcriptional regulator YdfH => putative HTH-type transcriptional regulator YdfH
[15:22:45] Modify product: Probable amino-acid metabolite efflux pump => putative amino-acid metabolite efflux pump
[15:22:45] Modify product: Uncharacterized isomerase YddE => putative isomerase YddE
[15:22:45] Modify product: Uncharacterized N-acetyltransferase YsnE => putative N-acetyltransferase YsnE
[15:22:45] Modify product: Probable diguanylate cyclase YcdT => putative diguanylate cyclase YcdT
[15:22:45] Modify product: Uncharacterized HTH-type transcriptional regulator YidP => putative HTH-type transcriptional regulator YidP
[15:22:45] Modify product: Probable succinyl-diaminopimelate desuccinylase => putative succinyl-diaminopimelate desuccinylase
[15:22:45] Modify product: Uncharacterized HTH-type transcriptional regulator YybR => putative HTH-type transcriptional regulator YybR
[15:22:45] Modify product: Probable allantoin permease => putative allantoin permease
[15:22:45] Modify product: Probable diguanylate cyclase YdaM => putative diguanylate cyclase YdaM
[15:22:45] Modify product: Probable diguanylate cyclase YdaM => putative diguanylate cyclase YdaM
[15:22:45] Modify product: Putative thiamine biosynthesis protein HI_0357 => Putative thiamine biosynthesis protein
[15:22:45] Modify product: Uncharacterized oxidoreductase YghA => putative oxidoreductase YghA
[15:22:45] Modify product: Uncharacterized ABC transporter ATP-binding protein YheS => putative ABC transporter ATP-binding protein YheS
[15:22:45] Modify product: Probable D,D-dipeptide transport system permease protein DdpC => putative D,D-dipeptide transport system permease protein DdpC
[15:22:45] Modify product: Probable nitrate reductase molybdenum cofactor assembly chaperone NarW => putative nitrate reductase molybdenum cofactor assembly chaperone NarW
[15:22:45] Modify product: Uncharacterized hydrolase YxeP => putative hydrolase YxeP
[15:22:45] Modify product: Uncharacterized lipoprotein YgdR precursor => putative lipoprotein YgdR precursor
[15:22:46] Modify product: Uncharacterized HTH-type transcriptional regulator YdcR => putative HTH-type transcriptional regulator YdcR
[15:22:46] Modify product: Uncharacterized protease YhbU precursor => putative protease YhbU precursor
[15:22:46] Modify product: Uncharacterized lipoprotein ChiQ precursor => putative lipoprotein ChiQ precursor
[15:22:46] Modify product: Uncharacterized ABC transporter ATP-binding protein YlmA => putative ABC transporter ATP-binding protein YlmA
[15:22:46] Modify product: Probable two-component-system connector protein AriR => putative two-component-system connector protein AriR
[15:22:46] Modify product: Probable two-component-system connector protein YcgZ => putative two-component-system connector protein YcgZ
[15:22:46] Modify product: Probable cation-transporting ATPase F => putative cation-transporting ATPase F
[15:22:46] Modify product: Uncharacterized ABC transporter ATP-binding protein YbhF => putative ABC transporter ATP-binding protein YbhF
[15:22:46] Modify product: Probable glucarate transporter => putative glucarate transporter
[15:22:46] Modify product: Probable ATP-dependent helicase DinG => putative ATP-dependent helicase DinG
[15:22:46] Modify product: Probable L,D-transpeptidase YbiS precursor => putative L,D-transpeptidase YbiS precursor
[15:22:46] Modify product: Uncharacterized ABC transporter ATP-binding protein YheS => putative ABC transporter ATP-binding protein YheS
[15:22:46] Modify product: Uncharacterized lipoprotein YbjP precursor => putative lipoprotein YbjP precursor
[15:22:46] Modify product: Uncharacterized MFS-type transporter YcaD => putative MFS-type transporter YcaD
[15:22:46] Modify product: Probable formate transporter 1 => putative formate transporter 1
[15:22:46] Modify product: Probable metallo-hydrolase M6_Spy0554 => putative metallo-hydrolase
[15:22:46] Modify product: Uncharacterized hydrolase YxeP => putative hydrolase YxeP
[15:22:46] Modify product: Probable malonic semialdehyde reductase RutE => putative malonic semialdehyde reductase RutE
[15:22:46] Modify product: Probable phosphatase YcdX => putative phosphatase YcdX
[15:22:47] Modify product: Uncharacterized lipoprotein YceB precursor => putative lipoprotein YceB precursor
[15:22:47] Modify product: Probable peptidoglycan biosynthesis protein MurJ => putative peptidoglycan biosynthesis protein MurJ
[15:22:47] Modify product: Uncharacterized deoxyribonuclease YcfH => putative deoxyribonuclease YcfH
[15:22:47] Modify product: Probable L,D-transpeptidase YcfS precursor => putative L,D-transpeptidase YcfS precursor
[15:22:47] Modify product: Probable diguanylate cyclase AdrA => putative diguanylate cyclase AdrA
[15:22:47] Modify product: Uncharacterized membrane protein YoaK => putative membrane protein YoaK
[15:22:47] Modify product: Probable diguanylate cyclase YeaP => putative diguanylate cyclase YeaP
[15:22:47] Modify product: Stress response UPF0229 protein YhbH => hypothetical protein
[15:22:47] Modify product: Uncharacterized acyl-CoA thioester hydrolase HI_0827 => putative acyl-CoA thioester hydrolase
[15:22:47] Modify product: Probable intracellular septation protein A => putative intracellular septation protein A
[15:22:47] Modify product: PKHD-type hydroxylase Sbal_3634 => PKHD-type hydroxylase
[15:22:47] Modify product: Probable tRNA (adenine(37)-N6)-methyltransferase => putative tRNA (adenine(37)-N6)-methyltransferase
[15:22:47] Modify product: Uncharacterized methyltransferase YcgJ => putative methyltransferase YcgJ
[15:22:47] Modify product: Probable glycerophosphoryl diester phosphodiesterase 1 => putative glycerophosphoryl diester phosphodiesterase 1
[15:22:47] Modify product: Uncharacterized N-acetyltransferase YafP => putative N-acetyltransferase YafP
[15:22:47] Modify product: Probable glutamine ABC transporter permease protein GlnP => putative glutamine ABC transporter permease protein GlnP
[15:22:47] Modify product: Fimbrillin MatB homolog precursor => hypothetical protein
[15:22:47] Modify product: Probable glutamine ABC transporter permease protein GlnP => putative glutamine ABC transporter permease protein GlnP
[15:22:47] Modify product: Probable glutamine ABC transporter permease protein GlnP => putative glutamine ABC transporter permease protein GlnP
[15:22:47] Modify product: Leu/Ile/Val-binding protein homolog 3 precursor => hypothetical protein
[15:22:47] Modify product: Uncharacterized amino acid permease YhdG => putative amino acid permease YhdG
[15:22:47] Modify product: Probable peroxiredoxin => putative peroxiredoxin
[15:22:47] Modify product: Uncharacterized lipoprotein YajI precursor => putative lipoprotein YajI precursor
[15:22:48] Modify product: Uncharacterized oxidoreductase YcjS => putative oxidoreductase YcjS
[15:22:48] Modify product: Probable siderophore biosynthesis protein SbnA => putative siderophore biosynthesis protein SbnA
[15:22:48] Modify product: Probable multidrug resistance ABC transporter ATP-binding/permease protein YheI => putative multidrug resistance ABC transporter ATP-binding/permease protein YheI
[15:22:48] Modify product: Uncharacterized membrane protein YjcC => putative membrane protein YjcC
[15:22:48] Modify product: Uncharacterized ABC transporter ATP-binding protein YbbL => putative ABC transporter ATP-binding protein YbbL
[15:22:48] Modify product: Uncharacterized ABC transporter ATP-binding protein Rv0986/MT1014 => putative ABC transporter ATP-binding protein/MT1014
[15:22:48] Modify product: Bifunctional protein FolD => Bifunctional protein FolD protein
[15:22:48] Modify product: Uncharacterized HTH-type transcriptional regulator HI_1476 => putative HTH-type transcriptional regulator
[15:22:48] Modify product: Uncharacterized fimbrial-like protein YcbV precursor => putative fimbrial-like protein YcbV precursor
[15:22:48] Modify product: Probable cadaverine/lysine antiporter => putative cadaverine/lysine antiporter
[15:22:48] Modify product: Probable dipeptide and tripeptide permease YjdL => putative dipeptide and tripeptide permease YjdL
[15:22:48] Modify product: Uncharacterized hydrolase YxeP => putative hydrolase YxeP
[15:22:48] Modify product: Uncharacterized oxidoreductase YcjS => putative oxidoreductase YcjS
[15:22:48] Modify product: Probable cation-transporting ATPase F => putative cation-transporting ATPase F
[15:22:48] Modify product: Uncharacterized HTH-type transcriptional regulator YjiR => putative HTH-type transcriptional regulator YjiR
[15:22:48] Modify product: Uncharacterized HTH-type transcriptional regulator YdcR => putative HTH-type transcriptional regulator YdcR
[15:22:48] Modify product: Probable D,D-dipeptide transport ATP-binding protein DdpF => putative D,D-dipeptide transport ATP-binding protein DdpF
[15:22:48] Modify product: Probable D,D-dipeptide transport system permease protein DdpC => putative D,D-dipeptide transport system permease protein DdpC
[15:22:48] Modify product: Probable D,D-dipeptide-binding periplasmic protein DdpA precursor => putative D,D-dipeptide-binding periplasmic protein DdpA precursor
[15:22:48] Modify product: Uncharacterized GST-like protein YibF => putative GST-like protein YibF
[15:22:48] Modify product: Probable siderophore transport system ATP-binding protein YusV => putative siderophore transport system ATP-binding protein YusV
[15:22:48] Modify product: Uncharacterized sugar kinase YdjH => putative sugar kinase YdjH
[15:22:48] Modify product: Uncharacterized HTH-type transcriptional regulator YbdO => putative HTH-type transcriptional regulator YbdO
[15:22:48] Modify product: Uncharacterized HTH-type transcriptional regulator YbdO => putative HTH-type transcriptional regulator YbdO
[15:22:48] Modify product: Universal stress protein A homolog => hypothetical protein
[15:22:49] Modify product: Uncharacterized HTH-type transcriptional regulator RhmR => putative HTH-type transcriptional regulator RhmR
[15:22:49] Modify product: Uncharacterized Nudix hydrolase YfcD => putative Nudix hydrolase YfcD
[15:22:49] Modify product: Epimerase family protein SA0724 => Epimerase family protein
[15:22:49] Modify product: Probable galactarate transporter => putative galactarate transporter
[15:22:49] Modify product: Probable DNA endonuclease SmrA => putative DNA endonuclease SmrA
[15:22:49] Modify product: Probable phospholipid-binding lipoprotein MlaA precursor => putative phospholipid-binding lipoprotein MlaA precursor
[15:22:49] Modify product: Uncharacterized transporter YycB => putative transporter YycB
[15:22:49] Modify product: Uncharacterized HTH-type transcriptional regulator YdcR => putative HTH-type transcriptional regulator YdcR
[15:22:49] Modify product: Probable deferrochelatase/peroxidase YfeX => putative deferrochelatase/peroxidase YfeX
[15:22:49] Modify product: Probable 3-phenylpropionic acid transporter => putative 3-phenylpropionic acid transporter
[15:22:49] Modify product: Uncharacterized ferredoxin-like protein YfhL => putative ferredoxin-like protein YfhL
[15:22:49] Modify product: Probable diguanylate cyclase YfiN => putative diguanylate cyclase YfiN
[15:22:49] Modify product: Probable inorganic polyphosphate/ATP-NAD kinase => putative inorganic polyphosphate/ATP-NAD kinase
[15:22:49] Modify product: Probable HTH-type transcriptional regulator YgaV => putative HTH-type transcriptional regulator YgaV
[15:22:49] Modify product: Probable siderophore transport system ATP-binding protein YusV => putative siderophore transport system ATP-binding protein YusV
[15:22:49] Modify product: Uncharacterized periplasmic iron-binding protein HI_0362 precursor => putative periplasmic iron-binding protein precursor
[15:22:50] Modify product: Probable hemoglobin and hemoglobin-haptoglobin-binding protein 2 precursor => putative hemoglobin and hemoglobin-haptoglobin-binding protein 2 precursor
[15:22:50] Modify product: Probable aromatic acid decarboxylase => putative aromatic acid decarboxylase
[15:22:50] Modify product: Probable transport protein HsrA => putative transport protein HsrA
[15:22:50] Modify product: Probable glucarate transporter => putative glucarate transporter
[15:22:50] Modify product: Uncharacterized lipoprotein YgdR precursor => putative lipoprotein YgdR precursor
[15:22:50] Modify product: Probable cobalt-precorrin-6Y C(15)-methyltransferase [decarboxylating] => putative cobalt-precorrin-6Y C(15)-methyltransferase [decarboxylating]
[15:22:50] Modify product: Probable cobalt-precorrin-6Y C(5)-methyltransferase => putative cobalt-precorrin-6Y C(5)-methyltransferase
[15:22:50] Modify product: Carbon dioxide-concentrating mechanism protein CcmK homolog 2 => hypothetical protein
[15:22:50] Modify product: Probable propionate kinase => putative propionate kinase
[15:22:50] Modify product: Uncharacterized lipoprotein YgdR precursor => putative lipoprotein YgdR precursor
[15:22:50] Modify product: Uncharacterized membrane protein YjcC => putative membrane protein YjcC
[15:22:50] Modify product: Probable multidrug resistance protein EmrK => putative multidrug resistance protein EmrK
[15:22:50] Modify product: Probable multidrug resistance protein EmrY => putative multidrug resistance protein EmrY
[15:22:50] Modify product: Probable D,D-dipeptide transport system permease protein DdpC => putative D,D-dipeptide transport system permease protein DdpC
[15:22:50] Modify product: Probable transport protein HsrA => putative transport protein HsrA
[15:22:50] Modify product: Probable 5-formyltetrahydrofolate cyclo-ligase => putative 5-formyltetrahydrofolate cyclo-ligase
[15:22:50] Modify product: Probable Fe(2+)-trafficking protein => putative Fe(2+)-trafficking protein
[15:22:50] Modify product: Uncharacterized membrane protein YdfK => putative membrane protein YdfK
[15:22:50] Modify product: Probable fimbrial chaperone protein ElfD precursor => putative fimbrial chaperone protein ElfD precursor
[15:22:50] Modify product: Probable fimbrial chaperone protein ElfD precursor => putative fimbrial chaperone protein ElfD precursor
[15:22:50] Modify product: Putative cystathionine beta-synthase Rv1077 => Putative cystathionine beta-synthase
[15:22:50] Modify product: Probable quinol monooxygenase YgiN => putative quinol monooxygenase YgiN
[15:22:50] Modify product: Probable glycerol-3-phosphate acyltransferase => putative glycerol-3-phosphate acyltransferase
[15:22:50] Modify product: Uncharacterized aldolase LsrF => putative aldolase LsrF
[15:22:51] Modify product: Probable galactarate transporter => putative galactarate transporter
[15:22:51] Modify product: Uncharacterized protease YhbU precursor => putative protease YhbU precursor
[15:22:51] Modify product: Transcription termination/antitermination protein NusA => hypothetical protein
[15:22:51] Modify product: Uncharacterized inner membrane transporter YhbE => putative inner membrane transporter YhbE
[15:22:51] Modify product: Probable phospholipid ABC transporter-binding protein MlaB => putative phospholipid ABC transporter-binding protein MlaB
[15:22:51] Modify product: Probable phospholipid-binding protein MlaC precursor => putative phospholipid-binding protein MlaC precursor
[15:22:51] Modify product: Probable phospholipid ABC transporter-binding protein MlaD => putative phospholipid ABC transporter-binding protein MlaD
[15:22:51] Modify product: Probable phospholipid ABC transporter permease protein MlaE => putative phospholipid ABC transporter permease protein MlaE
[15:22:51] Modify product: Probable phospholipid import ATP-binding protein MlaF => putative phospholipid import ATP-binding protein MlaF
[15:22:51] Modify product: Uncharacterized zinc-type alcohol dehydrogenase-like protein YjmD => putative zinc-type alcohol dehydrogenase-like protein YjmD
[15:22:51] Modify product: Probable acrEF/envCD operon repressor => putative acrEF/envCD operon repressor
[15:22:51] Modify product: Uncharacterized ABC transporter ATP-binding protein YheS => putative ABC transporter ATP-binding protein YheS
[15:22:51] Modify product: Probable adenosine monophosphate-protein transferase fic => putative adenosine monophosphate-protein transferase fic
[15:22:51] Modify product: Uncharacterized oxidoreductase YhhX => putative oxidoreductase YhhX
[15:22:51] Modify product: Probable 4-amino-4-deoxy-L-arabinose-phosphoundecaprenol flippase subunit ArnF => putative 4-amino-4-deoxy-L-arabinose-phosphoundecaprenol flippase subunit ArnF
[15:22:51] Modify product: Probable 4-amino-4-deoxy-L-arabinose-phosphoundecaprenol flippase subunit ArnE => putative 4-amino-4-deoxy-L-arabinose-phosphoundecaprenol flippase subunit ArnE
[15:22:51] Modify product: Probable 4-deoxy-4-formamido-L-arabinose-phosphoundecaprenol deformylase ArnD => putative 4-deoxy-4-formamido-L-arabinose-phosphoundecaprenol deformylase ArnD
[15:22:51] Modify product: Uncharacterized MFS-type transporter YhjX => putative MFS-type transporter YhjX
[15:22:51] Modify product: Uncharacterized N-acetyltransferase YjaB => putative N-acetyltransferase YjaB
[15:22:51] Modify product: Probable lipoprotein YiaD precursor => putative lipoprotein YiaD precursor
[15:22:51] Modify product: Uncharacterized ABC transporter ATP-binding protein YheS => putative ABC transporter ATP-binding protein YheS
[15:22:51] Modify product: Uncharacterized GST-like protein YibF => putative GST-like protein YibF
[15:22:51] Modify product: Uncharacterized glycosyltransferase EpsJ => putative glycosyltransferase EpsJ
[15:22:51] Modify product: Uncharacterized glycosyltransferase EpsJ => putative glycosyltransferase EpsJ
[15:22:52] Modify product: Uncharacterized ABC transporter ATP-binding protein YbhF => putative ABC transporter ATP-binding protein YbhF
[15:22:52] Modify product: Zinc-type alcohol dehydrogenase-like protein SA1988 => Zinc-type alcohol dehydrogenase-like protein
[15:22:52] Modify product: Uncharacterized inner membrane transporter YicL => putative inner membrane transporter YicL
[15:22:52] Modify product: Uncharacterized HTH-type transcriptional regulator YidP => putative HTH-type transcriptional regulator YidP
[15:22:52] Modify product: Probable adenine permease PurP => putative adenine permease PurP
[15:22:52] Modify product: Probable transport protein HsrA => putative transport protein HsrA
[15:22:52] Modify product: Probable acyltransferase YihG => putative acyltransferase YihG
[15:22:52] Modify product: Probable GTP-binding protein EngB => putative GTP-binding protein EngB
[15:22:52] Modify product: Probable fructose-bisphosphate aldolase => putative fructose-bisphosphate aldolase
[15:22:52] Modify product: Uncharacterized inner membrane transporter yiJE => putative inner membrane transporter yiJE
[15:22:52] Modify product: Uncharacterized membrane protein YdfK => putative membrane protein YdfK
[15:22:52] Modify product: Transcription termination factor Rho => hypothetical protein
[15:22:52] Modify product: Probable transport protein YifK => putative transport protein YifK
[15:22:52] Modify product: Probable protein kinase UbiB => putative protein kinase UbiB
[15:22:52] Modify product: Transcription termination/antitermination protein NusG => hypothetical protein
[15:22:52] Modify product: Probable diguanylate cyclase YdaM => putative diguanylate cyclase YdaM
[15:22:52] Modify product: Uncharacterized HTH-type transcriptional regulator YybR => putative HTH-type transcriptional regulator YybR
[15:22:52] Modify product: Uncharacterized oxidoreductase YdgJ => putative oxidoreductase YdgJ
[15:22:52] Modify product: Probable diguanylate cyclase YcdT => putative diguanylate cyclase YcdT
[15:22:53] Modify product: Uncharacterized response regulatory protein SACOL0201 => putative response regulatory protein
[15:22:53] Modify product: Probable D,D-dipeptide transport ATP-binding protein DdpD => putative D,D-dipeptide transport ATP-binding protein DdpD
[15:22:53] Modify product: Uncharacterized amino acid permease YhdG => putative amino acid permease YhdG
[15:22:53] Modify product: Uncharacterized FAD-linked oxidoreductase Rv2280 => putative FAD-linked oxidoreductase
[15:22:53] Modify product: Probable chromate transport protein => putative chromate transport protein
[15:22:53] Modify product: Probable succinyl-CoA:3-ketoacid coenzyme A transferase subunit A => putative succinyl-CoA:3-ketoacid coenzyme A transferase subunit A
[15:22:53] Modify product: Probable succinyl-CoA:3-ketoacid coenzyme A transferase subunit B => putative succinyl-CoA:3-ketoacid coenzyme A transferase subunit B
[15:22:53] Modify product: Probable 3-hydroxybutyryl-CoA dehydrogenase => putative 3-hydroxybutyryl-CoA dehydrogenase
[15:22:53] Modify product: Probable murein peptide carboxypeptidase => putative murein peptide carboxypeptidase
[15:22:53] Modify product: Uncharacterized oxidoreductase YbiC => putative oxidoreductase YbiC
[15:22:53] Modify product: Uncharacterized hydrolase YxeP => putative hydrolase YxeP
[15:22:53] Modify product: Uncharacterized MFS-type transporter YcaD => putative MFS-type transporter YcaD
[15:22:53] Modify product: Uncharacterized HTH-type transcriptional regulator YbbH => putative HTH-type transcriptional regulator YbbH
[15:22:53] Modify product: Probable siderophore transport system permease protein YfiZ precursor => putative siderophore transport system permease protein YfiZ precursor
[15:22:53] Modify product: Probable siderophore transport system ATP-binding protein YusV => putative siderophore transport system ATP-binding protein YusV
[15:22:53] Modify product: Probable ABC transporter permease protein HI_1471 => putative ABC transporter permease protein
[15:22:53] Modify product: Uncharacterized ABC transporter ATP-binding protein HI_1470 => putative ABC transporter ATP-binding protein
[15:22:53] Modify product: Probable L,D-transpeptidase YnhG precursor => putative L,D-transpeptidase YnhG precursor
[15:22:53] Modify product: Probable ATP-dependent transporter SufC => putative ATP-dependent transporter SufC
[15:22:53] Modify product: Probable siderophore transport system ATP-binding protein YusV => putative siderophore transport system ATP-binding protein YusV
[15:22:53] Modify product: Uncharacterized FAD-linked oxidoreductase Rv2280 => putative FAD-linked oxidoreductase
[15:22:53] Modify product: Cyclic nucleotide-gated potassium channel mll3241 => Cyclic nucleotide-gated potassium channel
[15:22:53] Modify product: Probable S-adenosyl-L-methionine-dependent methyltransferase TehB => putative S-adenosyl-L-methionine-dependent methyltransferase TehB
[15:22:53] Modify product: Probable ATP-dependent helicase DinG => putative ATP-dependent helicase DinG
[15:22:53] Modify product: Probable manganese efflux pump MntP => putative manganese efflux pump MntP
[15:22:53] Modify product: Uncharacterized HTH-type transcriptional regulator YbbH => putative HTH-type transcriptional regulator YbbH
[15:22:53] Modify product: Probable transcriptional regulatory protein YebC => putative transcriptional regulatory protein YebC
[15:22:53] Modify product: Probable transport protein HsrA => putative transport protein HsrA
[15:22:53] Modify product: Probable diguanylate cyclase YedQ => putative diguanylate cyclase YedQ
[15:22:53] Modify product: Uncharacterized inner membrane transporter YedA => putative inner membrane transporter YedA
[15:22:53] Modify product: Probable L,D-transpeptidase ErfK/SrfK precursor => putative L,D-transpeptidase ErfK/SrfK precursor
[15:22:53] Modify product: Probable acrylyl-CoA reductase AcuI => putative acrylyl-CoA reductase AcuI
[15:22:53] Modify product: Putative HTH-type transcriptional regulator Rv0890c/MT0914 => Putative HTH-type transcriptional regulator/MT0914
[15:22:53] Modify product: Probable diguanylate cyclase YeaP => putative diguanylate cyclase YeaP
[15:22:53] Modify product: Probable S-adenosyl-L-methionine-dependent methyltransferase TehB => putative S-adenosyl-L-methionine-dependent methyltransferase TehB
[15:22:54] Modify product: Uncharacterized glycosyltransferase YkoT => putative glycosyltransferase YkoT
[15:22:54] Modify product: Uncharacterized glycosyltransferase EpsJ => putative glycosyltransferase EpsJ
[15:22:54] Modify product: Uncharacterized protease YhbU precursor => putative protease YhbU precursor
[15:22:54] Modify product: Probable lipid kinase YegS => putative lipid kinase YegS
[15:22:54] Modify product: Probable D,D-dipeptide transport system permease protein DdpC => putative D,D-dipeptide transport system permease protein DdpC
[15:22:54] Modify product: Probable D,D-dipeptide transport system permease protein DdpB => putative D,D-dipeptide transport system permease protein DdpB
[15:22:54] Modify product: Probable D,D-dipeptide-binding periplasmic protein DdpA precursor => putative D,D-dipeptide-binding periplasmic protein DdpA precursor
[15:22:54] Cleaned 252 /product names
[15:22:54] Deleting unwanted file: /home/fatemeh/Desktop/prokka/BN373/sprot.faa
[15:22:54] Deleting unwanted file: /home/fatemeh/Desktop/prokka/BN373/sprot.blast
[15:22:56] There are still 1266 unannotated CDS left (started with 4936)
[15:22:56] Will use hmmer3 to search against /home/fatemeh/program-bank/prokka-1.11/bin/../db/hmm/CLUSTERS.hmm with 4 CPUs
[15:22:56] Running: cat \/home\/fatemeh\/Desktop\/prokka\/BN373\/CLUSTERS\.hmm\.faa | parallel --gnu --plain -j 4 --block 35635 --recstart '>' --pipe hmmscan --noali --notextw --acc -E 1e-06 --cpu 1 /home/fatemeh/program-bank/prokka-1.11/bin/../db/hmm/CLUSTERS.hmm /dev/stdin > \/home\/fatemeh\/Desktop\/prokka\/BN373\/CLUSTERS\.hmm\.hmmer3 2> /dev/null
[15:29:07] Deleting unwanted file: /home/fatemeh/Desktop/prokka/BN373/CLUSTERS.hmm.faa
[15:29:07] Deleting unwanted file: /home/fatemeh/Desktop/prokka/BN373/CLUSTERS.hmm.hmmer3
[15:29:09] There are still 906 unannotated CDS left (started with 4936)
[15:29:09] Will use hmmer3 to search against /home/fatemeh/program-bank/prokka-1.11/bin/../db/hmm/HAMAP.hmm with 4 CPUs
[15:29:09] Running: cat \/home\/fatemeh\/Desktop\/prokka\/BN373\/HAMAP\.hmm\.faa | parallel --gnu --plain -j 4 --block 24737 --recstart '>' --pipe hmmscan --noali --notextw --acc -E 1e-06 --cpu 1 /home/fatemeh/program-bank/prokka-1.11/bin/../db/hmm/HAMAP.hmm /dev/stdin > \/home\/fatemeh\/Desktop\/prokka\/BN373\/HAMAP\.hmm\.hmmer3 2> /dev/null
[15:30:30] Deleting unwanted file: /home/fatemeh/Desktop/prokka/BN373/HAMAP.hmm.faa
[15:30:30] Deleting unwanted file: /home/fatemeh/Desktop/prokka/BN373/HAMAP.hmm.hmmer3
[15:30:32] There are still 888 unannotated CDS left (started with 4936)
[15:30:32] Will use hmmer3 to search against /home/fatemeh/program-bank/prokka-1.11/bin/../db/hmm/Pfam.hmm with 4 CPUs
[15:30:32] Running: cat \/home\/fatemeh\/Desktop\/prokka\/BN373\/Pfam\.hmm\.faa | parallel --gnu --plain -j 4 --block 24194 --recstart '>' --pipe hmmscan --noali --notextw --acc -E 1e-06 --cpu 1 /home/fatemeh/program-bank/prokka-1.11/bin/../db/hmm/Pfam.hmm /dev/stdin > \/home\/fatemeh\/Desktop\/prokka\/BN373\/Pfam\.hmm\.hmmer3 2> /dev/null
[15:34:06] Modify product: Sodium Bile acid symporter family => Sodium Bile acid symporter family protein
[15:34:06] Modify product: Acetyltransferase (GNAT) family => Acetyltransferase (GNAT) family protein
[15:34:06] Modify product: Cupin domain => Cupin domain protein
[15:34:06] Modify product: Sel1 repeat => Sel1 repeat protein
[15:34:06] Modify product: Integral membrane protein TerC family => Integral membrane protein TerC family protein
[15:34:06] Modify product: DSBA-like thioredoxin domain => DSBA-like thioredoxin domain protein
[15:34:06] Modify product: Integrase core domain => Integrase core domain protein
[15:34:06] Modify product: Opacity-associated protein A LysM-like domain => Opacity-associated protein A LysM-like domain protein
[15:34:06] Modify product: Acetyltransferase (GNAT) family => Acetyltransferase (GNAT) family protein
[15:34:06] Modify product: PRD domain => PRD domain protein
[15:34:06] Modify product: Acetyltransferase (GNAT) family => Acetyltransferase (GNAT) family protein
[15:34:06] Modify product: AAA-like domain => AAA-like domain protein
[15:34:06] Modify product: AAA-like domain => AAA-like domain protein
[15:34:06] Modify product: Integrase core domain => Integrase core domain protein
[15:34:06] Modify product: ParB-like nuclease domain => ParB-like nuclease domain protein
[15:34:06] Modify product: SnoaL-like domain => SnoaL-like domain protein
[15:34:06] Modify product: Integrase core domain => Integrase core domain protein
[15:34:06] Modify product: Sodium:alanine symporter family => Sodium:alanine symporter family protein
[15:34:06] Modify product: ACT domain => ACT domain protein
[15:34:06] Modify product: Stress-induced bacterial acidophilic repeat motif => Stress-induced bacterial acidophilic repeat motif protein
[15:34:06] Modify product: HAMP domain => HAMP domain protein
[15:34:06] Modify product: YbaK / prolyl-tRNA synthetases associated domain => YbaK / prolyl-tRNA synthetases associated domain protein
[15:34:06] Modify product: PrkA AAA domain => PrkA AAA domain protein
[15:34:06] Modify product: Carboxymuconolactone decarboxylase family => Carboxymuconolactone decarboxylase family protein
[15:34:06] Modify product: EamA-like transporter family => EamA-like transporter family protein
[15:34:06] Modify product: Alpha/beta hydrolase family => Alpha/beta hydrolase family protein
[15:34:06] Modify product: HD domain => HD domain protein
[15:34:06] Modify product: PAAR motif => PAAR motif protein
[15:34:06] Modify product: ImpA-related N-terminal => hypothetical protein
[15:34:06] Modify product: NmrA-like family => NmrA-like family protein
[15:34:06] Modify product: Major Facilitator Superfamily => Major Facilitator Superfamily protein
[15:34:06] Modify product: Carboxymuconolactone decarboxylase family => Carboxymuconolactone decarboxylase family protein
[15:34:06] Modify product: Integrase core domain => Integrase core domain protein
[15:34:06] Modify product: Acetyltransferase (GNAT) family => Acetyltransferase (GNAT) family protein
[15:34:06] Modify product: Carboxymuconolactone decarboxylase family => Carboxymuconolactone decarboxylase family protein
[15:34:06] Modify product: Major Facilitator Superfamily => Major Facilitator Superfamily protein
[15:34:06] Modify product: Major Facilitator Superfamily => Major Facilitator Superfamily protein
[15:34:06] Modify product: Integrase core domain => Integrase core domain protein
[15:34:06] Modify product: Acetyltransferase (GNAT) family => Acetyltransferase (GNAT) family protein
[15:34:06] Modify product: Periplasmic binding proteins and sugar binding domain of LacI family => Periplasmic binding proteins and sugar binding domain of LacI family protein
[15:34:06] Modify product: LVIVD repeat => LVIVD repeat protein
[15:34:06] Modify product: Purine catabolism regulatory protein-like family => Purine catabolism regulatory protein-like family protein
[15:34:06] Modify product: ParB-like nuclease domain => ParB-like nuclease domain protein
[15:34:06] Modify product: Acyltransferase family => Acyltransferase family protein
[15:34:06] Modify product: Flavin reductase like domain => Flavin reductase like domain protein
[15:34:06] Modify product: Bacteriophage CI repressor helix-turn-helix domain => Bacteriophage CI repressor helix-turn-helix domain protein
[15:34:06] Modify product: Terminase-like family => Terminase-like family protein
[15:34:06] Modify product: Phage virion morphogenesis family => Phage virion morphogenesis family protein
[15:34:06] Modify product: Phage tail fibre repeat => Phage tail fibre repeat protein
[15:34:06] Modify product: Isochorismatase family => Isochorismatase family protein
[15:34:06] Modify product: Cupin domain => Cupin domain protein
[15:34:06] Modify product: Carbohydrate binding domain => Carbohydrate binding domain protein
[15:34:06] Modify product: Methyltransferase domain => Methyltransferase domain protein
[15:34:06] Modify product: Methyltransferase domain => Methyltransferase domain protein
[15:34:06] Modify product: Extensin-like protein C-terminus => hypothetical protein
[15:34:06] Modify product: Glyoxalase-like domain => Glyoxalase-like domain protein
[15:34:06] Modify product: Activator of Hsp90 ATPase homolog 1-like protein => hypothetical protein
[15:34:06] Modify product: NIPSNAP => hypothetical protein
[15:34:06] Modify product: TraB family => TraB family protein
[15:34:06] Modify product: FtsX-like permease family => FtsX-like permease family protein
[15:34:06] Modify product: MT-A70 => hypothetical protein
[15:34:06] Modify product: YqaJ-like viral recombinase domain => YqaJ-like viral recombinase domain protein
[15:34:06] Modify product: RecT family => RecT family protein
[15:34:06] Modify product: AP2 domain => AP2 domain protein
[15:34:06] Modify product: Terminase-like family => Terminase-like family protein
[15:34:06] Modify product: Arc-like DNA binding domain => Arc-like DNA binding domain protein
[15:34:06] Modify product: Arc-like DNA binding domain => Arc-like DNA binding domain protein
[15:34:06] Modify product: P22AR C-terminal domain => hypothetical protein
[15:34:06] Modify product: Acetyltransferase (GNAT) family => Acetyltransferase (GNAT) family protein
[15:34:06] Modify product: AIG2-like family => AIG2-like family protein
[15:34:06] Modify product: 'Cold-shock' DNA-binding domain => 'Cold-shock' DNA-binding domain protein
[15:34:06] Modify product: Acetyltransferase (GNAT) family => Acetyltransferase (GNAT) family protein
[15:34:06] Modify product: Integrase core domain => Integrase core domain protein
[15:34:06] Modify product: Transglutaminase-like superfamily => Transglutaminase-like superfamily protein
[15:34:06] Modify product: Transposase DDE domain => Transposase DDE domain protein
[15:34:06] Modify product: HPP family => HPP family protein
[15:34:06] Modify product: Helix-turn-helix domain => Helix-turn-helix domain protein
[15:34:06] Modify product: NAD dependent epimerase/dehydratase family => NAD dependent epimerase/dehydratase family protein
[15:34:06] Modify product: PAP2 superfamily => PAP2 superfamily protein
[15:34:06] Modify product: Integrase core domain => Integrase core domain protein
[15:34:06] Modify product: Acetyltransferase (GNAT) family => Acetyltransferase (GNAT) family protein
[15:34:06] Modify product: Phage capsid family => Phage capsid family protein
[15:34:06] Modify product: Phage capsid family => Phage capsid family protein
[15:34:06] Modify product: Conserved phage C-terminus (Phg_2220_C) => hypothetical protein
[15:34:06] Modify product: Sodium Bile acid symporter family => Sodium Bile acid symporter family protein
[15:34:06] Modify product: Major Facilitator Superfamily => Major Facilitator Superfamily protein
[15:34:07] Modify product: Alpha-2-macroglobulin family N-terminal region => hypothetical protein
[15:34:07] Modify product: Tetratricopeptide repeat => Tetratricopeptide repeat protein
[15:34:07] Modify product: DTW domain => DTW domain protein
[15:34:07] Modify product: NACHT domain => NACHT domain protein
[15:34:07] Modify product: Flavin reductase like domain => Flavin reductase like domain protein
[15:34:07] Modify product: Rdx family => Rdx family protein
[15:34:07] Modify product: Subtilase family => Subtilase family protein
[15:34:07] Modify product: Integral membrane protein TerC family => Integral membrane protein TerC family protein
[15:34:07] Modify product: Acetyltransferase (GNAT) family => Acetyltransferase (GNAT) family protein
[15:34:07] Modify product: Cupin domain => Cupin domain protein
[15:34:07] Modify product: Bacterial Transmembrane Pair family => Bacterial Transmembrane Pair family protein
[15:34:07] Modify product: Carboxymuconolactone decarboxylase family => Carboxymuconolactone decarboxylase family protein
[15:34:07] Modify product: Alpha/beta hydrolase family => Alpha/beta hydrolase family protein
[15:34:07] Modify product: TENA/THI-4/PQQC family => TENA/THI-4/PQQC family protein
[15:34:07] Modify product: EamA-like transporter family => EamA-like transporter family protein
[15:34:07] Modify product: ASCH domain => ASCH domain protein
[15:34:07] Modify product: Integrase core domain => Integrase core domain protein
[15:34:07] Modify product: Metallo-beta-lactamase superfamily => Metallo-beta-lactamase superfamily protein
[15:34:07] Modify product: Acetyltransferase (GNAT) family => Acetyltransferase (GNAT) family protein
[15:34:07] Modify product: Carboxymuconolactone decarboxylase family => Carboxymuconolactone decarboxylase family protein
[15:34:07] Modify product: Glyoxalase/Bleomycin resistance protein/Dioxygenase superfamily => Glyoxalase/Bleomycin resistance protein/Dioxygenase superfamily protein
[15:34:07] Modify product: Acetyltransferase (GNAT) family => Acetyltransferase (GNAT) family protein
[15:34:07] Modify product: Transcriptional regulatory protein, C terminal => hypothetical protein
[15:34:07] Modify product: Glyoxalase-like domain => Glyoxalase-like domain protein
[15:34:07] Modify product: DinB family => DinB family protein
[15:34:07] Modify product: 2OG-Fe(II) oxygenase superfamily => 2OG-Fe(II) oxygenase superfamily protein
[15:34:07] Modify product: NMT1/THI5 like => NMT1/THI5 like protein
[15:34:07] Modify product: NMT1/THI5 like => NMT1/THI5 like protein
[15:34:07] Modify product: Major Facilitator Superfamily => Major Facilitator Superfamily protein
[15:34:07] Modify product: Major Facilitator Superfamily => Major Facilitator Superfamily protein
[15:34:07] Modify product: Glyoxalase-like domain => Glyoxalase-like domain protein
[15:34:07] Modify product: Glyoxalase/Bleomycin resistance protein/Dioxygenase superfamily => Glyoxalase/Bleomycin resistance protein/Dioxygenase superfamily protein
[15:34:07] Modify product: Glyoxalase-like domain => Glyoxalase-like domain protein
[15:34:07] Modify product: NMT1/THI5 like => NMT1/THI5 like protein
[15:34:07] Modify product: NAD dependent epimerase/dehydratase family => NAD dependent epimerase/dehydratase family protein
[15:34:07] Modify product: Resolvase, N terminal domain => hypothetical protein
[15:34:07] Modify product: Bacterial membrane flanked domain => Bacterial membrane flanked domain protein
[15:34:07] Modify product: DsrE/DsrF-like family => DsrE/DsrF-like family protein
[15:34:07] Modify product: Alanine racemase, N-terminal domain => hypothetical protein
[15:34:07] Modify product: YGGT family => YGGT family protein
[15:34:07] Modify product: CYTH domain => CYTH domain protein
[15:34:07] Modify product: B3/4 domain => B3/4 domain protein
[15:34:07] Modify product: LTXXQ motif => LTXXQ motif protein
[15:34:07] Modify product: tRNA_anti-like => tRNA_anti-like protein
[15:34:07] Modify product: SCP-2 sterol transfer family => SCP-2 sterol transfer family protein
[15:34:07] Modify product: Integrase core domain => Integrase core domain protein
[15:34:07] Modify product: YheO-like PAS domain => YheO-like PAS domain protein
[15:34:07] Modify product: HicB family => HicB family protein
[15:34:07] Modify product: Peptidase M16 inactive domain => Peptidase M16 inactive domain protein
[15:34:07] Modify product: Integrase core domain => Integrase core domain protein
[15:34:07] Modify product: Integrase core domain => Integrase core domain protein
[15:34:07] Modify product: Integrase core domain => Integrase core domain protein
[15:34:07] Modify product: AsmA family => AsmA family protein
[15:34:07] Modify product: EamA-like transporter family => EamA-like transporter family protein
[15:34:07] Modify product: Carboxymuconolactone decarboxylase family => Carboxymuconolactone decarboxylase family protein
[15:34:07] Modify product: Acetyltransferase (GNAT) family => Acetyltransferase (GNAT) family protein
[15:34:07] Modify product: EamA-like transporter family => EamA-like transporter family protein
[15:34:07] Modify product: Acetyltransferase (GNAT) family => Acetyltransferase (GNAT) family protein
[15:34:07] Modify product: Ribbon-helix-helix domain => Ribbon-helix-helix domain protein
[15:34:07] Modify product: Carboxymuconolactone decarboxylase family => Carboxymuconolactone decarboxylase family protein
[15:34:07] Modify product: EamA-like transporter family => EamA-like transporter family protein
[15:34:07] Modify product: EamA-like transporter family => EamA-like transporter family protein
[15:34:07] Modify product: SCP-2 sterol transfer family => SCP-2 sterol transfer family protein
[15:34:07] Cleaned 149 /product names
[15:34:07] Deleting unwanted file: /home/fatemeh/Desktop/prokka/BN373/Pfam.hmm.faa
[15:34:07] Deleting unwanted file: /home/fatemeh/Desktop/prokka/BN373/Pfam.hmm.hmmer3
[15:34:07] Labelling remaining 569 proteins as 'hypothetical protein'
[15:34:07] Possible /pseudo 'Formate dehydrogenase H' at HF536482 position 102467
[15:34:07] Possible /pseudo '60 kDa chaperonin' at HF536482 position 155909
[15:34:07] Possible /pseudo 'Homoprotocatechuate catabolism bifunctional isomerase/decarboxylase' at HF536482 position 448685
[15:34:07] Possible /pseudo 'Phosphate-import permease protein PhnE' at HF536482 position 845425
[15:34:07] Possible /pseudo 'putative glutamine ABC transporter permease protein GlnP' at HF536482 position 856493
[15:34:07] Possible /pseudo 'High-affinity branched-chain amino acid transport system permease protein LivH' at HF536482 position 861998
[15:34:07] Possible /pseudo 'Arc-like DNA binding domain protein' at HF536482 position 1087171
[15:34:07] Possible /pseudo '1,5-anhydro-D-fructose reductase' at HF536482 position 1125609
[15:34:07] Possible /pseudo 'Glutamate/aspartate transport system permease protein GltK' at HF536482 position 1340213
[15:34:07] Possible /pseudo 'Galactose-1-phosphate uridylyltransferase' at HF536482 position 1419466
[15:34:07] Possible /pseudo 'TVP38/TMEM64 family inner membrane protein YdjZ' at HF536482 position 1953937
[15:34:07] Possible /pseudo 'Lactose operon repressor' at HF536482 position 2309168
[15:34:07] Possible /pseudo 'High-affinity branched-chain amino acid transport ATP-binding protein LivF' at HF536482 position 2318113
[15:34:07] Possible /pseudo 'General stress protein 69' at HF536482 position 2414855
[15:34:07] Possible /pseudo 'putative diguanylate cyclase YdaM' at HF536482 position 2494206
[15:34:07] Possible /pseudo 'Formate dehydrogenase, nitrate-inducible, major subunit precursor' at HF536482 position 2573705
[15:34:07] Possible /pseudo 'Cytochrome c-type biogenesis protein CcmH precursor' at HF536482 position 2781658
[15:34:07] Possible /pseudo 'High-affinity branched-chain amino acid transport system permease protein LivH' at HF536482 position 3012008
[15:34:07] Possible /pseudo 'Free methionine-R-sulfoxide reductase' at HF536482 position 3079853
[15:34:07] Possible /pseudo 'Phage capsid family protein' at HF536482 position 3550603
[15:34:07] Possible /pseudo 'Inner membrane protein YphA' at HF536482 position 3730770
[15:34:07] Possible /pseudo 'CDP-diacylglycerol--serine O-phosphatidyltransferase' at HF536482 position 3768498
[15:34:07] Possible /pseudo 'Manganese transport system membrane protein MntB' at HF536482 position 3925661
[15:34:07] Possible /pseudo 'Signal transduction histidine-protein kinase BarA' at HF536482 position 3992576
[15:34:07] Possible /pseudo 'Aldehyde-alcohol dehydrogenase' at HF536482 position 4066205
[15:34:07] Possible /pseudo 'Tyrosine recombinase XerC' at HF536482 position 4147114
[15:34:07] Possible /pseudo 'Inner membrane transporter YgjI' at HF536482 position 4400534
[15:34:07] Possible /pseudo 'Hexuronate transporter' at HF536482 position 4427976
[15:34:07] Possible /pseudo 'Multiple stress resistance protein BhsA precursor' at HF536482 position 4527484
[15:34:07] Possible /pseudo 'Glycogen debranching enzyme' at HF536482 position 4673236
[15:34:07] Possible /pseudo 'Gallate dioxygenase' at HF536482 position 4966481
[15:34:07] Possible /pseudo 'Maltoporin precursor' at HF536482 position 4973342
[15:34:07] Possible /pseudo 'Formate dehydrogenase-O major subunit precursor' at HF536482 position 5107989
[15:34:07] Possible /pseudo 'Peptidyl-prolyl cis-trans isomerase C' at HF536482 position 5197992
[15:34:07] Found 2759 unique /gene codes.
[15:34:07] Fixed 2 duplicate /gene - aroG_1 aroG_2
[15:34:07] Fixed 6 duplicate /gene - potA_1 potA_2 potA_3 potA_4 potA_5 potA_6
[15:34:07] Fixed 2 duplicate /gene - apbE_1 apbE_2
[15:34:07] Fixed 2 duplicate /gene - acoR_1 acoR_2
[15:34:07] Fixed 6 duplicate /gene - fimD_1 fimD_2 fimD_3 fimD_4 fimD_5 fimD_6
[15:34:07] Fixed 2 duplicate /gene - trxA_1 trxA_2
[15:34:07] Fixed 2 duplicate /gene - yniC_1 yniC_2
[15:34:07] Fixed 3 duplicate /gene - zraR_1 zraR_2 zraR_3
[15:34:07] Fixed 4 duplicate /gene - corC_1 corC_2 corC_3 corC_4
[15:34:07] Fixed 6 duplicate /gene - glpR_1 glpR_2 glpR_3 glpR_4 glpR_5 glpR_6
[15:34:07] Fixed 2 duplicate /gene - cobT_1 cobT_2
[15:34:07] Fixed 2 duplicate /gene - ftsI_1 ftsI_2
[15:34:07] Fixed 30 duplicate /gene - dmlR_1 dmlR_2 dmlR_3 dmlR_4 dmlR_5 dmlR_6 dmlR_7 dmlR_8 dmlR_9 dmlR_10 dmlR_11 dmlR_12 dmlR_13 dmlR_14 dmlR_15 dmlR_16 dmlR_17 dmlR_18 dmlR_19 dmlR_20 dmlR_21 dmlR_22 dmlR_23 dmlR_24 dmlR_25 dmlR_26 dmlR_27 dmlR_28 dmlR_29 dmlR_30
[15:34:07] Fixed 2 duplicate /gene - feaB_1 feaB_2
[15:34:07] Fixed 2 duplicate /gene - ompN_1 ompN_2
[15:34:07] Fixed 3 duplicate /gene - nfdA_1 nfdA_2 nfdA_3
[15:34:07] Fixed 2 duplicate /gene - yphA_1 yphA_2
[15:34:07] Fixed 2 duplicate /gene - kdgR_1 kdgR_2
[15:34:07] Fixed 2 duplicate /gene - hflK_1 hflK_2
[15:34:07] Fixed 2 duplicate /gene - ydaF_1 ydaF_2
[15:34:07] Fixed 2 duplicate /gene - yajR_1 yajR_2
[15:34:07] Fixed 3 duplicate /gene - evgS_1 evgS_2 evgS_3
[15:34:07] Fixed 2 duplicate /gene - dsbA_1 dsbA_2
[15:34:07] Fixed 2 duplicate /gene - nlpD_1 nlpD_2
[15:34:07] Fixed 3 duplicate /gene - mglA_1 mglA_2 mglA_3
[15:34:07] Fixed 3 duplicate /gene - cph2_1 cph2_2 cph2_3
[15:34:07] Fixed 2 duplicate /gene - macA_1 macA_2
[15:34:07] Fixed 2 duplicate /gene - leuA_1 leuA_2
[15:34:07] Fixed 5 duplicate /gene - metQ_1 metQ_2 metQ_3 metQ_4 metQ_5
[15:34:07] Fixed 3 duplicate /gene - afr_1 afr_2 afr_3
[15:34:07] Fixed 2 duplicate /gene - astB_1 astB_2
[15:34:07] Fixed 2 duplicate /gene - kduD_1 kduD_2
[15:34:07] Fixed 2 duplicate /gene - citA_1 citA_2
[15:34:07] Fixed 3 duplicate /gene - gudP_1 gudP_2 gudP_3
[15:34:07] Fixed 3 duplicate /gene - mglB_1 mglB_2 mglB_3
[15:34:07] Fixed 2 duplicate /gene - ydiB_1 ydiB_2
[15:34:07] Fixed 7 duplicate /gene - fliY_1 fliY_2 fliY_3 fliY_4 fliY_5 fliY_6 fliY_7
[15:34:07] Fixed 2 duplicate /gene - ghrA_1 ghrA_2
[15:34:07] Fixed 2 duplicate /gene - cobB_1 cobB_2
[15:34:07] Fixed 3 duplicate /gene - accB_1 accB_2 accB_3
[15:34:07] Fixed 2 duplicate /gene - ctpF_1 ctpF_2
[15:34:07] Fixed 2 duplicate /gene - bcsB_1 bcsB_2
[15:34:07] Fixed 2 duplicate /gene - talB_1 talB_2
[15:34:07] Fixed 2 duplicate /gene - limB_1 limB_2
[15:34:07] Fixed 2 duplicate /gene - yabI_1 yabI_2
[15:34:07] Fixed 2 duplicate /gene - marR_1 marR_2
[15:34:07] Fixed 2 duplicate /gene - galM_1 galM_2
[15:34:07] Fixed 2 duplicate /gene - phnV_1 phnV_2
[15:34:07] Fixed 3 duplicate /gene - bglA_1 bglA_2 bglA_3
[15:34:07] Fixed 2 duplicate /gene - yohK_1 yohK_2
[15:34:07] Fixed 3 duplicate /gene - ecpD_1 ecpD_2 ecpD_3
[15:34:07] Fixed 3 duplicate /gene - nodD2_1 nodD2_2 nodD2_3
[15:34:07] Fixed 2 duplicate /gene - ydgJ_1 ydgJ_2
[15:34:07] Fixed 2 duplicate /gene - fim_1 fim_2
[15:34:07] Fixed 3 duplicate /gene - leuO_1 leuO_2 leuO_3
[15:34:07] Fixed 2 duplicate /gene - zntB_1 zntB_2
[15:34:07] Fixed 2 duplicate /gene - ftsH_1 ftsH_2
[15:34:07] Fixed 2 duplicate /gene - glmS_1 glmS_2
[15:34:07] Fixed 2 duplicate /gene - kipA_1 kipA_2
[15:34:07] Fixed 3 duplicate /gene - fhuC_1 fhuC_2 fhuC_3
[15:34:07] Fixed 2 duplicate /gene - cydA_1 cydA_2
[15:34:07] Fixed 6 duplicate /gene - allS_1 allS_2 allS_3 allS_4 allS_5 allS_6
[15:34:07] Fixed 4 duplicate /gene - ddpC_1 ddpC_2 ddpC_3 ddpC_4
[15:34:07] Fixed 6 duplicate /gene - bhsA_1 bhsA_2 bhsA_3 bhsA_4 bhsA_5 bhsA_6
[15:34:07] Fixed 2 duplicate /gene - epsF_1 epsF_2
[15:34:07] Fixed 2 duplicate /gene - galA_1 galA_2
[15:34:07] Fixed 2 duplicate /gene - modA_1 modA_2
[15:34:07] Fixed 2 duplicate /gene - murQ_1 murQ_2
[15:34:07] Fixed 2 duplicate /gene - ppsC_1 ppsC_2
[15:34:07] Fixed 2 duplicate /gene - exbB_1 exbB_2
[15:34:07] Fixed 3 duplicate /gene - xylB_1 xylB_2 xylB_3
[15:34:07] Fixed 2 duplicate /gene - dinI_1 dinI_2
[15:34:07] Fixed 3 duplicate /gene - cmpR_1 cmpR_2 cmpR_3
[15:34:07] Fixed 2 duplicate /gene - nhaK_1 nhaK_2
[15:34:07] Fixed 6 duplicate /gene - livF_1 livF_2 livF_3 livF_4 livF_5 livF_6
[15:34:07] Fixed 2 duplicate /gene - ddpA_1 ddpA_2
[15:34:07] Fixed 2 duplicate /gene - galT_1 galT_2
[15:34:07] Fixed 3 duplicate /gene - stp_1 stp_2 stp_3
[15:34:07] Fixed 3 duplicate /gene - gdhA_1 gdhA_2 gdhA_3
[15:34:07] Fixed 2 duplicate /gene - csgD_1 csgD_2
[15:34:07] Fixed 2 duplicate /gene - ftnA_1 ftnA_2
[15:34:07] Fixed 2 duplicate /gene - pduV_1 pduV_2
[15:34:07] Fixed 2 duplicate /gene - citG_1 citG_2
[15:34:07] Fixed 2 duplicate /gene - kgtP_1 kgtP_2
[15:34:07] Fixed 2 duplicate /gene - ygaZ_1 ygaZ_2
[15:34:07] Fixed 2 duplicate /gene - clcA_1 clcA_2
[15:34:07] Fixed 3 duplicate /gene - aaeB_1 aaeB_2 aaeB_3
[15:34:07] Fixed 2 duplicate /gene - pbpG_1 pbpG_2
[15:34:07] Fixed 2 duplicate /gene - mdtP_1 mdtP_2
[15:34:07] Fixed 2 duplicate /gene - tyrP_1 tyrP_2
[15:34:07] Fixed 2 duplicate /gene - yibH_1 yibH_2
[15:34:07] Fixed 2 duplicate /gene - ddrA_1 ddrA_2
[15:34:07] Fixed 4 duplicate /gene - araC_1 araC_2 araC_3 araC_4
[15:34:07] Fixed 2 duplicate /gene - nuoI_1 nuoI_2
[15:34:07] Fixed 2 duplicate /gene - dusC_1 dusC_2
[15:34:07] Fixed 5 duplicate /gene - oppF_1 oppF_2 oppF_3 oppF_4 oppF_5
[15:34:07] Fixed 2 duplicate /gene - ybdO_1 ybdO_2
[15:34:07] Fixed 2 duplicate /gene - hrpB_1 hrpB_2
[15:34:07] Fixed 2 duplicate /gene - hydN_1 hydN_2
[15:34:07] Fixed 2 duplicate /gene - bamE_1 bamE_2
[15:34:07] Fixed 2 duplicate /gene - gpx1_1 gpx1_2
[15:34:07] Fixed 2 duplicate /gene - pduA_1 pduA_2
[15:34:07] Fixed 5 duplicate /gene - ssuC_1 ssuC_2 ssuC_3 ssuC_4 ssuC_5
[15:34:07] Fixed 2 duplicate /gene - yofA_1 yofA_2
[15:34:07] Fixed 2 duplicate /gene - fruB_1 fruB_2
[15:34:07] Fixed 2 duplicate /gene - malF_1 malF_2
[15:34:07] Fixed 2 duplicate /gene - map_1 map_2
[15:34:07] Fixed 2 duplicate /gene - bdcA_1 bdcA_2
[15:34:07] Fixed 3 duplicate /gene - cytR_1 cytR_2 cytR_3
[15:34:07] Fixed 3 duplicate /gene - frlB_1 frlB_2 frlB_3
[15:34:07] Fixed 6 duplicate /gene - intA_1 intA_2 intA_3 intA_4 intA_5 intA_6
[15:34:07] Fixed 2 duplicate /gene - ureF_1 ureF_2
[15:34:07] Fixed 2 duplicate /gene - iscA_1 iscA_2
[15:34:07] Fixed 2 duplicate /gene - ilvI_1 ilvI_2
[15:34:07] Fixed 2 duplicate /gene - mqo_1 mqo_2
[15:34:07] Fixed 2 duplicate /gene - rcnB_1 rcnB_2
[15:34:07] Fixed 3 duplicate /gene - suhB_1 suhB_2 suhB_3
[15:34:07] Fixed 4 duplicate /gene - cysW_1 cysW_2 cysW_3 cysW_4
[15:34:07] Fixed 3 duplicate /gene - dxs_1 dxs_2 dxs_3
[15:34:07] Fixed 4 duplicate /gene - appA_1 appA_2 appA_3 appA_4
[15:34:07] Fixed 2 duplicate /gene - acrR_1 acrR_2
[15:34:07] Fixed 3 duplicate /gene - gabR_1 gabR_2 gabR_3
[15:34:07] Fixed 2 duplicate /gene - dmsB_1 dmsB_2
[15:34:07] Fixed 2 duplicate /gene - rhaR_1 rhaR_2
[15:34:07] Fixed 2 duplicate /gene - fabF_1 fabF_2
[15:34:07] Fixed 2 duplicate /gene - astA_1 astA_2
[15:34:07] Fixed 2 duplicate /gene - ugpB_1 ugpB_2
[15:34:07] Fixed 4 duplicate /gene - ydcV_1 ydcV_2 ydcV_3 ydcV_4
[15:34:07] Fixed 2 duplicate /gene - dppB_1 dppB_2
[15:34:07] Fixed 2 duplicate /gene - glpT_1 glpT_2
[15:34:07] Fixed 2 duplicate /gene - pduE_1 pduE_2
[15:34:07] Fixed 3 duplicate /gene - nepI_1 nepI_2 nepI_3
[15:34:07] Fixed 2 duplicate /gene - ycbV_1 ycbV_2
[15:34:07] Fixed 2 duplicate /gene - sad_1 sad_2
[15:34:07] Fixed 2 duplicate /gene - yjaB_1 yjaB_2
[15:34:07] Fixed 2 duplicate /gene - oprM_1 oprM_2
[15:34:07] Fixed 4 duplicate /gene - iolE_1 iolE_2 iolE_3 iolE_4
[15:34:07] Fixed 2 duplicate /gene - exbD_1 exbD_2
[15:34:07] Fixed 2 duplicate /gene - gltK_1 gltK_2
[15:34:07] Fixed 2 duplicate /gene - aroP_1 aroP_2
[15:34:07] Fixed 2 duplicate /gene - eutM_1 eutM_2
[15:34:07] Fixed 2 duplicate /gene - azoR_1 azoR_2
[15:34:07] Fixed 2 duplicate /gene - ycfD_1 ycfD_2
[15:34:07] Fixed 2 duplicate /gene - nudK_1 nudK_2
[15:34:07] Fixed 2 duplicate /gene - puuB_1 puuB_2
[15:34:07] Fixed 3 duplicate /gene - adrB_1 adrB_2 adrB_3
[15:34:07] Fixed 2 duplicate /gene - kipI_1 kipI_2
[15:34:07] Fixed 2 duplicate /gene - nagB_1 nagB_2
[15:34:07] Fixed 4 duplicate /gene - adhE_1 adhE_2 adhE_3 adhE_4
[15:34:07] Fixed 2 duplicate /gene - kefF_1 kefF_2
[15:34:07] Fixed 2 duplicate /gene - dmsA_1 dmsA_2
[15:34:07] Fixed 2 duplicate /gene - fruA_1 fruA_2
[15:34:07] Fixed 2 duplicate /gene - galR_1 galR_2
[15:34:07] Fixed 3 duplicate /gene - mntB_1 mntB_2 mntB_3
[15:34:07] Fixed 2 duplicate /gene - pspF_1 pspF_2
[15:34:07] Fixed 3 duplicate /gene - kdgK_1 kdgK_2 kdgK_3
[15:34:07] Fixed 3 duplicate /gene - betI_1 betI_2 betI_3
[15:34:07] Fixed 10 duplicate /gene - cynR_1 cynR_2 cynR_3 cynR_4 cynR_5 cynR_6 cynR_7 cynR_8 cynR_9 cynR_10
[15:34:07] Fixed 7 duplicate /gene - yhdN_1 yhdN_2 yhdN_3 yhdN_4 yhdN_5 yhdN_6 yhdN_7
[15:34:07] Fixed 2 duplicate /gene - yidP_1 yidP_2
[15:34:07] Fixed 6 duplicate /gene - licC_1 licC_2 licC_3 licC_4 licC_5 licC_6
[15:34:07] Fixed 2 duplicate /gene - yjiR_1 yjiR_2
[15:34:07] Fixed 2 duplicate /gene - smrA_1 smrA_2
[15:34:07] Fixed 3 duplicate /gene - gbpR_1 gbpR_2 gbpR_3
[15:34:07] Fixed 3 duplicate /gene - ascG_1 ascG_2 ascG_3
[15:34:07] Fixed 3 duplicate /gene - codA_1 codA_2 codA_3
[15:34:07] Fixed 2 duplicate /gene - yqjA_1 yqjA_2
[15:34:07] Fixed 2 duplicate /gene - dnaK_1 dnaK_2
[15:34:07] Fixed 2 duplicate /gene - guaA_1 guaA_2
[15:34:07] Fixed 2 duplicate /gene - bamA_1 bamA_2
[15:34:07] Fixed 2 duplicate /gene - sotB_1 sotB_2
[15:34:07] Fixed 2 duplicate /gene - panE_1 panE_2
[15:34:07] Fixed 3 duplicate /gene - fhuA_1 fhuA_2 fhuA_3
[15:34:07] Fixed 3 duplicate /gene - lsrD_1 lsrD_2 lsrD_3
[15:34:07] Fixed 2 duplicate /gene - glpK_1 glpK_2
[15:34:07] Fixed 2 duplicate /gene - yfiH_1 yfiH_2
[15:34:07] Fixed 2 duplicate /gene - cbl_1 cbl_2
[15:34:07] Fixed 3 duplicate /gene - lldR_1 lldR_2 lldR_3
[15:34:07] Fixed 2 duplicate /gene - hisJ_1 hisJ_2
[15:34:07] Fixed 2 duplicate /gene - ugpC_1 ugpC_2
[15:34:07] Fixed 2 duplicate /gene - fabD_1 fabD_2
[15:34:07] Fixed 3 duplicate /gene - malK_1 malK_2 malK_3
[15:34:07] Fixed 3 duplicate /gene - emrK_1 emrK_2 emrK_3
[15:34:07] Fixed 2 duplicate /gene - lon_1 lon_2
[15:34:07] Fixed 2 duplicate /gene - qorA_1 qorA_2
[15:34:07] Fixed 2 duplicate /gene - yvqK_1 yvqK_2
[15:34:07] Fixed 2 duplicate /gene - dgoA_1 dgoA_2
[15:34:07] Fixed 2 duplicate /gene - cysA_1 cysA_2
[15:34:07] Fixed 2 duplicate /gene - aroE_1 aroE_2
[15:34:07] Fixed 3 duplicate /gene - hmuU_1 hmuU_2 hmuU_3
[15:34:07] Fixed 2 duplicate /gene - ada_1 ada_2
[15:34:07] Fixed 4 duplicate /gene - fimC_1 fimC_2 fimC_3 fimC_4
[15:34:07] Fixed 5 duplicate /gene - rbsB_1 rbsB_2 rbsB_3 rbsB_4 rbsB_5
[15:34:07] Fixed 3 duplicate /gene - lptB_1 lptB_2 lptB_3
[15:34:07] Fixed 4 duplicate /gene - pcaK_1 pcaK_2 pcaK_3 pcaK_4
[15:34:07] Fixed 2 duplicate /gene - fadR_1 fadR_2
[15:34:07] Fixed 2 duplicate /gene - recF_1 recF_2
[15:34:07] Fixed 3 duplicate /gene - gsiD_1 gsiD_2 gsiD_3
[15:34:07] Fixed 4 duplicate /gene - araB_1 araB_2 araB_3 araB_4
[15:34:07] Fixed 2 duplicate /gene - cdhR_1 cdhR_2
[15:34:07] Fixed 2 duplicate /gene - ccmH_1 ccmH_2
[15:34:07] Fixed 4 duplicate /gene - thlA_1 thlA_2 thlA_3 thlA_4
[15:34:07] Fixed 2 duplicate /gene - mdtM_1 mdtM_2
[15:34:07] Fixed 2 duplicate /gene - phoR_1 phoR_2
[15:34:07] Fixed 2 duplicate /gene - rhaS_1 rhaS_2
[15:34:07] Fixed 2 duplicate /gene - ridA_1 ridA_2
[15:34:07] Fixed 2 duplicate /gene - groL_1 groL_2
[15:34:07] Fixed 2 duplicate /gene - ureB_1 ureB_2
[15:34:07] Fixed 2 duplicate /gene - proY_1 proY_2
[15:34:07] Fixed 2 duplicate /gene - cmpC_1 cmpC_2
[15:34:07] Fixed 2 duplicate /gene - arsC_1 arsC_2
[15:34:07] Fixed 2 duplicate /gene - yicI_1 yicI_2
[15:34:07] Fixed 4 duplicate /gene - ygdR_1 ygdR_2 ygdR_3 ygdR_4
[15:34:07] Fixed 3 duplicate /gene - tehB_1 tehB_2 tehB_3
[15:34:07] Fixed 2 duplicate /gene - exsA_1 exsA_2
[15:34:07] Fixed 2 duplicate /gene - xerD_1 xerD_2
[15:34:07] Fixed 3 duplicate /gene - artJ_1 artJ_2 artJ_3
[15:34:07] Fixed 3 duplicate /gene - epsE_1 epsE_2 epsE_3
[15:34:07] Fixed 2 duplicate /gene - msrC_1 msrC_2
[15:34:07] Fixed 2 duplicate /gene - kefC_1 kefC_2
[15:34:07] Fixed 2 duplicate /gene - yfgF_1 yfgF_2
[15:34:07] Fixed 2 duplicate /gene - uhpA_1 uhpA_2
[15:34:07] Fixed 2 duplicate /gene - ybdG_1 ybdG_2
[15:34:07] Fixed 3 duplicate /gene - uidB_1 uidB_2 uidB_3
[15:34:07] Fixed 2 duplicate /gene - ulaB_1 ulaB_2
[15:34:07] Fixed 3 duplicate /gene - artM_1 artM_2 artM_3
[15:34:07] Fixed 3 duplicate /gene - gmuB_1 gmuB_2 gmuB_3
[15:34:07] Fixed 2 duplicate /gene - phoC_1 phoC_2
[15:34:07] Fixed 3 duplicate /gene - acrB_1 acrB_2 acrB_3
[15:34:07] Fixed 2 duplicate /gene - dinG_1 dinG_2
[15:34:07] Fixed 4 duplicate /gene - dppA_1 dppA_2 dppA_3 dppA_4
[15:34:07] Fixed 2 duplicate /gene - pdxA2_1 pdxA2_2
[15:34:07] Fixed 3 duplicate /gene - ompR_1 ompR_2 ompR_3
[15:34:07] Fixed 3 duplicate /gene - artQ_1 artQ_2 artQ_3
[15:34:07] Fixed 2 duplicate /gene - rrrD_1 rrrD_2
[15:34:07] Fixed 2 duplicate /gene - bepE_1 bepE_2
[15:34:07] Fixed 2 duplicate /gene - cysJ_1 cysJ_2
[15:34:07] Fixed 2 duplicate /gene - birA_1 birA_2
[15:34:07] Fixed 3 duplicate /gene - aaeA_1 aaeA_2 aaeA_3
[15:34:07] Fixed 3 duplicate /gene - mdh_1 mdh_2 mdh_3
[15:34:07] Fixed 2 duplicate /gene - tktA_1 tktA_2
[15:34:07] Fixed 3 duplicate /gene - manY_1 manY_2 manY_3
[15:34:07] Fixed 2 duplicate /gene - pncC_1 pncC_2
[15:34:07] Fixed 6 duplicate /gene - livH_1 livH_2 livH_3 livH_4 livH_5 livH_6
[15:34:07] Fixed 2 duplicate /gene - barA_1 barA_2
[15:34:07] Fixed 6 duplicate /gene - oxyR_1 oxyR_2 oxyR_3 oxyR_4 oxyR_5 oxyR_6
[15:34:07] Fixed 3 duplicate /gene - sorC_1 sorC_2 sorC_3
[15:34:07] Fixed 2 duplicate /gene - rnfC_1 rnfC_2
[15:34:07] Fixed 2 duplicate /gene - nudF_1 nudF_2
[15:34:07] Fixed 2 duplicate /gene - yybR_1 yybR_2
[15:34:07] Fixed 2 duplicate /gene - pgl_1 pgl_2
[15:34:07] Fixed 2 duplicate /gene - por_1 por_2
[15:34:07] Fixed 2 duplicate /gene - mdtK_1 mdtK_2
[15:34:07] Fixed 2 duplicate /gene - hpcE_1 hpcE_2
[15:34:07] Fixed 2 duplicate /gene - yhdG_1 yhdG_2
[15:34:07] Fixed 5 duplicate /gene - soxS_1 soxS_2 soxS_3 soxS_4 soxS_5
[15:34:07] Fixed 3 duplicate /gene - fimA_1 fimA_2 fimA_3
[15:34:07] Fixed 4 duplicate /gene - metI_1 metI_2 metI_3 metI_4
[15:34:07] Fixed 2 duplicate /gene - dhaT_1 dhaT_2
[15:34:07] Fixed 2 duplicate /gene - cysL_1 cysL_2
[15:34:07] Fixed 2 duplicate /gene - selA_1 selA_2
[15:34:07] Fixed 2 duplicate /gene - ytfQ_1 ytfQ_2
[15:34:07] Fixed 2 duplicate /gene - fieF_1 fieF_2
[15:34:07] Fixed 3 duplicate /gene - amaB_1 amaB_2 amaB_3
[15:34:07] Fixed 4 duplicate /gene - yheS_1 yheS_2 yheS_3 yheS_4
[15:34:07] Fixed 3 duplicate /gene - phoP_1 phoP_2 phoP_3
[15:34:07] Fixed 2 duplicate /gene - clpB_1 clpB_2
[15:34:07] Fixed 2 duplicate /gene - livJ_1 livJ_2
[15:34:07] Fixed 2 duplicate /gene - fbaA_1 fbaA_2
[15:34:07] Fixed 2 duplicate /gene - amiC_1 amiC_2
[15:34:07] Fixed 2 duplicate /gene - hcaR_1 hcaR_2
[15:34:07] Fixed 15 duplicate /gene - fabG_1 fabG_2 fabG_3 fabG_4 fabG_5 fabG_6 fabG_7 fabG_8 fabG_9 fabG_10 fabG_11 fabG_12 fabG_13 fabG_14 fabG_15
[15:34:07] Fixed 2 duplicate /gene - srlE_1 srlE_2
[15:34:07] Fixed 4 duplicate /gene - yusV_1 yusV_2 yusV_3 yusV_4
[15:34:07] Fixed 3 duplicate /gene - dapA_1 dapA_2 dapA_3
[15:34:07] Fixed 3 duplicate /gene - lacI_1 lacI_2 lacI_3
[15:34:07] Fixed 2 duplicate /gene - ddpD_1 ddpD_2
[15:34:07] Fixed 10 duplicate /gene - rbsC_1 rbsC_2 rbsC_3 rbsC_4 rbsC_5 rbsC_6 rbsC_7 rbsC_8 rbsC_9 rbsC_10
[15:34:07] Fixed 2 duplicate /gene - gabD_1 gabD_2
[15:34:07] Fixed 2 duplicate /gene - sorB_1 sorB_2
[15:34:07] Fixed 4 duplicate /gene - gstB_1 gstB_2 gstB_3 gstB_4
[15:34:07] Fixed 2 duplicate /gene - oprF_1 oprF_2
[15:34:07] Fixed 2 duplicate /gene - ureC_1 ureC_2
[15:34:07] Fixed 2 duplicate /gene - ccpA_1 ccpA_2
[15:34:07] Fixed 2 duplicate /gene - novR_1 novR_2
[15:34:07] Fixed 2 duplicate /gene - fkpA_1 fkpA_2
[15:34:07] Fixed 2 duplicate /gene - gsiB_1 gsiB_2
[15:34:07] Fixed 2 duplicate /gene - csbX_1 csbX_2
[15:34:07] Fixed 3 duplicate /gene - ydaM_1 ydaM_2 ydaM_3
[15:34:07] Fixed 2 duplicate /gene - mdtH_1 mdtH_2
[15:34:07] Fixed 2 duplicate /gene - hisQ_1 hisQ_2
[15:34:07] Fixed 2 duplicate /gene - dhaK_1 dhaK_2
[15:34:07] Fixed 2 duplicate /gene - gmuD_1 gmuD_2
[15:34:07] Fixed 2 duplicate /gene - nupC_1 nupC_2
[15:34:07] Fixed 4 duplicate /gene - hsrA_1 hsrA_2 hsrA_3 hsrA_4
[15:34:07] Fixed 2 duplicate /gene - fusA_1 fusA_2
[15:34:07] Fixed 2 duplicate /gene - eutB_1 eutB_2
[15:34:07] Fixed 3 duplicate /gene - yhbU_1 yhbU_2 yhbU_3
[15:34:07] Fixed 2 duplicate /gene - xylH_1 xylH_2
[15:34:07] Fixed 2 duplicate /gene - ycjS_1 ycjS_2
[15:34:07] Fixed 2 duplicate /gene - lldD_1 lldD_2
[15:34:07] Fixed 4 duplicate /gene - manX_1 manX_2 manX_3 manX_4
[15:34:07] Fixed 4 duplicate /gene - fdhF_1 fdhF_2 fdhF_3 fdhF_4
[15:34:07] Fixed 2 duplicate /gene - dauA_1 dauA_2
[15:34:07] Fixed 2 duplicate /gene - pyrG_1 pyrG_2
[15:34:07] Fixed 2 duplicate /gene - gltD_1 gltD_2
[15:34:07] Fixed 2 duplicate /gene - cbdA_1 cbdA_2
[15:34:07] Fixed 2 duplicate /gene - garP_1 garP_2
[15:34:07] Fixed 2 duplicate /gene - rutC_1 rutC_2
[15:34:07] Fixed 4 duplicate /gene - glnH_1 glnH_2 glnH_3 glnH_4
[15:34:07] Fixed 2 duplicate /gene - tsaA_1 tsaA_2
[15:34:07] Fixed 2 duplicate /gene - hdeB_1 hdeB_2
[15:34:07] Fixed 2 duplicate /gene - eutC_1 eutC_2
[15:34:07] Fixed 2 duplicate /gene - htrE_1 htrE_2
[15:34:07] Fixed 3 duplicate /gene - uspG_1 uspG_2 uspG_3
[15:34:07] Fixed 2 duplicate /gene - adaA_1 adaA_2
[15:34:07] Fixed 9 duplicate /gene - gltC_1 gltC_2 gltC_3 gltC_4 gltC_5 gltC_6 gltC_7 gltC_8 gltC_9
[15:34:07] Fixed 2 duplicate /gene - elfD_1 elfD_2
[15:34:07] Fixed 3 duplicate /gene - htrB_1 htrB_2 htrB_3
[15:34:07] Fixed 3 duplicate /gene - ssuB_1 ssuB_2 ssuB_3
[15:34:07] Fixed 2 duplicate /gene - ldhA_1 ldhA_2
[15:34:07] Fixed 2 duplicate /gene - dinB_1 dinB_2
[15:34:07] Fixed 2 duplicate /gene - dgoT_1 dgoT_2
[15:34:07] Fixed 2 duplicate /gene - rstB_1 rstB_2
[15:34:07] Fixed 2 duplicate /gene - outO_1 outO_2
[15:34:07] Fixed 2 duplicate /gene - ycgE_1 ycgE_2
[15:34:07] Fixed 2 duplicate /gene - ydjZ_1 ydjZ_2
[15:34:07] Fixed 2 duplicate /gene - garR_1 garR_2
[15:34:07] Fixed 2 duplicate /gene - ycdT_1 ycdT_2
[15:34:07] Fixed 2 duplicate /gene - topA_1 topA_2
[15:34:07] Fixed 4 duplicate /gene - manZ_1 manZ_2 manZ_3 manZ_4
[15:34:07] Fixed 2 duplicate /gene - tusA_1 tusA_2
[15:34:07] Fixed 4 duplicate /gene - yecS_1 yecS_2 yecS_3 yecS_4
[15:34:07] Fixed 2 duplicate /gene - dsbD_1 dsbD_2
[15:34:07] Fixed 2 duplicate /gene - clcD_1 clcD_2
[15:34:07] Fixed 2 duplicate /gene - ugpA_1 ugpA_2
[15:34:07] Fixed 2 duplicate /gene - pssA_1 pssA_2
[15:34:07] Fixed 4 duplicate /gene - lrp_1 lrp_2 lrp_3 lrp_4
[15:34:07] Fixed 3 duplicate /gene - lexA_1 lexA_2 lexA_3
[15:34:07] Fixed 2 duplicate /gene - ybhR_1 ybhR_2
[15:34:07] Fixed 4 duplicate /gene - gsiA_1 gsiA_2 gsiA_3 gsiA_4
[15:34:07] Fixed 2 duplicate /gene - mak_1 mak_2
[15:34:07] Fixed 3 duplicate /gene - ssuA_1 ssuA_2 ssuA_3
[15:34:07] Fixed 2 duplicate /gene - betB_1 betB_2
[15:34:07] Fixed 5 duplicate /gene - yxeP_1 yxeP_2 yxeP_3 yxeP_4 yxeP_5
[15:34:07] Fixed 4 duplicate /gene - rob_1 rob_2 rob_3 rob_4
[15:34:07] Fixed 3 duplicate /gene - benM_1 benM_2 benM_3
[15:34:07] Fixed 3 duplicate /gene - garK_1 garK_2 garK_3
[15:34:07] Fixed 2 duplicate /gene - ibpA_1 ibpA_2
[15:34:07] Fixed 2 duplicate /gene - degS_1 degS_2
[15:34:07] Fixed 2 duplicate /gene - rdgC_1 rdgC_2
[15:34:07] Fixed 2 duplicate /gene - tabA_1 tabA_2
[15:34:07] Fixed 2 duplicate /gene - yfkN_1 yfkN_2
[15:34:07] Fixed 2 duplicate /gene - astD_1 astD_2
[15:34:07] Fixed 3 duplicate /gene - xylG_1 xylG_2 xylG_3
[15:34:07] Fixed 2 duplicate /gene - accC_1 accC_2
[15:34:07] Fixed 3 duplicate /gene - ybhF_1 ybhF_2 ybhF_3
[15:34:07] Fixed 2 duplicate /gene - sdaC_1 sdaC_2
[15:34:07] Fixed 2 duplicate /gene - oppA_1 oppA_2
[15:34:07] Fixed 2 duplicate /gene - efe_1 efe_2
[15:34:07] Fixed 2 duplicate /gene - bglH_1 bglH_2
[15:34:07] Fixed 2 duplicate /gene - bsdC_1 bsdC_2
[15:34:07] Fixed 2 duplicate /gene - ppa_1 ppa_2
[15:34:07] Fixed 2 duplicate /gene - dmsC_1 dmsC_2
[15:34:07] Fixed 5 duplicate /gene - ripA_1 ripA_2 ripA_3 ripA_4 ripA_5
[15:34:07] Fixed 2 duplicate /gene - ureG_1 ureG_2
[15:34:07] Fixed 2 duplicate /gene - nasD_1 nasD_2
[15:34:07] Fixed 2 duplicate /gene - ywrO_1 ywrO_2
[15:34:07] Fixed 6 duplicate /gene - oppD_1 oppD_2 oppD_3 oppD_4 oppD_5 oppD_6
[15:34:07] Fixed 2 duplicate /gene - yhjE_1 yhjE_2
[15:34:07] Fixed 2 duplicate /gene - hemN_1 hemN_2
[15:34:07] Fixed 2 duplicate /gene - dadA_1 dadA_2
[15:34:07] Fixed 2 duplicate /gene - ureE_1 ureE_2
[15:34:07] Fixed 4 duplicate /gene - metN_1 metN_2 metN_3 metN_4
[15:34:07] Fixed 2 duplicate /gene - speG_1 speG_2
[15:34:07] Fixed 4 duplicate /gene - rbsK_1 rbsK_2 rbsK_3 rbsK_4
[15:34:07] Fixed 4 duplicate /gene - rbsR_1 rbsR_2 rbsR_3 rbsR_4
[15:34:07] Fixed 3 duplicate /gene - mepS_1 mepS_2 mepS_3
[15:34:07] Fixed 3 duplicate /gene - ttuB_1 ttuB_2 ttuB_3
[15:34:07] Fixed 2 duplicate /gene - ppiC_1 ppiC_2
[15:34:07] Fixed 2 duplicate /gene - ycgF_1 ycgF_2
[15:34:07] Fixed 2 duplicate /gene - treA_1 treA_2
[15:34:07] Fixed 2 duplicate /gene - msuD_1 msuD_2
[15:34:07] Fixed 3 duplicate /gene - ptsG_1 ptsG_2 ptsG_3
[15:34:07] Fixed 2 duplicate /gene - cra_1 cra_2
[15:34:07] Fixed 2 duplicate /gene - cfa_1 cfa_2
[15:34:07] Fixed 2 duplicate /gene - sinR_1 sinR_2
[15:34:07] Fixed 2 duplicate /gene - glpQ1_1 glpQ1_2
[15:34:07] Fixed 7 duplicate /gene - rbsA_1 rbsA_2 rbsA_3 rbsA_4 rbsA_5 rbsA_6 rbsA_7
[15:34:07] Fixed 4 duplicate /gene - nagC_1 nagC_2 nagC_3 nagC_4
[15:34:07] Fixed 2 duplicate /gene - ydfK_1 ydfK_2
[15:34:07] Fixed 2 duplicate /gene - astE_1 astE_2
[15:34:07] Fixed 5 duplicate /gene - gsiC_1 gsiC_2 gsiC_3 gsiC_4 gsiC_5
[15:34:07] Fixed 2 duplicate /gene - ygjI_1 ygjI_2
[15:34:07] Fixed 2 duplicate /gene - emrA_1 emrA_2
[15:34:07] Fixed 3 duplicate /gene - ydfG_1 ydfG_2 ydfG_3
[15:34:07] Fixed 2 duplicate /gene - srlR_1 srlR_2
[15:34:07] Fixed 5 duplicate /gene - lamB_1 lamB_2 lamB_3 lamB_4 lamB_5
[15:34:07] Fixed 3 duplicate /gene - slyA_1 slyA_2 slyA_3
[15:34:07] Fixed 2 duplicate /gene - ptrA_1 ptrA_2
[15:34:07] Fixed 2 duplicate /gene - sfaG_1 sfaG_2
[15:34:07] Fixed 2 duplicate /gene - actP_1 actP_2
[15:34:07] Fixed 3 duplicate /gene - yjcC_1 yjcC_2 yjcC_3
[15:34:07] Fixed 2 duplicate /gene - malG_1 malG_2
[15:34:07] Fixed 2 duplicate /gene - agp_1 agp_2
[15:34:07] Fixed 3 duplicate /gene - glvR_1 glvR_2 glvR_3
[15:34:07] Fixed 2 duplicate /gene - asd_1 asd_2
[15:34:07] Fixed 2 duplicate /gene - uvrA_1 uvrA_2
[15:34:07] Fixed 2 duplicate /gene - fdnG_1 fdnG_2
[15:34:07] Fixed 2 duplicate /gene - sgrR_1 sgrR_2
[15:34:07] Fixed 2 duplicate /gene - dctA_1 dctA_2
[15:34:07] Fixed 2 duplicate /gene - ptsI_1 ptsI_2
[15:34:07] Fixed 5 duplicate /gene - malP_1 malP_2 malP_3 malP_4 malP_5
[15:34:07] Fixed 2 duplicate /gene - mdtJ_1 mdtJ_2
[15:34:07] Fixed 2 duplicate /gene - cycA_1 cycA_2
[15:34:07] Fixed 3 duplicate /gene - cydB_1 cydB_2 cydB_3
[15:34:07] Fixed 2 duplicate /gene - gldA_1 gldA_2
[15:34:07] Fixed 2 duplicate /gene - yhhW_1 yhhW_2
[15:34:07] Fixed 4 duplicate /gene - xerC_1 xerC_2 xerC_3 xerC_4
[15:34:07] Fixed 2 duplicate /gene - yeaP_1 yeaP_2
[15:34:07] Fixed 5 duplicate /gene - lacY_1 lacY_2 lacY_3 lacY_4 lacY_5
[15:34:07] Fixed 2 duplicate /gene - ybeZ_1 ybeZ_2
[15:34:07] Fixed 2 duplicate /gene - pduD_1 pduD_2
[15:34:07] Fixed 2 duplicate /gene - tktB_1 tktB_2
[15:34:07] Fixed 2 duplicate /gene - pheP_1 pheP_2
[15:34:07] Fixed 2 duplicate /gene - icd_1 icd_2
[15:34:07] Fixed 2 duplicate /gene - emrB_1 emrB_2
[15:34:07] Fixed 2 duplicate /gene - gltA_1 gltA_2
[15:34:07] Fixed 3 duplicate /gene - rhtB_1 rhtB_2 rhtB_3
[15:34:07] Fixed 2 duplicate /gene - fucA_1 fucA_2
[15:34:07] Fixed 2 duplicate /gene - bcsA_1 bcsA_2
[15:34:07] Fixed 2 duplicate /gene - rluA_1 rluA_2
[15:34:07] Fixed 2 duplicate /gene - yccS_1 yccS_2
[15:34:07] Fixed 4 duplicate /gene - glnP_1 glnP_2 glnP_3 glnP_4
[15:34:07] Fixed 2 duplicate /gene - citB_1 citB_2
[15:34:07] Fixed 4 duplicate /gene - evgA_1 evgA_2 evgA_3 evgA_4
[15:34:07] Fixed 2 duplicate /gene - pdhR_1 pdhR_2
[15:34:07] Fixed 2 duplicate /gene - gltR_1 gltR_2
[15:34:07] Fixed 2 duplicate /gene - phnE_1 phnE_2
[15:34:07] Fixed 2 duplicate /gene - argE_1 argE_2
[15:34:07] Fixed 2 duplicate /gene - scrY_1 scrY_2
[15:34:07] Fixed 2 duplicate /gene - hcpA_1 hcpA_2
[15:34:07] Fixed 2 duplicate /gene - guaD_1 guaD_2
[15:34:07] Fixed 3 duplicate /gene - rhtC_1 rhtC_2 rhtC_3
[15:34:07] Fixed 4 duplicate /gene - ulaA_1 ulaA_2 ulaA_3 ulaA_4
[15:34:07] Fixed 2 duplicate /gene - bioD1_1 bioD1_2
[15:34:07] Fixed 2 duplicate /gene - minD_1 minD_2
[15:34:07] Fixed 2 duplicate /gene - envZ_1 envZ_2
[15:34:07] Fixed 2 duplicate /gene - bcr_1 bcr_2
[15:34:07] Fixed 2 duplicate /gene - ureR_1 ureR_2
[15:34:07] Fixed 2 duplicate /gene - lacG_1 lacG_2
[15:34:07] Fixed 2 duplicate /gene - ogt_1 ogt_2
[15:34:07] Fixed 2 duplicate /gene - cysG_1 cysG_2
[15:34:07] Fixed 2 duplicate /gene - can_1 can_2
[15:34:07] Fixed 2 duplicate /gene - lsrR_1 lsrR_2
[15:34:07] Fixed 2 duplicate /gene - licH_1 licH_2
[15:34:07] Fixed 2 duplicate /gene - mltF_1 mltF_2
[15:34:07] Fixed 5 duplicate /gene - exuT_1 exuT_2 exuT_3 exuT_4 exuT_5
[15:34:07] Fixed 2 duplicate /gene - dam_1 dam_2
[15:34:07] Fixed 2 duplicate /gene - mrkD_1 mrkD_2
[15:34:07] Fixed 2 duplicate /gene - metC_1 metC_2
[15:34:07] Fixed 2 duplicate /gene - tyrB_1 tyrB_2
[15:34:07] Fixed 2 duplicate /gene - glcR_1 glcR_2
[15:34:07] Fixed 2 duplicate /gene - bglF_1 bglF_2
[15:34:07] Fixed 2 duplicate /gene - cpdA_1 cpdA_2
[15:34:07] Fixed 3 duplicate /gene - epsJ_1 epsJ_2 epsJ_3
[15:34:07] Fixed 2 duplicate /gene - yfcG_1 yfcG_2
[15:34:07] Fixed 2 duplicate /gene - pckA_1 pckA_2
[15:34:07] Fixed 2 duplicate /gene - xylF_1 xylF_2
[15:34:07] Fixed 9 duplicate /gene - glnQ_1 glnQ_2 glnQ_3 glnQ_4 glnQ_5 glnQ_6 glnQ_7 glnQ_8 glnQ_9
[15:34:07] Fixed 2 duplicate /gene - tqsA_1 tqsA_2
[15:34:07] Fixed 2 duplicate /gene - mdtA_1 mdtA_2
[15:34:07] Fixed 2 duplicate /gene - pspB_1 pspB_2
[15:34:07] Fixed 2 duplicate /gene - hiuH_1 hiuH_2
[15:34:07] Fixed 2 duplicate /gene - hmuT_1 hmuT_2
[15:34:07] Fixed 3 duplicate /gene - ynfM_1 ynfM_2 ynfM_3
[15:34:07] Fixed 2 duplicate /gene - bamB_1 bamB_2
[15:34:07] Fixed 4 duplicate /gene - ulaC_1 ulaC_2 ulaC_3 ulaC_4
[15:34:07] Fixed 2 duplicate /gene - chuR_1 chuR_2
[15:34:07] Fixed 2 duplicate /gene - yibF_1 yibF_2
[15:34:07] Fixed 2 duplicate /gene - blc_1 blc_2
[15:34:07] Fixed 2 duplicate /gene - fdoG_1 fdoG_2
[15:34:07] Fixed 5 duplicate /gene - chbA_1 chbA_2 chbA_3 chbA_4 chbA_5
[15:34:07] Fixed 3 duplicate /gene - yhjH_1 yhjH_2 yhjH_3
[15:34:07] Fixed 2 duplicate /gene - crcB_1 crcB_2
[15:34:07] Fixed 2 duplicate /gene - glgX_1 glgX_2
[15:34:07] Fixed 2 duplicate /gene - glpF_1 glpF_2
[15:34:07] Fixed 2 duplicate /gene - gpr_1 gpr_2
[15:34:07] Fixed 2 duplicate /gene - ycaD_1 ycaD_2
[15:34:07] Fixed 2 duplicate /gene - fepA_1 fepA_2
[15:34:07] Fixed 3 duplicate /gene - pcaR_1 pcaR_2 pcaR_3
[15:34:07] Fixed 2 duplicate /gene - astC_1 astC_2
[15:34:07] Fixed 3 duplicate /gene - ydcR_1 ydcR_2 ydcR_3
[15:34:07] Fixed 3 duplicate /gene - ydhP_1 ydhP_2 ydhP_3
[15:34:07] Fixed 2 duplicate /gene - yicJ_1 yicJ_2
[15:34:07] Fixed 2 duplicate /gene - potF_1 potF_2
[15:34:07] Fixed 2 duplicate /gene - xanP_1 xanP_2
[15:34:07] Fixed 2 duplicate /gene - mdtN_1 mdtN_2
[15:34:07] Fixed 2 duplicate /gene - gntR_1 gntR_2
[15:34:07] Fixed 2 duplicate /gene - cdaR_1 cdaR_2
[15:34:07] Fixed 2 duplicate /gene - msbA_1 msbA_2
[15:34:07] Fixed 2 duplicate /gene - uxuA_1 uxuA_2
[15:34:07] Fixed 2 duplicate /gene - potB_1 potB_2
[15:34:07] Fixed 4 duplicate /gene - ybbH_1 ybbH_2 ybbH_3 ybbH_4
[15:34:07] Fixed 2 duplicate /gene - tuf1_1 tuf1_2
[15:34:07] Fixed 3 duplicate /gene - xylA_1 xylA_2 xylA_3
[15:34:07] Fixed 2 duplicate /gene - aspT_1 aspT_2
[15:34:07] Fixed 2 duplicate /gene - dapE_1 dapE_2
[15:34:07] Fixed 8 duplicate /gene - gcvA_1 gcvA_2 gcvA_3 gcvA_4 gcvA_5 gcvA_6 gcvA_7 gcvA_8
[15:34:07] Fixed 3 duplicate /gene - proP_1 proP_2 proP_3
[15:34:07] Fixed 3 duplicate /gene - lsrB_1 lsrB_2 lsrB_3
[15:34:07] Fixed 2 duplicate /gene - yabJ_1 yabJ_2
[15:34:07] Fixed 2 duplicate /gene - pqiB_1 pqiB_2
[15:34:07] Fixed 3 duplicate /gene - osmY_1 osmY_2 osmY_3
[15:34:07] Fixed 514 colliding /gene names.
[15:34:07] Adding /locus_tag identifiers
[15:34:07] Assigned 5020 locus_tags to CDS and RNA features.
[15:34:07] Writing outputs to /home/fatemeh/Desktop/prokka/BN373/
[15:34:22] Generating annotation statistics file
[15:34:22] Generating Genbank and Sequin files
[15:34:22] Running: tbl2asn -V b -a r10k -l paired-ends -M n -N 1 -y 'Annotated using prokka 1.11 from http://www.vicbioinformatics.com' -Z \/home\/fatemeh\/Desktop\/prokka\/BN373\/BN373_03082017\.err -i \/home\/fatemeh\/Desktop\/prokka\/BN373\/BN373_03082017\.fsa 2> /dev/null
[15:34:45] Could not run command: tbl2asn -V b -a r10k -l paired-ends -M n -N 1 -y 'Annotated using prokka 1.11 from http://www.vicbioinformatics.com' -Z \/home\/fatemeh\/Desktop\/prokka\/BN373\/BN373_03082017\.err -i \/home\/fatemeh\/Desktop\/prokka\/BN373\/BN373_03082017\.fsa 2> /dev/null
