[18:12:12] Command: --outdir results/prokka/t --locustag t --genus Salmonella --species enterica --kingdom Bacteria --gram neg /home/fatemeh/EnTrI/data/fasta-genome/chromosome/t.fa
[18:12:12] Looking for 'aragorn' - found /usr/bin/aragorn
[18:12:12] Determined aragorn version is 1.2
[18:12:12] Looking for 'blastp' - found /usr/bin/blastp
[18:12:12] Determined blastp version is 2.2
[18:12:12] Looking for 'cmpress' - found /usr/local/bin/cmpress
[18:12:12] Determined cmpress version is 1.1
[18:12:12] Looking for 'cmscan' - found /usr/local/bin/cmscan
[18:12:12] Determined cmscan version is 1.1
[18:12:12] Looking for 'egrep' - found /bin/egrep
[18:12:12] Looking for 'find' - found /usr/bin/find
[18:12:12] Looking for 'grep' - found /bin/grep
[18:12:12] Looking for 'hmmpress' - found /usr/local/bin/hmmpress
[18:12:12] Determined hmmpress version is 3.1
[18:12:12] Looking for 'hmmscan' - found /usr/local/bin/hmmscan
[18:12:12] Determined hmmscan version is 3.1
[18:12:12] Looking for 'less' - found /usr/bin/less
[18:12:12] Looking for 'makeblastdb' - found /usr/bin/makeblastdb
[18:12:12] Determined makeblastdb version is 2.2
[18:12:12] Looking for 'minced' - found /home/fatemeh/program-bank/prokka-1.11/bin/../binaries/linux/../common/minced
[18:12:13] Determined minced version is 1.6
[18:12:13] Looking for 'parallel' - found /usr/bin/parallel
[18:12:13] Determined parallel version is 20130922
[18:12:13] Looking for 'prodigal' - found /usr/bin/prodigal
[18:12:13] Determined prodigal version is 2.6
[18:12:13] Looking for 'prokka-genbank_to_fasta_db' - found /home/fatemeh/program-bank/prokka-1.11/bin/prokka-genbank_to_fasta_db
[18:12:13] Looking for 'sed' - found /bin/sed
[18:12:13] Looking for 'signalp' - found /home/fatemeh/program-bank/signalp
[18:12:14] Determined signalp version is 4.1
[18:12:14] Looking for 'tbl2asn' - found /home/fatemeh/program-bank/tbl2asn
[18:12:14] Determined tbl2asn version is 23.9
[18:12:14] Using genetic code table 11.
[18:12:14] Loading and checking input file: /home/fatemeh/EnTrI/data/fasta-genome/chromosome/t.fa
[18:12:15] Wrote 1 contigs
[18:12:15] Predicting tRNAs and tmRNAs
[18:12:15] Running: aragorn -gc11  -w results\/prokka\/t\/t_03142017\.fna
[18:12:21] 1 tRNA-Glu [289097,289172] 35 (ttc)
[18:12:21] 2 tRNA-Lys c[511872,511947] 34 (ttt)
[18:12:21] 3 tRNA-Val c[511952,512027] 34 (tac)
[18:12:21] 4 tRNA-Val c[512069,512144] 34 (tac)
[18:12:21] 5 tRNA-Val c[512190,512265] 34 (tac)
[18:12:21] 6 tRNA-Ala [514971,515046] 34 (ggc)
[18:12:21] 7 tRNA-Ala [515089,515164] 34 (ggc)
[18:12:21] 8 tRNA-Arg c[543845,543919] 34 (cct)
[18:12:21] 9 tRNA-Pro c[707497,707573] 35 (ggg)
[18:12:21] 10 tRNA-Asn c[951127,951202] 34 (gtt)
[18:12:21] 11 tRNA-Asn [952960,953035] 34 (gtt)
[18:12:21] 12 tRNA-Asn c[978952,979027] 34 (gtt)
[18:12:21] 13 tRNA-Asn c[979575,979650] 34 (gtt)
[18:12:21] 14 tRNA-Ser [980637,980726] 35 (cga)
[18:12:21] 15 tRNA-Gly [1026594,1026669] 34 (gcc)
[18:12:21] 16 tRNA-Cys [1026722,1026795] 33 (gca)
[18:12:21] 17 tRNA-Leu [1026807,1026893] 35 (taa)
[18:12:21] 18 tRNA-Arg [1200360,1200436] 35 (cct)
[18:12:21] 19 tRNA-Arg [1212819,1212895] 35 (tct)
[18:12:21] 20 tRNA-Val c[1356053,1356129] 35 (gac)
[18:12:21] 21 tRNA-Val c[1356140,1356216] 35 (gac)
[18:12:21] 22 tRNA-Ser [1846078,1846165] 35 (gga)
[18:12:21] 23 tRNA-Ser c[1895658,1895745] 35 (tga)
[18:12:21] 24 tRNA-Ser [2043010,2043097] 35 (gga)
[18:12:21] 25 tRNA-Lys c[2187114,2187189] 34 (ttt)
[18:12:21] 26 tRNA-Lys c[2187324,2187399] 34 (ttt)
[18:12:21] 27 tRNA-Lys c[2187544,2187617] 34 (ttt)
[18:12:21] 28 tRNA-Met [2266374,2266450] 35 (cat)
[18:12:21] 29 tRNA-Leu [2266459,2266543] 35 (tag)
[18:12:21] 30 tRNA-Gln [2266567,2266641] 33 (ttg)
[18:12:21] 31 tRNA-Gln [2266677,2266751] 33 (ttg)
[18:12:21] 32 tRNA-Met [2266767,2266843] 35 (cat)
[18:12:21] 33 tRNA-Gln [2266890,2266964] 33 (ctg)
[18:12:21] 34 tRNA-Arg c[2375510,2375586] 35 (tct)
[18:12:21] 35 tRNA-Thr c[2602939,2603014] 34 (cgt)
[18:12:21] 36 tRNA-Asp c[2677913,2677989] 35 (gtc)
[18:12:21] 37 tRNA-Asp c[2687352,2687428] 35 (gtc)
[18:12:21] 38 tRNA-Ala c[2690889,2690964] 34 (tgc)
[18:12:21] 39 tRNA-Ile c[2691076,2691152] 35 (gat)
[18:12:21] 40 tmRNA [2734487,2734849] 91,126 ANDETYALAA**
[18:12:21] 41 tRNA-Arg [2808663,2808739] 35 (tcg)
[18:12:21] 42 tRNA-Arg c[2808679,2808755] 35 (acg)
[18:12:21] 43 tRNA-Arg c[2808952,2809028] 35 (acg)
[18:12:21] 44 tRNA-Arg c[2809091,2809167] 35 (acg)
[18:12:21] 45 tRNA-Arg c[2809230,2809307] 36 (acg)
[18:12:21] 46 tRNA-Ser c[2809311,2809403] 35 (gct)
[18:12:21] 47 tRNA-Met [2982496,2982572] 35 (cat)
[18:12:21] 48 tRNA-Met [2982602,2982678] 35 (cat)
[18:12:21] 49 tRNA-Gly c[3045439,3045512] 33 (ccc)
[18:12:21] 50 tRNA-Phe [3118025,3118100] 34 (gaa)
[18:12:21] 51 tRNA-Met [3221999,3222074] 34 (cat)
[18:12:21] 52 tRNA-Met c[3299809,3299885] 35 (cat)
[18:12:21] 53 tRNA-Leu c[3301770,3301856] 35 (gag)
[18:12:21] 54 tRNA-Thr c[3403590,3403665] 34 (ggt)
[18:12:21] 55 tRNA-Ala c[3407225,3407300] 34 (tgc)
[18:12:21] 56 tRNA-Ile c[3407412,3407488] 35 (gat)
[18:12:21] 57 tRNA-Pro c[3465290,3465366] 35 (tgg)
[18:12:21] 58 tRNA-Ser c[3465409,3465495] 35 (cag)
[18:12:21] 59 tRNA-His c[3465516,3465591] 34 (gtg)
[18:12:21] 60 tRNA-Arg c[3465646,3465722] 35 (ccg)
[18:12:21] 61 tRNA-Trp c[3538178,3538253] 34 (cca)
[18:12:21] 62 tRNA-Asp c[3538262,3538338] 35 (gtc)
[18:12:21] 63 tRNA-Glu c[3541810,3541885] 35 (ttc)
[18:12:21] 64 tRNA-Thr c[3576381,3576456] 34 (ggt)
[18:12:21] 65 tRNA-Gly c[3576463,3576537] 34 (tcc)
[18:12:21] 66 tRNA-Tyr c[3576654,3576738] 35 (gta)
[18:12:21] 67 tRNA-Thr c[3576747,3576822] 34 (tgt)
[18:12:21] 68 tRNA-Ala c[3583854,3583929] 34 (tgc)
[18:12:21] 69 tRNA-Ile c[3584041,3584117] 35 (gat)
[18:12:21] 70 tRNA-Glu c[3732858,3732933] 35 (ttc)
[18:12:21] 71 tRNA-seC c[3885949,3886043] 35 (tca)
[18:12:21] 72 tRNA-Pro [4007384,4007460] 35 (cgg)
[18:12:21] 73 tRNA-Glu [4243769,4243844] 35 (ttc)
[18:12:21] 74 tRNA-Phe c[4525975,4526050] 34 (gaa)
[18:12:21] 75 tRNA-Gly [4555903,4555978] 34 (gcc)
[18:12:21] 76 tRNA-Gly [4556135,4556210] 34 (gcc)
[18:12:21] 77 tRNA-Leu [4666494,4666578] 35 (caa)
[18:12:21] 78 tRNA-Ser c[4750118,4750204] 35 (cag)
[18:12:21] 79 tRNA-Ser c[4750236,4750322] 35 (cag)
[18:12:21] 80 tRNA-Ser c[4750350,4750436] 35 (cag)
[18:12:21] 81 tRNA-Arg [4776870,4776963] 38 (cct)
[18:12:21] Found 81 tRNAs
[18:12:21] Predicting Ribosomal RNAs
[18:12:21] You need either Barrnap or RNAmmer installed to predict rRNAs!
[18:12:21] Skipping ncRNA search, enable with --rfam if desired.
[18:12:21] Total of 80 tRNA + rRNA features
[18:12:21] Searching for CRISPR repeats
[18:12:24] CRISPR1 AE014613 2912041 with 7 spacers
[18:12:24] Found 1 CRISPRs
[18:12:24] Predicting coding sequences
[18:12:24] Contigs total 4791961 bp, so using single mode
[18:12:24] Running: prodigal -i results\/prokka\/t\/t_03142017\.fna -c -m -g 11 -p single -f sco -q
[18:12:50] Excluding CDS which overlaps existing RNA (tRNA) at AE014613:1026565..1027035 on - strand
[18:12:56] Excluding CDS which overlaps existing RNA (tRNA) at AE014613:2266522..2266764 on - strand
[18:13:09] Excluding CDS which overlaps existing RNA (tRNA) at AE014613:4666379..4666597 on - strand
[18:13:09] Excluding CDS which overlaps existing RNA (tRNA) at AE014613:4776559..4777206 on + strand
[18:13:09] Found 4628 CDS
[18:13:09] Connecting features back to sequences
[18:13:09] Looking for signal peptides at start of predicted proteins
[18:13:09] Treating Bacteria as gram-
[18:13:26] Running: signalp -t gram- -f short  results\/prokka\/t\/signalp\.faa 2> /dev/null
[18:21:31] Found 444 signal peptides
[18:21:31] Deleting unwanted file: results/prokka/t/signalp.faa
[18:21:31] Not using genus-specific database. Try --usegenus to enable it.
[18:21:31] Annotating CDS, please be patient.
[18:21:31] Will use 4 CPUs for similarity searching.
[18:21:38] There are still 4628 unannotated CDS left (started with 4628)
[18:21:38] Will use blast to search against /home/fatemeh/program-bank/prokka-1.11/bin/../db/kingdom/Bacteria/sprot with 4 CPUs
[18:21:38] Running: cat results\/prokka\/t\/sprot\.faa | parallel --gnu --plain -j 4 --block 176982 --recstart '>' --pipe blastp -query - -db /home/fatemeh/program-bank/prokka-1.11/bin/../db/kingdom/Bacteria/sprot -evalue 1e-06 -num_threads 1 -num_descriptions 1 -num_alignments 1 -seg no > results\/prokka\/t\/sprot\.blast 2> /dev/null
[18:29:17] Modify product: Cytolethal distending toxin subunit B homolog precursor => hypothetical protein
[18:29:17] Modify product: Cytochrome b561 homolog 1 => hypothetical protein
[18:29:17] Modify product: Probable two-component-system connector protein AriR => putative two-component-system connector protein AriR
[18:29:17] Modify product: Stress response UPF0229 protein YhbH => hypothetical protein
[18:29:17] Modify product: Uncharacterized oxidoreductase YtbE => putative oxidoreductase YtbE
[18:29:17] Modify product: Uncharacterized FAD-linked oxidoreductase Rv2280 => putative FAD-linked oxidoreductase
[18:29:17] Modify product: Probable ATP-dependent transporter SufC => putative ATP-dependent transporter SufC
[18:29:17] Modify product: Probable L,D-transpeptidase YnhG precursor => putative L,D-transpeptidase YnhG precursor
[18:29:17] Modify product: Probable L,D-transpeptidase YnhG precursor => putative L,D-transpeptidase YnhG precursor
[18:29:17] Modify product: Probable ATP synthase YscN => putative ATP synthase YscN
[18:29:17] Modify product: Uncharacterized oxidoreductase YdgJ => putative oxidoreductase YdgJ
[18:29:17] Modify product: DNA replication terminus site-binding protein => hypothetical protein
[18:29:17] Modify product: Probable dimethyl sulfoxide reductase chain YnfF precursor => putative dimethyl sulfoxide reductase chain YnfF precursor
[18:29:17] Modify product: Uncharacterized zinc-type alcohol dehydrogenase-like protein YjmD => putative zinc-type alcohol dehydrogenase-like protein YjmD
[18:29:17] Modify product: Uncharacterized HTH-type transcriptional regulator YdfH => putative HTH-type transcriptional regulator YdfH
[18:29:17] Modify product: Probable amino-acid metabolite efflux pump => putative amino-acid metabolite efflux pump
[18:29:17] Modify product: Probable Ni/Fe-hydrogenase 1 B-type cytochrome subunit => putative Ni/Fe-hydrogenase 1 B-type cytochrome subunit
[18:29:17] Modify product: Uncharacterized zinc-type alcohol dehydrogenase-like protein YjmD => putative zinc-type alcohol dehydrogenase-like protein YjmD
[18:29:18] Modify product: Probable nitrate reductase molybdenum cofactor assembly chaperone NarW => putative nitrate reductase molybdenum cofactor assembly chaperone NarW
[18:29:18] Modify product: Uncharacterized isomerase YddE => putative isomerase YddE
[18:29:18] Modify product: Uncharacterized lipoprotein YgdR precursor => putative lipoprotein YgdR precursor
[18:29:18] Modify product: Uncharacterized HTH-type transcriptional regulator YdcR => putative HTH-type transcriptional regulator YdcR
[18:29:18] Modify product: Uncharacterized protease YhbU precursor => putative protease YhbU precursor
[18:29:18] Modify product: Probable DNA endonuclease SmrA => putative DNA endonuclease SmrA
[18:29:18] Modify product: Probable thiol peroxidase => putative thiol peroxidase
[18:29:18] Modify product: Uncharacterized lipoprotein YgdR precursor => putative lipoprotein YgdR precursor
[18:29:18] Modify product: Uncharacterized oxidoreductase YtbE => putative oxidoreductase YtbE
[18:29:18] Modify product: Probable D,D-dipeptide transport ATP-binding protein DdpD => putative D,D-dipeptide transport ATP-binding protein DdpD
[18:29:18] Modify product: Probable protease SohB => putative protease SohB
[18:29:18] Modify product: Uncharacterized oxidoreductase YciK => putative oxidoreductase YciK
[18:29:18] Modify product: Probable intracellular septation protein A => putative intracellular septation protein A
[18:29:18] Modify product: Uncharacterized acyl-CoA thioester hydrolase HI_0827 => putative acyl-CoA thioester hydrolase
[18:29:18] Modify product: Probable L,D-transpeptidase YcfS precursor => putative L,D-transpeptidase YcfS precursor
[18:29:18] Modify product: Uncharacterized deoxyribonuclease YcfH => putative deoxyribonuclease YcfH
[18:29:18] Modify product: Uncharacterized Nudix hydrolase YfcD => putative Nudix hydrolase YfcD
[18:29:18] Modify product: Probable 4-amino-4-deoxy-L-arabinose-phosphoundecaprenol flippase subunit ArnF => putative 4-amino-4-deoxy-L-arabinose-phosphoundecaprenol flippase subunit ArnF
[18:29:18] Modify product: Probable 4-amino-4-deoxy-L-arabinose-phosphoundecaprenol flippase subunit ArnE => putative 4-amino-4-deoxy-L-arabinose-phosphoundecaprenol flippase subunit ArnE
[18:29:18] Modify product: Probable 4-deoxy-4-formamido-L-arabinose-phosphoundecaprenol deformylase ArnD => putative 4-deoxy-4-formamido-L-arabinose-phosphoundecaprenol deformylase ArnD
[18:29:18] Modify product: Uncharacterized HTH-type transcriptional regulator RhmR => putative HTH-type transcriptional regulator RhmR
[18:29:18] Modify product: Uncharacterized HTH-type transcriptional regulator YdfH => putative HTH-type transcriptional regulator YdfH
[18:29:19] Modify product: Uncharacterized lipoprotein YehR precursor => putative lipoprotein YehR precursor
[18:29:19] Modify product: Uncharacterized lipoprotein YehR precursor => putative lipoprotein YehR precursor
[18:29:19] Modify product: Uncharacterized HTH-type transcriptional regulator YegW => putative HTH-type transcriptional regulator YegW
[18:29:19] Modify product: Uncharacterized sugar kinase YdjH => putative sugar kinase YdjH
[18:29:19] Modify product: Probable lipid kinase YegS => putative lipid kinase YegS
[18:29:19] Modify product: Uncharacterized protease YhbU precursor => putative protease YhbU precursor
[18:29:19] Modify product: Probable diguanylate cyclase YegE => putative diguanylate cyclase YegE
[18:29:19] Modify product: PGL/p-HBAD biosynthesis glycosyltransferase Rv2957/MT3031 => PGL/p-HBAD biosynthesis glycosyltransferase/MT3031
[18:29:19] Modify product: Putative acetyltransferase SACOL2570 => Putative acetyltransferase
[18:29:19] Modify product: Uncharacterized sugar transferase EpsL => putative sugar transferase EpsL
[18:29:19] Modify product: Uncharacterized ferredoxin-like protein YdhX precursor => putative ferredoxin-like protein YdhX precursor
[18:29:19] Modify product: Probable propionate kinase => putative propionate kinase
[18:29:19] Modify product: Carbon dioxide-concentrating mechanism protein CcmK homolog 1 => hypothetical protein
[18:29:19] Modify product: Probable cobalt-precorrin-6Y C(5)-methyltransferase => putative cobalt-precorrin-6Y C(5)-methyltransferase
[18:29:19] Modify product: Probable cobalt-precorrin-6Y C(15)-methyltransferase [decarboxylating] => putative cobalt-precorrin-6Y C(15)-methyltransferase [decarboxylating]
[18:29:19] Modify product: Probable L,D-transpeptidase ErfK/SrfK precursor => putative L,D-transpeptidase ErfK/SrfK precursor
[18:29:19] Modify product: Uncharacterized inner membrane transporter YedA => putative inner membrane transporter YedA
[18:29:19] Modify product: Probable diguanylate cyclase YedQ => putative diguanylate cyclase YedQ
[18:29:19] Modify product: Probable transcriptional regulatory protein YebC => putative transcriptional regulatory protein YebC
[18:29:19] Modify product: Uncharacterized HTH-type transcriptional regulator YbbH => putative HTH-type transcriptional regulator YbbH
[18:29:19] Modify product: Uncharacterized inner membrane transporter YedA => putative inner membrane transporter YedA
[18:29:19] Modify product: Probable manganese efflux pump MntP => putative manganese efflux pump MntP
[18:29:19] Modify product: Probable ATP-dependent helicase DinG => putative ATP-dependent helicase DinG
[18:29:19] Modify product: Probable S-adenosyl-L-methionine-dependent methyltransferase TehB => putative S-adenosyl-L-methionine-dependent methyltransferase TehB
[18:29:20] Modify product: Probable Ni/Fe-hydrogenase 1 B-type cytochrome subunit => putative Ni/Fe-hydrogenase 1 B-type cytochrome subunit
[18:29:20] Modify product: Probable peptidoglycan biosynthesis protein MurJ => putative peptidoglycan biosynthesis protein MurJ
[18:29:20] Modify product: Uncharacterized lipoprotein YceB precursor => putative lipoprotein YceB precursor
[18:29:20] Modify product: Cytochrome b561 homolog 2 => hypothetical protein
[18:29:20] Modify product: Probable cardiolipin synthase YwiE => putative cardiolipin synthase YwiE
[18:29:20] Modify product: Probable phosphatase YcdX => putative phosphatase YcdX
[18:29:20] Modify product: Uncharacterized symporter YidK => putative symporter YidK
[18:29:20] Modify product: Uncharacterized HTH-type transcriptional regulator YbbH => putative HTH-type transcriptional regulator YbbH
[18:29:20] Modify product: Probable transcriptional regulatory protein YedW => putative transcriptional regulatory protein YedW
[18:29:20] Modify product: Probable sensor-like histidine kinase YedV => putative sensor-like histidine kinase YedV
[18:29:20] Modify product: Probable metallo-hydrolase M6_Spy0554 => putative metallo-hydrolase
[18:29:20] Modify product: Probable formate transporter 1 => putative formate transporter 1
[18:29:20] Modify product: Uncharacterized MFS-type transporter YcaD => putative MFS-type transporter YcaD
[18:29:20] Modify product: Probable multidrug resistance ABC transporter ATP-binding/permease protein YheH => putative multidrug resistance ABC transporter ATP-binding/permease protein YheH
[18:29:20] Modify product: Uncharacterized lipoprotein YbjP precursor => putative lipoprotein YbjP precursor
[18:29:20] Modify product: Uncharacterized ABC transporter ATP-binding protein YheS => putative ABC transporter ATP-binding protein YheS
[18:29:20] Modify product: Probable L,D-transpeptidase YbiS precursor => putative L,D-transpeptidase YbiS precursor
[18:29:20] Modify product: Probable ATP-dependent helicase DinG => putative ATP-dependent helicase DinG
[18:29:20] Modify product: Probable ATP-dependent helicase DinG => putative ATP-dependent helicase DinG
[18:29:20] Modify product: Uncharacterized ABC transporter ATP-binding protein YbhF => putative ABC transporter ATP-binding protein YbhF
[18:29:20] Modify product: Uncharacterized ABC transporter ATP-binding protein YlmA => putative ABC transporter ATP-binding protein YlmA
[18:29:20] Modify product: Probable siderophore transport system ATP-binding protein YusV => putative siderophore transport system ATP-binding protein YusV
[18:29:21] Modify product: Uncharacterized lipoprotein ChiQ precursor => putative lipoprotein ChiQ precursor
[18:29:21] Modify product: Probable glutamine ABC transporter permease protein GlnM => putative glutamine ABC transporter permease protein GlnM
[18:29:21] Modify product: Uncharacterized HTH-type transcriptional regulator YbdO => putative HTH-type transcriptional regulator YbdO
[18:29:21] Modify product: Uncharacterized HTH-type transcriptional regulator YbdO => putative HTH-type transcriptional regulator YbdO
[18:29:21] Modify product: Probable siderophore transport system ATP-binding protein YusV => putative siderophore transport system ATP-binding protein YusV
[18:29:21] Modify product: Probable copper-binding protein PcoE precursor => putative copper-binding protein PcoE precursor
[18:29:21] Modify product: Bactoprenol-linked glucose translocase homolog from prophage CPS-53 => hypothetical protein
[18:29:21] Modify product: Bactoprenol glucosyl transferase homolog from prophage CPS-53 => hypothetical protein
[18:29:21] Modify product: Uncharacterized fimbrial-like protein ElfG precursor => putative fimbrial-like protein ElfG precursor
[18:29:21] Modify product: Bifunctional protein FolD => Bifunctional protein FolD protein
[18:29:21] Modify product: Uncharacterized HTH-type transcriptional regulator YbdO => putative HTH-type transcriptional regulator YbdO
[18:29:21] Modify product: Probable outer membrane usher protein ElfC precursor => putative outer membrane usher protein ElfC precursor
[18:29:21] Modify product: Probable outer membrane usher protein ElfC precursor => putative outer membrane usher protein ElfC precursor
[18:29:21] Modify product: Uncharacterized fimbrial-like protein ElfG precursor => putative fimbrial-like protein ElfG precursor
[18:29:21] Modify product: Uncharacterized fimbrial-like protein YcbU precursor => putative fimbrial-like protein YcbU precursor
[18:29:21] Modify product: Uncharacterized fimbrial-like protein YcbV precursor => putative fimbrial-like protein YcbV precursor
[18:29:21] Modify product: Uncharacterized fimbrial chaperone YcbF precursor => putative fimbrial chaperone YcbF precursor
[18:29:21] Modify product: Uncharacterized lipoprotein YgdR precursor => putative lipoprotein YgdR precursor
[18:29:22] Modify product: Probable tRNA (adenine(37)-N6)-methyltransferase => putative tRNA (adenine(37)-N6)-methyltransferase
[18:29:22] Modify product: Uncharacterized ferredoxin-like protein YfhL => putative ferredoxin-like protein YfhL
[18:29:22] Modify product: Uncharacterized MFS-type transporter YhjX => putative MFS-type transporter YhjX
[18:29:22] Modify product: PTS system EIIBC component SA0186 => PTS system EIIBC component
[18:29:22] Modify product: Probable dipeptide and tripeptide permease YjdL => putative dipeptide and tripeptide permease YjdL
[18:29:22] Modify product: Probable cadaverine/lysine antiporter => putative cadaverine/lysine antiporter
[18:29:22] Modify product: Probable 3-phenylpropionic acid transporter => putative 3-phenylpropionic acid transporter
[18:29:22] Modify product: Probable dimethyl sulfoxide reductase chain YnfF precursor => putative dimethyl sulfoxide reductase chain YnfF precursor
[18:29:22] Modify product: Probable deferrochelatase/peroxidase YfeX => putative deferrochelatase/peroxidase YfeX
[18:29:22] Modify product: Uncharacterized HTH-type transcriptional regulator YdcR => putative HTH-type transcriptional regulator YdcR
[18:29:22] Modify product: Bactoprenol glucosyl transferase homolog from prophage CPS-53 => hypothetical protein
[18:29:22] Modify product: Bactoprenol-linked glucose translocase homolog from prophage CPS-53 => hypothetical protein
[18:29:22] Modify product: Probable phospholipid-binding lipoprotein MlaA precursor => putative phospholipid-binding lipoprotein MlaA precursor
[18:29:22] Modify product: Epimerase family protein SA0724 => Epimerase family protein
[18:29:22] Modify product: Probable sulfoacetate transporter SauU => putative sulfoacetate transporter SauU
[18:29:22] Modify product: Uncharacterized ABC transporter ATP-binding protein YbbL => putative ABC transporter ATP-binding protein YbbL
[18:29:22] Modify product: Uncharacterized membrane protein YjcC => putative membrane protein YjcC
[18:29:22] Modify product: Probable multidrug resistance ABC transporter ATP-binding/permease protein YheI => putative multidrug resistance ABC transporter ATP-binding/permease protein YheI
[18:29:22] Modify product: Probable siderophore biosynthesis protein SbnA => putative siderophore biosynthesis protein SbnA
[18:29:23] Modify product: Uncharacterized lipoprotein YajI precursor => putative lipoprotein YajI precursor
[18:29:23] Modify product: Probable peroxiredoxin => putative peroxiredoxin
[18:29:23] Modify product: Probable diguanylate cyclase AdrA => putative diguanylate cyclase AdrA
[18:29:23] Modify product: Probable deoxyribonuclease RhsB => putative deoxyribonuclease RhsB
[18:29:23] Modify product: Uncharacterized methyltransferase YcgJ => putative methyltransferase YcgJ
[18:29:23] Modify product: Probable diguanylate cyclase YfiN => putative diguanylate cyclase YfiN
[18:29:23] Modify product: Probable inorganic polyphosphate/ATP-NAD kinase => putative inorganic polyphosphate/ATP-NAD kinase
[18:29:23] Modify product: Putative multidrug export ATP-binding/permease protein SAV1866 => Putative multidrug export ATP-binding/permease protein
[18:29:23] Modify product: Probable HTH-type transcriptional regulator YgaV => putative HTH-type transcriptional regulator YgaV
[18:29:23] Modify product: Uncharacterized periplasmic iron-binding protein HI_0362 precursor => putative periplasmic iron-binding protein precursor
[18:29:23] Modify product: Probable ATP synthase SpaL => putative ATP synthase SpaL
[18:29:23] Modify product: Probable aromatic acid decarboxylase => putative aromatic acid decarboxylase
[18:29:23] Modify product: Uncharacterized fimbrial-like protein ElfG precursor => putative fimbrial-like protein ElfG precursor
[18:29:23] Modify product: Probable glucarate transporter => putative glucarate transporter
[18:29:24] Modify product: Uncharacterized lipoprotein YgdR precursor => putative lipoprotein YgdR precursor
[18:29:24] Modify product: Uncharacterized tRNA/rRNA methyltransferase HI_0380 => putative tRNA/rRNA methyltransferase
[18:29:24] Modify product: Uncharacterized lipoprotein YgdR precursor => putative lipoprotein YgdR precursor
[18:29:24] Modify product: Probable Fe(2+)-trafficking protein => putative Fe(2+)-trafficking protein
[18:29:24] Modify product: Uncharacterized membrane protein YdfK => putative membrane protein YdfK
[18:29:24] Modify product: Probable Ni/Fe-hydrogenase 2 b-type cytochrome subunit => putative Ni/Fe-hydrogenase 2 b-type cytochrome subunit
[18:29:24] Modify product: Uncharacterized oxidoreductase YghA => putative oxidoreductase YghA
[18:29:24] Modify product: Probable quinol monooxygenase YgiN => putative quinol monooxygenase YgiN
[18:29:24] Modify product: Probable glycerol-3-phosphate acyltransferase => putative glycerol-3-phosphate acyltransferase
[18:29:24] Modify product: Uncharacterized protease YhbU precursor => putative protease YhbU precursor
[18:29:24] Modify product: Transcription termination/antitermination protein NusA => hypothetical protein
[18:29:24] Modify product: Uncharacterized inner membrane transporter YhbE => putative inner membrane transporter YhbE
[18:29:24] Modify product: Probable phospholipid ABC transporter-binding protein MlaB => putative phospholipid ABC transporter-binding protein MlaB
[18:29:24] Modify product: Probable phospholipid-binding protein MlaC precursor => putative phospholipid-binding protein MlaC precursor
[18:29:24] Modify product: Probable phospholipid ABC transporter-binding protein MlaD => putative phospholipid ABC transporter-binding protein MlaD
[18:29:24] Modify product: Probable phospholipid ABC transporter permease protein MlaE => putative phospholipid ABC transporter permease protein MlaE
[18:29:24] Modify product: Probable phospholipid import ATP-binding protein MlaF => putative phospholipid import ATP-binding protein MlaF
[18:29:24] Modify product: Uncharacterized HTH-type transcriptional regulator YdfH => putative HTH-type transcriptional regulator YdfH
[18:29:24] Modify product: Probable acrylyl-CoA reductase AcuI => putative acrylyl-CoA reductase AcuI
[18:29:25] Modify product: Probable protein kinase UbiB => putative protein kinase UbiB
[18:29:25] Modify product: Probable transport protein YifK => putative transport protein YifK
[18:29:25] Modify product: Transcription termination factor Rho => hypothetical protein
[18:29:25] Modify product: Transcription termination/antitermination protein NusG => hypothetical protein
[18:29:25] Modify product: Probable adenosine monophosphate-protein transferase fic => putative adenosine monophosphate-protein transferase fic
[18:29:25] Modify product: Uncharacterized ABC transporter ATP-binding protein YheS => putative ABC transporter ATP-binding protein YheS
[18:29:25] Modify product: Uncharacterized N-acetyltransferase YjaB => putative N-acetyltransferase YjaB
[18:29:25] Modify product: Uncharacterized lipoprotein GfcB precursor => putative lipoprotein GfcB precursor
[18:29:25] Modify product: Probable tRNA-dihydrouridine synthase => putative tRNA-dihydrouridine synthase
[18:29:25] Modify product: Uncharacterized membrane protein YjcC => putative membrane protein YjcC
[18:29:25] Modify product: Uncharacterized ferredoxin-like protein YdhX precursor => putative ferredoxin-like protein YdhX precursor
[18:29:26] Modify product: Probable L-ascorbate-6-phosphate lactonase UlaG => putative L-ascorbate-6-phosphate lactonase UlaG
[18:29:26] Modify product: Probable amino-acid metabolite efflux pump => putative amino-acid metabolite efflux pump
[18:29:26] Modify product: Probable sulfoacetate transporter SauU => putative sulfoacetate transporter SauU
[18:29:26] Modify product: Probable licABCH operon regulator => putative licABCH operon regulator
[18:29:26] Modify product: Probable transcriptional regulatory protein YeeN => putative transcriptional regulatory protein YeeN
[18:29:26] Modify product: Probable amino-acid racemase => putative amino-acid racemase
[18:29:26] Modify product: Uncharacterized GTP-binding protein YjiA => putative GTP-binding protein YjiA
[18:29:26] Modify product: Probable diguanylate cyclase YcdT => putative diguanylate cyclase YcdT
[18:29:26] Modify product: Uncharacterized deoxyribonuclease YjjV => putative deoxyribonuclease YjjV
[18:29:26] Modify product: DNA repair protein RadA homolog => hypothetical protein
[18:29:26] Modify product: Uncharacterized ABC transporter ATP-binding protein YjjK => putative ABC transporter ATP-binding protein YjjK
[18:29:26] Modify product: Uncharacterized aldolase LsrF => putative aldolase LsrF
[18:29:26] Modify product: Uncharacterized aldolase YihT => putative aldolase YihT
[18:29:26] Modify product: Uncharacterized sugar isomerase YihS => putative sugar isomerase YihS
[18:29:26] Modify product: Probable GTP-binding protein EngB => putative GTP-binding protein EngB
[18:29:26] Modify product: Probable acyltransferase YihG => putative acyltransferase YihG
[18:29:26] Modify product: Probable transport protein HsrA => putative transport protein HsrA
[18:29:26] Modify product: Probable transport protein HsrA => putative transport protein HsrA
[18:29:27] Modify product: Probable outer membrane usher protein ElfC precursor => putative outer membrane usher protein ElfC precursor
[18:29:27] Modify product: Uncharacterized fimbrial-like protein ElfG precursor => putative fimbrial-like protein ElfG precursor
[18:29:27] Modify product: Shikimate 5-dehydrogenase-like protein HI_0607 => Shikimate 5-dehydrogenase-like protein
[18:29:27] Modify product: Probable adenine permease PurP => putative adenine permease PurP
[18:29:27] Modify product: Probable sulfoacetate transporter SauU => putative sulfoacetate transporter SauU
[18:29:27] Modify product: Uncharacterized inner membrane transporter YicL => putative inner membrane transporter YicL
[18:29:27] Modify product: Uncharacterized HTH-type transcriptional regulator YbdO => putative HTH-type transcriptional regulator YbdO
[18:29:27] Modify product: Uncharacterized glycosyltransferase EpsJ => putative glycosyltransferase EpsJ
[18:29:27] Modify product: Probable glucarate transporter => putative glucarate transporter
[18:29:27] Modify product: Probable glucarate transporter => putative glucarate transporter
[18:29:27] Modify product: Uncharacterized GST-like protein YibF => putative GST-like protein YibF
[18:29:27] Modify product: Uncharacterized N-acetyltransferase YafP => putative N-acetyltransferase YafP
[18:29:27] Modify product: Probable lipoprotein YiaD precursor => putative lipoprotein YiaD precursor
[18:29:27] Modify product: Uncharacterized N-acetyltransferase YjaB => putative N-acetyltransferase YjaB
[18:29:27] Modify product: RutC family protein HI_0719 => RutC family protein
[18:29:27] Modify product: Uncharacterized ABC transporter ATP-binding protein YbhF => putative ABC transporter ATP-binding protein YbhF
[18:29:27] Modify product: Phosphotriesterase homology protein => hypothetical protein
[18:29:27] Modify product: Uncharacterized oxidoreductase YhhX => putative oxidoreductase YhhX
[18:29:27] Cleaned 203 /product names
[18:29:27] Deleting unwanted file: results/prokka/t/sprot.faa
[18:29:27] Deleting unwanted file: results/prokka/t/sprot.blast
[18:29:30] There are still 1427 unannotated CDS left (started with 4628)
[18:29:30] Will use hmmer3 to search against /home/fatemeh/program-bank/prokka-1.11/bin/../db/hmm/CLUSTERS.hmm with 4 CPUs
[18:29:30] Running: cat results\/prokka\/t\/CLUSTERS\.hmm\.faa | parallel --gnu --plain -j 4 --block 39814 --recstart '>' --pipe hmmscan --noali --notextw --acc -E 1e-06 --cpu 1 /home/fatemeh/program-bank/prokka-1.11/bin/../db/hmm/CLUSTERS.hmm /dev/stdin > results\/prokka\/t\/CLUSTERS\.hmm\.hmmer3 2> /dev/null
[18:34:48] Deleting unwanted file: results/prokka/t/CLUSTERS.hmm.faa
[18:34:48] Deleting unwanted file: results/prokka/t/CLUSTERS.hmm.hmmer3
[18:34:50] There are still 1060 unannotated CDS left (started with 4628)
[18:34:50] Will use hmmer3 to search against /home/fatemeh/program-bank/prokka-1.11/bin/../db/hmm/HAMAP.hmm with 4 CPUs
[18:34:50] Running: cat results\/prokka\/t\/HAMAP\.hmm\.faa | parallel --gnu --plain -j 4 --block 29286 --recstart '>' --pipe hmmscan --noali --notextw --acc -E 1e-06 --cpu 1 /home/fatemeh/program-bank/prokka-1.11/bin/../db/hmm/HAMAP.hmm /dev/stdin > results\/prokka\/t\/HAMAP\.hmm\.hmmer3 2> /dev/null
[18:35:57] Deleting unwanted file: results/prokka/t/HAMAP.hmm.faa
[18:35:57] Deleting unwanted file: results/prokka/t/HAMAP.hmm.hmmer3
[18:35:59] There are still 1046 unannotated CDS left (started with 4628)
[18:35:59] Will use hmmer3 to search against /home/fatemeh/program-bank/prokka-1.11/bin/../db/hmm/Pfam.hmm with 4 CPUs
[18:35:59] Running: cat results\/prokka\/t\/Pfam\.hmm\.faa | parallel --gnu --plain -j 4 --block 28911 --recstart '>' --pipe hmmscan --noali --notextw --acc -E 1e-06 --cpu 1 /home/fatemeh/program-bank/prokka-1.11/bin/../db/hmm/Pfam.hmm /dev/stdin > results\/prokka\/t\/Pfam\.hmm\.hmmer3 2> /dev/null
[18:40:15] Modify product: putative Peptidoglycan domain => putative Peptidoglycan domain protein
[18:40:15] Modify product: DSBA-like thioredoxin domain => DSBA-like thioredoxin domain protein
[18:40:15] Modify product: Probable transposase => putative transposase
[18:40:15] Modify product: Transposase IS200 like => Transposase IS200 like protein
[18:40:15] Modify product: Transposase IS200 like => Transposase IS200 like protein
[18:40:15] Modify product: DTW domain => DTW domain protein
[18:40:15] Modify product: Alpha/beta hydrolase family => Alpha/beta hydrolase family protein
[18:40:15] Modify product: Alpha-2-macroglobulin family N-terminal region => hypothetical protein
[18:40:15] Modify product: NAD-dependent DNA ligase C4 zinc finger domain => NAD-dependent DNA ligase C4 zinc finger domain protein
[18:40:15] Modify product: Transposase IS200 like => Transposase IS200 like protein
[18:40:15] Modify product: Sodium Bile acid symporter family => Sodium Bile acid symporter family protein
[18:40:15] Modify product: Helix-turn-helix domain => Helix-turn-helix domain protein
[18:40:15] Modify product: Transposase IS200 like => Transposase IS200 like protein
[18:40:15] Modify product: Alanine racemase, N-terminal domain => hypothetical protein
[18:40:15] Modify product: Transposase IS200 like => Transposase IS200 like protein
[18:40:15] Modify product: Phage tail fibre repeat => Phage tail fibre repeat protein
[18:40:15] Modify product: NAD dependent epimerase/dehydratase family => NAD dependent epimerase/dehydratase family protein
[18:40:15] Modify product: Isochorismatase family => Isochorismatase family protein
[18:40:15] Modify product: Transposase IS200 like => Transposase IS200 like protein
[18:40:15] Modify product: Transposase IS200 like => Transposase IS200 like protein
[18:40:15] Modify product: EAL domain => EAL domain protein
[18:40:15] Modify product: FtsX-like permease family => FtsX-like permease family protein
[18:40:15] Modify product: TraB family => TraB family protein
[18:40:15] Modify product: Transposase IS200 like => Transposase IS200 like protein
[18:40:15] Modify product: Sel1 repeat => Sel1 repeat protein
[18:40:15] Modify product: Sel1 repeat => Sel1 repeat protein
[18:40:15] Modify product: HTH domain => HTH domain protein
[18:40:15] Modify product: Glyoxalase-like domain => Glyoxalase-like domain protein
[18:40:15] Modify product: Transposase IS200 like => Transposase IS200 like protein
[18:40:15] Modify product: Extensin-like protein C-terminus => hypothetical protein
[18:40:15] Modify product: VRR-NUC domain => VRR-NUC domain protein
[18:40:15] Modify product: Heavy-metal-associated domain => Heavy-metal-associated domain protein
[18:40:15] Modify product: Gram-negative pili assembly chaperone, N-terminal domain => hypothetical protein
[18:40:15] Modify product: Integrase core domain => Integrase core domain protein
[18:40:15] Modify product: ImpA-related N-terminal => hypothetical protein
[18:40:15] Modify product: Mor transcription activator family => Mor transcription activator family protein
[18:40:15] Modify product: Transposase IS200 like => Transposase IS200 like protein
[18:40:15] Modify product: Stress-induced bacterial acidophilic repeat motif => Stress-induced bacterial acidophilic repeat motif protein
[18:40:15] Modify product: HupF/HypC family => HupF/HypC family protein
[18:40:15] Modify product: MarR family => MarR family protein
[18:40:15] Modify product: Methyltransferase domain => Methyltransferase domain protein
[18:40:15] Modify product: Transposase IS200 like => Transposase IS200 like protein
[18:40:15] Modify product: B3/4 domain => B3/4 domain protein
[18:40:15] Modify product: NmrA-like family => NmrA-like family protein
[18:40:15] Modify product: Transposase IS200 like => Transposase IS200 like protein
[18:40:15] Modify product: Stress-induced bacterial acidophilic repeat motif => Stress-induced bacterial acidophilic repeat motif protein
[18:40:15] Modify product: DsrE/DsrF-like family => DsrE/DsrF-like family protein
[18:40:15] Modify product: Transposase IS200 like => Transposase IS200 like protein
[18:40:15] Modify product: Tetratricopeptide repeat => Tetratricopeptide repeat protein
[18:40:15] Modify product: Transposase IS200 like => Transposase IS200 like protein
[18:40:15] Modify product: Stress-induced bacterial acidophilic repeat motif => Stress-induced bacterial acidophilic repeat motif protein
[18:40:15] Modify product: Transposase IS200 like => Transposase IS200 like protein
[18:40:15] Modify product: Transposase IS200 like => Transposase IS200 like protein
[18:40:15] Modify product: DinI-like family => DinI-like family protein
[18:40:15] Modify product: Fic/DOC family => Fic/DOC family protein
[18:40:15] Modify product: RecT family => RecT family protein
[18:40:15] Modify product: YqaJ-like viral recombinase domain => YqaJ-like viral recombinase domain protein
[18:40:15] Modify product: BMC domain => BMC domain protein
[18:40:15] Modify product: Bacterial shufflon protein, N-terminal constant region => hypothetical protein
[18:40:16] Modify product: Bacterial shufflon protein, N-terminal constant region => hypothetical protein
[18:40:16] Modify product: Phage integrase family => Phage integrase family protein
[18:40:16] Modify product: Metallo-beta-lactamase superfamily => Metallo-beta-lactamase superfamily protein
[18:40:16] Modify product: Acetyltransferase (GNAT) family => Acetyltransferase (GNAT) family protein
[18:40:16] Modify product: GnsA/GnsB family => GnsA/GnsB family protein
[18:40:16] Modify product: HupH hydrogenase expression protein, C-terminal conserved region => hypothetical protein
[18:40:16] Modify product: Transposase IS200 like => Transposase IS200 like protein
[18:40:16] Modify product: Pertussis toxin, subunit 2 and 3, C-terminal domain => hypothetical protein
[18:40:16] Modify product: putative Peptidoglycan domain => putative Peptidoglycan domain protein
[18:40:16] Modify product: Transposase IS200 like => Transposase IS200 like protein
[18:40:16] Modify product: PrkA AAA domain => PrkA AAA domain protein
[18:40:16] Modify product: Transposase IS200 like => Transposase IS200 like protein
[18:40:16] Modify product: Tetratricopeptide repeat => Tetratricopeptide repeat protein
[18:40:16] Modify product: Type III secretion needle MxiH like => Type III secretion needle MxiH like protein
[18:40:16] Modify product: Type III secretion needle MxiH like => Type III secretion needle MxiH like protein
[18:40:16] Modify product: HrpJ-like domain => HrpJ-like domain protein
[18:40:16] Modify product: Phage Tail Collar Domain => Phage Tail Collar Domain protein
[18:40:16] Modify product: Phage virion morphogenesis family => Phage virion morphogenesis family protein
[18:40:16] Modify product: Terminase-like family => Terminase-like family protein
[18:40:16] Modify product: Integrase core domain => Integrase core domain protein
[18:40:16] Modify product: YheO-like PAS domain => YheO-like PAS domain protein
[18:40:16] Modify product: Y_Y_Y domain => Y_Y_Y domain protein
[18:40:16] Modify product: Y_Y_Y domain => Y_Y_Y domain protein
[18:40:16] Modify product: Sel1 repeat => Sel1 repeat protein
[18:40:16] Modify product: PilS N terminal => hypothetical protein
[18:40:16] Modify product: Transglycosylase SLT domain => Transglycosylase SLT domain protein
[18:40:16] Modify product: Type IV leader peptidase family => Type IV leader peptidase family protein
[18:40:16] Modify product: Bacterial shufflon protein, N-terminal constant region => hypothetical protein
[18:40:16] Modify product: Transglycosylase SLT domain => Transglycosylase SLT domain protein
[18:40:16] Modify product: AAA-like domain => AAA-like domain protein
[18:40:16] Modify product: TraG-like protein, N-terminal region => hypothetical protein
[18:40:16] Modify product: ParB-like nuclease domain => ParB-like nuclease domain protein
[18:40:16] Modify product: Penicillin-Binding Protein C-terminus Family => hypothetical protein
[18:40:16] Modify product: Ash protein family => Ash protein family protein
[18:40:16] Modify product: Tripartite tricarboxylate transporter TctB family => Tripartite tricarboxylate transporter TctB family protein
[18:40:16] Modify product: Tripartite tricarboxylate transporter TctA family => Tripartite tricarboxylate transporter TctA family protein
[18:40:16] Modify product: Type III secretion needle MxiH like => Type III secretion needle MxiH like protein
[18:40:16] Modify product: Transglycosylase SLT domain => Transglycosylase SLT domain protein
[18:40:16] Modify product: HrpJ-like domain => HrpJ-like domain protein
[18:40:16] Modify product: EamA-like transporter family => EamA-like transporter family protein
[18:40:16] Modify product: Transposase IS200 like => Transposase IS200 like protein
[18:40:16] Modify product: Integral membrane protein TerC family => Integral membrane protein TerC family protein
[18:40:16] Modify product: Transposase IS200 like => Transposase IS200 like protein
[18:40:16] Modify product: Bacterial Transmembrane Pair family => Bacterial Transmembrane Pair family protein
[18:40:16] Modify product: Transposase IS200 like => Transposase IS200 like protein
[18:40:16] Modify product: Transposase IS200 like => Transposase IS200 like protein
[18:40:16] Modify product: Alanine racemase, N-terminal domain => hypothetical protein
[18:40:16] Modify product: YGGT family => YGGT family protein
[18:40:16] Modify product: Transposase IS200 like => Transposase IS200 like protein
[18:40:16] Modify product: Cupin domain => Cupin domain protein
[18:40:16] Modify product: HIT domain => HIT domain protein
[18:40:16] Modify product: CYTH domain => CYTH domain protein
[18:40:16] Modify product: SCP-2 sterol transfer family => SCP-2 sterol transfer family protein
[18:40:16] Modify product: SCP-2 sterol transfer family => SCP-2 sterol transfer family protein
[18:40:16] Modify product: EamA-like transporter family => EamA-like transporter family protein
[18:40:16] Modify product: EamA-like transporter family => EamA-like transporter family protein
[18:40:16] Modify product: Bacteriophage CI repressor helix-turn-helix domain => Bacteriophage CI repressor helix-turn-helix domain protein
[18:40:16] Modify product: HIRAN domain => HIRAN domain protein
[18:40:16] Modify product: Terminase-like family => Terminase-like family protein
[18:40:16] Modify product: Phage virion morphogenesis family => Phage virion morphogenesis family protein
[18:40:16] Modify product: Phage Tail Collar Domain => Phage Tail Collar Domain protein
[18:40:16] Modify product: Transposase IS200 like => Transposase IS200 like protein
[18:40:16] Modify product: Cupin domain => Cupin domain protein
[18:40:16] Modify product: SnoaL-like domain => SnoaL-like domain protein
[18:40:16] Modify product: RimK-like ATP-grasp domain => RimK-like ATP-grasp domain protein
[18:40:16] Modify product: EamA-like transporter family => EamA-like transporter family protein
[18:40:16] Modify product: Isochorismatase family => Isochorismatase family protein
[18:40:16] Modify product: AsmA family => AsmA family protein
[18:40:16] Modify product: Peptidase M16 inactive domain => Peptidase M16 inactive domain protein
[18:40:16] Modify product: YheO-like PAS domain => YheO-like PAS domain protein
[18:40:16] Modify product: Phage virion morphogenesis family => Phage virion morphogenesis family protein
[18:40:16] Modify product: Terminase-like family => Terminase-like family protein
[18:40:16] Modify product: Bacteriophage CI repressor helix-turn-helix domain => Bacteriophage CI repressor helix-turn-helix domain protein
[18:40:16] Modify product: PspA/IM30 family => PspA/IM30 family protein
[18:40:16] Modify product: Transposase IS200 like => Transposase IS200 like protein
[18:40:16] Modify product: Acetyltransferase (GNAT) family => Acetyltransferase (GNAT) family protein
[18:40:16] Modify product: Integrase core domain => Integrase core domain protein
[18:40:16] Modify product: Helicase conserved C-terminal domain => hypothetical protein
[18:40:16] Modify product: Dienelactone hydrolase family => Dienelactone hydrolase family protein
[18:40:16] Modify product: Major Facilitator Superfamily => Major Facilitator Superfamily protein
[18:40:16] Cleaned 139 /product names
[18:40:16] Deleting unwanted file: results/prokka/t/Pfam.hmm.faa
[18:40:16] Deleting unwanted file: results/prokka/t/Pfam.hmm.hmmer3
[18:40:16] Labelling remaining 708 proteins as 'hypothetical protein'
[18:40:16] Possible /pseudo 'putative outer membrane usher protein ElfC precursor' at AE014613 position 26728
[18:40:16] Possible /pseudo 'Ferrichrome-iron receptor precursor' at AE014613 position 228569
[18:40:16] Possible /pseudo 'AIDA-I autotransporter precursor' at AE014613 position 411623
[18:40:16] Possible /pseudo 'Carbohydrate diacid regulator' at AE014613 position 435176
[18:40:16] Possible /pseudo 'Elongation factor P hydroxylase' at AE014613 position 557182
[18:40:16] Possible /pseudo 'Putative tartrate transporter' at AE014613 position 668232
[18:40:16] Possible /pseudo 'Regulatory protein UhpC' at AE014613 position 742278
[18:40:16] Possible /pseudo 'Galactose/methyl galactoside import ATP-binding protein MglA' at AE014613 position 752294
[18:40:16] Possible /pseudo 'NAD-dependent dihydropyrimidine dehydrogenase subunit PreA' at AE014613 position 755535
[18:40:16] Possible /pseudo 'putative lipoprotein YehR precursor' at AE014613 position 785884
[18:40:16] Possible /pseudo 'putative colanic acid biosynthesis protein' at AE014613 position 850052
[18:40:16] Possible /pseudo 'colanic acid biosynthesis protein' at AE014613 position 862570
[18:40:16] Possible /pseudo 'E3 ubiquitin-protein ligase SopA' at AE014613 position 904718
[18:40:16] Possible /pseudo 'E3 ubiquitin-protein ligase SopA' at AE014613 position 905428
[18:40:16] Possible /pseudo 'D-alanyl-D-alanine carboxypeptidase DacD precursor' at AE014613 position 910913
[18:40:16] Possible /pseudo 'Aldehyde-alcohol dehydrogenase' at AE014613 position 919539
[18:40:16] Possible /pseudo 'Sirohydrochlorin cobaltochelatase' at AE014613 position 942125
[18:40:16] Possible /pseudo 'Cobalt transport protein CbiM precursor' at AE014613 position 943721
[18:40:16] Possible /pseudo 'Inner membrane protein YedI' at AE014613 position 990359
[18:40:16] Possible /pseudo 'Multidrug resistance protein stp' at AE014613 position 1120389
[18:40:16] Possible /pseudo 'Periplasmic trehalase precursor' at AE014613 position 1164184
[18:40:16] Possible /pseudo 'Hydrogenase-1 small chain precursor' at AE014613 position 1174202
[18:40:16] Possible /pseudo 'Putative glucose-6-phosphate 1-epimerase' at AE014613 position 1236094
[18:40:16] Possible /pseudo 'Arginine N-succinyltransferase' at AE014613 position 1251906
[18:40:16] Possible /pseudo 'putative L,D-transpeptidase YnhG precursor' at AE014613 position 1313069
[18:40:16] Possible /pseudo 'Major outer membrane lipoprotein Lpp precursor' at AE014613 position 1314060
[18:40:16] Possible /pseudo 'Polyol:NADP oxidoreductase' at AE014613 position 1474898
[18:40:16] Possible /pseudo 'Cytochrome b561' at AE014613 position 1597722
[18:40:16] Possible /pseudo 'ATP-dependent RNA helicase DbpA' at AE014613 position 1620178
[18:40:16] Possible /pseudo 'Oligopeptide transport system permease protein OppC' at AE014613 position 1713527
[18:40:16] Possible /pseudo 'FhuE receptor precursor' at AE014613 position 1782430
[18:40:16] Possible /pseudo 'Diaminopropionate ammonia-lyase' at AE014613 position 1975947
[18:40:16] Possible /pseudo 'Secreted effector protein sopD2' at AE014613 position 2016280
[18:40:16] Possible /pseudo 'Ribosomal RNA large subunit methyltransferase F' at AE014613 position 2125675
[18:40:16] Possible /pseudo 'glycosyl transferase family protein' at AE014613 position 2127743
[18:40:16] Possible /pseudo 'putative ATP-dependent helicase DinG' at AE014613 position 2128906
[18:40:16] Possible /pseudo 'Inner membrane protein YbhL' at AE014613 position 2142417
[18:40:16] Possible /pseudo 'Inner membrane protein YbhL' at AE014613 position 2142721
[18:40:16] Possible /pseudo 'E3 ubiquitin-protein ligase SlrP' at AE014613 position 2149079
[18:40:16] Possible /pseudo 'Ornithine decarboxylase, inducible' at AE014613 position 2240014
[18:40:16] Possible /pseudo 'Ornithine decarboxylase, inducible' at AE014613 position 2240495
[18:40:16] Possible /pseudo 'Ferric enterobactin transport protein FepE' at AE014613 position 2347150
[18:40:16] Possible /pseudo 'Type-1 fimbrial protein, A chain precursor' at AE014613 position 2384470
[18:40:16] Possible /pseudo 'Putative allantoin permease' at AE014613 position 2405025
[18:40:16] Possible /pseudo 'Ureidoglycolate lyase' at AE014613 position 2411785
[18:40:16] Possible /pseudo 'Trifunctional nucleotide phosphoesterase protein YfkN precursor' at AE014613 position 2433641
[18:40:16] Possible /pseudo 'Outer membrane usher protein FimD precursor' at AE014613 position 2598224
[18:40:16] Possible /pseudo 'Saf-pilin pilus formation protein' at AE014613 position 2638950
[18:40:16] Possible /pseudo 'GABA permease' at AE014613 position 2782524
[18:40:16] Possible /pseudo 'LysM domain/BON superfamily protein' at AE014613 position 2784257
[18:40:16] Possible /pseudo 'Glycine betaine/L-proline transport ATP-binding protein ProV' at AE014613 position 2795264
[18:40:16] Possible /pseudo 'Manganese transport system membrane protein MntB' at AE014613 position 2847702
[18:40:16] Possible /pseudo 'Nickel/cobalt efflux system RcnA' at AE014613 position 3027578
[18:40:16] Possible /pseudo 'Energy-coupling factor transporter ATP-binding protein EcfA1' at AE014613 position 3084424
[18:40:16] Possible /pseudo 'Ornithine decarboxylase, constitutive' at AE014613 position 3115534
[18:40:16] Possible /pseudo 'Colicin-E7 immunity protein' at AE014613 position 3121018
[18:40:16] Possible /pseudo 'Methyl-accepting chemotaxis protein III' at AE014613 position 3156058
[18:40:16] Possible /pseudo '2,5-diketo-D-gluconic acid reductase A' at AE014613 position 3167183
[18:40:16] Possible /pseudo '2,4-dienoyl-CoA reductase [NADPH]' at AE014613 position 3230347
[18:40:16] Possible /pseudo '2,4-dienoyl-CoA reductase [NADPH]' at AE014613 position 3231073
[18:40:16] Possible /pseudo 'Inner membrane transport protein YhaO' at AE014613 position 3246894
[18:40:16] Possible /pseudo 'Inner membrane transport protein YhaO' at AE014613 position 3247506
[18:40:16] Possible /pseudo 'Threonine/serine transporter TdcC' at AE014613 position 3253579
[18:40:16] Possible /pseudo 'D-tagatose-1,6-bisphosphate aldolase subunit GatZ' at AE014613 position 3270493
[18:40:16] Possible /pseudo 'Putative N-acetylmannosamine-6-phosphate 2-epimerase 2' at AE014613 position 3346142
[18:40:16] Possible /pseudo 'Caudovirales tail fibre assembly protein' at AE014613 position 3525911
[18:40:16] Possible /pseudo 'Arylsulfate sulfotransferase AssT precursor' at AE014613 position 3623911
[18:40:16] Possible /pseudo 'Inner membrane symporter YicJ' at AE014613 position 3654491
[18:40:16] Possible /pseudo 'Formate dehydrogenase-O major subunit precursor' at AE014613 position 3683827
[18:40:16] Possible /pseudo 'Inner membrane symporter YihP' at AE014613 position 3703798
[18:40:16] Possible /pseudo 'putative transport protein HsrA' at AE014613 position 3736315
[18:40:16] Possible /pseudo 'TorCAD operon transcriptional regulatory protein TorR' at AE014613 position 3809399
[18:40:16] Possible /pseudo 'DNA ligase B' at AE014613 position 3901294
[18:40:16] Possible /pseudo 'General stress protein A' at AE014613 position 3921140
[18:40:16] Possible /pseudo 'putative glucarate transporter' at AE014613 position 3941512
[18:40:16] Possible /pseudo 'Inner membrane protein YiaH' at AE014613 position 3989907
[18:40:16] Possible /pseudo 'Cellulose synthase operon protein C precursor' at AE014613 position 4032420
[18:40:16] Possible /pseudo 'Cellulose synthase operon protein C precursor' at AE014613 position 4033885
[18:40:16] Possible /pseudo 'Inner membrane transport permease YhhJ' at AE014613 position 4078119
[18:40:16] Possible /pseudo 'Leu/Ile/Val/Thr-binding protein precursor' at AE014613 position 4095579
[18:40:16] Possible /pseudo 'putative hydrolase' at AE014613 position 4201230
[18:40:16] Possible /pseudo 'Y_Y_Y domain protein' at AE014613 position 4322154
[18:40:16] Possible /pseudo 'Formate dehydrogenase H' at AE014613 position 4356862
[18:40:16] Possible /pseudo 'Putative dimethyl sulfoxide reductase chain YnfE precursor' at AE014613 position 4383649
[18:40:16] Possible /pseudo 'Outer membrane lipoprotein BfpB precursor' at AE014613 position 4411535
[18:40:16] Possible /pseudo 'Serine/threonine-protein kinase PrkC' at AE014613 position 4669143
[18:40:16] Possible /pseudo 'Succinate-semialdehyde dehydrogenase [NADP(+)] 1' at AE014613 position 4723003
[18:40:16] Possible /pseudo 'Type I restriction enzyme EcoKI M protein' at AE014613 position 4726497
[18:40:16] Possible /pseudo 'Methyl-accepting chemotaxis protein I' at AE014613 position 4737934
[18:40:16] Found 2639 unique /gene codes.
[18:40:16] Fixed 2 duplicate /gene - hyaE_1 hyaE_2
[18:40:16] Fixed 2 duplicate /gene - allA_1 allA_2
[18:40:16] Fixed 2 duplicate /gene - yusV_1 yusV_2
[18:40:16] Fixed 2 duplicate /gene - xylA_1 xylA_2
[18:40:16] Fixed 2 duplicate /gene - tuf1_1 tuf1_2
[18:40:16] Fixed 2 duplicate /gene - proS_1 proS_2
[18:40:16] Fixed 2 duplicate /gene - cybB_1 cybB_2
[18:40:16] Fixed 2 duplicate /gene - dppB_1 dppB_2
[18:40:16] Fixed 3 duplicate /gene - hemN_1 hemN_2 hemN_3
[18:40:16] Fixed 2 duplicate /gene - exbB_1 exbB_2
[18:40:16] Fixed 2 duplicate /gene - ydcV_1 ydcV_2
[18:40:16] Fixed 2 duplicate /gene - speC_1 speC_2
[18:40:16] Fixed 2 duplicate /gene - dppA_1 dppA_2
[18:40:16] Fixed 2 duplicate /gene - malP_1 malP_2
[18:40:16] Fixed 2 duplicate /gene - hrpB_1 hrpB_2
[18:40:16] Fixed 2 duplicate /gene - ccmB_1 ccmB_2
[18:40:16] Fixed 2 duplicate /gene - tktA_1 tktA_2
[18:40:16] Fixed 2 duplicate /gene - mepS_1 mepS_2
[18:40:16] Fixed 3 duplicate /gene - gudP_1 gudP_2 gudP_3
[18:40:16] Fixed 3 duplicate /gene - oppF_1 oppF_2 oppF_3
[18:40:16] Fixed 2 duplicate /gene - lip-1_1 lip-1_2
[18:40:16] Fixed 2 duplicate /gene - dxs_1 dxs_2
[18:40:16] Fixed 2 duplicate /gene - appB_1 appB_2
[18:40:16] Fixed 2 duplicate /gene - sseA_1 sseA_2
[18:40:16] Fixed 2 duplicate /gene - hsrA_1 hsrA_2
[18:40:16] Fixed 2 duplicate /gene - yjcC_1 yjcC_2
[18:40:16] Fixed 2 duplicate /gene - ftsI_1 ftsI_2
[18:40:16] Fixed 3 duplicate /gene - ybhL_1 ybhL_2 ybhL_3
[18:40:16] Fixed 2 duplicate /gene - gldA_1 gldA_2
[18:40:16] Fixed 2 duplicate /gene - pnuC_1 pnuC_2
[18:40:16] Fixed 2 duplicate /gene - tcyP_1 tcyP_2
[18:40:16] Fixed 2 duplicate /gene - betC_1 betC_2
[18:40:16] Fixed 2 duplicate /gene - ydiV_1 ydiV_2
[18:40:16] Fixed 2 duplicate /gene - apxIB_1 apxIB_2
[18:40:16] Fixed 2 duplicate /gene - ompC_1 ompC_2
[18:40:16] Fixed 2 duplicate /gene - ytbE_1 ytbE_2
[18:40:16] Fixed 2 duplicate /gene - gatZ_1 gatZ_2
[18:40:16] Fixed 2 duplicate /gene - afr_1 afr_2
[18:40:16] Fixed 2 duplicate /gene - ulaE_1 ulaE_2
[18:40:16] Fixed 3 duplicate /gene - dmsA_1 dmsA_2 dmsA_3
[18:40:16] Fixed 2 duplicate /gene - cptA_1 cptA_2
[18:40:16] Fixed 2 duplicate /gene - hypC_1 hypC_2
[18:40:16] Fixed 2 duplicate /gene - nuoI_1 nuoI_2
[18:40:16] Fixed 2 duplicate /gene - fucA_1 fucA_2
[18:40:16] Fixed 2 duplicate /gene - rlmF_1 rlmF_2
[18:40:16] Fixed 2 duplicate /gene - prsE_1 prsE_2
[18:40:16] Fixed 3 duplicate /gene - dinG_1 dinG_2 dinG_3
[18:40:16] Fixed 2 duplicate /gene - artJ_1 artJ_2
[18:40:16] Fixed 2 duplicate /gene - ccmE_1 ccmE_2
[18:40:16] Fixed 2 duplicate /gene - cobB_1 cobB_2
[18:40:16] Fixed 2 duplicate /gene - yejK_1 yejK_2
[18:40:16] Fixed 2 duplicate /gene - acpP_1 acpP_2
[18:40:16] Fixed 2 duplicate /gene - yedI_1 yedI_2
[18:40:16] Fixed 2 duplicate /gene - chiA_1 chiA_2
[18:40:16] Fixed 3 duplicate /gene - intA_1 intA_2 intA_3
[18:40:16] Fixed 2 duplicate /gene - aroP_1 aroP_2
[18:40:16] Fixed 2 duplicate /gene - traC_1 traC_2
[18:40:16] Fixed 3 duplicate /gene - exsA_1 exsA_2 exsA_3
[18:40:16] Fixed 2 duplicate /gene - yhhJ_1 yhhJ_2
[18:40:16] Fixed 2 duplicate /gene - fliQ_1 fliQ_2
[18:40:16] Fixed 2 duplicate /gene - citF_1 citF_2
[18:40:16] Fixed 2 duplicate /gene - pflA_1 pflA_2
[18:40:16] Fixed 2 duplicate /gene - dbpA_1 dbpA_2
[18:40:16] Fixed 3 duplicate /gene - fimC_1 fimC_2 fimC_3
[18:40:16] Fixed 2 duplicate /gene - cbiK_1 cbiK_2
[18:40:16] Fixed 3 duplicate /gene - yihP_1 yihP_2 yihP_3
[18:40:16] Fixed 2 duplicate /gene - pduV_1 pduV_2
[18:40:16] Fixed 2 duplicate /gene - ansB_1 ansB_2
[18:40:16] Fixed 2 duplicate /gene - mdtK_1 mdtK_2
[18:40:16] Fixed 2 duplicate /gene - dnaB_1 dnaB_2
[18:40:16] Fixed 2 duplicate /gene - fhuE_1 fhuE_2
[18:40:16] Fixed 3 duplicate /gene - ail_1 ail_2 ail_3
[18:40:16] Fixed 2 duplicate /gene - arcA_1 arcA_2
[18:40:16] Fixed 2 duplicate /gene - rcsB_1 rcsB_2
[18:40:16] Fixed 5 duplicate /gene - allS_1 allS_2 allS_3 allS_4 allS_5
[18:40:16] Fixed 6 duplicate /gene - fimD_1 fimD_2 fimD_3 fimD_4 fimD_5 fimD_6
[18:40:16] Fixed 3 duplicate /gene - bhsA_1 bhsA_2 bhsA_3
[18:40:16] Fixed 2 duplicate /gene - aidA-I_1 aidA-I_2
[18:40:16] Fixed 2 duplicate /gene - rcsC_1 rcsC_2
[18:40:16] Fixed 2 duplicate /gene - deoR_1 deoR_2
[18:40:16] Fixed 2 duplicate /gene - manX_1 manX_2
[18:40:16] Fixed 2 duplicate /gene - oppC_1 oppC_2
[18:40:16] Fixed 2 duplicate /gene - qseC_1 qseC_2
[18:40:16] Fixed 2 duplicate /gene - lon_1 lon_2
[18:40:16] Fixed 2 duplicate /gene - rcsA_1 rcsA_2
[18:40:16] Fixed 2 duplicate /gene - artM_1 artM_2
[18:40:16] Fixed 3 duplicate /gene - oppD_1 oppD_2 oppD_3
[18:40:16] Fixed 2 duplicate /gene - sopD2_1 sopD2_2
[18:40:16] Fixed 3 duplicate /gene - sauU_1 sauU_2 sauU_3
[18:40:16] Fixed 4 duplicate /gene - intS_1 intS_2 intS_3 intS_4
[18:40:16] Fixed 3 duplicate /gene - kdgK_1 kdgK_2 kdgK_3
[18:40:16] Fixed 2 duplicate /gene - narL_1 narL_2
[18:40:16] Fixed 3 duplicate /gene - ttuB_1 ttuB_2 ttuB_3
[18:40:16] Fixed 2 duplicate /gene - rhtC_1 rhtC_2
[18:40:16] Fixed 5 duplicate /gene - rbsK_1 rbsK_2 rbsK_3 rbsK_4 rbsK_5
[18:40:16] Fixed 2 duplicate /gene - citE_1 citE_2
[18:40:16] Fixed 2 duplicate /gene - hydN_1 hydN_2
[18:40:16] Fixed 2 duplicate /gene - yeaD_1 yeaD_2
[18:40:16] Fixed 2 duplicate /gene - yedA_1 yedA_2
[18:40:16] Fixed 2 duplicate /gene - exoX_1 exoX_2
[18:40:16] Fixed 2 duplicate /gene - udp_1 udp_2
[18:40:16] Fixed 3 duplicate /gene - yvoA_1 yvoA_2 yvoA_3
[18:40:16] Fixed 2 duplicate /gene - ybbW_1 ybbW_2
[18:40:16] Fixed 2 duplicate /gene - cph2_1 cph2_2
[18:40:16] Fixed 2 duplicate /gene - gpr_1 gpr_2
[18:40:16] Fixed 3 duplicate /gene - dmsD_1 dmsD_2 dmsD_3
[18:40:16] Fixed 2 duplicate /gene - panE_1 panE_2
[18:40:16] Fixed 2 duplicate /gene - yhhW_1 yhhW_2
[18:40:16] Fixed 2 duplicate /gene - nagK_1 nagK_2
[18:40:16] Fixed 3 duplicate /gene - yfkN_1 yfkN_2 yfkN_3
[18:40:16] Fixed 3 duplicate /gene - glpR_1 glpR_2 glpR_3
[18:40:16] Fixed 2 duplicate /gene - kdgT_1 kdgT_2
[18:40:16] Fixed 2 duplicate /gene - acs_1 acs_2
[18:40:16] Fixed 3 duplicate /gene - ydfH_1 ydfH_2 ydfH_3
[18:40:16] Fixed 4 duplicate /gene - yicJ_1 yicJ_2 yicJ_3 yicJ_4
[18:40:16] Fixed 3 duplicate /gene - ccmH_1 ccmH_2 ccmH_3
[18:40:16] Fixed 2 duplicate /gene - lacC_1 lacC_2
[18:40:16] Fixed 2 duplicate /gene - ccmD_1 ccmD_2
[18:40:16] Fixed 3 duplicate /gene - dinB_1 dinB_2 dinB_3
[18:40:16] Fixed 2 duplicate /gene - yiaM_1 yiaM_2
[18:40:16] Fixed 2 duplicate /gene - yqjA_1 yqjA_2
[18:40:16] Fixed 3 duplicate /gene - sopA_1 sopA_2 sopA_3
[18:40:16] Fixed 6 duplicate /gene - assT_1 assT_2 assT_3 assT_4 assT_5 assT_6
[18:40:16] Fixed 2 duplicate /gene - ptsI_1 ptsI_2
[18:40:16] Fixed 3 duplicate /gene - cysJ_1 cysJ_2 cysJ_3
[18:40:16] Fixed 2 duplicate /gene - yiaO_1 yiaO_2
[18:40:16] Fixed 2 duplicate /gene - degS_1 degS_2
[18:40:16] Fixed 2 duplicate /gene - emrB_1 emrB_2
[18:40:16] Fixed 2 duplicate /gene - ptsH_1 ptsH_2
[18:40:16] Fixed 2 duplicate /gene - pqiB_1 pqiB_2
[18:40:16] Fixed 2 duplicate /gene - gntT_1 gntT_2
[18:40:16] Fixed 2 duplicate /gene - appA_1 appA_2
[18:40:16] Fixed 3 duplicate /gene - hin_1 hin_2 hin_3
[18:40:16] Fixed 2 duplicate /gene - dacD_1 dacD_2
[18:40:16] Fixed 2 duplicate /gene - dusC_1 dusC_2
[18:40:16] Fixed 3 duplicate /gene - garK_1 garK_2 garK_3
[18:40:16] Fixed 3 duplicate /gene - nanT_1 nanT_2 nanT_3
[18:40:16] Fixed 2 duplicate /gene - ydcR_1 ydcR_2
[18:40:16] Fixed 2 duplicate /gene - btr_1 btr_2
[18:40:16] Fixed 2 duplicate /gene - nagC_1 nagC_2
[18:40:16] Fixed 2 duplicate /gene - hflK_1 hflK_2
[18:40:16] Fixed 2 duplicate /gene - hyaB_1 hyaB_2
[18:40:16] Fixed 2 duplicate /gene - loiP_1 loiP_2
[18:40:16] Fixed 2 duplicate /gene - glgX_1 glgX_2
[18:40:16] Fixed 2 duplicate /gene - comM_1 comM_2
[18:40:16] Fixed 2 duplicate /gene - lolD_1 lolD_2
[18:40:16] Fixed 3 duplicate /gene - ulaC_1 ulaC_2 ulaC_3
[18:40:16] Fixed 2 duplicate /gene - manZ_1 manZ_2
[18:40:16] Fixed 2 duplicate /gene - ulaB_1 ulaB_2
[18:40:16] Fixed 3 duplicate /gene - treA_1 treA_2 treA_3
[18:40:16] Fixed 2 duplicate /gene - kefC_1 kefC_2
[18:40:16] Fixed 2 duplicate /gene - recF_1 recF_2
[18:40:16] Fixed 2 duplicate /gene - dkgA_1 dkgA_2
[18:40:16] Fixed 2 duplicate /gene - yccS_1 yccS_2
[18:40:16] Fixed 3 duplicate /gene - fruA_1 fruA_2 fruA_3
[18:40:16] Fixed 3 duplicate /gene - tsr_1 tsr_2 tsr_3
[18:40:16] Fixed 2 duplicate /gene - fucP_1 fucP_2
[18:40:16] Fixed 2 duplicate /gene - gltR_1 gltR_2
[18:40:16] Fixed 3 duplicate /gene - lexA_1 lexA_2 lexA_3
[18:40:16] Fixed 2 duplicate /gene - alr_1 alr_2
[18:40:16] Fixed 2 duplicate /gene - yfaY_1 yfaY_2
[18:40:16] Fixed 4 duplicate /gene - chuR_1 chuR_2 chuR_3 chuR_4
[18:40:16] Fixed 4 duplicate /gene - ybdO_1 ybdO_2 ybdO_3 ybdO_4
[18:40:16] Fixed 4 duplicate /gene - xerD_1 xerD_2 xerD_3 xerD_4
[18:40:16] Fixed 2 duplicate /gene - fliY_1 fliY_2
[18:40:16] Fixed 2 duplicate /gene - marA_1 marA_2
[18:40:16] Fixed 2 duplicate /gene - serB_1 serB_2
[18:40:16] Fixed 2 duplicate /gene - narX_1 narX_2
[18:40:16] Fixed 4 duplicate /gene - dam_1 dam_2 dam_3 dam_4
[18:40:16] Fixed 2 duplicate /gene - rnfC_1 rnfC_2
[18:40:16] Fixed 2 duplicate /gene - ynaI_1 ynaI_2
[18:40:16] Fixed 4 duplicate /gene - oxyR_1 oxyR_2 oxyR_3 oxyR_4
[18:40:16] Fixed 2 duplicate /gene - mobA_1 mobA_2
[18:40:16] Fixed 2 duplicate /gene - dnaJ_1 dnaJ_2
[18:40:16] Fixed 2 duplicate /gene - argR_1 argR_2
[18:40:16] Fixed 4 duplicate /gene - ecpD_1 ecpD_2 ecpD_3 ecpD_4
[18:40:16] Fixed 2 duplicate /gene - znuC_1 znuC_2
[18:40:16] Fixed 2 duplicate /gene - tolC_1 tolC_2
[18:40:16] Fixed 2 duplicate /gene - hsdM_1 hsdM_2
[18:40:16] Fixed 2 duplicate /gene - dnaK_1 dnaK_2
[18:40:16] Fixed 2 duplicate /gene - cysA_1 cysA_2
[18:40:16] Fixed 2 duplicate /gene - bioD1_1 bioD1_2
[18:40:16] Fixed 2 duplicate /gene - rpe_1 rpe_2
[18:40:16] Fixed 2 duplicate /gene - dsbA_1 dsbA_2
[18:40:16] Fixed 2 duplicate /gene - prfB_1 prfB_2
[18:40:16] Fixed 2 duplicate /gene - citX_1 citX_2
[18:40:16] Fixed 2 duplicate /gene - yhdN_1 yhdN_2
[18:40:16] Fixed 8 duplicate /gene - dmlR_1 dmlR_2 dmlR_3 dmlR_4 dmlR_5 dmlR_6 dmlR_7 dmlR_8
[18:40:16] Fixed 3 duplicate /gene - glnQ_1 glnQ_2 glnQ_3
[18:40:16] Fixed 3 duplicate /gene - fadH_1 fadH_2 fadH_3
[18:40:16] Fixed 2 duplicate /gene - sdaA_1 sdaA_2
[18:40:16] Fixed 2 duplicate /gene - ccmC_1 ccmC_2
[18:40:16] Fixed 2 duplicate /gene - rcnA_1 rcnA_2
[18:40:16] Fixed 4 duplicate /gene - ubiG_1 ubiG_2 ubiG_3 ubiG_4
[18:40:16] Fixed 2 duplicate /gene - sucD_1 sucD_2
[18:40:16] Fixed 3 duplicate /gene - macA_1 macA_2 macA_3
[18:40:16] Fixed 2 duplicate /gene - dsbD_1 dsbD_2
[18:40:16] Fixed 2 duplicate /gene - citD_1 citD_2
[18:40:16] Fixed 2 duplicate /gene - prkC_1 prkC_2
[18:40:16] Fixed 2 duplicate /gene - ogt_1 ogt_2
[18:40:16] Fixed 2 duplicate /gene - ascD_1 ascD_2
[18:40:16] Fixed 2 duplicate /gene - pduA_1 pduA_2
[18:40:16] Fixed 2 duplicate /gene - dpaL_1 dpaL_2
[18:40:16] Fixed 2 duplicate /gene - glpK_1 glpK_2
[18:40:16] Fixed 2 duplicate /gene - papD_1 papD_2
[18:40:16] Fixed 3 duplicate /gene - yecS_1 yecS_2 yecS_3
[18:40:16] Fixed 2 duplicate /gene - dnaC_1 dnaC_2
[18:40:16] Fixed 2 duplicate /gene - pepD_1 pepD_2
[18:40:16] Fixed 2 duplicate /gene - symE_1 symE_2
[18:40:16] Fixed 2 duplicate /gene - gadX_1 gadX_2
[18:40:16] Fixed 3 duplicate /gene - mdh_1 mdh_2 mdh_3
[18:40:16] Fixed 3 duplicate /gene - hybD_1 hybD_2 hybD_3
[18:40:16] Fixed 2 duplicate /gene - eamA_1 eamA_2
[18:40:16] Fixed 2 duplicate /gene - patB_1 patB_2
[18:40:16] Fixed 2 duplicate /gene - gabP_1 gabP_2
[18:40:16] Fixed 3 duplicate /gene - ycgE_1 ycgE_2 ycgE_3
[18:40:16] Fixed 2 duplicate /gene - tpx_1 tpx_2
[18:40:16] Fixed 5 duplicate /gene - ygdR_1 ygdR_2 ygdR_3 ygdR_4 ygdR_5
[18:40:16] Fixed 2 duplicate /gene - iscA_1 iscA_2
[18:40:16] Fixed 2 duplicate /gene - dsbE_1 dsbE_2
[18:40:16] Fixed 3 duplicate /gene - yhaO_1 yhaO_2 yhaO_3
[18:40:16] Fixed 2 duplicate /gene - pncC_1 pncC_2
[18:40:16] Fixed 2 duplicate /gene - oadB_1 oadB_2
[18:40:16] Fixed 2 duplicate /gene - ibpA_1 ibpA_2
[18:40:16] Fixed 2 duplicate /gene - tehB_1 tehB_2
[18:40:16] Fixed 2 duplicate /gene - mglA_1 mglA_2
[18:40:16] Fixed 2 duplicate /gene - gmr_1 gmr_2
[18:40:16] Fixed 3 duplicate /gene - xerC_1 xerC_2 xerC_3
[18:40:16] Fixed 2 duplicate /gene - torR_1 torR_2
[18:40:16] Fixed 2 duplicate /gene - rfbD_1 rfbD_2
[18:40:16] Fixed 4 duplicate /gene - proP_1 proP_2 proP_3 proP_4
[18:40:16] Fixed 5 duplicate /gene - srlR_1 srlR_2 srlR_3 srlR_4 srlR_5
[18:40:16] Fixed 2 duplicate /gene - nanE2_1 nanE2_2
[18:40:16] Fixed 4 duplicate /gene - elfG_1 elfG_2 elfG_3 elfG_4
[18:40:16] Fixed 2 duplicate /gene - oadG_1 oadG_2
[18:40:16] Fixed 2 duplicate /gene - mngR_1 mngR_2
[18:40:16] Fixed 2 duplicate /gene - livJ_1 livJ_2
[18:40:16] Fixed 2 duplicate /gene - ybeZ_1 ybeZ_2
[18:40:16] Fixed 3 duplicate /gene - yhbU_1 yhbU_2 yhbU_3
[18:40:16] Fixed 2 duplicate /gene - mrpA_1 mrpA_2
[18:40:16] Fixed 2 duplicate /gene - proV_1 proV_2
[18:40:16] Fixed 2 duplicate /gene - sifA_1 sifA_2
[18:40:16] Fixed 2 duplicate /gene - fruB_1 fruB_2
[18:40:16] Fixed 4 duplicate /gene - corC_1 corC_2 corC_3 corC_4
[18:40:16] Fixed 2 duplicate /gene - stp_1 stp_2
[18:40:16] Fixed 2 duplicate /gene - lysA_1 lysA_2
[18:40:16] Fixed 3 duplicate /gene - trg_1 trg_2 trg_3
[18:40:16] Fixed 6 duplicate /gene - fimA_1 fimA_2 fimA_3 fimA_4 fimA_5 fimA_6
[18:40:16] Fixed 2 duplicate /gene - fdhF_1 fdhF_2
[18:40:16] Fixed 2 duplicate /gene - siaT_1 siaT_2
[18:40:16] Fixed 2 duplicate /gene - gltD_1 gltD_2
[18:40:16] Fixed 5 duplicate /gene - dmsB_1 dmsB_2 dmsB_3 dmsB_4 dmsB_5
[18:40:16] Fixed 2 duplicate /gene - fes_1 fes_2
[18:40:16] Fixed 2 duplicate /gene - benM_1 benM_2
[18:40:16] Fixed 2 duplicate /gene - vapC_1 vapC_2
[18:40:16] Fixed 3 duplicate /gene - pdhR_1 pdhR_2 pdhR_3
[18:40:16] Fixed 2 duplicate /gene - gspA_1 gspA_2
[18:40:16] Fixed 3 duplicate /gene - bcsC_1 bcsC_2 bcsC_3
[18:40:16] Fixed 2 duplicate /gene - topB_1 topB_2
[18:40:16] Fixed 2 duplicate /gene - yidA_1 yidA_2
[18:40:16] Fixed 4 duplicate /gene - dmsC_1 dmsC_2 dmsC_3 dmsC_4
[18:40:16] Fixed 3 duplicate /gene - por_1 por_2 por_3
[18:40:16] Fixed 2 duplicate /gene - htrB_1 htrB_2
[18:40:16] Fixed 3 duplicate /gene - gsiA_1 gsiA_2 gsiA_3
[18:40:16] Fixed 2 duplicate /gene - minD_1 minD_2
[18:40:16] Fixed 2 duplicate /gene - astA_1 astA_2
[18:40:16] Fixed 2 duplicate /gene - exbD_1 exbD_2
[18:40:16] Fixed 2 duplicate /gene - gdhA_1 gdhA_2
[18:40:16] Fixed 3 duplicate /gene - cdaR_1 cdaR_2 cdaR_3
[18:40:16] Fixed 2 duplicate /gene - queA_1 queA_2
[18:40:16] Fixed 4 duplicate /gene - gntR_1 gntR_2 gntR_3 gntR_4
[18:40:16] Fixed 2 duplicate /gene - tusA_1 tusA_2
[18:40:16] Fixed 2 duplicate /gene - cysE_1 cysE_2
[18:40:16] Fixed 4 duplicate /gene - adhE_1 adhE_2 adhE_3 adhE_4
[18:40:16] Fixed 2 duplicate /gene - ynfM_1 ynfM_2
[18:40:16] Fixed 3 duplicate /gene - ulaA_1 ulaA_2 ulaA_3
[18:40:16] Fixed 2 duplicate /gene - glmM_1 glmM_2
[18:40:16] Fixed 2 duplicate /gene - ompN_1 ompN_2
[18:40:16] Fixed 2 duplicate /gene - metQ_1 metQ_2
[18:40:16] Fixed 2 duplicate /gene - yajL_1 yajL_2
[18:40:16] Fixed 2 duplicate /gene - clpB_1 clpB_2
[18:40:16] Fixed 2 duplicate /gene - rrrD_1 rrrD_2
[18:40:16] Fixed 3 duplicate /gene - gatB_1 gatB_2 gatB_3
[18:40:16] Fixed 2 duplicate /gene - preA_1 preA_2
[18:40:16] Fixed 4 duplicate /gene - ynfE_1 ynfE_2 ynfE_3 ynfE_4
[18:40:16] Fixed 2 duplicate /gene - aspT_1 aspT_2
[18:40:16] Fixed 2 duplicate /gene - bfpB_1 bfpB_2
[18:40:16] Fixed 2 duplicate /gene - lptB_1 lptB_2
[18:40:16] Fixed 2 duplicate /gene - potA_1 potA_2
[18:40:16] Fixed 2 duplicate /gene - citC_1 citC_2
[18:40:16] Fixed 3 duplicate /gene - lldR_1 lldR_2 lldR_3
[18:40:16] Fixed 3 duplicate /gene - selA_1 selA_2 selA_3
[18:40:16] Fixed 2 duplicate /gene - ftnA_1 ftnA_2
[18:40:16] Fixed 3 duplicate /gene - elfC_1 elfC_2 elfC_3
[18:40:16] Fixed 2 duplicate /gene - csgD_1 csgD_2
[18:40:16] Fixed 2 duplicate /gene - ptsG_1 ptsG_2
[18:40:16] Fixed 2 duplicate /gene - epmC_1 epmC_2
[18:40:16] Fixed 2 duplicate /gene - tetA_1 tetA_2
[18:40:16] Fixed 2 duplicate /gene - ydhP_1 ydhP_2
[18:40:16] Fixed 2 duplicate /gene - yfcG_1 yfcG_2
[18:40:16] Fixed 2 duplicate /gene - gabD1_1 gabD1_2
[18:40:16] Fixed 2 duplicate /gene - lpp_1 lpp_2
[18:40:16] Fixed 2 duplicate /gene - papC_1 papC_2
[18:40:16] Fixed 2 duplicate /gene - araC_1 araC_2
[18:40:16] Fixed 2 duplicate /gene - htrE_1 htrE_2
[18:40:16] Fixed 2 duplicate /gene - kdgM_1 kdgM_2
[18:40:16] Fixed 2 duplicate /gene - dgoD_1 dgoD_2
[18:40:16] Fixed 3 duplicate /gene - adrB_1 adrB_2 adrB_3
[18:40:16] Fixed 2 duplicate /gene - tqsA_1 tqsA_2
[18:40:16] Fixed 2 duplicate /gene - yohK_1 yohK_2
[18:40:16] Fixed 2 duplicate /gene - ynhG_1 ynhG_2
[18:40:16] Fixed 2 duplicate /gene - trxA_1 trxA_2
[18:40:16] Fixed 2 duplicate /gene - rbsR_1 rbsR_2
[18:40:16] Fixed 2 duplicate /gene - wbpA_1 wbpA_2
[18:40:16] Fixed 2 duplicate /gene - ybbH_1 ybbH_2
[18:40:16] Fixed 2 duplicate /gene - appC_1 appC_2
[18:40:16] Fixed 2 duplicate /gene - araB_1 araB_2
[18:40:16] Fixed 2 duplicate /gene - caf1A_1 caf1A_2
[18:40:16] Fixed 3 duplicate /gene - sgrR_1 sgrR_2 sgrR_3
[18:40:16] Fixed 2 duplicate /gene - cbiM_1 cbiM_2
[18:40:16] Fixed 2 duplicate /gene - ybhA_1 ybhA_2
[18:40:16] Fixed 2 duplicate /gene - ssb_1 ssb_2
[18:40:16] Fixed 2 duplicate /gene - gcvA_1 gcvA_2
[18:40:16] Fixed 3 duplicate /gene - tabA_1 tabA_2 tabA_3
[18:40:16] Fixed 4 duplicate /gene - gltC_1 gltC_2 gltC_3 gltC_4
[18:40:16] Fixed 2 duplicate /gene - yjaB_1 yjaB_2
[18:40:16] Fixed 2 duplicate /gene - gabR_1 gabR_2
[18:40:16] Fixed 2 duplicate /gene - zraR_1 zraR_2
[18:40:16] Fixed 2 duplicate /gene - epsF_1 epsF_2
[18:40:16] Fixed 3 duplicate /gene - ccmF_1 ccmF_2 ccmF_3
[18:40:16] Fixed 2 duplicate /gene - tdcC_1 tdcC_2
[18:40:16] Fixed 3 duplicate /gene - acrB_1 acrB_2 acrB_3
[18:40:16] Fixed 2 duplicate /gene - hyaC_1 hyaC_2
[18:40:16] Fixed 2 duplicate /gene - aroG_1 aroG_2
[18:40:16] Fixed 3 duplicate /gene - glcR_1 glcR_2 glcR_3
[18:40:16] Fixed 3 duplicate /gene - speF_1 speF_2 speF_3
[18:40:16] Fixed 3 duplicate /gene - gatC_1 gatC_2 gatC_3
[18:40:16] Fixed 2 duplicate /gene - caf1M_1 caf1M_2
[18:40:16] Fixed 4 duplicate /gene - lrp_1 lrp_2 lrp_3 lrp_4
[18:40:16] Fixed 2 duplicate /gene - pbpG_1 pbpG_2
[18:40:16] Fixed 2 duplicate /gene - metN_1 metN_2
[18:40:16] Fixed 2 duplicate /gene - ecfA1_1 ecfA1_2
[18:40:16] Fixed 2 duplicate /gene - sdcS_1 sdcS_2
[18:40:16] Fixed 2 duplicate /gene - yjmD_1 yjmD_2
[18:40:16] Fixed 2 duplicate /gene - exuT_1 exuT_2
[18:40:16] Fixed 2 duplicate /gene - yiaH_1 yiaH_2
[18:40:16] Fixed 2 duplicate /gene - hyaA_1 hyaA_2
[18:40:16] Fixed 2 duplicate /gene - alsT_1 alsT_2
[18:40:16] Fixed 2 duplicate /gene - rob_1 rob_2
[18:40:16] Fixed 2 duplicate /gene - garR_1 garR_2
[18:40:16] Fixed 2 duplicate /gene - ybhF_1 ybhF_2
[18:40:16] Fixed 2 duplicate /gene - osmY_1 osmY_2
[18:40:16] Fixed 2 duplicate /gene - ldrD_1 ldrD_2
[18:40:16] Fixed 2 duplicate /gene - yfgF_1 yfgF_2
[18:40:16] Fixed 2 duplicate /gene - aaeB_1 aaeB_2
[18:40:16] Fixed 2 duplicate /gene - ligB_1 ligB_2
[18:40:16] Fixed 2 duplicate /gene - cynR_1 cynR_2
[18:40:16] Fixed 2 duplicate /gene - ydeO_1 ydeO_2
[18:40:16] Fixed 2 duplicate /gene - cysW_1 cysW_2
[18:40:16] Fixed 3 duplicate /gene - fabG_1 fabG_2 fabG_3
[18:40:16] Fixed 2 duplicate /gene - aaeA_1 aaeA_2
[18:40:16] Fixed 2 duplicate /gene - yehR_1 yehR_2
[18:40:16] Fixed 3 duplicate /gene - fhuA_1 fhuA_2 fhuA_3
[18:40:16] Fixed 2 duplicate /gene - yheS_1 yheS_2
[18:40:16] Fixed 2 duplicate /gene - mntB_1 mntB_2
[18:40:16] Fixed 2 duplicate /gene - nlpD_1 nlpD_2
[18:40:16] Fixed 2 duplicate /gene - imm_1 imm_2
[18:40:16] Fixed 2 duplicate /gene - rlmB_1 rlmB_2
[18:40:16] Fixed 2 duplicate /gene - topA_1 topA_2
[18:40:16] Fixed 3 duplicate /gene - uhpC_1 uhpC_2 uhpC_3
[18:40:16] Fixed 2 duplicate /gene - leuO_1 leuO_2
[18:40:16] Fixed 2 duplicate /gene - citG_1 citG_2
[18:40:16] Fixed 2 duplicate /gene - fepE_1 fepE_2
[18:40:16] Fixed 2 duplicate /gene - slrP_1 slrP_2
[18:40:16] Fixed 4 duplicate /gene - dinI_1 dinI_2 dinI_3 dinI_4
[18:40:16] Fixed 2 duplicate /gene - ccmA_1 ccmA_2
[18:40:16] Fixed 2 duplicate /gene - fdoG_1 fdoG_2
[18:40:16] Fixed 3 duplicate /gene - yicI_1 yicI_2 yicI_3
[18:40:16] Fixed 2 duplicate /gene - ftsA_1 ftsA_2
[18:40:16] Fixed 2 duplicate /gene - ydhX_1 ydhX_2
[18:40:16] Fixed 2 duplicate /gene - tsaA_1 tsaA_2
[18:40:16] Fixed 2 duplicate /gene - dppC_1 dppC_2
[18:40:16] Fixed 3 duplicate /gene - fliP_1 fliP_2 fliP_3
[18:40:16] Fixed 2 duplicate /gene - ynfF_1 ynfF_2
[18:40:16] Fixed 384 colliding /gene names.
[18:40:16] Adding /locus_tag identifiers
[18:40:17] Assigned 4709 locus_tags to CDS and RNA features.
[18:40:17] Writing outputs to results/prokka/t/
[18:40:26] Generating annotation statistics file
[18:40:26] Generating Genbank and Sequin files
[18:40:26] Running: tbl2asn -V b -a r10k -l paired-ends -M n -N 1 -y 'Annotated using prokka 1.11 from http://www.vicbioinformatics.com' -Z results\/prokka\/t\/t_03142017\.err -i results\/prokka\/t\/t_03142017\.fsa 2> /dev/null
[18:40:38] Could not run command: tbl2asn -V b -a r10k -l paired-ends -M n -N 1 -y 'Annotated using prokka 1.11 from http://www.vicbioinformatics.com' -Z results\/prokka\/t\/t_03142017\.err -i results\/prokka\/t\/t_03142017\.fsa 2> /dev/null
